Params: n= 110
Tactic call reify-regression-cubic ran for 2.053 secs (2.028u,0.024s)
Tactic call abstract-regression-linear ran for 0.009 secs (0.009u,0.s) (success)
Params: n= 120
Tactic call reify-regression-cubic ran for 2.34 secs (2.32u,0.019s)
Tactic call abstract-regression-linear ran for 0.011 secs (0.011u,0.s) (success)
Params: n= 130
Tactic call reify-regression-cubic ran for 2.899 secs (2.89u,0.007s)
Tactic call abstract-regression-linear ran for 0.011 secs (0.011u,0.s) (success)
Params: n= 140
Tactic call reify-regression-cubic ran for 3.45 secs (3.442u,0.008s)
Tactic call abstract-regression-linear ran for 0.012 secs (0.008u,0.003s) (success)
Params: n= 150
Tactic call reify-regression-cubic ran for 4.049 secs (4.021u,0.028s)
Tactic call abstract-regression-linear ran for 0.013 secs (0.013u,0.s) (success)
Params: n= 160
Tactic call reify-regression-cubic ran for 4.836 secs (4.828u,0.007s)
Tactic call abstract-regression-linear ran for 0.013 secs (0.013u,0.s) (success)
Params: n= 170
Tactic call reify-regression-cubic ran for 5.544 secs (5.543u,0.s)
Tactic call abstract-regression-linear ran for 0.015 secs (0.015u,0.s) (success)
Params: n= 180
Tactic call reify-regression-cubic ran for 6.386 secs (6.386u,0.s)
Tactic call abstract-regression-linear ran for 0.016 secs (0.016u,0.s) (success)
Params: n= 190
Tactic call reify-regression-cubic ran for 7.442 secs (7.426u,0.015s)
Tactic call abstract-regression-linear ran for 0.016 secs (0.016u,0.s) (success)
Params: n= 200
Tactic call reify-regression-cubic ran for 8.578 secs (8.565u,0.011s)
Tactic call abstract-regression-linear ran for 0.017 secs (0.017u,0.s) (success)
Params: n= 210
Tactic call reify-regression-cubic ran for 9.882 secs (9.874u,0.007s)
Tactic call abstract-regression-linear ran for 0.018 secs (0.018u,0.s) (success)
Params: n= 220
Tactic call reify-regression-cubic ran for 10.87 secs (10.869u,0.s)
Tactic call abstract-regression-linear ran for 0.018 secs (0.018u,0.s) (success)
Params: n= 230
Tactic call reify-regression-cubic ran for 12.36 secs (12.36u,0.s)
Tactic call abstract-regression-linear ran for 0.019 secs (0.019u,0.s) (success)
Params: n= 240
Tactic call reify-regression-cubic ran for 13.841 secs (13.841u,0.s)
Tactic call abstract-regression-linear ran for 0.021 secs (0.021u,0.s) (success)
Params: n= 250
Tactic call reify-regression-cubic ran for 15.431 secs (15.43u,0.s)
Tactic call abstract-regression-linear ran for 0.022 secs (0.022u,0.s) (success)
Params: n= 260
Tactic call reify-regression-cubic ran for 17.215 secs (17.186u,0.027s)
Tactic call abstract-regression-linear ran for 0.023 secs (0.023u,0.s) (success)
Params: n= 270
Tactic call reify-regression-cubic ran for 19.023 secs (19.022u,0.s)
Tactic call abstract-regression-linear ran for 0.024 secs (0.024u,0.s) (success)
Params: n= 280
Tactic call reify-regression-cubic ran for 21.091 secs (21.082u,0.007s)
Tactic call abstract-regression-linear ran for 0.024 secs (0.024u,0.s) (success)
Params: n= 290
Tactic call reify-regression-cubic ran for 25.225 secs (25.216u,0.007s)
Tactic call abstract-regression-linear ran for 0.024 secs (0.024u,0.s) (success)
Params: n= 300
Tactic call reify-regression-cubic ran for 25.605 secs (25.604u,0.s)
Tactic call abstract-regression-linear ran for 0.026 secs (0.026u,0.s) (success)
Params: n= 350
Tactic call reify-regression-cubic ran for 38.922 secs (38.877u,0.043s)
Tactic call abstract-regression-linear ran for 0.029 secs (0.029u,0.s) (success)
Params: n= 400
Tactic call reify-regression-cubic ran for 56.463 secs (56.45u,0.011s)
Tactic call abstract-regression-linear ran for 0.035 secs (0.035u,0.s) (success)
Params: n= 450
Tactic call reify-regression-cubic ran for 78.877 secs (78.874u,0.s)
Tactic call abstract-regression-linear ran for 0.04 secs (0.04u,0.s) (success)
Params: n= 500
Tactic call reify-regression-cubic ran for 106.94 secs (106.737u,0.199s)
Tactic call abstract-regression-linear ran for 0.085 secs (0.085u,0.s) (success)
