Params: n= 116
native_compute: Conversion to native code done in 0.00143
native_compute: Compilation done in 0.30144
native_compute: Evaluation done in 0.00092
native_compute: Reification done in 0.00029
Tactic call native_compute(1)-regression-quadratic ran for 0.304 secs (0.012u,0.004s) (success)
native_compute: Conversion to native code done in 0.00034
native_compute: Compilation done in 0.07266
native_compute: Evaluation done in 0.00072
native_compute: Reification done in 0.00024
Tactic call native_compute(2)-regression-quadratic ran for 0.074 secs (0.004u,0.s) (success)
Params: n= 229
native_compute: Conversion to native code done in 0.00038
native_compute: Compilation done in 0.07764
native_compute: Evaluation done in 0.00104
native_compute: Reification done in 0.00041
Tactic call native_compute(1)-regression-quadratic ran for 0.079 secs (0.001u,0.004s) (success)
native_compute: Conversion to native code done in 0.00038
native_compute: Compilation done in 0.07153
native_compute: Evaluation done in 0.00121
native_compute: Reification done in 0.00040
Tactic call native_compute(2)-regression-quadratic ran for 0.073 secs (0.001u,0.003s) (success)
Params: n= 343
native_compute: Conversion to native code done in 0.00032
native_compute: Compilation done in 0.07578
native_compute: Evaluation done in 0.00133
native_compute: Reification done in 0.00071
Tactic call native_compute(1)-regression-quadratic ran for 0.078 secs (0.001u,0.003s) (success)
native_compute: Conversion to native code done in 0.00037
native_compute: Compilation done in 0.08270
native_compute: Evaluation done in 0.00155
native_compute: Reification done in 0.00057
Tactic call native_compute(2)-regression-quadratic ran for 0.085 secs (0.004u,0.s) (success)
Params: n= 456
native_compute: Conversion to native code done in 0.00036
native_compute: Compilation done in 0.07393
native_compute: Evaluation done in 0.00186
native_compute: Reification done in 0.00083
Tactic call native_compute(1)-regression-quadratic ran for 0.077 secs (0.006u,0.s) (success)
native_compute: Conversion to native code done in 0.00037
native_compute: Compilation done in 0.07377
native_compute: Evaluation done in 0.00168
native_compute: Reification done in 0.00064
Tactic call native_compute(2)-regression-quadratic ran for 0.076 secs (0.005u,0.s) (success)
Params: n= 570
native_compute: Conversion to native code done in 0.00030
native_compute: Compilation done in 0.07462
native_compute: Evaluation done in 0.00217
native_compute: Reification done in 0.00085
Tactic call native_compute(1)-regression-quadratic ran for 0.078 secs (0.002u,0.003s) (success)
native_compute: Conversion to native code done in 0.00036
native_compute: Compilation done in 0.07840
native_compute: Evaluation done in 0.00287
native_compute: Reification done in 0.00093
Tactic call native_compute(2)-regression-quadratic ran for 0.082 secs (0.006u,0.s) (success)
Params: n= 684
native_compute: Conversion to native code done in 0.00026
native_compute: Compilation done in 0.08970
native_compute: Evaluation done in 0.00413
native_compute: Reification done in 0.00159
Tactic call native_compute(1)-regression-quadratic ran for 0.095 secs (0.008u,0.s) (success)
native_compute: Conversion to native code done in 0.00038
native_compute: Compilation done in 0.07804
native_compute: Evaluation done in 0.00291
native_compute: Reification done in 0.00106
Tactic call native_compute(2)-regression-quadratic ran for 0.082 secs (0.006u,0.s) (success)
Params: n= 797
native_compute: Conversion to native code done in 0.00034
native_compute: Compilation done in 0.07299
native_compute: Evaluation done in 0.00393
native_compute: Reification done in 0.00119
Tactic call native_compute(1)-regression-quadratic ran for 0.078 secs (0.007u,0.s) (success)
native_compute: Conversion to native code done in 0.00035
native_compute: Compilation done in 0.07290
native_compute: Evaluation done in 0.00445
native_compute: Reification done in 0.00115
Tactic call native_compute(2)-regression-quadratic ran for 0.079 secs (0.008u,0.s) (success)
Params: n= 911
native_compute: Conversion to native code done in 0.00033
native_compute: Compilation done in 0.08703
native_compute: Evaluation done in 0.00444
native_compute: Reification done in 0.00124
Tactic call native_compute(1)-regression-quadratic ran for 0.093 secs (0.009u,0.s) (success)
native_compute: Conversion to native code done in 0.00032
native_compute: Compilation done in 0.07705
native_compute: Evaluation done in 0.00430
native_compute: Reification done in 0.00204
Tactic call native_compute(2)-regression-quadratic ran for 0.083 secs (0.007u,0.002s) (success)
Params: n= 1025
native_compute: Conversion to native code done in 0.00038
native_compute: Compilation done in 0.07647
native_compute: Evaluation done in 0.00632
native_compute: Reification done in 0.00162
Tactic call native_compute(1)-regression-quadratic ran for 0.084 secs (0.007u,0.003s) (success)
native_compute: Conversion to native code done in 0.00034
native_compute: Compilation done in 0.07412
native_compute: Evaluation done in 0.00544
native_compute: Reification done in 0.00133
Tactic call native_compute(2)-regression-quadratic ran for 0.081 secs (0.01u,0.s) (success)
Params: n= 1138
native_compute: Conversion to native code done in 0.00029
native_compute: Compilation done in 0.08230
native_compute: Evaluation done in 0.00633
native_compute: Reification done in 0.00180
Tactic call native_compute(1)-regression-quadratic ran for 0.09 secs (0.007u,0.003s) (success)
native_compute: Conversion to native code done in 0.00032
native_compute: Compilation done in 0.07539
native_compute: Evaluation done in 0.00571
native_compute: Reification done in 0.00179
Tactic call native_compute(2)-regression-quadratic ran for 0.083 secs (0.007u,0.003s) (success)
Params: n= 1252
native_compute: Conversion to native code done in 0.00031
native_compute: Compilation done in 0.08117
native_compute: Evaluation done in 0.14622
native_compute: Reification done in 0.00192
Tactic call native_compute(1)-regression-quadratic ran for 0.229 secs (0.139u,0.011s) (success)
native_compute: Conversion to native code done in 0.00096
native_compute: Compilation done in 0.07469
native_compute: Evaluation done in 0.00698
native_compute: Reification done in 0.00185
Tactic call native_compute(2)-regression-quadratic ran for 0.084 secs (0.009u,0.003s) (success)
Params: n= 1365
native_compute: Conversion to native code done in 0.00030
native_compute: Compilation done in 0.07317
native_compute: Evaluation done in 0.01001
native_compute: Reification done in 0.00225
Tactic call native_compute(1)-regression-quadratic ran for 0.085 secs (0.011u,0.003s) (success)
native_compute: Conversion to native code done in 0.00040
native_compute: Compilation done in 0.08131
native_compute: Evaluation done in 0.00972
native_compute: Reification done in 0.00222
Tactic call native_compute(2)-regression-quadratic ran for 0.093 secs (0.015u,0.s) (success)
Params: n= 1479
native_compute: Conversion to native code done in 0.00040
native_compute: Compilation done in 0.07989
native_compute: Evaluation done in 0.01130
native_compute: Reification done in 0.00205
Tactic call native_compute(1)-regression-quadratic ran for 0.093 secs (0.017u,0.s) (success)
native_compute: Conversion to native code done in 0.00035
native_compute: Compilation done in 0.07144
native_compute: Evaluation done in 0.01039
native_compute: Reification done in 0.00223
Tactic call native_compute(2)-regression-quadratic ran for 0.084 secs (0.012u,0.003s) (success)
Params: n= 1593
native_compute: Conversion to native code done in 0.00030
native_compute: Compilation done in 0.07273
native_compute: Evaluation done in 0.01611
native_compute: Reification done in 0.00265
Tactic call native_compute(1)-regression-quadratic ran for 0.092 secs (0.021u,0.s) (success)
native_compute: Conversion to native code done in 0.00045
native_compute: Compilation done in 0.08616
native_compute: Evaluation done in 0.01251
native_compute: Reification done in 0.00209
Tactic call native_compute(2)-regression-quadratic ran for 0.101 secs (0.018u,0.s) (success)
Params: n= 1706
native_compute: Conversion to native code done in 0.00030
native_compute: Compilation done in 0.07065
native_compute: Evaluation done in 0.01266
native_compute: Reification done in 0.00237
Tactic call native_compute(1)-regression-quadratic ran for 0.086 secs (0.014u,0.003s) (success)
native_compute: Conversion to native code done in 0.00043
native_compute: Compilation done in 0.07870
native_compute: Evaluation done in 0.01383
native_compute: Reification done in 0.00232
Tactic call native_compute(2)-regression-quadratic ran for 0.095 secs (0.016u,0.004s) (success)
Params: n= 1820
native_compute: Conversion to native code done in 0.00030
native_compute: Compilation done in 0.07129
native_compute: Evaluation done in 0.01562
native_compute: Reification done in 0.00221
Tactic call native_compute(1)-regression-quadratic ran for 0.089 secs (0.017u,0.003s) (success)
native_compute: Conversion to native code done in 0.00068
native_compute: Compilation done in 0.07959
native_compute: Evaluation done in 0.05849
native_compute: Reification done in 0.00262
Tactic call native_compute(2)-regression-quadratic ran for 0.141 secs (0.061u,0.003s) (success)
Params: n= 1933
native_compute: Conversion to native code done in 0.00032
native_compute: Compilation done in 0.07772
native_compute: Evaluation done in 0.01601
native_compute: Reification done in 0.00272
Tactic call native_compute(1)-regression-quadratic ran for 0.097 secs (0.018u,0.004s) (success)
native_compute: Conversion to native code done in 0.00032
native_compute: Compilation done in 0.07428
native_compute: Evaluation done in 0.01799
native_compute: Reification done in 0.00274
Tactic call native_compute(2)-regression-quadratic ran for 0.095 secs (0.024u,0.s) (success)
Params: n= 2047
native_compute: Conversion to native code done in 0.00046
native_compute: Compilation done in 0.07508
native_compute: Evaluation done in 0.02341
native_compute: Reification done in 0.00295
Tactic call native_compute(1)-regression-quadratic ran for 0.102 secs (0.026u,0.003s) (success)
native_compute: Conversion to native code done in 0.00040
native_compute: Compilation done in 0.08041
native_compute: Evaluation done in 0.02007
native_compute: Reification done in 0.00288
Tactic call native_compute(2)-regression-quadratic ran for 0.104 secs (0.022u,0.003s) (success)
Params: n= 2161
native_compute: Conversion to native code done in 0.00068
native_compute: Compilation done in 0.07592
native_compute: Evaluation done in 0.02178
native_compute: Reification done in 0.00272
Tactic call native_compute(1)-regression-quadratic ran for 0.101 secs (0.024u,0.004s) (success)
native_compute: Conversion to native code done in 0.00032
native_compute: Compilation done in 0.07633
native_compute: Evaluation done in 0.02444
native_compute: Reification done in 0.00329
Tactic call native_compute(2)-regression-quadratic ran for 0.104 secs (0.027u,0.003s) (success)
Params: n= 2274
native_compute: Conversion to native code done in 0.00044
native_compute: Compilation done in 0.07901
native_compute: Evaluation done in 0.02658
native_compute: Reification done in 0.00312
Tactic call native_compute(1)-regression-quadratic ran for 0.109 secs (0.03u,0.003s) (success)
native_compute: Conversion to native code done in 0.00036
native_compute: Compilation done in 0.07341
native_compute: Evaluation done in 0.02428
native_compute: Reification done in 0.00313
Tactic call native_compute(2)-regression-quadratic ran for 0.101 secs (0.027u,0.003s) (success)
Params: n= 2388
native_compute: Conversion to native code done in 0.00039
native_compute: Compilation done in 0.07325
native_compute: Evaluation done in 0.02829
native_compute: Reification done in 0.00296
Tactic call native_compute(1)-regression-quadratic ran for 0.105 secs (0.034u,0.s) (success)
native_compute: Conversion to native code done in 0.00038
native_compute: Compilation done in 0.07592
native_compute: Evaluation done in 0.02697
native_compute: Reification done in 0.00331
Tactic call native_compute(2)-regression-quadratic ran for 0.106 secs (0.029u,0.004s) (success)
Params: n= 2502
native_compute: Conversion to native code done in 0.00034
native_compute: Compilation done in 0.07487
native_compute: Evaluation done in 0.02842
native_compute: Reification done in 0.00336
Tactic call native_compute(1)-regression-quadratic ran for 0.107 secs (0.032u,0.003s) (success)
native_compute: Conversion to native code done in 0.00063
native_compute: Compilation done in 0.07855
native_compute: Evaluation done in 0.05608
native_compute: Reification done in 0.00324
Tactic call native_compute(2)-regression-quadratic ran for 0.138 secs (0.059u,0.003s) (success)
Params: n= 2615
native_compute: Conversion to native code done in 0.00031
native_compute: Compilation done in 0.07897
native_compute: Evaluation done in 0.03046
native_compute: Reification done in 0.00334
Tactic call native_compute(1)-regression-quadratic ran for 0.113 secs (0.033u,0.003s) (success)
native_compute: Conversion to native code done in 0.00033
native_compute: Compilation done in 0.07673
native_compute: Evaluation done in 0.03695
native_compute: Reification done in 0.00373
Tactic call native_compute(2)-regression-quadratic ran for 0.118 secs (0.041u,0.003s) (success)
Params: n= 2729
native_compute: Conversion to native code done in 0.00044
native_compute: Compilation done in 0.07503
native_compute: Evaluation done in 0.03460
native_compute: Reification done in 0.00505
Tactic call native_compute(1)-regression-quadratic ran for 0.115 secs (0.04u,0.004s) (success)
native_compute: Conversion to native code done in 0.00052
native_compute: Compilation done in 0.07443
native_compute: Evaluation done in 0.06613
native_compute: Reification done in 0.00422
Tactic call native_compute(2)-regression-quadratic ran for 0.145 secs (0.066u,0.008s) (success)
Params: n= 2842
native_compute: Conversion to native code done in 0.00044
native_compute: Compilation done in 0.08027
native_compute: Evaluation done in 0.03435
native_compute: Reification done in 0.00418
Tactic call native_compute(1)-regression-quadratic ran for 0.119 secs (0.039u,0.003s) (success)
native_compute: Conversion to native code done in 0.00039
native_compute: Compilation done in 0.08937
native_compute: Evaluation done in 0.03983
native_compute: Reification done in 0.00428
Tactic call native_compute(2)-regression-quadratic ran for 0.134 secs (0.047u,0.s) (success)
Params: n= 2956
native_compute: Conversion to native code done in 0.00047
native_compute: Compilation done in 0.07943
native_compute: Evaluation done in 0.04140
native_compute: Reification done in 0.00539
Tactic call native_compute(1)-regression-quadratic ran for 0.126 secs (0.05u,0.s) (success)
native_compute: Conversion to native code done in 0.00039
native_compute: Compilation done in 0.07602
native_compute: Evaluation done in 0.03732
native_compute: Reification done in 0.00388
Tactic call native_compute(2)-regression-quadratic ran for 0.117 secs (0.045u,0.s) (success)
Params: n= 3070
native_compute: Conversion to native code done in 0.00043
native_compute: Compilation done in 0.08043
native_compute: Evaluation done in 0.16779
native_compute: Reification done in 0.00392
Tactic call native_compute(1)-regression-quadratic ran for 0.252 secs (0.164u,0.011s) (success)
native_compute: Conversion to native code done in 0.00052
native_compute: Compilation done in 0.07726
native_compute: Evaluation done in 0.04408
native_compute: Reification done in 0.00478
Tactic call native_compute(2)-regression-quadratic ran for 0.126 secs (0.053u,0.s) (success)
Params: n= 3183
native_compute: Conversion to native code done in 0.00036
native_compute: Compilation done in 0.08057
native_compute: Evaluation done in 0.05149
native_compute: Reification done in 0.00389
Tactic call native_compute(1)-regression-quadratic ran for 0.136 secs (0.054u,0.004s) (success)
native_compute: Conversion to native code done in 0.00047
native_compute: Compilation done in 0.07981
native_compute: Evaluation done in 0.10363
native_compute: Reification done in 0.00412
Tactic call native_compute(2)-regression-quadratic ran for 0.188 secs (0.107u,0.003s) (success)
Params: n= 3297
native_compute: Conversion to native code done in 0.00030
native_compute: Compilation done in 0.07578
native_compute: Evaluation done in 0.04836
native_compute: Reification done in 0.00398
Tactic call native_compute(1)-regression-quadratic ran for 0.128 secs (0.052u,0.004s) (success)
native_compute: Conversion to native code done in 0.00032
native_compute: Compilation done in 0.07160
native_compute: Evaluation done in 0.05854
native_compute: Reification done in 0.00435
Tactic call native_compute(2)-regression-quadratic ran for 0.135 secs (0.062u,0.003s) (success)
Params: n= 3410
native_compute: Conversion to native code done in 0.00046
native_compute: Compilation done in 0.08029
native_compute: Evaluation done in 0.05123
native_compute: Reification done in 0.00474
Tactic call native_compute(1)-regression-quadratic ran for 0.136 secs (0.059u,0.s) (success)
native_compute: Conversion to native code done in 0.00040
native_compute: Compilation done in 0.07844
native_compute: Evaluation done in 0.05957
native_compute: Reification done in 0.00487
Tactic call native_compute(2)-regression-quadratic ran for 0.143 secs (0.064u,0.003s) (success)
Params: n= 3524
native_compute: Conversion to native code done in 0.00034
native_compute: Compilation done in 0.07607
native_compute: Evaluation done in 0.05563
native_compute: Reification done in 0.00450
Tactic call native_compute(1)-regression-quadratic ran for 0.136 secs (0.06u,0.004s) (success)
native_compute: Conversion to native code done in 0.00037
native_compute: Compilation done in 0.07177
native_compute: Evaluation done in 0.07096
native_compute: Reification done in 0.00476
Tactic call native_compute(2)-regression-quadratic ran for 0.148 secs (0.075u,0.003s) (success)
Params: n= 3638
native_compute: Conversion to native code done in 0.00032
native_compute: Compilation done in 0.07680
native_compute: Evaluation done in 0.06097
native_compute: Reification done in 0.00509
Tactic call native_compute(1)-regression-quadratic ran for 0.143 secs (0.069u,0.s) (success)
native_compute: Conversion to native code done in 0.00036
native_compute: Compilation done in 0.09739
native_compute: Evaluation done in 0.06633
native_compute: Reification done in 0.00457
Tactic call native_compute(2)-regression-quadratic ran for 0.168 secs (0.074u,0.s) (success)
Params: n= 3751
native_compute: Conversion to native code done in 0.00034
native_compute: Compilation done in 0.08120
native_compute: Evaluation done in 0.06318
native_compute: Reification done in 0.00470
Tactic call native_compute(1)-regression-quadratic ran for 0.149 secs (0.067u,0.003s) (success)
native_compute: Conversion to native code done in 0.00042
native_compute: Compilation done in 0.07513
native_compute: Evaluation done in 0.06023
native_compute: Reification done in 0.00405
Tactic call native_compute(2)-regression-quadratic ran for 0.14 secs (0.064u,0.004s) (success)
Params: n= 3865
native_compute: Conversion to native code done in 0.00036
native_compute: Compilation done in 0.08077
native_compute: Evaluation done in 0.06989
native_compute: Reification done in 0.00975
Tactic call native_compute(1)-regression-quadratic ran for 0.161 secs (0.08u,0.003s) (success)
native_compute: Conversion to native code done in 0.00037
native_compute: Compilation done in 0.07696
native_compute: Evaluation done in 0.07298
native_compute: Reification done in 0.00543
Tactic call native_compute(2)-regression-quadratic ran for 0.155 secs (0.078u,0.003s) (success)
Params: n= 3979
native_compute: Conversion to native code done in 0.00038
native_compute: Compilation done in 0.07447
native_compute: Evaluation done in 0.07142
native_compute: Reification done in 0.00485
Tactic call native_compute(1)-regression-quadratic ran for 0.151 secs (0.076u,0.004s) (success)
native_compute: Conversion to native code done in 0.00031
native_compute: Compilation done in 0.07813
native_compute: Evaluation done in 0.06756
native_compute: Reification done in 0.00634
Tactic call native_compute(2)-regression-quadratic ran for 0.152 secs (0.077u,0.s) (success)
Params: n= 4092
native_compute: Conversion to native code done in 0.00031
native_compute: Compilation done in 0.07600
native_compute: Evaluation done in 0.06987
native_compute: Reification done in 0.00531
Tactic call native_compute(1)-regression-quadratic ran for 0.151 secs (0.075u,0.003s) (success)
native_compute: Conversion to native code done in 0.00042
native_compute: Compilation done in 0.07725
native_compute: Evaluation done in 0.07187
native_compute: Reification done in 0.00551
Tactic call native_compute(2)-regression-quadratic ran for 0.155 secs (0.077u,0.003s) (success)
Params: n= 4206
native_compute: Conversion to native code done in 0.00032
native_compute: Compilation done in 0.07729
native_compute: Evaluation done in 0.07677
native_compute: Reification done in 0.00493
Tactic call native_compute(1)-regression-quadratic ran for 0.159 secs (0.081u,0.003s) (success)
native_compute: Conversion to native code done in 0.00037
native_compute: Compilation done in 0.07682
native_compute: Evaluation done in 0.08176
native_compute: Reification done in 0.00541
Tactic call native_compute(2)-regression-quadratic ran for 0.164 secs (0.086u,0.003s) (success)
Params: n= 4319
native_compute: Conversion to native code done in 0.00033
native_compute: Compilation done in 0.07450
native_compute: Evaluation done in 0.08380
native_compute: Reification done in 0.00571
Tactic call native_compute(1)-regression-quadratic ran for 0.164 secs (0.089u,0.003s) (success)
native_compute: Conversion to native code done in 0.00039
native_compute: Compilation done in 0.07680
native_compute: Evaluation done in 0.08438
native_compute: Reification done in 0.00557
Tactic call native_compute(2)-regression-quadratic ran for 0.167 secs (0.093u,0.s) (success)
Params: n= 4433
native_compute: Conversion to native code done in 0.00034
native_compute: Compilation done in 0.08185
native_compute: Evaluation done in 0.09267
native_compute: Reification done in 0.00571
Tactic call native_compute(1)-regression-quadratic ran for 0.18 secs (0.094u,0.007s) (success)
native_compute: Conversion to native code done in 0.00047
native_compute: Compilation done in 0.07509
native_compute: Evaluation done in 0.09162
native_compute: Reification done in 0.00629
Tactic call native_compute(2)-regression-quadratic ran for 0.173 secs (0.097u,0.004s) (success)
Params: n= 4547
native_compute: Conversion to native code done in 0.00030
native_compute: Compilation done in 0.07856
native_compute: Evaluation done in 0.09397
native_compute: Reification done in 0.00515
Tactic call native_compute(1)-regression-quadratic ran for 0.178 secs (0.094u,0.008s) (success)
native_compute: Conversion to native code done in 0.00048
native_compute: Compilation done in 0.07746
native_compute: Evaluation done in 0.09280
native_compute: Reification done in 0.00606
Tactic call native_compute(2)-regression-quadratic ran for 0.177 secs (0.102u,0.s) (success)
Params: n= 4660
native_compute: Conversion to native code done in 0.00042
native_compute: Compilation done in 0.07826
native_compute: Evaluation done in 0.09721
native_compute: Reification done in 0.00704
Tactic call native_compute(1)-regression-quadratic ran for 0.183 secs (0.103u,0.007s) (success)
native_compute: Conversion to native code done in 0.00034
native_compute: Compilation done in 0.08034
native_compute: Evaluation done in 0.09105
native_compute: Reification done in 0.00603
Tactic call native_compute(2)-regression-quadratic ran for 0.177 secs (0.096u,0.004s) (success)
Params: n= 4774
native_compute: Conversion to native code done in 0.00034
native_compute: Compilation done in 0.07622
native_compute: Evaluation done in 0.10424
native_compute: Reification done in 0.00660
Tactic call native_compute(1)-regression-quadratic ran for 0.187 secs (0.111u,0.003s) (success)
native_compute: Conversion to native code done in 0.00034
native_compute: Compilation done in 0.07477
native_compute: Evaluation done in 0.09888
native_compute: Reification done in 0.00594
Tactic call native_compute(2)-regression-quadratic ran for 0.18 secs (0.1u,0.007s) (success)
Params: n= 4887
native_compute: Conversion to native code done in 0.00032
native_compute: Compilation done in 0.07812
native_compute: Evaluation done in 0.10734
native_compute: Reification done in 0.00637
Tactic call native_compute(1)-regression-quadratic ran for 0.192 secs (0.113u,0.004s) (success)
native_compute: Conversion to native code done in 0.00034
native_compute: Compilation done in 0.07260
native_compute: Evaluation done in 0.10743
native_compute: Reification done in 0.00696
Tactic call native_compute(2)-regression-quadratic ran for 0.187 secs (0.114u,0.003s) (success)
Params: n= 5001
native_compute: Conversion to native code done in 0.00032
native_compute: Compilation done in 0.07599
native_compute: Evaluation done in 0.10924
native_compute: Reification done in 0.00592
Tactic call native_compute(1)-regression-quadratic ran for 0.191 secs (0.115u,0.003s) (success)
native_compute: Conversion to native code done in 0.00034
native_compute: Compilation done in 0.07680
native_compute: Evaluation done in 0.11279
native_compute: Reification done in 0.00592
Tactic call native_compute(2)-regression-quadratic ran for 0.196 secs (0.117u,0.004s) (success)
Params: n= 5115
native_compute: Conversion to native code done in 0.00036
native_compute: Compilation done in 0.07826
native_compute: Evaluation done in 0.10778
native_compute: Reification done in 0.00748
Tactic call native_compute(1)-regression-quadratic ran for 0.194 secs (0.115u,0.003s) (success)
native_compute: Conversion to native code done in 0.00047
native_compute: Compilation done in 0.07394
native_compute: Evaluation done in 0.11533
native_compute: Reification done in 0.00676
Tactic call native_compute(2)-regression-quadratic ran for 0.196 secs (0.122u,0.003s) (success)
Params: n= 5228
native_compute: Conversion to native code done in 0.00043
native_compute: Compilation done in 0.07388
native_compute: Evaluation done in 0.12640
native_compute: Reification done in 0.00670
Tactic call native_compute(1)-regression-quadratic ran for 0.207 secs (0.125u,0.011s) (success)
native_compute: Conversion to native code done in 0.00035
native_compute: Compilation done in 0.08082
native_compute: Evaluation done in 0.12951
native_compute: Reification done in 0.00695
Tactic call native_compute(2)-regression-quadratic ran for 0.217 secs (0.136u,0.004s) (success)
Params: n= 5342
native_compute: Conversion to native code done in 0.00040
native_compute: Compilation done in 0.07597
native_compute: Evaluation done in 0.13340
native_compute: Reification done in 0.00659
Tactic call native_compute(1)-regression-quadratic ran for 0.216 secs (0.136u,0.007s) (success)
native_compute: Conversion to native code done in 0.00033
native_compute: Compilation done in 0.07824
native_compute: Evaluation done in 0.13681
native_compute: Reification done in 0.00635
Tactic call native_compute(2)-regression-quadratic ran for 0.221 secs (0.135u,0.011s) (success)
Params: n= 5456
native_compute: Conversion to native code done in 0.00031
native_compute: Compilation done in 0.07800
native_compute: Evaluation done in 0.13566
native_compute: Reification done in 0.00652
Tactic call native_compute(1)-regression-quadratic ran for 0.22 secs (0.142u,0.003s) (success)
native_compute: Conversion to native code done in 0.00037
native_compute: Compilation done in 0.07790
native_compute: Evaluation done in 0.14500
native_compute: Reification done in 0.00758
Tactic call native_compute(2)-regression-quadratic ran for 0.231 secs (0.148u,0.008s) (success)
Params: n= 5569
native_compute: Conversion to native code done in 0.00033
native_compute: Compilation done in 0.08582
native_compute: Evaluation done in 0.14482
native_compute: Reification done in 0.00686
Tactic call native_compute(1)-regression-quadratic ran for 0.238 secs (0.151u,0.003s) (success)
native_compute: Conversion to native code done in 0.00042
native_compute: Compilation done in 0.07472
native_compute: Evaluation done in 0.14739
native_compute: Reification done in 0.00687
Tactic call native_compute(2)-regression-quadratic ran for 0.229 secs (0.146u,0.011s) (success)
Params: n= 5683
native_compute: Conversion to native code done in 0.00038
native_compute: Compilation done in 0.08423
native_compute: Evaluation done in 0.16006
native_compute: Reification done in 0.00785
Tactic call native_compute(1)-regression-quadratic ran for 0.252 secs (0.171u,0.s) (success)
native_compute: Conversion to native code done in 0.00045
native_compute: Compilation done in 0.07998
native_compute: Evaluation done in 0.15624
native_compute: Reification done in 0.00727
Tactic call native_compute(2)-regression-quadratic ran for 0.244 secs (0.163u,0.003s) (success)
Params: n= 5796
native_compute: Conversion to native code done in 0.00032
native_compute: Compilation done in 0.07892
native_compute: Evaluation done in 0.16866
native_compute: Reification done in 0.00776
Tactic call native_compute(1)-regression-quadratic ran for 0.255 secs (0.175u,0.004s) (success)
native_compute: Conversion to native code done in 0.00045
native_compute: Compilation done in 0.08760
native_compute: Evaluation done in 0.15852
native_compute: Reification done in 0.00742
Tactic call native_compute(2)-regression-quadratic ran for 0.254 secs (0.166u,0.003s) (success)
Params: n= 5910
native_compute: Conversion to native code done in 0.00030
native_compute: Compilation done in 0.07918
native_compute: Evaluation done in 0.15995
native_compute: Reification done in 0.00734
Tactic call native_compute(1)-regression-quadratic ran for 0.246 secs (0.167u,0.003s) (success)
native_compute: Conversion to native code done in 0.00032
native_compute: Compilation done in 0.07797
native_compute: Evaluation done in 0.15758
native_compute: Reification done in 0.00715
Tactic call native_compute(2)-regression-quadratic ran for 0.243 secs (0.16u,0.007s) (success)
Params: n= 6221
native_compute: Conversion to native code done in 0.00041
native_compute: Compilation done in 0.07600
native_compute: Evaluation done in 0.18313
native_compute: Reification done in 0.01109
Tactic call native_compute(1)-regression-quadratic ran for 0.27 secs (0.194u,0.003s) (success)
native_compute: Conversion to native code done in 0.00033
native_compute: Compilation done in 0.07480
native_compute: Evaluation done in 0.18066
native_compute: Reification done in 0.00785
Tactic call native_compute(2)-regression-quadratic ran for 0.263 secs (0.184u,0.008s) (success)
Params: n= 6532
native_compute: Conversion to native code done in 0.00031
native_compute: Compilation done in 0.07958
native_compute: Evaluation done in 0.18172
native_compute: Reification done in 0.00825
Tactic call native_compute(1)-regression-quadratic ran for 0.27 secs (0.186u,0.007s) (success)
native_compute: Conversion to native code done in 0.00032
native_compute: Compilation done in 0.07990
native_compute: Evaluation done in 0.19274
native_compute: Reification done in 0.00831
Tactic call native_compute(2)-regression-quadratic ran for 0.281 secs (0.2u,0.004s) (success)
Params: n= 6843
native_compute: Conversion to native code done in 0.00032
native_compute: Compilation done in 0.07592
native_compute: Evaluation done in 0.21089
native_compute: Reification done in 0.00840
Tactic call native_compute(1)-regression-quadratic ran for 0.295 secs (0.215u,0.007s) (success)
native_compute: Conversion to native code done in 0.00033
native_compute: Compilation done in 0.08483
native_compute: Evaluation done in 0.21337
native_compute: Reification done in 0.00863
Tactic call native_compute(2)-regression-quadratic ran for 0.307 secs (0.225u,0.s) (success)
Params: n= 7154
native_compute: Conversion to native code done in 0.00029
native_compute: Compilation done in 0.07460
native_compute: Evaluation done in 0.22457
native_compute: Reification done in 0.00854
Tactic call native_compute(1)-regression-quadratic ran for 0.308 secs (0.232u,0.003s) (success)
native_compute: Conversion to native code done in 0.00040
native_compute: Compilation done in 0.07395
native_compute: Evaluation done in 0.23630
native_compute: Reification done in 0.01061
Tactic call native_compute(2)-regression-quadratic ran for 0.321 secs (0.243u,0.007s) (success)
Params: n= 7465
native_compute: Conversion to native code done in 0.00046
native_compute: Compilation done in 0.08497
native_compute: Evaluation done in 0.24266
native_compute: Reification done in 0.01169
Tactic call native_compute(1)-regression-quadratic ran for 0.34 secs (0.251u,0.007s) (success)
native_compute: Conversion to native code done in 0.00047
native_compute: Compilation done in 0.08111
native_compute: Evaluation done in 0.26287
native_compute: Reification done in 0.00933
Tactic call native_compute(2)-regression-quadratic ran for 0.354 secs (0.276u,0.s) (success)
Params: n= 7776
native_compute: Conversion to native code done in 0.00035
native_compute: Compilation done in 0.08635
native_compute: Evaluation done in 0.26107
native_compute: Reification done in 0.01870
Tactic call native_compute(1)-regression-quadratic ran for 0.366 secs (0.283u,0.s) (success)
native_compute: Conversion to native code done in 0.00035
native_compute: Compilation done in 0.07913
native_compute: Evaluation done in 0.29539
native_compute: Reification done in 0.01380
Tactic call native_compute(2)-regression-quadratic ran for 0.388 secs (0.305u,0.008s) (success)
Params: n= 8087
native_compute: Conversion to native code done in 0.00037
native_compute: Compilation done in 0.07459
native_compute: Evaluation done in 0.31202
native_compute: Reification done in 0.00997
Tactic call native_compute(1)-regression-quadratic ran for 0.397 secs (0.322u,0.003s) (success)
native_compute: Conversion to native code done in 0.00032
native_compute: Compilation done in 0.08120
native_compute: Evaluation done in 0.29616
native_compute: Reification done in 0.01236
Tactic call native_compute(2)-regression-quadratic ran for 0.39 secs (0.308u,0.004s) (success)
Params: n= 8398
native_compute: Conversion to native code done in 0.00032
native_compute: Compilation done in 0.08577
native_compute: Evaluation done in 0.30283
native_compute: Reification done in 0.01028
Tactic call native_compute(1)-regression-quadratic ran for 0.399 secs (0.309u,0.007s) (success)
native_compute: Conversion to native code done in 0.00045
native_compute: Compilation done in 0.08054
native_compute: Evaluation done in 0.30905
native_compute: Reification done in 0.01336
Tactic call native_compute(2)-regression-quadratic ran for 0.403 secs (0.322u,0.003s) (success)
Params: n= 8709
native_compute: Conversion to native code done in 0.00031
native_compute: Compilation done in 0.07585
native_compute: Evaluation done in 0.33382
native_compute: Reification done in 0.01068
Tactic call native_compute(1)-regression-quadratic ran for 0.42 secs (0.344u,0.004s) (success)
native_compute: Conversion to native code done in 0.00043
native_compute: Compilation done in 0.07715
native_compute: Evaluation done in 0.33884
native_compute: Reification done in 0.01045
Tactic call native_compute(2)-regression-quadratic ran for 0.427 secs (0.349u,0.004s) (success)
Params: n= 9019
native_compute: Conversion to native code done in 0.00030
native_compute: Compilation done in 0.07969
native_compute: Evaluation done in 0.36400
native_compute: Reification done in 0.01195
Tactic call native_compute(1)-regression-quadratic ran for 0.456 secs (0.376u,0.003s) (success)
native_compute: Conversion to native code done in 0.00037
native_compute: Compilation done in 0.08601
native_compute: Evaluation done in 0.37794
native_compute: Reification done in 0.01080
Tactic call native_compute(2)-regression-quadratic ran for 0.475 secs (0.386u,0.007s) (success)
Params: n= 9330
native_compute: Conversion to native code done in 0.00043
native_compute: Compilation done in 0.07778
native_compute: Evaluation done in 0.38529
native_compute: Reification done in 0.01156
Tactic call native_compute(1)-regression-quadratic ran for 0.475 secs (0.393u,0.007s) (success)
native_compute: Conversion to native code done in 0.00036
native_compute: Compilation done in 0.08829
native_compute: Evaluation done in 0.38766
native_compute: Reification done in 0.01267
Tactic call native_compute(2)-regression-quadratic ran for 0.489 secs (0.396u,0.008s) (success)
Params: n= 9641
native_compute: Conversion to native code done in 0.00034
native_compute: Compilation done in 0.08338
native_compute: Evaluation done in 0.40958
native_compute: Reification done in 0.01408
Tactic call native_compute(1)-regression-quadratic ran for 0.507 secs (0.415u,0.011s) (success)
native_compute: Conversion to native code done in 0.00037
native_compute: Compilation done in 0.08993
native_compute: Evaluation done in 0.40946
native_compute: Reification done in 0.01165
Tactic call native_compute(2)-regression-quadratic ran for 0.511 secs (0.425u,0.s) (success)
Params: n= 9952
native_compute: Conversion to native code done in 0.00036
native_compute: Compilation done in 0.08495
native_compute: Evaluation done in 0.44418
native_compute: Reification done in 0.01343
Tactic call native_compute(1)-regression-quadratic ran for 0.543 secs (0.457u,0.004s) (success)
native_compute: Conversion to native code done in 0.00037
native_compute: Compilation done in 0.08126
native_compute: Evaluation done in 0.44158
native_compute: Reification done in 0.01260
Tactic call native_compute(2)-regression-quadratic ran for 0.536 secs (0.45u,0.007s) (success)
Params: n= 10263
native_compute: Conversion to native code done in 0.00033
native_compute: Compilation done in 0.08443
native_compute: Evaluation done in 0.45397
native_compute: Reification done in 0.01441
Tactic call native_compute(1)-regression-quadratic ran for 0.553 secs (0.464u,0.007s) (success)
native_compute: Conversion to native code done in 0.00035
native_compute: Compilation done in 0.07907
native_compute: Evaluation done in 0.51225
native_compute: Reification done in 0.02727
Tactic call native_compute(2)-regression-quadratic ran for 0.619 secs (0.535u,0.008s) (success)
Params: n= 10574
native_compute: Conversion to native code done in 0.00040
native_compute: Compilation done in 0.08248
native_compute: Evaluation done in 0.49587
native_compute: Reification done in 0.01224
Tactic call native_compute(1)-regression-quadratic ran for 0.591 secs (0.512u,0.s) (success)
native_compute: Conversion to native code done in 0.00034
native_compute: Compilation done in 0.08032
native_compute: Evaluation done in 0.50416
native_compute: Reification done in 0.01382
Tactic call native_compute(2)-regression-quadratic ran for 0.598 secs (0.514u,0.007s) (success)
Params: n= 10885
native_compute: Conversion to native code done in 0.00030
native_compute: Compilation done in 0.07926
native_compute: Evaluation done in 0.51175
native_compute: Reification done in 0.01250
Tactic call native_compute(1)-regression-quadratic ran for 0.604 secs (0.512u,0.016s) (success)
native_compute: Conversion to native code done in 0.00032
native_compute: Compilation done in 0.08321
native_compute: Evaluation done in 0.52808
native_compute: Reification done in 0.01302
Tactic call native_compute(2)-regression-quadratic ran for 0.624 secs (0.533u,0.011s) (success)
Params: n= 11196
native_compute: Conversion to native code done in 0.00031
native_compute: Compilation done in 0.08472
native_compute: Evaluation done in 0.55258
native_compute: Reification done in 0.02425
Tactic call native_compute(1)-regression-quadratic ran for 0.662 secs (0.572u,0.008s) (success)
native_compute: Conversion to native code done in 0.00040
native_compute: Compilation done in 0.07713
native_compute: Evaluation done in 0.57551
native_compute: Reification done in 0.01330
Tactic call native_compute(2)-regression-quadratic ran for 0.666 secs (0.592u,0.s) (success)
Params: n= 11507
native_compute: Conversion to native code done in 0.00035
native_compute: Compilation done in 0.08482
native_compute: Evaluation done in 0.57640
native_compute: Reification done in 0.01349
Tactic call native_compute(1)-regression-quadratic ran for 0.675 secs (0.59u,0.003s) (success)
native_compute: Conversion to native code done in 0.00033
native_compute: Compilation done in 0.07925
native_compute: Evaluation done in 0.60697
native_compute: Reification done in 0.01501
Tactic call native_compute(2)-regression-quadratic ran for 0.701 secs (0.626u,0.s) (success)
Params: n= 11818
native_compute: Conversion to native code done in 0.00034
native_compute: Compilation done in 0.09318
native_compute: Evaluation done in 0.61531
native_compute: Reification done in 0.01401
Tactic call native_compute(1)-regression-quadratic ran for 0.723 secs (0.629u,0.004s) (success)
native_compute: Conversion to native code done in 0.00033
native_compute: Compilation done in 0.07617
native_compute: Evaluation done in 0.62341
native_compute: Reification done in 0.01585
Tactic call native_compute(2)-regression-quadratic ran for 0.716 secs (0.639u,0.003s) (success)
Params: n= 13000
native_compute: Conversion to native code done in 0.00033
native_compute: Compilation done in 0.08902
native_compute: Evaluation done in 0.72745
native_compute: Reification done in 0.01880
Tactic call native_compute(1)-regression-quadratic ran for 0.835 secs (0.742u,0.007s) (success)
native_compute: Conversion to native code done in 0.00037
native_compute: Compilation done in 0.08637
native_compute: Evaluation done in 0.73543
native_compute: Reification done in 0.01611
Tactic call native_compute(2)-regression-quadratic ran for 0.838 secs (0.748u,0.007s) (success)
Params: n= 14181
native_compute: Conversion to native code done in 0.00033
native_compute: Compilation done in 0.09496
native_compute: Evaluation done in 0.86516
native_compute: Reification done in 0.01794
Tactic call native_compute(1)-regression-quadratic ran for 0.978 secs (0.879u,0.008s) (success)
native_compute: Conversion to native code done in 0.00036
native_compute: Compilation done in 0.08032
native_compute: Evaluation done in 0.88767
native_compute: Reification done in 0.01773
Tactic call native_compute(2)-regression-quadratic ran for 0.986 secs (0.885u,0.024s) (success)
Params: n= 15363
native_compute: Conversion to native code done in 0.00038
native_compute: Compilation done in 0.08046
native_compute: Evaluation done in 0.98191
native_compute: Reification done in 0.02423
Tactic call native_compute(1)-regression-quadratic ran for 1.087 secs (0.999u,0.011s) (success)
native_compute: Conversion to native code done in 0.00035
native_compute: Compilation done in 0.07758
native_compute: Evaluation done in 1.01068
native_compute: Reification done in 0.01761
Tactic call native_compute(2)-regression-quadratic ran for 1.106 secs (1.028u,0.003s) (success)
Params: n= 16544
native_compute: Conversion to native code done in 0.00037
native_compute: Compilation done in 0.08413
native_compute: Evaluation done in 1.16958
native_compute: Reification done in 0.02132
Tactic call native_compute(1)-regression-quadratic ran for 1.275 secs (1.191u,0.004s) (success)
native_compute: Conversion to native code done in 0.00037
native_compute: Compilation done in 0.08296
native_compute: Evaluation done in 1.15441
native_compute: Reification done in 0.02051
Tactic call native_compute(2)-regression-quadratic ran for 1.258 secs (1.176u,0.003s) (success)
Params: n= 17726
native_compute: Conversion to native code done in 0.00031
native_compute: Compilation done in 0.07932
native_compute: Evaluation done in 1.37815
native_compute: Reification done in 0.02205
Tactic call native_compute(1)-regression-quadratic ran for 1.48 secs (1.396u,0.008s) (success)
native_compute: Conversion to native code done in 0.00036
native_compute: Compilation done in 0.07668
native_compute: Evaluation done in 1.35552
native_compute: Reification done in 0.02211
Tactic call native_compute(2)-regression-quadratic ran for 1.454 secs (1.381u,0.s) (success)
Params: n= 18908
native_compute: Conversion to native code done in 0.00035
native_compute: Compilation done in 0.09234
native_compute: Evaluation done in 1.53766
native_compute: Reification done in 0.02790
Tactic call native_compute(1)-regression-quadratic ran for 1.658 secs (1.551u,0.016s) (success)
native_compute: Conversion to native code done in 0.00042
native_compute: Compilation done in 0.08054
native_compute: Evaluation done in 1.55445
native_compute: Reification done in 0.03293
Tactic call native_compute(2)-regression-quadratic ran for 1.668 secs (1.588u,0.004s) (success)
Params: n= 20089
native_compute: Conversion to native code done in 0.00033
native_compute: Compilation done in 0.08010
native_compute: Evaluation done in 1.72827
native_compute: Reification done in 0.02488
Tactic call native_compute(1)-regression-quadratic ran for 1.833 secs (1.753u,0.003s) (success)
native_compute: Conversion to native code done in 0.00035
native_compute: Compilation done in 0.08575
native_compute: Evaluation done in 1.74463
native_compute: Reification done in 0.02588
Tactic call native_compute(2)-regression-quadratic ran for 1.856 secs (1.767u,0.007s) (success)
Params: n= 21271
native_compute: Conversion to native code done in 0.00028
native_compute: Compilation done in 0.07905
native_compute: Evaluation done in 1.90008
native_compute: Reification done in 0.02659
Tactic call native_compute(1)-regression-quadratic ran for 2.006 secs (1.923u,0.008s) (success)
native_compute: Conversion to native code done in 0.00034
native_compute: Compilation done in 0.08122
native_compute: Evaluation done in 1.90206
native_compute: Reification done in 0.02379
Tactic call native_compute(2)-regression-quadratic ran for 2.007 secs (1.918u,0.011s) (success)
Params: n= 22452
native_compute: Conversion to native code done in 0.00033
native_compute: Compilation done in 0.08580
native_compute: Evaluation done in 2.11059
native_compute: Reification done in 0.03067
Tactic call native_compute(1)-regression-quadratic ran for 2.227 secs (2.143u,0.004s) (success)
native_compute: Conversion to native code done in 0.00035
native_compute: Compilation done in 0.07568
native_compute: Evaluation done in 2.19682
native_compute: Reification done in 0.02806
Tactic call native_compute(2)-regression-quadratic ran for 2.301 secs (2.224u,0.004s) (success)
Params: n= 23634
native_compute: Conversion to native code done in 0.00042
native_compute: Compilation done in 0.07975
native_compute: Evaluation done in 2.36902
native_compute: Reification done in 0.02996
Tactic call native_compute(1)-regression-quadratic ran for 2.479 secs (2.403u,0.s) (success)
native_compute: Conversion to native code done in 0.00045
native_compute: Compilation done in 0.08527
native_compute: Evaluation done in 2.37888
native_compute: Reification done in 0.03200
Tactic call native_compute(2)-regression-quadratic ran for 2.496 secs (2.403u,0.011s) (success)
Params: n= 28361
native_compute: Conversion to native code done in 0.00038
native_compute: Compilation done in 0.08333
native_compute: Evaluation done in 3.37198
native_compute: Reification done in 0.03542
Tactic call native_compute(1)-regression-quadratic ran for 3.491 secs (3.403u,0.008s) (success)
native_compute: Conversion to native code done in 0.00032
native_compute: Compilation done in 0.08303
native_compute: Evaluation done in 3.35193
native_compute: Reification done in 0.03918
Tactic call native_compute(2)-regression-quadratic ran for 3.474 secs (3.386u,0.008s) (success)
Params: n= 33087
native_compute: Conversion to native code done in 0.00036
native_compute: Compilation done in 0.07411
native_compute: Evaluation done in 4.71624
native_compute: Reification done in 0.04574
Tactic call native_compute(1)-regression-quadratic ran for 4.836 secs (4.75u,0.015s) (success)
native_compute: Conversion to native code done in 0.00034
native_compute: Compilation done in 0.08860
native_compute: Evaluation done in 4.75630
native_compute: Reification done in 0.04042
Tactic call native_compute(2)-regression-quadratic ran for 4.885 secs (4.795u,0.004s) (success)
Params: n= 37814
native_compute: Conversion to native code done in 0.00032
native_compute: Compilation done in 0.08455
native_compute: Evaluation done in 5.89068
native_compute: Reification done in 0.04613
Tactic call native_compute(1)-regression-quadratic ran for 6.021 secs (5.937u,0.003s) (success)
native_compute: Conversion to native code done in 0.00034
native_compute: Compilation done in 0.08542
native_compute: Evaluation done in 6.21942
native_compute: Reification done in 0.04823
Tactic call native_compute(2)-regression-quadratic ran for 6.353 secs (6.247u,0.024s) (success)
Params: n= 42540
native_compute: Conversion to native code done in 0.00032
native_compute: Compilation done in 0.07914
native_compute: Evaluation done in 7.66902
native_compute: Reification done in 0.05135
Tactic call native_compute(1)-regression-quadratic ran for 7.8 secs (7.703u,0.02s) (success)
native_compute: Conversion to native code done in 0.00035
native_compute: Compilation done in 0.08055
native_compute: Evaluation done in 7.78593
native_compute: Reification done in 0.05427
Tactic call native_compute(2)-regression-quadratic ran for 7.921 secs (7.824u,0.016s) (success)
Params: n= 47267
native_compute: Conversion to native code done in 0.00034
native_compute: Compilation done in 0.07957
native_compute: Evaluation done in 9.39400
native_compute: Reification done in 0.05644
Tactic call native_compute(1)-regression-quadratic ran for 9.53 secs (9.446u,0.007s) (success)
native_compute: Conversion to native code done in 0.00043
native_compute: Compilation done in 0.08772
native_compute: Evaluation done in 9.59300
native_compute: Reification done in 0.05710
Tactic call native_compute(2)-regression-quadratic ran for 9.738 secs (9.63u,0.023s) (success)
