Params: 0-nm= 1 , 1-n= 1 , 2-m= 1
native_compute: Conversion to native code done in 0.00020
native_compute: Compilation done in 0.10194
native_compute: Evaluation done in 0.00053
native_compute: Reification done in 0.00005
Tactic call cps+native_compute-regression-quadratic ran for 0.189 secs (0.061u,0.027s) (success)
Params: 0-nm= 2 , 1-n= 1 , 2-m= 2
native_compute: Conversion to native code done in 0.00019
native_compute: Compilation done in 0.10142
native_compute: Evaluation done in 0.00054
native_compute: Reification done in 0.00006
Tactic call cps+native_compute-regression-quadratic ran for 0.102 secs (0.002u,0.s) (success)
Params: 0-nm= 2 , 1-n= 2 , 2-m= 1
native_compute: Conversion to native code done in 0.00018
native_compute: Compilation done in 0.10161
native_compute: Evaluation done in 0.00055
native_compute: Reification done in 0.00006
Tactic call cps+native_compute-regression-quadratic ran for 0.102 secs (0.002u,0.s) (success)
Params: 0-nm= 3 , 1-n= 1 , 2-m= 3
native_compute: Conversion to native code done in 0.00019
native_compute: Compilation done in 0.10176
native_compute: Evaluation done in 0.00052
native_compute: Reification done in 0.00006
Tactic call cps+native_compute-regression-quadratic ran for 0.102 secs (0.001u,0.s) (success)
Params: 0-nm= 3 , 1-n= 3 , 2-m= 1
native_compute: Conversion to native code done in 0.00034
native_compute: Compilation done in 0.10201
native_compute: Evaluation done in 0.00056
native_compute: Reification done in 0.00006
Tactic call cps+native_compute-regression-quadratic ran for 0.103 secs (0.002u,0.s) (success)
Params: 0-nm= 4 , 1-n= 2 , 2-m= 2
native_compute: Conversion to native code done in 0.00034
native_compute: Compilation done in 0.10159
native_compute: Evaluation done in 0.00057
native_compute: Reification done in 0.00006
Tactic call cps+native_compute-regression-quadratic ran for 0.102 secs (0.002u,0.s) (success)
Params: 0-nm= 4 , 1-n= 4 , 2-m= 1
native_compute: Conversion to native code done in 0.00019
native_compute: Compilation done in 0.10255
native_compute: Evaluation done in 0.00053
native_compute: Reification done in 0.00006
Tactic call cps+native_compute-regression-quadratic ran for 0.103 secs (0.002u,0.s) (success)
Params: 0-nm= 4 , 1-n= 1 , 2-m= 4
native_compute: Conversion to native code done in 0.00018
native_compute: Compilation done in 0.10193
native_compute: Evaluation done in 0.00053
native_compute: Reification done in 0.00006
Tactic call cps+native_compute-regression-quadratic ran for 0.102 secs (0.002u,0.s) (success)
