Params: n= 50
Tactic call rewrite_strat-topdown ran for 0.02 secs (0.02u,0.s) (success)
Tactic call rewrite_strat-topdown-noop ran for 0. secs (0.u,0.s) (success)
Tactic call abstract+rewrite_strat-topdown ran for 0.037 secs (0.037u,0.s) (success)
Tactic call close-abstract+rewrite_strat-topdown ran for 0.016 secs (0.016u,0.s)
Params: n= 100
Tactic call rewrite_strat-topdown ran for 0.087 secs (0.087u,0.s) (success)
Tactic call rewrite_strat-topdown-noop ran for 0.001 secs (0.001u,0.s) (success)
Tactic call abstract+rewrite_strat-topdown ran for 0.162 secs (0.161u,0.s) (success)
Tactic call close-abstract+rewrite_strat-topdown ran for 0.072 secs (0.072u,0.s)
Params: n= 150
Tactic call rewrite_strat-topdown ran for 0.278 secs (0.278u,0.s) (success)
Tactic call rewrite_strat-topdown-noop ran for 0.002 secs (0.002u,0.s) (success)
Tactic call abstract+rewrite_strat-topdown ran for 0.437 secs (0.437u,0.s) (success)
Tactic call close-abstract+rewrite_strat-topdown ran for 0.156 secs (0.156u,0.s)
Params: n= 200
Tactic call rewrite_strat-topdown ran for 0.362 secs (0.358u,0.003s) (success)
Tactic call rewrite_strat-topdown-noop ran for 0.002 secs (0.002u,0.s) (success)
Tactic call abstract+rewrite_strat-topdown ran for 0.714 secs (0.71u,0.003s) (success)
Tactic call close-abstract+rewrite_strat-topdown ran for 0.349 secs (0.348u,0.s)
Params: n= 250
Tactic call rewrite_strat-topdown ran for 0.657 secs (0.657u,0.s) (success)
Tactic call rewrite_strat-topdown-noop ran for 0.004 secs (0.004u,0.s) (success)
Tactic call abstract+rewrite_strat-topdown ran for 1.135 secs (1.127u,0.007s) (success)
Tactic call close-abstract+rewrite_strat-topdown ran for 0.472 secs (0.464u,0.007s)
Params: n= 300
Tactic call rewrite_strat-topdown ran for 0.865 secs (0.861u,0.003s) (success)
Tactic call rewrite_strat-topdown-noop ran for 0.005 secs (0.005u,0.s) (success)
Tactic call abstract+rewrite_strat-topdown ran for 1.388 secs (1.384u,0.004s) (success)
Tactic call close-abstract+rewrite_strat-topdown ran for 0.516 secs (0.516u,0.s)
Params: n= 350
Tactic call rewrite_strat-topdown ran for 1.279 secs (1.263u,0.015s) (success)
Tactic call rewrite_strat-topdown-noop ran for 0.006 secs (0.006u,0.s) (success)
Tactic call abstract+rewrite_strat-topdown ran for 2.011 secs (1.987u,0.023s) (success)
Tactic call close-abstract+rewrite_strat-topdown ran for 0.724 secs (0.716u,0.007s)
Params: n= 400
Tactic call rewrite_strat-topdown ran for 1.596 secs (1.596u,0.s) (success)
Tactic call rewrite_strat-topdown-noop ran for 0.007 secs (0.007u,0.s) (success)
Tactic call abstract+rewrite_strat-topdown ran for 2.63 secs (2.629u,0.s) (success)
Tactic call close-abstract+rewrite_strat-topdown ran for 1.024 secs (1.024u,0.s)
