Params: n= 4
Tactic call rewrite_strat-bottomup ran for 0.002 secs (0.001u,0.s) (success)
Tactic call rewrite_strat-bottomup-noop ran for 0. secs (0.u,0.s) (success)
Tactic call abstract+rewrite_strat-bottomup ran for 0.003 secs (0.002u,0.001s) (success)
Tactic call close-abstract+rewrite_strat-bottomup ran for 0. secs (0.u,0.s)
Params: n= 5
Tactic call rewrite_strat-bottomup ran for 0.003 secs (0.u,0.003s) (success)
Tactic call rewrite_strat-bottomup-noop ran for 0. secs (0.u,0.s) (success)
Tactic call abstract+rewrite_strat-bottomup ran for 0.004 secs (0.001u,0.003s) (success)
Tactic call close-abstract+rewrite_strat-bottomup ran for 0.001 secs (0.001u,0.s)
Params: n= 6
Tactic call rewrite_strat-bottomup ran for 0.003 secs (0.u,0.003s) (success)
Tactic call rewrite_strat-bottomup-noop ran for 0.001 secs (0.u,0.s) (success)
Tactic call abstract+rewrite_strat-bottomup ran for 0.005 secs (0.001u,0.003s) (success)
Tactic call close-abstract+rewrite_strat-bottomup ran for 0. secs (0.u,0.s)
Params: n= 7
Tactic call rewrite_strat-bottomup ran for 0.004 secs (0.u,0.004s) (success)
Tactic call rewrite_strat-bottomup-noop ran for 0. secs (0.u,0.s) (success)
Tactic call abstract+rewrite_strat-bottomup ran for 0.006 secs (0.u,0.006s) (success)
Tactic call close-abstract+rewrite_strat-bottomup ran for 0.001 secs (0.u,0.001s)
Params: n= 8
Tactic call rewrite_strat-bottomup ran for 0.005 secs (0.005u,0.s) (success)
Tactic call rewrite_strat-bottomup-noop ran for 0. secs (0.u,0.s) (success)
Tactic call abstract+rewrite_strat-bottomup ran for 0.007 secs (0.007u,0.s) (success)
Tactic call close-abstract+rewrite_strat-bottomup ran for 0.001 secs (0.001u,0.s)
Params: n= 9
Tactic call rewrite_strat-bottomup ran for 0.006 secs (0.u,0.006s) (success)
Tactic call rewrite_strat-bottomup-noop ran for 0. secs (0.u,0.s) (success)
Tactic call abstract+rewrite_strat-bottomup ran for 0.009 secs (0.002u,0.007s) (success)
Tactic call close-abstract+rewrite_strat-bottomup ran for 0.002 secs (0.002u,0.s)
Params: n= 10
Tactic call rewrite_strat-bottomup ran for 0.007 secs (0.003u,0.003s) (success)
Tactic call rewrite_strat-bottomup-noop ran for 0. secs (0.u,0.s) (success)
Tactic call abstract+rewrite_strat-bottomup ran for 0.01 secs (0.004u,0.006s) (success)
Tactic call close-abstract+rewrite_strat-bottomup ran for 0.002 secs (0.u,0.002s)
Params: n= 11
Tactic call rewrite_strat-bottomup ran for 0.059 secs (0.059u,0.s) (success)
Tactic call rewrite_strat-bottomup-noop ran for 0. secs (0.u,0.s) (success)
Tactic call abstract+rewrite_strat-bottomup ran for 0.062 secs (0.061u,0.001s) (success)
Tactic call close-abstract+rewrite_strat-bottomup ran for 0.002 secs (0.001u,0.s)
Params: n= 12
Tactic call rewrite_strat-bottomup ran for 0.007 secs (0.007u,0.s) (success)
Tactic call rewrite_strat-bottomup-noop ran for 0. secs (0.u,0.s) (success)
Tactic call abstract+rewrite_strat-bottomup ran for 0.01 secs (0.01u,0.s) (success)
Tactic call close-abstract+rewrite_strat-bottomup ran for 0.002 secs (0.002u,0.s)
Params: n= 13
Tactic call rewrite_strat-bottomup ran for 0.008 secs (0.008u,0.s) (success)
Tactic call rewrite_strat-bottomup-noop ran for 0. secs (0.u,0.s) (success)
Tactic call abstract+rewrite_strat-bottomup ran for 0.011 secs (0.011u,0.s) (success)
Tactic call close-abstract+rewrite_strat-bottomup ran for 0.002 secs (0.002u,0.s)
Params: n= 14
Tactic call rewrite_strat-bottomup ran for 0.009 secs (0.009u,0.s) (success)
Tactic call rewrite_strat-bottomup-noop ran for 0. secs (0.u,0.s) (success)
Tactic call abstract+rewrite_strat-bottomup ran for 0.013 secs (0.013u,0.s) (success)
Tactic call close-abstract+rewrite_strat-bottomup ran for 0.003 secs (0.003u,0.s)
Params: n= 15
Tactic call rewrite_strat-bottomup ran for 0.01 secs (0.01u,0.s) (success)
Tactic call rewrite_strat-bottomup-noop ran for 0. secs (0.u,0.s) (success)
Tactic call abstract+rewrite_strat-bottomup ran for 0.014 secs (0.014u,0.s) (success)
Tactic call close-abstract+rewrite_strat-bottomup ran for 0.003 secs (0.003u,0.s)
Params: n= 16
Tactic call rewrite_strat-bottomup ran for 0.01 secs (0.01u,0.s) (success)
Tactic call rewrite_strat-bottomup-noop ran for 0. secs (0.u,0.s) (success)
Tactic call abstract+rewrite_strat-bottomup ran for 0.015 secs (0.011u,0.s) (success)
Tactic call close-abstract+rewrite_strat-bottomup ran for 0.003 secs (0.u,0.s)
Params: n= 17
Tactic call rewrite_strat-bottomup ran for 0.011 secs (0.016u,0.s) (success)
Tactic call rewrite_strat-bottomup-noop ran for 0. secs (0.u,0.s) (success)
Tactic call abstract+rewrite_strat-bottomup ran for 0.018 secs (0.022u,0.s) (success)
Tactic call close-abstract+rewrite_strat-bottomup ran for 0.006 secs (0.006u,0.s)
Params: n= 18
Tactic call rewrite_strat-bottomup ran for 0.012 secs (0.012u,0.s) (success)
Tactic call rewrite_strat-bottomup-noop ran for 0. secs (0.u,0.s) (success)
Tactic call abstract+rewrite_strat-bottomup ran for 0.017 secs (0.017u,0.s) (success)
Tactic call close-abstract+rewrite_strat-bottomup ran for 0.004 secs (0.004u,0.s)
Params: n= 19
Tactic call rewrite_strat-bottomup ran for 0.013 secs (0.013u,0.s) (success)
Tactic call rewrite_strat-bottomup-noop ran for 0. secs (0.u,0.s) (success)
Tactic call abstract+rewrite_strat-bottomup ran for 0.019 secs (0.019u,0.s) (success)
Tactic call close-abstract+rewrite_strat-bottomup ran for 0.005 secs (0.005u,0.s)
Params: n= 20
Tactic call rewrite_strat-bottomup ran for 0.015 secs (0.015u,0.s) (success)
Tactic call rewrite_strat-bottomup-noop ran for 0. secs (0.u,0.s) (success)
Tactic call abstract+rewrite_strat-bottomup ran for 0.021 secs (0.021u,0.s) (success)
Tactic call close-abstract+rewrite_strat-bottomup ran for 0.005 secs (0.005u,0.s)
Params: n= 21
Tactic call rewrite_strat-bottomup ran for 0.015 secs (0.015u,0.s) (success)
Tactic call rewrite_strat-bottomup-noop ran for 0. secs (0.u,0.s) (success)
Tactic call abstract+rewrite_strat-bottomup ran for 0.023 secs (0.023u,0.s) (success)
Tactic call close-abstract+rewrite_strat-bottomup ran for 0.007 secs (0.007u,0.s)
Params: n= 22
Tactic call rewrite_strat-bottomup ran for 0.017 secs (0.017u,0.s) (success)
Tactic call rewrite_strat-bottomup-noop ran for 0. secs (0.u,0.s) (success)
Tactic call abstract+rewrite_strat-bottomup ran for 0.024 secs (0.024u,0.s) (success)
Tactic call close-abstract+rewrite_strat-bottomup ran for 0.006 secs (0.006u,0.s)
Params: n= 23
Tactic call rewrite_strat-bottomup ran for 0.018 secs (0.018u,0.s) (success)
Tactic call rewrite_strat-bottomup-noop ran for 0. secs (0.u,0.s) (success)
Tactic call abstract+rewrite_strat-bottomup ran for 0.026 secs (0.026u,0.s) (success)
Tactic call close-abstract+rewrite_strat-bottomup ran for 0.007 secs (0.007u,0.s)
Params: n= 24
Tactic call rewrite_strat-bottomup ran for 0.02 secs (0.02u,0.s) (success)
Tactic call rewrite_strat-bottomup-noop ran for 0. secs (0.u,0.s) (success)
Tactic call abstract+rewrite_strat-bottomup ran for 0.029 secs (0.029u,0.s) (success)
Tactic call close-abstract+rewrite_strat-bottomup ran for 0.007 secs (0.007u,0.s)
Params: n= 25
Tactic call rewrite_strat-bottomup ran for 0.02 secs (0.02u,0.s) (success)
Tactic call rewrite_strat-bottomup-noop ran for 0. secs (0.u,0.s) (success)
Tactic call abstract+rewrite_strat-bottomup ran for 0.029 secs (0.029u,0.s) (success)
Tactic call close-abstract+rewrite_strat-bottomup ran for 0.008 secs (0.008u,0.s)
Params: n= 26
Tactic call rewrite_strat-bottomup ran for 0.023 secs (0.023u,0.s) (success)
Tactic call rewrite_strat-bottomup-noop ran for 0. secs (0.u,0.s) (success)
Tactic call abstract+rewrite_strat-bottomup ran for 0.033 secs (0.033u,0.s) (success)
Tactic call close-abstract+rewrite_strat-bottomup ran for 0.009 secs (0.009u,0.s)
Params: n= 27
Tactic call rewrite_strat-bottomup ran for 0.024 secs (0.021u,0.002s) (success)
Tactic call rewrite_strat-bottomup-noop ran for 0. secs (0.u,0.s) (success)
Tactic call abstract+rewrite_strat-bottomup ran for 0.037 secs (0.034u,0.002s) (success)
Tactic call close-abstract+rewrite_strat-bottomup ran for 0.011 secs (0.011u,0.s)
Params: n= 28
Tactic call rewrite_strat-bottomup ran for 0.026 secs (0.026u,0.s) (success)
Tactic call rewrite_strat-bottomup-noop ran for 0. secs (0.u,0.s) (success)
Tactic call abstract+rewrite_strat-bottomup ran for 0.039 secs (0.039u,0.s) (success)
Tactic call close-abstract+rewrite_strat-bottomup ran for 0.012 secs (0.012u,0.s)
Params: n= 29
Tactic call rewrite_strat-bottomup ran for 0.026 secs (0.026u,0.s) (success)
Tactic call rewrite_strat-bottomup-noop ran for 0. secs (0.u,0.s) (success)
Tactic call abstract+rewrite_strat-bottomup ran for 0.039 secs (0.038u,0.s) (success)
Tactic call close-abstract+rewrite_strat-bottomup ran for 0.011 secs (0.011u,0.s)
Params: n= 30
Tactic call rewrite_strat-bottomup ran for 0.027 secs (0.024u,0.003s) (success)
Tactic call rewrite_strat-bottomup-noop ran for 0. secs (0.u,0.s) (success)
Tactic call abstract+rewrite_strat-bottomup ran for 0.046 secs (0.042u,0.003s) (success)
Tactic call close-abstract+rewrite_strat-bottomup ran for 0.017 secs (0.017u,0.s)
Params: n= 31
Tactic call rewrite_strat-bottomup ran for 0.031 secs (0.031u,0.s) (success)
Tactic call rewrite_strat-bottomup-noop ran for 0. secs (0.u,0.s) (success)
Tactic call abstract+rewrite_strat-bottomup ran for 0.045 secs (0.045u,0.s) (success)
Tactic call close-abstract+rewrite_strat-bottomup ran for 0.013 secs (0.013u,0.s)
Params: n= 32
Tactic call rewrite_strat-bottomup ran for 0.034 secs (0.034u,0.s) (success)
Tactic call rewrite_strat-bottomup-noop ran for 0. secs (0.u,0.s) (success)
Tactic call abstract+rewrite_strat-bottomup ran for 0.049 secs (0.049u,0.s) (success)
Tactic call close-abstract+rewrite_strat-bottomup ran for 0.014 secs (0.014u,0.s)
Params: n= 33
Tactic call rewrite_strat-bottomup ran for 0.033 secs (0.033u,0.s) (success)
Tactic call rewrite_strat-bottomup-noop ran for 0. secs (0.u,0.s) (success)
Tactic call abstract+rewrite_strat-bottomup ran for 0.05 secs (0.05u,0.s) (success)
Tactic call close-abstract+rewrite_strat-bottomup ran for 0.016 secs (0.016u,0.s)
Params: n= 34
Tactic call rewrite_strat-bottomup ran for 0.035 secs (0.035u,0.s) (success)
Tactic call rewrite_strat-bottomup-noop ran for 0. secs (0.u,0.s) (success)
Tactic call abstract+rewrite_strat-bottomup ran for 0.052 secs (0.052u,0.s) (success)
Tactic call close-abstract+rewrite_strat-bottomup ran for 0.016 secs (0.016u,0.s)
Params: n= 35
Tactic call rewrite_strat-bottomup ran for 0.036 secs (0.036u,0.s) (success)
Tactic call rewrite_strat-bottomup-noop ran for 0. secs (0.u,0.s) (success)
Tactic call abstract+rewrite_strat-bottomup ran for 0.055 secs (0.055u,0.s) (success)
Tactic call close-abstract+rewrite_strat-bottomup ran for 0.018 secs (0.018u,0.s)
Params: n= 36
Tactic call rewrite_strat-bottomup ran for 0.037 secs (0.037u,0.s) (success)
Tactic call rewrite_strat-bottomup-noop ran for 0. secs (0.u,0.s) (success)
Tactic call abstract+rewrite_strat-bottomup ran for 0.057 secs (0.057u,0.s) (success)
Tactic call close-abstract+rewrite_strat-bottomup ran for 0.018 secs (0.018u,0.s)
Params: n= 37
Tactic call rewrite_strat-bottomup ran for 0.039 secs (0.039u,0.s) (success)
Tactic call rewrite_strat-bottomup-noop ran for 0. secs (0.u,0.s) (success)
Tactic call abstract+rewrite_strat-bottomup ran for 0.058 secs (0.058u,0.s) (success)
Tactic call close-abstract+rewrite_strat-bottomup ran for 0.017 secs (0.017u,0.s)
Params: n= 38
Tactic call rewrite_strat-bottomup ran for 0.043 secs (0.043u,0.s) (success)
Tactic call rewrite_strat-bottomup-noop ran for 0. secs (0.u,0.s) (success)
Tactic call abstract+rewrite_strat-bottomup ran for 0.065 secs (0.065u,0.s) (success)
Tactic call close-abstract+rewrite_strat-bottomup ran for 0.02 secs (0.02u,0.s)
Params: n= 39
Tactic call rewrite_strat-bottomup ran for 0.045 secs (0.045u,0.s) (success)
Tactic call rewrite_strat-bottomup-noop ran for 0. secs (0.u,0.s) (success)
Tactic call abstract+rewrite_strat-bottomup ran for 0.069 secs (0.069u,0.s) (success)
Tactic call close-abstract+rewrite_strat-bottomup ran for 0.023 secs (0.023u,0.s)
Params: n= 40
Tactic call rewrite_strat-bottomup ran for 0.049 secs (0.049u,0.s) (success)
Tactic call rewrite_strat-bottomup-noop ran for 0. secs (0.u,0.s) (success)
Tactic call abstract+rewrite_strat-bottomup ran for 0.072 secs (0.072u,0.s) (success)
Tactic call close-abstract+rewrite_strat-bottomup ran for 0.022 secs (0.022u,0.s)
Params: n= 41
Tactic call rewrite_strat-bottomup ran for 0.054 secs (0.054u,0.s) (success)
Tactic call rewrite_strat-bottomup-noop ran for 0. secs (0.u,0.s) (success)
Tactic call abstract+rewrite_strat-bottomup ran for 0.079 secs (0.079u,0.s) (success)
Tactic call close-abstract+rewrite_strat-bottomup ran for 0.024 secs (0.024u,0.s)
Params: n= 42
Tactic call rewrite_strat-bottomup ran for 0.053 secs (0.053u,0.s) (success)
Tactic call rewrite_strat-bottomup-noop ran for 0. secs (0.u,0.s) (success)
Tactic call abstract+rewrite_strat-bottomup ran for 0.083 secs (0.083u,0.s) (success)
Tactic call close-abstract+rewrite_strat-bottomup ran for 0.027 secs (0.027u,0.s)
Params: n= 43
Tactic call rewrite_strat-bottomup ran for 0.058 secs (0.058u,0.s) (success)
Tactic call rewrite_strat-bottomup-noop ran for 0. secs (0.u,0.s) (success)
Tactic call abstract+rewrite_strat-bottomup ran for 0.09 secs (0.09u,0.s) (success)
Tactic call close-abstract+rewrite_strat-bottomup ran for 0.03 secs (0.03u,0.s)
Params: n= 44
Tactic call rewrite_strat-bottomup ran for 0.06 secs (0.06u,0.s) (success)
Tactic call rewrite_strat-bottomup-noop ran for 0. secs (0.u,0.s) (success)
Tactic call abstract+rewrite_strat-bottomup ran for 0.09 secs (0.09u,0.s) (success)
Tactic call close-abstract+rewrite_strat-bottomup ran for 0.028 secs (0.028u,0.s)
Params: n= 45
Tactic call rewrite_strat-bottomup ran for 0.06 secs (0.06u,0.s) (success)
Tactic call rewrite_strat-bottomup-noop ran for 0. secs (0.u,0.s) (success)
Tactic call abstract+rewrite_strat-bottomup ran for 0.09 secs (0.09u,0.s) (success)
Tactic call close-abstract+rewrite_strat-bottomup ran for 0.028 secs (0.028u,0.s)
Params: n= 46
Tactic call rewrite_strat-bottomup ran for 0.065 secs (0.065u,0.s) (success)
Tactic call rewrite_strat-bottomup-noop ran for 0. secs (0.u,0.s) (success)
Tactic call abstract+rewrite_strat-bottomup ran for 0.097 secs (0.097u,0.s) (success)
Tactic call close-abstract+rewrite_strat-bottomup ran for 0.03 secs (0.03u,0.s)
Params: n= 47
Tactic call rewrite_strat-bottomup ran for 0.064 secs (0.064u,0.s) (success)
Tactic call rewrite_strat-bottomup-noop ran for 0. secs (0.u,0.s) (success)
Tactic call abstract+rewrite_strat-bottomup ran for 0.094 secs (0.094u,0.s) (success)
Tactic call close-abstract+rewrite_strat-bottomup ran for 0.028 secs (0.028u,0.s)
Params: n= 48
Tactic call rewrite_strat-bottomup ran for 0.06 secs (0.059u,0.s) (success)
Tactic call rewrite_strat-bottomup-noop ran for 0. secs (0.u,0.s) (success)
Tactic call abstract+rewrite_strat-bottomup ran for 0.09 secs (0.09u,0.s) (success)
Tactic call close-abstract+rewrite_strat-bottomup ran for 0.029 secs (0.029u,0.s)
Params: n= 49
Tactic call rewrite_strat-bottomup ran for 0.062 secs (0.062u,0.s) (success)
Tactic call rewrite_strat-bottomup-noop ran for 0. secs (0.u,0.s) (success)
Tactic call abstract+rewrite_strat-bottomup ran for 0.094 secs (0.094u,0.s) (success)
Tactic call close-abstract+rewrite_strat-bottomup ran for 0.031 secs (0.031u,0.s)
Params: n= 51
Tactic call rewrite_strat-bottomup ran for 0.069 secs (0.069u,0.s) (success)
Tactic call rewrite_strat-bottomup-noop ran for 0. secs (0.u,0.s) (success)
Tactic call abstract+rewrite_strat-bottomup ran for 0.109 secs (0.109u,0.s) (success)
Tactic call close-abstract+rewrite_strat-bottomup ran for 0.038 secs (0.038u,0.s)
Params: n= 52
Tactic call rewrite_strat-bottomup ran for 0.068 secs (0.068u,0.s) (success)
Tactic call rewrite_strat-bottomup-noop ran for 0.002 secs (0.002u,0.s) (success)
Tactic call abstract+rewrite_strat-bottomup ran for 0.106 secs (0.106u,0.s) (success)
Tactic call close-abstract+rewrite_strat-bottomup ran for 0.034 secs (0.034u,0.s)
Params: n= 53
Tactic call rewrite_strat-bottomup ran for 0.069 secs (0.069u,0.s) (success)
Tactic call rewrite_strat-bottomup-noop ran for 0. secs (0.u,0.s) (success)
Tactic call abstract+rewrite_strat-bottomup ran for 0.104 secs (0.104u,0.s) (success)
Tactic call close-abstract+rewrite_strat-bottomup ran for 0.033 secs (0.033u,0.s)
Params: n= 54
Tactic call rewrite_strat-bottomup ran for 0.079 secs (0.079u,0.s) (success)
Tactic call rewrite_strat-bottomup-noop ran for 0. secs (0.u,0.s) (success)
Tactic call abstract+rewrite_strat-bottomup ran for 0.117 secs (0.117u,0.s) (success)
Tactic call close-abstract+rewrite_strat-bottomup ran for 0.037 secs (0.037u,0.s)
Params: n= 55
Tactic call rewrite_strat-bottomup ran for 0.087 secs (0.087u,0.s) (success)
Tactic call rewrite_strat-bottomup-noop ran for 0. secs (0.u,0.s) (success)
Tactic call abstract+rewrite_strat-bottomup ran for 0.133 secs (0.133u,0.s) (success)
Tactic call close-abstract+rewrite_strat-bottomup ran for 0.044 secs (0.044u,0.s)
Params: n= 56
Tactic call rewrite_strat-bottomup ran for 0.077 secs (0.077u,0.s) (success)
Tactic call rewrite_strat-bottomup-noop ran for 0. secs (0.u,0.s) (success)
Tactic call abstract+rewrite_strat-bottomup ran for 0.117 secs (0.117u,0.s) (success)
Tactic call close-abstract+rewrite_strat-bottomup ran for 0.038 secs (0.038u,0.s)
Params: n= 57
Tactic call rewrite_strat-bottomup ran for 0.092 secs (0.092u,0.s) (success)
Tactic call rewrite_strat-bottomup-noop ran for 0. secs (0.u,0.s) (success)
Tactic call abstract+rewrite_strat-bottomup ran for 0.134 secs (0.134u,0.s) (success)
Tactic call close-abstract+rewrite_strat-bottomup ran for 0.04 secs (0.04u,0.s)
Params: n= 58
Tactic call rewrite_strat-bottomup ran for 0.082 secs (0.082u,0.s) (success)
Tactic call rewrite_strat-bottomup-noop ran for 0. secs (0.u,0.s) (success)
Tactic call abstract+rewrite_strat-bottomup ran for 0.128 secs (0.128u,0.s) (success)
Tactic call close-abstract+rewrite_strat-bottomup ran for 0.043 secs (0.043u,0.s)
Params: n= 59
Tactic call rewrite_strat-bottomup ran for 0.085 secs (0.085u,0.s) (success)
Tactic call rewrite_strat-bottomup-noop ran for 0. secs (0.u,0.s) (success)
Tactic call abstract+rewrite_strat-bottomup ran for 0.131 secs (0.131u,0.s) (success)
Tactic call close-abstract+rewrite_strat-bottomup ran for 0.045 secs (0.045u,0.s)
Params: n= 60
Tactic call rewrite_strat-bottomup ran for 0.088 secs (0.088u,0.s) (success)
Tactic call rewrite_strat-bottomup-noop ran for 0. secs (0.u,0.s) (success)
Tactic call abstract+rewrite_strat-bottomup ran for 0.137 secs (0.137u,0.s) (success)
Tactic call close-abstract+rewrite_strat-bottomup ran for 0.047 secs (0.047u,0.s)
Params: n= 61
Tactic call rewrite_strat-bottomup ran for 0.095 secs (0.095u,0.s) (success)
Tactic call rewrite_strat-bottomup-noop ran for 0. secs (0.u,0.s) (success)
Tactic call abstract+rewrite_strat-bottomup ran for 0.145 secs (0.145u,0.s) (success)
Tactic call close-abstract+rewrite_strat-bottomup ran for 0.048 secs (0.048u,0.s)
Params: n= 62
Tactic call rewrite_strat-bottomup ran for 0.093 secs (0.092u,0.s) (success)
Tactic call rewrite_strat-bottomup-noop ran for 0. secs (0.u,0.s) (success)
Tactic call abstract+rewrite_strat-bottomup ran for 0.141 secs (0.141u,0.s) (success)
Tactic call close-abstract+rewrite_strat-bottomup ran for 0.047 secs (0.047u,0.s)
Params: n= 63
Tactic call rewrite_strat-bottomup ran for 0.091 secs (0.091u,0.s) (success)
Tactic call rewrite_strat-bottomup-noop ran for 0. secs (0.u,0.s) (success)
Tactic call abstract+rewrite_strat-bottomup ran for 0.143 secs (0.143u,0.s) (success)
Tactic call close-abstract+rewrite_strat-bottomup ran for 0.05 secs (0.049u,0.s)
Params: n= 64
Tactic call rewrite_strat-bottomup ran for 0.094 secs (0.094u,0.s) (success)
Tactic call rewrite_strat-bottomup-noop ran for 0. secs (0.u,0.s) (success)
Tactic call abstract+rewrite_strat-bottomup ran for 0.159 secs (0.159u,0.s) (success)
Tactic call close-abstract+rewrite_strat-bottomup ran for 0.062 secs (0.062u,0.s)
Params: n= 65
Tactic call rewrite_strat-bottomup ran for 0.111 secs (0.111u,0.s) (success)
Tactic call rewrite_strat-bottomup-noop ran for 0. secs (0.u,0.s) (success)
Tactic call abstract+rewrite_strat-bottomup ran for 0.172 secs (0.172u,0.s) (success)
Tactic call close-abstract+rewrite_strat-bottomup ran for 0.058 secs (0.058u,0.s)
Params: n= 66
Tactic call rewrite_strat-bottomup ran for 0.126 secs (0.126u,0.s) (success)
Tactic call rewrite_strat-bottomup-noop ran for 0. secs (0.u,0.s) (success)
Tactic call abstract+rewrite_strat-bottomup ran for 0.187 secs (0.187u,0.s) (success)
Tactic call close-abstract+rewrite_strat-bottomup ran for 0.058 secs (0.058u,0.s)
Params: n= 67
Tactic call rewrite_strat-bottomup ran for 0.127 secs (0.127u,0.s) (success)
Tactic call rewrite_strat-bottomup-noop ran for 0.001 secs (0.001u,0.s) (success)
Tactic call abstract+rewrite_strat-bottomup ran for 0.191 secs (0.191u,0.s) (success)
Tactic call close-abstract+rewrite_strat-bottomup ran for 0.062 secs (0.062u,0.s)
Params: n= 68
Tactic call rewrite_strat-bottomup ran for 0.132 secs (0.132u,0.s) (success)
Tactic call rewrite_strat-bottomup-noop ran for 0. secs (0.u,0.s) (success)
Tactic call abstract+rewrite_strat-bottomup ran for 0.195 secs (0.195u,0.s) (success)
Tactic call close-abstract+rewrite_strat-bottomup ran for 0.061 secs (0.061u,0.s)
Params: n= 69
Tactic call rewrite_strat-bottomup ran for 0.124 secs (0.123u,0.s) (success)
Tactic call rewrite_strat-bottomup-noop ran for 0. secs (0.u,0.s) (success)
Tactic call abstract+rewrite_strat-bottomup ran for 0.191 secs (0.191u,0.s) (success)
Tactic call close-abstract+rewrite_strat-bottomup ran for 0.065 secs (0.065u,0.s)
Params: n= 70
Tactic call rewrite_strat-bottomup ran for 0.127 secs (0.126u,0.s) (success)
Tactic call rewrite_strat-bottomup-noop ran for 0. secs (0.u,0.s) (success)
Tactic call abstract+rewrite_strat-bottomup ran for 0.194 secs (0.194u,0.s) (success)
Tactic call close-abstract+rewrite_strat-bottomup ran for 0.065 secs (0.065u,0.s)
Params: n= 71
Tactic call rewrite_strat-bottomup ran for 0.136 secs (0.136u,0.s) (success)
Tactic call rewrite_strat-bottomup-noop ran for 0.001 secs (0.001u,0.s) (success)
Tactic call abstract+rewrite_strat-bottomup ran for 0.203 secs (0.203u,0.s) (success)
Tactic call close-abstract+rewrite_strat-bottomup ran for 0.065 secs (0.065u,0.s)
Params: n= 72
Tactic call rewrite_strat-bottomup ran for 0.137 secs (0.135u,0.002s) (success)
Tactic call rewrite_strat-bottomup-noop ran for 0. secs (0.u,0.s) (success)
Tactic call abstract+rewrite_strat-bottomup ran for 0.202 secs (0.199u,0.002s) (success)
Tactic call close-abstract+rewrite_strat-bottomup ran for 0.062 secs (0.062u,0.s)
Params: n= 73
Tactic call rewrite_strat-bottomup ran for 0.141 secs (0.141u,0.s) (success)
Tactic call rewrite_strat-bottomup-noop ran for 0. secs (0.u,0.s) (success)
Tactic call abstract+rewrite_strat-bottomup ran for 0.216 secs (0.216u,0.s) (success)
Tactic call close-abstract+rewrite_strat-bottomup ran for 0.073 secs (0.073u,0.s)
Params: n= 74
Tactic call rewrite_strat-bottomup ran for 0.139 secs (0.139u,0.s) (success)
Tactic call rewrite_strat-bottomup-noop ran for 0. secs (0.u,0.s) (success)
Tactic call abstract+rewrite_strat-bottomup ran for 0.211 secs (0.211u,0.s) (success)
Tactic call close-abstract+rewrite_strat-bottomup ran for 0.07 secs (0.07u,0.s)
Params: n= 75
Tactic call rewrite_strat-bottomup ran for 0.129 secs (0.129u,0.s) (success)
Tactic call rewrite_strat-bottomup-noop ran for 0. secs (0.u,0.s) (success)
Tactic call abstract+rewrite_strat-bottomup ran for 0.198 secs (0.197u,0.s) (success)
Tactic call close-abstract+rewrite_strat-bottomup ran for 0.066 secs (0.066u,0.s)
Params: n= 76
Tactic call rewrite_strat-bottomup ran for 0.137 secs (0.137u,0.s) (success)
Tactic call rewrite_strat-bottomup-noop ran for 0.001 secs (0.001u,0.s) (success)
Tactic call abstract+rewrite_strat-bottomup ran for 0.221 secs (0.221u,0.s) (success)
Tactic call close-abstract+rewrite_strat-bottomup ran for 0.082 secs (0.081u,0.s)
Params: n= 77
Tactic call rewrite_strat-bottomup ran for 0.143 secs (0.143u,0.s) (success)
Tactic call rewrite_strat-bottomup-noop ran for 0.001 secs (0.001u,0.s) (success)
Tactic call abstract+rewrite_strat-bottomup ran for 0.214 secs (0.214u,0.s) (success)
Tactic call close-abstract+rewrite_strat-bottomup ran for 0.068 secs (0.068u,0.s)
Params: n= 78
Tactic call rewrite_strat-bottomup ran for 0.145 secs (0.141u,0.003s) (success)
Tactic call rewrite_strat-bottomup-noop ran for 0.001 secs (0.001u,0.s) (success)
Tactic call abstract+rewrite_strat-bottomup ran for 0.217 secs (0.213u,0.003s) (success)
Tactic call close-abstract+rewrite_strat-bottomup ran for 0.069 secs (0.069u,0.s)
Params: n= 79
Tactic call rewrite_strat-bottomup ran for 0.146 secs (0.146u,0.s) (success)
Tactic call rewrite_strat-bottomup-noop ran for 0.001 secs (0.001u,0.s) (success)
Tactic call abstract+rewrite_strat-bottomup ran for 0.228 secs (0.228u,0.s) (success)
Tactic call close-abstract+rewrite_strat-bottomup ran for 0.074 secs (0.074u,0.s)
Params: n= 80
Tactic call rewrite_strat-bottomup ran for 0.145 secs (0.145u,0.s) (success)
Tactic call rewrite_strat-bottomup-noop ran for 0.001 secs (0.001u,0.s) (success)
Tactic call abstract+rewrite_strat-bottomup ran for 0.222 secs (0.222u,0.s) (success)
Tactic call close-abstract+rewrite_strat-bottomup ran for 0.074 secs (0.074u,0.s)
Params: n= 81
Tactic call rewrite_strat-bottomup ran for 0.166 secs (0.166u,0.s) (success)
Tactic call rewrite_strat-bottomup-noop ran for 0.001 secs (0.001u,0.s) (success)
Tactic call abstract+rewrite_strat-bottomup ran for 0.253 secs (0.249u,0.003s) (success)
Tactic call close-abstract+rewrite_strat-bottomup ran for 0.084 secs (0.08u,0.003s)
Params: n= 82
Tactic call rewrite_strat-bottomup ran for 0.182 secs (0.182u,0.s) (success)
Tactic call rewrite_strat-bottomup-noop ran for 0.001 secs (0.001u,0.s) (success)
Tactic call abstract+rewrite_strat-bottomup ran for 0.273 secs (0.272u,0.s) (success)
Tactic call close-abstract+rewrite_strat-bottomup ran for 0.087 secs (0.087u,0.s)
Params: n= 83
Tactic call rewrite_strat-bottomup ran for 0.169 secs (0.169u,0.s) (success)
Tactic call rewrite_strat-bottomup-noop ran for 0.001 secs (0.001u,0.s) (success)
Tactic call abstract+rewrite_strat-bottomup ran for 0.256 secs (0.256u,0.s) (success)
Tactic call close-abstract+rewrite_strat-bottomup ran for 0.084 secs (0.084u,0.s)
Params: n= 84
Tactic call rewrite_strat-bottomup ran for 0.185 secs (0.185u,0.s) (success)
Tactic call rewrite_strat-bottomup-noop ran for 0.001 secs (0.001u,0.s) (success)
Tactic call abstract+rewrite_strat-bottomup ran for 0.28 secs (0.28u,0.s) (success)
Tactic call close-abstract+rewrite_strat-bottomup ran for 0.092 secs (0.092u,0.s)
Params: n= 85
Tactic call rewrite_strat-bottomup ran for 0.165 secs (0.165u,0.s) (success)
Tactic call rewrite_strat-bottomup-noop ran for 0.001 secs (0.001u,0.s) (success)
Tactic call abstract+rewrite_strat-bottomup ran for 0.252 secs (0.248u,0.003s) (success)
Tactic call close-abstract+rewrite_strat-bottomup ran for 0.084 secs (0.081u,0.003s)
Params: n= 86
Tactic call rewrite_strat-bottomup ran for 0.186 secs (0.182u,0.003s) (success)
Tactic call rewrite_strat-bottomup-noop ran for 0.001 secs (0.001u,0.s) (success)
Tactic call abstract+rewrite_strat-bottomup ran for 0.276 secs (0.272u,0.004s) (success)
Tactic call close-abstract+rewrite_strat-bottomup ran for 0.088 secs (0.088u,0.s)
Params: n= 87
Tactic call rewrite_strat-bottomup ran for 0.17 secs (0.17u,0.s) (success)
Tactic call rewrite_strat-bottomup-noop ran for 0.001 secs (0.001u,0.s) (success)
Tactic call abstract+rewrite_strat-bottomup ran for 0.261 secs (0.261u,0.s) (success)
Tactic call close-abstract+rewrite_strat-bottomup ran for 0.088 secs (0.088u,0.s)
Params: n= 88
Tactic call rewrite_strat-bottomup ran for 0.18 secs (0.18u,0.s) (success)
Tactic call rewrite_strat-bottomup-noop ran for 0.001 secs (0.001u,0.s) (success)
Tactic call abstract+rewrite_strat-bottomup ran for 0.275 secs (0.275u,0.s) (success)
Tactic call close-abstract+rewrite_strat-bottomup ran for 0.092 secs (0.092u,0.s)
Params: n= 89
Tactic call rewrite_strat-bottomup ran for 0.177 secs (0.172u,0.s) (success)
Tactic call rewrite_strat-bottomup-noop ran for 0.001 secs (0.u,0.s) (success)
Tactic call abstract+rewrite_strat-bottomup ran for 0.275 secs (0.275u,0.s) (success)
Tactic call close-abstract+rewrite_strat-bottomup ran for 0.095 secs (0.101u,0.s)
Params: n= 90
Tactic call rewrite_strat-bottomup ran for 0.194 secs (0.194u,0.s) (success)
Tactic call rewrite_strat-bottomup-noop ran for 0.001 secs (0.001u,0.s) (success)
Tactic call abstract+rewrite_strat-bottomup ran for 0.293 secs (0.293u,0.s) (success)
Tactic call close-abstract+rewrite_strat-bottomup ran for 0.096 secs (0.096u,0.s)
Params: n= 91
Tactic call rewrite_strat-bottomup ran for 0.204 secs (0.204u,0.s) (success)
Tactic call rewrite_strat-bottomup-noop ran for 0.001 secs (0.001u,0.s) (success)
Tactic call abstract+rewrite_strat-bottomup ran for 0.314 secs (0.314u,0.s) (success)
Tactic call close-abstract+rewrite_strat-bottomup ran for 0.107 secs (0.107u,0.s)
Params: n= 92
Tactic call rewrite_strat-bottomup ran for 0.205 secs (0.205u,0.s) (success)
Tactic call rewrite_strat-bottomup-noop ran for 0.001 secs (0.001u,0.s) (success)
Tactic call abstract+rewrite_strat-bottomup ran for 0.321 secs (0.321u,0.s) (success)
Tactic call close-abstract+rewrite_strat-bottomup ran for 0.113 secs (0.113u,0.s)
Params: n= 93
Tactic call rewrite_strat-bottomup ran for 0.198 secs (0.198u,0.s) (success)
Tactic call rewrite_strat-bottomup-noop ran for 0.001 secs (0.001u,0.s) (success)
Tactic call abstract+rewrite_strat-bottomup ran for 0.314 secs (0.314u,0.s) (success)
Tactic call close-abstract+rewrite_strat-bottomup ran for 0.113 secs (0.113u,0.s)
Params: n= 94
Tactic call rewrite_strat-bottomup ran for 0.205 secs (0.205u,0.s) (success)
Tactic call rewrite_strat-bottomup-noop ran for 0.001 secs (0.001u,0.s) (success)
Tactic call abstract+rewrite_strat-bottomup ran for 0.319 secs (0.319u,0.s) (success)
Tactic call close-abstract+rewrite_strat-bottomup ran for 0.111 secs (0.111u,0.s)
Params: n= 95
Tactic call rewrite_strat-bottomup ran for 0.215 secs (0.215u,0.s) (success)
Tactic call rewrite_strat-bottomup-noop ran for 0.007 secs (0.007u,0.s) (success)
Tactic call abstract+rewrite_strat-bottomup ran for 0.346 secs (0.342u,0.003s) (success)
Tactic call close-abstract+rewrite_strat-bottomup ran for 0.122 secs (0.118u,0.003s)
Params: n= 96
Tactic call rewrite_strat-bottomup ran for 0.213 secs (0.213u,0.s) (success)
Tactic call rewrite_strat-bottomup-noop ran for 0.001 secs (0.001u,0.s) (success)
Tactic call abstract+rewrite_strat-bottomup ran for 0.341 secs (0.341u,0.s) (success)
Tactic call close-abstract+rewrite_strat-bottomup ran for 0.125 secs (0.125u,0.s)
Params: n= 97
Tactic call rewrite_strat-bottomup ran for 0.242 secs (0.242u,0.s) (success)
Tactic call rewrite_strat-bottomup-noop ran for 0.001 secs (0.001u,0.s) (success)
Tactic call abstract+rewrite_strat-bottomup ran for 0.375 secs (0.375u,0.s) (success)
Tactic call close-abstract+rewrite_strat-bottomup ran for 0.131 secs (0.131u,0.s)
Params: n= 98
Tactic call rewrite_strat-bottomup ran for 0.245 secs (0.241u,0.003s) (success)
Tactic call rewrite_strat-bottomup-noop ran for 0.001 secs (0.001u,0.s) (success)
Tactic call abstract+rewrite_strat-bottomup ran for 0.387 secs (0.383u,0.004s) (success)
Tactic call close-abstract+rewrite_strat-bottomup ran for 0.138 secs (0.138u,0.s)
Params: n= 99
Tactic call rewrite_strat-bottomup ran for 0.239 secs (0.239u,0.s) (success)
Tactic call rewrite_strat-bottomup-noop ran for 0.001 secs (0.001u,0.s) (success)
Tactic call abstract+rewrite_strat-bottomup ran for 0.374 secs (0.374u,0.s) (success)
Tactic call close-abstract+rewrite_strat-bottomup ran for 0.131 secs (0.131u,0.s)
Params: n= 110
Tactic call rewrite_strat-bottomup ran for 0.283 secs (0.279u,0.003s) (success)
Tactic call rewrite_strat-bottomup-noop ran for 0.001 secs (0.001u,0.s) (success)
Tactic call abstract+rewrite_strat-bottomup ran for 0.457 secs (0.453u,0.003s) (success)
Tactic call close-abstract+rewrite_strat-bottomup ran for 0.171 secs (0.17u,0.s)
Params: n= 120
Tactic call rewrite_strat-bottomup ran for 0.321 secs (0.321u,0.s) (success)
Tactic call rewrite_strat-bottomup-noop ran for 0.007 secs (0.007u,0.s) (success)
Tactic call abstract+rewrite_strat-bottomup ran for 0.498 secs (0.498u,0.s) (success)
Tactic call close-abstract+rewrite_strat-bottomup ran for 0.168 secs (0.168u,0.s)
Params: n= 130
Tactic call rewrite_strat-bottomup ran for 0.389 secs (0.385u,0.003s) (success)
Tactic call rewrite_strat-bottomup-noop ran for 0.002 secs (0.002u,0.s) (success)
Tactic call abstract+rewrite_strat-bottomup ran for 0.603 secs (0.599u,0.004s) (success)
Tactic call close-abstract+rewrite_strat-bottomup ran for 0.21 secs (0.21u,0.s)
Params: n= 140
Tactic call rewrite_strat-bottomup ran for 0.454 secs (0.454u,0.s) (success)
Tactic call rewrite_strat-bottomup-noop ran for 0.002 secs (0.002u,0.s) (success)
Tactic call abstract+rewrite_strat-bottomup ran for 0.716 secs (0.716u,0.s) (success)
Tactic call close-abstract+rewrite_strat-bottomup ran for 0.257 secs (0.257u,0.s)
Params: n= 160
Tactic call rewrite_strat-bottomup ran for 0.626 secs (0.626u,0.s) (success)
Tactic call rewrite_strat-bottomup-noop ran for 0.002 secs (0.002u,0.s) (success)
Tactic call abstract+rewrite_strat-bottomup ran for 0.963 secs (0.963u,0.s) (success)
Tactic call close-abstract+rewrite_strat-bottomup ran for 0.333 secs (0.333u,0.s)
Params: n= 170
Tactic call rewrite_strat-bottomup ran for 0.68 secs (0.68u,0.s) (success)
Tactic call rewrite_strat-bottomup-noop ran for 0.002 secs (0.002u,0.s) (success)
Tactic call abstract+rewrite_strat-bottomup ran for 1.083 secs (1.083u,0.s) (success)
Tactic call close-abstract+rewrite_strat-bottomup ran for 0.398 secs (0.398u,0.s)
Params: n= 180
Tactic call rewrite_strat-bottomup ran for 0.796 secs (0.796u,0.s) (success)
Tactic call rewrite_strat-bottomup-noop ran for 0.003 secs (0.003u,0.s) (success)
Tactic call abstract+rewrite_strat-bottomup ran for 1.173 secs (1.172u,0.s) (success)
Tactic call close-abstract+rewrite_strat-bottomup ran for 0.372 secs (0.372u,0.s)
Params: n= 190
Tactic call rewrite_strat-bottomup ran for 0.853 secs (0.849u,0.004s) (success)
Tactic call rewrite_strat-bottomup-noop ran for 0.004 secs (0.004u,0.s) (success)
Tactic call abstract+rewrite_strat-bottomup ran for 1.328 secs (1.32u,0.008s) (success)
Tactic call close-abstract+rewrite_strat-bottomup ran for 0.468 secs (0.464u,0.003s)
Params: n= 210
Tactic call rewrite_strat-bottomup ran for 1.082 secs (1.078u,0.003s) (success)
Tactic call rewrite_strat-bottomup-noop ran for 0.004 secs (0.004u,0.s) (success)
Tactic call abstract+rewrite_strat-bottomup ran for 1.668 secs (1.663u,0.004s) (success)
Tactic call close-abstract+rewrite_strat-bottomup ran for 0.579 secs (0.578u,0.001s)
Params: n= 220
Tactic call rewrite_strat-bottomup ran for 1.233 secs (1.233u,0.s) (success)
Tactic call rewrite_strat-bottomup-noop ran for 0.004 secs (0.004u,0.s) (success)
Tactic call abstract+rewrite_strat-bottomup ran for 1.817 secs (1.803u,0.013s) (success)
Tactic call close-abstract+rewrite_strat-bottomup ran for 0.577 secs (0.565u,0.012s)
Params: n= 230
Tactic call rewrite_strat-bottomup ran for 1.246 secs (1.246u,0.s) (success)
Tactic call rewrite_strat-bottomup-noop ran for 0.004 secs (0.004u,0.s) (success)
Tactic call abstract+rewrite_strat-bottomup ran for 1.875 secs (1.875u,0.s) (success)
Tactic call close-abstract+rewrite_strat-bottomup ran for 0.622 secs (0.622u,0.s)
Params: n= 240
Tactic call rewrite_strat-bottomup ran for 1.36 secs (1.36u,0.s) (success)
Tactic call rewrite_strat-bottomup-noop ran for 0.004 secs (0.004u,0.s) (success)
Tactic call abstract+rewrite_strat-bottomup ran for 2.067 secs (2.067u,0.s) (success)
Tactic call close-abstract+rewrite_strat-bottomup ran for 0.7 secs (0.7u,0.s)
Params: n= 260
Tactic call rewrite_strat-bottomup ran for 1.779 secs (1.775u,0.003s) (success)
Tactic call rewrite_strat-bottomup-noop ran for 0.006 secs (0.006u,0.s) (success)
Tactic call abstract+rewrite_strat-bottomup ran for 2.626 secs (2.614u,0.011s) (success)
Tactic call close-abstract+rewrite_strat-bottomup ran for 0.838 secs (0.83u,0.008s)
Params: n= 270
Tactic call rewrite_strat-bottomup ran for 1.856 secs (1.847u,0.008s) (success)
Tactic call rewrite_strat-bottomup-noop ran for 0.007 secs (0.007u,0.s) (success)
Tactic call abstract+rewrite_strat-bottomup ran for 2.818 secs (2.81u,0.008s) (success)
Tactic call close-abstract+rewrite_strat-bottomup ran for 0.952 secs (0.953u,0.s)
Params: n= 280
Tactic call rewrite_strat-bottomup ran for 1.953 secs (1.949u,0.003s) (success)
Tactic call rewrite_strat-bottomup-noop ran for 0.006 secs (0.006u,0.s) (success)
Tactic call abstract+rewrite_strat-bottomup ran for 2.898 secs (2.885u,0.012s) (success)
Tactic call close-abstract+rewrite_strat-bottomup ran for 0.935 secs (0.927u,0.008s)
Params: n= 290
Tactic call rewrite_strat-bottomup ran for 2.051 secs (2.051u,0.s) (success)
Tactic call rewrite_strat-bottomup-noop ran for 0.007 secs (0.007u,0.s) (success)
Tactic call abstract+rewrite_strat-bottomup ran for 3.103 secs (3.103u,0.s) (success)
Tactic call close-abstract+rewrite_strat-bottomup ran for 1.042 secs (1.042u,0.s)
Params: n= 310
Tactic call rewrite_strat-bottomup ran for 2.569 secs (2.569u,0.s) (success)
Tactic call rewrite_strat-bottomup-noop ran for 0.009 secs (0.009u,0.s) (success)
Tactic call abstract+rewrite_strat-bottomup ran for 3.724 secs (3.724u,0.s) (success)
Tactic call close-abstract+rewrite_strat-bottomup ran for 1.144 secs (1.144u,0.s)
Params: n= 320
Tactic call rewrite_strat-bottomup ran for 2.609 secs (2.609u,0.s) (success)
Tactic call rewrite_strat-bottomup-noop ran for 0.008 secs (0.008u,0.s) (success)
Tactic call abstract+rewrite_strat-bottomup ran for 3.868 secs (3.868u,0.s) (success)
Tactic call close-abstract+rewrite_strat-bottomup ran for 1.249 secs (1.249u,0.s)
Params: n= 330
Tactic call rewrite_strat-bottomup ran for 2.777 secs (2.76u,0.016s) (success)
Tactic call rewrite_strat-bottomup-noop ran for 0.008 secs (0.008u,0.s) (success)
Tactic call abstract+rewrite_strat-bottomup ran for 4.029 secs (4.004u,0.024s) (success)
Tactic call close-abstract+rewrite_strat-bottomup ran for 1.241 secs (1.233u,0.008s)
Params: n= 340
Tactic call rewrite_strat-bottomup ran for 3.064 secs (3.063u,0.s) (success)
Tactic call rewrite_strat-bottomup-noop ran for 0.009 secs (0.009u,0.s) (success)
Tactic call abstract+rewrite_strat-bottomup ran for 4.461 secs (4.461u,0.s) (success)
Tactic call close-abstract+rewrite_strat-bottomup ran for 1.385 secs (1.385u,0.s)
Params: n= 360
Tactic call rewrite_strat-bottomup ran for 3.473 secs (3.473u,0.s) (success)
Tactic call rewrite_strat-bottomup-noop ran for 0.02 secs (0.02u,0.s) (success)
Tactic call abstract+rewrite_strat-bottomup ran for 5.123 secs (5.119u,0.004s) (success)
Tactic call close-abstract+rewrite_strat-bottomup ran for 1.627 secs (1.623u,0.004s)
Params: n= 370
Tactic call rewrite_strat-bottomup ran for 3.553 secs (3.553u,0.s) (success)
Tactic call rewrite_strat-bottomup-noop ran for 0.011 secs (0.011u,0.s) (success)
Tactic call abstract+rewrite_strat-bottomup ran for 5.111 secs (5.111u,0.s) (success)
Tactic call close-abstract+rewrite_strat-bottomup ran for 1.544 secs (1.544u,0.s)
Params: n= 380
Tactic call rewrite_strat-bottomup ran for 3.989 secs (3.981u,0.008s) (success)
Tactic call rewrite_strat-bottomup-noop ran for 0.011 secs (0.011u,0.s) (success)
Tactic call abstract+rewrite_strat-bottomup ran for 5.655 secs (5.635u,0.02s) (success)
Tactic call close-abstract+rewrite_strat-bottomup ran for 1.652 secs (1.64u,0.012s)
Params: n= 390
Tactic call rewrite_strat-bottomup ran for 4.579 secs (4.542u,0.036s) (success)
Tactic call rewrite_strat-bottomup-noop ran for 0.027 secs (0.027u,0.s) (success)
Tactic call abstract+rewrite_strat-bottomup ran for 6.407 secs (6.366u,0.04s) (success)
Tactic call close-abstract+rewrite_strat-bottomup ran for 1.799 secs (1.794u,0.004s)
