Params: n= 50
Tactic call rewrite_strat-bottomup ran for 0.116 secs (0.076u,0.04s) (success)
Tactic call rewrite_strat-bottomup-noop ran for 0. secs (0.u,0.s) (success)
Tactic call abstract+rewrite_strat-bottomup ran for 0.14 secs (0.099u,0.04s) (success)
Tactic call close-abstract+rewrite_strat-bottomup ran for 0.022 secs (0.022u,0.s)
Params: n= 100
Tactic call rewrite_strat-bottomup ran for 0.206 secs (0.205u,0.s) (success)
Tactic call rewrite_strat-bottomup-noop ran for 0.001 secs (0.u,0.s) (success)
Tactic call abstract+rewrite_strat-bottomup ran for 0.307 secs (0.306u,0.s) (success)
Tactic call close-abstract+rewrite_strat-bottomup ran for 0.099 secs (0.099u,0.s)
Params: n= 150
Tactic call rewrite_strat-bottomup ran for 0.433 secs (0.433u,0.s) (success)
Tactic call rewrite_strat-bottomup-noop ran for 0.001 secs (0.001u,0.s) (success)
Tactic call abstract+rewrite_strat-bottomup ran for 0.665 secs (0.661u,0.003s) (success)
Tactic call close-abstract+rewrite_strat-bottomup ran for 0.229 secs (0.226u,0.003s)
Params: n= 200
Tactic call rewrite_strat-bottomup ran for 0.801 secs (0.796u,0.003s) (success)
Tactic call rewrite_strat-bottomup-noop ran for 0.003 secs (0.002u,0.s) (success)
Tactic call abstract+rewrite_strat-bottomup ran for 1.144 secs (1.128u,0.016s) (success)
Tactic call close-abstract+rewrite_strat-bottomup ran for 0.339 secs (0.327u,0.011s)
Params: n= 250
Tactic call rewrite_strat-bottomup ran for 1.282 secs (1.27u,0.011s) (success)
Tactic call rewrite_strat-bottomup-noop ran for 0.003 secs (0.003u,0.s) (success)
Tactic call abstract+rewrite_strat-bottomup ran for 1.89 secs (1.874u,0.015s) (success)
Tactic call close-abstract+rewrite_strat-bottomup ran for 0.603 secs (0.599u,0.003s)
Params: n= 300
Tactic call rewrite_strat-bottomup ran for 1.923 secs (1.898u,0.024s) (success)
Tactic call rewrite_strat-bottomup-noop ran for 0.005 secs (0.005u,0.s) (success)
Tactic call abstract+rewrite_strat-bottomup ran for 2.711 secs (2.683u,0.028s) (success)
Tactic call close-abstract+rewrite_strat-bottomup ran for 0.782 secs (0.778u,0.003s)
Params: n= 350
Tactic call rewrite_strat-bottomup ran for 2.651 secs (2.619u,0.032s) (success)
Tactic call rewrite_strat-bottomup-noop ran for 0.007 secs (0.007u,0.s) (success)
Tactic call abstract+rewrite_strat-bottomup ran for 3.803 secs (3.762u,0.04s) (success)
Tactic call close-abstract+rewrite_strat-bottomup ran for 1.143 secs (1.135u,0.008s)
Params: n= 400
Tactic call rewrite_strat-bottomup ran for 3.795 secs (3.773u,0.02s) (success)
Tactic call rewrite_strat-bottomup-noop ran for 0.009 secs (0.008u,0.s) (success)
Tactic call abstract+rewrite_strat-bottomup ran for 5.208 secs (5.186u,0.02s) (success)
Tactic call close-abstract+rewrite_strat-bottomup ran for 1.403 secs (1.402u,0.s)
