Params: n= 505
Tactic call simpl Denote on PHOAS with big_flat ran for 0.056 secs (0.056u,0.s) (success)
Params: n= 510
Tactic call simpl Denote on PHOAS with big_flat ran for 0.065 secs (0.065u,0.s) (success)
Params: n= 515
Tactic call simpl Denote on PHOAS with big_flat ran for 0.07 secs (0.07u,0.s) (success)
Params: n= 520
Tactic call simpl Denote on PHOAS with big_flat ran for 0.059 secs (0.059u,0.s) (success)
Params: n= 525
Tactic call simpl Denote on PHOAS with big_flat ran for 0.072 secs (0.072u,0.s) (success)
Params: n= 530
Tactic call simpl Denote on PHOAS with big_flat ran for 0.062 secs (0.062u,0.s) (success)
Params: n= 535
Tactic call simpl Denote on PHOAS with big_flat ran for 0.061 secs (0.061u,0.s) (success)
Params: n= 540
Tactic call simpl Denote on PHOAS with big_flat ran for 0.142 secs (0.142u,0.s) (success)
Params: n= 545
Tactic call simpl Denote on PHOAS with big_flat ran for 0.062 secs (0.058u,0.003s) (success)
Params: n= 550
Tactic call simpl Denote on PHOAS with big_flat ran for 0.059 secs (0.059u,0.s) (success)
Params: n= 555
Tactic call simpl Denote on PHOAS with big_flat ran for 0.06 secs (0.06u,0.s) (success)
Params: n= 560
Tactic call simpl Denote on PHOAS with big_flat ran for 0.061 secs (0.061u,0.s) (success)
Params: n= 565
Tactic call simpl Denote on PHOAS with big_flat ran for 0.061 secs (0.061u,0.s) (success)
Params: n= 570
Tactic call simpl Denote on PHOAS with big_flat ran for 0.062 secs (0.062u,0.s) (success)
Params: n= 575
Tactic call simpl Denote on PHOAS with big_flat ran for 0.079 secs (0.079u,0.s) (success)
Params: n= 580
Tactic call simpl Denote on PHOAS with big_flat ran for 0.069 secs (0.065u,0.003s) (success)
Params: n= 585
Tactic call simpl Denote on PHOAS with big_flat ran for 0.081 secs (0.081u,0.s) (success)
Params: n= 590
Tactic call simpl Denote on PHOAS with big_flat ran for 0.157 secs (0.157u,0.s) (success)
Params: n= 595
Tactic call simpl Denote on PHOAS with big_flat ran for 0.068 secs (0.068u,0.s) (success)
Params: n= 600
Tactic call simpl Denote on PHOAS with big_flat ran for 0.094 secs (0.094u,0.s) (success)
Params: n= 605
Tactic call simpl Denote on PHOAS with big_flat ran for 0.068 secs (0.068u,0.s) (success)
Params: n= 610
Tactic call simpl Denote on PHOAS with big_flat ran for 0.069 secs (0.069u,0.s) (success)
Params: n= 615
Tactic call simpl Denote on PHOAS with big_flat ran for 0.072 secs (0.072u,0.s) (success)
Params: n= 620
Tactic call simpl Denote on PHOAS with big_flat ran for 0.084 secs (0.084u,0.s) (success)
Params: n= 625
Tactic call simpl Denote on PHOAS with big_flat ran for 0.087 secs (0.087u,0.s) (success)
Params: n= 630
Tactic call simpl Denote on PHOAS with big_flat ran for 0.158 secs (0.158u,0.s) (success)
Params: n= 635
Tactic call simpl Denote on PHOAS with big_flat ran for 0.073 secs (0.073u,0.s) (success)
Params: n= 640
Tactic call simpl Denote on PHOAS with big_flat ran for 0.096 secs (0.096u,0.s) (success)
Params: n= 645
Tactic call simpl Denote on PHOAS with big_flat ran for 0.079 secs (0.079u,0.s) (success)
Params: n= 650
Tactic call simpl Denote on PHOAS with big_flat ran for 0.076 secs (0.076u,0.s) (success)
Params: n= 655
Tactic call simpl Denote on PHOAS with big_flat ran for 0.074 secs (0.074u,0.s) (success)
Params: n= 660
Tactic call simpl Denote on PHOAS with big_flat ran for 0.088 secs (0.088u,0.s) (success)
Params: n= 665
Tactic call simpl Denote on PHOAS with big_flat ran for 0.074 secs (0.074u,0.s) (success)
Params: n= 670
Tactic call simpl Denote on PHOAS with big_flat ran for 0.076 secs (0.076u,0.s) (success)
Params: n= 675
Tactic call simpl Denote on PHOAS with big_flat ran for 0.077 secs (0.077u,0.s) (success)
Params: n= 680
Tactic call simpl Denote on PHOAS with big_flat ran for 0.08 secs (0.08u,0.s) (success)
Params: n= 685
Tactic call simpl Denote on PHOAS with big_flat ran for 0.077 secs (0.077u,0.s) (success)
Params: n= 690
Tactic call simpl Denote on PHOAS with big_flat ran for 0.079 secs (0.079u,0.s) (success)
Params: n= 695
Tactic call simpl Denote on PHOAS with big_flat ran for 0.078 secs (0.078u,0.s) (success)
Params: n= 700
Tactic call simpl Denote on PHOAS with big_flat ran for 0.081 secs (0.081u,0.s) (success)
Params: n= 705
Tactic call simpl Denote on PHOAS with big_flat ran for 0.082 secs (0.082u,0.s) (success)
Params: n= 710
Tactic call simpl Denote on PHOAS with big_flat ran for 0.082 secs (0.082u,0.s) (success)
Params: n= 715
Tactic call simpl Denote on PHOAS with big_flat ran for 0.082 secs (0.082u,0.s) (success)
Params: n= 720
Tactic call simpl Denote on PHOAS with big_flat ran for 0.082 secs (0.082u,0.s) (success)
Params: n= 725
Tactic call simpl Denote on PHOAS with big_flat ran for 0.082 secs (0.082u,0.s) (success)
Params: n= 730
Tactic call simpl Denote on PHOAS with big_flat ran for 0.081 secs (0.081u,0.s) (success)
Params: n= 735
Tactic call simpl Denote on PHOAS with big_flat ran for 0.081 secs (0.081u,0.s) (success)
Params: n= 740
Tactic call simpl Denote on PHOAS with big_flat ran for 0.08 secs (0.08u,0.s) (success)
Params: n= 745
Tactic call simpl Denote on PHOAS with big_flat ran for 0.09 secs (0.09u,0.s) (success)
Params: n= 750
Tactic call simpl Denote on PHOAS with big_flat ran for 0.084 secs (0.084u,0.s) (success)
Params: n= 755
Tactic call simpl Denote on PHOAS with big_flat ran for 0.087 secs (0.087u,0.s) (success)
Params: n= 760
Tactic call simpl Denote on PHOAS with big_flat ran for 0.086 secs (0.086u,0.s) (success)
Params: n= 765
Tactic call simpl Denote on PHOAS with big_flat ran for 0.086 secs (0.086u,0.s) (success)
Params: n= 770
Tactic call simpl Denote on PHOAS with big_flat ran for 0.088 secs (0.088u,0.s) (success)
Params: n= 775
Tactic call simpl Denote on PHOAS with big_flat ran for 0.086 secs (0.086u,0.s) (success)
Params: n= 780
Tactic call simpl Denote on PHOAS with big_flat ran for 0.089 secs (0.089u,0.s) (success)
Params: n= 785
Tactic call simpl Denote on PHOAS with big_flat ran for 0.092 secs (0.092u,0.s) (success)
Params: n= 790
Tactic call simpl Denote on PHOAS with big_flat ran for 0.088 secs (0.088u,0.s) (success)
Params: n= 795
Tactic call simpl Denote on PHOAS with big_flat ran for 0.088 secs (0.088u,0.s) (success)
Params: n= 800
Tactic call simpl Denote on PHOAS with big_flat ran for 0.09 secs (0.09u,0.s) (success)
Params: n= 805
Tactic call simpl Denote on PHOAS with big_flat ran for 0.091 secs (0.091u,0.s) (success)
Params: n= 810
Tactic call simpl Denote on PHOAS with big_flat ran for 0.092 secs (0.092u,0.s) (success)
Params: n= 815
Tactic call simpl Denote on PHOAS with big_flat ran for 0.095 secs (0.095u,0.s) (success)
Params: n= 820
Tactic call simpl Denote on PHOAS with big_flat ran for 0.095 secs (0.095u,0.s) (success)
Params: n= 825
Tactic call simpl Denote on PHOAS with big_flat ran for 0.091 secs (0.091u,0.s) (success)
Params: n= 830
Tactic call simpl Denote on PHOAS with big_flat ran for 0.094 secs (0.094u,0.s) (success)
Params: n= 835
Tactic call simpl Denote on PHOAS with big_flat ran for 0.094 secs (0.094u,0.s) (success)
Params: n= 840
Tactic call simpl Denote on PHOAS with big_flat ran for 0.091 secs (0.091u,0.s) (success)
Params: n= 845
Tactic call simpl Denote on PHOAS with big_flat ran for 0.092 secs (0.092u,0.s) (success)
Params: n= 850
Tactic call simpl Denote on PHOAS with big_flat ran for 0.092 secs (0.092u,0.s) (success)
Params: n= 855
Tactic call simpl Denote on PHOAS with big_flat ran for 0.095 secs (0.095u,0.s) (success)
Params: n= 860
Tactic call simpl Denote on PHOAS with big_flat ran for 0.092 secs (0.092u,0.s) (success)
Params: n= 865
Tactic call simpl Denote on PHOAS with big_flat ran for 0.094 secs (0.094u,0.s) (success)
Params: n= 870
Tactic call simpl Denote on PHOAS with big_flat ran for 0.096 secs (0.096u,0.s) (success)
Params: n= 875
Tactic call simpl Denote on PHOAS with big_flat ran for 0.097 secs (0.097u,0.s) (success)
Params: n= 880
Tactic call simpl Denote on PHOAS with big_flat ran for 0.096 secs (0.096u,0.s) (success)
Params: n= 885
Tactic call simpl Denote on PHOAS with big_flat ran for 0.102 secs (0.102u,0.s) (success)
Params: n= 890
Tactic call simpl Denote on PHOAS with big_flat ran for 0.101 secs (0.101u,0.s) (success)
Params: n= 895
Tactic call simpl Denote on PHOAS with big_flat ran for 0.101 secs (0.101u,0.s) (success)
Params: n= 900
Tactic call simpl Denote on PHOAS with big_flat ran for 0.101 secs (0.101u,0.s) (success)
Params: n= 905
Tactic call simpl Denote on PHOAS with big_flat ran for 0.105 secs (0.105u,0.s) (success)
Params: n= 910
Tactic call simpl Denote on PHOAS with big_flat ran for 0.103 secs (0.103u,0.s) (success)
Params: n= 915
Tactic call simpl Denote on PHOAS with big_flat ran for 0.1 secs (0.1u,0.s) (success)
Params: n= 920
Tactic call simpl Denote on PHOAS with big_flat ran for 0.108 secs (0.108u,0.s) (success)
Params: n= 925
Tactic call simpl Denote on PHOAS with big_flat ran for 0.109 secs (0.109u,0.s) (success)
Params: n= 930
Tactic call simpl Denote on PHOAS with big_flat ran for 0.105 secs (0.105u,0.s) (success)
Params: n= 935
Tactic call simpl Denote on PHOAS with big_flat ran for 0.106 secs (0.106u,0.s) (success)
Params: n= 940
Tactic call simpl Denote on PHOAS with big_flat ran for 0.108 secs (0.108u,0.s) (success)
Params: n= 945
Tactic call simpl Denote on PHOAS with big_flat ran for 0.106 secs (0.106u,0.s) (success)
Params: n= 950
Tactic call simpl Denote on PHOAS with big_flat ran for 0.109 secs (0.109u,0.s) (success)
Params: n= 955
Tactic call simpl Denote on PHOAS with big_flat ran for 0.108 secs (0.108u,0.s) (success)
Params: n= 960
Tactic call simpl Denote on PHOAS with big_flat ran for 0.102 secs (0.102u,0.s) (success)
Params: n= 965
Tactic call simpl Denote on PHOAS with big_flat ran for 0.11 secs (0.109u,0.s) (success)
Params: n= 970
Tactic call simpl Denote on PHOAS with big_flat ran for 0.103 secs (0.103u,0.s) (success)
Params: n= 975
Tactic call simpl Denote on PHOAS with big_flat ran for 0.111 secs (0.111u,0.s) (success)
Params: n= 980
Tactic call simpl Denote on PHOAS with big_flat ran for 0.111 secs (0.111u,0.s) (success)
Params: n= 985
Tactic call simpl Denote on PHOAS with big_flat ran for 0.109 secs (0.109u,0.s) (success)
Params: n= 990
Tactic call simpl Denote on PHOAS with big_flat ran for 0.108 secs (0.108u,0.s) (success)
Params: n= 995
Tactic call simpl Denote on PHOAS with big_flat ran for 0.121 secs (0.121u,0.s) (success)
Params: n= 1000
Tactic call simpl Denote on PHOAS with big_flat ran for 0.112 secs (0.112u,0.s) (success)
Params: n= 1010
Tactic call simpl Denote on PHOAS with big_flat ran for 0.111 secs (0.111u,0.s) (success)
Params: n= 1020
Tactic call simpl Denote on PHOAS with big_flat ran for 0.12 secs (0.116u,0.003s) (success)
Params: n= 1030
Tactic call simpl Denote on PHOAS with big_flat ran for 0.121 secs (0.121u,0.s) (success)
Params: n= 1040
Tactic call simpl Denote on PHOAS with big_flat ran for 0.116 secs (0.116u,0.s) (success)
Params: n= 1050
Tactic call simpl Denote on PHOAS with big_flat ran for 0.114 secs (0.114u,0.s) (success)
Params: n= 1060
Tactic call simpl Denote on PHOAS with big_flat ran for 0.119 secs (0.119u,0.s) (success)
Params: n= 1070
Tactic call simpl Denote on PHOAS with big_flat ran for 0.118 secs (0.118u,0.s) (success)
Params: n= 1080
Tactic call simpl Denote on PHOAS with big_flat ran for 0.118 secs (0.118u,0.s) (success)
Params: n= 1090
Tactic call simpl Denote on PHOAS with big_flat ran for 0.116 secs (0.116u,0.s) (success)
Params: n= 1100
Tactic call simpl Denote on PHOAS with big_flat ran for 0.121 secs (0.121u,0.s) (success)
Params: n= 1110
Tactic call simpl Denote on PHOAS with big_flat ran for 0.121 secs (0.121u,0.s) (success)
Params: n= 1120
Tactic call simpl Denote on PHOAS with big_flat ran for 0.119 secs (0.119u,0.s) (success)
Params: n= 1130
Tactic call simpl Denote on PHOAS with big_flat ran for 0.121 secs (0.121u,0.s) (success)
Params: n= 1140
Tactic call simpl Denote on PHOAS with big_flat ran for 0.128 secs (0.124u,0.003s) (success)
Params: n= 1150
Tactic call simpl Denote on PHOAS with big_flat ran for 0.129 secs (0.129u,0.s) (success)
Params: n= 1160
Tactic call simpl Denote on PHOAS with big_flat ran for 0.127 secs (0.127u,0.s) (success)
Params: n= 1170
Tactic call simpl Denote on PHOAS with big_flat ran for 0.127 secs (0.127u,0.s) (success)
Params: n= 1180
Tactic call simpl Denote on PHOAS with big_flat ran for 0.146 secs (0.146u,0.s) (success)
Params: n= 1190
Tactic call simpl Denote on PHOAS with big_flat ran for 0.142 secs (0.142u,0.s) (success)
Params: n= 1200
Tactic call simpl Denote on PHOAS with big_flat ran for 0.138 secs (0.138u,0.s) (success)
Params: n= 1210
Tactic call simpl Denote on PHOAS with big_flat ran for 0.139 secs (0.139u,0.s) (success)
Params: n= 1220
Tactic call simpl Denote on PHOAS with big_flat ran for 0.139 secs (0.139u,0.s) (success)
Params: n= 1230
Tactic call simpl Denote on PHOAS with big_flat ran for 0.133 secs (0.133u,0.s) (success)
Params: n= 1240
Tactic call simpl Denote on PHOAS with big_flat ran for 0.137 secs (0.137u,0.s) (success)
Params: n= 1250
Tactic call simpl Denote on PHOAS with big_flat ran for 0.14 secs (0.14u,0.s) (success)
Params: n= 1260
Tactic call simpl Denote on PHOAS with big_flat ran for 0.142 secs (0.142u,0.s) (success)
Params: n= 1270
Tactic call simpl Denote on PHOAS with big_flat ran for 0.147 secs (0.147u,0.s) (success)
Params: n= 1280
Tactic call simpl Denote on PHOAS with big_flat ran for 0.146 secs (0.142u,0.003s) (success)
Params: n= 1290
Tactic call simpl Denote on PHOAS with big_flat ran for 0.143 secs (0.143u,0.s) (success)
Params: n= 1300
Tactic call simpl Denote on PHOAS with big_flat ran for 0.138 secs (0.138u,0.s) (success)
Params: n= 1310
Tactic call simpl Denote on PHOAS with big_flat ran for 0.147 secs (0.147u,0.s) (success)
Params: n= 1320
Tactic call simpl Denote on PHOAS with big_flat ran for 0.145 secs (0.145u,0.s) (success)
Params: n= 1330
Tactic call simpl Denote on PHOAS with big_flat ran for 0.147 secs (0.147u,0.s) (success)
Params: n= 1340
Tactic call simpl Denote on PHOAS with big_flat ran for 0.152 secs (0.152u,0.s) (success)
Params: n= 1350
Tactic call simpl Denote on PHOAS with big_flat ran for 0.159 secs (0.159u,0.s) (success)
Params: n= 1360
Tactic call simpl Denote on PHOAS with big_flat ran for 0.151 secs (0.151u,0.s) (success)
Params: n= 1370
Tactic call simpl Denote on PHOAS with big_flat ran for 0.153 secs (0.149u,0.003s) (success)
Params: n= 1380
Tactic call simpl Denote on PHOAS with big_flat ran for 0.162 secs (0.162u,0.s) (success)
Params: n= 1390
Tactic call simpl Denote on PHOAS with big_flat ran for 0.167 secs (0.167u,0.s) (success)
Params: n= 1400
Tactic call simpl Denote on PHOAS with big_flat ran for 0.164 secs (0.164u,0.s) (success)
Params: n= 1410
Tactic call simpl Denote on PHOAS with big_flat ran for 0.157 secs (0.157u,0.s) (success)
Params: n= 1420
Tactic call simpl Denote on PHOAS with big_flat ran for 0.16 secs (0.16u,0.s) (success)
Params: n= 1430
Tactic call simpl Denote on PHOAS with big_flat ran for 0.158 secs (0.158u,0.s) (success)
Params: n= 1440
Tactic call simpl Denote on PHOAS with big_flat ran for 0.157 secs (0.157u,0.s) (success)
Params: n= 1450
Tactic call simpl Denote on PHOAS with big_flat ran for 0.156 secs (0.156u,0.s) (success)
Params: n= 1460
Tactic call simpl Denote on PHOAS with big_flat ran for 0.162 secs (0.162u,0.s) (success)
Params: n= 1470
Tactic call simpl Denote on PHOAS with big_flat ran for 0.157 secs (0.157u,0.s) (success)
Params: n= 1480
Tactic call simpl Denote on PHOAS with big_flat ran for 0.162 secs (0.162u,0.s) (success)
Params: n= 1490
Tactic call simpl Denote on PHOAS with big_flat ran for 0.161 secs (0.161u,0.s) (success)
Params: n= 1500
Tactic call simpl Denote on PHOAS with big_flat ran for 0.161 secs (0.161u,0.s) (success)
Params: n= 1510
Tactic call simpl Denote on PHOAS with big_flat ran for 0.163 secs (0.163u,0.s) (success)
Params: n= 1520
Tactic call simpl Denote on PHOAS with big_flat ran for 0.173 secs (0.173u,0.s) (success)
Params: n= 1530
Tactic call simpl Denote on PHOAS with big_flat ran for 0.172 secs (0.172u,0.s) (success)
Params: n= 1540
Tactic call simpl Denote on PHOAS with big_flat ran for 0.173 secs (0.173u,0.s) (success)
Params: n= 1550
Tactic call simpl Denote on PHOAS with big_flat ran for 0.173 secs (0.173u,0.s) (success)
Params: n= 1560
Tactic call simpl Denote on PHOAS with big_flat ran for 0.181 secs (0.181u,0.s) (success)
Params: n= 1570
Tactic call simpl Denote on PHOAS with big_flat ran for 0.176 secs (0.176u,0.s) (success)
Params: n= 1580
Tactic call simpl Denote on PHOAS with big_flat ran for 0.174 secs (0.174u,0.s) (success)
Params: n= 1590
Tactic call simpl Denote on PHOAS with big_flat ran for 0.17 secs (0.17u,0.s) (success)
Params: n= 1600
Tactic call simpl Denote on PHOAS with big_flat ran for 0.17 secs (0.17u,0.s) (success)
Params: n= 1610
Tactic call simpl Denote on PHOAS with big_flat ran for 0.171 secs (0.17u,0.s) (success)
Params: n= 1620
Tactic call simpl Denote on PHOAS with big_flat ran for 0.176 secs (0.176u,0.s) (success)
Params: n= 1630
Tactic call simpl Denote on PHOAS with big_flat ran for 0.175 secs (0.175u,0.s) (success)
Params: n= 1640
Tactic call simpl Denote on PHOAS with big_flat ran for 0.173 secs (0.173u,0.s) (success)
Params: n= 1650
Tactic call simpl Denote on PHOAS with big_flat ran for 0.179 secs (0.175u,0.003s) (success)
Params: n= 1660
Tactic call simpl Denote on PHOAS with big_flat ran for 0.186 secs (0.186u,0.s) (success)
Params: n= 1670
Tactic call simpl Denote on PHOAS with big_flat ran for 0.189 secs (0.189u,0.s) (success)
Params: n= 1680
Tactic call simpl Denote on PHOAS with big_flat ran for 0.187 secs (0.187u,0.s) (success)
Params: n= 1690
Tactic call simpl Denote on PHOAS with big_flat ran for 0.193 secs (0.193u,0.s) (success)
Params: n= 1700
Tactic call simpl Denote on PHOAS with big_flat ran for 0.199 secs (0.199u,0.s) (success)
Params: n= 1710
Tactic call simpl Denote on PHOAS with big_flat ran for 0.185 secs (0.185u,0.s) (success)
Params: n= 1720
Tactic call simpl Denote on PHOAS with big_flat ran for 0.187 secs (0.187u,0.s) (success)
Params: n= 1730
Tactic call simpl Denote on PHOAS with big_flat ran for 0.195 secs (0.195u,0.s) (success)
Params: n= 1740
Tactic call simpl Denote on PHOAS with big_flat ran for 0.185 secs (0.185u,0.s) (success)
Params: n= 1750
Tactic call simpl Denote on PHOAS with big_flat ran for 0.191 secs (0.191u,0.s) (success)
Params: n= 1760
Tactic call simpl Denote on PHOAS with big_flat ran for 0.19 secs (0.19u,0.s) (success)
Params: n= 1770
Tactic call simpl Denote on PHOAS with big_flat ran for 0.192 secs (0.192u,0.s) (success)
Params: n= 1780
Tactic call simpl Denote on PHOAS with big_flat ran for 0.203 secs (0.203u,0.s) (success)
Params: n= 1790
Tactic call simpl Denote on PHOAS with big_flat ran for 0.21 secs (0.21u,0.s) (success)
Params: n= 1800
Tactic call simpl Denote on PHOAS with big_flat ran for 0.207 secs (0.207u,0.s) (success)
Params: n= 1810
Tactic call simpl Denote on PHOAS with big_flat ran for 0.21 secs (0.21u,0.s) (success)
Params: n= 1820
Tactic call simpl Denote on PHOAS with big_flat ran for 0.21 secs (0.21u,0.s) (success)
Params: n= 1830
Tactic call simpl Denote on PHOAS with big_flat ran for 0.212 secs (0.212u,0.s) (success)
Params: n= 1840
Tactic call simpl Denote on PHOAS with big_flat ran for 0.22 secs (0.22u,0.s) (success)
Params: n= 1850
Tactic call simpl Denote on PHOAS with big_flat ran for 0.226 secs (0.226u,0.s) (success)
Params: n= 1860
Tactic call simpl Denote on PHOAS with big_flat ran for 0.205 secs (0.205u,0.s) (success)
Params: n= 1870
Tactic call simpl Denote on PHOAS with big_flat ran for 0.199 secs (0.199u,0.s) (success)
Params: n= 1880
Tactic call simpl Denote on PHOAS with big_flat ran for 0.2 secs (0.2u,0.s) (success)
Params: n= 1890
Tactic call simpl Denote on PHOAS with big_flat ran for 0.216 secs (0.216u,0.s) (success)
Params: n= 1900
Tactic call simpl Denote on PHOAS with big_flat ran for 0.205 secs (0.205u,0.s) (success)
Params: n= 1910
Tactic call simpl Denote on PHOAS with big_flat ran for 0.222 secs (0.222u,0.s) (success)
Params: n= 1920
Tactic call simpl Denote on PHOAS with big_flat ran for 0.214 secs (0.214u,0.s) (success)
Params: n= 1930
Tactic call simpl Denote on PHOAS with big_flat ran for 0.221 secs (0.221u,0.s) (success)
Params: n= 1940
Tactic call simpl Denote on PHOAS with big_flat ran for 0.218 secs (0.218u,0.s) (success)
Params: n= 1950
Tactic call simpl Denote on PHOAS with big_flat ran for 0.225 secs (0.225u,0.s) (success)
Params: n= 1960
Tactic call simpl Denote on PHOAS with big_flat ran for 0.224 secs (0.224u,0.s) (success)
Params: n= 1970
Tactic call simpl Denote on PHOAS with big_flat ran for 0.225 secs (0.225u,0.s) (success)
Params: n= 1980
Tactic call simpl Denote on PHOAS with big_flat ran for 0.222 secs (0.222u,0.s) (success)
Params: n= 1990
Tactic call simpl Denote on PHOAS with big_flat ran for 0.241 secs (0.241u,0.s) (success)
Params: n= 2000
Tactic call simpl Denote on PHOAS with big_flat ran for 0.235 secs (0.232u,0.s) (success)
Params: n= 2050
Tactic call simpl Denote on PHOAS with big_flat ran for 0.233 secs (0.233u,0.s) (success)
Params: n= 2100
Tactic call simpl Denote on PHOAS with big_flat ran for 0.241 secs (0.241u,0.s) (success)
Params: n= 2150
Tactic call simpl Denote on PHOAS with big_flat ran for 0.241 secs (0.241u,0.s) (success)
Params: n= 2200
Tactic call simpl Denote on PHOAS with big_flat ran for 0.254 secs (0.254u,0.s) (success)
Params: n= 2250
Tactic call simpl Denote on PHOAS with big_flat ran for 0.249 secs (0.249u,0.s) (success)
Params: n= 2300
Tactic call simpl Denote on PHOAS with big_flat ran for 0.263 secs (0.263u,0.s) (success)
Params: n= 2350
Tactic call simpl Denote on PHOAS with big_flat ran for 0.276 secs (0.275u,0.s) (success)
Params: n= 2400
Tactic call simpl Denote on PHOAS with big_flat ran for 0.273 secs (0.269u,0.003s) (success)
Params: n= 2450
Tactic call simpl Denote on PHOAS with big_flat ran for 0.273 secs (0.273u,0.s) (success)
Params: n= 2500
Tactic call simpl Denote on PHOAS with big_flat ran for 0.271 secs (0.271u,0.s) (success)
Params: n= 2550
Tactic call simpl Denote on PHOAS with big_flat ran for 0.293 secs (0.293u,0.s) (success)
Params: n= 2600
Tactic call simpl Denote on PHOAS with big_flat ran for 0.297 secs (0.297u,0.s) (success)
Params: n= 2650
Tactic call simpl Denote on PHOAS with big_flat ran for 0.29 secs (0.286u,0.003s) (success)
Params: n= 2700
Tactic call simpl Denote on PHOAS with big_flat ran for 0.3 secs (0.296u,0.004s) (success)
Params: n= 2750
Tactic call simpl Denote on PHOAS with big_flat ran for 0.297 secs (0.297u,0.s) (success)
Params: n= 2800
Tactic call simpl Denote on PHOAS with big_flat ran for 0.301 secs (0.301u,0.s) (success)
Params: n= 2850
Tactic call simpl Denote on PHOAS with big_flat ran for 0.324 secs (0.32u,0.004s) (success)
Params: n= 2900
Tactic call simpl Denote on PHOAS with big_flat ran for 0.321 secs (0.321u,0.s) (success)
Params: n= 2950
Tactic call simpl Denote on PHOAS with big_flat ran for 0.329 secs (0.329u,0.s) (success)
Params: n= 3000
Tactic call simpl Denote on PHOAS with big_flat ran for 0.332 secs (0.332u,0.s) (success)
Params: n= 3050
Tactic call simpl Denote on PHOAS with big_flat ran for 0.348 secs (0.348u,0.s) (success)
Params: n= 3100
Tactic call simpl Denote on PHOAS with big_flat ran for 0.345 secs (0.345u,0.s) (success)
Params: n= 3150
Tactic call simpl Denote on PHOAS with big_flat ran for 0.35 secs (0.35u,0.s) (success)
Params: n= 3200
Tactic call simpl Denote on PHOAS with big_flat ran for 0.359 secs (0.359u,0.s) (success)
Params: n= 3250
Tactic call simpl Denote on PHOAS with big_flat ran for 0.361 secs (0.361u,0.s) (success)
Params: n= 3300
Tactic call simpl Denote on PHOAS with big_flat ran for 0.359 secs (0.359u,0.s) (success)
Params: n= 3350
Tactic call simpl Denote on PHOAS with big_flat ran for 0.387 secs (0.383u,0.003s) (success)
Params: n= 3400
Tactic call simpl Denote on PHOAS with big_flat ran for 0.375 secs (0.375u,0.s) (success)
Params: n= 3450
Tactic call simpl Denote on PHOAS with big_flat ran for 0.382 secs (0.382u,0.s) (success)
Params: n= 3500
Tactic call simpl Denote on PHOAS with big_flat ran for 0.377 secs (0.377u,0.s) (success)
Params: n= 3550
Tactic call simpl Denote on PHOAS with big_flat ran for 0.399 secs (0.399u,0.s) (success)
Params: n= 3600
Tactic call simpl Denote on PHOAS with big_flat ran for 0.406 secs (0.406u,0.s) (success)
Params: n= 3650
Tactic call simpl Denote on PHOAS with big_flat ran for 0.406 secs (0.406u,0.s) (success)
Params: n= 3700
Tactic call simpl Denote on PHOAS with big_flat ran for 0.41 secs (0.41u,0.s) (success)
Params: n= 3750
Tactic call simpl Denote on PHOAS with big_flat ran for 0.424 secs (0.424u,0.s) (success)
Params: n= 3800
Tactic call simpl Denote on PHOAS with big_flat ran for 0.429 secs (0.429u,0.s) (success)
Params: n= 3850
Tactic call simpl Denote on PHOAS with big_flat ran for 0.423 secs (0.423u,0.s) (success)
Params: n= 3900
Tactic call simpl Denote on PHOAS with big_flat ran for 0.437 secs (0.437u,0.s) (success)
Params: n= 3950
Tactic call simpl Denote on PHOAS with big_flat ran for 0.443 secs (0.443u,0.s) (success)
Params: n= 4000
Tactic call simpl Denote on PHOAS with big_flat ran for 0.447 secs (0.447u,0.s) (success)
Params: n= 4050
Tactic call simpl Denote on PHOAS with big_flat ran for 0.452 secs (0.452u,0.s) (success)
Params: n= 4100
Tactic call simpl Denote on PHOAS with big_flat ran for 0.448 secs (0.448u,0.s) (success)
Params: n= 4150
Tactic call simpl Denote on PHOAS with big_flat ran for 0.48 secs (0.48u,0.s) (success)
Params: n= 4200
Tactic call simpl Denote on PHOAS with big_flat ran for 0.471 secs (0.471u,0.s) (success)
Params: n= 4250
Tactic call simpl Denote on PHOAS with big_flat ran for 0.493 secs (0.493u,0.s) (success)
Params: n= 4300
Tactic call simpl Denote on PHOAS with big_flat ran for 0.496 secs (0.496u,0.s) (success)
Params: n= 4350
Tactic call simpl Denote on PHOAS with big_flat ran for 0.491 secs (0.491u,0.s) (success)
Params: n= 4400
Tactic call simpl Denote on PHOAS with big_flat ran for 0.51 secs (0.51u,0.s) (success)
Params: n= 4450
Tactic call simpl Denote on PHOAS with big_flat ran for 0.515 secs (0.514u,0.s) (success)
Params: n= 4500
Tactic call simpl Denote on PHOAS with big_flat ran for 0.5 secs (0.5u,0.s) (success)
Params: n= 4550
Tactic call simpl Denote on PHOAS with big_flat ran for 0.508 secs (0.508u,0.s) (success)
Params: n= 4600
Tactic call simpl Denote on PHOAS with big_flat ran for 0.508 secs (0.508u,0.s) (success)
Params: n= 4650
Tactic call simpl Denote on PHOAS with big_flat ran for 0.504 secs (0.504u,0.s) (success)
Params: n= 4700
Tactic call simpl Denote on PHOAS with big_flat ran for 0.512 secs (0.512u,0.s) (success)
Params: n= 4750
Tactic call simpl Denote on PHOAS with big_flat ran for 0.547 secs (0.547u,0.s) (success)
Params: n= 4800
Tactic call simpl Denote on PHOAS with big_flat ran for 0.539 secs (0.539u,0.s) (success)
Params: n= 4850
Tactic call simpl Denote on PHOAS with big_flat ran for 0.537 secs (0.537u,0.s) (success)
Params: n= 4900
Tactic call simpl Denote on PHOAS with big_flat ran for 0.553 secs (0.553u,0.s) (success)
Params: n= 4950
Tactic call simpl Denote on PHOAS with big_flat ran for 0.549 secs (0.549u,0.s) (success)
Params: n= 5000
Tactic call simpl Denote on PHOAS with big_flat ran for 0.561 secs (0.561u,0.s) (success)
Params: n= 5050
Tactic call simpl Denote on PHOAS with big_flat ran for 0.574 secs (0.574u,0.s) (success)
Params: n= 5100
Tactic call simpl Denote on PHOAS with big_flat ran for 0.563 secs (0.563u,0.s) (success)
Params: n= 5150
Tactic call simpl Denote on PHOAS with big_flat ran for 0.583 secs (0.583u,0.s) (success)
Params: n= 5200
Tactic call simpl Denote on PHOAS with big_flat ran for 0.579 secs (0.579u,0.s) (success)
Params: n= 5250
Tactic call simpl Denote on PHOAS with big_flat ran for 0.582 secs (0.582u,0.s) (success)
Params: n= 5300
Tactic call simpl Denote on PHOAS with big_flat ran for 0.59 secs (0.59u,0.s) (success)
Params: n= 5350
Tactic call simpl Denote on PHOAS with big_flat ran for 0.605 secs (0.605u,0.s) (success)
Params: n= 5400
Tactic call simpl Denote on PHOAS with big_flat ran for 0.614 secs (0.614u,0.s) (success)
Params: n= 5450
Tactic call simpl Denote on PHOAS with big_flat ran for 0.592 secs (0.592u,0.s) (success)
Params: n= 5500
Tactic call simpl Denote on PHOAS with big_flat ran for 0.622 secs (0.618u,0.003s) (success)
Params: n= 5550
Tactic call simpl Denote on PHOAS with big_flat ran for 0.629 secs (0.629u,0.s) (success)
Params: n= 5600
Tactic call simpl Denote on PHOAS with big_flat ran for 0.639 secs (0.639u,0.s) (success)
Params: n= 5650
Tactic call simpl Denote on PHOAS with big_flat ran for 0.625 secs (0.625u,0.s) (success)
Params: n= 5700
Tactic call simpl Denote on PHOAS with big_flat ran for 0.65 secs (0.65u,0.s) (success)
Params: n= 5750
Tactic call simpl Denote on PHOAS with big_flat ran for 0.664 secs (0.664u,0.s) (success)
Params: n= 5800
Tactic call simpl Denote on PHOAS with big_flat ran for 0.659 secs (0.659u,0.s) (success)
Params: n= 5850
Tactic call simpl Denote on PHOAS with big_flat ran for 0.682 secs (0.682u,0.s) (success)
Params: n= 5900
Tactic call simpl Denote on PHOAS with big_flat ran for 0.691 secs (0.691u,0.s) (success)
Params: n= 5950
Tactic call simpl Denote on PHOAS with big_flat ran for 0.676 secs (0.676u,0.s) (success)
Params: n= 6000
Tactic call simpl Denote on PHOAS with big_flat ran for 0.687 secs (0.687u,0.s) (success)
Params: n= 6050
Tactic call simpl Denote on PHOAS with big_flat ran for 0.69 secs (0.69u,0.s) (success)
Params: n= 6100
Tactic call simpl Denote on PHOAS with big_flat ran for 0.69 secs (0.689u,0.s) (success)
Params: n= 6150
Tactic call simpl Denote on PHOAS with big_flat ran for 0.689 secs (0.689u,0.s) (success)
Params: n= 6200
Tactic call simpl Denote on PHOAS with big_flat ran for 0.712 secs (0.704u,0.007s) (success)
Params: n= 6250
Tactic call simpl Denote on PHOAS with big_flat ran for 0.731 secs (0.731u,0.s) (success)
Params: n= 6300
Tactic call simpl Denote on PHOAS with big_flat ran for 0.724 secs (0.724u,0.s) (success)
Params: n= 6350
Tactic call simpl Denote on PHOAS with big_flat ran for 0.692 secs (0.688u,0.004s) (success)
Params: n= 6400
Tactic call simpl Denote on PHOAS with big_flat ran for 0.725 secs (0.721u,0.004s) (success)
Params: n= 6450
Tactic call simpl Denote on PHOAS with big_flat ran for 0.753 secs (0.749u,0.004s) (success)
Params: n= 6500
Tactic call simpl Denote on PHOAS with big_flat ran for 0.744 secs (0.74u,0.003s) (success)
Params: n= 6550
Tactic call simpl Denote on PHOAS with big_flat ran for 0.758 secs (0.758u,0.s) (success)
Params: n= 6600
Tactic call simpl Denote on PHOAS with big_flat ran for 0.765 secs (0.765u,0.s) (success)
Params: n= 6650
Tactic call simpl Denote on PHOAS with big_flat ran for 0.747 secs (0.747u,0.s) (success)
Params: n= 6700
Tactic call simpl Denote on PHOAS with big_flat ran for 0.768 secs (0.768u,0.s) (success)
Params: n= 6750
Tactic call simpl Denote on PHOAS with big_flat ran for 0.785 secs (0.785u,0.s) (success)
Params: n= 6800
Tactic call simpl Denote on PHOAS with big_flat ran for 0.775 secs (0.775u,0.s) (success)
Params: n= 6850
Tactic call simpl Denote on PHOAS with big_flat ran for 0.809 secs (0.809u,0.s) (success)
Params: n= 6900
Tactic call simpl Denote on PHOAS with big_flat ran for 0.767 secs (0.767u,0.s) (success)
Params: n= 6950
Tactic call simpl Denote on PHOAS with big_flat ran for 0.774 secs (0.774u,0.s) (success)
Params: n= 7000
Tactic call simpl Denote on PHOAS with big_flat ran for 0.811 secs (0.81u,0.s) (success)
Params: n= 7050
Tactic call simpl Denote on PHOAS with big_flat ran for 0.795 secs (0.795u,0.s) (success)
Params: n= 7100
Tactic call simpl Denote on PHOAS with big_flat ran for 0.817 secs (0.817u,0.s) (success)
Params: n= 7150
Tactic call simpl Denote on PHOAS with big_flat ran for 0.834 secs (0.834u,0.s) (success)
Params: n= 7200
Tactic call simpl Denote on PHOAS with big_flat ran for 0.805 secs (0.805u,0.s) (success)
Params: n= 7250
Tactic call simpl Denote on PHOAS with big_flat ran for 0.825 secs (0.825u,0.s) (success)
Params: n= 7300
Tactic call simpl Denote on PHOAS with big_flat ran for 0.828 secs (0.828u,0.s) (success)
Params: n= 7350
Tactic call simpl Denote on PHOAS with big_flat ran for 0.868 secs (0.868u,0.s) (success)
Params: n= 7400
Tactic call simpl Denote on PHOAS with big_flat ran for 0.863 secs (0.859u,0.s) (success)
Params: n= 7450
Tactic call simpl Denote on PHOAS with big_flat ran for 0.859 secs (0.859u,0.s) (success)
Params: n= 7500
Tactic call simpl Denote on PHOAS with big_flat ran for 0.857 secs (0.853u,0.003s) (success)
Params: n= 7550
Tactic call simpl Denote on PHOAS with big_flat ran for 0.87 secs (0.87u,0.s) (success)
Params: n= 7600
Tactic call simpl Denote on PHOAS with big_flat ran for 0.845 secs (0.845u,0.s) (success)
Params: n= 7650
Tactic call simpl Denote on PHOAS with big_flat ran for 0.86 secs (0.859u,0.s) (success)
Params: n= 7700
Tactic call simpl Denote on PHOAS with big_flat ran for 0.879 secs (0.879u,0.s) (success)
Params: n= 7750
Tactic call simpl Denote on PHOAS with big_flat ran for 0.908 secs (0.908u,0.s) (success)
Params: n= 7800
Tactic call simpl Denote on PHOAS with big_flat ran for 0.881 secs (0.881u,0.s) (success)
Params: n= 7850
Tactic call simpl Denote on PHOAS with big_flat ran for 0.908 secs (0.908u,0.s) (success)
Params: n= 7900
Tactic call simpl Denote on PHOAS with big_flat ran for 0.958 secs (0.958u,0.s) (success)
Params: n= 7950
Tactic call simpl Denote on PHOAS with big_flat ran for 0.945 secs (0.945u,0.s) (success)
Params: n= 8000
Tactic call simpl Denote on PHOAS with big_flat ran for 0.929 secs (0.929u,0.s) (success)
Params: n= 8050
Tactic call simpl Denote on PHOAS with big_flat ran for 0.925 secs (0.925u,0.s) (success)
Params: n= 8100
Tactic call simpl Denote on PHOAS with big_flat ran for 0.949 secs (0.949u,0.s) (success)
Params: n= 8150
Tactic call simpl Denote on PHOAS with big_flat ran for 0.951 secs (0.951u,0.s) (success)
Params: n= 8200
Tactic call simpl Denote on PHOAS with big_flat ran for 0.963 secs (0.963u,0.s) (success)
Params: n= 8250
Tactic call simpl Denote on PHOAS with big_flat ran for 0.961 secs (0.961u,0.s) (success)
Params: n= 8300
Tactic call simpl Denote on PHOAS with big_flat ran for 0.943 secs (0.943u,0.s) (success)
Params: n= 8350
Tactic call simpl Denote on PHOAS with big_flat ran for 0.97 secs (0.97u,0.s) (success)
Params: n= 8400
Tactic call simpl Denote on PHOAS with big_flat ran for 0.944 secs (0.944u,0.s) (success)
Params: n= 8450
Tactic call simpl Denote on PHOAS with big_flat ran for 0.945 secs (0.945u,0.s) (success)
Params: n= 8500
Tactic call simpl Denote on PHOAS with big_flat ran for 0.952 secs (0.952u,0.s) (success)
Params: n= 8550
Tactic call simpl Denote on PHOAS with big_flat ran for 0.987 secs (0.987u,0.s) (success)
Params: n= 8600
Tactic call simpl Denote on PHOAS with big_flat ran for 0.99 secs (0.99u,0.s) (success)
Params: n= 8650
Tactic call simpl Denote on PHOAS with big_flat ran for 0.966 secs (0.965u,0.s) (success)
Params: n= 8700
Tactic call simpl Denote on PHOAS with big_flat ran for 0.99 secs (0.986u,0.003s) (success)
Params: n= 8750
Tactic call simpl Denote on PHOAS with big_flat ran for 0.999 secs (0.999u,0.s) (success)
Params: n= 8800
Tactic call simpl Denote on PHOAS with big_flat ran for 1.019 secs (1.019u,0.s) (success)
Params: n= 8850
Tactic call simpl Denote on PHOAS with big_flat ran for 1. secs (1.u,0.s) (success)
Params: n= 8900
Tactic call simpl Denote on PHOAS with big_flat ran for 1.012 secs (1.012u,0.s) (success)
Params: n= 8950
Tactic call simpl Denote on PHOAS with big_flat ran for 1.015 secs (1.015u,0.s) (success)
Params: n= 9000
Tactic call simpl Denote on PHOAS with big_flat ran for 1.037 secs (1.037u,0.s) (success)
Params: n= 9050
Tactic call simpl Denote on PHOAS with big_flat ran for 1.054 secs (1.054u,0.s) (success)
Params: n= 9100
Tactic call simpl Denote on PHOAS with big_flat ran for 1.036 secs (1.036u,0.s) (success)
Params: n= 9150
Tactic call simpl Denote on PHOAS with big_flat ran for 1.052 secs (1.052u,0.s) (success)
Params: n= 9200
Tactic call simpl Denote on PHOAS with big_flat ran for 1.071 secs (1.071u,0.s) (success)
Params: n= 9250
Tactic call simpl Denote on PHOAS with big_flat ran for 1.046 secs (1.046u,0.s) (success)
Params: n= 9300
Tactic call simpl Denote on PHOAS with big_flat ran for 1.064 secs (1.064u,0.s) (success)
Params: n= 9350
Tactic call simpl Denote on PHOAS with big_flat ran for 1.052 secs (1.051u,0.s) (success)
Params: n= 9400
Tactic call simpl Denote on PHOAS with big_flat ran for 1.093 secs (1.093u,0.s) (success)
Params: n= 9450
Tactic call simpl Denote on PHOAS with big_flat ran for 1.091 secs (1.091u,0.s) (success)
Params: n= 9500
Tactic call simpl Denote on PHOAS with big_flat ran for 1.086 secs (1.086u,0.s) (success)
Params: n= 9550
Tactic call simpl Denote on PHOAS with big_flat ran for 1.095 secs (1.095u,0.s) (success)
Params: n= 9600
Tactic call simpl Denote on PHOAS with big_flat ran for 1.095 secs (1.095u,0.s) (success)
Params: n= 9650
Tactic call simpl Denote on PHOAS with big_flat ran for 1.065 secs (1.065u,0.s) (success)
Params: n= 9700
Tactic call simpl Denote on PHOAS with big_flat ran for 1.116 secs (1.116u,0.s) (success)
Params: n= 9750
Tactic call simpl Denote on PHOAS with big_flat ran for 1.114 secs (1.114u,0.s) (success)
Params: n= 9800
Tactic call simpl Denote on PHOAS with big_flat ran for 1.091 secs (1.091u,0.s) (success)
Params: n= 9850
Tactic call simpl Denote on PHOAS with big_flat ran for 1.138 secs (1.138u,0.s) (success)
Params: n= 9900
Tactic call simpl Denote on PHOAS with big_flat ran for 1.149 secs (1.149u,0.s) (success)
Params: n= 9950
Tactic call simpl Denote on PHOAS with big_flat ran for 1.197 secs (1.197u,0.s) (success)
Params: n= 10000
Tactic call simpl Denote on PHOAS with big_flat ran for 1.149 secs (1.149u,0.s) (success)
Params: n= 10100
Tactic call simpl Denote on PHOAS with big_flat ran for 1.185 secs (1.185u,0.s) (success)
Params: n= 10200
Tactic call simpl Denote on PHOAS with big_flat ran for 1.133 secs (1.132u,0.s) (success)
Params: n= 10300
Tactic call simpl Denote on PHOAS with big_flat ran for 1.186 secs (1.185u,0.s) (success)
Params: n= 10400
Tactic call simpl Denote on PHOAS with big_flat ran for 1.211 secs (1.211u,0.s) (success)
Params: n= 10500
Tactic call simpl Denote on PHOAS with big_flat ran for 1.193 secs (1.19u,0.s) (success)
Params: n= 10600
Tactic call simpl Denote on PHOAS with big_flat ran for 1.214 secs (1.214u,0.s) (success)
Params: n= 10700
Tactic call simpl Denote on PHOAS with big_flat ran for 1.251 secs (1.251u,0.s) (success)
Params: n= 10800
Tactic call simpl Denote on PHOAS with big_flat ran for 1.231 secs (1.23u,0.s) (success)
Params: n= 10900
Tactic call simpl Denote on PHOAS with big_flat ran for 1.259 secs (1.259u,0.s) (success)
Params: n= 11000
Tactic call simpl Denote on PHOAS with big_flat ran for 1.269 secs (1.269u,0.s) (success)
Params: n= 11100
Tactic call simpl Denote on PHOAS with big_flat ran for 1.324 secs (1.323u,0.s) (success)
Params: n= 11200
Tactic call simpl Denote on PHOAS with big_flat ran for 1.318 secs (1.317u,0.s) (success)
Params: n= 11300
Tactic call simpl Denote on PHOAS with big_flat ran for 1.332 secs (1.331u,0.s) (success)
Params: n= 11400
Tactic call simpl Denote on PHOAS with big_flat ran for 1.333 secs (1.333u,0.s) (success)
Params: n= 11500
Tactic call simpl Denote on PHOAS with big_flat ran for 1.32 secs (1.32u,0.s) (success)
Params: n= 11600
Tactic call simpl Denote on PHOAS with big_flat ran for 1.362 secs (1.362u,0.s) (success)
Params: n= 11700
Tactic call simpl Denote on PHOAS with big_flat ran for 1.36 secs (1.36u,0.s) (success)
Params: n= 11800
Tactic call simpl Denote on PHOAS with big_flat ran for 1.334 secs (1.334u,0.s) (success)
Params: n= 11900
Tactic call simpl Denote on PHOAS with big_flat ran for 1.37 secs (1.37u,0.s) (success)
Params: n= 12000
Tactic call simpl Denote on PHOAS with big_flat ran for 1.383 secs (1.383u,0.s) (success)
Params: n= 12100
Tactic call simpl Denote on PHOAS with big_flat ran for 1.389 secs (1.389u,0.s) (success)
Params: n= 12200
Tactic call simpl Denote on PHOAS with big_flat ran for 1.402 secs (1.402u,0.s) (success)
Params: n= 12300
Tactic call simpl Denote on PHOAS with big_flat ran for 1.425 secs (1.425u,0.s) (success)
Params: n= 12400
Tactic call simpl Denote on PHOAS with big_flat ran for 1.455 secs (1.455u,0.s) (success)
Params: n= 12500
Tactic call simpl Denote on PHOAS with big_flat ran for 1.444 secs (1.444u,0.s) (success)
