Params: n= 50
Tactic call autorewrite-regression-quadratic ran for 0.057 secs (0.018u,0.038s) (success)
Tactic call autorewrite-noop-regression-linear ran for 0. secs (0.u,0.s) (success)
Tactic call abstract+autorewrite-regression-quadratic ran for 0.127 secs (0.063u,0.063s) (success)
Tactic call close-abstract+autorewrite-regression-quadratic ran for 0.069 secs (0.044u,0.024s)
Params: n= 100
Tactic call autorewrite-regression-quadratic ran for 0.131 secs (0.131u,0.s) (success)
Tactic call autorewrite-noop-regression-linear ran for 0.001 secs (0.001u,0.s) (success)
Tactic call abstract+autorewrite-regression-quadratic ran for 0.178 secs (0.178u,0.s) (success)
Tactic call close-abstract+autorewrite-regression-quadratic ran for 0.045 secs (0.045u,0.s)
Params: n= 150
Tactic call autorewrite-regression-quadratic ran for 0.324 secs (0.324u,0.s) (success)
Tactic call autorewrite-noop-regression-linear ran for 0.002 secs (0.002u,0.s) (success)
Tactic call abstract+autorewrite-regression-quadratic ran for 0.431 secs (0.431u,0.s) (success)
Tactic call close-abstract+autorewrite-regression-quadratic ran for 0.103 secs (0.103u,0.s)
Params: n= 200
Tactic call autorewrite-regression-quadratic ran for 0.566 secs (0.566u,0.s) (success)
Tactic call autorewrite-noop-regression-linear ran for 0.003 secs (0.003u,0.s) (success)
Tactic call abstract+autorewrite-regression-quadratic ran for 0.759 secs (0.759u,0.s) (success)
Tactic call close-abstract+autorewrite-regression-quadratic ran for 0.189 secs (0.189u,0.s)
Params: n= 250
Tactic call autorewrite-regression-quadratic ran for 0.87 secs (0.865u,0.004s) (success)
Tactic call autorewrite-noop-regression-linear ran for 0.004 secs (0.004u,0.s) (success)
Tactic call abstract+autorewrite-regression-quadratic ran for 1.157 secs (1.141u,0.016s) (success)
Tactic call close-abstract+autorewrite-regression-quadratic ran for 0.281 secs (0.269u,0.011s)
Params: n= 300
Tactic call autorewrite-regression-quadratic ran for 1.275 secs (1.257u,0.016s) (success)
Tactic call autorewrite-noop-regression-linear ran for 0.009 secs (0.005u,0.003s) (success)
Tactic call abstract+autorewrite-regression-quadratic ran for 1.685 secs (1.66u,0.024s) (success)
Tactic call close-abstract+autorewrite-regression-quadratic ran for 0.4 secs (0.396u,0.004s)
Params: n= 350
Tactic call autorewrite-regression-quadratic ran for 1.89 secs (1.878u,0.012s) (success)
Tactic call autorewrite-noop-regression-linear ran for 0.008 secs (0.008u,0.s) (success)
Tactic call abstract+autorewrite-regression-quadratic ran for 2.451 secs (2.43u,0.02s) (success)
Tactic call close-abstract+autorewrite-regression-quadratic ran for 0.55 secs (0.542u,0.008s)
Params: n= 400
Tactic call autorewrite-regression-quadratic ran for 2.447 secs (2.434u,0.011s) (success)
Tactic call autorewrite-noop-regression-linear ran for 0.01 secs (0.01u,0.s) (success)
Tactic call abstract+autorewrite-regression-quadratic ran for 3.136 secs (3.123u,0.011s) (success)
Tactic call close-abstract+autorewrite-regression-quadratic ran for 0.677 secs (0.677u,0.s)
