Params: n= 50
Tactic call refine-regression-quadratic-regression-linear ran for 0. secs (0.u,0.s) (success)
Tactic call pose-build-and-refine-regression-cubic ran for 0.005 secs (0.005u,0.s) (success)
Tactic call fast_rewrite-regression-cubic ran for 0.005 secs (0.005u,0.s) (success)
Tactic call abstract-regression-cubic ran for 0.008 secs (0.008u,0.s) (success)
Tactic call close-abstract-regression-cubic ran for 0.002 secs (0.002u,0.s)
Params: n= 100
Tactic call refine-regression-quadratic-regression-linear ran for 0. secs (0.u,0.s) (success)
Tactic call pose-build-and-refine-regression-cubic ran for 0.053 secs (0.053u,0.s) (success)
Tactic call fast_rewrite-regression-cubic ran for 0.053 secs (0.053u,0.s) (success)
Tactic call abstract-regression-cubic ran for 0.064 secs (0.064u,0.s) (success)
Tactic call close-abstract-regression-cubic ran for 0.011 secs (0.011u,0.s)
Params: n= 150
Tactic call refine-regression-quadratic-regression-linear ran for 0. secs (0.u,0.s) (success)
Tactic call pose-build-and-refine-regression-cubic ran for 0.024 secs (0.024u,0.s) (success)
Tactic call fast_rewrite-regression-cubic ran for 0.024 secs (0.024u,0.s) (success)
Tactic call abstract-regression-cubic ran for 0.056 secs (0.056u,0.s) (success)
Tactic call close-abstract-regression-cubic ran for 0.031 secs (0.031u,0.s)
Params: n= 200
Tactic call refine-regression-quadratic-regression-linear ran for 0.001 secs (0.001u,0.s) (success)
Tactic call pose-build-and-refine-regression-cubic ran for 0.056 secs (0.056u,0.s) (success)
Tactic call fast_rewrite-regression-cubic ran for 0.056 secs (0.056u,0.s) (success)
Tactic call abstract-regression-cubic ran for 0.125 secs (0.125u,0.s) (success)
Tactic call close-abstract-regression-cubic ran for 0.069 secs (0.069u,0.s)
Params: n= 250
Tactic call refine-regression-quadratic-regression-linear ran for 0.001 secs (0.001u,0.s) (success)
Tactic call pose-build-and-refine-regression-cubic ran for 0.086 secs (0.082u,0.003s) (success)
Tactic call fast_rewrite-regression-cubic ran for 0.086 secs (0.082u,0.003s) (success)
Tactic call abstract-regression-cubic ran for 0.213 secs (0.209u,0.003s) (success)
Tactic call close-abstract-regression-cubic ran for 0.127 secs (0.127u,0.s)
Params: n= 300
Tactic call refine-regression-quadratic-regression-linear ran for 0.002 secs (0.002u,0.s) (success)
Tactic call pose-build-and-refine-regression-cubic ran for 0.12 secs (0.12u,0.s) (success)
Tactic call fast_rewrite-regression-cubic ran for 0.12 secs (0.12u,0.s) (success)
Tactic call abstract-regression-cubic ran for 0.324 secs (0.324u,0.s) (success)
Tactic call close-abstract-regression-cubic ran for 0.204 secs (0.204u,0.s)
Params: n= 350
Tactic call refine-regression-quadratic-regression-linear ran for 0.002 secs (0.002u,0.s) (success)
Tactic call pose-build-and-refine-regression-cubic ran for 0.141 secs (0.141u,0.s) (success)
Tactic call fast_rewrite-regression-cubic ran for 0.141 secs (0.141u,0.s) (success)
Tactic call abstract-regression-cubic ran for 0.47 secs (0.47u,0.s) (success)
Tactic call close-abstract-regression-cubic ran for 0.328 secs (0.328u,0.s)
Params: n= 400
Tactic call refine-regression-quadratic-regression-linear ran for 0.002 secs (0.002u,0.s) (success)
Tactic call pose-build-and-refine-regression-cubic ran for 0.15 secs (0.146u,0.003s) (success)
Tactic call fast_rewrite-regression-cubic ran for 0.15 secs (0.146u,0.003s) (success)
Tactic call abstract-regression-cubic ran for 0.629 secs (0.626u,0.003s) (success)
Tactic call close-abstract-regression-cubic ran for 0.479 secs (0.479u,0.s)
