Params: n= 50
Tactic call ssr-rewrite!-regression-quadratic ran for 0.05 secs (0.014u,0.035s) (success)
Tactic call ssr-rewrite?-noop-regression-linear ran for 0. secs (0.u,0.s) (success)
Tactic call abstract-regression-quadratic ran for 0.126 secs (0.083u,0.043s) (success)
Tactic call close-abstract-regression-quadratic ran for 0.076 secs (0.068u,0.008s)
Params: n= 100
Tactic call ssr-rewrite!-regression-quadratic ran for 0.117 secs (0.117u,0.s) (success)
Tactic call ssr-rewrite?-noop-regression-linear ran for 0. secs (0.u,0.s) (success)
Tactic call abstract-regression-quadratic ran for 0.192 secs (0.192u,0.s) (success)
Tactic call close-abstract-regression-quadratic ran for 0.074 secs (0.074u,0.s)
Params: n= 150
Tactic call ssr-rewrite!-regression-quadratic ran for 0.271 secs (0.271u,0.s) (success)
Tactic call ssr-rewrite?-noop-regression-linear ran for 0. secs (0.u,0.s) (success)
Tactic call abstract-regression-quadratic ran for 0.456 secs (0.452u,0.003s) (success)
Tactic call close-abstract-regression-quadratic ran for 0.184 secs (0.18u,0.003s)
Params: n= 200
Tactic call ssr-rewrite!-regression-quadratic ran for 0.474 secs (0.465u,0.008s) (success)
Tactic call ssr-rewrite?-noop-regression-linear ran for 0. secs (0.u,0.s) (success)
Tactic call abstract-regression-quadratic ran for 0.785 secs (0.773u,0.011s) (success)
Tactic call close-abstract-regression-quadratic ran for 0.31 secs (0.306u,0.003s)
Params: n= 250
Tactic call ssr-rewrite!-regression-quadratic ran for 0.681 secs (0.669u,0.012s) (success)
Tactic call ssr-rewrite?-noop-regression-linear ran for 0. secs (0.u,0.s) (success)
Tactic call abstract-regression-quadratic ran for 1.121 secs (1.108u,0.012s) (success)
Tactic call close-abstract-regression-quadratic ran for 0.438 secs (0.438u,0.s)
Params: n= 300
Tactic call ssr-rewrite!-regression-quadratic ran for 1.038 secs (1.026u,0.011s) (success)
Tactic call ssr-rewrite?-noop-regression-linear ran for 0. secs (0.u,0.s) (success)
Tactic call abstract-regression-quadratic ran for 1.703 secs (1.691u,0.011s) (success)
Tactic call close-abstract-regression-quadratic ran for 0.664 secs (0.664u,0.s)
Params: n= 350
Tactic call ssr-rewrite!-regression-quadratic ran for 1.417 secs (1.401u,0.015s) (success)
Tactic call ssr-rewrite?-noop-regression-linear ran for 0. secs (0.u,0.s) (success)
Tactic call abstract-regression-quadratic ran for 2.258 secs (2.241u,0.015s) (success)
Tactic call close-abstract-regression-quadratic ran for 0.839 secs (0.839u,0.s)
Params: n= 400
Tactic call ssr-rewrite!-regression-quadratic ran for 1.825 secs (1.821u,0.004s) (success)
Tactic call ssr-rewrite?-noop-regression-linear ran for 0. secs (0.u,0.s) (success)
Tactic call abstract-regression-quadratic ran for 2.936 secs (2.915u,0.02s) (success)
Tactic call close-abstract-regression-quadratic ran for 1.109 secs (1.092u,0.015s)
