Params: n= 50
Tactic call refine-regression-quadratic-regression-linear ran for 0. secs (0.u,0.s) (success)
Tactic call pose-build-and-refine-regression-cubic ran for 0.01 secs (0.01u,0.s) (success)
Tactic call fast_rewrite-regression-cubic ran for 0.01 secs (0.01u,0.s) (success)
Tactic call abstract-regression-cubic ran for 0.015 secs (0.014u,0.s) (success)
Tactic call close-abstract-regression-cubic ran for 0.004 secs (0.004u,0.s)
Params: n= 100
Tactic call refine-regression-quadratic-regression-linear ran for 0.001 secs (0.001u,0.s) (success)
Tactic call pose-build-and-refine-regression-cubic ran for 0.023 secs (0.011u,0.012s) (success)
Tactic call fast_rewrite-regression-cubic ran for 0.023 secs (0.011u,0.012s) (success)
Tactic call abstract-regression-cubic ran for 0.04 secs (0.028u,0.012s) (success)
Tactic call close-abstract-regression-cubic ran for 0.016 secs (0.016u,0.s)
Params: n= 150
Tactic call refine-regression-quadratic-regression-linear ran for 0.001 secs (0.001u,0.s) (success)
Tactic call pose-build-and-refine-regression-cubic ran for 0.049 secs (0.044u,0.004s) (success)
Tactic call fast_rewrite-regression-cubic ran for 0.049 secs (0.044u,0.004s) (success)
Tactic call abstract-regression-cubic ran for 0.092 secs (0.087u,0.004s) (success)
Tactic call close-abstract-regression-cubic ran for 0.042 secs (0.042u,0.s)
Params: n= 200
Tactic call refine-regression-quadratic-regression-linear ran for 0.002 secs (0.001u,0.s) (success)
Tactic call pose-build-and-refine-regression-cubic ran for 0.108 secs (0.104u,0.003s) (success)
Tactic call fast_rewrite-regression-cubic ran for 0.108 secs (0.104u,0.003s) (success)
Tactic call abstract-regression-cubic ran for 0.203 secs (0.199u,0.004s) (success)
Tactic call close-abstract-regression-cubic ran for 0.094 secs (0.094u,0.s)
Params: n= 250
Tactic call refine-regression-quadratic-regression-linear ran for 0.002 secs (0.003u,0.s) (success)
Tactic call pose-build-and-refine-regression-cubic ran for 0.155 secs (0.155u,0.s) (success)
Tactic call fast_rewrite-regression-cubic ran for 0.155 secs (0.155u,0.s) (success)
Tactic call abstract-regression-cubic ran for 0.318 secs (0.318u,0.s) (success)
Tactic call close-abstract-regression-cubic ran for 0.163 secs (0.163u,0.s)
Params: n= 300
Tactic call refine-regression-quadratic-regression-linear ran for 0.003 secs (0.003u,0.s) (success)
Tactic call pose-build-and-refine-regression-cubic ran for 0.222 secs (0.222u,0.s) (success)
Tactic call fast_rewrite-regression-cubic ran for 0.222 secs (0.222u,0.s) (success)
Tactic call abstract-regression-cubic ran for 0.487 secs (0.487u,0.s) (success)
Tactic call close-abstract-regression-cubic ran for 0.264 secs (0.264u,0.s)
Params: n= 350
Tactic call refine-regression-quadratic-regression-linear ran for 0.004 secs (0.004u,0.s) (success)
Tactic call pose-build-and-refine-regression-cubic ran for 0.242 secs (0.242u,0.s) (success)
Tactic call fast_rewrite-regression-cubic ran for 0.242 secs (0.242u,0.s) (success)
Tactic call abstract-regression-cubic ran for 0.689 secs (0.686u,0.003s) (success)
Tactic call close-abstract-regression-cubic ran for 0.447 secs (0.443u,0.003s)
Params: n= 400
Tactic call refine-regression-quadratic-regression-linear ran for 0.005 secs (0.004u,0.s) (success)
Tactic call pose-build-and-refine-regression-cubic ran for 0.289 secs (0.285u,0.003s) (success)
Tactic call fast_rewrite-regression-cubic ran for 0.289 secs (0.285u,0.003s) (success)
Tactic call abstract-regression-cubic ran for 0.94 secs (0.932u,0.007s) (success)
Tactic call close-abstract-regression-cubic ran for 0.65 secs (0.646u,0.003s)
