Params: n= 110
Tactic call reify-regression-cubic ran for 0.579 secs (0.566u,0.012s)
Tactic call abstract-regression-linear ran for 0.003 secs (0.003u,0.s) (success)
Params: n= 120
Tactic call reify-regression-cubic ran for 0.354 secs (0.354u,0.s)
Tactic call abstract-regression-linear ran for 0.003 secs (0.003u,0.s) (success)
Params: n= 130
Tactic call reify-regression-cubic ran for 0.444 secs (0.444u,0.s)
Tactic call abstract-regression-linear ran for 0.004 secs (0.004u,0.s) (success)
Params: n= 140
Tactic call reify-regression-cubic ran for 0.531 secs (0.523u,0.007s)
Tactic call abstract-regression-linear ran for 0.004 secs (0.004u,0.s) (success)
Params: n= 150
Tactic call reify-regression-cubic ran for 0.558 secs (0.554u,0.003s)
Tactic call abstract-regression-linear ran for 0.004 secs (0.004u,0.s) (success)
Params: n= 160
Tactic call reify-regression-cubic ran for 0.653 secs (0.653u,0.s)
Tactic call abstract-regression-linear ran for 0.005 secs (0.005u,0.s) (success)
Params: n= 170
Tactic call reify-regression-cubic ran for 0.769 secs (0.761u,0.007s)
Tactic call abstract-regression-linear ran for 0.005 secs (0.005u,0.s) (success)
Params: n= 180
Tactic call reify-regression-cubic ran for 0.792 secs (0.792u,0.s)
Tactic call abstract-regression-linear ran for 0.005 secs (0.005u,0.s) (success)
Params: n= 190
Tactic call reify-regression-cubic ran for 0.953 secs (0.953u,0.s)
Tactic call abstract-regression-linear ran for 0.006 secs (0.006u,0.s) (success)
Params: n= 200
Tactic call reify-regression-cubic ran for 0.998 secs (0.998u,0.s)
Tactic call abstract-regression-linear ran for 0.006 secs (0.006u,0.s) (success)
Params: n= 210
Tactic call reify-regression-cubic ran for 1.158 secs (1.157u,0.s)
Tactic call abstract-regression-linear ran for 0.006 secs (0.006u,0.s) (success)
Params: n= 220
Tactic call reify-regression-cubic ran for 1.251 secs (1.251u,0.s)
Tactic call abstract-regression-linear ran for 0.007 secs (0.007u,0.s) (success)
Params: n= 230
Tactic call reify-regression-cubic ran for 1.333 secs (1.332u,0.s)
Tactic call abstract-regression-linear ran for 0.007 secs (0.003u,0.003s) (success)
Params: n= 240
Tactic call reify-regression-cubic ran for 1.525 secs (1.521u,0.003s)
Tactic call abstract-regression-linear ran for 0.007 secs (0.007u,0.s) (success)
Params: n= 250
Tactic call reify-regression-cubic ran for 1.646 secs (1.646u,0.s)
Tactic call abstract-regression-linear ran for 0.007 secs (0.007u,0.s) (success)
Params: n= 260
Tactic call reify-regression-cubic ran for 1.76 secs (1.76u,0.s)
Tactic call abstract-regression-linear ran for 0.008 secs (0.008u,0.s) (success)
Params: n= 270
Tactic call reify-regression-cubic ran for 1.884 secs (1.884u,0.s)
Tactic call abstract-regression-linear ran for 0.008 secs (0.008u,0.s) (success)
Params: n= 280
Tactic call reify-regression-cubic ran for 2.028 secs (2.028u,0.s)
Tactic call abstract-regression-linear ran for 0.008 secs (0.008u,0.s) (success)
Params: n= 290
Tactic call reify-regression-cubic ran for 2.165 secs (2.161u,0.003s)
Tactic call abstract-regression-linear ran for 0.009 secs (0.009u,0.s) (success)
Params: n= 300
Tactic call reify-regression-cubic ran for 2.372 secs (2.368u,0.004s)
Tactic call abstract-regression-linear ran for 0.009 secs (0.009u,0.s) (success)
Params: n= 350
Tactic call reify-regression-cubic ran for 3.312 secs (3.311u,0.s)
Tactic call abstract-regression-linear ran for 0.011 secs (0.011u,0.s) (success)
Params: n= 400
Tactic call reify-regression-cubic ran for 4.285 secs (4.277u,0.008s)
Tactic call abstract-regression-linear ran for 0.012 secs (0.012u,0.s) (success)
Params: n= 450
Tactic call reify-regression-cubic ran for 5.569 secs (5.565u,0.003s)
Tactic call abstract-regression-linear ran for 0.013 secs (0.013u,0.s) (success)
Params: n= 500
Tactic call reify-regression-cubic ran for 7.037 secs (7.037u,0.s)
Tactic call abstract-regression-linear ran for 0.015 secs (0.011u,0.003s) (success)
