Params: n= 505
Tactic call simpl Denote on PHOAS with big_flat ran for 0.051 secs (0.051u,0.s) (success)
Params: n= 510
Tactic call simpl Denote on PHOAS with big_flat ran for 0.051 secs (0.051u,0.s) (success)
Params: n= 515
Tactic call simpl Denote on PHOAS with big_flat ran for 0.051 secs (0.048u,0.003s) (success)
Params: n= 520
Tactic call simpl Denote on PHOAS with big_flat ran for 0.068 secs (0.068u,0.s) (success)
Params: n= 525
Tactic call simpl Denote on PHOAS with big_flat ran for 0.063 secs (0.063u,0.s) (success)
Params: n= 530
Tactic call simpl Denote on PHOAS with big_flat ran for 0.073 secs (0.073u,0.s) (success)
Params: n= 535
Tactic call simpl Denote on PHOAS with big_flat ran for 0.184 secs (0.184u,0.s) (success)
Params: n= 540
Tactic call simpl Denote on PHOAS with big_flat ran for 0.064 secs (0.064u,0.s) (success)
Params: n= 545
Tactic call simpl Denote on PHOAS with big_flat ran for 0.058 secs (0.058u,0.s) (success)
Params: n= 550
Tactic call simpl Denote on PHOAS with big_flat ran for 0.082 secs (0.082u,0.s) (success)
Params: n= 555
Tactic call simpl Denote on PHOAS with big_flat ran for 0.065 secs (0.065u,0.s) (success)
Params: n= 560
Tactic call simpl Denote on PHOAS with big_flat ran for 0.064 secs (0.064u,0.s) (success)
Params: n= 565
Tactic call simpl Denote on PHOAS with big_flat ran for 0.065 secs (0.065u,0.s) (success)
Params: n= 570
Tactic call simpl Denote on PHOAS with big_flat ran for 0.079 secs (0.079u,0.s) (success)
Params: n= 575
Tactic call simpl Denote on PHOAS with big_flat ran for 0.071 secs (0.071u,0.s) (success)
Params: n= 580
Tactic call simpl Denote on PHOAS with big_flat ran for 0.096 secs (0.096u,0.s) (success)
Params: n= 585
Tactic call simpl Denote on PHOAS with big_flat ran for 0.064 secs (0.064u,0.s) (success)
Params: n= 590
Tactic call simpl Denote on PHOAS with big_flat ran for 0.069 secs (0.069u,0.s) (success)
Params: n= 595
Tactic call simpl Denote on PHOAS with big_flat ran for 0.073 secs (0.073u,0.s) (success)
Params: n= 600
Tactic call simpl Denote on PHOAS with big_flat ran for 0.087 secs (0.087u,0.s) (success)
Params: n= 605
Tactic call simpl Denote on PHOAS with big_flat ran for 0.073 secs (0.073u,0.s) (success)
Params: n= 610
Tactic call simpl Denote on PHOAS with big_flat ran for 0.07 secs (0.07u,0.s) (success)
Params: n= 615
Tactic call simpl Denote on PHOAS with big_flat ran for 0.083 secs (0.083u,0.s) (success)
Params: n= 620
Tactic call simpl Denote on PHOAS with big_flat ran for 0.091 secs (0.091u,0.s) (success)
Params: n= 625
Tactic call simpl Denote on PHOAS with big_flat ran for 0.074 secs (0.074u,0.s) (success)
Params: n= 630
Tactic call simpl Denote on PHOAS with big_flat ran for 0.098 secs (0.098u,0.s) (success)
Params: n= 635
Tactic call simpl Denote on PHOAS with big_flat ran for 0.209 secs (0.209u,0.s) (success)
Params: n= 640
Tactic call simpl Denote on PHOAS with big_flat ran for 0.084 secs (0.084u,0.s) (success)
Params: n= 645
Tactic call simpl Denote on PHOAS with big_flat ran for 0.116 secs (0.116u,0.s) (success)
Params: n= 650
Tactic call simpl Denote on PHOAS with big_flat ran for 0.074 secs (0.074u,0.s) (success)
Params: n= 655
Tactic call simpl Denote on PHOAS with big_flat ran for 0.091 secs (0.091u,0.s) (success)
Params: n= 660
Tactic call simpl Denote on PHOAS with big_flat ran for 0.076 secs (0.076u,0.s) (success)
Params: n= 665
Tactic call simpl Denote on PHOAS with big_flat ran for 0.077 secs (0.077u,0.s) (success)
Params: n= 670
Tactic call simpl Denote on PHOAS with big_flat ran for 0.076 secs (0.076u,0.s) (success)
Params: n= 675
Tactic call simpl Denote on PHOAS with big_flat ran for 0.089 secs (0.089u,0.s) (success)
Params: n= 680
Tactic call simpl Denote on PHOAS with big_flat ran for 0.083 secs (0.083u,0.s) (success)
Params: n= 685
Tactic call simpl Denote on PHOAS with big_flat ran for 0.078 secs (0.078u,0.s) (success)
Params: n= 690
Tactic call simpl Denote on PHOAS with big_flat ran for 0.075 secs (0.075u,0.s) (success)
Params: n= 695
Tactic call simpl Denote on PHOAS with big_flat ran for 0.088 secs (0.088u,0.s) (success)
Params: n= 700
Tactic call simpl Denote on PHOAS with big_flat ran for 0.086 secs (0.086u,0.s) (success)
Params: n= 705
Tactic call simpl Denote on PHOAS with big_flat ran for 0.088 secs (0.088u,0.s) (success)
Params: n= 710
Tactic call simpl Denote on PHOAS with big_flat ran for 0.088 secs (0.088u,0.s) (success)
Params: n= 715
Tactic call simpl Denote on PHOAS with big_flat ran for 0.081 secs (0.081u,0.s) (success)
Params: n= 720
Tactic call simpl Denote on PHOAS with big_flat ran for 0.076 secs (0.076u,0.s) (success)
Params: n= 725
Tactic call simpl Denote on PHOAS with big_flat ran for 0.075 secs (0.075u,0.s) (success)
Params: n= 730
Tactic call simpl Denote on PHOAS with big_flat ran for 0.08 secs (0.08u,0.s) (success)
Params: n= 735
Tactic call simpl Denote on PHOAS with big_flat ran for 0.077 secs (0.077u,0.s) (success)
Params: n= 740
Tactic call simpl Denote on PHOAS with big_flat ran for 0.077 secs (0.077u,0.s) (success)
Params: n= 745
Tactic call simpl Denote on PHOAS with big_flat ran for 0.078 secs (0.078u,0.s) (success)
Params: n= 750
Tactic call simpl Denote on PHOAS with big_flat ran for 0.078 secs (0.078u,0.s) (success)
Params: n= 755
Tactic call simpl Denote on PHOAS with big_flat ran for 0.075 secs (0.075u,0.s) (success)
Params: n= 760
Tactic call simpl Denote on PHOAS with big_flat ran for 0.076 secs (0.076u,0.s) (success)
Params: n= 765
Tactic call simpl Denote on PHOAS with big_flat ran for 0.082 secs (0.082u,0.s) (success)
Params: n= 770
Tactic call simpl Denote on PHOAS with big_flat ran for 0.079 secs (0.079u,0.s) (success)
Params: n= 775
Tactic call simpl Denote on PHOAS with big_flat ran for 0.081 secs (0.081u,0.s) (success)
Params: n= 780
Tactic call simpl Denote on PHOAS with big_flat ran for 0.081 secs (0.081u,0.s) (success)
Params: n= 785
Tactic call simpl Denote on PHOAS with big_flat ran for 0.083 secs (0.083u,0.s) (success)
Params: n= 790
Tactic call simpl Denote on PHOAS with big_flat ran for 0.083 secs (0.083u,0.s) (success)
Params: n= 795
Tactic call simpl Denote on PHOAS with big_flat ran for 0.082 secs (0.082u,0.s) (success)
Params: n= 800
Tactic call simpl Denote on PHOAS with big_flat ran for 0.084 secs (0.084u,0.s) (success)
Params: n= 805
Tactic call simpl Denote on PHOAS with big_flat ran for 0.083 secs (0.083u,0.s) (success)
Params: n= 810
Tactic call simpl Denote on PHOAS with big_flat ran for 0.085 secs (0.085u,0.s) (success)
Params: n= 815
Tactic call simpl Denote on PHOAS with big_flat ran for 0.085 secs (0.085u,0.s) (success)
Params: n= 820
Tactic call simpl Denote on PHOAS with big_flat ran for 0.088 secs (0.087u,0.s) (success)
Params: n= 825
Tactic call simpl Denote on PHOAS with big_flat ran for 0.084 secs (0.084u,0.s) (success)
Params: n= 830
Tactic call simpl Denote on PHOAS with big_flat ran for 0.087 secs (0.087u,0.s) (success)
Params: n= 835
Tactic call simpl Denote on PHOAS with big_flat ran for 0.087 secs (0.087u,0.s) (success)
Params: n= 840
Tactic call simpl Denote on PHOAS with big_flat ran for 0.096 secs (0.095u,0.s) (success)
Params: n= 845
Tactic call simpl Denote on PHOAS with big_flat ran for 0.1 secs (0.1u,0.s) (success)
Params: n= 850
Tactic call simpl Denote on PHOAS with big_flat ran for 0.1 secs (0.1u,0.s) (success)
Params: n= 855
Tactic call simpl Denote on PHOAS with big_flat ran for 0.109 secs (0.109u,0.s) (success)
Params: n= 860
Tactic call simpl Denote on PHOAS with big_flat ran for 0.114 secs (0.114u,0.s) (success)
Params: n= 865
Tactic call simpl Denote on PHOAS with big_flat ran for 0.117 secs (0.117u,0.s) (success)
Params: n= 870
Tactic call simpl Denote on PHOAS with big_flat ran for 0.114 secs (0.114u,0.s) (success)
Params: n= 875
Tactic call simpl Denote on PHOAS with big_flat ran for 0.131 secs (0.131u,0.s) (success)
Params: n= 880
Tactic call simpl Denote on PHOAS with big_flat ran for 0.109 secs (0.109u,0.s) (success)
Params: n= 885
Tactic call simpl Denote on PHOAS with big_flat ran for 0.106 secs (0.106u,0.s) (success)
Params: n= 890
Tactic call simpl Denote on PHOAS with big_flat ran for 0.1 secs (0.1u,0.s) (success)
Params: n= 895
Tactic call simpl Denote on PHOAS with big_flat ran for 0.105 secs (0.105u,0.s) (success)
Params: n= 900
Tactic call simpl Denote on PHOAS with big_flat ran for 0.108 secs (0.108u,0.s) (success)
Params: n= 905
Tactic call simpl Denote on PHOAS with big_flat ran for 0.105 secs (0.105u,0.s) (success)
Params: n= 910
Tactic call simpl Denote on PHOAS with big_flat ran for 0.112 secs (0.112u,0.s) (success)
Params: n= 915
Tactic call simpl Denote on PHOAS with big_flat ran for 0.127 secs (0.127u,0.s) (success)
Params: n= 920
Tactic call simpl Denote on PHOAS with big_flat ran for 0.117 secs (0.117u,0.s) (success)
Params: n= 925
Tactic call simpl Denote on PHOAS with big_flat ran for 0.111 secs (0.111u,0.s) (success)
Params: n= 930
Tactic call simpl Denote on PHOAS with big_flat ran for 0.114 secs (0.113u,0.s) (success)
Params: n= 935
Tactic call simpl Denote on PHOAS with big_flat ran for 0.108 secs (0.108u,0.s) (success)
Params: n= 940
Tactic call simpl Denote on PHOAS with big_flat ran for 0.106 secs (0.106u,0.s) (success)
Params: n= 945
Tactic call simpl Denote on PHOAS with big_flat ran for 0.105 secs (0.105u,0.s) (success)
Params: n= 950
Tactic call simpl Denote on PHOAS with big_flat ran for 0.102 secs (0.102u,0.s) (success)
Params: n= 955
Tactic call simpl Denote on PHOAS with big_flat ran for 0.102 secs (0.101u,0.s) (success)
Params: n= 960
Tactic call simpl Denote on PHOAS with big_flat ran for 0.095 secs (0.095u,0.s) (success)
Params: n= 965
Tactic call simpl Denote on PHOAS with big_flat ran for 0.097 secs (0.097u,0.s) (success)
Params: n= 970
Tactic call simpl Denote on PHOAS with big_flat ran for 0.099 secs (0.099u,0.s) (success)
Params: n= 975
Tactic call simpl Denote on PHOAS with big_flat ran for 0.102 secs (0.102u,0.s) (success)
Params: n= 980
Tactic call simpl Denote on PHOAS with big_flat ran for 0.101 secs (0.101u,0.s) (success)
Params: n= 985
Tactic call simpl Denote on PHOAS with big_flat ran for 0.104 secs (0.104u,0.s) (success)
Params: n= 990
Tactic call simpl Denote on PHOAS with big_flat ran for 0.107 secs (0.107u,0.s) (success)
Params: n= 995
Tactic call simpl Denote on PHOAS with big_flat ran for 0.104 secs (0.104u,0.s) (success)
Params: n= 1000
Tactic call simpl Denote on PHOAS with big_flat ran for 0.119 secs (0.119u,0.s) (success)
Params: n= 1010
Tactic call simpl Denote on PHOAS with big_flat ran for 0.108 secs (0.108u,0.s) (success)
Params: n= 1020
Tactic call simpl Denote on PHOAS with big_flat ran for 0.12 secs (0.12u,0.s) (success)
Params: n= 1030
Tactic call simpl Denote on PHOAS with big_flat ran for 0.132 secs (0.128u,0.003s) (success)
Params: n= 1040
Tactic call simpl Denote on PHOAS with big_flat ran for 0.137 secs (0.133u,0.003s) (success)
Params: n= 1050
Tactic call simpl Denote on PHOAS with big_flat ran for 0.134 secs (0.134u,0.s) (success)
Params: n= 1060
Tactic call simpl Denote on PHOAS with big_flat ran for 0.131 secs (0.131u,0.s) (success)
Params: n= 1070
Tactic call simpl Denote on PHOAS with big_flat ran for 0.137 secs (0.137u,0.s) (success)
Params: n= 1080
Tactic call simpl Denote on PHOAS with big_flat ran for 0.135 secs (0.135u,0.s) (success)
Params: n= 1090
Tactic call simpl Denote on PHOAS with big_flat ran for 0.132 secs (0.132u,0.s) (success)
Params: n= 1100
Tactic call simpl Denote on PHOAS with big_flat ran for 0.14 secs (0.14u,0.s) (success)
Params: n= 1110
Tactic call simpl Denote on PHOAS with big_flat ran for 0.139 secs (0.139u,0.s) (success)
Params: n= 1120
Tactic call simpl Denote on PHOAS with big_flat ran for 0.131 secs (0.131u,0.s) (success)
Params: n= 1130
Tactic call simpl Denote on PHOAS with big_flat ran for 0.145 secs (0.145u,0.s) (success)
Params: n= 1140
Tactic call simpl Denote on PHOAS with big_flat ran for 0.143 secs (0.143u,0.s) (success)
Params: n= 1150
Tactic call simpl Denote on PHOAS with big_flat ran for 0.162 secs (0.158u,0.003s) (success)
Params: n= 1160
Tactic call simpl Denote on PHOAS with big_flat ran for 0.135 secs (0.135u,0.s) (success)
Params: n= 1170
Tactic call simpl Denote on PHOAS with big_flat ran for 0.156 secs (0.156u,0.s) (success)
Params: n= 1180
Tactic call simpl Denote on PHOAS with big_flat ran for 0.142 secs (0.142u,0.s) (success)
Params: n= 1190
Tactic call simpl Denote on PHOAS with big_flat ran for 0.128 secs (0.128u,0.s) (success)
Params: n= 1200
Tactic call simpl Denote on PHOAS with big_flat ran for 0.127 secs (0.127u,0.s) (success)
Params: n= 1210
Tactic call simpl Denote on PHOAS with big_flat ran for 0.131 secs (0.131u,0.s) (success)
Params: n= 1220
Tactic call simpl Denote on PHOAS with big_flat ran for 0.13 secs (0.129u,0.s) (success)
Params: n= 1230
Tactic call simpl Denote on PHOAS with big_flat ran for 0.134 secs (0.134u,0.s) (success)
Params: n= 1240
Tactic call simpl Denote on PHOAS with big_flat ran for 0.127 secs (0.127u,0.s) (success)
Params: n= 1250
Tactic call simpl Denote on PHOAS with big_flat ran for 0.158 secs (0.158u,0.s) (success)
Params: n= 1260
Tactic call simpl Denote on PHOAS with big_flat ran for 0.157 secs (0.157u,0.s) (success)
Params: n= 1270
Tactic call simpl Denote on PHOAS with big_flat ran for 0.16 secs (0.16u,0.s) (success)
Params: n= 1280
Tactic call simpl Denote on PHOAS with big_flat ran for 0.141 secs (0.141u,0.s) (success)
Params: n= 1290
Tactic call simpl Denote on PHOAS with big_flat ran for 0.141 secs (0.138u,0.003s) (success)
Params: n= 1300
Tactic call simpl Denote on PHOAS with big_flat ran for 0.141 secs (0.141u,0.s) (success)
Params: n= 1310
Tactic call simpl Denote on PHOAS with big_flat ran for 0.151 secs (0.151u,0.s) (success)
Params: n= 1320
Tactic call simpl Denote on PHOAS with big_flat ran for 0.155 secs (0.154u,0.s) (success)
Params: n= 1330
Tactic call simpl Denote on PHOAS with big_flat ran for 0.15 secs (0.15u,0.s) (success)
Params: n= 1340
Tactic call simpl Denote on PHOAS with big_flat ran for 0.147 secs (0.147u,0.s) (success)
Params: n= 1350
Tactic call simpl Denote on PHOAS with big_flat ran for 0.146 secs (0.146u,0.s) (success)
Params: n= 1360
Tactic call simpl Denote on PHOAS with big_flat ran for 0.144 secs (0.144u,0.s) (success)
Params: n= 1370
Tactic call simpl Denote on PHOAS with big_flat ran for 0.167 secs (0.167u,0.s) (success)
Params: n= 1380
Tactic call simpl Denote on PHOAS with big_flat ran for 0.139 secs (0.139u,0.s) (success)
Params: n= 1390
Tactic call simpl Denote on PHOAS with big_flat ran for 0.146 secs (0.146u,0.s) (success)
Params: n= 1400
Tactic call simpl Denote on PHOAS with big_flat ran for 0.192 secs (0.192u,0.s) (success)
Params: n= 1410
Tactic call simpl Denote on PHOAS with big_flat ran for 0.173 secs (0.173u,0.s) (success)
Params: n= 1420
Tactic call simpl Denote on PHOAS with big_flat ran for 0.171 secs (0.171u,0.s) (success)
Params: n= 1430
Tactic call simpl Denote on PHOAS with big_flat ran for 0.161 secs (0.161u,0.s) (success)
Params: n= 1440
Tactic call simpl Denote on PHOAS with big_flat ran for 0.172 secs (0.172u,0.s) (success)
Params: n= 1450
Tactic call simpl Denote on PHOAS with big_flat ran for 0.176 secs (0.176u,0.s) (success)
Params: n= 1460
Tactic call simpl Denote on PHOAS with big_flat ran for 0.169 secs (0.169u,0.s) (success)
Params: n= 1470
Tactic call simpl Denote on PHOAS with big_flat ran for 0.181 secs (0.181u,0.s) (success)
Params: n= 1480
Tactic call simpl Denote on PHOAS with big_flat ran for 0.182 secs (0.178u,0.003s) (success)
Params: n= 1490
Tactic call simpl Denote on PHOAS with big_flat ran for 0.218 secs (0.214u,0.003s) (success)
Params: n= 1500
Tactic call simpl Denote on PHOAS with big_flat ran for 0.183 secs (0.183u,0.s) (success)
Params: n= 1510
Tactic call simpl Denote on PHOAS with big_flat ran for 0.161 secs (0.161u,0.s) (success)
Params: n= 1520
Tactic call simpl Denote on PHOAS with big_flat ran for 0.159 secs (0.159u,0.s) (success)
Params: n= 1530
Tactic call simpl Denote on PHOAS with big_flat ran for 0.167 secs (0.167u,0.s) (success)
Params: n= 1540
Tactic call simpl Denote on PHOAS with big_flat ran for 0.177 secs (0.177u,0.s) (success)
Params: n= 1550
Tactic call simpl Denote on PHOAS with big_flat ran for 0.171 secs (0.171u,0.s) (success)
Params: n= 1560
Tactic call simpl Denote on PHOAS with big_flat ran for 0.166 secs (0.166u,0.s) (success)
Params: n= 1570
Tactic call simpl Denote on PHOAS with big_flat ran for 0.169 secs (0.169u,0.s) (success)
Params: n= 1580
Tactic call simpl Denote on PHOAS with big_flat ran for 0.196 secs (0.196u,0.s) (success)
Params: n= 1590
Tactic call simpl Denote on PHOAS with big_flat ran for 0.219 secs (0.215u,0.003s) (success)
Params: n= 1600
Tactic call simpl Denote on PHOAS with big_flat ran for 0.186 secs (0.186u,0.s) (success)
Params: n= 1610
Tactic call simpl Denote on PHOAS with big_flat ran for 0.164 secs (0.164u,0.s) (success)
Params: n= 1620
Tactic call simpl Denote on PHOAS with big_flat ran for 0.163 secs (0.163u,0.s) (success)
Params: n= 1630
Tactic call simpl Denote on PHOAS with big_flat ran for 0.176 secs (0.176u,0.s) (success)
Params: n= 1640
Tactic call simpl Denote on PHOAS with big_flat ran for 0.184 secs (0.184u,0.s) (success)
Params: n= 1650
Tactic call simpl Denote on PHOAS with big_flat ran for 0.193 secs (0.193u,0.s) (success)
Params: n= 1660
Tactic call simpl Denote on PHOAS with big_flat ran for 0.183 secs (0.179u,0.003s) (success)
Params: n= 1670
Tactic call simpl Denote on PHOAS with big_flat ran for 0.183 secs (0.183u,0.s) (success)
Params: n= 1680
Tactic call simpl Denote on PHOAS with big_flat ran for 0.204 secs (0.204u,0.s) (success)
Params: n= 1690
Tactic call simpl Denote on PHOAS with big_flat ran for 0.226 secs (0.226u,0.s) (success)
Params: n= 1700
Tactic call simpl Denote on PHOAS with big_flat ran for 0.236 secs (0.236u,0.s) (success)
Params: n= 1710
Tactic call simpl Denote on PHOAS with big_flat ran for 0.21 secs (0.21u,0.s) (success)
Params: n= 1720
Tactic call simpl Denote on PHOAS with big_flat ran for 0.214 secs (0.214u,0.s) (success)
Params: n= 1730
Tactic call simpl Denote on PHOAS with big_flat ran for 0.196 secs (0.196u,0.s) (success)
Params: n= 1740
Tactic call simpl Denote on PHOAS with big_flat ran for 0.181 secs (0.181u,0.s) (success)
Params: n= 1750
Tactic call simpl Denote on PHOAS with big_flat ran for 0.176 secs (0.176u,0.s) (success)
Params: n= 1760
Tactic call simpl Denote on PHOAS with big_flat ran for 0.177 secs (0.177u,0.s) (success)
Params: n= 1770
Tactic call simpl Denote on PHOAS with big_flat ran for 0.175 secs (0.175u,0.s) (success)
Params: n= 1780
Tactic call simpl Denote on PHOAS with big_flat ran for 0.179 secs (0.179u,0.s) (success)
Params: n= 1790
Tactic call simpl Denote on PHOAS with big_flat ran for 0.19 secs (0.19u,0.s) (success)
Params: n= 1800
Tactic call simpl Denote on PHOAS with big_flat ran for 0.181 secs (0.181u,0.s) (success)
Params: n= 1810
Tactic call simpl Denote on PHOAS with big_flat ran for 0.248 secs (0.248u,0.s) (success)
Params: n= 1820
Tactic call simpl Denote on PHOAS with big_flat ran for 0.184 secs (0.184u,0.s) (success)
Params: n= 1830
Tactic call simpl Denote on PHOAS with big_flat ran for 0.188 secs (0.188u,0.s) (success)
Params: n= 1840
Tactic call simpl Denote on PHOAS with big_flat ran for 0.207 secs (0.207u,0.s) (success)
Params: n= 1850
Tactic call simpl Denote on PHOAS with big_flat ran for 0.219 secs (0.219u,0.s) (success)
Params: n= 1860
Tactic call simpl Denote on PHOAS with big_flat ran for 0.219 secs (0.219u,0.s) (success)
Params: n= 1870
Tactic call simpl Denote on PHOAS with big_flat ran for 0.197 secs (0.197u,0.s) (success)
Params: n= 1880
Tactic call simpl Denote on PHOAS with big_flat ran for 0.215 secs (0.215u,0.s) (success)
Params: n= 1890
Tactic call simpl Denote on PHOAS with big_flat ran for 0.222 secs (0.222u,0.s) (success)
Params: n= 1900
Tactic call simpl Denote on PHOAS with big_flat ran for 0.203 secs (0.203u,0.s) (success)
Params: n= 1910
Tactic call simpl Denote on PHOAS with big_flat ran for 0.198 secs (0.197u,0.s) (success)
Params: n= 1920
Tactic call simpl Denote on PHOAS with big_flat ran for 0.214 secs (0.214u,0.s) (success)
Params: n= 1930
Tactic call simpl Denote on PHOAS with big_flat ran for 0.231 secs (0.231u,0.s) (success)
Params: n= 1940
Tactic call simpl Denote on PHOAS with big_flat ran for 0.203 secs (0.203u,0.s) (success)
Params: n= 1950
Tactic call simpl Denote on PHOAS with big_flat ran for 0.228 secs (0.228u,0.s) (success)
Params: n= 1960
Tactic call simpl Denote on PHOAS with big_flat ran for 0.202 secs (0.202u,0.s) (success)
Params: n= 1970
Tactic call simpl Denote on PHOAS with big_flat ran for 0.207 secs (0.207u,0.s) (success)
Params: n= 1980
Tactic call simpl Denote on PHOAS with big_flat ran for 0.208 secs (0.208u,0.s) (success)
Params: n= 1990
Tactic call simpl Denote on PHOAS with big_flat ran for 0.209 secs (0.209u,0.s) (success)
Params: n= 2000
Tactic call simpl Denote on PHOAS with big_flat ran for 0.232 secs (0.232u,0.s) (success)
Params: n= 2050
Tactic call simpl Denote on PHOAS with big_flat ran for 0.26 secs (0.26u,0.s) (success)
Params: n= 2100
Tactic call simpl Denote on PHOAS with big_flat ran for 0.252 secs (0.252u,0.s) (success)
Params: n= 2150
Tactic call simpl Denote on PHOAS with big_flat ran for 0.256 secs (0.256u,0.s) (success)
Params: n= 2200
Tactic call simpl Denote on PHOAS with big_flat ran for 0.267 secs (0.267u,0.s) (success)
Params: n= 2250
Tactic call simpl Denote on PHOAS with big_flat ran for 0.28 secs (0.28u,0.s) (success)
Params: n= 2300
Tactic call simpl Denote on PHOAS with big_flat ran for 0.31 secs (0.31u,0.s) (success)
Params: n= 2350
Tactic call simpl Denote on PHOAS with big_flat ran for 0.312 secs (0.312u,0.s) (success)
Params: n= 2400
Tactic call simpl Denote on PHOAS with big_flat ran for 0.319 secs (0.319u,0.s) (success)
Params: n= 2450
Tactic call simpl Denote on PHOAS with big_flat ran for 0.306 secs (0.306u,0.s) (success)
Params: n= 2500
Tactic call simpl Denote on PHOAS with big_flat ran for 0.284 secs (0.284u,0.s) (success)
Params: n= 2550
Tactic call simpl Denote on PHOAS with big_flat ran for 0.271 secs (0.271u,0.s) (success)
Params: n= 2600
Tactic call simpl Denote on PHOAS with big_flat ran for 0.296 secs (0.296u,0.s) (success)
Params: n= 2650
Tactic call simpl Denote on PHOAS with big_flat ran for 0.28 secs (0.28u,0.s) (success)
Params: n= 2700
Tactic call simpl Denote on PHOAS with big_flat ran for 0.288 secs (0.288u,0.s) (success)
Params: n= 2750
Tactic call simpl Denote on PHOAS with big_flat ran for 0.296 secs (0.296u,0.s) (success)
Params: n= 2800
Tactic call simpl Denote on PHOAS with big_flat ran for 0.336 secs (0.332u,0.003s) (success)
Params: n= 2850
Tactic call simpl Denote on PHOAS with big_flat ran for 0.297 secs (0.297u,0.s) (success)
Params: n= 2900
Tactic call simpl Denote on PHOAS with big_flat ran for 0.341 secs (0.341u,0.s) (success)
Params: n= 2950
Tactic call simpl Denote on PHOAS with big_flat ran for 0.369 secs (0.369u,0.s) (success)
Params: n= 3000
Tactic call simpl Denote on PHOAS with big_flat ran for 0.344 secs (0.344u,0.s) (success)
Params: n= 3050
Tactic call simpl Denote on PHOAS with big_flat ran for 0.316 secs (0.316u,0.s) (success)
Params: n= 3100
Tactic call simpl Denote on PHOAS with big_flat ran for 0.328 secs (0.324u,0.003s) (success)
Params: n= 3150
Tactic call simpl Denote on PHOAS with big_flat ran for 0.35 secs (0.349u,0.s) (success)
Params: n= 3200
Tactic call simpl Denote on PHOAS with big_flat ran for 0.357 secs (0.357u,0.s) (success)
Params: n= 3250
Tactic call simpl Denote on PHOAS with big_flat ran for 0.355 secs (0.355u,0.s) (success)
Params: n= 3300
Tactic call simpl Denote on PHOAS with big_flat ran for 0.46 secs (0.46u,0.s) (success)
Params: n= 3350
Tactic call simpl Denote on PHOAS with big_flat ran for 0.369 secs (0.369u,0.s) (success)
Params: n= 3400
Tactic call simpl Denote on PHOAS with big_flat ran for 0.349 secs (0.349u,0.s) (success)
Params: n= 3450
Tactic call simpl Denote on PHOAS with big_flat ran for 0.406 secs (0.406u,0.s) (success)
Params: n= 3500
Tactic call simpl Denote on PHOAS with big_flat ran for 0.431 secs (0.427u,0.003s) (success)
Params: n= 3550
Tactic call simpl Denote on PHOAS with big_flat ran for 0.429 secs (0.425u,0.004s) (success)
Params: n= 3600
Tactic call simpl Denote on PHOAS with big_flat ran for 0.45 secs (0.45u,0.s) (success)
Params: n= 3650
Tactic call simpl Denote on PHOAS with big_flat ran for 0.404 secs (0.404u,0.s) (success)
Params: n= 3700
Tactic call simpl Denote on PHOAS with big_flat ran for 0.445 secs (0.445u,0.s) (success)
Params: n= 3750
Tactic call simpl Denote on PHOAS with big_flat ran for 0.426 secs (0.426u,0.s) (success)
Params: n= 3800
Tactic call simpl Denote on PHOAS with big_flat ran for 0.479 secs (0.479u,0.s) (success)
Params: n= 3850
Tactic call simpl Denote on PHOAS with big_flat ran for 0.407 secs (0.407u,0.s) (success)
Params: n= 3900
Tactic call simpl Denote on PHOAS with big_flat ran for 0.441 secs (0.437u,0.003s) (success)
Params: n= 3950
Tactic call simpl Denote on PHOAS with big_flat ran for 0.438 secs (0.438u,0.s) (success)
Params: n= 4000
Tactic call simpl Denote on PHOAS with big_flat ran for 0.428 secs (0.428u,0.s) (success)
Params: n= 4050
Tactic call simpl Denote on PHOAS with big_flat ran for 0.521 secs (0.521u,0.s) (success)
Params: n= 4100
Tactic call simpl Denote on PHOAS with big_flat ran for 0.483 secs (0.479u,0.003s) (success)
Params: n= 4150
Tactic call simpl Denote on PHOAS with big_flat ran for 0.534 secs (0.534u,0.s) (success)
Params: n= 4200
Tactic call simpl Denote on PHOAS with big_flat ran for 0.532 secs (0.528u,0.003s) (success)
Params: n= 4250
Tactic call simpl Denote on PHOAS with big_flat ran for 0.443 secs (0.443u,0.s) (success)
Params: n= 4300
Tactic call simpl Denote on PHOAS with big_flat ran for 0.508 secs (0.508u,0.s) (success)
Params: n= 4350
Tactic call simpl Denote on PHOAS with big_flat ran for 0.503 secs (0.499u,0.003s) (success)
Params: n= 4400
Tactic call simpl Denote on PHOAS with big_flat ran for 0.529 secs (0.528u,0.s) (success)
Params: n= 4450
Tactic call simpl Denote on PHOAS with big_flat ran for 0.452 secs (0.452u,0.s) (success)
Params: n= 4500
Tactic call simpl Denote on PHOAS with big_flat ran for 0.54 secs (0.54u,0.s) (success)
Params: n= 4550
Tactic call simpl Denote on PHOAS with big_flat ran for 0.522 secs (0.522u,0.s) (success)
Params: n= 4600
Tactic call simpl Denote on PHOAS with big_flat ran for 0.476 secs (0.476u,0.s) (success)
Params: n= 4650
Tactic call simpl Denote on PHOAS with big_flat ran for 0.543 secs (0.543u,0.s) (success)
Params: n= 4700
Tactic call simpl Denote on PHOAS with big_flat ran for 0.485 secs (0.485u,0.s) (success)
Params: n= 4750
Tactic call simpl Denote on PHOAS with big_flat ran for 0.534 secs (0.534u,0.s) (success)
Params: n= 4800
Tactic call simpl Denote on PHOAS with big_flat ran for 0.591 secs (0.591u,0.s) (success)
Params: n= 4850
Tactic call simpl Denote on PHOAS with big_flat ran for 0.579 secs (0.579u,0.s) (success)
Params: n= 4900
Tactic call simpl Denote on PHOAS with big_flat ran for 0.529 secs (0.529u,0.s) (success)
Params: n= 4950
Tactic call simpl Denote on PHOAS with big_flat ran for 0.527 secs (0.527u,0.s) (success)
Params: n= 5000
Tactic call simpl Denote on PHOAS with big_flat ran for 0.516 secs (0.516u,0.s) (success)
Params: n= 5050
Tactic call simpl Denote on PHOAS with big_flat ran for 0.545 secs (0.545u,0.s) (success)
Params: n= 5100
Tactic call simpl Denote on PHOAS with big_flat ran for 0.583 secs (0.583u,0.s) (success)
Params: n= 5150
Tactic call simpl Denote on PHOAS with big_flat ran for 0.533 secs (0.532u,0.s) (success)
Params: n= 5200
Tactic call simpl Denote on PHOAS with big_flat ran for 0.674 secs (0.673u,0.s) (success)
Params: n= 5250
Tactic call simpl Denote on PHOAS with big_flat ran for 0.565 secs (0.565u,0.s) (success)
Params: n= 5300
Tactic call simpl Denote on PHOAS with big_flat ran for 0.637 secs (0.637u,0.s) (success)
Params: n= 5350
Tactic call simpl Denote on PHOAS with big_flat ran for 0.572 secs (0.572u,0.s) (success)
Params: n= 5400
Tactic call simpl Denote on PHOAS with big_flat ran for 0.562 secs (0.562u,0.s) (success)
Params: n= 5450
Tactic call simpl Denote on PHOAS with big_flat ran for 0.579 secs (0.579u,0.s) (success)
Params: n= 5500
Tactic call simpl Denote on PHOAS with big_flat ran for 0.567 secs (0.567u,0.s) (success)
Params: n= 5550
Tactic call simpl Denote on PHOAS with big_flat ran for 0.611 secs (0.607u,0.003s) (success)
Params: n= 5600
Tactic call simpl Denote on PHOAS with big_flat ran for 0.665 secs (0.665u,0.s) (success)
Params: n= 5650
Tactic call simpl Denote on PHOAS with big_flat ran for 0.711 secs (0.711u,0.s) (success)
Params: n= 5700
Tactic call simpl Denote on PHOAS with big_flat ran for 0.601 secs (0.601u,0.s) (success)
Params: n= 5750
Tactic call simpl Denote on PHOAS with big_flat ran for 0.622 secs (0.622u,0.s) (success)
Params: n= 5800
Tactic call simpl Denote on PHOAS with big_flat ran for 0.607 secs (0.607u,0.s) (success)
Params: n= 5850
Tactic call simpl Denote on PHOAS with big_flat ran for 0.594 secs (0.594u,0.s) (success)
Params: n= 5900
Tactic call simpl Denote on PHOAS with big_flat ran for 0.654 secs (0.653u,0.s) (success)
Params: n= 5950
Tactic call simpl Denote on PHOAS with big_flat ran for 0.655 secs (0.655u,0.s) (success)
Params: n= 6000
Tactic call simpl Denote on PHOAS with big_flat ran for 0.626 secs (0.626u,0.s) (success)
Params: n= 6050
Tactic call simpl Denote on PHOAS with big_flat ran for 0.655 secs (0.655u,0.s) (success)
Params: n= 6100
Tactic call simpl Denote on PHOAS with big_flat ran for 0.821 secs (0.821u,0.s) (success)
Params: n= 6150
Tactic call simpl Denote on PHOAS with big_flat ran for 0.782 secs (0.782u,0.s) (success)
Params: n= 6200
Tactic call simpl Denote on PHOAS with big_flat ran for 0.788 secs (0.787u,0.s) (success)
Params: n= 6250
Tactic call simpl Denote on PHOAS with big_flat ran for 0.706 secs (0.706u,0.s) (success)
Params: n= 6300
Tactic call simpl Denote on PHOAS with big_flat ran for 0.724 secs (0.724u,0.s) (success)
Params: n= 6350
Tactic call simpl Denote on PHOAS with big_flat ran for 0.784 secs (0.784u,0.s) (success)
Params: n= 6400
Tactic call simpl Denote on PHOAS with big_flat ran for 0.874 secs (0.874u,0.s) (success)
Params: n= 6450
Tactic call simpl Denote on PHOAS with big_flat ran for 0.672 secs (0.672u,0.s) (success)
Params: n= 6500
Tactic call simpl Denote on PHOAS with big_flat ran for 0.855 secs (0.855u,0.s) (success)
Params: n= 6550
Tactic call simpl Denote on PHOAS with big_flat ran for 0.792 secs (0.792u,0.s) (success)
Params: n= 6600
Tactic call simpl Denote on PHOAS with big_flat ran for 0.748 secs (0.748u,0.s) (success)
Params: n= 6650
Tactic call simpl Denote on PHOAS with big_flat ran for 0.805 secs (0.805u,0.s) (success)
Params: n= 6700
Tactic call simpl Denote on PHOAS with big_flat ran for 0.821 secs (0.82u,0.s) (success)
Params: n= 6750
Tactic call simpl Denote on PHOAS with big_flat ran for 0.882 secs (0.882u,0.s) (success)
Params: n= 6800
Tactic call simpl Denote on PHOAS with big_flat ran for 0.788 secs (0.788u,0.s) (success)
Params: n= 6850
Tactic call simpl Denote on PHOAS with big_flat ran for 0.862 secs (0.862u,0.s) (success)
Params: n= 6900
Tactic call simpl Denote on PHOAS with big_flat ran for 0.881 secs (0.881u,0.s) (success)
Params: n= 6950
Tactic call simpl Denote on PHOAS with big_flat ran for 0.896 secs (0.896u,0.s) (success)
Params: n= 7000
Tactic call simpl Denote on PHOAS with big_flat ran for 0.905 secs (0.905u,0.s) (success)
Params: n= 7050
Tactic call simpl Denote on PHOAS with big_flat ran for 0.894 secs (0.894u,0.s) (success)
Params: n= 7100
Tactic call simpl Denote on PHOAS with big_flat ran for 0.789 secs (0.789u,0.s) (success)
Params: n= 7150
Tactic call simpl Denote on PHOAS with big_flat ran for 0.84 secs (0.84u,0.s) (success)
Params: n= 7200
Tactic call simpl Denote on PHOAS with big_flat ran for 0.755 secs (0.755u,0.s) (success)
Params: n= 7250
Tactic call simpl Denote on PHOAS with big_flat ran for 0.756 secs (0.756u,0.s) (success)
Params: n= 7300
Tactic call simpl Denote on PHOAS with big_flat ran for 0.833 secs (0.833u,0.s) (success)
Params: n= 7350
Tactic call simpl Denote on PHOAS with big_flat ran for 0.821 secs (0.821u,0.s) (success)
Params: n= 7400
Tactic call simpl Denote on PHOAS with big_flat ran for 0.915 secs (0.915u,0.s) (success)
Params: n= 7450
Tactic call simpl Denote on PHOAS with big_flat ran for 0.861 secs (0.861u,0.s) (success)
Params: n= 7500
Tactic call simpl Denote on PHOAS with big_flat ran for 0.776 secs (0.776u,0.s) (success)
Params: n= 7550
Tactic call simpl Denote on PHOAS with big_flat ran for 0.802 secs (0.802u,0.s) (success)
Params: n= 7600
Tactic call simpl Denote on PHOAS with big_flat ran for 0.875 secs (0.874u,0.s) (success)
Params: n= 7650
Tactic call simpl Denote on PHOAS with big_flat ran for 0.9 secs (0.9u,0.s) (success)
Params: n= 7700
Tactic call simpl Denote on PHOAS with big_flat ran for 0.798 secs (0.798u,0.s) (success)
Params: n= 7750
Tactic call simpl Denote on PHOAS with big_flat ran for 0.82 secs (0.82u,0.s) (success)
Params: n= 7800
Tactic call simpl Denote on PHOAS with big_flat ran for 0.869 secs (0.869u,0.s) (success)
Params: n= 7850
Tactic call simpl Denote on PHOAS with big_flat ran for 0.809 secs (0.809u,0.s) (success)
Params: n= 7900
Tactic call simpl Denote on PHOAS with big_flat ran for 0.929 secs (0.929u,0.s) (success)
Params: n= 7950
Tactic call simpl Denote on PHOAS with big_flat ran for 1.006 secs (1.005u,0.s) (success)
Params: n= 8000
Tactic call simpl Denote on PHOAS with big_flat ran for 1.037 secs (1.036u,0.s) (success)
Params: n= 8050
Tactic call simpl Denote on PHOAS with big_flat ran for 1.076 secs (1.076u,0.s) (success)
Params: n= 8100
Tactic call simpl Denote on PHOAS with big_flat ran for 0.901 secs (0.901u,0.s) (success)
Params: n= 8150
Tactic call simpl Denote on PHOAS with big_flat ran for 0.858 secs (0.858u,0.s) (success)
Params: n= 8200
Tactic call simpl Denote on PHOAS with big_flat ran for 0.907 secs (0.907u,0.s) (success)
Params: n= 8250
Tactic call simpl Denote on PHOAS with big_flat ran for 0.941 secs (0.941u,0.s) (success)
Params: n= 8300
Tactic call simpl Denote on PHOAS with big_flat ran for 1.018 secs (1.017u,0.s) (success)
Params: n= 8350
Tactic call simpl Denote on PHOAS with big_flat ran for 1.089 secs (1.089u,0.s) (success)
Params: n= 8400
Tactic call simpl Denote on PHOAS with big_flat ran for 1.024 secs (1.023u,0.s) (success)
Params: n= 8450
Tactic call simpl Denote on PHOAS with big_flat ran for 0.928 secs (0.928u,0.s) (success)
Params: n= 8500
Tactic call simpl Denote on PHOAS with big_flat ran for 0.94 secs (0.94u,0.s) (success)
Params: n= 8550
Tactic call simpl Denote on PHOAS with big_flat ran for 0.959 secs (0.959u,0.s) (success)
Params: n= 8600
Tactic call simpl Denote on PHOAS with big_flat ran for 1.065 secs (1.065u,0.s) (success)
Params: n= 8650
Tactic call simpl Denote on PHOAS with big_flat ran for 1.053 secs (1.052u,0.s) (success)
Params: n= 8700
Tactic call simpl Denote on PHOAS with big_flat ran for 1. secs (1.u,0.s) (success)
Params: n= 8750
Tactic call simpl Denote on PHOAS with big_flat ran for 1.083 secs (1.082u,0.s) (success)
Params: n= 8800
Tactic call simpl Denote on PHOAS with big_flat ran for 0.989 secs (0.989u,0.s) (success)
Params: n= 8850
Tactic call simpl Denote on PHOAS with big_flat ran for 1.041 secs (1.041u,0.s) (success)
Params: n= 8900
Tactic call simpl Denote on PHOAS with big_flat ran for 1.105 secs (1.104u,0.s) (success)
Params: n= 8950
Tactic call simpl Denote on PHOAS with big_flat ran for 0.947 secs (0.947u,0.s) (success)
Params: n= 9000
Tactic call simpl Denote on PHOAS with big_flat ran for 0.943 secs (0.943u,0.s) (success)
Params: n= 9050
Tactic call simpl Denote on PHOAS with big_flat ran for 0.972 secs (0.972u,0.s) (success)
Params: n= 9100
Tactic call simpl Denote on PHOAS with big_flat ran for 1.168 secs (1.168u,0.s) (success)
Params: n= 9150
Tactic call simpl Denote on PHOAS with big_flat ran for 1.165 secs (1.165u,0.s) (success)
Params: n= 9200
Tactic call simpl Denote on PHOAS with big_flat ran for 1.087 secs (1.087u,0.s) (success)
Params: n= 9250
Tactic call simpl Denote on PHOAS with big_flat ran for 1.21 secs (1.21u,0.s) (success)
Params: n= 9300
Tactic call simpl Denote on PHOAS with big_flat ran for 1.163 secs (1.163u,0.s) (success)
Params: n= 9350
Tactic call simpl Denote on PHOAS with big_flat ran for 1.071 secs (1.07u,0.s) (success)
Params: n= 9400
Tactic call simpl Denote on PHOAS with big_flat ran for 0.989 secs (0.989u,0.s) (success)
Params: n= 9450
Tactic call simpl Denote on PHOAS with big_flat ran for 1.147 secs (1.147u,0.s) (success)
Params: n= 9500
Tactic call simpl Denote on PHOAS with big_flat ran for 1.228 secs (1.228u,0.s) (success)
Params: n= 9550
Tactic call simpl Denote on PHOAS with big_flat ran for 1.119 secs (1.119u,0.s) (success)
Params: n= 9600
Tactic call simpl Denote on PHOAS with big_flat ran for 1.241 secs (1.241u,0.s) (success)
Params: n= 9650
Tactic call simpl Denote on PHOAS with big_flat ran for 1.19 secs (1.19u,0.s) (success)
Params: n= 9700
Tactic call simpl Denote on PHOAS with big_flat ran for 1.052 secs (1.051u,0.s) (success)
Params: n= 9750
Tactic call simpl Denote on PHOAS with big_flat ran for 1.074 secs (1.07u,0.003s) (success)
Params: n= 9800
Tactic call simpl Denote on PHOAS with big_flat ran for 1.126 secs (1.126u,0.s) (success)
Params: n= 9850
Tactic call simpl Denote on PHOAS with big_flat ran for 1.178 secs (1.178u,0.s) (success)
Params: n= 9900
Tactic call simpl Denote on PHOAS with big_flat ran for 1.307 secs (1.307u,0.s) (success)
Params: n= 9950
Tactic call simpl Denote on PHOAS with big_flat ran for 1.167 secs (1.167u,0.s) (success)
Params: n= 10000
Tactic call simpl Denote on PHOAS with big_flat ran for 1.322 secs (1.322u,0.s) (success)
Params: n= 10100
Tactic call simpl Denote on PHOAS with big_flat ran for 1.216 secs (1.216u,0.s) (success)
Params: n= 10200
Tactic call simpl Denote on PHOAS with big_flat ran for 1.248 secs (1.248u,0.s) (success)
Params: n= 10300
Tactic call simpl Denote on PHOAS with big_flat ran for 1.15 secs (1.15u,0.s) (success)
Params: n= 10400
Tactic call simpl Denote on PHOAS with big_flat ran for 1.148 secs (1.148u,0.s) (success)
Params: n= 10500
Tactic call simpl Denote on PHOAS with big_flat ran for 1.223 secs (1.223u,0.s) (success)
Params: n= 10600
Tactic call simpl Denote on PHOAS with big_flat ran for 1.206 secs (1.206u,0.s) (success)
Params: n= 10700
Tactic call simpl Denote on PHOAS with big_flat ran for 1.24 secs (1.24u,0.s) (success)
Params: n= 10800
Tactic call simpl Denote on PHOAS with big_flat ran for 1.244 secs (1.244u,0.s) (success)
Params: n= 10900
Tactic call simpl Denote on PHOAS with big_flat ran for 1.206 secs (1.206u,0.s) (success)
Params: n= 11000
Tactic call simpl Denote on PHOAS with big_flat ran for 1.321 secs (1.321u,0.s) (success)
Params: n= 11100
Tactic call simpl Denote on PHOAS with big_flat ran for 1.3 secs (1.3u,0.s) (success)
Params: n= 11200
Tactic call simpl Denote on PHOAS with big_flat ran for 1.217 secs (1.217u,0.s) (success)
Params: n= 11300
Tactic call simpl Denote on PHOAS with big_flat ran for 1.403 secs (1.403u,0.s) (success)
Params: n= 11400
Tactic call simpl Denote on PHOAS with big_flat ran for 1.355 secs (1.355u,0.s) (success)
Params: n= 11500
Tactic call simpl Denote on PHOAS with big_flat ran for 1.46 secs (1.46u,0.s) (success)
Params: n= 11600
Tactic call simpl Denote on PHOAS with big_flat ran for 1.46 secs (1.46u,0.s) (success)
Params: n= 11700
Tactic call simpl Denote on PHOAS with big_flat ran for 1.354 secs (1.354u,0.s) (success)
Params: n= 11800
Tactic call simpl Denote on PHOAS with big_flat ran for 1.385 secs (1.385u,0.s) (success)
Params: n= 11900
Tactic call simpl Denote on PHOAS with big_flat ran for 1.43 secs (1.43u,0.s) (success)
Params: n= 12000
Tactic call simpl Denote on PHOAS with big_flat ran for 1.542 secs (1.537u,0.004s) (success)
Params: n= 12100
Tactic call simpl Denote on PHOAS with big_flat ran for 1.464 secs (1.464u,0.s) (success)
Params: n= 12200
Tactic call simpl Denote on PHOAS with big_flat ran for 1.409 secs (1.4u,0.008s) (success)
Params: n= 12300
Tactic call simpl Denote on PHOAS with big_flat ran for 1.362 secs (1.362u,0.s) (success)
Params: n= 12400
Tactic call simpl Denote on PHOAS with big_flat ran for 1.368 secs (1.368u,0.s) (success)
Params: n= 12500
Tactic call simpl Denote on PHOAS with big_flat ran for 1.42 secs (1.42u,0.s) (success)
