Params: n= 110
Tactic call reify-regression-cubic ran for 1.737 secs (1.707u,0.028s)
Tactic call abstract-regression-linear ran for 0.005 secs (0.005u,0.s) (success)
Params: n= 120
Tactic call reify-regression-cubic ran for 2.041 secs (2.033u,0.007s)
Tactic call abstract-regression-linear ran for 0.005 secs (0.005u,0.s) (success)
Params: n= 130
Tactic call reify-regression-cubic ran for 2.543 secs (2.538u,0.003s)
Tactic call abstract-regression-linear ran for 0.006 secs (0.006u,0.s) (success)
Params: n= 140
Tactic call reify-regression-cubic ran for 3.067 secs (3.047u,0.015s)
Tactic call abstract-regression-linear ran for 0.006 secs (0.006u,0.s) (success)
Params: n= 150
Tactic call reify-regression-cubic ran for 3.671 secs (3.667u,0.004s)
Tactic call abstract-regression-linear ran for 0.007 secs (0.003u,0.003s) (success)
Params: n= 160
Tactic call reify-regression-cubic ran for 4.303 secs (4.303u,0.s)
Tactic call abstract-regression-linear ran for 0.007 secs (0.007u,0.s) (success)
Params: n= 170
Tactic call reify-regression-cubic ran for 5.107 secs (5.107u,0.s)
Tactic call abstract-regression-linear ran for 0.008 secs (0.008u,0.s) (success)
Params: n= 180
Tactic call reify-regression-cubic ran for 5.877 secs (5.876u,0.s)
Tactic call abstract-regression-linear ran for 0.008 secs (0.008u,0.s) (success)
Params: n= 190
Tactic call reify-regression-cubic ran for 6.86 secs (6.86u,0.s)
Tactic call abstract-regression-linear ran for 0.008 secs (0.008u,0.s) (success)
Params: n= 200
Tactic call reify-regression-cubic ran for 7.851 secs (7.83u,0.019s)
Tactic call abstract-regression-linear ran for 0.009 secs (0.009u,0.s) (success)
Params: n= 210
Tactic call reify-regression-cubic ran for 8.931 secs (8.926u,0.003s)
Tactic call abstract-regression-linear ran for 0.01 secs (0.01u,0.s) (success)
Params: n= 220
Tactic call reify-regression-cubic ran for 10.111 secs (10.11u,0.s)
Tactic call abstract-regression-linear ran for 0.01 secs (0.01u,0.s) (success)
Params: n= 230
Tactic call reify-regression-cubic ran for 11.453 secs (11.442u,0.008s)
Tactic call abstract-regression-linear ran for 0.01 secs (0.01u,0.s) (success)
Params: n= 240
Tactic call reify-regression-cubic ran for 12.869 secs (12.868u,0.s)
Tactic call abstract-regression-linear ran for 0.011 secs (0.011u,0.s) (success)
Params: n= 250
Tactic call reify-regression-cubic ran for 14.631 secs (14.63u,0.s)
Tactic call abstract-regression-linear ran for 0.011 secs (0.011u,0.s) (success)
Params: n= 260
Tactic call reify-regression-cubic ran for 16.178 secs (16.176u,0.s)
Tactic call abstract-regression-linear ran for 0.012 secs (0.012u,0.s) (success)
Params: n= 270
Tactic call reify-regression-cubic ran for 17.883 secs (17.876u,0.003s)
Tactic call abstract-regression-linear ran for 0.012 secs (0.012u,0.s) (success)
Params: n= 280
Tactic call reify-regression-cubic ran for 19.823 secs (19.809u,0.011s)
Tactic call abstract-regression-linear ran for 0.013 secs (0.013u,0.s) (success)
Params: n= 290
Tactic call reify-regression-cubic ran for 21.869 secs (21.847u,0.019s)
Tactic call abstract-regression-linear ran for 0.013 secs (0.009u,0.003s) (success)
Params: n= 300
Tactic call reify-regression-cubic ran for 24.121 secs (24.117u,0.s)
Tactic call abstract-regression-linear ran for 0.016 secs (0.016u,0.s) (success)
Params: n= 350
Tactic call reify-regression-cubic ran for 37.28 secs (37.273u,0.003s)
Tactic call abstract-regression-linear ran for 0.016 secs (0.016u,0.s) (success)
Params: n= 400
Tactic call reify-regression-cubic ran for 54.62 secs (54.606u,0.007s)
Tactic call abstract-regression-linear ran for 0.019 secs (0.019u,0.s) (success)
Params: n= 450
Tactic call reify-regression-cubic ran for 76.61 secs (76.52u,0.079s)
Tactic call abstract-regression-linear ran for 0.021 secs (0.021u,0.s) (success)
Params: n= 500
Tactic call reify-regression-cubic ran for 103.916 secs (103.893u,0.011s)
Tactic call abstract-regression-linear ran for 0.024 secs (0.024u,0.s) (success)
