Params: n= 10
Tactic call setoid_rewrite-regression-cubic ran for 0.008 secs (0.005u,0.003s) (success)
Tactic call abstract+setoid_rewrite-regression-cubic ran for 0.01 secs (0.006u,0.004s) (success)
Tactic call close-abstract+setoid_rewrite-regression-quadratic ran for 0.002 secs (0.001u,0.001s)
Params: n= 20
Tactic call setoid_rewrite-regression-cubic ran for 0.017 secs (0.011u,0.006s) (success)
Tactic call abstract+setoid_rewrite-regression-cubic ran for 0.023 secs (0.017u,0.006s) (success)
Tactic call close-abstract+setoid_rewrite-regression-quadratic ran for 0.005 secs (0.005u,0.s)
Params: n= 30
Tactic call setoid_rewrite-regression-cubic ran for 0.057 secs (0.056u,0.s) (success)
Tactic call abstract+setoid_rewrite-regression-cubic ran for 0.065 secs (0.064u,0.s) (success)
Tactic call close-abstract+setoid_rewrite-regression-quadratic ran for 0.007 secs (0.007u,0.s)
Params: n= 40
Tactic call setoid_rewrite-regression-cubic ran for 0.057 secs (0.057u,0.s) (success)
Tactic call abstract+setoid_rewrite-regression-cubic ran for 0.07 secs (0.07u,0.s) (success)
Tactic call close-abstract+setoid_rewrite-regression-quadratic ran for 0.012 secs (0.012u,0.s)
Params: n= 60
Tactic call setoid_rewrite-regression-cubic ran for 0.093 secs (0.092u,0.s) (success)
Tactic call abstract+setoid_rewrite-regression-cubic ran for 0.121 secs (0.12u,0.s) (success)
Tactic call close-abstract+setoid_rewrite-regression-quadratic ran for 0.028 secs (0.028u,0.s)
Params: n= 70
Tactic call setoid_rewrite-regression-cubic ran for 0.128 secs (0.128u,0.s) (success)
Tactic call abstract+setoid_rewrite-regression-cubic ran for 0.22 secs (0.22u,0.s) (success)
Tactic call close-abstract+setoid_rewrite-regression-quadratic ran for 0.092 secs (0.092u,0.s)
Params: n= 80
Tactic call setoid_rewrite-regression-cubic ran for 0.196 secs (0.192u,0.003s) (success)
Tactic call abstract+setoid_rewrite-regression-cubic ran for 0.244 secs (0.24u,0.003s) (success)
Tactic call close-abstract+setoid_rewrite-regression-quadratic ran for 0.047 secs (0.047u,0.s)
Params: n= 90
Tactic call setoid_rewrite-regression-cubic ran for 0.211 secs (0.211u,0.s) (success)
Tactic call abstract+setoid_rewrite-regression-cubic ran for 0.326 secs (0.326u,0.s) (success)
Tactic call close-abstract+setoid_rewrite-regression-quadratic ran for 0.114 secs (0.114u,0.s)
Params: n= 110
Tactic call setoid_rewrite-regression-cubic ran for 0.345 secs (0.342u,0.002s) (success)
Tactic call abstract+setoid_rewrite-regression-cubic ran for 0.435 secs (0.432u,0.002s) (success)
Tactic call close-abstract+setoid_rewrite-regression-quadratic ran for 0.09 secs (0.09u,0.s)
Params: n= 120
Tactic call setoid_rewrite-regression-cubic ran for 0.364 secs (0.364u,0.s) (success)
Tactic call abstract+setoid_rewrite-regression-cubic ran for 0.462 secs (0.461u,0.s) (success)
Tactic call close-abstract+setoid_rewrite-regression-quadratic ran for 0.097 secs (0.097u,0.s)
Params: n= 130
Tactic call setoid_rewrite-regression-cubic ran for 0.452 secs (0.451u,0.s) (success)
Tactic call abstract+setoid_rewrite-regression-cubic ran for 0.565 secs (0.564u,0.s) (success)
Tactic call close-abstract+setoid_rewrite-regression-quadratic ran for 0.112 secs (0.112u,0.s)
Params: n= 140
Tactic call setoid_rewrite-regression-cubic ran for 0.551 secs (0.549u,0.001s) (success)
Tactic call abstract+setoid_rewrite-regression-cubic ran for 0.684 secs (0.682u,0.002s) (success)
Tactic call close-abstract+setoid_rewrite-regression-quadratic ran for 0.132 secs (0.132u,0.s)
Params: n= 160
Tactic call setoid_rewrite-regression-cubic ran for 0.723 secs (0.721u,0.001s) (success)
Tactic call abstract+setoid_rewrite-regression-cubic ran for 0.895 secs (0.892u,0.002s) (success)
Tactic call close-abstract+setoid_rewrite-regression-quadratic ran for 0.171 secs (0.17u,0.s)
Params: n= 170
Tactic call setoid_rewrite-regression-cubic ran for 0.825 secs (0.822u,0.001s) (success)
Tactic call abstract+setoid_rewrite-regression-cubic ran for 1.017 secs (1.014u,0.001s) (success)
Tactic call close-abstract+setoid_rewrite-regression-quadratic ran for 0.191 secs (0.191u,0.s)
Params: n= 180
Tactic call setoid_rewrite-regression-cubic ran for 0.912 secs (0.911u,0.s) (success)
Tactic call abstract+setoid_rewrite-regression-cubic ran for 1.122 secs (1.121u,0.s) (success)
Tactic call close-abstract+setoid_rewrite-regression-quadratic ran for 0.209 secs (0.209u,0.s)
Params: n= 190
Tactic call setoid_rewrite-regression-cubic ran for 1.015 secs (1.015u,0.s) (success)
Tactic call abstract+setoid_rewrite-regression-cubic ran for 1.249 secs (1.249u,0.s) (success)
Tactic call close-abstract+setoid_rewrite-regression-quadratic ran for 0.233 secs (0.233u,0.s)
Params: n= 210
Tactic call setoid_rewrite-regression-cubic ran for 1.381 secs (1.376u,0.004s) (success)
Tactic call abstract+setoid_rewrite-regression-cubic ran for 1.672 secs (1.667u,0.004s) (success)
Tactic call close-abstract+setoid_rewrite-regression-quadratic ran for 0.29 secs (0.29u,0.s)
Params: n= 220
Tactic call setoid_rewrite-regression-cubic ran for 1.521 secs (1.518u,0.002s) (success)
Tactic call abstract+setoid_rewrite-regression-cubic ran for 1.835 secs (1.832u,0.002s) (success)
Tactic call close-abstract+setoid_rewrite-regression-quadratic ran for 0.313 secs (0.313u,0.s)
Params: n= 230
Tactic call setoid_rewrite-regression-cubic ran for 1.741 secs (1.74u,0.s) (success)
Tactic call abstract+setoid_rewrite-regression-cubic ran for 2.09 secs (2.089u,0.s) (success)
Tactic call close-abstract+setoid_rewrite-regression-quadratic ran for 0.348 secs (0.348u,0.s)
Params: n= 240
Tactic call setoid_rewrite-regression-cubic ran for 1.894 secs (1.894u,0.s) (success)
Tactic call abstract+setoid_rewrite-regression-cubic ran for 2.264 secs (2.264u,0.s) (success)
Tactic call close-abstract+setoid_rewrite-regression-quadratic ran for 0.368 secs (0.368u,0.s)
Params: n= 250
Tactic call setoid_rewrite-regression-cubic ran for 2.139 secs (2.136u,0.002s) (success)
Tactic call abstract+setoid_rewrite-regression-cubic ran for 2.547 secs (2.543u,0.002s) (success)
Tactic call close-abstract+setoid_rewrite-regression-quadratic ran for 0.406 secs (0.406u,0.s)
Params: n= 300
Tactic call setoid_rewrite-regression-cubic ran for 3.266 secs (3.264u,0.001s) (success)
Tactic call abstract+setoid_rewrite-regression-cubic ran for 3.849 secs (3.847u,0.001s) (success)
Tactic call close-abstract+setoid_rewrite-regression-quadratic ran for 0.582 secs (0.582u,0.s)
Params: n= 400
Tactic call setoid_rewrite-regression-cubic ran for 6.852 secs (6.846u,0.005s) (success)
Tactic call abstract+setoid_rewrite-regression-cubic ran for 7.87 secs (7.863u,0.005s) (success)
Tactic call close-abstract+setoid_rewrite-regression-quadratic ran for 1.016 secs (1.016u,0.s)
