Params: n= 4
Tactic call ssr-rewrite!-regression-quadratic ran for 0. secs (0.u,0.s) (success)
Tactic call ssr-rewrite?-noop-regression-linear ran for 0. secs (0.u,0.s) (success)
Tactic call abstract-regression-quadratic ran for 0.002 secs (0.002u,0.s) (success)
Tactic call close-abstract-regression-quadratic ran for 0. secs (0.u,0.s)
Params: n= 5
Tactic call ssr-rewrite!-regression-quadratic ran for 0. secs (0.u,0.s) (success)
Tactic call ssr-rewrite?-noop-regression-linear ran for 0. secs (0.u,0.s) (success)
Tactic call abstract-regression-quadratic ran for 0.003 secs (0.003u,0.s) (success)
Tactic call close-abstract-regression-quadratic ran for 0.001 secs (0.001u,0.s)
Params: n= 6
Tactic call ssr-rewrite!-regression-quadratic ran for 0.001 secs (0.001u,0.s) (success)
Tactic call ssr-rewrite?-noop-regression-linear ran for 0. secs (0.u,0.s) (success)
Tactic call abstract-regression-quadratic ran for 0.003 secs (0.001u,0.001s) (success)
Tactic call close-abstract-regression-quadratic ran for 0. secs (0.u,0.s)
Params: n= 7
Tactic call ssr-rewrite!-regression-quadratic ran for 0.001 secs (0.u,0.001s) (success)
Tactic call ssr-rewrite?-noop-regression-linear ran for 0. secs (0.u,0.s) (success)
Tactic call abstract-regression-quadratic ran for 0.004 secs (0.u,0.004s) (success)
Tactic call close-abstract-regression-quadratic ran for 0.001 secs (0.u,0.001s)
Params: n= 8
Tactic call ssr-rewrite!-regression-quadratic ran for 0.002 secs (0.002u,0.s) (success)
Tactic call ssr-rewrite?-noop-regression-linear ran for 0. secs (0.u,0.s) (success)
Tactic call abstract-regression-quadratic ran for 0.005 secs (0.005u,0.s) (success)
Tactic call close-abstract-regression-quadratic ran for 0.002 secs (0.002u,0.s)
Params: n= 9
Tactic call ssr-rewrite!-regression-quadratic ran for 0.003 secs (0.u,0.002s) (success)
Tactic call ssr-rewrite?-noop-regression-linear ran for 0. secs (0.u,0.s) (success)
Tactic call abstract-regression-quadratic ran for 0.006 secs (0.002u,0.003s) (success)
Tactic call close-abstract-regression-quadratic ran for 0.002 secs (0.001u,0.s)
Params: n= 10
Tactic call ssr-rewrite!-regression-quadratic ran for 0.063 secs (0.051u,0.011s) (success)
Tactic call ssr-rewrite?-noop-regression-linear ran for 0. secs (0.u,0.s) (success)
Tactic call abstract-regression-quadratic ran for 0.067 secs (0.054u,0.012s) (success)
Tactic call close-abstract-regression-quadratic ran for 0.003 secs (0.003u,0.s)
Params: n= 11
Tactic call ssr-rewrite!-regression-quadratic ran for 0.003 secs (0.003u,0.s) (success)
Tactic call ssr-rewrite?-noop-regression-linear ran for 0. secs (0.u,0.s) (success)
Tactic call abstract-regression-quadratic ran for 0.006 secs (0.006u,0.s) (success)
Tactic call close-abstract-regression-quadratic ran for 0.002 secs (0.002u,0.s)
Params: n= 12
Tactic call ssr-rewrite!-regression-quadratic ran for 0.003 secs (0.003u,0.s) (success)
Tactic call ssr-rewrite?-noop-regression-linear ran for 0. secs (0.u,0.s) (success)
Tactic call abstract-regression-quadratic ran for 0.007 secs (0.007u,0.s) (success)
Tactic call close-abstract-regression-quadratic ran for 0.003 secs (0.003u,0.s)
Params: n= 13
Tactic call ssr-rewrite!-regression-quadratic ran for 0.004 secs (0.004u,0.s) (success)
Tactic call ssr-rewrite?-noop-regression-linear ran for 0. secs (0.u,0.s) (success)
Tactic call abstract-regression-quadratic ran for 0.008 secs (0.008u,0.s) (success)
Tactic call close-abstract-regression-quadratic ran for 0.003 secs (0.003u,0.s)
Params: n= 14
Tactic call ssr-rewrite!-regression-quadratic ran for 0.004 secs (0.004u,0.s) (success)
Tactic call ssr-rewrite?-noop-regression-linear ran for 0. secs (0.u,0.s) (success)
Tactic call abstract-regression-quadratic ran for 0.009 secs (0.009u,0.s) (success)
Tactic call close-abstract-regression-quadratic ran for 0.004 secs (0.004u,0.s)
Params: n= 15
Tactic call ssr-rewrite!-regression-quadratic ran for 0.005 secs (0.005u,0.s) (success)
Tactic call ssr-rewrite?-noop-regression-linear ran for 0. secs (0.u,0.s) (success)
Tactic call abstract-regression-quadratic ran for 0.01 secs (0.01u,0.s) (success)
Tactic call close-abstract-regression-quadratic ran for 0.005 secs (0.005u,0.s)
Params: n= 16
Tactic call ssr-rewrite!-regression-quadratic ran for 0.005 secs (0.005u,0.s) (success)
Tactic call ssr-rewrite?-noop-regression-linear ran for 0. secs (0.u,0.s) (success)
Tactic call abstract-regression-quadratic ran for 0.011 secs (0.011u,0.s) (success)
Tactic call close-abstract-regression-quadratic ran for 0.005 secs (0.005u,0.s)
Params: n= 17
Tactic call ssr-rewrite!-regression-quadratic ran for 0.006 secs (0.006u,0.s) (success)
Tactic call ssr-rewrite?-noop-regression-linear ran for 0. secs (0.u,0.s) (success)
Tactic call abstract-regression-quadratic ran for 0.013 secs (0.013u,0.s) (success)
Tactic call close-abstract-regression-quadratic ran for 0.006 secs (0.006u,0.s)
Params: n= 18
Tactic call ssr-rewrite!-regression-quadratic ran for 0.007 secs (0.007u,0.s) (success)
Tactic call ssr-rewrite?-noop-regression-linear ran for 0. secs (0.u,0.s) (success)
Tactic call abstract-regression-quadratic ran for 0.016 secs (0.016u,0.s) (success)
Tactic call close-abstract-regression-quadratic ran for 0.009 secs (0.009u,0.s)
Params: n= 19
Tactic call ssr-rewrite!-regression-quadratic ran for 0.007 secs (0.007u,0.s) (success)
Tactic call ssr-rewrite?-noop-regression-linear ran for 0. secs (0.u,0.s) (success)
Tactic call abstract-regression-quadratic ran for 0.016 secs (0.016u,0.s) (success)
Tactic call close-abstract-regression-quadratic ran for 0.009 secs (0.009u,0.s)
Params: n= 20
Tactic call ssr-rewrite!-regression-quadratic ran for 0.007 secs (0.007u,0.s) (success)
Tactic call ssr-rewrite?-noop-regression-linear ran for 0. secs (0.u,0.s) (success)
Tactic call abstract-regression-quadratic ran for 0.018 secs (0.018u,0.s) (success)
Tactic call close-abstract-regression-quadratic ran for 0.01 secs (0.01u,0.s)
Params: n= 21
Tactic call ssr-rewrite!-regression-quadratic ran for 0.008 secs (0.008u,0.s) (success)
Tactic call ssr-rewrite?-noop-regression-linear ran for 0. secs (0.u,0.s) (success)
Tactic call abstract-regression-quadratic ran for 0.02 secs (0.02u,0.s) (success)
Tactic call close-abstract-regression-quadratic ran for 0.011 secs (0.011u,0.s)
Params: n= 22
Tactic call ssr-rewrite!-regression-quadratic ran for 0.01 secs (0.01u,0.s) (success)
Tactic call ssr-rewrite?-noop-regression-linear ran for 0. secs (0.u,0.s) (success)
Tactic call abstract-regression-quadratic ran for 0.023 secs (0.023u,0.s) (success)
Tactic call close-abstract-regression-quadratic ran for 0.011 secs (0.011u,0.s)
Params: n= 23
Tactic call ssr-rewrite!-regression-quadratic ran for 0.01 secs (0.01u,0.s) (success)
Tactic call ssr-rewrite?-noop-regression-linear ran for 0. secs (0.u,0.s) (success)
Tactic call abstract-regression-quadratic ran for 0.024 secs (0.024u,0.s) (success)
Tactic call close-abstract-regression-quadratic ran for 0.012 secs (0.012u,0.s)
Params: n= 24
Tactic call ssr-rewrite!-regression-quadratic ran for 0.01 secs (0.01u,0.s) (success)
Tactic call ssr-rewrite?-noop-regression-linear ran for 0. secs (0.u,0.s) (success)
Tactic call abstract-regression-quadratic ran for 0.025 secs (0.025u,0.s) (success)
Tactic call close-abstract-regression-quadratic ran for 0.013 secs (0.013u,0.s)
Params: n= 25
Tactic call ssr-rewrite!-regression-quadratic ran for 0.011 secs (0.011u,0.s) (success)
Tactic call ssr-rewrite?-noop-regression-linear ran for 0. secs (0.u,0.s) (success)
Tactic call abstract-regression-quadratic ran for 0.026 secs (0.026u,0.s) (success)
Tactic call close-abstract-regression-quadratic ran for 0.014 secs (0.014u,0.s)
Params: n= 26
Tactic call ssr-rewrite!-regression-quadratic ran for 0.014 secs (0.014u,0.s) (success)
Tactic call ssr-rewrite?-noop-regression-linear ran for 0. secs (0.u,0.s) (success)
Tactic call abstract-regression-quadratic ran for 0.029 secs (0.029u,0.s) (success)
Tactic call close-abstract-regression-quadratic ran for 0.015 secs (0.015u,0.s)
Params: n= 27
Tactic call ssr-rewrite!-regression-quadratic ran for 0.013 secs (0.013u,0.s) (success)
Tactic call ssr-rewrite?-noop-regression-linear ran for 0. secs (0.u,0.s) (success)
Tactic call abstract-regression-quadratic ran for 0.029 secs (0.029u,0.s) (success)
Tactic call close-abstract-regression-quadratic ran for 0.015 secs (0.015u,0.s)
Params: n= 28
Tactic call ssr-rewrite!-regression-quadratic ran for 0.015 secs (0.015u,0.s) (success)
Tactic call ssr-rewrite?-noop-regression-linear ran for 0. secs (0.u,0.s) (success)
Tactic call abstract-regression-quadratic ran for 0.037 secs (0.037u,0.s) (success)
Tactic call close-abstract-regression-quadratic ran for 0.02 secs (0.02u,0.s)
Params: n= 29
Tactic call ssr-rewrite!-regression-quadratic ran for 0.014 secs (0.014u,0.s) (success)
Tactic call ssr-rewrite?-noop-regression-linear ran for 0. secs (0.u,0.s) (success)
Tactic call abstract-regression-quadratic ran for 0.034 secs (0.034u,0.s) (success)
Tactic call close-abstract-regression-quadratic ran for 0.019 secs (0.019u,0.s)
Params: n= 30
Tactic call ssr-rewrite!-regression-quadratic ran for 0.015 secs (0.015u,0.s) (success)
Tactic call ssr-rewrite?-noop-regression-linear ran for 0. secs (0.u,0.s) (success)
Tactic call abstract-regression-quadratic ran for 0.035 secs (0.035u,0.s) (success)
Tactic call close-abstract-regression-quadratic ran for 0.019 secs (0.019u,0.s)
Params: n= 31
Tactic call ssr-rewrite!-regression-quadratic ran for 0.019 secs (0.019u,0.s) (success)
Tactic call ssr-rewrite?-noop-regression-linear ran for 0. secs (0.u,0.s) (success)
Tactic call abstract-regression-quadratic ran for 0.041 secs (0.041u,0.s) (success)
Tactic call close-abstract-regression-quadratic ran for 0.021 secs (0.021u,0.s)
Params: n= 32
Tactic call ssr-rewrite!-regression-quadratic ran for 0.016 secs (0.016u,0.s) (success)
Tactic call ssr-rewrite?-noop-regression-linear ran for 0. secs (0.u,0.s) (success)
Tactic call abstract-regression-quadratic ran for 0.039 secs (0.039u,0.s) (success)
Tactic call close-abstract-regression-quadratic ran for 0.022 secs (0.022u,0.s)
Params: n= 33
Tactic call ssr-rewrite!-regression-quadratic ran for 0.02 secs (0.02u,0.s) (success)
Tactic call ssr-rewrite?-noop-regression-linear ran for 0. secs (0.u,0.s) (success)
Tactic call abstract-regression-quadratic ran for 0.045 secs (0.045u,0.s) (success)
Tactic call close-abstract-regression-quadratic ran for 0.024 secs (0.024u,0.s)
Params: n= 34
Tactic call ssr-rewrite!-regression-quadratic ran for 0.018 secs (0.018u,0.s) (success)
Tactic call ssr-rewrite?-noop-regression-linear ran for 0. secs (0.u,0.s) (success)
Tactic call abstract-regression-quadratic ran for 0.044 secs (0.044u,0.s) (success)
Tactic call close-abstract-regression-quadratic ran for 0.025 secs (0.025u,0.s)
Params: n= 35
Tactic call ssr-rewrite!-regression-quadratic ran for 0.02 secs (0.02u,0.s) (success)
Tactic call ssr-rewrite?-noop-regression-linear ran for 0. secs (0.u,0.s) (success)
Tactic call abstract-regression-quadratic ran for 0.048 secs (0.048u,0.s) (success)
Tactic call close-abstract-regression-quadratic ran for 0.026 secs (0.026u,0.s)
Params: n= 36
Tactic call ssr-rewrite!-regression-quadratic ran for 0.021 secs (0.021u,0.s) (success)
Tactic call ssr-rewrite?-noop-regression-linear ran for 0. secs (0.u,0.s) (success)
Tactic call abstract-regression-quadratic ran for 0.051 secs (0.051u,0.s) (success)
Tactic call close-abstract-regression-quadratic ran for 0.029 secs (0.029u,0.s)
Params: n= 37
Tactic call ssr-rewrite!-regression-quadratic ran for 0.021 secs (0.021u,0.s) (success)
Tactic call ssr-rewrite?-noop-regression-linear ran for 0. secs (0.u,0.s) (success)
Tactic call abstract-regression-quadratic ran for 0.052 secs (0.052u,0.s) (success)
Tactic call close-abstract-regression-quadratic ran for 0.029 secs (0.029u,0.s)
Params: n= 38
Tactic call ssr-rewrite!-regression-quadratic ran for 0.025 secs (0.025u,0.s) (success)
Tactic call ssr-rewrite?-noop-regression-linear ran for 0. secs (0.u,0.s) (success)
Tactic call abstract-regression-quadratic ran for 0.056 secs (0.056u,0.s) (success)
Tactic call close-abstract-regression-quadratic ran for 0.03 secs (0.03u,0.s)
Params: n= 39
Tactic call ssr-rewrite!-regression-quadratic ran for 0.023 secs (0.023u,0.s) (success)
Tactic call ssr-rewrite?-noop-regression-linear ran for 0. secs (0.u,0.s) (success)
Tactic call abstract-regression-quadratic ran for 0.061 secs (0.061u,0.s) (success)
Tactic call close-abstract-regression-quadratic ran for 0.036 secs (0.036u,0.s)
Params: n= 40
Tactic call ssr-rewrite!-regression-quadratic ran for 0.024 secs (0.024u,0.s) (success)
Tactic call ssr-rewrite?-noop-regression-linear ran for 0. secs (0.u,0.s) (success)
Tactic call abstract-regression-quadratic ran for 0.06 secs (0.06u,0.s) (success)
Tactic call close-abstract-regression-quadratic ran for 0.034 secs (0.034u,0.s)
Params: n= 41
Tactic call ssr-rewrite!-regression-quadratic ran for 0.026 secs (0.026u,0.s) (success)
Tactic call ssr-rewrite?-noop-regression-linear ran for 0. secs (0.u,0.s) (success)
Tactic call abstract-regression-quadratic ran for 0.064 secs (0.064u,0.s) (success)
Tactic call close-abstract-regression-quadratic ran for 0.037 secs (0.037u,0.s)
Params: n= 42
Tactic call ssr-rewrite!-regression-quadratic ran for 0.028 secs (0.028u,0.s) (success)
Tactic call ssr-rewrite?-noop-regression-linear ran for 0. secs (0.u,0.s) (success)
Tactic call abstract-regression-quadratic ran for 0.066 secs (0.066u,0.s) (success)
Tactic call close-abstract-regression-quadratic ran for 0.037 secs (0.037u,0.s)
Params: n= 43
Tactic call ssr-rewrite!-regression-quadratic ran for 0.031 secs (0.031u,0.s) (success)
Tactic call ssr-rewrite?-noop-regression-linear ran for 0. secs (0.u,0.s) (success)
Tactic call abstract-regression-quadratic ran for 0.07 secs (0.07u,0.s) (success)
Tactic call close-abstract-regression-quadratic ran for 0.038 secs (0.038u,0.s)
Params: n= 44
Tactic call ssr-rewrite!-regression-quadratic ran for 0.029 secs (0.029u,0.s) (success)
Tactic call ssr-rewrite?-noop-regression-linear ran for 0. secs (0.u,0.s) (success)
Tactic call abstract-regression-quadratic ran for 0.077 secs (0.077u,0.s) (success)
Tactic call close-abstract-regression-quadratic ran for 0.046 secs (0.046u,0.s)
Params: n= 45
Tactic call ssr-rewrite!-regression-quadratic ran for 0.033 secs (0.033u,0.s) (success)
Tactic call ssr-rewrite?-noop-regression-linear ran for 0. secs (0.u,0.s) (success)
Tactic call abstract-regression-quadratic ran for 0.079 secs (0.079u,0.s) (success)
Tactic call close-abstract-regression-quadratic ran for 0.045 secs (0.045u,0.s)
Params: n= 46
Tactic call ssr-rewrite!-regression-quadratic ran for 0.032 secs (0.032u,0.s) (success)
Tactic call ssr-rewrite?-noop-regression-linear ran for 0. secs (0.u,0.s) (success)
Tactic call abstract-regression-quadratic ran for 0.08 secs (0.08u,0.s) (success)
Tactic call close-abstract-regression-quadratic ran for 0.047 secs (0.047u,0.s)
Params: n= 47
Tactic call ssr-rewrite!-regression-quadratic ran for 0.033 secs (0.033u,0.s) (success)
Tactic call ssr-rewrite?-noop-regression-linear ran for 0. secs (0.u,0.s) (success)
Tactic call abstract-regression-quadratic ran for 0.083 secs (0.083u,0.s) (success)
Tactic call close-abstract-regression-quadratic ran for 0.048 secs (0.048u,0.s)
Params: n= 48
Tactic call ssr-rewrite!-regression-quadratic ran for 0.034 secs (0.034u,0.s) (success)
Tactic call ssr-rewrite?-noop-regression-linear ran for 0. secs (0.u,0.s) (success)
Tactic call abstract-regression-quadratic ran for 0.091 secs (0.091u,0.s) (success)
Tactic call close-abstract-regression-quadratic ran for 0.056 secs (0.056u,0.s)
Params: n= 49
Tactic call ssr-rewrite!-regression-quadratic ran for 0.039 secs (0.039u,0.s) (success)
Tactic call ssr-rewrite?-noop-regression-linear ran for 0. secs (0.u,0.s) (success)
Tactic call abstract-regression-quadratic ran for 0.092 secs (0.092u,0.s) (success)
Tactic call close-abstract-regression-quadratic ran for 0.051 secs (0.051u,0.s)
Params: n= 51
Tactic call ssr-rewrite!-regression-quadratic ran for 0.043 secs (0.043u,0.s) (success)
Tactic call ssr-rewrite?-noop-regression-linear ran for 0. secs (0.u,0.s) (success)
Tactic call abstract-regression-quadratic ran for 0.098 secs (0.098u,0.s) (success)
Tactic call close-abstract-regression-quadratic ran for 0.054 secs (0.054u,0.s)
Params: n= 52
Tactic call ssr-rewrite!-regression-quadratic ran for 0.042 secs (0.042u,0.s) (success)
Tactic call ssr-rewrite?-noop-regression-linear ran for 0. secs (0.u,0.s) (success)
Tactic call abstract-regression-quadratic ran for 0.101 secs (0.101u,0.s) (success)
Tactic call close-abstract-regression-quadratic ran for 0.058 secs (0.058u,0.s)
Params: n= 53
Tactic call ssr-rewrite!-regression-quadratic ran for 0.042 secs (0.038u,0.003s) (success)
Tactic call ssr-rewrite?-noop-regression-linear ran for 0. secs (0.u,0.s) (success)
Tactic call abstract-regression-quadratic ran for 0.102 secs (0.098u,0.003s) (success)
Tactic call close-abstract-regression-quadratic ran for 0.059 secs (0.059u,0.s)
Params: n= 54
Tactic call ssr-rewrite!-regression-quadratic ran for 0.046 secs (0.046u,0.s) (success)
Tactic call ssr-rewrite?-noop-regression-linear ran for 0. secs (0.u,0.s) (success)
Tactic call abstract-regression-quadratic ran for 0.115 secs (0.111u,0.003s) (success)
Tactic call close-abstract-regression-quadratic ran for 0.069 secs (0.065u,0.004s)
Params: n= 55
Tactic call ssr-rewrite!-regression-quadratic ran for 0.048 secs (0.048u,0.s) (success)
Tactic call ssr-rewrite?-noop-regression-linear ran for 0. secs (0.u,0.s) (success)
Tactic call abstract-regression-quadratic ran for 0.123 secs (0.123u,0.s) (success)
Tactic call close-abstract-regression-quadratic ran for 0.073 secs (0.073u,0.s)
Params: n= 56
Tactic call ssr-rewrite!-regression-quadratic ran for 0.05 secs (0.05u,0.s) (success)
Tactic call ssr-rewrite?-noop-regression-linear ran for 0. secs (0.u,0.s) (success)
Tactic call abstract-regression-quadratic ran for 0.122 secs (0.122u,0.s) (success)
Tactic call close-abstract-regression-quadratic ran for 0.07 secs (0.07u,0.s)
Params: n= 57
Tactic call ssr-rewrite!-regression-quadratic ran for 0.05 secs (0.05u,0.s) (success)
Tactic call ssr-rewrite?-noop-regression-linear ran for 0. secs (0.u,0.s) (success)
Tactic call abstract-regression-quadratic ran for 0.123 secs (0.123u,0.s) (success)
Tactic call close-abstract-regression-quadratic ran for 0.071 secs (0.071u,0.s)
Params: n= 58
Tactic call ssr-rewrite!-regression-quadratic ran for 0.05 secs (0.05u,0.s) (success)
Tactic call ssr-rewrite?-noop-regression-linear ran for 0. secs (0.u,0.s) (success)
Tactic call abstract-regression-quadratic ran for 0.131 secs (0.125u,0.004s) (success)
Tactic call close-abstract-regression-quadratic ran for 0.08 secs (0.074u,0.004s)
Params: n= 59
Tactic call ssr-rewrite!-regression-quadratic ran for 0.058 secs (0.054u,0.004s) (success)
Tactic call ssr-rewrite?-noop-regression-linear ran for 0. secs (0.u,0.s) (success)
Tactic call abstract-regression-quadratic ran for 0.138 secs (0.133u,0.004s) (success)
Tactic call close-abstract-regression-quadratic ran for 0.078 secs (0.078u,0.s)
Params: n= 60
Tactic call ssr-rewrite!-regression-quadratic ran for 0.054 secs (0.054u,0.s) (success)
Tactic call ssr-rewrite?-noop-regression-linear ran for 0. secs (0.u,0.s) (success)
Tactic call abstract-regression-quadratic ran for 0.138 secs (0.138u,0.s) (success)
Tactic call close-abstract-regression-quadratic ran for 0.082 secs (0.082u,0.s)
Params: n= 61
Tactic call ssr-rewrite!-regression-quadratic ran for 0.057 secs (0.057u,0.s) (success)
Tactic call ssr-rewrite?-noop-regression-linear ran for 0. secs (0.u,0.s) (success)
Tactic call abstract-regression-quadratic ran for 0.143 secs (0.143u,0.s) (success)
Tactic call close-abstract-regression-quadratic ran for 0.084 secs (0.084u,0.s)
Params: n= 62
Tactic call ssr-rewrite!-regression-quadratic ran for 0.061 secs (0.061u,0.s) (success)
Tactic call ssr-rewrite?-noop-regression-linear ran for 0. secs (0.u,0.s) (success)
Tactic call abstract-regression-quadratic ran for 0.148 secs (0.148u,0.s) (success)
Tactic call close-abstract-regression-quadratic ran for 0.086 secs (0.086u,0.s)
Params: n= 63
Tactic call ssr-rewrite!-regression-quadratic ran for 0.061 secs (0.061u,0.s) (success)
Tactic call ssr-rewrite?-noop-regression-linear ran for 0. secs (0.u,0.s) (success)
Tactic call abstract-regression-quadratic ran for 0.149 secs (0.149u,0.s) (success)
Tactic call close-abstract-regression-quadratic ran for 0.086 secs (0.086u,0.s)
Params: n= 64
Tactic call ssr-rewrite!-regression-quadratic ran for 0.06 secs (0.06u,0.s) (success)
Tactic call ssr-rewrite?-noop-regression-linear ran for 0. secs (0.u,0.s) (success)
Tactic call abstract-regression-quadratic ran for 0.15 secs (0.15u,0.s) (success)
Tactic call close-abstract-regression-quadratic ran for 0.088 secs (0.088u,0.s)
Params: n= 65
Tactic call ssr-rewrite!-regression-quadratic ran for 0.06 secs (0.06u,0.s) (success)
Tactic call ssr-rewrite?-noop-regression-linear ran for 0. secs (0.u,0.s) (success)
Tactic call abstract-regression-quadratic ran for 0.151 secs (0.151u,0.s) (success)
Tactic call close-abstract-regression-quadratic ran for 0.09 secs (0.09u,0.s)
Params: n= 66
Tactic call ssr-rewrite!-regression-quadratic ran for 0.06 secs (0.06u,0.s) (success)
Tactic call ssr-rewrite?-noop-regression-linear ran for 0. secs (0.u,0.s) (success)
Tactic call abstract-regression-quadratic ran for 0.153 secs (0.153u,0.s) (success)
Tactic call close-abstract-regression-quadratic ran for 0.091 secs (0.091u,0.s)
Params: n= 67
Tactic call ssr-rewrite!-regression-quadratic ran for 0.067 secs (0.067u,0.s) (success)
Tactic call ssr-rewrite?-noop-regression-linear ran for 0. secs (0.u,0.s) (success)
Tactic call abstract-regression-quadratic ran for 0.164 secs (0.164u,0.s) (success)
Tactic call close-abstract-regression-quadratic ran for 0.095 secs (0.095u,0.s)
Params: n= 68
Tactic call ssr-rewrite!-regression-quadratic ran for 0.065 secs (0.061u,0.003s) (success)
Tactic call ssr-rewrite?-noop-regression-linear ran for 0. secs (0.u,0.s) (success)
Tactic call abstract-regression-quadratic ran for 0.178 secs (0.169u,0.008s) (success)
Tactic call close-abstract-regression-quadratic ran for 0.11 secs (0.106u,0.004s)
Params: n= 69
Tactic call ssr-rewrite!-regression-quadratic ran for 0.066 secs (0.066u,0.s) (success)
Tactic call ssr-rewrite?-noop-regression-linear ran for 0. secs (0.u,0.s) (success)
Tactic call abstract-regression-quadratic ran for 0.167 secs (0.167u,0.s) (success)
Tactic call close-abstract-regression-quadratic ran for 0.1 secs (0.1u,0.s)
Params: n= 70
Tactic call ssr-rewrite!-regression-quadratic ran for 0.071 secs (0.071u,0.s) (success)
Tactic call ssr-rewrite?-noop-regression-linear ran for 0. secs (0.u,0.s) (success)
Tactic call abstract-regression-quadratic ran for 0.181 secs (0.181u,0.s) (success)
Tactic call close-abstract-regression-quadratic ran for 0.108 secs (0.108u,0.s)
Params: n= 71
Tactic call ssr-rewrite!-regression-quadratic ran for 0.073 secs (0.073u,0.s) (success)
Tactic call ssr-rewrite?-noop-regression-linear ran for 0. secs (0.u,0.s) (success)
Tactic call abstract-regression-quadratic ran for 0.181 secs (0.177u,0.003s) (success)
Tactic call close-abstract-regression-quadratic ran for 0.107 secs (0.103u,0.003s)
Params: n= 72
Tactic call ssr-rewrite!-regression-quadratic ran for 0.082 secs (0.082u,0.s) (success)
Tactic call ssr-rewrite?-noop-regression-linear ran for 0. secs (0.u,0.s) (success)
Tactic call abstract-regression-quadratic ran for 0.193 secs (0.189u,0.004s) (success)
Tactic call close-abstract-regression-quadratic ran for 0.109 secs (0.104u,0.004s)
Params: n= 73
Tactic call ssr-rewrite!-regression-quadratic ran for 0.088 secs (0.084u,0.003s) (success)
Tactic call ssr-rewrite?-noop-regression-linear ran for 0. secs (0.u,0.s) (success)
Tactic call abstract-regression-quadratic ran for 0.205 secs (0.201u,0.003s) (success)
Tactic call close-abstract-regression-quadratic ran for 0.115 secs (0.115u,0.s)
Params: n= 74
Tactic call ssr-rewrite!-regression-quadratic ran for 0.081 secs (0.081u,0.s) (success)
Tactic call ssr-rewrite?-noop-regression-linear ran for 0. secs (0.u,0.s) (success)
Tactic call abstract-regression-quadratic ran for 0.206 secs (0.206u,0.s) (success)
Tactic call close-abstract-regression-quadratic ran for 0.124 secs (0.124u,0.s)
Params: n= 75
Tactic call ssr-rewrite!-regression-quadratic ran for 0.081 secs (0.081u,0.s) (success)
Tactic call ssr-rewrite?-noop-regression-linear ran for 0. secs (0.u,0.s) (success)
Tactic call abstract-regression-quadratic ran for 0.219 secs (0.214u,0.004s) (success)
Tactic call close-abstract-regression-quadratic ran for 0.136 secs (0.131u,0.004s)
Params: n= 76
Tactic call ssr-rewrite!-regression-quadratic ran for 0.082 secs (0.082u,0.s) (success)
Tactic call ssr-rewrite?-noop-regression-linear ran for 0. secs (0.u,0.s) (success)
Tactic call abstract-regression-quadratic ran for 0.204 secs (0.204u,0.s) (success)
Tactic call close-abstract-regression-quadratic ran for 0.12 secs (0.12u,0.s)
Params: n= 77
Tactic call ssr-rewrite!-regression-quadratic ran for 0.096 secs (0.096u,0.s) (success)
Tactic call ssr-rewrite?-noop-regression-linear ran for 0. secs (0.u,0.s) (success)
Tactic call abstract-regression-quadratic ran for 0.23 secs (0.23u,0.s) (success)
Tactic call close-abstract-regression-quadratic ran for 0.133 secs (0.133u,0.s)
Params: n= 78
Tactic call ssr-rewrite!-regression-quadratic ran for 0.089 secs (0.085u,0.003s) (success)
Tactic call ssr-rewrite?-noop-regression-linear ran for 0. secs (0.u,0.s) (success)
Tactic call abstract-regression-quadratic ran for 0.219 secs (0.215u,0.003s) (success)
Tactic call close-abstract-regression-quadratic ran for 0.128 secs (0.128u,0.s)
Params: n= 79
Tactic call ssr-rewrite!-regression-quadratic ran for 0.092 secs (0.092u,0.s) (success)
Tactic call ssr-rewrite?-noop-regression-linear ran for 0. secs (0.u,0.s) (success)
Tactic call abstract-regression-quadratic ran for 0.234 secs (0.234u,0.s) (success)
Tactic call close-abstract-regression-quadratic ran for 0.139 secs (0.139u,0.s)
Params: n= 80
Tactic call ssr-rewrite!-regression-quadratic ran for 0.095 secs (0.095u,0.s) (success)
Tactic call ssr-rewrite?-noop-regression-linear ran for 0. secs (0.u,0.s) (success)
Tactic call abstract-regression-quadratic ran for 0.221 secs (0.221u,0.s) (success)
Tactic call close-abstract-regression-quadratic ran for 0.124 secs (0.124u,0.s)
Params: n= 81
Tactic call ssr-rewrite!-regression-quadratic ran for 0.091 secs (0.091u,0.s) (success)
Tactic call ssr-rewrite?-noop-regression-linear ran for 0. secs (0.u,0.s) (success)
Tactic call abstract-regression-quadratic ran for 0.224 secs (0.224u,0.s) (success)
Tactic call close-abstract-regression-quadratic ran for 0.131 secs (0.131u,0.s)
Params: n= 82
Tactic call ssr-rewrite!-regression-quadratic ran for 0.103 secs (0.099u,0.003s) (success)
Tactic call ssr-rewrite?-noop-regression-linear ran for 0. secs (0.u,0.s) (success)
Tactic call abstract-regression-quadratic ran for 0.238 secs (0.234u,0.003s) (success)
Tactic call close-abstract-regression-quadratic ran for 0.134 secs (0.134u,0.s)
Params: n= 83
Tactic call ssr-rewrite!-regression-quadratic ran for 0.104 secs (0.104u,0.s) (success)
Tactic call ssr-rewrite?-noop-regression-linear ran for 0. secs (0.u,0.s) (success)
Tactic call abstract-regression-quadratic ran for 0.247 secs (0.247u,0.s) (success)
Tactic call close-abstract-regression-quadratic ran for 0.141 secs (0.141u,0.s)
Params: n= 84
Tactic call ssr-rewrite!-regression-quadratic ran for 0.115 secs (0.115u,0.s) (success)
Tactic call ssr-rewrite?-noop-regression-linear ran for 0. secs (0.u,0.s) (success)
Tactic call abstract-regression-quadratic ran for 0.263 secs (0.263u,0.s) (success)
Tactic call close-abstract-regression-quadratic ran for 0.146 secs (0.146u,0.s)
Params: n= 85
Tactic call ssr-rewrite!-regression-quadratic ran for 0.102 secs (0.102u,0.s) (success)
Tactic call ssr-rewrite?-noop-regression-linear ran for 0. secs (0.u,0.s) (success)
Tactic call abstract-regression-quadratic ran for 0.25 secs (0.246u,0.003s) (success)
Tactic call close-abstract-regression-quadratic ran for 0.145 secs (0.141u,0.003s)
Params: n= 86
Tactic call ssr-rewrite!-regression-quadratic ran for 0.111 secs (0.111u,0.s) (success)
Tactic call ssr-rewrite?-noop-regression-linear ran for 0. secs (0.u,0.s) (success)
Tactic call abstract-regression-quadratic ran for 0.268 secs (0.268u,0.s) (success)
Tactic call close-abstract-regression-quadratic ran for 0.156 secs (0.156u,0.s)
Params: n= 87
Tactic call ssr-rewrite!-regression-quadratic ran for 0.115 secs (0.115u,0.s) (success)
Tactic call ssr-rewrite?-noop-regression-linear ran for 0. secs (0.u,0.s) (success)
Tactic call abstract-regression-quadratic ran for 0.267 secs (0.267u,0.s) (success)
Tactic call close-abstract-regression-quadratic ran for 0.151 secs (0.151u,0.s)
Params: n= 88
Tactic call ssr-rewrite!-regression-quadratic ran for 0.111 secs (0.111u,0.s) (success)
Tactic call ssr-rewrite?-noop-regression-linear ran for 0. secs (0.u,0.s) (success)
Tactic call abstract-regression-quadratic ran for 0.275 secs (0.271u,0.003s) (success)
Tactic call close-abstract-regression-quadratic ran for 0.162 secs (0.158u,0.003s)
Params: n= 89
Tactic call ssr-rewrite!-regression-quadratic ran for 0.113 secs (0.113u,0.s) (success)
Tactic call ssr-rewrite?-noop-regression-linear ran for 0. secs (0.u,0.s) (success)
Tactic call abstract-regression-quadratic ran for 0.27 secs (0.266u,0.003s) (success)
Tactic call close-abstract-regression-quadratic ran for 0.156 secs (0.152u,0.003s)
Params: n= 90
Tactic call ssr-rewrite!-regression-quadratic ran for 0.119 secs (0.119u,0.s) (success)
Tactic call ssr-rewrite?-noop-regression-linear ran for 0. secs (0.u,0.s) (success)
Tactic call abstract-regression-quadratic ran for 0.283 secs (0.283u,0.s) (success)
Tactic call close-abstract-regression-quadratic ran for 0.162 secs (0.162u,0.s)
Params: n= 91
Tactic call ssr-rewrite!-regression-quadratic ran for 0.121 secs (0.121u,0.s) (success)
Tactic call ssr-rewrite?-noop-regression-linear ran for 0. secs (0.u,0.s) (success)
Tactic call abstract-regression-quadratic ran for 0.292 secs (0.292u,0.s) (success)
Tactic call close-abstract-regression-quadratic ran for 0.169 secs (0.169u,0.s)
Params: n= 92
Tactic call ssr-rewrite!-regression-quadratic ran for 0.112 secs (0.112u,0.s) (success)
Tactic call ssr-rewrite?-noop-regression-linear ran for 0. secs (0.u,0.s) (success)
Tactic call abstract-regression-quadratic ran for 0.282 secs (0.282u,0.s) (success)
Tactic call close-abstract-regression-quadratic ran for 0.168 secs (0.168u,0.s)
Params: n= 93
Tactic call ssr-rewrite!-regression-quadratic ran for 0.117 secs (0.117u,0.s) (success)
Tactic call ssr-rewrite?-noop-regression-linear ran for 0. secs (0.u,0.s) (success)
Tactic call abstract-regression-quadratic ran for 0.302 secs (0.298u,0.003s) (success)
Tactic call close-abstract-regression-quadratic ran for 0.183 secs (0.179u,0.003s)
Params: n= 94
Tactic call ssr-rewrite!-regression-quadratic ran for 0.125 secs (0.121u,0.003s) (success)
Tactic call ssr-rewrite?-noop-regression-linear ran for 0. secs (0.u,0.s) (success)
Tactic call abstract-regression-quadratic ran for 0.319 secs (0.315u,0.003s) (success)
Tactic call close-abstract-regression-quadratic ran for 0.192 secs (0.192u,0.s)
Params: n= 95
Tactic call ssr-rewrite!-regression-quadratic ran for 0.134 secs (0.134u,0.s) (success)
Tactic call ssr-rewrite?-noop-regression-linear ran for 0. secs (0.u,0.s) (success)
Tactic call abstract-regression-quadratic ran for 0.331 secs (0.331u,0.s) (success)
Tactic call close-abstract-regression-quadratic ran for 0.195 secs (0.195u,0.s)
Params: n= 96
Tactic call ssr-rewrite!-regression-quadratic ran for 0.136 secs (0.136u,0.s) (success)
Tactic call ssr-rewrite?-noop-regression-linear ran for 0. secs (0.u,0.s) (success)
Tactic call abstract-regression-quadratic ran for 0.339 secs (0.339u,0.s) (success)
Tactic call close-abstract-regression-quadratic ran for 0.201 secs (0.201u,0.s)
Params: n= 97
Tactic call ssr-rewrite!-regression-quadratic ran for 0.141 secs (0.137u,0.003s) (success)
Tactic call ssr-rewrite?-noop-regression-linear ran for 0. secs (0.u,0.s) (success)
Tactic call abstract-regression-quadratic ran for 0.354 secs (0.346u,0.007s) (success)
Tactic call close-abstract-regression-quadratic ran for 0.212 secs (0.208u,0.004s)
Params: n= 98
Tactic call ssr-rewrite!-regression-quadratic ran for 0.142 secs (0.142u,0.s) (success)
Tactic call ssr-rewrite?-noop-regression-linear ran for 0. secs (0.u,0.s) (success)
Tactic call abstract-regression-quadratic ran for 0.362 secs (0.362u,0.s) (success)
Tactic call close-abstract-regression-quadratic ran for 0.218 secs (0.218u,0.s)
Params: n= 99
Tactic call ssr-rewrite!-regression-quadratic ran for 0.143 secs (0.139u,0.003s) (success)
Tactic call ssr-rewrite?-noop-regression-linear ran for 0. secs (0.u,0.s) (success)
Tactic call abstract-regression-quadratic ran for 0.362 secs (0.358u,0.004s) (success)
Tactic call close-abstract-regression-quadratic ran for 0.217 secs (0.216u,0.s)
Params: n= 110
Tactic call ssr-rewrite!-regression-quadratic ran for 0.166 secs (0.166u,0.s) (success)
Tactic call ssr-rewrite?-noop-regression-linear ran for 0. secs (0.u,0.s) (success)
Tactic call abstract-regression-quadratic ran for 0.434 secs (0.43u,0.003s) (success)
Tactic call close-abstract-regression-quadratic ran for 0.267 secs (0.263u,0.003s)
Params: n= 120
Tactic call ssr-rewrite!-regression-quadratic ran for 0.208 secs (0.208u,0.s) (success)
Tactic call ssr-rewrite?-noop-regression-linear ran for 0. secs (0.u,0.s) (success)
Tactic call abstract-regression-quadratic ran for 0.498 secs (0.497u,0.s) (success)
Tactic call close-abstract-regression-quadratic ran for 0.288 secs (0.288u,0.s)
Params: n= 130
Tactic call ssr-rewrite!-regression-quadratic ran for 0.234 secs (0.232u,0.001s) (success)
Tactic call ssr-rewrite?-noop-regression-linear ran for 0. secs (0.u,0.s) (success)
Tactic call abstract-regression-quadratic ran for 0.567 secs (0.564u,0.002s) (success)
Tactic call close-abstract-regression-quadratic ran for 0.331 secs (0.331u,0.s)
Params: n= 140
Tactic call ssr-rewrite!-regression-quadratic ran for 0.272 secs (0.268u,0.004s) (success)
Tactic call ssr-rewrite?-noop-regression-linear ran for 0. secs (0.u,0.s) (success)
Tactic call abstract-regression-quadratic ran for 0.655 secs (0.647u,0.007s) (success)
Tactic call close-abstract-regression-quadratic ran for 0.381 secs (0.377u,0.003s)
Params: n= 160
Tactic call ssr-rewrite!-regression-quadratic ran for 0.352 secs (0.352u,0.s) (success)
Tactic call ssr-rewrite?-noop-regression-linear ran for 0. secs (0.u,0.s) (success)
Tactic call abstract-regression-quadratic ran for 0.845 secs (0.845u,0.s) (success)
Tactic call close-abstract-regression-quadratic ran for 0.491 secs (0.491u,0.s)
Params: n= 170
Tactic call ssr-rewrite!-regression-quadratic ran for 0.397 secs (0.397u,0.s) (success)
Tactic call ssr-rewrite?-noop-regression-linear ran for 0. secs (0.u,0.s) (success)
Tactic call abstract-regression-quadratic ran for 0.967 secs (0.967u,0.s) (success)
Tactic call close-abstract-regression-quadratic ran for 0.568 secs (0.568u,0.s)
Params: n= 180
Tactic call ssr-rewrite!-regression-quadratic ran for 0.453 secs (0.453u,0.s) (success)
Tactic call ssr-rewrite?-noop-regression-linear ran for 0. secs (0.u,0.s) (success)
Tactic call abstract-regression-quadratic ran for 1.124 secs (1.124u,0.s) (success)
Tactic call close-abstract-regression-quadratic ran for 0.668 secs (0.668u,0.s)
Params: n= 190
Tactic call ssr-rewrite!-regression-quadratic ran for 0.505 secs (0.501u,0.003s) (success)
Tactic call ssr-rewrite?-noop-regression-linear ran for 0. secs (0.u,0.s) (success)
Tactic call abstract-regression-quadratic ran for 1.216 secs (1.212u,0.003s) (success)
Tactic call close-abstract-regression-quadratic ran for 0.709 secs (0.709u,0.s)
Params: n= 210
Tactic call ssr-rewrite!-regression-quadratic ran for 0.598 secs (0.59u,0.007s) (success)
Tactic call ssr-rewrite?-noop-regression-linear ran for 0. secs (0.u,0.s) (success)
Tactic call abstract-regression-quadratic ran for 1.456 secs (1.436u,0.019s) (success)
Tactic call close-abstract-regression-quadratic ran for 0.856 secs (0.844u,0.012s)
Params: n= 220
Tactic call ssr-rewrite!-regression-quadratic ran for 0.644 secs (0.64u,0.003s) (success)
Tactic call ssr-rewrite?-noop-regression-linear ran for 0. secs (0.u,0.s) (success)
Tactic call abstract-regression-quadratic ran for 1.562 secs (1.558u,0.003s) (success)
Tactic call close-abstract-regression-quadratic ran for 0.916 secs (0.916u,0.s)
Params: n= 230
Tactic call ssr-rewrite!-regression-quadratic ran for 0.715 secs (0.715u,0.s) (success)
Tactic call ssr-rewrite?-noop-regression-linear ran for 0. secs (0.u,0.s) (success)
Tactic call abstract-regression-quadratic ran for 1.792 secs (1.792u,0.s) (success)
Tactic call close-abstract-regression-quadratic ran for 1.075 secs (1.075u,0.s)
Params: n= 240
Tactic call ssr-rewrite!-regression-quadratic ran for 0.792 secs (0.788u,0.003s) (success)
Tactic call ssr-rewrite?-noop-regression-linear ran for 0. secs (0.u,0.s) (success)
Tactic call abstract-regression-quadratic ran for 1.895 secs (1.89u,0.003s) (success)
Tactic call close-abstract-regression-quadratic ran for 1.1 secs (1.1u,0.s)
Params: n= 260
Tactic call ssr-rewrite!-regression-quadratic ran for 0.884 secs (0.884u,0.s) (success)
Tactic call ssr-rewrite?-noop-regression-linear ran for 0. secs (0.u,0.s) (success)
Tactic call abstract-regression-quadratic ran for 2.148 secs (2.148u,0.s) (success)
Tactic call close-abstract-regression-quadratic ran for 1.262 secs (1.262u,0.s)
Params: n= 270
Tactic call ssr-rewrite!-regression-quadratic ran for 0.978 secs (0.978u,0.s) (success)
Tactic call ssr-rewrite?-noop-regression-linear ran for 0. secs (0.u,0.s) (success)
Tactic call abstract-regression-quadratic ran for 2.451 secs (2.451u,0.s) (success)
Tactic call close-abstract-regression-quadratic ran for 1.471 secs (1.471u,0.s)
Params: n= 280
Tactic call ssr-rewrite!-regression-quadratic ran for 1.021 secs (1.021u,0.s) (success)
Tactic call ssr-rewrite?-noop-regression-linear ran for 0. secs (0.u,0.s) (success)
Tactic call abstract-regression-quadratic ran for 2.527 secs (2.527u,0.s) (success)
Tactic call close-abstract-regression-quadratic ran for 1.503 secs (1.503u,0.s)
Params: n= 290
Tactic call ssr-rewrite!-regression-quadratic ran for 1.103 secs (1.103u,0.s) (success)
Tactic call ssr-rewrite?-noop-regression-linear ran for 0. secs (0.u,0.s) (success)
Tactic call abstract-regression-quadratic ran for 2.781 secs (2.781u,0.s) (success)
Tactic call close-abstract-regression-quadratic ran for 1.675 secs (1.675u,0.s)
Params: n= 310
Tactic call ssr-rewrite!-regression-quadratic ran for 1.284 secs (1.284u,0.s) (success)
Tactic call ssr-rewrite?-noop-regression-linear ran for 0. secs (0.u,0.s) (success)
Tactic call abstract-regression-quadratic ran for 3.083 secs (3.083u,0.s) (success)
Tactic call close-abstract-regression-quadratic ran for 1.797 secs (1.797u,0.s)
Params: n= 320
Tactic call ssr-rewrite!-regression-quadratic ran for 1.342 secs (1.342u,0.s) (success)
Tactic call ssr-rewrite?-noop-regression-linear ran for 0. secs (0.u,0.s) (success)
Tactic call abstract-regression-quadratic ran for 3.442 secs (3.442u,0.s) (success)
Tactic call close-abstract-regression-quadratic ran for 2.098 secs (2.098u,0.s)
Params: n= 330
Tactic call ssr-rewrite!-regression-quadratic ran for 1.47 secs (1.463u,0.007s) (success)
Tactic call ssr-rewrite?-noop-regression-linear ran for 0. secs (0.u,0.s) (success)
Tactic call abstract-regression-quadratic ran for 3.495 secs (3.487u,0.007s) (success)
Tactic call close-abstract-regression-quadratic ran for 2.022 secs (2.022u,0.s)
Params: n= 340
Tactic call ssr-rewrite!-regression-quadratic ran for 1.529 secs (1.529u,0.s) (success)
Tactic call ssr-rewrite?-noop-regression-linear ran for 0. secs (0.u,0.s) (success)
Tactic call abstract-regression-quadratic ran for 3.742 secs (3.738u,0.003s) (success)
Tactic call close-abstract-regression-quadratic ran for 2.21 secs (2.208u,0.002s)
Params: n= 360
Tactic call ssr-rewrite!-regression-quadratic ran for 1.697 secs (1.697u,0.s) (success)
Tactic call ssr-rewrite?-noop-regression-linear ran for 0. secs (0.u,0.s) (success)
Tactic call abstract-regression-quadratic ran for 4.243 secs (4.239u,0.004s) (success)
Tactic call close-abstract-regression-quadratic ran for 2.543 secs (2.539u,0.004s)
Params: n= 370
Tactic call ssr-rewrite!-regression-quadratic ran for 1.853 secs (1.853u,0.s) (success)
Tactic call ssr-rewrite?-noop-regression-linear ran for 0. secs (0.u,0.s) (success)
Tactic call abstract-regression-quadratic ran for 4.429 secs (4.421u,0.007s) (success)
Tactic call close-abstract-regression-quadratic ran for 2.573 secs (2.565u,0.007s)
Params: n= 380
Tactic call ssr-rewrite!-regression-quadratic ran for 1.877 secs (1.865u,0.011s) (success)
Tactic call ssr-rewrite?-noop-regression-linear ran for 0. secs (0.u,0.s) (success)
Tactic call abstract-regression-quadratic ran for 4.784 secs (4.772u,0.012s) (success)
Tactic call close-abstract-regression-quadratic ran for 2.904 secs (2.904u,0.s)
Params: n= 390
Tactic call ssr-rewrite!-regression-quadratic ran for 2.08 secs (2.08u,0.s) (success)
Tactic call ssr-rewrite?-noop-regression-linear ran for 0. secs (0.u,0.s) (success)
Tactic call abstract-regression-quadratic ran for 5.002 secs (5.001u,0.s) (success)
Tactic call close-abstract-regression-quadratic ran for 2.918 secs (2.918u,0.s)
