Params: n= 41
Tactic call vm_compute-regression-quadratic ran for 0. secs (0.u,0.s) (success)
Params: n= 80
Tactic call vm_compute-regression-quadratic ran for 0. secs (0.u,0.s) (success)
Params: n= 120
Tactic call vm_compute-regression-quadratic ran for 0. secs (0.u,0.s) (success)
Params: n= 159
Tactic call vm_compute-regression-quadratic ran for 0.001 secs (0.001u,0.s) (success)
Params: n= 198
Tactic call vm_compute-regression-quadratic ran for 0.001 secs (0.u,0.001s) (success)
Params: n= 237
Tactic call vm_compute-regression-quadratic ran for 0.002 secs (0.001u,0.s) (success)
Params: n= 276
Tactic call vm_compute-regression-quadratic ran for 0.002 secs (0.001u,0.s) (success)
Params: n= 316
Tactic call vm_compute-regression-quadratic ran for 0.003 secs (0.003u,0.s) (success)
Params: n= 355
Tactic call vm_compute-regression-quadratic ran for 0.003 secs (0.003u,0.s) (success)
Params: n= 394
Tactic call vm_compute-regression-quadratic ran for 0.004 secs (0.004u,0.s) (success)
Params: n= 433
Tactic call vm_compute-regression-quadratic ran for 0.02 secs (0.02u,0.s) (success)
Params: n= 472
Tactic call vm_compute-regression-quadratic ran for 0.006 secs (0.006u,0.s) (success)
Params: n= 511
Tactic call vm_compute-regression-quadratic ran for 0.006 secs (0.006u,0.s) (success)
Params: n= 551
Tactic call vm_compute-regression-quadratic ran for 0.007 secs (0.007u,0.s) (success)
Params: n= 590
Tactic call vm_compute-regression-quadratic ran for 0.008 secs (0.008u,0.s) (success)
Params: n= 629
Tactic call vm_compute-regression-quadratic ran for 0.12 secs (0.12u,0.s) (success)
Params: n= 668
Tactic call vm_compute-regression-quadratic ran for 0.01 secs (0.01u,0.s) (success)
Params: n= 707
Tactic call vm_compute-regression-quadratic ran for 0.011 secs (0.011u,0.s) (success)
Params: n= 747
Tactic call vm_compute-regression-quadratic ran for 0.012 secs (0.012u,0.s) (success)
Params: n= 786
Tactic call vm_compute-regression-quadratic ran for 0.014 secs (0.014u,0.s) (success)
Params: n= 825
Tactic call vm_compute-regression-quadratic ran for 0.015 secs (0.015u,0.s) (success)
Params: n= 864
Tactic call vm_compute-regression-quadratic ran for 0.016 secs (0.016u,0.s) (success)
Params: n= 903
Tactic call vm_compute-regression-quadratic ran for 0.017 secs (0.017u,0.s) (success)
Params: n= 943
Tactic call vm_compute-regression-quadratic ran for 0.042 secs (0.042u,0.s) (success)
Params: n= 982
Tactic call vm_compute-regression-quadratic ran for 0.02 secs (0.02u,0.s) (success)
Params: n= 1021
Tactic call vm_compute-regression-quadratic ran for 0.022 secs (0.022u,0.s) (success)
Params: n= 1060
Tactic call vm_compute-regression-quadratic ran for 0.023 secs (0.023u,0.s) (success)
Params: n= 1099
Tactic call vm_compute-regression-quadratic ran for 0.025 secs (0.025u,0.s) (success)
Params: n= 1138
Tactic call vm_compute-regression-quadratic ran for 0.027 secs (0.027u,0.s) (success)
Params: n= 1178
Tactic call vm_compute-regression-quadratic ran for 0.028 secs (0.028u,0.s) (success)
Params: n= 1217
Tactic call vm_compute-regression-quadratic ran for 0.03 secs (0.027u,0.003s) (success)
Params: n= 1256
Tactic call vm_compute-regression-quadratic ran for 0.032 secs (0.032u,0.s) (success)
Params: n= 1295
Tactic call vm_compute-regression-quadratic ran for 0.05 secs (0.05u,0.s) (success)
Params: n= 1334
Tactic call vm_compute-regression-quadratic ran for 0.035 secs (0.035u,0.s) (success)
Params: n= 1374
Tactic call vm_compute-regression-quadratic ran for 0.038 secs (0.038u,0.s) (success)
Params: n= 1413
Tactic call vm_compute-regression-quadratic ran for 0.06 secs (0.06u,0.s) (success)
Params: n= 1452
Tactic call vm_compute-regression-quadratic ran for 0.041 secs (0.041u,0.s) (success)
Params: n= 1491
Tactic call vm_compute-regression-quadratic ran for 0.044 secs (0.044u,0.s) (success)
Params: n= 1530
Tactic call vm_compute-regression-quadratic ran for 0.046 secs (0.046u,0.s) (success)
Params: n= 1570
Tactic call vm_compute-regression-quadratic ran for 0.16 secs (0.16u,0.s) (success)
Params: n= 1609
Tactic call vm_compute-regression-quadratic ran for 0.05 secs (0.05u,0.s) (success)
Params: n= 1648
Tactic call vm_compute-regression-quadratic ran for 0.076 secs (0.076u,0.s) (success)
Params: n= 1687
Tactic call vm_compute-regression-quadratic ran for 0.053 secs (0.053u,0.s) (success)
Params: n= 1726
Tactic call vm_compute-regression-quadratic ran for 0.058 secs (0.058u,0.s) (success)
Params: n= 1765
Tactic call vm_compute-regression-quadratic ran for 0.06 secs (0.06u,0.s) (success)
Params: n= 1805
Tactic call vm_compute-regression-quadratic ran for 0.063 secs (0.063u,0.s) (success)
Params: n= 1844
Tactic call vm_compute-regression-quadratic ran for 0.065 secs (0.065u,0.s) (success)
Params: n= 1883
Tactic call vm_compute-regression-quadratic ran for 0.067 secs (0.067u,0.s) (success)
Params: n= 1922
Tactic call vm_compute-regression-quadratic ran for 0.069 secs (0.069u,0.s) (success)
Params: n= 1961
Tactic call vm_compute-regression-quadratic ran for 0.072 secs (0.072u,0.s) (success)
Params: n= 2001
Tactic call vm_compute-regression-quadratic ran for 0.076 secs (0.076u,0.s) (success)
Params: n= 2040
Tactic call vm_compute-regression-quadratic ran for 0.079 secs (0.079u,0.s) (success)
Params: n= 2079
Tactic call vm_compute-regression-quadratic ran for 0.081 secs (0.081u,0.s) (success)
Params: n= 2118
Tactic call vm_compute-regression-quadratic ran for 0.084 secs (0.084u,0.s) (success)
Params: n= 2157
Tactic call vm_compute-regression-quadratic ran for 0.087 secs (0.087u,0.s) (success)
Params: n= 2197
Tactic call vm_compute-regression-quadratic ran for 0.09 secs (0.09u,0.s) (success)
Params: n= 2236
Tactic call vm_compute-regression-quadratic ran for 0.093 secs (0.089u,0.003s) (success)
Params: n= 2275
Tactic call vm_compute-regression-quadratic ran for 0.096 secs (0.096u,0.s) (success)
Params: n= 2314
Tactic call vm_compute-regression-quadratic ran for 0.099 secs (0.099u,0.s) (success)
Params: n= 2353
Tactic call vm_compute-regression-quadratic ran for 0.102 secs (0.102u,0.s) (success)
Params: n= 2392
Tactic call vm_compute-regression-quadratic ran for 0.106 secs (0.106u,0.s) (success)
Params: n= 2432
Tactic call vm_compute-regression-quadratic ran for 0.109 secs (0.109u,0.s) (success)
Params: n= 2471
Tactic call vm_compute-regression-quadratic ran for 0.112 secs (0.112u,0.s) (success)
Params: n= 2510
Tactic call vm_compute-regression-quadratic ran for 0.116 secs (0.116u,0.s) (success)
Params: n= 2549
Tactic call vm_compute-regression-quadratic ran for 0.119 secs (0.119u,0.s) (success)
Params: n= 2588
Tactic call vm_compute-regression-quadratic ran for 0.122 secs (0.122u,0.s) (success)
Params: n= 2628
Tactic call vm_compute-regression-quadratic ran for 0.126 secs (0.126u,0.s) (success)
Params: n= 2667
Tactic call vm_compute-regression-quadratic ran for 0.13 secs (0.126u,0.003s) (success)
Params: n= 2706
Tactic call vm_compute-regression-quadratic ran for 0.134 secs (0.134u,0.s) (success)
Params: n= 2745
Tactic call vm_compute-regression-quadratic ran for 0.138 secs (0.138u,0.s) (success)
Params: n= 2784
Tactic call vm_compute-regression-quadratic ran for 0.141 secs (0.141u,0.s) (success)
Params: n= 2824
Tactic call vm_compute-regression-quadratic ran for 0.145 secs (0.141u,0.003s) (success)
Params: n= 2863
Tactic call vm_compute-regression-quadratic ran for 0.149 secs (0.149u,0.s) (success)
Params: n= 2902
Tactic call vm_compute-regression-quadratic ran for 0.153 secs (0.152u,0.s) (success)
Params: n= 2941
Tactic call vm_compute-regression-quadratic ran for 0.156 secs (0.156u,0.s) (success)
Params: n= 2980
Tactic call vm_compute-regression-quadratic ran for 0.16 secs (0.16u,0.s) (success)
Params: n= 3019
Tactic call vm_compute-regression-quadratic ran for 0.17 secs (0.17u,0.s) (success)
Params: n= 3059
Tactic call vm_compute-regression-quadratic ran for 0.168 secs (0.168u,0.s) (success)
Params: n= 3098
Tactic call vm_compute-regression-quadratic ran for 0.175 secs (0.175u,0.s) (success)
Params: n= 3137
Tactic call vm_compute-regression-quadratic ran for 0.178 secs (0.178u,0.s) (success)
Params: n= 3268
Tactic call vm_compute-regression-quadratic ran for 0.19 secs (0.19u,0.s) (success)
Params: n= 3398
Tactic call vm_compute-regression-quadratic ran for 0.206 secs (0.206u,0.s) (success)
Params: n= 3529
Tactic call vm_compute-regression-quadratic ran for 0.221 secs (0.221u,0.s) (success)
Params: n= 3660
Tactic call vm_compute-regression-quadratic ran for 0.238 secs (0.238u,0.s) (success)
Params: n= 3790
Tactic call vm_compute-regression-quadratic ran for 0.255 secs (0.255u,0.s) (success)
Params: n= 3921
Tactic call vm_compute-regression-quadratic ran for 0.269 secs (0.269u,0.s) (success)
Params: n= 4052
Tactic call vm_compute-regression-quadratic ran for 0.29 secs (0.29u,0.s) (success)
Params: n= 4182
Tactic call vm_compute-regression-quadratic ran for 0.311 secs (0.309u,0.s) (success)
Params: n= 4313
Tactic call vm_compute-regression-quadratic ran for 0.326 secs (0.326u,0.s) (success)
Params: n= 4444
Tactic call vm_compute-regression-quadratic ran for 0.346 secs (0.346u,0.s) (success)
Params: n= 4574
Tactic call vm_compute-regression-quadratic ran for 0.365 secs (0.365u,0.s) (success)
Params: n= 4705
Tactic call vm_compute-regression-quadratic ran for 0.391 secs (0.391u,0.s) (success)
Params: n= 4836
Tactic call vm_compute-regression-quadratic ran for 0.407 secs (0.407u,0.s) (success)
Params: n= 4966
Tactic call vm_compute-regression-quadratic ran for 0.428 secs (0.428u,0.s) (success)
Params: n= 5097
Tactic call vm_compute-regression-quadratic ran for 0.45 secs (0.45u,0.s) (success)
Params: n= 5228
Tactic call vm_compute-regression-quadratic ran for 0.473 secs (0.473u,0.s) (success)
Params: n= 5358
Tactic call vm_compute-regression-quadratic ran for 0.495 secs (0.495u,0.s) (success)
Params: n= 5489
Tactic call vm_compute-regression-quadratic ran for 0.522 secs (0.522u,0.s) (success)
Params: n= 5620
Tactic call vm_compute-regression-quadratic ran for 0.548 secs (0.548u,0.s) (success)
Params: n= 5750
Tactic call vm_compute-regression-quadratic ran for 0.574 secs (0.573u,0.s) (success)
Params: n= 5881
Tactic call vm_compute-regression-quadratic ran for 0.599 secs (0.599u,0.s) (success)
Params: n= 6012
Tactic call vm_compute-regression-quadratic ran for 0.624 secs (0.62u,0.003s) (success)
Params: n= 6142
Tactic call vm_compute-regression-quadratic ran for 0.648 secs (0.648u,0.s) (success)
Params: n= 6273
Tactic call vm_compute-regression-quadratic ran for 0.677 secs (0.677u,0.s) (success)
Params: n= 6900
Tactic call vm_compute-regression-quadratic ran for 0.817 secs (0.817u,0.s) (success)
Params: n= 7527
Tactic call vm_compute-regression-quadratic ran for 0.966 secs (0.966u,0.s) (success)
Params: n= 8154
Tactic call vm_compute-regression-quadratic ran for 1.129 secs (1.129u,0.s) (success)
Params: n= 8781
Tactic call vm_compute-regression-quadratic ran for 1.306 secs (1.302u,0.004s) (success)
Params: n= 9409
Tactic call vm_compute-regression-quadratic ran for 1.493 secs (1.489u,0.003s) (success)
Params: n= 10036
Tactic call vm_compute-regression-quadratic ran for 1.694 secs (1.694u,0.s) (success)
Params: n= 10663
Tactic call vm_compute-regression-quadratic ran for 1.913 secs (1.909u,0.004s) (success)
Params: n= 11290
Tactic call vm_compute-regression-quadratic ran for 2.145 secs (2.145u,0.s) (success)
Params: n= 11917
Tactic call vm_compute-regression-quadratic ran for 2.407 secs (2.406u,0.s) (success)
Params: n= 12544
Tactic call vm_compute-regression-quadratic ran for 2.62 secs (2.615u,0.003s) (success)
Params: n= 15052
Tactic call vm_compute-regression-quadratic ran for 3.752 secs (3.751u,0.s) (success)
Params: n= 17561
Tactic call vm_compute-regression-quadratic ran for 5.086 secs (5.082u,0.003s) (success)
Params: n= 20069
Tactic call vm_compute-regression-quadratic ran for 6.635 secs (6.634u,0.s) (success)
Params: n= 22578
Tactic call vm_compute-regression-quadratic ran for 8.382 secs (8.382u,0.s) (success)
Params: n= 25086
Tactic call vm_compute-regression-quadratic ran for 10.362 secs (10.357u,0.003s) (success)
