Params: n= 3674
native_compute: Conversion to native code done in 0.00125
native_compute: Compilation done in 0.24497
native_compute: Evaluation done in 0.07390
native_compute: Reification done in 0.00514
Tactic call native_compute(1)-regression-quadratic ran for 0.326 secs (0.08u,0.01s) (success)
native_compute: Conversion to native code done in 0.00028
native_compute: Compilation done in 0.06583
native_compute: Evaluation done in 0.17969
native_compute: Reification done in 0.00535
Tactic call native_compute(2)-regression-quadratic ran for 0.251 secs (0.175u,0.011s) (success)
Params: n= 7346
native_compute: Conversion to native code done in 0.00027
native_compute: Compilation done in 0.06619
native_compute: Evaluation done in 0.24837
native_compute: Reification done in 0.01008
Tactic call native_compute(1)-regression-quadratic ran for 0.325 secs (0.257u,0.003s) (success)
native_compute: Conversion to native code done in 0.00029
native_compute: Compilation done in 0.06587
native_compute: Evaluation done in 0.24910
native_compute: Reification done in 0.00993
Tactic call native_compute(2)-regression-quadratic ran for 0.325 secs (0.249u,0.012s) (success)
Params: n= 11017
native_compute: Conversion to native code done in 0.00029
native_compute: Compilation done in 0.06592
native_compute: Evaluation done in 0.65539
native_compute: Reification done in 0.01472
Tactic call native_compute(1)-regression-quadratic ran for 0.736 secs (0.672u,0.s) (success)
native_compute: Conversion to native code done in 0.00030
native_compute: Compilation done in 0.06703
native_compute: Evaluation done in 0.52267
native_compute: Reification done in 0.01627
Tactic call native_compute(2)-regression-quadratic ran for 0.606 secs (0.525u,0.015s) (success)
Params: n= 14689
native_compute: Conversion to native code done in 0.00031
native_compute: Compilation done in 0.06604
native_compute: Evaluation done in 0.87974
native_compute: Reification done in 0.01949
Tactic call native_compute(1)-regression-quadratic ran for 0.965 secs (0.901u,0.s) (success)
native_compute: Conversion to native code done in 0.00030
native_compute: Compilation done in 0.06774
native_compute: Evaluation done in 0.89152
native_compute: Reification done in 0.02003
Tactic call native_compute(2)-regression-quadratic ran for 0.979 secs (0.902u,0.011s) (success)
Params: n= 18361
native_compute: Conversion to native code done in 0.00028
native_compute: Compilation done in 0.06688
native_compute: Evaluation done in 1.34442
native_compute: Reification done in 0.02586
Tactic call native_compute(1)-regression-quadratic ran for 1.437 secs (1.368u,0.003s) (success)
native_compute: Conversion to native code done in 0.00030
native_compute: Compilation done in 0.06719
native_compute: Evaluation done in 1.38738
native_compute: Reification done in 0.02650
Tactic call native_compute(2)-regression-quadratic ran for 1.481 secs (1.408u,0.008s) (success)
