Params: n= 3674
native_compute: Conversion to native code done in 0.00027
native_compute: Compilation done in 0.09166
native_compute: Evaluation done in 0.03501
native_compute: Reification done in 0.00406
Tactic call native_compute(1)-regression-quadratic ran for 0.131 secs (0.041u,0.001s) (success)
native_compute: Conversion to native code done in 0.00030
native_compute: Compilation done in 0.08234
native_compute: Evaluation done in 0.08714
native_compute: Reification done in 0.00397
Tactic call native_compute(2)-regression-quadratic ran for 0.173 secs (0.09u,0.003s) (success)
Params: n= 7346
native_compute: Conversion to native code done in 0.00027
native_compute: Compilation done in 0.09079
native_compute: Evaluation done in 0.13813
native_compute: Reification done in 0.00803
Tactic call native_compute(1)-regression-quadratic ran for 0.237 secs (0.141u,0.008s) (success)
native_compute: Conversion to native code done in 0.00030
native_compute: Compilation done in 0.08655
native_compute: Evaluation done in 0.14078
native_compute: Reification done in 0.00744
Tactic call native_compute(2)-regression-quadratic ran for 0.235 secs (0.147u,0.003s) (success)
Params: n= 11017
native_compute: Conversion to native code done in 0.00024
native_compute: Compilation done in 0.08755
native_compute: Evaluation done in 0.29151
native_compute: Reification done in 0.01135
Tactic call native_compute(1)-regression-quadratic ran for 0.39 secs (0.298u,0.007s) (success)
native_compute: Conversion to native code done in 0.00027
native_compute: Compilation done in 0.08851
native_compute: Evaluation done in 0.30104
native_compute: Reification done in 0.01136
Tactic call native_compute(2)-regression-quadratic ran for 0.401 secs (0.308u,0.007s) (success)
Params: n= 14689
native_compute: Conversion to native code done in 0.00026
native_compute: Compilation done in 0.08859
native_compute: Evaluation done in 0.51756
native_compute: Reification done in 0.01637
Tactic call native_compute(1)-regression-quadratic ran for 0.622 secs (0.529u,0.007s) (success)
native_compute: Conversion to native code done in 0.00031
native_compute: Compilation done in 0.09006
native_compute: Evaluation done in 0.52588
native_compute: Reification done in 0.01512
Tactic call native_compute(2)-regression-quadratic ran for 0.631 secs (0.532u,0.012s) (success)
Params: n= 18361
native_compute: Conversion to native code done in 0.00021
native_compute: Compilation done in 0.08716
native_compute: Evaluation done in 0.79174
native_compute: Reification done in 0.01913
Tactic call native_compute(1)-regression-quadratic ran for 0.898 secs (0.813u,0.s) (success)
native_compute: Conversion to native code done in 0.00029
native_compute: Compilation done in 0.08677
native_compute: Evaluation done in 0.80317
native_compute: Reification done in 0.01844
Tactic call native_compute(2)-regression-quadratic ran for 0.908 secs (0.817u,0.007s) (success)
