Params: n= 12
Tactic call lazy-regression-quadratic ran for 0. secs (0.u,0.s) (success)
Params: n= 18
Tactic call lazy-regression-quadratic ran for 0.001 secs (0.u,0.s) (success)
Params: n= 23
Tactic call lazy-regression-quadratic ran for 0.001 secs (0.001u,0.s) (success)
Params: n= 28
Tactic call lazy-regression-quadratic ran for 0.001 secs (0.001u,0.s) (success)
Params: n= 33
Tactic call lazy-regression-quadratic ran for 0.001 secs (0.001u,0.s) (success)
Params: n= 39
Tactic call lazy-regression-quadratic ran for 0.002 secs (0.002u,0.s) (success)
Params: n= 44
Tactic call lazy-regression-quadratic ran for 0.002 secs (0.002u,0.s) (success)
Params: n= 49
Tactic call lazy-regression-quadratic ran for 0.002 secs (0.002u,0.s) (success)
Params: n= 54
Tactic call lazy-regression-quadratic ran for 0.006 secs (0.006u,0.s) (success)
Params: n= 59
Tactic call lazy-regression-quadratic ran for 0.003 secs (0.003u,0.s) (success)
Params: n= 65
Tactic call lazy-regression-quadratic ran for 0.004 secs (0.004u,0.s) (success)
Params: n= 70
Tactic call lazy-regression-quadratic ran for 0.005 secs (0.005u,0.s) (success)
Params: n= 75
Tactic call lazy-regression-quadratic ran for 0.005 secs (0.005u,0.s) (success)
Params: n= 80
Tactic call lazy-regression-quadratic ran for 0.049 secs (0.049u,0.s) (success)
Params: n= 86
Tactic call lazy-regression-quadratic ran for 0.007 secs (0.007u,0.s) (success)
Params: n= 91
Tactic call lazy-regression-quadratic ran for 0.007 secs (0.007u,0.s) (success)
Params: n= 96
Tactic call lazy-regression-quadratic ran for 0.009 secs (0.009u,0.s) (success)
Params: n= 101
Tactic call lazy-regression-quadratic ran for 0.009 secs (0.009u,0.s) (success)
Params: n= 106
Tactic call lazy-regression-quadratic ran for 0.013 secs (0.013u,0.s) (success)
Params: n= 112
Tactic call lazy-regression-quadratic ran for 0.011 secs (0.011u,0.s) (success)
Params: n= 117
Tactic call lazy-regression-quadratic ran for 0.012 secs (0.012u,0.s) (success)
Params: n= 122
Tactic call lazy-regression-quadratic ran for 0.012 secs (0.012u,0.s) (success)
Params: n= 127
Tactic call lazy-regression-quadratic ran for 0.017 secs (0.017u,0.s) (success)
Params: n= 133
Tactic call lazy-regression-quadratic ran for 0.014 secs (0.014u,0.s) (success)
Params: n= 138
Tactic call lazy-regression-quadratic ran for 0.016 secs (0.016u,0.s) (success)
Params: n= 143
Tactic call lazy-regression-quadratic ran for 0.016 secs (0.016u,0.s) (success)
Params: n= 148
Tactic call lazy-regression-quadratic ran for 0.017 secs (0.017u,0.s) (success)
Params: n= 153
Tactic call lazy-regression-quadratic ran for 0.022 secs (0.022u,0.s) (success)
Params: n= 159
Tactic call lazy-regression-quadratic ran for 0.021 secs (0.021u,0.s) (success)
Params: n= 164
Tactic call lazy-regression-quadratic ran for 0.022 secs (0.022u,0.s) (success)
Params: n= 169
Tactic call lazy-regression-quadratic ran for 0.021 secs (0.021u,0.s) (success)
Params: n= 174
Tactic call lazy-regression-quadratic ran for 0.025 secs (0.025u,0.s) (success)
Params: n= 180
Tactic call lazy-regression-quadratic ran for 0.023 secs (0.023u,0.s) (success)
Params: n= 185
Tactic call lazy-regression-quadratic ran for 0.026 secs (0.026u,0.s) (success)
Params: n= 190
Tactic call lazy-regression-quadratic ran for 0.033 secs (0.033u,0.s) (success)
Params: n= 195
Tactic call lazy-regression-quadratic ran for 0.028 secs (0.028u,0.s) (success)
Params: n= 200
Tactic call lazy-regression-quadratic ran for 0.031 secs (0.031u,0.s) (success)
Params: n= 206
Tactic call lazy-regression-quadratic ran for 0.036 secs (0.036u,0.s) (success)
Params: n= 211
Tactic call lazy-regression-quadratic ran for 0.035 secs (0.035u,0.s) (success)
Params: n= 216
Tactic call lazy-regression-quadratic ran for 0.039 secs (0.035u,0.003s) (success)
Params: n= 221
Tactic call lazy-regression-quadratic ran for 0.04 secs (0.04u,0.s) (success)
Params: n= 227
Tactic call lazy-regression-quadratic ran for 0.041 secs (0.04u,0.s) (success)
Params: n= 232
Tactic call lazy-regression-quadratic ran for 0.044 secs (0.044u,0.s) (success)
Params: n= 237
Tactic call lazy-regression-quadratic ran for 0.045 secs (0.045u,0.s) (success)
Params: n= 242
Tactic call lazy-regression-quadratic ran for 0.038 secs (0.038u,0.s) (success)
Params: n= 247
Tactic call lazy-regression-quadratic ran for 0.045 secs (0.045u,0.s) (success)
Params: n= 253
Tactic call lazy-regression-quadratic ran for 0.047 secs (0.047u,0.s) (success)
Params: n= 258
Tactic call lazy-regression-quadratic ran for 0.05 secs (0.05u,0.s) (success)
Params: n= 263
Tactic call lazy-regression-quadratic ran for 0.051 secs (0.051u,0.s) (success)
Params: n= 268
Tactic call lazy-regression-quadratic ran for 0.056 secs (0.056u,0.s) (success)
Params: n= 273
Tactic call lazy-regression-quadratic ran for 0.053 secs (0.053u,0.s) (success)
Params: n= 279
Tactic call lazy-regression-quadratic ran for 0.06 secs (0.06u,0.s) (success)
Params: n= 284
Tactic call lazy-regression-quadratic ran for 0.058 secs (0.058u,0.s) (success)
Params: n= 289
Tactic call lazy-regression-quadratic ran for 0.065 secs (0.065u,0.s) (success)
Params: n= 294
Tactic call lazy-regression-quadratic ran for 0.064 secs (0.064u,0.s) (success)
Params: n= 300
Tactic call lazy-regression-quadratic ran for 0.07 secs (0.07u,0.s) (success)
Params: n= 305
Tactic call lazy-regression-quadratic ran for 0.07 secs (0.07u,0.s) (success)
Params: n= 310
Tactic call lazy-regression-quadratic ran for 0.068 secs (0.064u,0.003s) (success)
Params: n= 315
Tactic call lazy-regression-quadratic ran for 0.083 secs (0.083u,0.s) (success)
Params: n= 320
Tactic call lazy-regression-quadratic ran for 0.072 secs (0.072u,0.s) (success)
Params: n= 326
Tactic call lazy-regression-quadratic ran for 0.076 secs (0.076u,0.s) (success)
Params: n= 331
Tactic call lazy-regression-quadratic ran for 0.088 secs (0.088u,0.s) (success)
Params: n= 336
Tactic call lazy-regression-quadratic ran for 0.084 secs (0.08u,0.003s) (success)
Params: n= 341
Tactic call lazy-regression-quadratic ran for 0.08 secs (0.08u,0.s) (success)
Params: n= 347
Tactic call lazy-regression-quadratic ran for 0.083 secs (0.083u,0.s) (success)
Params: n= 352
Tactic call lazy-regression-quadratic ran for 0.098 secs (0.098u,0.s) (success)
Params: n= 357
Tactic call lazy-regression-quadratic ran for 0.085 secs (0.085u,0.s) (success)
Params: n= 362
Tactic call lazy-regression-quadratic ran for 0.093 secs (0.093u,0.s) (success)
Params: n= 367
Tactic call lazy-regression-quadratic ran for 0.096 secs (0.092u,0.003s) (success)
Params: n= 373
Tactic call lazy-regression-quadratic ran for 0.092 secs (0.092u,0.s) (success)
Params: n= 378
Tactic call lazy-regression-quadratic ran for 0.095 secs (0.095u,0.s) (success)
Params: n= 383
Tactic call lazy-regression-quadratic ran for 0.094 secs (0.094u,0.s) (success)
Params: n= 388
Tactic call lazy-regression-quadratic ran for 0.091 secs (0.091u,0.s) (success)
Params: n= 394
Tactic call lazy-regression-quadratic ran for 0.103 secs (0.103u,0.s) (success)
Params: n= 399
Tactic call lazy-regression-quadratic ran for 0.11 secs (0.11u,0.s) (success)
Params: n= 404
Tactic call lazy-regression-quadratic ran for 0.113 secs (0.109u,0.003s) (success)
Params: n= 409
Tactic call lazy-regression-quadratic ran for 0.12 secs (0.108u,0.012s) (success)
Params: n= 414
Tactic call lazy-regression-quadratic ran for 0.133 secs (0.125u,0.007s) (success)
Params: n= 420
Tactic call lazy-regression-quadratic ran for 0.117 secs (0.117u,0.s) (success)
Params: n= 425
Tactic call lazy-regression-quadratic ran for 0.122 secs (0.122u,0.s) (success)
Params: n= 430
Tactic call lazy-regression-quadratic ran for 0.146 secs (0.146u,0.s) (success)
Params: n= 435
Tactic call lazy-regression-quadratic ran for 0.162 secs (0.162u,0.s) (success)
Params: n= 441
Tactic call lazy-regression-quadratic ran for 0.171 secs (0.171u,0.s) (success)
Params: n= 446
Tactic call lazy-regression-quadratic ran for 0.133 secs (0.133u,0.s) (success)
Params: n= 451
Tactic call lazy-regression-quadratic ran for 0.174 secs (0.174u,0.s) (success)
Params: n= 469
Tactic call lazy-regression-quadratic ran for 0.173 secs (0.173u,0.s) (success)
Params: n= 487
Tactic call lazy-regression-quadratic ran for 0.193 secs (0.18u,0.011s) (success)
Params: n= 505
Tactic call lazy-regression-quadratic ran for 0.167 secs (0.167u,0.s) (success)
Params: n= 523
Tactic call lazy-regression-quadratic ran for 0.193 secs (0.184u,0.008s) (success)
Params: n= 541
Tactic call lazy-regression-quadratic ran for 0.207 secs (0.207u,0.s) (success)
Params: n= 559
Tactic call lazy-regression-quadratic ran for 0.231 secs (0.227u,0.003s) (success)
Params: n= 577
Tactic call lazy-regression-quadratic ran for 0.255 secs (0.238u,0.016s) (success)
Params: n= 595
Tactic call lazy-regression-quadratic ran for 0.285 secs (0.285u,0.s) (success)
Params: n= 613
Tactic call lazy-regression-quadratic ran for 0.319 secs (0.319u,0.s) (success)
Params: n= 631
Tactic call lazy-regression-quadratic ran for 0.323 secs (0.323u,0.s) (success)
Params: n= 649
Tactic call lazy-regression-quadratic ran for 0.298 secs (0.294u,0.003s) (success)
Params: n= 667
Tactic call lazy-regression-quadratic ran for 0.343 secs (0.343u,0.s) (success)
Params: n= 685
Tactic call lazy-regression-quadratic ran for 0.357 secs (0.357u,0.s) (success)
Params: n= 703
Tactic call lazy-regression-quadratic ran for 0.382 secs (0.382u,0.s) (success)
Params: n= 721
Tactic call lazy-regression-quadratic ran for 0.437 secs (0.437u,0.s) (success)
Params: n= 739
Tactic call lazy-regression-quadratic ran for 0.398 secs (0.394u,0.003s) (success)
Params: n= 757
Tactic call lazy-regression-quadratic ran for 0.445 secs (0.429u,0.016s) (success)
Params: n= 775
Tactic call lazy-regression-quadratic ran for 0.463 secs (0.455u,0.007s) (success)
Params: n= 793
Tactic call lazy-regression-quadratic ran for 0.481 secs (0.48u,0.s) (success)
Params: n= 811
Tactic call lazy-regression-quadratic ran for 0.514 secs (0.514u,0.s) (success)
Params: n= 829
Tactic call lazy-regression-quadratic ran for 0.545 secs (0.545u,0.s) (success)
Params: n= 847
Tactic call lazy-regression-quadratic ran for 0.601 secs (0.601u,0.s) (success)
Params: n= 865
Tactic call lazy-regression-quadratic ran for 0.615 secs (0.615u,0.s) (success)
Params: n= 883
Tactic call lazy-regression-quadratic ran for 0.582 secs (0.582u,0.s) (success)
Params: n= 901
Tactic call lazy-regression-quadratic ran for 0.592 secs (0.592u,0.s) (success)
Params: n= 991
Tactic call lazy-regression-quadratic ran for 0.785 secs (0.785u,0.s) (success)
Params: n= 1081
Tactic call lazy-regression-quadratic ran for 0.879 secs (0.879u,0.s) (success)
Params: n= 1171
Tactic call lazy-regression-quadratic ran for 1.075 secs (1.067u,0.007s) (success)
Params: n= 1261
Tactic call lazy-regression-quadratic ran for 1.262 secs (1.257u,0.004s) (success)
Params: n= 1351
Tactic call lazy-regression-quadratic ran for 1.383 secs (1.382u,0.s) (success)
Params: n= 1441
Tactic call lazy-regression-quadratic ran for 1.582 secs (1.582u,0.s) (success)
Params: n= 1531
Tactic call lazy-regression-quadratic ran for 1.867 secs (1.867u,0.s) (success)
Params: n= 1621
Tactic call lazy-regression-quadratic ran for 2.131 secs (2.131u,0.s) (success)
Params: n= 1711
Tactic call lazy-regression-quadratic ran for 2.365 secs (2.361u,0.004s) (success)
Params: n= 1801
Tactic call lazy-regression-quadratic ran for 2.627 secs (2.583u,0.043s) (success)
Params: n= 2161
Tactic call lazy-regression-quadratic ran for 3.785 secs (3.784u,0.s) (success)
Params: n= 2521
Tactic call lazy-regression-quadratic ran for 5.118 secs (5.074u,0.044s) (success)
Params: n= 2881
Tactic call lazy-regression-quadratic ran for 6.809 secs (6.746u,0.06s) (success)
Params: n= 3241
Tactic call lazy-regression-quadratic ran for 8.357 secs (8.34u,0.016s) (success)
Params: n= 3601
Tactic call lazy-regression-quadratic ran for 10.752 secs (10.654u,0.095s) (success)
