Params: n= 4
Tactic call autorewrite-regression-quadratic ran for 0.001 secs (0.u,0.s) (success)
Tactic call autorewrite-noop-regression-linear ran for 0. secs (0.u,0.s) (success)
Tactic call abstract+autorewrite-regression-quadratic ran for 0.002 secs (0.001u,0.s) (success)
Tactic call close-abstract+autorewrite-regression-quadratic ran for 0. secs (0.u,0.s)
Params: n= 5
Tactic call autorewrite-regression-quadratic ran for 0.001 secs (0.001u,0.s) (success)
Tactic call autorewrite-noop-regression-linear ran for 0. secs (0.u,0.s) (success)
Tactic call abstract+autorewrite-regression-quadratic ran for 0.001 secs (0.001u,0.s) (success)
Tactic call close-abstract+autorewrite-regression-quadratic ran for 0. secs (0.u,0.s)
Params: n= 6
Tactic call autorewrite-regression-quadratic ran for 0.001 secs (0.001u,0.s) (success)
Tactic call autorewrite-noop-regression-linear ran for 0. secs (0.u,0.s) (success)
Tactic call abstract+autorewrite-regression-quadratic ran for 0.001 secs (0.001u,0.s) (success)
Tactic call close-abstract+autorewrite-regression-quadratic ran for 0. secs (0.u,0.s)
Params: n= 7
Tactic call autorewrite-regression-quadratic ran for 0.001 secs (0.001u,0.s) (success)
Tactic call autorewrite-noop-regression-linear ran for 0. secs (0.u,0.s) (success)
Tactic call abstract+autorewrite-regression-quadratic ran for 0.002 secs (0.002u,0.s) (success)
Tactic call close-abstract+autorewrite-regression-quadratic ran for 0. secs (0.u,0.s)
Params: n= 8
Tactic call autorewrite-regression-quadratic ran for 0.002 secs (0.002u,0.s) (success)
Tactic call autorewrite-noop-regression-linear ran for 0. secs (0.u,0.s) (success)
Tactic call abstract+autorewrite-regression-quadratic ran for 0.003 secs (0.003u,0.s) (success)
Tactic call close-abstract+autorewrite-regression-quadratic ran for 0. secs (0.u,0.s)
Params: n= 9
Tactic call autorewrite-regression-quadratic ran for 0.002 secs (0.002u,0.s) (success)
Tactic call autorewrite-noop-regression-linear ran for 0. secs (0.u,0.s) (success)
Tactic call abstract+autorewrite-regression-quadratic ran for 0.003 secs (0.003u,0.s) (success)
Tactic call close-abstract+autorewrite-regression-quadratic ran for 0. secs (0.u,0.s)
Params: n= 10
Tactic call autorewrite-regression-quadratic ran for 0.003 secs (0.003u,0.s) (success)
Tactic call autorewrite-noop-regression-linear ran for 0. secs (0.u,0.s) (success)
Tactic call abstract+autorewrite-regression-quadratic ran for 0.004 secs (0.004u,0.s) (success)
Tactic call close-abstract+autorewrite-regression-quadratic ran for 0. secs (0.u,0.s)
Params: n= 11
Tactic call autorewrite-regression-quadratic ran for 0.003 secs (0.003u,0.s) (success)
Tactic call autorewrite-noop-regression-linear ran for 0. secs (0.u,0.s) (success)
Tactic call abstract+autorewrite-regression-quadratic ran for 0.004 secs (0.004u,0.s) (success)
Tactic call close-abstract+autorewrite-regression-quadratic ran for 0. secs (0.u,0.s)
Params: n= 12
Tactic call autorewrite-regression-quadratic ran for 0.003 secs (0.003u,0.s) (success)
Tactic call autorewrite-noop-regression-linear ran for 0. secs (0.u,0.s) (success)
Tactic call abstract+autorewrite-regression-quadratic ran for 0.005 secs (0.004u,0.001s) (success)
Tactic call close-abstract+autorewrite-regression-quadratic ran for 0.001 secs (0.u,0.001s)
Params: n= 13
Tactic call autorewrite-regression-quadratic ran for 0.003 secs (0.u,0.003s) (success)
Tactic call autorewrite-noop-regression-linear ran for 0. secs (0.u,0.s) (success)
Tactic call abstract+autorewrite-regression-quadratic ran for 0.005 secs (0.u,0.005s) (success)
Tactic call close-abstract+autorewrite-regression-quadratic ran for 0.001 secs (0.u,0.001s)
Params: n= 14
Tactic call autorewrite-regression-quadratic ran for 0.004 secs (0.004u,0.s) (success)
Tactic call autorewrite-noop-regression-linear ran for 0. secs (0.u,0.s) (success)
Tactic call abstract+autorewrite-regression-quadratic ran for 0.006 secs (0.006u,0.s) (success)
Tactic call close-abstract+autorewrite-regression-quadratic ran for 0.001 secs (0.001u,0.s)
Params: n= 15
Tactic call autorewrite-regression-quadratic ran for 0.004 secs (0.004u,0.s) (success)
Tactic call autorewrite-noop-regression-linear ran for 0. secs (0.u,0.s) (success)
Tactic call abstract+autorewrite-regression-quadratic ran for 0.007 secs (0.004u,0.002s) (success)
Tactic call close-abstract+autorewrite-regression-quadratic ran for 0.001 secs (0.u,0.001s)
Params: n= 16
Tactic call autorewrite-regression-quadratic ran for 0.005 secs (0.u,0.005s) (success)
Tactic call autorewrite-noop-regression-linear ran for 0. secs (0.u,0.s) (success)
Tactic call abstract+autorewrite-regression-quadratic ran for 0.007 secs (0.u,0.007s) (success)
Tactic call close-abstract+autorewrite-regression-quadratic ran for 0.001 secs (0.u,0.001s)
Params: n= 17
Tactic call autorewrite-regression-quadratic ran for 0.006 secs (0.002u,0.003s) (success)
Tactic call autorewrite-noop-regression-linear ran for 0. secs (0.u,0.s) (success)
Tactic call abstract+autorewrite-regression-quadratic ran for 0.008 secs (0.004u,0.004s) (success)
Tactic call close-abstract+autorewrite-regression-quadratic ran for 0.002 secs (0.001u,0.s)
Params: n= 18
Tactic call autorewrite-regression-quadratic ran for 0.006 secs (0.006u,0.s) (success)
Tactic call autorewrite-noop-regression-linear ran for 0.039 secs (0.032u,0.007s) (success)
Tactic call abstract+autorewrite-regression-quadratic ran for 0.048 secs (0.04u,0.007s) (success)
Tactic call close-abstract+autorewrite-regression-quadratic ran for 0.001 secs (0.001u,0.s)
Params: n= 19
Tactic call autorewrite-regression-quadratic ran for 0.004 secs (0.004u,0.s) (success)
Tactic call autorewrite-noop-regression-linear ran for 0. secs (0.u,0.s) (success)
Tactic call abstract+autorewrite-regression-quadratic ran for 0.006 secs (0.006u,0.s) (success)
Tactic call close-abstract+autorewrite-regression-quadratic ran for 0.001 secs (0.001u,0.s)
Params: n= 20
Tactic call autorewrite-regression-quadratic ran for 0.005 secs (0.005u,0.s) (success)
Tactic call autorewrite-noop-regression-linear ran for 0. secs (0.u,0.s) (success)
Tactic call abstract+autorewrite-regression-quadratic ran for 0.007 secs (0.007u,0.s) (success)
Tactic call close-abstract+autorewrite-regression-quadratic ran for 0.001 secs (0.001u,0.s)
Params: n= 21
Tactic call autorewrite-regression-quadratic ran for 0.005 secs (0.005u,0.s) (success)
Tactic call autorewrite-noop-regression-linear ran for 0. secs (0.u,0.s) (success)
Tactic call abstract+autorewrite-regression-quadratic ran for 0.007 secs (0.007u,0.s) (success)
Tactic call close-abstract+autorewrite-regression-quadratic ran for 0.001 secs (0.001u,0.s)
Params: n= 22
Tactic call autorewrite-regression-quadratic ran for 0.005 secs (0.005u,0.s) (success)
Tactic call autorewrite-noop-regression-linear ran for 0. secs (0.u,0.s) (success)
Tactic call abstract+autorewrite-regression-quadratic ran for 0.008 secs (0.008u,0.s) (success)
Tactic call close-abstract+autorewrite-regression-quadratic ran for 0.001 secs (0.001u,0.s)
Params: n= 23
Tactic call autorewrite-regression-quadratic ran for 0.006 secs (0.006u,0.s) (success)
Tactic call autorewrite-noop-regression-linear ran for 0. secs (0.u,0.s) (success)
Tactic call abstract+autorewrite-regression-quadratic ran for 0.008 secs (0.008u,0.s) (success)
Tactic call close-abstract+autorewrite-regression-quadratic ran for 0.001 secs (0.001u,0.s)
Params: n= 24
Tactic call autorewrite-regression-quadratic ran for 0.006 secs (0.006u,0.s) (success)
Tactic call autorewrite-noop-regression-linear ran for 0. secs (0.u,0.s) (success)
Tactic call abstract+autorewrite-regression-quadratic ran for 0.009 secs (0.009u,0.s) (success)
Tactic call close-abstract+autorewrite-regression-quadratic ran for 0.002 secs (0.002u,0.s)
Params: n= 25
Tactic call autorewrite-regression-quadratic ran for 0.007 secs (0.007u,0.s) (success)
Tactic call autorewrite-noop-regression-linear ran for 0. secs (0.u,0.s) (success)
Tactic call abstract+autorewrite-regression-quadratic ran for 0.01 secs (0.01u,0.s) (success)
Tactic call close-abstract+autorewrite-regression-quadratic ran for 0.002 secs (0.002u,0.s)
Params: n= 26
Tactic call autorewrite-regression-quadratic ran for 0.007 secs (0.007u,0.s) (success)
Tactic call autorewrite-noop-regression-linear ran for 0. secs (0.u,0.s) (success)
Tactic call abstract+autorewrite-regression-quadratic ran for 0.011 secs (0.011u,0.s) (success)
Tactic call close-abstract+autorewrite-regression-quadratic ran for 0.002 secs (0.002u,0.s)
Params: n= 27
Tactic call autorewrite-regression-quadratic ran for 0.007 secs (0.007u,0.s) (success)
Tactic call autorewrite-noop-regression-linear ran for 0. secs (0.u,0.s) (success)
Tactic call abstract+autorewrite-regression-quadratic ran for 0.011 secs (0.011u,0.s) (success)
Tactic call close-abstract+autorewrite-regression-quadratic ran for 0.002 secs (0.002u,0.s)
Params: n= 28
Tactic call autorewrite-regression-quadratic ran for 0.008 secs (0.008u,0.s) (success)
Tactic call autorewrite-noop-regression-linear ran for 0. secs (0.u,0.s) (success)
Tactic call abstract+autorewrite-regression-quadratic ran for 0.012 secs (0.012u,0.s) (success)
Tactic call close-abstract+autorewrite-regression-quadratic ran for 0.002 secs (0.002u,0.s)
Params: n= 29
Tactic call autorewrite-regression-quadratic ran for 0.011 secs (0.01u,0.s) (success)
Tactic call autorewrite-noop-regression-linear ran for 0. secs (0.u,0.s) (success)
Tactic call abstract+autorewrite-regression-quadratic ran for 0.014 secs (0.014u,0.s) (success)
Tactic call close-abstract+autorewrite-regression-quadratic ran for 0.002 secs (0.002u,0.s)
Params: n= 30
Tactic call autorewrite-regression-quadratic ran for 0.009 secs (0.009u,0.s) (success)
Tactic call autorewrite-noop-regression-linear ran for 0. secs (0.u,0.s) (success)
Tactic call abstract+autorewrite-regression-quadratic ran for 0.013 secs (0.013u,0.s) (success)
Tactic call close-abstract+autorewrite-regression-quadratic ran for 0.003 secs (0.003u,0.s)
Params: n= 31
Tactic call autorewrite-regression-quadratic ran for 0.01 secs (0.01u,0.s) (success)
Tactic call autorewrite-noop-regression-linear ran for 0. secs (0.u,0.s) (success)
Tactic call abstract+autorewrite-regression-quadratic ran for 0.014 secs (0.014u,0.s) (success)
Tactic call close-abstract+autorewrite-regression-quadratic ran for 0.003 secs (0.003u,0.s)
Params: n= 32
Tactic call autorewrite-regression-quadratic ran for 0.01 secs (0.01u,0.s) (success)
Tactic call autorewrite-noop-regression-linear ran for 0. secs (0.u,0.s) (success)
Tactic call abstract+autorewrite-regression-quadratic ran for 0.014 secs (0.014u,0.s) (success)
Tactic call close-abstract+autorewrite-regression-quadratic ran for 0.003 secs (0.003u,0.s)
Params: n= 33
Tactic call autorewrite-regression-quadratic ran for 0.011 secs (0.011u,0.s) (success)
Tactic call autorewrite-noop-regression-linear ran for 0. secs (0.u,0.s) (success)
Tactic call abstract+autorewrite-regression-quadratic ran for 0.015 secs (0.015u,0.s) (success)
Tactic call close-abstract+autorewrite-regression-quadratic ran for 0.003 secs (0.003u,0.s)
Params: n= 34
Tactic call autorewrite-regression-quadratic ran for 0.011 secs (0.011u,0.s) (success)
Tactic call autorewrite-noop-regression-linear ran for 0. secs (0.u,0.s) (success)
Tactic call abstract+autorewrite-regression-quadratic ran for 0.015 secs (0.015u,0.s) (success)
Tactic call close-abstract+autorewrite-regression-quadratic ran for 0.003 secs (0.003u,0.s)
Params: n= 35
Tactic call autorewrite-regression-quadratic ran for 0.012 secs (0.012u,0.s) (success)
Tactic call autorewrite-noop-regression-linear ran for 0. secs (0.u,0.s) (success)
Tactic call abstract+autorewrite-regression-quadratic ran for 0.017 secs (0.017u,0.s) (success)
Tactic call close-abstract+autorewrite-regression-quadratic ran for 0.004 secs (0.004u,0.s)
Params: n= 36
Tactic call autorewrite-regression-quadratic ran for 0.013 secs (0.013u,0.s) (success)
Tactic call autorewrite-noop-regression-linear ran for 0. secs (0.u,0.s) (success)
Tactic call abstract+autorewrite-regression-quadratic ran for 0.017 secs (0.017u,0.s) (success)
Tactic call close-abstract+autorewrite-regression-quadratic ran for 0.003 secs (0.003u,0.s)
Params: n= 37
Tactic call autorewrite-regression-quadratic ran for 0.013 secs (0.013u,0.s) (success)
Tactic call autorewrite-noop-regression-linear ran for 0. secs (0.u,0.s) (success)
Tactic call abstract+autorewrite-regression-quadratic ran for 0.018 secs (0.018u,0.s) (success)
Tactic call close-abstract+autorewrite-regression-quadratic ran for 0.004 secs (0.004u,0.s)
Params: n= 38
Tactic call autorewrite-regression-quadratic ran for 0.019 secs (0.019u,0.s) (success)
Tactic call autorewrite-noop-regression-linear ran for 0. secs (0.u,0.s) (success)
Tactic call abstract+autorewrite-regression-quadratic ran for 0.025 secs (0.025u,0.s) (success)
Tactic call close-abstract+autorewrite-regression-quadratic ran for 0.004 secs (0.004u,0.s)
Params: n= 39
Tactic call autorewrite-regression-quadratic ran for 0.015 secs (0.015u,0.s) (success)
Tactic call autorewrite-noop-regression-linear ran for 0. secs (0.u,0.s) (success)
Tactic call abstract+autorewrite-regression-quadratic ran for 0.021 secs (0.018u,0.003s) (success)
Tactic call close-abstract+autorewrite-regression-quadratic ran for 0.004 secs (0.001u,0.003s)
Params: n= 40
Tactic call autorewrite-regression-quadratic ran for 0.015 secs (0.015u,0.s) (success)
Tactic call autorewrite-noop-regression-linear ran for 0. secs (0.u,0.s) (success)
Tactic call abstract+autorewrite-regression-quadratic ran for 0.023 secs (0.023u,0.s) (success)
Tactic call close-abstract+autorewrite-regression-quadratic ran for 0.006 secs (0.006u,0.s)
Params: n= 41
Tactic call autorewrite-regression-quadratic ran for 0.015 secs (0.015u,0.s) (success)
Tactic call autorewrite-noop-regression-linear ran for 0. secs (0.u,0.s) (success)
Tactic call abstract+autorewrite-regression-quadratic ran for 0.022 secs (0.021u,0.s) (success)
Tactic call close-abstract+autorewrite-regression-quadratic ran for 0.005 secs (0.005u,0.s)
Params: n= 42
Tactic call autorewrite-regression-quadratic ran for 0.017 secs (0.017u,0.s) (success)
Tactic call autorewrite-noop-regression-linear ran for 0. secs (0.u,0.s) (success)
Tactic call abstract+autorewrite-regression-quadratic ran for 0.032 secs (0.032u,0.s) (success)
Tactic call close-abstract+autorewrite-regression-quadratic ran for 0.014 secs (0.014u,0.s)
Params: n= 43
Tactic call autorewrite-regression-quadratic ran for 0.018 secs (0.018u,0.s) (success)
Tactic call autorewrite-noop-regression-linear ran for 0. secs (0.u,0.s) (success)
Tactic call abstract+autorewrite-regression-quadratic ran for 0.025 secs (0.025u,0.s) (success)
Tactic call close-abstract+autorewrite-regression-quadratic ran for 0.005 secs (0.005u,0.s)
Params: n= 44
Tactic call autorewrite-regression-quadratic ran for 0.017 secs (0.017u,0.s) (success)
Tactic call autorewrite-noop-regression-linear ran for 0. secs (0.u,0.s) (success)
Tactic call abstract+autorewrite-regression-quadratic ran for 0.024 secs (0.024u,0.s) (success)
Tactic call close-abstract+autorewrite-regression-quadratic ran for 0.006 secs (0.006u,0.s)
Params: n= 45
Tactic call autorewrite-regression-quadratic ran for 0.018 secs (0.018u,0.s) (success)
Tactic call autorewrite-noop-regression-linear ran for 0. secs (0.u,0.s) (success)
Tactic call abstract+autorewrite-regression-quadratic ran for 0.026 secs (0.026u,0.s) (success)
Tactic call close-abstract+autorewrite-regression-quadratic ran for 0.006 secs (0.006u,0.s)
Params: n= 46
Tactic call autorewrite-regression-quadratic ran for 0.021 secs (0.021u,0.s) (success)
Tactic call autorewrite-noop-regression-linear ran for 0. secs (0.u,0.s) (success)
Tactic call abstract+autorewrite-regression-quadratic ran for 0.027 secs (0.027u,0.s) (success)
Tactic call close-abstract+autorewrite-regression-quadratic ran for 0.005 secs (0.005u,0.s)
Params: n= 47
Tactic call autorewrite-regression-quadratic ran for 0.02 secs (0.02u,0.s) (success)
Tactic call autorewrite-noop-regression-linear ran for 0. secs (0.u,0.s) (success)
Tactic call abstract+autorewrite-regression-quadratic ran for 0.028 secs (0.028u,0.s) (success)
Tactic call close-abstract+autorewrite-regression-quadratic ran for 0.006 secs (0.006u,0.s)
Params: n= 48
Tactic call autorewrite-regression-quadratic ran for 0.095 secs (0.095u,0.s) (success)
Tactic call autorewrite-noop-regression-linear ran for 0. secs (0.u,0.s) (success)
Tactic call abstract+autorewrite-regression-quadratic ran for 0.104 secs (0.103u,0.s) (success)
Tactic call close-abstract+autorewrite-regression-quadratic ran for 0.007 secs (0.007u,0.s)
Params: n= 49
Tactic call autorewrite-regression-quadratic ran for 0.021 secs (0.021u,0.s) (success)
Tactic call autorewrite-noop-regression-linear ran for 0. secs (0.u,0.s) (success)
Tactic call abstract+autorewrite-regression-quadratic ran for 0.03 secs (0.03u,0.s) (success)
Tactic call close-abstract+autorewrite-regression-quadratic ran for 0.008 secs (0.008u,0.s)
Params: n= 51
Tactic call autorewrite-regression-quadratic ran for 0.022 secs (0.022u,0.s) (success)
Tactic call autorewrite-noop-regression-linear ran for 0. secs (0.u,0.s) (success)
Tactic call abstract+autorewrite-regression-quadratic ran for 0.031 secs (0.031u,0.s) (success)
Tactic call close-abstract+autorewrite-regression-quadratic ran for 0.007 secs (0.007u,0.s)
Params: n= 52
Tactic call autorewrite-regression-quadratic ran for 0.061 secs (0.06u,0.s) (success)
Tactic call autorewrite-noop-regression-linear ran for 0. secs (0.u,0.s) (success)
Tactic call abstract+autorewrite-regression-quadratic ran for 0.07 secs (0.07u,0.s) (success)
Tactic call close-abstract+autorewrite-regression-quadratic ran for 0.008 secs (0.008u,0.s)
Params: n= 53
Tactic call autorewrite-regression-quadratic ran for 0.026 secs (0.026u,0.s) (success)
Tactic call autorewrite-noop-regression-linear ran for 0. secs (0.u,0.s) (success)
Tactic call abstract+autorewrite-regression-quadratic ran for 0.036 secs (0.036u,0.s) (success)
Tactic call close-abstract+autorewrite-regression-quadratic ran for 0.009 secs (0.009u,0.s)
Params: n= 54
Tactic call autorewrite-regression-quadratic ran for 0.026 secs (0.026u,0.s) (success)
Tactic call autorewrite-noop-regression-linear ran for 0. secs (0.u,0.s) (success)
Tactic call abstract+autorewrite-regression-quadratic ran for 0.036 secs (0.036u,0.s) (success)
Tactic call close-abstract+autorewrite-regression-quadratic ran for 0.008 secs (0.008u,0.s)
Params: n= 55
Tactic call autorewrite-regression-quadratic ran for 0.041 secs (0.041u,0.s) (success)
Tactic call autorewrite-noop-regression-linear ran for 0. secs (0.u,0.s) (success)
Tactic call abstract+autorewrite-regression-quadratic ran for 0.05 secs (0.05u,0.s) (success)
Tactic call close-abstract+autorewrite-regression-quadratic ran for 0.008 secs (0.008u,0.s)
Params: n= 56
Tactic call autorewrite-regression-quadratic ran for 0.029 secs (0.029u,0.s) (success)
Tactic call autorewrite-noop-regression-linear ran for 0. secs (0.u,0.s) (success)
Tactic call abstract+autorewrite-regression-quadratic ran for 0.039 secs (0.039u,0.s) (success)
Tactic call close-abstract+autorewrite-regression-quadratic ran for 0.009 secs (0.009u,0.s)
Params: n= 57
Tactic call autorewrite-regression-quadratic ran for 0.027 secs (0.027u,0.s) (success)
Tactic call autorewrite-noop-regression-linear ran for 0. secs (0.u,0.s) (success)
Tactic call abstract+autorewrite-regression-quadratic ran for 0.038 secs (0.038u,0.s) (success)
Tactic call close-abstract+autorewrite-regression-quadratic ran for 0.009 secs (0.009u,0.s)
Params: n= 58
Tactic call autorewrite-regression-quadratic ran for 0.028 secs (0.028u,0.s) (success)
Tactic call autorewrite-noop-regression-linear ran for 0. secs (0.u,0.s) (success)
Tactic call abstract+autorewrite-regression-quadratic ran for 0.04 secs (0.04u,0.s) (success)
Tactic call close-abstract+autorewrite-regression-quadratic ran for 0.011 secs (0.011u,0.s)
Params: n= 59
Tactic call autorewrite-regression-quadratic ran for 0.03 secs (0.03u,0.s) (success)
Tactic call autorewrite-noop-regression-linear ran for 0. secs (0.u,0.s) (success)
Tactic call abstract+autorewrite-regression-quadratic ran for 0.047 secs (0.047u,0.s) (success)
Tactic call close-abstract+autorewrite-regression-quadratic ran for 0.016 secs (0.016u,0.s)
Params: n= 60
Tactic call autorewrite-regression-quadratic ran for 0.03 secs (0.03u,0.s) (success)
Tactic call autorewrite-noop-regression-linear ran for 0. secs (0.u,0.s) (success)
Tactic call abstract+autorewrite-regression-quadratic ran for 0.042 secs (0.042u,0.s) (success)
Tactic call close-abstract+autorewrite-regression-quadratic ran for 0.01 secs (0.01u,0.s)
Params: n= 61
Tactic call autorewrite-regression-quadratic ran for 0.032 secs (0.032u,0.s) (success)
Tactic call autorewrite-noop-regression-linear ran for 0. secs (0.u,0.s) (success)
Tactic call abstract+autorewrite-regression-quadratic ran for 0.044 secs (0.044u,0.s) (success)
Tactic call close-abstract+autorewrite-regression-quadratic ran for 0.01 secs (0.01u,0.s)
Params: n= 62
Tactic call autorewrite-regression-quadratic ran for 0.042 secs (0.042u,0.s) (success)
Tactic call autorewrite-noop-regression-linear ran for 0. secs (0.u,0.s) (success)
Tactic call abstract+autorewrite-regression-quadratic ran for 0.055 secs (0.055u,0.s) (success)
Tactic call close-abstract+autorewrite-regression-quadratic ran for 0.011 secs (0.011u,0.s)
Params: n= 63
Tactic call autorewrite-regression-quadratic ran for 0.035 secs (0.035u,0.s) (success)
Tactic call autorewrite-noop-regression-linear ran for 0. secs (0.u,0.s) (success)
Tactic call abstract+autorewrite-regression-quadratic ran for 0.047 secs (0.047u,0.s) (success)
Tactic call close-abstract+autorewrite-regression-quadratic ran for 0.011 secs (0.011u,0.s)
Params: n= 64
Tactic call autorewrite-regression-quadratic ran for 0.034 secs (0.034u,0.s) (success)
Tactic call autorewrite-noop-regression-linear ran for 0. secs (0.u,0.s) (success)
Tactic call abstract+autorewrite-regression-quadratic ran for 0.048 secs (0.048u,0.s) (success)
Tactic call close-abstract+autorewrite-regression-quadratic ran for 0.012 secs (0.012u,0.s)
Params: n= 65
Tactic call autorewrite-regression-quadratic ran for 0.109 secs (0.109u,0.s) (success)
Tactic call autorewrite-noop-regression-linear ran for 0. secs (0.u,0.s) (success)
Tactic call abstract+autorewrite-regression-quadratic ran for 0.123 secs (0.123u,0.s) (success)
Tactic call close-abstract+autorewrite-regression-quadratic ran for 0.012 secs (0.012u,0.s)
Params: n= 66
Tactic call autorewrite-regression-quadratic ran for 0.037 secs (0.037u,0.s) (success)
Tactic call autorewrite-noop-regression-linear ran for 0. secs (0.u,0.s) (success)
Tactic call abstract+autorewrite-regression-quadratic ran for 0.089 secs (0.089u,0.s) (success)
Tactic call close-abstract+autorewrite-regression-quadratic ran for 0.05 secs (0.05u,0.s)
Params: n= 67
Tactic call autorewrite-regression-quadratic ran for 0.037 secs (0.037u,0.s) (success)
Tactic call autorewrite-noop-regression-linear ran for 0. secs (0.u,0.s) (success)
Tactic call abstract+autorewrite-regression-quadratic ran for 0.053 secs (0.053u,0.s) (success)
Tactic call close-abstract+autorewrite-regression-quadratic ran for 0.014 secs (0.014u,0.s)
Params: n= 68
Tactic call autorewrite-regression-quadratic ran for 0.052 secs (0.052u,0.s) (success)
Tactic call autorewrite-noop-regression-linear ran for 0. secs (0.u,0.s) (success)
Tactic call abstract+autorewrite-regression-quadratic ran for 0.067 secs (0.067u,0.s) (success)
Tactic call close-abstract+autorewrite-regression-quadratic ran for 0.013 secs (0.013u,0.s)
Params: n= 69
Tactic call autorewrite-regression-quadratic ran for 0.041 secs (0.041u,0.s) (success)
Tactic call autorewrite-noop-regression-linear ran for 0. secs (0.u,0.s) (success)
Tactic call abstract+autorewrite-regression-quadratic ran for 0.055 secs (0.055u,0.s) (success)
Tactic call close-abstract+autorewrite-regression-quadratic ran for 0.013 secs (0.013u,0.s)
Params: n= 70
Tactic call autorewrite-regression-quadratic ran for 0.039 secs (0.039u,0.s) (success)
Tactic call autorewrite-noop-regression-linear ran for 0. secs (0.u,0.s) (success)
Tactic call abstract+autorewrite-regression-quadratic ran for 0.055 secs (0.055u,0.s) (success)
Tactic call close-abstract+autorewrite-regression-quadratic ran for 0.014 secs (0.014u,0.s)
Params: n= 71
Tactic call autorewrite-regression-quadratic ran for 0.044 secs (0.044u,0.s) (success)
Tactic call autorewrite-noop-regression-linear ran for 0. secs (0.u,0.s) (success)
Tactic call abstract+autorewrite-regression-quadratic ran for 0.059 secs (0.059u,0.s) (success)
Tactic call close-abstract+autorewrite-regression-quadratic ran for 0.014 secs (0.014u,0.s)
Params: n= 72
Tactic call autorewrite-regression-quadratic ran for 0.043 secs (0.043u,0.s) (success)
Tactic call autorewrite-noop-regression-linear ran for 0. secs (0.u,0.s) (success)
Tactic call abstract+autorewrite-regression-quadratic ran for 0.06 secs (0.06u,0.s) (success)
Tactic call close-abstract+autorewrite-regression-quadratic ran for 0.016 secs (0.016u,0.s)
Params: n= 73
Tactic call autorewrite-regression-quadratic ran for 0.046 secs (0.046u,0.s) (success)
Tactic call autorewrite-noop-regression-linear ran for 0. secs (0.u,0.s) (success)
Tactic call abstract+autorewrite-regression-quadratic ran for 0.064 secs (0.064u,0.s) (success)
Tactic call close-abstract+autorewrite-regression-quadratic ran for 0.016 secs (0.016u,0.s)
Params: n= 74
Tactic call autorewrite-regression-quadratic ran for 0.048 secs (0.048u,0.s) (success)
Tactic call autorewrite-noop-regression-linear ran for 0. secs (0.u,0.s) (success)
Tactic call abstract+autorewrite-regression-quadratic ran for 0.064 secs (0.064u,0.s) (success)
Tactic call close-abstract+autorewrite-regression-quadratic ran for 0.014 secs (0.014u,0.s)
Params: n= 75
Tactic call autorewrite-regression-quadratic ran for 0.046 secs (0.046u,0.s) (success)
Tactic call autorewrite-noop-regression-linear ran for 0. secs (0.u,0.s) (success)
Tactic call abstract+autorewrite-regression-quadratic ran for 0.065 secs (0.065u,0.s) (success)
Tactic call close-abstract+autorewrite-regression-quadratic ran for 0.017 secs (0.017u,0.s)
Params: n= 76
Tactic call autorewrite-regression-quadratic ran for 0.048 secs (0.048u,0.s) (success)
Tactic call autorewrite-noop-regression-linear ran for 0. secs (0.u,0.s) (success)
Tactic call abstract+autorewrite-regression-quadratic ran for 0.066 secs (0.066u,0.s) (success)
Tactic call close-abstract+autorewrite-regression-quadratic ran for 0.016 secs (0.016u,0.s)
Params: n= 77
Tactic call autorewrite-regression-quadratic ran for 0.051 secs (0.051u,0.s) (success)
Tactic call autorewrite-noop-regression-linear ran for 0. secs (0.u,0.s) (success)
Tactic call abstract+autorewrite-regression-quadratic ran for 0.07 secs (0.07u,0.s) (success)
Tactic call close-abstract+autorewrite-regression-quadratic ran for 0.016 secs (0.016u,0.s)
Params: n= 78
Tactic call autorewrite-regression-quadratic ran for 0.052 secs (0.052u,0.s) (success)
Tactic call autorewrite-noop-regression-linear ran for 0. secs (0.u,0.s) (success)
Tactic call abstract+autorewrite-regression-quadratic ran for 0.07 secs (0.07u,0.s) (success)
Tactic call close-abstract+autorewrite-regression-quadratic ran for 0.016 secs (0.016u,0.s)
Params: n= 79
Tactic call autorewrite-regression-quadratic ran for 0.053 secs (0.053u,0.s) (success)
Tactic call autorewrite-noop-regression-linear ran for 0. secs (0.u,0.s) (success)
Tactic call abstract+autorewrite-regression-quadratic ran for 0.074 secs (0.074u,0.s) (success)
Tactic call close-abstract+autorewrite-regression-quadratic ran for 0.02 secs (0.02u,0.s)
Params: n= 80
Tactic call autorewrite-regression-quadratic ran for 0.052 secs (0.052u,0.s) (success)
Tactic call autorewrite-noop-regression-linear ran for 0. secs (0.u,0.s) (success)
Tactic call abstract+autorewrite-regression-quadratic ran for 0.072 secs (0.072u,0.s) (success)
Tactic call close-abstract+autorewrite-regression-quadratic ran for 0.018 secs (0.018u,0.s)
Params: n= 81
Tactic call autorewrite-regression-quadratic ran for 0.054 secs (0.054u,0.s) (success)
Tactic call autorewrite-noop-regression-linear ran for 0. secs (0.u,0.s) (success)
Tactic call abstract+autorewrite-regression-quadratic ran for 0.075 secs (0.075u,0.s) (success)
Tactic call close-abstract+autorewrite-regression-quadratic ran for 0.019 secs (0.019u,0.s)
Params: n= 82
Tactic call autorewrite-regression-quadratic ran for 0.055 secs (0.055u,0.s) (success)
Tactic call autorewrite-noop-regression-linear ran for 0. secs (0.u,0.s) (success)
Tactic call abstract+autorewrite-regression-quadratic ran for 0.075 secs (0.075u,0.s) (success)
Tactic call close-abstract+autorewrite-regression-quadratic ran for 0.018 secs (0.018u,0.s)
Params: n= 83
Tactic call autorewrite-regression-quadratic ran for 0.058 secs (0.058u,0.s) (success)
Tactic call autorewrite-noop-regression-linear ran for 0. secs (0.u,0.s) (success)
Tactic call abstract+autorewrite-regression-quadratic ran for 0.078 secs (0.078u,0.s) (success)
Tactic call close-abstract+autorewrite-regression-quadratic ran for 0.018 secs (0.018u,0.s)
Params: n= 84
Tactic call autorewrite-regression-quadratic ran for 0.057 secs (0.057u,0.s) (success)
Tactic call autorewrite-noop-regression-linear ran for 0. secs (0.u,0.s) (success)
Tactic call abstract+autorewrite-regression-quadratic ran for 0.08 secs (0.08u,0.s) (success)
Tactic call close-abstract+autorewrite-regression-quadratic ran for 0.021 secs (0.021u,0.s)
Params: n= 85
Tactic call autorewrite-regression-quadratic ran for 0.057 secs (0.057u,0.s) (success)
Tactic call autorewrite-noop-regression-linear ran for 0. secs (0.u,0.s) (success)
Tactic call abstract+autorewrite-regression-quadratic ran for 0.079 secs (0.079u,0.s) (success)
Tactic call close-abstract+autorewrite-regression-quadratic ran for 0.02 secs (0.02u,0.s)
Params: n= 86
Tactic call autorewrite-regression-quadratic ran for 0.063 secs (0.063u,0.s) (success)
Tactic call autorewrite-noop-regression-linear ran for 0. secs (0.u,0.s) (success)
Tactic call abstract+autorewrite-regression-quadratic ran for 0.086 secs (0.086u,0.s) (success)
Tactic call close-abstract+autorewrite-regression-quadratic ran for 0.021 secs (0.021u,0.s)
Params: n= 87
Tactic call autorewrite-regression-quadratic ran for 0.063 secs (0.063u,0.s) (success)
Tactic call autorewrite-noop-regression-linear ran for 0. secs (0.u,0.s) (success)
Tactic call abstract+autorewrite-regression-quadratic ran for 0.087 secs (0.087u,0.s) (success)
Tactic call close-abstract+autorewrite-regression-quadratic ran for 0.021 secs (0.021u,0.s)
Params: n= 88
Tactic call autorewrite-regression-quadratic ran for 0.067 secs (0.063u,0.003s) (success)
Tactic call autorewrite-noop-regression-linear ran for 0. secs (0.u,0.s) (success)
Tactic call abstract+autorewrite-regression-quadratic ran for 0.092 secs (0.088u,0.003s) (success)
Tactic call close-abstract+autorewrite-regression-quadratic ran for 0.023 secs (0.023u,0.s)
Params: n= 89
Tactic call autorewrite-regression-quadratic ran for 0.066 secs (0.066u,0.s) (success)
Tactic call autorewrite-noop-regression-linear ran for 0. secs (0.u,0.s) (success)
Tactic call abstract+autorewrite-regression-quadratic ran for 0.092 secs (0.092u,0.s) (success)
Tactic call close-abstract+autorewrite-regression-quadratic ran for 0.023 secs (0.023u,0.s)
Params: n= 90
Tactic call autorewrite-regression-quadratic ran for 0.068 secs (0.068u,0.s) (success)
Tactic call autorewrite-noop-regression-linear ran for 0. secs (0.u,0.s) (success)
Tactic call abstract+autorewrite-regression-quadratic ran for 0.093 secs (0.093u,0.s) (success)
Tactic call close-abstract+autorewrite-regression-quadratic ran for 0.023 secs (0.023u,0.s)
Params: n= 91
Tactic call autorewrite-regression-quadratic ran for 0.068 secs (0.068u,0.s) (success)
Tactic call autorewrite-noop-regression-linear ran for 0. secs (0.u,0.s) (success)
Tactic call abstract+autorewrite-regression-quadratic ran for 0.093 secs (0.093u,0.s) (success)
Tactic call close-abstract+autorewrite-regression-quadratic ran for 0.023 secs (0.023u,0.s)
Params: n= 92
Tactic call autorewrite-regression-quadratic ran for 0.072 secs (0.072u,0.s) (success)
Tactic call autorewrite-noop-regression-linear ran for 0. secs (0.u,0.s) (success)
Tactic call abstract+autorewrite-regression-quadratic ran for 0.099 secs (0.099u,0.s) (success)
Tactic call close-abstract+autorewrite-regression-quadratic ran for 0.025 secs (0.025u,0.s)
Params: n= 93
Tactic call autorewrite-regression-quadratic ran for 0.071 secs (0.071u,0.s) (success)
Tactic call autorewrite-noop-regression-linear ran for 0. secs (0.u,0.s) (success)
Tactic call abstract+autorewrite-regression-quadratic ran for 0.098 secs (0.098u,0.s) (success)
Tactic call close-abstract+autorewrite-regression-quadratic ran for 0.025 secs (0.025u,0.s)
Params: n= 94
Tactic call autorewrite-regression-quadratic ran for 0.073 secs (0.073u,0.s) (success)
Tactic call autorewrite-noop-regression-linear ran for 0. secs (0.u,0.s) (success)
Tactic call abstract+autorewrite-regression-quadratic ran for 0.099 secs (0.099u,0.s) (success)
Tactic call close-abstract+autorewrite-regression-quadratic ran for 0.024 secs (0.024u,0.s)
Params: n= 95
Tactic call autorewrite-regression-quadratic ran for 0.072 secs (0.072u,0.s) (success)
Tactic call autorewrite-noop-regression-linear ran for 0. secs (0.u,0.s) (success)
Tactic call abstract+autorewrite-regression-quadratic ran for 0.099 secs (0.099u,0.s) (success)
Tactic call close-abstract+autorewrite-regression-quadratic ran for 0.025 secs (0.025u,0.s)
Params: n= 96
Tactic call autorewrite-regression-quadratic ran for 0.074 secs (0.074u,0.s) (success)
Tactic call autorewrite-noop-regression-linear ran for 0. secs (0.u,0.s) (success)
Tactic call abstract+autorewrite-regression-quadratic ran for 0.101 secs (0.101u,0.s) (success)
Tactic call close-abstract+autorewrite-regression-quadratic ran for 0.025 secs (0.025u,0.s)
Params: n= 97
Tactic call autorewrite-regression-quadratic ran for 0.073 secs (0.073u,0.s) (success)
Tactic call autorewrite-noop-regression-linear ran for 0. secs (0.u,0.s) (success)
Tactic call abstract+autorewrite-regression-quadratic ran for 0.1 secs (0.1u,0.s) (success)
Tactic call close-abstract+autorewrite-regression-quadratic ran for 0.025 secs (0.025u,0.s)
Params: n= 98
Tactic call autorewrite-regression-quadratic ran for 0.078 secs (0.078u,0.s) (success)
Tactic call autorewrite-noop-regression-linear ran for 0. secs (0.u,0.s) (success)
Tactic call abstract+autorewrite-regression-quadratic ran for 0.109 secs (0.109u,0.s) (success)
Tactic call close-abstract+autorewrite-regression-quadratic ran for 0.029 secs (0.029u,0.s)
Params: n= 99
Tactic call autorewrite-regression-quadratic ran for 0.076 secs (0.076u,0.s) (success)
Tactic call autorewrite-noop-regression-linear ran for 0. secs (0.u,0.s) (success)
Tactic call abstract+autorewrite-regression-quadratic ran for 0.107 secs (0.107u,0.s) (success)
Tactic call close-abstract+autorewrite-regression-quadratic ran for 0.029 secs (0.029u,0.s)
Params: n= 110
Tactic call autorewrite-regression-quadratic ran for 0.095 secs (0.095u,0.s) (success)
Tactic call autorewrite-noop-regression-linear ran for 0. secs (0.u,0.s) (success)
Tactic call abstract+autorewrite-regression-quadratic ran for 0.132 secs (0.128u,0.003s) (success)
Tactic call close-abstract+autorewrite-regression-quadratic ran for 0.034 secs (0.03u,0.003s)
Params: n= 120
Tactic call autorewrite-regression-quadratic ran for 0.111 secs (0.111u,0.s) (success)
Tactic call autorewrite-noop-regression-linear ran for 0. secs (0.u,0.s) (success)
Tactic call abstract+autorewrite-regression-quadratic ran for 0.165 secs (0.165u,0.s) (success)
Tactic call close-abstract+autorewrite-regression-quadratic ran for 0.051 secs (0.051u,0.s)
Params: n= 130
Tactic call autorewrite-regression-quadratic ran for 0.138 secs (0.138u,0.s) (success)
Tactic call autorewrite-noop-regression-linear ran for 0.001 secs (0.001u,0.s) (success)
Tactic call abstract+autorewrite-regression-quadratic ran for 0.191 secs (0.191u,0.s) (success)
Tactic call close-abstract+autorewrite-regression-quadratic ran for 0.05 secs (0.05u,0.s)
Params: n= 140
Tactic call autorewrite-regression-quadratic ran for 0.159 secs (0.159u,0.s) (success)
Tactic call autorewrite-noop-regression-linear ran for 0.001 secs (0.001u,0.s) (success)
Tactic call abstract+autorewrite-regression-quadratic ran for 0.218 secs (0.217u,0.s) (success)
Tactic call close-abstract+autorewrite-regression-quadratic ran for 0.056 secs (0.056u,0.s)
Params: n= 160
Tactic call autorewrite-regression-quadratic ran for 0.207 secs (0.207u,0.s) (success)
Tactic call autorewrite-noop-regression-linear ran for 0.001 secs (0.001u,0.s) (success)
Tactic call abstract+autorewrite-regression-quadratic ran for 0.282 secs (0.281u,0.s) (success)
Tactic call close-abstract+autorewrite-regression-quadratic ran for 0.071 secs (0.071u,0.s)
Params: n= 170
Tactic call autorewrite-regression-quadratic ran for 0.24 secs (0.24u,0.s) (success)
Tactic call autorewrite-noop-regression-linear ran for 0.001 secs (0.001u,0.s) (success)
Tactic call abstract+autorewrite-regression-quadratic ran for 0.333 secs (0.329u,0.003s) (success)
Tactic call close-abstract+autorewrite-regression-quadratic ran for 0.09 secs (0.086u,0.003s)
Params: n= 180
Tactic call autorewrite-regression-quadratic ran for 0.28 secs (0.28u,0.s) (success)
Tactic call autorewrite-noop-regression-linear ran for 0.001 secs (0.001u,0.s) (success)
Tactic call abstract+autorewrite-regression-quadratic ran for 0.384 secs (0.38u,0.003s) (success)
Tactic call close-abstract+autorewrite-regression-quadratic ran for 0.101 secs (0.097u,0.003s)
Params: n= 190
Tactic call autorewrite-regression-quadratic ran for 0.29 secs (0.286u,0.003s) (success)
Tactic call autorewrite-noop-regression-linear ran for 0.001 secs (0.001u,0.s) (success)
Tactic call abstract+autorewrite-regression-quadratic ran for 0.407 secs (0.403u,0.003s) (success)
Tactic call close-abstract+autorewrite-regression-quadratic ran for 0.114 secs (0.114u,0.s)
Params: n= 210
Tactic call autorewrite-regression-quadratic ran for 0.345 secs (0.345u,0.s) (success)
Tactic call autorewrite-noop-regression-linear ran for 0.001 secs (0.001u,0.s) (success)
Tactic call abstract+autorewrite-regression-quadratic ran for 0.47 secs (0.466u,0.004s) (success)
Tactic call close-abstract+autorewrite-regression-quadratic ran for 0.122 secs (0.118u,0.004s)
Params: n= 220
Tactic call autorewrite-regression-quadratic ran for 0.373 secs (0.373u,0.s) (success)
Tactic call autorewrite-noop-regression-linear ran for 0.001 secs (0.001u,0.s) (success)
Tactic call abstract+autorewrite-regression-quadratic ran for 0.517 secs (0.517u,0.s) (success)
Tactic call close-abstract+autorewrite-regression-quadratic ran for 0.141 secs (0.141u,0.s)
Params: n= 230
Tactic call autorewrite-regression-quadratic ran for 0.426 secs (0.42u,0.003s) (success)
Tactic call autorewrite-noop-regression-linear ran for 0.001 secs (0.001u,0.s) (success)
Tactic call abstract+autorewrite-regression-quadratic ran for 0.589 secs (0.583u,0.003s) (success)
Tactic call close-abstract+autorewrite-regression-quadratic ran for 0.159 secs (0.159u,0.s)
Params: n= 240
Tactic call autorewrite-regression-quadratic ran for 0.438 secs (0.437u,0.s) (success)
Tactic call autorewrite-noop-regression-linear ran for 0.001 secs (0.001u,0.s) (success)
Tactic call abstract+autorewrite-regression-quadratic ran for 0.618 secs (0.618u,0.s) (success)
Tactic call close-abstract+autorewrite-regression-quadratic ran for 0.176 secs (0.176u,0.s)
Params: n= 260
Tactic call autorewrite-regression-quadratic ran for 0.54 secs (0.536u,0.003s) (success)
Tactic call autorewrite-noop-regression-linear ran for 0.001 secs (0.001u,0.s) (success)
Tactic call abstract+autorewrite-regression-quadratic ran for 0.747 secs (0.742u,0.004s) (success)
Tactic call close-abstract+autorewrite-regression-quadratic ran for 0.203 secs (0.203u,0.s)
Params: n= 270
Tactic call autorewrite-regression-quadratic ran for 0.574 secs (0.566u,0.007s) (success)
Tactic call autorewrite-noop-regression-linear ran for 0.002 secs (0.002u,0.s) (success)
Tactic call abstract+autorewrite-regression-quadratic ran for 0.797 secs (0.785u,0.011s) (success)
Tactic call close-abstract+autorewrite-regression-quadratic ran for 0.219 secs (0.215u,0.003s)
Params: n= 280
Tactic call autorewrite-regression-quadratic ran for 0.599 secs (0.599u,0.s) (success)
Tactic call autorewrite-noop-regression-linear ran for 0.002 secs (0.002u,0.s) (success)
Tactic call abstract+autorewrite-regression-quadratic ran for 0.824 secs (0.824u,0.s) (success)
Tactic call close-abstract+autorewrite-regression-quadratic ran for 0.222 secs (0.222u,0.s)
Params: n= 290
Tactic call autorewrite-regression-quadratic ran for 0.643 secs (0.634u,0.008s) (success)
Tactic call autorewrite-noop-regression-linear ran for 0.002 secs (0.002u,0.s) (success)
Tactic call abstract+autorewrite-regression-quadratic ran for 0.89 secs (0.88u,0.008s) (success)
Tactic call close-abstract+autorewrite-regression-quadratic ran for 0.242 secs (0.242u,0.s)
Params: n= 310
Tactic call autorewrite-regression-quadratic ran for 0.729 secs (0.719u,0.007s) (success)
Tactic call autorewrite-noop-regression-linear ran for 0.001 secs (0.001u,0.s) (success)
Tactic call abstract+autorewrite-regression-quadratic ran for 1.023 secs (1.009u,0.011s) (success)
Tactic call close-abstract+autorewrite-regression-quadratic ran for 0.29 secs (0.286u,0.003s)
Params: n= 320
Tactic call autorewrite-regression-quadratic ran for 0.811 secs (0.81u,0.s) (success)
Tactic call autorewrite-noop-regression-linear ran for 0.002 secs (0.002u,0.s) (success)
Tactic call abstract+autorewrite-regression-quadratic ran for 1.123 secs (1.123u,0.s) (success)
Tactic call close-abstract+autorewrite-regression-quadratic ran for 0.308 secs (0.308u,0.s)
Params: n= 330
Tactic call autorewrite-regression-quadratic ran for 0.824 secs (0.824u,0.s) (success)
Tactic call autorewrite-noop-regression-linear ran for 0.002 secs (0.002u,0.s) (success)
Tactic call abstract+autorewrite-regression-quadratic ran for 1.143 secs (1.143u,0.s) (success)
Tactic call close-abstract+autorewrite-regression-quadratic ran for 0.315 secs (0.314u,0.s)
Params: n= 340
Tactic call autorewrite-regression-quadratic ran for 0.845 secs (0.845u,0.s) (success)
Tactic call autorewrite-noop-regression-linear ran for 0.002 secs (0.002u,0.s) (success)
Tactic call abstract+autorewrite-regression-quadratic ran for 1.204 secs (1.204u,0.s) (success)
Tactic call close-abstract+autorewrite-regression-quadratic ran for 0.354 secs (0.354u,0.s)
Params: n= 360
Tactic call autorewrite-regression-quadratic ran for 1.013 secs (1.013u,0.s) (success)
Tactic call autorewrite-noop-regression-linear ran for 0.002 secs (0.002u,0.s) (success)
Tactic call abstract+autorewrite-regression-quadratic ran for 1.396 secs (1.392u,0.004s) (success)
Tactic call close-abstract+autorewrite-regression-quadratic ran for 0.378 secs (0.374u,0.004s)
Params: n= 370
Tactic call autorewrite-regression-quadratic ran for 1. secs (0.999u,0.s) (success)
Tactic call autorewrite-noop-regression-linear ran for 0.002 secs (0.002u,0.s) (success)
Tactic call abstract+autorewrite-regression-quadratic ran for 1.415 secs (1.411u,0.003s) (success)
Tactic call close-abstract+autorewrite-regression-quadratic ran for 0.411 secs (0.407u,0.003s)
Params: n= 380
Tactic call autorewrite-regression-quadratic ran for 1.052 secs (1.052u,0.s) (success)
Tactic call autorewrite-noop-regression-linear ran for 0.002 secs (0.002u,0.s) (success)
Tactic call abstract+autorewrite-regression-quadratic ran for 1.484 secs (1.483u,0.s) (success)
Tactic call close-abstract+autorewrite-regression-quadratic ran for 0.427 secs (0.427u,0.s)
Params: n= 390
Tactic call autorewrite-regression-quadratic ran for 1.165 secs (1.165u,0.s) (success)
Tactic call autorewrite-noop-regression-linear ran for 0.002 secs (0.002u,0.s) (success)
Tactic call abstract+autorewrite-regression-quadratic ran for 1.614 secs (1.613u,0.s) (success)
Tactic call close-abstract+autorewrite-regression-quadratic ran for 0.444 secs (0.443u,0.s)
