Params: n= 4
Tactic call ssr-rewrite!-regression-quadratic ran for 0. secs (0.u,0.s) (success)
Tactic call ssr-rewrite?-noop-regression-linear ran for 0. secs (0.u,0.s) (success)
Tactic call abstract-regression-quadratic ran for 0.002 secs (0.001u,0.s) (success)
Tactic call close-abstract-regression-quadratic ran for 0.001 secs (0.001u,0.s)
Params: n= 5
Tactic call ssr-rewrite!-regression-quadratic ran for 0.001 secs (0.001u,0.s) (success)
Tactic call ssr-rewrite?-noop-regression-linear ran for 0. secs (0.u,0.s) (success)
Tactic call abstract-regression-quadratic ran for 0.002 secs (0.002u,0.s) (success)
Tactic call close-abstract-regression-quadratic ran for 0. secs (0.u,0.s)
Params: n= 6
Tactic call ssr-rewrite!-regression-quadratic ran for 0.001 secs (0.001u,0.s) (success)
Tactic call ssr-rewrite?-noop-regression-linear ran for 0. secs (0.u,0.s) (success)
Tactic call abstract-regression-quadratic ran for 0.002 secs (0.002u,0.s) (success)
Tactic call close-abstract-regression-quadratic ran for 0. secs (0.u,0.s)
Params: n= 7
Tactic call ssr-rewrite!-regression-quadratic ran for 0.001 secs (0.001u,0.s) (success)
Tactic call ssr-rewrite?-noop-regression-linear ran for 0. secs (0.u,0.s) (success)
Tactic call abstract-regression-quadratic ran for 0.003 secs (0.002u,0.001s) (success)
Tactic call close-abstract-regression-quadratic ran for 0.001 secs (0.u,0.001s)
Params: n= 8
Tactic call ssr-rewrite!-regression-quadratic ran for 0.001 secs (0.u,0.001s) (success)
Tactic call ssr-rewrite?-noop-regression-linear ran for 0. secs (0.u,0.s) (success)
Tactic call abstract-regression-quadratic ran for 0.003 secs (0.u,0.003s) (success)
Tactic call close-abstract-regression-quadratic ran for 0.001 secs (0.u,0.001s)
Params: n= 9
Tactic call ssr-rewrite!-regression-quadratic ran for 0.002 secs (0.002u,0.s) (success)
Tactic call ssr-rewrite?-noop-regression-linear ran for 0. secs (0.u,0.s) (success)
Tactic call abstract-regression-quadratic ran for 0.005 secs (0.004u,0.001s) (success)
Tactic call close-abstract-regression-quadratic ran for 0.002 secs (0.002u,0.s)
Params: n= 10
Tactic call ssr-rewrite!-regression-quadratic ran for 0.002 secs (0.u,0.002s) (success)
Tactic call ssr-rewrite?-noop-regression-linear ran for 0. secs (0.u,0.s) (success)
Tactic call abstract-regression-quadratic ran for 0.006 secs (0.003u,0.003s) (success)
Tactic call close-abstract-regression-quadratic ran for 0.003 secs (0.003u,0.s)
Params: n= 11
Tactic call ssr-rewrite!-regression-quadratic ran for 0.003 secs (0.u,0.003s) (success)
Tactic call ssr-rewrite?-noop-regression-linear ran for 0. secs (0.u,0.s) (success)
Tactic call abstract-regression-quadratic ran for 0.007 secs (0.u,0.007s) (success)
Tactic call close-abstract-regression-quadratic ran for 0.003 secs (0.u,0.003s)
Params: n= 12
Tactic call ssr-rewrite!-regression-quadratic ran for 0.003 secs (0.003u,0.s) (success)
Tactic call ssr-rewrite?-noop-regression-linear ran for 0. secs (0.u,0.s) (success)
Tactic call abstract-regression-quadratic ran for 0.064 secs (0.036u,0.028s) (success)
Tactic call close-abstract-regression-quadratic ran for 0.06 secs (0.032u,0.027s)
Params: n= 13
Tactic call ssr-rewrite!-regression-quadratic ran for 0.003 secs (0.003u,0.s) (success)
Tactic call ssr-rewrite?-noop-regression-linear ran for 0. secs (0.u,0.s) (success)
Tactic call abstract-regression-quadratic ran for 0.006 secs (0.006u,0.s) (success)
Tactic call close-abstract-regression-quadratic ran for 0.003 secs (0.003u,0.s)
Params: n= 14
Tactic call ssr-rewrite!-regression-quadratic ran for 0.004 secs (0.004u,0.s) (success)
Tactic call ssr-rewrite?-noop-regression-linear ran for 0. secs (0.u,0.s) (success)
Tactic call abstract-regression-quadratic ran for 0.008 secs (0.008u,0.s) (success)
Tactic call close-abstract-regression-quadratic ran for 0.003 secs (0.003u,0.s)
Params: n= 15
Tactic call ssr-rewrite!-regression-quadratic ran for 0.004 secs (0.004u,0.s) (success)
Tactic call ssr-rewrite?-noop-regression-linear ran for 0. secs (0.u,0.s) (success)
Tactic call abstract-regression-quadratic ran for 0.009 secs (0.009u,0.s) (success)
Tactic call close-abstract-regression-quadratic ran for 0.004 secs (0.004u,0.s)
Params: n= 16
Tactic call ssr-rewrite!-regression-quadratic ran for 0.004 secs (0.004u,0.s) (success)
Tactic call ssr-rewrite?-noop-regression-linear ran for 0. secs (0.u,0.s) (success)
Tactic call abstract-regression-quadratic ran for 0.01 secs (0.01u,0.s) (success)
Tactic call close-abstract-regression-quadratic ran for 0.005 secs (0.005u,0.s)
Params: n= 17
Tactic call ssr-rewrite!-regression-quadratic ran for 0.004 secs (0.004u,0.s) (success)
Tactic call ssr-rewrite?-noop-regression-linear ran for 0. secs (0.u,0.s) (success)
Tactic call abstract-regression-quadratic ran for 0.01 secs (0.01u,0.s) (success)
Tactic call close-abstract-regression-quadratic ran for 0.004 secs (0.004u,0.s)
Params: n= 18
Tactic call ssr-rewrite!-regression-quadratic ran for 0.005 secs (0.005u,0.s) (success)
Tactic call ssr-rewrite?-noop-regression-linear ran for 0. secs (0.u,0.s) (success)
Tactic call abstract-regression-quadratic ran for 0.012 secs (0.012u,0.s) (success)
Tactic call close-abstract-regression-quadratic ran for 0.006 secs (0.006u,0.s)
Params: n= 19
Tactic call ssr-rewrite!-regression-quadratic ran for 0.006 secs (0.006u,0.s) (success)
Tactic call ssr-rewrite?-noop-regression-linear ran for 0. secs (0.u,0.s) (success)
Tactic call abstract-regression-quadratic ran for 0.015 secs (0.015u,0.s) (success)
Tactic call close-abstract-regression-quadratic ran for 0.008 secs (0.008u,0.s)
Params: n= 20
Tactic call ssr-rewrite!-regression-quadratic ran for 0.006 secs (0.006u,0.s) (success)
Tactic call ssr-rewrite?-noop-regression-linear ran for 0. secs (0.u,0.s) (success)
Tactic call abstract-regression-quadratic ran for 0.016 secs (0.016u,0.s) (success)
Tactic call close-abstract-regression-quadratic ran for 0.009 secs (0.009u,0.s)
Params: n= 21
Tactic call ssr-rewrite!-regression-quadratic ran for 0.009 secs (0.009u,0.s) (success)
Tactic call ssr-rewrite?-noop-regression-linear ran for 0. secs (0.u,0.s) (success)
Tactic call abstract-regression-quadratic ran for 0.019 secs (0.019u,0.s) (success)
Tactic call close-abstract-regression-quadratic ran for 0.009 secs (0.009u,0.s)
Params: n= 22
Tactic call ssr-rewrite!-regression-quadratic ran for 0.007 secs (0.007u,0.s) (success)
Tactic call ssr-rewrite?-noop-regression-linear ran for 0. secs (0.u,0.s) (success)
Tactic call abstract-regression-quadratic ran for 0.016 secs (0.016u,0.s) (success)
Tactic call close-abstract-regression-quadratic ran for 0.008 secs (0.008u,0.s)
Params: n= 23
Tactic call ssr-rewrite!-regression-quadratic ran for 0.007 secs (0.007u,0.s) (success)
Tactic call ssr-rewrite?-noop-regression-linear ran for 0. secs (0.u,0.s) (success)
Tactic call abstract-regression-quadratic ran for 0.017 secs (0.017u,0.s) (success)
Tactic call close-abstract-regression-quadratic ran for 0.009 secs (0.009u,0.s)
Params: n= 24
Tactic call ssr-rewrite!-regression-quadratic ran for 0.008 secs (0.008u,0.s) (success)
Tactic call ssr-rewrite?-noop-regression-linear ran for 0. secs (0.u,0.s) (success)
Tactic call abstract-regression-quadratic ran for 0.019 secs (0.019u,0.s) (success)
Tactic call close-abstract-regression-quadratic ran for 0.01 secs (0.01u,0.s)
Params: n= 25
Tactic call ssr-rewrite!-regression-quadratic ran for 0.012 secs (0.012u,0.s) (success)
Tactic call ssr-rewrite?-noop-regression-linear ran for 0. secs (0.u,0.s) (success)
Tactic call abstract-regression-quadratic ran for 0.024 secs (0.024u,0.s) (success)
Tactic call close-abstract-regression-quadratic ran for 0.011 secs (0.011u,0.s)
Params: n= 26
Tactic call ssr-rewrite!-regression-quadratic ran for 0.009 secs (0.009u,0.s) (success)
Tactic call ssr-rewrite?-noop-regression-linear ran for 0. secs (0.u,0.s) (success)
Tactic call abstract-regression-quadratic ran for 0.022 secs (0.022u,0.s) (success)
Tactic call close-abstract-regression-quadratic ran for 0.012 secs (0.012u,0.s)
Params: n= 27
Tactic call ssr-rewrite!-regression-quadratic ran for 0.011 secs (0.011u,0.s) (success)
Tactic call ssr-rewrite?-noop-regression-linear ran for 0. secs (0.u,0.s) (success)
Tactic call abstract-regression-quadratic ran for 0.027 secs (0.027u,0.s) (success)
Tactic call close-abstract-regression-quadratic ran for 0.014 secs (0.014u,0.s)
Params: n= 28
Tactic call ssr-rewrite!-regression-quadratic ran for 0.011 secs (0.011u,0.s) (success)
Tactic call ssr-rewrite?-noop-regression-linear ran for 0. secs (0.u,0.s) (success)
Tactic call abstract-regression-quadratic ran for 0.028 secs (0.028u,0.s) (success)
Tactic call close-abstract-regression-quadratic ran for 0.017 secs (0.017u,0.s)
Params: n= 29
Tactic call ssr-rewrite!-regression-quadratic ran for 0.011 secs (0.011u,0.s) (success)
Tactic call ssr-rewrite?-noop-regression-linear ran for 0. secs (0.u,0.s) (success)
Tactic call abstract-regression-quadratic ran for 0.029 secs (0.029u,0.s) (success)
Tactic call close-abstract-regression-quadratic ran for 0.017 secs (0.017u,0.s)
Params: n= 30
Tactic call ssr-rewrite!-regression-quadratic ran for 0.013 secs (0.013u,0.s) (success)
Tactic call ssr-rewrite?-noop-regression-linear ran for 0. secs (0.u,0.s) (success)
Tactic call abstract-regression-quadratic ran for 0.031 secs (0.031u,0.s) (success)
Tactic call close-abstract-regression-quadratic ran for 0.016 secs (0.016u,0.s)
Params: n= 31
Tactic call ssr-rewrite!-regression-quadratic ran for 0.015 secs (0.015u,0.s) (success)
Tactic call ssr-rewrite?-noop-regression-linear ran for 0. secs (0.u,0.s) (success)
Tactic call abstract-regression-quadratic ran for 0.033 secs (0.033u,0.s) (success)
Tactic call close-abstract-regression-quadratic ran for 0.017 secs (0.017u,0.s)
Params: n= 32
Tactic call ssr-rewrite!-regression-quadratic ran for 0.014 secs (0.014u,0.s) (success)
Tactic call ssr-rewrite?-noop-regression-linear ran for 0. secs (0.u,0.s) (success)
Tactic call abstract-regression-quadratic ran for 0.035 secs (0.035u,0.s) (success)
Tactic call close-abstract-regression-quadratic ran for 0.02 secs (0.02u,0.s)
Params: n= 33
Tactic call ssr-rewrite!-regression-quadratic ran for 0.014 secs (0.014u,0.s) (success)
Tactic call ssr-rewrite?-noop-regression-linear ran for 0. secs (0.u,0.s) (success)
Tactic call abstract-regression-quadratic ran for 0.037 secs (0.034u,0.003s) (success)
Tactic call close-abstract-regression-quadratic ran for 0.022 secs (0.018u,0.003s)
Params: n= 34
Tactic call ssr-rewrite!-regression-quadratic ran for 0.017 secs (0.017u,0.s) (success)
Tactic call ssr-rewrite?-noop-regression-linear ran for 0. secs (0.u,0.s) (success)
Tactic call abstract-regression-quadratic ran for 0.039 secs (0.039u,0.s) (success)
Tactic call close-abstract-regression-quadratic ran for 0.021 secs (0.021u,0.s)
Params: n= 35
Tactic call ssr-rewrite!-regression-quadratic ran for 0.016 secs (0.016u,0.s) (success)
Tactic call ssr-rewrite?-noop-regression-linear ran for 0. secs (0.u,0.s) (success)
Tactic call abstract-regression-quadratic ran for 0.044 secs (0.044u,0.s) (success)
Tactic call close-abstract-regression-quadratic ran for 0.027 secs (0.027u,0.s)
Params: n= 36
Tactic call ssr-rewrite!-regression-quadratic ran for 0.018 secs (0.018u,0.s) (success)
Tactic call ssr-rewrite?-noop-regression-linear ran for 0. secs (0.u,0.s) (success)
Tactic call abstract-regression-quadratic ran for 0.046 secs (0.046u,0.s) (success)
Tactic call close-abstract-regression-quadratic ran for 0.027 secs (0.027u,0.s)
Params: n= 37
Tactic call ssr-rewrite!-regression-quadratic ran for 0.018 secs (0.018u,0.s) (success)
Tactic call ssr-rewrite?-noop-regression-linear ran for 0. secs (0.u,0.s) (success)
Tactic call abstract-regression-quadratic ran for 0.046 secs (0.046u,0.s) (success)
Tactic call close-abstract-regression-quadratic ran for 0.027 secs (0.027u,0.s)
Params: n= 38
Tactic call ssr-rewrite!-regression-quadratic ran for 0.018 secs (0.018u,0.s) (success)
Tactic call ssr-rewrite?-noop-regression-linear ran for 0. secs (0.u,0.s) (success)
Tactic call abstract-regression-quadratic ran for 0.045 secs (0.045u,0.s) (success)
Tactic call close-abstract-regression-quadratic ran for 0.025 secs (0.025u,0.s)
Params: n= 39
Tactic call ssr-rewrite!-regression-quadratic ran for 0.019 secs (0.019u,0.s) (success)
Tactic call ssr-rewrite?-noop-regression-linear ran for 0. secs (0.u,0.s) (success)
Tactic call abstract-regression-quadratic ran for 0.047 secs (0.047u,0.s) (success)
Tactic call close-abstract-regression-quadratic ran for 0.027 secs (0.027u,0.s)
Params: n= 40
Tactic call ssr-rewrite!-regression-quadratic ran for 0.026 secs (0.026u,0.s) (success)
Tactic call ssr-rewrite?-noop-regression-linear ran for 0. secs (0.u,0.s) (success)
Tactic call abstract-regression-quadratic ran for 0.057 secs (0.057u,0.s) (success)
Tactic call close-abstract-regression-quadratic ran for 0.029 secs (0.029u,0.s)
Params: n= 41
Tactic call ssr-rewrite!-regression-quadratic ran for 0.021 secs (0.021u,0.s) (success)
Tactic call ssr-rewrite?-noop-regression-linear ran for 0. secs (0.u,0.s) (success)
Tactic call abstract-regression-quadratic ran for 0.052 secs (0.052u,0.s) (success)
Tactic call close-abstract-regression-quadratic ran for 0.03 secs (0.03u,0.s)
Params: n= 42
Tactic call ssr-rewrite!-regression-quadratic ran for 0.023 secs (0.023u,0.s) (success)
Tactic call ssr-rewrite?-noop-regression-linear ran for 0. secs (0.u,0.s) (success)
Tactic call abstract-regression-quadratic ran for 0.062 secs (0.062u,0.s) (success)
Tactic call close-abstract-regression-quadratic ran for 0.038 secs (0.038u,0.s)
Params: n= 43
Tactic call ssr-rewrite!-regression-quadratic ran for 0.024 secs (0.024u,0.s) (success)
Tactic call ssr-rewrite?-noop-regression-linear ran for 0. secs (0.u,0.s) (success)
Tactic call abstract-regression-quadratic ran for 0.061 secs (0.061u,0.s) (success)
Tactic call close-abstract-regression-quadratic ran for 0.035 secs (0.035u,0.s)
Params: n= 44
Tactic call ssr-rewrite!-regression-quadratic ran for 0.023 secs (0.023u,0.s) (success)
Tactic call ssr-rewrite?-noop-regression-linear ran for 0. secs (0.u,0.s) (success)
Tactic call abstract-regression-quadratic ran for 0.064 secs (0.064u,0.s) (success)
Tactic call close-abstract-regression-quadratic ran for 0.037 secs (0.037u,0.s)
Params: n= 45
Tactic call ssr-rewrite!-regression-quadratic ran for 0.028 secs (0.028u,0.s) (success)
Tactic call ssr-rewrite?-noop-regression-linear ran for 0. secs (0.u,0.s) (success)
Tactic call abstract-regression-quadratic ran for 0.071 secs (0.071u,0.s) (success)
Tactic call close-abstract-regression-quadratic ran for 0.042 secs (0.042u,0.s)
Params: n= 46
Tactic call ssr-rewrite!-regression-quadratic ran for 0.026 secs (0.026u,0.s) (success)
Tactic call ssr-rewrite?-noop-regression-linear ran for 0. secs (0.u,0.s) (success)
Tactic call abstract-regression-quadratic ran for 0.065 secs (0.065u,0.s) (success)
Tactic call close-abstract-regression-quadratic ran for 0.038 secs (0.038u,0.s)
Params: n= 47
Tactic call ssr-rewrite!-regression-quadratic ran for 0.03 secs (0.03u,0.s) (success)
Tactic call ssr-rewrite?-noop-regression-linear ran for 0. secs (0.u,0.s) (success)
Tactic call abstract-regression-quadratic ran for 0.075 secs (0.075u,0.s) (success)
Tactic call close-abstract-regression-quadratic ran for 0.044 secs (0.044u,0.s)
Params: n= 48
Tactic call ssr-rewrite!-regression-quadratic ran for 0.029 secs (0.029u,0.s) (success)
Tactic call ssr-rewrite?-noop-regression-linear ran for 0. secs (0.u,0.s) (success)
Tactic call abstract-regression-quadratic ran for 0.073 secs (0.073u,0.s) (success)
Tactic call close-abstract-regression-quadratic ran for 0.043 secs (0.043u,0.s)
Params: n= 49
Tactic call ssr-rewrite!-regression-quadratic ran for 0.035 secs (0.035u,0.s) (success)
Tactic call ssr-rewrite?-noop-regression-linear ran for 0. secs (0.u,0.s) (success)
Tactic call abstract-regression-quadratic ran for 0.084 secs (0.084u,0.s) (success)
Tactic call close-abstract-regression-quadratic ran for 0.047 secs (0.047u,0.s)
Params: n= 51
Tactic call ssr-rewrite!-regression-quadratic ran for 0.033 secs (0.033u,0.s) (success)
Tactic call ssr-rewrite?-noop-regression-linear ran for 0. secs (0.u,0.s) (success)
Tactic call abstract-regression-quadratic ran for 0.094 secs (0.094u,0.s) (success)
Tactic call close-abstract-regression-quadratic ran for 0.06 secs (0.06u,0.s)
Params: n= 52
Tactic call ssr-rewrite!-regression-quadratic ran for 0.039 secs (0.039u,0.s) (success)
Tactic call ssr-rewrite?-noop-regression-linear ran for 0. secs (0.u,0.s) (success)
Tactic call abstract-regression-quadratic ran for 0.092 secs (0.092u,0.s) (success)
Tactic call close-abstract-regression-quadratic ran for 0.051 secs (0.051u,0.s)
Params: n= 53
Tactic call ssr-rewrite!-regression-quadratic ran for 0.036 secs (0.036u,0.s) (success)
Tactic call ssr-rewrite?-noop-regression-linear ran for 0. secs (0.u,0.s) (success)
Tactic call abstract-regression-quadratic ran for 0.087 secs (0.087u,0.s) (success)
Tactic call close-abstract-regression-quadratic ran for 0.05 secs (0.05u,0.s)
Params: n= 54
Tactic call ssr-rewrite!-regression-quadratic ran for 0.035 secs (0.035u,0.s) (success)
Tactic call ssr-rewrite?-noop-regression-linear ran for 0. secs (0.u,0.s) (success)
Tactic call abstract-regression-quadratic ran for 0.093 secs (0.093u,0.s) (success)
Tactic call close-abstract-regression-quadratic ran for 0.056 secs (0.056u,0.s)
Params: n= 55
Tactic call ssr-rewrite!-regression-quadratic ran for 0.037 secs (0.037u,0.s) (success)
Tactic call ssr-rewrite?-noop-regression-linear ran for 0. secs (0.u,0.s) (success)
Tactic call abstract-regression-quadratic ran for 0.099 secs (0.099u,0.s) (success)
Tactic call close-abstract-regression-quadratic ran for 0.061 secs (0.061u,0.s)
Params: n= 56
Tactic call ssr-rewrite!-regression-quadratic ran for 0.036 secs (0.036u,0.s) (success)
Tactic call ssr-rewrite?-noop-regression-linear ran for 0. secs (0.u,0.s) (success)
Tactic call abstract-regression-quadratic ran for 0.098 secs (0.098u,0.s) (success)
Tactic call close-abstract-regression-quadratic ran for 0.061 secs (0.061u,0.s)
Params: n= 57
Tactic call ssr-rewrite!-regression-quadratic ran for 0.044 secs (0.044u,0.s) (success)
Tactic call ssr-rewrite?-noop-regression-linear ran for 0. secs (0.u,0.s) (success)
Tactic call abstract-regression-quadratic ran for 0.103 secs (0.103u,0.s) (success)
Tactic call close-abstract-regression-quadratic ran for 0.057 secs (0.057u,0.s)
Params: n= 58
Tactic call ssr-rewrite!-regression-quadratic ran for 0.044 secs (0.044u,0.s) (success)
Tactic call ssr-rewrite?-noop-regression-linear ran for 0. secs (0.u,0.s) (success)
Tactic call abstract-regression-quadratic ran for 0.109 secs (0.109u,0.s) (success)
Tactic call close-abstract-regression-quadratic ran for 0.063 secs (0.063u,0.s)
Params: n= 59
Tactic call ssr-rewrite!-regression-quadratic ran for 0.043 secs (0.043u,0.s) (success)
Tactic call ssr-rewrite?-noop-regression-linear ran for 0. secs (0.u,0.s) (success)
Tactic call abstract-regression-quadratic ran for 0.118 secs (0.118u,0.s) (success)
Tactic call close-abstract-regression-quadratic ran for 0.073 secs (0.073u,0.s)
Params: n= 60
Tactic call ssr-rewrite!-regression-quadratic ran for 0.046 secs (0.046u,0.s) (success)
Tactic call ssr-rewrite?-noop-regression-linear ran for 0. secs (0.u,0.s) (success)
Tactic call abstract-regression-quadratic ran for 0.107 secs (0.107u,0.s) (success)
Tactic call close-abstract-regression-quadratic ran for 0.06 secs (0.06u,0.s)
Params: n= 61
Tactic call ssr-rewrite!-regression-quadratic ran for 0.051 secs (0.051u,0.s) (success)
Tactic call ssr-rewrite?-noop-regression-linear ran for 0. secs (0.u,0.s) (success)
Tactic call abstract-regression-quadratic ran for 0.122 secs (0.122u,0.s) (success)
Tactic call close-abstract-regression-quadratic ran for 0.068 secs (0.068u,0.s)
Params: n= 62
Tactic call ssr-rewrite!-regression-quadratic ran for 0.047 secs (0.047u,0.s) (success)
Tactic call ssr-rewrite?-noop-regression-linear ran for 0. secs (0.u,0.s) (success)
Tactic call abstract-regression-quadratic ran for 0.124 secs (0.124u,0.s) (success)
Tactic call close-abstract-regression-quadratic ran for 0.075 secs (0.075u,0.s)
Params: n= 63
Tactic call ssr-rewrite!-regression-quadratic ran for 0.048 secs (0.048u,0.s) (success)
Tactic call ssr-rewrite?-noop-regression-linear ran for 0. secs (0.u,0.s) (success)
Tactic call abstract-regression-quadratic ran for 0.131 secs (0.131u,0.s) (success)
Tactic call close-abstract-regression-quadratic ran for 0.081 secs (0.081u,0.s)
Params: n= 64
Tactic call ssr-rewrite!-regression-quadratic ran for 0.048 secs (0.048u,0.s) (success)
Tactic call ssr-rewrite?-noop-regression-linear ran for 0. secs (0.u,0.s) (success)
Tactic call abstract-regression-quadratic ran for 0.129 secs (0.129u,0.s) (success)
Tactic call close-abstract-regression-quadratic ran for 0.079 secs (0.079u,0.s)
Params: n= 65
Tactic call ssr-rewrite!-regression-quadratic ran for 0.059 secs (0.059u,0.s) (success)
Tactic call ssr-rewrite?-noop-regression-linear ran for 0. secs (0.u,0.s) (success)
Tactic call abstract-regression-quadratic ran for 0.142 secs (0.142u,0.s) (success)
Tactic call close-abstract-regression-quadratic ran for 0.082 secs (0.082u,0.s)
Params: n= 66
Tactic call ssr-rewrite!-regression-quadratic ran for 0.054 secs (0.054u,0.s) (success)
Tactic call ssr-rewrite?-noop-regression-linear ran for 0. secs (0.u,0.s) (success)
Tactic call abstract-regression-quadratic ran for 0.139 secs (0.139u,0.s) (success)
Tactic call close-abstract-regression-quadratic ran for 0.083 secs (0.083u,0.s)
Params: n= 67
Tactic call ssr-rewrite!-regression-quadratic ran for 0.055 secs (0.055u,0.s) (success)
Tactic call ssr-rewrite?-noop-regression-linear ran for 0. secs (0.u,0.s) (success)
Tactic call abstract-regression-quadratic ran for 0.143 secs (0.143u,0.s) (success)
Tactic call close-abstract-regression-quadratic ran for 0.087 secs (0.087u,0.s)
Params: n= 68
Tactic call ssr-rewrite!-regression-quadratic ran for 0.061 secs (0.061u,0.s) (success)
Tactic call ssr-rewrite?-noop-regression-linear ran for 0. secs (0.u,0.s) (success)
Tactic call abstract-regression-quadratic ran for 0.151 secs (0.151u,0.s) (success)
Tactic call close-abstract-regression-quadratic ran for 0.089 secs (0.089u,0.s)
Params: n= 69
Tactic call ssr-rewrite!-regression-quadratic ran for 0.064 secs (0.06u,0.003s) (success)
Tactic call ssr-rewrite?-noop-regression-linear ran for 0. secs (0.u,0.s) (success)
Tactic call abstract-regression-quadratic ran for 0.151 secs (0.147u,0.003s) (success)
Tactic call close-abstract-regression-quadratic ran for 0.085 secs (0.085u,0.s)
Params: n= 70
Tactic call ssr-rewrite!-regression-quadratic ran for 0.058 secs (0.058u,0.s) (success)
Tactic call ssr-rewrite?-noop-regression-linear ran for 0. secs (0.u,0.s) (success)
Tactic call abstract-regression-quadratic ran for 0.157 secs (0.157u,0.s) (success)
Tactic call close-abstract-regression-quadratic ran for 0.088 secs (0.088u,0.s)
Params: n= 71
Tactic call ssr-rewrite!-regression-quadratic ran for 0.075 secs (0.075u,0.s) (success)
Tactic call ssr-rewrite?-noop-regression-linear ran for 0. secs (0.u,0.s) (success)
Tactic call abstract-regression-quadratic ran for 0.168 secs (0.168u,0.s) (success)
Tactic call close-abstract-regression-quadratic ran for 0.091 secs (0.091u,0.s)
Params: n= 72
Tactic call ssr-rewrite!-regression-quadratic ran for 0.069 secs (0.069u,0.s) (success)
Tactic call ssr-rewrite?-noop-regression-linear ran for 0. secs (0.u,0.s) (success)
Tactic call abstract-regression-quadratic ran for 0.166 secs (0.166u,0.s) (success)
Tactic call close-abstract-regression-quadratic ran for 0.095 secs (0.095u,0.s)
Params: n= 73
Tactic call ssr-rewrite!-regression-quadratic ran for 0.07 secs (0.07u,0.s) (success)
Tactic call ssr-rewrite?-noop-regression-linear ran for 0. secs (0.u,0.s) (success)
Tactic call abstract-regression-quadratic ran for 0.171 secs (0.171u,0.s) (success)
Tactic call close-abstract-regression-quadratic ran for 0.099 secs (0.099u,0.s)
Params: n= 74
Tactic call ssr-rewrite!-regression-quadratic ran for 0.071 secs (0.071u,0.s) (success)
Tactic call ssr-rewrite?-noop-regression-linear ran for 0. secs (0.u,0.s) (success)
Tactic call abstract-regression-quadratic ran for 0.179 secs (0.179u,0.s) (success)
Tactic call close-abstract-regression-quadratic ran for 0.106 secs (0.106u,0.s)
Params: n= 75
Tactic call ssr-rewrite!-regression-quadratic ran for 0.079 secs (0.078u,0.s) (success)
Tactic call ssr-rewrite?-noop-regression-linear ran for 0. secs (0.u,0.s) (success)
Tactic call abstract-regression-quadratic ran for 0.188 secs (0.188u,0.s) (success)
Tactic call close-abstract-regression-quadratic ran for 0.107 secs (0.107u,0.s)
Params: n= 76
Tactic call ssr-rewrite!-regression-quadratic ran for 0.074 secs (0.074u,0.s) (success)
Tactic call ssr-rewrite?-noop-regression-linear ran for 0. secs (0.u,0.s) (success)
Tactic call abstract-regression-quadratic ran for 0.192 secs (0.192u,0.s) (success)
Tactic call close-abstract-regression-quadratic ran for 0.117 secs (0.117u,0.s)
Params: n= 77
Tactic call ssr-rewrite!-regression-quadratic ran for 0.08 secs (0.08u,0.s) (success)
Tactic call ssr-rewrite?-noop-regression-linear ran for 0. secs (0.u,0.s) (success)
Tactic call abstract-regression-quadratic ran for 0.201 secs (0.201u,0.s) (success)
Tactic call close-abstract-regression-quadratic ran for 0.12 secs (0.12u,0.s)
Params: n= 78
Tactic call ssr-rewrite!-regression-quadratic ran for 0.08 secs (0.08u,0.s) (success)
Tactic call ssr-rewrite?-noop-regression-linear ran for 0. secs (0.u,0.s) (success)
Tactic call abstract-regression-quadratic ran for 0.184 secs (0.184u,0.s) (success)
Tactic call close-abstract-regression-quadratic ran for 0.103 secs (0.103u,0.s)
Params: n= 79
Tactic call ssr-rewrite!-regression-quadratic ran for 0.081 secs (0.081u,0.s) (success)
Tactic call ssr-rewrite?-noop-regression-linear ran for 0. secs (0.u,0.s) (success)
Tactic call abstract-regression-quadratic ran for 0.187 secs (0.187u,0.s) (success)
Tactic call close-abstract-regression-quadratic ran for 0.104 secs (0.104u,0.s)
Params: n= 80
Tactic call ssr-rewrite!-regression-quadratic ran for 0.079 secs (0.079u,0.s) (success)
Tactic call ssr-rewrite?-noop-regression-linear ran for 0. secs (0.u,0.s) (success)
Tactic call abstract-regression-quadratic ran for 0.192 secs (0.192u,0.s) (success)
Tactic call close-abstract-regression-quadratic ran for 0.111 secs (0.111u,0.s)
Params: n= 81
Tactic call ssr-rewrite!-regression-quadratic ran for 0.085 secs (0.085u,0.s) (success)
Tactic call ssr-rewrite?-noop-regression-linear ran for 0. secs (0.u,0.s) (success)
Tactic call abstract-regression-quadratic ran for 0.202 secs (0.202u,0.s) (success)
Tactic call close-abstract-regression-quadratic ran for 0.115 secs (0.115u,0.s)
Params: n= 82
Tactic call ssr-rewrite!-regression-quadratic ran for 0.08 secs (0.08u,0.s) (success)
Tactic call ssr-rewrite?-noop-regression-linear ran for 0. secs (0.u,0.s) (success)
Tactic call abstract-regression-quadratic ran for 0.196 secs (0.196u,0.s) (success)
Tactic call close-abstract-regression-quadratic ran for 0.114 secs (0.114u,0.s)
Params: n= 83
Tactic call ssr-rewrite!-regression-quadratic ran for 0.091 secs (0.091u,0.s) (success)
Tactic call ssr-rewrite?-noop-regression-linear ran for 0. secs (0.u,0.s) (success)
Tactic call abstract-regression-quadratic ran for 0.206 secs (0.206u,0.s) (success)
Tactic call close-abstract-regression-quadratic ran for 0.113 secs (0.113u,0.s)
Params: n= 84
Tactic call ssr-rewrite!-regression-quadratic ran for 0.091 secs (0.091u,0.s) (success)
Tactic call ssr-rewrite?-noop-regression-linear ran for 0. secs (0.u,0.s) (success)
Tactic call abstract-regression-quadratic ran for 0.213 secs (0.213u,0.s) (success)
Tactic call close-abstract-regression-quadratic ran for 0.121 secs (0.121u,0.s)
Params: n= 85
Tactic call ssr-rewrite!-regression-quadratic ran for 0.082 secs (0.082u,0.s) (success)
Tactic call ssr-rewrite?-noop-regression-linear ran for 0. secs (0.u,0.s) (success)
Tactic call abstract-regression-quadratic ran for 0.209 secs (0.209u,0.s) (success)
Tactic call close-abstract-regression-quadratic ran for 0.125 secs (0.125u,0.s)
Params: n= 86
Tactic call ssr-rewrite!-regression-quadratic ran for 0.098 secs (0.098u,0.s) (success)
Tactic call ssr-rewrite?-noop-regression-linear ran for 0. secs (0.u,0.s) (success)
Tactic call abstract-regression-quadratic ran for 0.231 secs (0.231u,0.s) (success)
Tactic call close-abstract-regression-quadratic ran for 0.132 secs (0.132u,0.s)
Params: n= 87
Tactic call ssr-rewrite!-regression-quadratic ran for 0.091 secs (0.091u,0.s) (success)
Tactic call ssr-rewrite?-noop-regression-linear ran for 0. secs (0.u,0.s) (success)
Tactic call abstract-regression-quadratic ran for 0.22 secs (0.22u,0.s) (success)
Tactic call close-abstract-regression-quadratic ran for 0.127 secs (0.127u,0.s)
Params: n= 88
Tactic call ssr-rewrite!-regression-quadratic ran for 0.097 secs (0.097u,0.s) (success)
Tactic call ssr-rewrite?-noop-regression-linear ran for 0. secs (0.u,0.s) (success)
Tactic call abstract-regression-quadratic ran for 0.235 secs (0.235u,0.s) (success)
Tactic call close-abstract-regression-quadratic ran for 0.136 secs (0.136u,0.s)
Params: n= 89
Tactic call ssr-rewrite!-regression-quadratic ran for 0.097 secs (0.093u,0.003s) (success)
Tactic call ssr-rewrite?-noop-regression-linear ran for 0. secs (0.u,0.s) (success)
Tactic call abstract-regression-quadratic ran for 0.226 secs (0.222u,0.003s) (success)
Tactic call close-abstract-regression-quadratic ran for 0.128 secs (0.128u,0.s)
Params: n= 90
Tactic call ssr-rewrite!-regression-quadratic ran for 0.101 secs (0.101u,0.s) (success)
Tactic call ssr-rewrite?-noop-regression-linear ran for 0. secs (0.u,0.s) (success)
Tactic call abstract-regression-quadratic ran for 0.246 secs (0.246u,0.s) (success)
Tactic call close-abstract-regression-quadratic ran for 0.144 secs (0.144u,0.s)
Params: n= 91
Tactic call ssr-rewrite!-regression-quadratic ran for 0.111 secs (0.111u,0.s) (success)
Tactic call ssr-rewrite?-noop-regression-linear ran for 0. secs (0.u,0.s) (success)
Tactic call abstract-regression-quadratic ran for 0.266 secs (0.265u,0.s) (success)
Tactic call close-abstract-regression-quadratic ran for 0.152 secs (0.152u,0.s)
Params: n= 92
Tactic call ssr-rewrite!-regression-quadratic ran for 0.114 secs (0.114u,0.s) (success)
Tactic call ssr-rewrite?-noop-regression-linear ran for 0. secs (0.u,0.s) (success)
Tactic call abstract-regression-quadratic ran for 0.277 secs (0.272u,0.003s) (success)
Tactic call close-abstract-regression-quadratic ran for 0.161 secs (0.157u,0.003s)
Params: n= 93
Tactic call ssr-rewrite!-regression-quadratic ran for 0.115 secs (0.115u,0.s) (success)
Tactic call ssr-rewrite?-noop-regression-linear ran for 0. secs (0.u,0.s) (success)
Tactic call abstract-regression-quadratic ran for 0.275 secs (0.275u,0.s) (success)
Tactic call close-abstract-regression-quadratic ran for 0.158 secs (0.158u,0.s)
Params: n= 94
Tactic call ssr-rewrite!-regression-quadratic ran for 0.103 secs (0.103u,0.s) (success)
Tactic call ssr-rewrite?-noop-regression-linear ran for 0. secs (0.u,0.s) (success)
Tactic call abstract-regression-quadratic ran for 0.277 secs (0.277u,0.s) (success)
Tactic call close-abstract-regression-quadratic ran for 0.171 secs (0.171u,0.s)
Params: n= 95
Tactic call ssr-rewrite!-regression-quadratic ran for 0.11 secs (0.11u,0.s) (success)
Tactic call ssr-rewrite?-noop-regression-linear ran for 0. secs (0.u,0.s) (success)
Tactic call abstract-regression-quadratic ran for 0.278 secs (0.274u,0.004s) (success)
Tactic call close-abstract-regression-quadratic ran for 0.158 secs (0.158u,0.s)
Params: n= 96
Tactic call ssr-rewrite!-regression-quadratic ran for 0.112 secs (0.112u,0.s) (success)
Tactic call ssr-rewrite?-noop-regression-linear ran for 0. secs (0.u,0.s) (success)
Tactic call abstract-regression-quadratic ran for 0.299 secs (0.299u,0.s) (success)
Tactic call close-abstract-regression-quadratic ran for 0.185 secs (0.184u,0.s)
Params: n= 97
Tactic call ssr-rewrite!-regression-quadratic ran for 0.115 secs (0.115u,0.s) (success)
Tactic call ssr-rewrite?-noop-regression-linear ran for 0. secs (0.u,0.s) (success)
Tactic call abstract-regression-quadratic ran for 0.298 secs (0.298u,0.s) (success)
Tactic call close-abstract-regression-quadratic ran for 0.181 secs (0.181u,0.s)
Params: n= 98
Tactic call ssr-rewrite!-regression-quadratic ran for 0.129 secs (0.127u,0.001s) (success)
Tactic call ssr-rewrite?-noop-regression-linear ran for 0. secs (0.u,0.s) (success)
Tactic call abstract-regression-quadratic ran for 0.303 secs (0.3u,0.002s) (success)
Tactic call close-abstract-regression-quadratic ran for 0.172 secs (0.172u,0.s)
Params: n= 99
Tactic call ssr-rewrite!-regression-quadratic ran for 0.116 secs (0.116u,0.s) (success)
Tactic call ssr-rewrite?-noop-regression-linear ran for 0. secs (0.u,0.s) (success)
Tactic call abstract-regression-quadratic ran for 0.309 secs (0.308u,0.s) (success)
Tactic call close-abstract-regression-quadratic ran for 0.19 secs (0.19u,0.s)
Params: n= 110
Tactic call ssr-rewrite!-regression-quadratic ran for 0.144 secs (0.144u,0.s) (success)
Tactic call ssr-rewrite?-noop-regression-linear ran for 0. secs (0.u,0.s) (success)
Tactic call abstract-regression-quadratic ran for 0.368 secs (0.368u,0.s) (success)
Tactic call close-abstract-regression-quadratic ran for 0.222 secs (0.222u,0.s)
Params: n= 120
Tactic call ssr-rewrite!-regression-quadratic ran for 0.173 secs (0.173u,0.s) (success)
Tactic call ssr-rewrite?-noop-regression-linear ran for 0. secs (0.u,0.s) (success)
Tactic call abstract-regression-quadratic ran for 0.408 secs (0.408u,0.s) (success)
Tactic call close-abstract-regression-quadratic ran for 0.233 secs (0.233u,0.s)
Params: n= 130
Tactic call ssr-rewrite!-regression-quadratic ran for 0.207 secs (0.207u,0.s) (success)
Tactic call ssr-rewrite?-noop-regression-linear ran for 0. secs (0.u,0.s) (success)
Tactic call abstract-regression-quadratic ran for 0.481 secs (0.481u,0.s) (success)
Tactic call close-abstract-regression-quadratic ran for 0.272 secs (0.272u,0.s)
Params: n= 140
Tactic call ssr-rewrite!-regression-quadratic ran for 0.238 secs (0.238u,0.s) (success)
Tactic call ssr-rewrite?-noop-regression-linear ran for 0. secs (0.u,0.s) (success)
Tactic call abstract-regression-quadratic ran for 0.572 secs (0.568u,0.003s) (success)
Tactic call close-abstract-regression-quadratic ran for 0.332 secs (0.328u,0.003s)
Params: n= 160
Tactic call ssr-rewrite!-regression-quadratic ran for 0.31 secs (0.309u,0.s) (success)
Tactic call ssr-rewrite?-noop-regression-linear ran for 0. secs (0.u,0.s) (success)
Tactic call abstract-regression-quadratic ran for 0.739 secs (0.739u,0.s) (success)
Tactic call close-abstract-regression-quadratic ran for 0.427 secs (0.427u,0.s)
Params: n= 170
Tactic call ssr-rewrite!-regression-quadratic ran for 0.339 secs (0.339u,0.s) (success)
Tactic call ssr-rewrite?-noop-regression-linear ran for 0. secs (0.u,0.s) (success)
Tactic call abstract-regression-quadratic ran for 0.825 secs (0.825u,0.s) (success)
Tactic call close-abstract-regression-quadratic ran for 0.483 secs (0.483u,0.s)
Params: n= 180
Tactic call ssr-rewrite!-regression-quadratic ran for 0.402 secs (0.402u,0.s) (success)
Tactic call ssr-rewrite?-noop-regression-linear ran for 0. secs (0.u,0.s) (success)
Tactic call abstract-regression-quadratic ran for 0.97 secs (0.97u,0.s) (success)
Tactic call close-abstract-regression-quadratic ran for 0.566 secs (0.566u,0.s)
Params: n= 190
Tactic call ssr-rewrite!-regression-quadratic ran for 0.447 secs (0.447u,0.s) (success)
Tactic call ssr-rewrite?-noop-regression-linear ran for 0. secs (0.u,0.s) (success)
Tactic call abstract-regression-quadratic ran for 1.063 secs (1.063u,0.s) (success)
Tactic call close-abstract-regression-quadratic ran for 0.614 secs (0.614u,0.s)
Params: n= 210
Tactic call ssr-rewrite!-regression-quadratic ran for 0.529 secs (0.524u,0.003s) (success)
Tactic call ssr-rewrite?-noop-regression-linear ran for 0. secs (0.u,0.s) (success)
Tactic call abstract-regression-quadratic ran for 1.253 secs (1.249u,0.003s) (success)
Tactic call close-abstract-regression-quadratic ran for 0.722 secs (0.722u,0.s)
Params: n= 220
Tactic call ssr-rewrite!-regression-quadratic ran for 0.591 secs (0.587u,0.004s) (success)
Tactic call ssr-rewrite?-noop-regression-linear ran for 0. secs (0.u,0.s) (success)
Tactic call abstract-regression-quadratic ran for 1.375 secs (1.371u,0.004s) (success)
Tactic call close-abstract-regression-quadratic ran for 0.781 secs (0.781u,0.s)
Params: n= 230
Tactic call ssr-rewrite!-regression-quadratic ran for 0.626 secs (0.626u,0.s) (success)
Tactic call ssr-rewrite?-noop-regression-linear ran for 0. secs (0.u,0.s) (success)
Tactic call abstract-regression-quadratic ran for 1.505 secs (1.505u,0.s) (success)
Tactic call close-abstract-regression-quadratic ran for 0.876 secs (0.876u,0.s)
Params: n= 240
Tactic call ssr-rewrite!-regression-quadratic ran for 0.719 secs (0.719u,0.s) (success)
Tactic call ssr-rewrite?-noop-regression-linear ran for 0. secs (0.u,0.s) (success)
Tactic call abstract-regression-quadratic ran for 1.691 secs (1.691u,0.s) (success)
Tactic call close-abstract-regression-quadratic ran for 0.97 secs (0.97u,0.s)
Params: n= 260
Tactic call ssr-rewrite!-regression-quadratic ran for 0.806 secs (0.806u,0.s) (success)
Tactic call ssr-rewrite?-noop-regression-linear ran for 0. secs (0.u,0.s) (success)
Tactic call abstract-regression-quadratic ran for 1.884 secs (1.884u,0.s) (success)
Tactic call close-abstract-regression-quadratic ran for 1.076 secs (1.076u,0.s)
Params: n= 270
Tactic call ssr-rewrite!-regression-quadratic ran for 0.863 secs (0.863u,0.s) (success)
Tactic call ssr-rewrite?-noop-regression-linear ran for 0. secs (0.u,0.s) (success)
Tactic call abstract-regression-quadratic ran for 2.11 secs (2.102u,0.007s) (success)
Tactic call close-abstract-regression-quadratic ran for 1.245 secs (1.236u,0.007s)
Params: n= 280
Tactic call ssr-rewrite!-regression-quadratic ran for 0.971 secs (0.971u,0.s) (success)
Tactic call ssr-rewrite?-noop-regression-linear ran for 0. secs (0.u,0.s) (success)
Tactic call abstract-regression-quadratic ran for 2.28 secs (2.28u,0.s) (success)
Tactic call close-abstract-regression-quadratic ran for 1.306 secs (1.306u,0.s)
Params: n= 290
Tactic call ssr-rewrite!-regression-quadratic ran for 1.009 secs (1.005u,0.003s) (success)
Tactic call ssr-rewrite?-noop-regression-linear ran for 0. secs (0.u,0.s) (success)
Tactic call abstract-regression-quadratic ran for 2.332 secs (2.324u,0.008s) (success)
Tactic call close-abstract-regression-quadratic ran for 1.321 secs (1.317u,0.003s)
Params: n= 310
Tactic call ssr-rewrite!-regression-quadratic ran for 1.131 secs (1.131u,0.s) (success)
Tactic call ssr-rewrite?-noop-regression-linear ran for 0. secs (0.u,0.s) (success)
Tactic call abstract-regression-quadratic ran for 2.782 secs (2.782u,0.s) (success)
Tactic call close-abstract-regression-quadratic ran for 1.649 secs (1.649u,0.s)
Params: n= 320
Tactic call ssr-rewrite!-regression-quadratic ran for 1.276 secs (1.276u,0.s) (success)
Tactic call ssr-rewrite?-noop-regression-linear ran for 0. secs (0.u,0.s) (success)
Tactic call abstract-regression-quadratic ran for 2.954 secs (2.95u,0.003s) (success)
Tactic call close-abstract-regression-quadratic ran for 1.675 secs (1.671u,0.003s)
Params: n= 330
Tactic call ssr-rewrite!-regression-quadratic ran for 1.273 secs (1.272u,0.s) (success)
Tactic call ssr-rewrite?-noop-regression-linear ran for 0. secs (0.u,0.s) (success)
Tactic call abstract-regression-quadratic ran for 3.124 secs (3.115u,0.008s) (success)
Tactic call close-abstract-regression-quadratic ran for 1.849 secs (1.841u,0.008s)
Params: n= 340
Tactic call ssr-rewrite!-regression-quadratic ran for 1.443 secs (1.443u,0.s) (success)
Tactic call ssr-rewrite?-noop-regression-linear ran for 0. secs (0.u,0.s) (success)
Tactic call abstract-regression-quadratic ran for 3.346 secs (3.33u,0.016s) (success)
Tactic call close-abstract-regression-quadratic ran for 1.9 secs (1.884u,0.016s)
Params: n= 360
Tactic call ssr-rewrite!-regression-quadratic ran for 1.549 secs (1.525u,0.024s) (success)
Tactic call ssr-rewrite?-noop-regression-linear ran for 0. secs (0.u,0.s) (success)
Tactic call abstract-regression-quadratic ran for 3.609 secs (3.585u,0.024s) (success)
Tactic call close-abstract-regression-quadratic ran for 2.058 secs (2.058u,0.s)
Params: n= 370
Tactic call ssr-rewrite!-regression-quadratic ran for 1.673 secs (1.673u,0.s) (success)
Tactic call ssr-rewrite?-noop-regression-linear ran for 0. secs (0.u,0.s) (success)
Tactic call abstract-regression-quadratic ran for 3.847 secs (3.847u,0.s) (success)
Tactic call close-abstract-regression-quadratic ran for 2.171 secs (2.171u,0.s)
Params: n= 380
Tactic call ssr-rewrite!-regression-quadratic ran for 1.706 secs (1.705u,0.s) (success)
Tactic call ssr-rewrite?-noop-regression-linear ran for 0. secs (0.u,0.s) (success)
Tactic call abstract-regression-quadratic ran for 3.993 secs (3.993u,0.s) (success)
Tactic call close-abstract-regression-quadratic ran for 2.285 secs (2.285u,0.s)
Params: n= 390
Tactic call ssr-rewrite!-regression-quadratic ran for 1.847 secs (1.847u,0.s) (success)
Tactic call ssr-rewrite?-noop-regression-linear ran for 0. secs (0.u,0.s) (success)
Tactic call abstract-regression-quadratic ran for 4.224 secs (4.224u,0.s) (success)
Tactic call close-abstract-regression-quadratic ran for 2.373 secs (2.373u,0.s)
