Params: n= 3674
native_compute: Conversion to native code done in 0.00021
native_compute: Compilation done in 0.11286
native_compute: Evaluation done in 0.05272
native_compute: Reification done in 0.00269
Tactic call native_compute(1)-regression-quadratic ran for 0.168 secs (0.052u,0.008s) (success)
native_compute: Conversion to native code done in 0.00026
native_compute: Compilation done in 0.11039
native_compute: Evaluation done in 0.06819
native_compute: Reification done in 0.00270
Tactic call native_compute(2)-regression-quadratic ran for 0.181 secs (0.067u,0.007s) (success)
Params: n= 7346
native_compute: Conversion to native code done in 0.00025
native_compute: Compilation done in 0.11115
native_compute: Evaluation done in 0.13121
native_compute: Reification done in 0.00518
Tactic call native_compute(1)-regression-quadratic ran for 0.247 secs (0.132u,0.008s) (success)
native_compute: Conversion to native code done in 0.00026
native_compute: Compilation done in 0.11290
native_compute: Evaluation done in 0.14413
native_compute: Reification done in 0.00617
Tactic call native_compute(2)-regression-quadratic ran for 0.263 secs (0.147u,0.007s) (success)
Params: n= 11017
native_compute: Conversion to native code done in 0.00025
native_compute: Compilation done in 0.11261
native_compute: Evaluation done in 0.29019
native_compute: Reification done in 0.00928
Tactic call native_compute(1)-regression-quadratic ran for 0.412 secs (0.3u,0.004s) (success)
native_compute: Conversion to native code done in 0.00030
native_compute: Compilation done in 0.11036
native_compute: Evaluation done in 0.30075
native_compute: Reification done in 0.00963
Tactic call native_compute(2)-regression-quadratic ran for 0.421 secs (0.311u,0.003s) (success)
Params: n= 14689
native_compute: Conversion to native code done in 0.00025
native_compute: Compilation done in 0.11124
native_compute: Evaluation done in 0.53287
native_compute: Reification done in 0.01029
Tactic call native_compute(1)-regression-quadratic ran for 0.654 secs (0.543u,0.004s) (success)
native_compute: Conversion to native code done in 0.00027
native_compute: Compilation done in 0.11210
native_compute: Evaluation done in 0.54777
native_compute: Reification done in 0.01059
Tactic call native_compute(2)-regression-quadratic ran for 0.67 secs (0.554u,0.008s) (success)
Params: n= 18361
native_compute: Conversion to native code done in 0.00025
native_compute: Compilation done in 0.11267
native_compute: Evaluation done in 0.82447
native_compute: Reification done in 0.01328
Tactic call native_compute(1)-regression-quadratic ran for 0.95 secs (0.83u,0.011s) (success)
native_compute: Conversion to native code done in 0.00027
native_compute: Compilation done in 0.11242
native_compute: Evaluation done in 0.81333
native_compute: Reification done in 0.01330
Tactic call native_compute(2)-regression-quadratic ran for 0.939 secs (0.827u,0.003s) (success)
