Params: n= 11
Tactic call cbv-regression-quadratic ran for 0. secs (0.u,0.s) (success)
Params: n= 19
Tactic call cbv-regression-quadratic ran for 0.001 secs (0.u,0.s) (success)
Params: n= 28
Tactic call cbv-regression-quadratic ran for 0.001 secs (0.001u,0.s) (success)
Params: n= 36
Tactic call cbv-regression-quadratic ran for 0.001 secs (0.001u,0.s) (success)
Params: n= 45
Tactic call cbv-regression-quadratic ran for 0.002 secs (0.002u,0.s) (success)
Params: n= 53
Tactic call cbv-regression-quadratic ran for 0.003 secs (0.003u,0.s) (success)
Params: n= 62
Tactic call cbv-regression-quadratic ran for 0.004 secs (0.004u,0.s) (success)
Params: n= 71
Tactic call cbv-regression-quadratic ran for 0.004 secs (0.004u,0.s) (success)
Params: n= 79
Tactic call cbv-regression-quadratic ran for 0.007 secs (0.007u,0.s) (success)
Params: n= 88
Tactic call cbv-regression-quadratic ran for 0.007 secs (0.007u,0.s) (success)
Params: n= 96
Tactic call cbv-regression-quadratic ran for 0.007 secs (0.007u,0.s) (success)
Params: n= 105
Tactic call cbv-regression-quadratic ran for 0.008 secs (0.008u,0.s) (success)
Params: n= 113
Tactic call cbv-regression-quadratic ran for 0.056 secs (0.056u,0.s) (success)
Params: n= 122
Tactic call cbv-regression-quadratic ran for 0.01 secs (0.01u,0.s) (success)
Params: n= 130
Tactic call cbv-regression-quadratic ran for 0.011 secs (0.011u,0.s) (success)
Params: n= 139
Tactic call cbv-regression-quadratic ran for 0.013 secs (0.013u,0.s) (success)
Params: n= 148
Tactic call cbv-regression-quadratic ran for 0.015 secs (0.015u,0.s) (success)
Params: n= 156
Tactic call cbv-regression-quadratic ran for 0.016 secs (0.016u,0.s) (success)
Params: n= 165
Tactic call cbv-regression-quadratic ran for 0.017 secs (0.017u,0.s) (success)
Params: n= 173
Tactic call cbv-regression-quadratic ran for 0.02 secs (0.02u,0.s) (success)
Params: n= 182
Tactic call cbv-regression-quadratic ran for 0.02 secs (0.02u,0.s) (success)
Params: n= 190
Tactic call cbv-regression-quadratic ran for 0.022 secs (0.022u,0.s) (success)
Params: n= 199
Tactic call cbv-regression-quadratic ran for 0.024 secs (0.024u,0.s) (success)
Params: n= 208
Tactic call cbv-regression-quadratic ran for 0.026 secs (0.026u,0.s) (success)
Params: n= 216
Tactic call cbv-regression-quadratic ran for 0.027 secs (0.027u,0.s) (success)
Params: n= 225
Tactic call cbv-regression-quadratic ran for 0.029 secs (0.029u,0.s) (success)
Params: n= 233
Tactic call cbv-regression-quadratic ran for 0.031 secs (0.031u,0.s) (success)
Params: n= 242
Tactic call cbv-regression-quadratic ran for 0.034 secs (0.03u,0.003s) (success)
Params: n= 250
Tactic call cbv-regression-quadratic ran for 0.036 secs (0.036u,0.s) (success)
Params: n= 259
Tactic call cbv-regression-quadratic ran for 0.036 secs (0.036u,0.s) (success)
Params: n= 268
Tactic call cbv-regression-quadratic ran for 0.041 secs (0.041u,0.s) (success)
Params: n= 276
Tactic call cbv-regression-quadratic ran for 0.043 secs (0.043u,0.s) (success)
Params: n= 285
Tactic call cbv-regression-quadratic ran for 0.044 secs (0.044u,0.s) (success)
Params: n= 293
Tactic call cbv-regression-quadratic ran for 0.047 secs (0.047u,0.s) (success)
Params: n= 302
Tactic call cbv-regression-quadratic ran for 0.049 secs (0.049u,0.s) (success)
Params: n= 310
Tactic call cbv-regression-quadratic ran for 0.052 secs (0.052u,0.s) (success)
Params: n= 319
Tactic call cbv-regression-quadratic ran for 0.054 secs (0.054u,0.s) (success)
Params: n= 328
Tactic call cbv-regression-quadratic ran for 0.055 secs (0.055u,0.s) (success)
Params: n= 336
Tactic call cbv-regression-quadratic ran for 0.058 secs (0.058u,0.s) (success)
Params: n= 345
Tactic call cbv-regression-quadratic ran for 0.062 secs (0.062u,0.s) (success)
Params: n= 353
Tactic call cbv-regression-quadratic ran for 0.075 secs (0.075u,0.s) (success)
Params: n= 362
Tactic call cbv-regression-quadratic ran for 0.067 secs (0.067u,0.s) (success)
Params: n= 370
Tactic call cbv-regression-quadratic ran for 0.069 secs (0.069u,0.s) (success)
Params: n= 379
Tactic call cbv-regression-quadratic ran for 0.072 secs (0.072u,0.s) (success)
Params: n= 387
Tactic call cbv-regression-quadratic ran for 0.072 secs (0.072u,0.s) (success)
Params: n= 396
Tactic call cbv-regression-quadratic ran for 0.076 secs (0.076u,0.s) (success)
Params: n= 405
Tactic call cbv-regression-quadratic ran for 0.079 secs (0.079u,0.s) (success)
Params: n= 413
Tactic call cbv-regression-quadratic ran for 0.089 secs (0.089u,0.s) (success)
Params: n= 422
Tactic call cbv-regression-quadratic ran for 0.087 secs (0.087u,0.s) (success)
Params: n= 430
Tactic call cbv-regression-quadratic ran for 0.088 secs (0.088u,0.s) (success)
Params: n= 439
Tactic call cbv-regression-quadratic ran for 0.092 secs (0.092u,0.s) (success)
Params: n= 447
Tactic call cbv-regression-quadratic ran for 0.096 secs (0.096u,0.s) (success)
Params: n= 456
Tactic call cbv-regression-quadratic ran for 0.109 secs (0.109u,0.s) (success)
Params: n= 465
Tactic call cbv-regression-quadratic ran for 0.108 secs (0.108u,0.s) (success)
Params: n= 473
Tactic call cbv-regression-quadratic ran for 0.108 secs (0.108u,0.s) (success)
Params: n= 482
Tactic call cbv-regression-quadratic ran for 0.11 secs (0.11u,0.s) (success)
Params: n= 490
Tactic call cbv-regression-quadratic ran for 0.111 secs (0.111u,0.s) (success)
Params: n= 499
Tactic call cbv-regression-quadratic ran for 0.121 secs (0.121u,0.s) (success)
Params: n= 507
Tactic call cbv-regression-quadratic ran for 0.118 secs (0.118u,0.s) (success)
Params: n= 516
Tactic call cbv-regression-quadratic ran for 0.128 secs (0.128u,0.s) (success)
Params: n= 525
Tactic call cbv-regression-quadratic ran for 0.135 secs (0.135u,0.s) (success)
Params: n= 533
Tactic call cbv-regression-quadratic ran for 0.141 secs (0.141u,0.s) (success)
Params: n= 542
Tactic call cbv-regression-quadratic ran for 0.134 secs (0.134u,0.s) (success)
Params: n= 550
Tactic call cbv-regression-quadratic ran for 0.144 secs (0.144u,0.s) (success)
Params: n= 559
Tactic call cbv-regression-quadratic ran for 0.147 secs (0.147u,0.s) (success)
Params: n= 567
Tactic call cbv-regression-quadratic ran for 0.144 secs (0.144u,0.s) (success)
Params: n= 576
Tactic call cbv-regression-quadratic ran for 0.149 secs (0.149u,0.s) (success)
Params: n= 585
Tactic call cbv-regression-quadratic ran for 0.155 secs (0.155u,0.s) (success)
Params: n= 593
Tactic call cbv-regression-quadratic ran for 0.167 secs (0.167u,0.s) (success)
Params: n= 602
Tactic call cbv-regression-quadratic ran for 0.17 secs (0.17u,0.s) (success)
Params: n= 610
Tactic call cbv-regression-quadratic ran for 0.172 secs (0.172u,0.s) (success)
Params: n= 619
Tactic call cbv-regression-quadratic ran for 0.179 secs (0.179u,0.s) (success)
Params: n= 627
Tactic call cbv-regression-quadratic ran for 0.177 secs (0.177u,0.s) (success)
Params: n= 636
Tactic call cbv-regression-quadratic ran for 0.189 secs (0.189u,0.s) (success)
Params: n= 644
Tactic call cbv-regression-quadratic ran for 0.188 secs (0.188u,0.s) (success)
Params: n= 653
Tactic call cbv-regression-quadratic ran for 0.188 secs (0.188u,0.s) (success)
Params: n= 662
Tactic call cbv-regression-quadratic ran for 0.197 secs (0.197u,0.s) (success)
Params: n= 670
Tactic call cbv-regression-quadratic ran for 0.204 secs (0.2u,0.003s) (success)
Params: n= 679
Tactic call cbv-regression-quadratic ran for 0.207 secs (0.207u,0.s) (success)
Params: n= 687
Tactic call cbv-regression-quadratic ran for 0.22 secs (0.22u,0.s) (success)
Params: n= 696
Tactic call cbv-regression-quadratic ran for 0.215 secs (0.215u,0.s) (success)
Params: n= 704
Tactic call cbv-regression-quadratic ran for 0.224 secs (0.224u,0.s) (success)
Params: n= 713
Tactic call cbv-regression-quadratic ran for 0.231 secs (0.231u,0.s) (success)
Params: n= 744
Tactic call cbv-regression-quadratic ran for 0.251 secs (0.251u,0.s) (success)
Params: n= 775
Tactic call cbv-regression-quadratic ran for 0.255 secs (0.251u,0.003s) (success)
Params: n= 806
Tactic call cbv-regression-quadratic ran for 0.283 secs (0.283u,0.s) (success)
Params: n= 837
Tactic call cbv-regression-quadratic ran for 0.3 secs (0.3u,0.s) (success)
Params: n= 868
Tactic call cbv-regression-quadratic ran for 0.343 secs (0.343u,0.s) (success)
Params: n= 898
Tactic call cbv-regression-quadratic ran for 0.343 secs (0.343u,0.s) (success)
Params: n= 929
Tactic call cbv-regression-quadratic ran for 0.361 secs (0.361u,0.s) (success)
Params: n= 960
Tactic call cbv-regression-quadratic ran for 0.383 secs (0.379u,0.003s) (success)
Params: n= 991
Tactic call cbv-regression-quadratic ran for 0.399 secs (0.395u,0.003s) (success)
Params: n= 1022
Tactic call cbv-regression-quadratic ran for 0.439 secs (0.439u,0.s) (success)
Params: n= 1053
Tactic call cbv-regression-quadratic ran for 0.445 secs (0.445u,0.s) (success)
Params: n= 1084
Tactic call cbv-regression-quadratic ran for 0.489 secs (0.488u,0.s) (success)
Params: n= 1115
Tactic call cbv-regression-quadratic ran for 0.499 secs (0.499u,0.s) (success)
Params: n= 1146
Tactic call cbv-regression-quadratic ran for 0.52 secs (0.52u,0.s) (success)
Params: n= 1177
Tactic call cbv-regression-quadratic ran for 0.543 secs (0.543u,0.s) (success)
Params: n= 1208
Tactic call cbv-regression-quadratic ran for 0.586 secs (0.586u,0.s) (success)
Params: n= 1239
Tactic call cbv-regression-quadratic ran for 0.614 secs (0.614u,0.s) (success)
Params: n= 1269
Tactic call cbv-regression-quadratic ran for 0.641 secs (0.637u,0.003s) (success)
Params: n= 1300
Tactic call cbv-regression-quadratic ran for 0.676 secs (0.676u,0.s) (success)
Params: n= 1331
Tactic call cbv-regression-quadratic ran for 0.702 secs (0.702u,0.s) (success)
Params: n= 1362
Tactic call cbv-regression-quadratic ran for 0.729 secs (0.729u,0.s) (success)
Params: n= 1393
Tactic call cbv-regression-quadratic ran for 0.759 secs (0.759u,0.s) (success)
Params: n= 1424
Tactic call cbv-regression-quadratic ran for 0.809 secs (0.809u,0.s) (success)
Params: n= 1566
Tactic call cbv-regression-quadratic ran for 0.959 secs (0.959u,0.s) (success)
Params: n= 1709
Tactic call cbv-regression-quadratic ran for 1.099 secs (1.099u,0.s) (success)
Params: n= 1851
Tactic call cbv-regression-quadratic ran for 1.281 secs (1.281u,0.s) (success)
Params: n= 1993
Tactic call cbv-regression-quadratic ran for 1.518 secs (1.514u,0.003s) (success)
Params: n= 2136
Tactic call cbv-regression-quadratic ran for 1.703 secs (1.703u,0.s) (success)
Params: n= 2278
Tactic call cbv-regression-quadratic ran for 1.919 secs (1.918u,0.s) (success)
Params: n= 2420
Tactic call cbv-regression-quadratic ran for 2.19 secs (2.181u,0.008s) (success)
Params: n= 2562
Tactic call cbv-regression-quadratic ran for 2.404 secs (2.403u,0.s) (success)
Params: n= 2705
Tactic call cbv-regression-quadratic ran for 2.718 secs (2.714u,0.003s) (success)
Params: n= 2847
Tactic call cbv-regression-quadratic ran for 2.931 secs (2.931u,0.s) (success)
Params: n= 3416
Tactic call cbv-regression-quadratic ran for 4.144 secs (4.139u,0.004s) (success)
Params: n= 3985
Tactic call cbv-regression-quadratic ran for 5.649 secs (5.648u,0.s) (success)
Params: n= 4555
Tactic call cbv-regression-quadratic ran for 7.409 secs (7.408u,0.s) (success)
Params: n= 5124
Tactic call cbv-regression-quadratic ran for 9.296 secs (9.288u,0.007s) (success)
Params: n= 5693
Tactic call cbv-regression-quadratic ran for 11.274 secs (11.269u,0.003s) (success)
