Params: n= 2
native_compute: Conversion to native code done in 0.00015
native_compute: Compilation done in 0.08765
native_compute: Evaluation done in 0.00036
native_compute: Reification done in 0.00004
Tactic call native_compute(1)-regression-quadratic ran for 0.187 secs (0.096u,0.004s) (success)
native_compute: Conversion to native code done in 0.00016
native_compute: Compilation done in 0.08974
native_compute: Evaluation done in 0.00040
native_compute: Reification done in 0.00005
Tactic call native_compute(2)-regression-quadratic ran for 0.09 secs (0.001u,0.s) (success)
Params: n= 3
native_compute: Conversion to native code done in 0.00013
native_compute: Compilation done in 0.08814
native_compute: Evaluation done in 0.00037
native_compute: Reification done in 0.00005
Tactic call native_compute(1)-regression-quadratic ran for 0.088 secs (0.001u,0.s) (success)
native_compute: Conversion to native code done in 0.00015
native_compute: Compilation done in 0.08762
native_compute: Evaluation done in 0.00037
native_compute: Reification done in 0.00005
Tactic call native_compute(2)-regression-quadratic ran for 0.088 secs (0.001u,0.s) (success)
Params: n= 4
native_compute: Conversion to native code done in 0.00013
native_compute: Compilation done in 0.08768
native_compute: Evaluation done in 0.00041
native_compute: Reification done in 0.00005
Tactic call native_compute(1)-regression-quadratic ran for 0.088 secs (0.u,0.001s) (success)
native_compute: Conversion to native code done in 0.00016
native_compute: Compilation done in 0.08830
native_compute: Evaluation done in 0.00036
native_compute: Reification done in 0.00005
Tactic call native_compute(2)-regression-quadratic ran for 0.089 secs (0.u,0.001s) (success)
Params: n= 5
native_compute: Conversion to native code done in 0.00013
native_compute: Compilation done in 0.08792
native_compute: Evaluation done in 0.00038
native_compute: Reification done in 0.00005
Tactic call native_compute(1)-regression-quadratic ran for 0.088 secs (0.u,0.001s) (success)
native_compute: Conversion to native code done in 0.00016
native_compute: Compilation done in 0.08740
native_compute: Evaluation done in 0.00039
native_compute: Reification done in 0.00005
Tactic call native_compute(2)-regression-quadratic ran for 0.088 secs (0.u,0.001s) (success)
Params: n= 6
native_compute: Conversion to native code done in 0.00013
native_compute: Compilation done in 0.08749
native_compute: Evaluation done in 0.00037
native_compute: Reification done in 0.00005
Tactic call native_compute(1)-regression-quadratic ran for 0.088 secs (0.001u,0.s) (success)
native_compute: Conversion to native code done in 0.00015
native_compute: Compilation done in 0.08641
native_compute: Evaluation done in 0.00036
native_compute: Reification done in 0.00005
Tactic call native_compute(2)-regression-quadratic ran for 0.087 secs (0.001u,0.s) (success)
Params: n= 7
native_compute: Conversion to native code done in 0.00013
native_compute: Compilation done in 0.08809
native_compute: Evaluation done in 0.00057
native_compute: Reification done in 0.00006
Tactic call native_compute(1)-regression-quadratic ran for 0.088 secs (0.u,0.001s) (success)
native_compute: Conversion to native code done in 0.00015
native_compute: Compilation done in 0.08695
native_compute: Evaluation done in 0.00054
native_compute: Reification done in 0.00006
Tactic call native_compute(2)-regression-quadratic ran for 0.087 secs (0.001u,0.s) (success)
Params: n= 8
native_compute: Conversion to native code done in 0.00013
native_compute: Compilation done in 0.08840
native_compute: Evaluation done in 0.00037
native_compute: Reification done in 0.00005
Tactic call native_compute(1)-regression-quadratic ran for 0.089 secs (0.001u,0.s) (success)
native_compute: Conversion to native code done in 0.00016
native_compute: Compilation done in 0.08933
native_compute: Evaluation done in 0.00038
native_compute: Reification done in 0.00006
Tactic call native_compute(2)-regression-quadratic ran for 0.09 secs (0.001u,0.s) (success)
Params: n= 9
native_compute: Conversion to native code done in 0.00013
native_compute: Compilation done in 0.08957
native_compute: Evaluation done in 0.00038
native_compute: Reification done in 0.00006
Tactic call native_compute(1)-regression-quadratic ran for 0.09 secs (0.001u,0.s) (success)
native_compute: Conversion to native code done in 0.00018
native_compute: Compilation done in 0.08872
native_compute: Evaluation done in 0.00037
native_compute: Reification done in 0.00005
Tactic call native_compute(2)-regression-quadratic ran for 0.089 secs (0.u,0.001s) (success)
Params: n= 10
native_compute: Conversion to native code done in 0.00013
native_compute: Compilation done in 0.08770
native_compute: Evaluation done in 0.00040
native_compute: Reification done in 0.00005
Tactic call native_compute(1)-regression-quadratic ran for 0.088 secs (0.u,0.001s) (success)
native_compute: Conversion to native code done in 0.00016
native_compute: Compilation done in 0.09211
native_compute: Evaluation done in 0.00039
native_compute: Reification done in 0.00005
Tactic call native_compute(2)-regression-quadratic ran for 0.092 secs (0.001u,0.s) (success)
