Params: n= 4
Tactic call rewrite!-regression-quadratic ran for 0.001 secs (0.001u,0.s) (success)
Tactic call rewrite?-noop-regression-linear ran for 0. secs (0.u,0.s) (success)
Tactic call abstract+rewrite!-regression-quadratic ran for 0.001 secs (0.001u,0.s) (success)
Tactic call close-abstract+rewrite!-regression-quadratic ran for 0. secs (0.u,0.s)
Params: n= 5
Tactic call rewrite!-regression-quadratic ran for 0.001 secs (0.u,0.001s) (success)
Tactic call rewrite?-noop-regression-linear ran for 0. secs (0.u,0.s) (success)
Tactic call abstract+rewrite!-regression-quadratic ran for 0.002 secs (0.u,0.002s) (success)
Tactic call close-abstract+rewrite!-regression-quadratic ran for 0. secs (0.u,0.s)
Params: n= 6
Tactic call rewrite!-regression-quadratic ran for 0.001 secs (0.u,0.s) (success)
Tactic call rewrite?-noop-regression-linear ran for 0. secs (0.u,0.s) (success)
Tactic call abstract+rewrite!-regression-quadratic ran for 0.003 secs (0.001u,0.001s) (success)
Tactic call close-abstract+rewrite!-regression-quadratic ran for 0. secs (0.u,0.s)
Params: n= 7
Tactic call rewrite!-regression-quadratic ran for 0.002 secs (0.002u,0.s) (success)
Tactic call rewrite?-noop-regression-linear ran for 0. secs (0.u,0.s) (success)
Tactic call abstract+rewrite!-regression-quadratic ran for 0.003 secs (0.003u,0.s) (success)
Tactic call close-abstract+rewrite!-regression-quadratic ran for 0. secs (0.u,0.s)
Params: n= 8
Tactic call rewrite!-regression-quadratic ran for 0.002 secs (0.002u,0.s) (success)
Tactic call rewrite?-noop-regression-linear ran for 0. secs (0.u,0.s) (success)
Tactic call abstract+rewrite!-regression-quadratic ran for 0.004 secs (0.004u,0.s) (success)
Tactic call close-abstract+rewrite!-regression-quadratic ran for 0. secs (0.u,0.s)
Params: n= 9
Tactic call rewrite!-regression-quadratic ran for 0.003 secs (0.003u,0.s) (success)
Tactic call rewrite?-noop-regression-linear ran for 0. secs (0.u,0.s) (success)
Tactic call abstract+rewrite!-regression-quadratic ran for 0.005 secs (0.005u,0.s) (success)
Tactic call close-abstract+rewrite!-regression-quadratic ran for 0.001 secs (0.001u,0.s)
Params: n= 10
Tactic call rewrite!-regression-quadratic ran for 0.003 secs (0.u,0.003s) (success)
Tactic call rewrite?-noop-regression-linear ran for 0. secs (0.u,0.s) (success)
Tactic call abstract+rewrite!-regression-quadratic ran for 0.005 secs (0.u,0.004s) (success)
Tactic call close-abstract+rewrite!-regression-quadratic ran for 0.001 secs (0.u,0.001s)
Params: n= 11
Tactic call rewrite!-regression-quadratic ran for 0.004 secs (0.u,0.004s) (success)
Tactic call rewrite?-noop-regression-linear ran for 0. secs (0.u,0.s) (success)
Tactic call abstract+rewrite!-regression-quadratic ran for 0.006 secs (0.u,0.006s) (success)
Tactic call close-abstract+rewrite!-regression-quadratic ran for 0.001 secs (0.u,0.001s)
Params: n= 12
Tactic call rewrite!-regression-quadratic ran for 0.006 secs (0.003u,0.003s) (success)
Tactic call rewrite?-noop-regression-linear ran for 0. secs (0.u,0.s) (success)
Tactic call abstract+rewrite!-regression-quadratic ran for 0.009 secs (0.003u,0.005s) (success)
Tactic call close-abstract+rewrite!-regression-quadratic ran for 0.001 secs (0.u,0.001s)
Params: n= 13
Tactic call rewrite!-regression-quadratic ran for 0.005 secs (0.003u,0.002s) (success)
Tactic call rewrite?-noop-regression-linear ran for 0. secs (0.u,0.s) (success)
Tactic call abstract+rewrite!-regression-quadratic ran for 0.007 secs (0.005u,0.002s) (success)
Tactic call close-abstract+rewrite!-regression-quadratic ran for 0.001 secs (0.001u,0.s)
Params: n= 14
Tactic call rewrite!-regression-quadratic ran for 0.004 secs (0.004u,0.s) (success)
Tactic call rewrite?-noop-regression-linear ran for 0. secs (0.u,0.s) (success)
Tactic call abstract+rewrite!-regression-quadratic ran for 0.006 secs (0.005u,0.s) (success)
Tactic call close-abstract+rewrite!-regression-quadratic ran for 0.001 secs (0.u,0.s)
Params: n= 15
Tactic call rewrite!-regression-quadratic ran for 0.005 secs (0.005u,0.s) (success)
Tactic call rewrite?-noop-regression-linear ran for 0. secs (0.u,0.s) (success)
Tactic call abstract+rewrite!-regression-quadratic ran for 0.007 secs (0.007u,0.s) (success)
Tactic call close-abstract+rewrite!-regression-quadratic ran for 0.001 secs (0.001u,0.s)
Params: n= 16
Tactic call rewrite!-regression-quadratic ran for 0.005 secs (0.005u,0.s) (success)
Tactic call rewrite?-noop-regression-linear ran for 0. secs (0.u,0.s) (success)
Tactic call abstract+rewrite!-regression-quadratic ran for 0.007 secs (0.007u,0.s) (success)
Tactic call close-abstract+rewrite!-regression-quadratic ran for 0.001 secs (0.001u,0.s)
Params: n= 17
Tactic call rewrite!-regression-quadratic ran for 0.006 secs (0.006u,0.s) (success)
Tactic call rewrite?-noop-regression-linear ran for 0. secs (0.u,0.s) (success)
Tactic call abstract+rewrite!-regression-quadratic ran for 0.008 secs (0.008u,0.s) (success)
Tactic call close-abstract+rewrite!-regression-quadratic ran for 0.001 secs (0.001u,0.s)
Params: n= 18
Tactic call rewrite!-regression-quadratic ran for 0.006 secs (0.006u,0.s) (success)
Tactic call rewrite?-noop-regression-linear ran for 0. secs (0.u,0.s) (success)
Tactic call abstract+rewrite!-regression-quadratic ran for 0.009 secs (0.009u,0.s) (success)
Tactic call close-abstract+rewrite!-regression-quadratic ran for 0.001 secs (0.001u,0.s)
Params: n= 19
Tactic call rewrite!-regression-quadratic ran for 0.007 secs (0.007u,0.s) (success)
Tactic call rewrite?-noop-regression-linear ran for 0. secs (0.u,0.s) (success)
Tactic call abstract+rewrite!-regression-quadratic ran for 0.009 secs (0.009u,0.s) (success)
Tactic call close-abstract+rewrite!-regression-quadratic ran for 0.002 secs (0.002u,0.s)
Params: n= 20
Tactic call rewrite!-regression-quadratic ran for 0.009 secs (0.009u,0.s) (success)
Tactic call rewrite?-noop-regression-linear ran for 0. secs (0.u,0.s) (success)
Tactic call abstract+rewrite!-regression-quadratic ran for 0.012 secs (0.012u,0.s) (success)
Tactic call close-abstract+rewrite!-regression-quadratic ran for 0.002 secs (0.002u,0.s)
Params: n= 21
Tactic call rewrite!-regression-quadratic ran for 0.008 secs (0.008u,0.s) (success)
Tactic call rewrite?-noop-regression-linear ran for 0. secs (0.u,0.s) (success)
Tactic call abstract+rewrite!-regression-quadratic ran for 0.011 secs (0.011u,0.s) (success)
Tactic call close-abstract+rewrite!-regression-quadratic ran for 0.002 secs (0.002u,0.s)
Params: n= 22
Tactic call rewrite!-regression-quadratic ran for 0.008 secs (0.008u,0.s) (success)
Tactic call rewrite?-noop-regression-linear ran for 0. secs (0.u,0.s) (success)
Tactic call abstract+rewrite!-regression-quadratic ran for 0.012 secs (0.012u,0.s) (success)
Tactic call close-abstract+rewrite!-regression-quadratic ran for 0.002 secs (0.002u,0.s)
Params: n= 23
Tactic call rewrite!-regression-quadratic ran for 0.009 secs (0.009u,0.s) (success)
Tactic call rewrite?-noop-regression-linear ran for 0. secs (0.u,0.s) (success)
Tactic call abstract+rewrite!-regression-quadratic ran for 0.014 secs (0.014u,0.s) (success)
Tactic call close-abstract+rewrite!-regression-quadratic ran for 0.003 secs (0.003u,0.s)
Params: n= 24
Tactic call rewrite!-regression-quadratic ran for 0.01 secs (0.01u,0.s) (success)
Tactic call rewrite?-noop-regression-linear ran for 0. secs (0.u,0.s) (success)
Tactic call abstract+rewrite!-regression-quadratic ran for 0.014 secs (0.014u,0.s) (success)
Tactic call close-abstract+rewrite!-regression-quadratic ran for 0.003 secs (0.003u,0.s)
Params: n= 25
Tactic call rewrite!-regression-quadratic ran for 0.012 secs (0.012u,0.s) (success)
Tactic call rewrite?-noop-regression-linear ran for 0. secs (0.u,0.s) (success)
Tactic call abstract+rewrite!-regression-quadratic ran for 0.017 secs (0.017u,0.s) (success)
Tactic call close-abstract+rewrite!-regression-quadratic ran for 0.003 secs (0.003u,0.s)
Params: n= 26
Tactic call rewrite!-regression-quadratic ran for 0.011 secs (0.011u,0.s) (success)
Tactic call rewrite?-noop-regression-linear ran for 0. secs (0.u,0.s) (success)
Tactic call abstract+rewrite!-regression-quadratic ran for 0.016 secs (0.016u,0.s) (success)
Tactic call close-abstract+rewrite!-regression-quadratic ran for 0.003 secs (0.003u,0.s)
Params: n= 27
Tactic call rewrite!-regression-quadratic ran for 0.012 secs (0.012u,0.s) (success)
Tactic call rewrite?-noop-regression-linear ran for 0. secs (0.u,0.s) (success)
Tactic call abstract+rewrite!-regression-quadratic ran for 0.017 secs (0.017u,0.s) (success)
Tactic call close-abstract+rewrite!-regression-quadratic ran for 0.003 secs (0.003u,0.s)
Params: n= 28
Tactic call rewrite!-regression-quadratic ran for 0.014 secs (0.014u,0.s) (success)
Tactic call rewrite?-noop-regression-linear ran for 0. secs (0.u,0.s) (success)
Tactic call abstract+rewrite!-regression-quadratic ran for 0.018 secs (0.018u,0.s) (success)
Tactic call close-abstract+rewrite!-regression-quadratic ran for 0.003 secs (0.003u,0.s)
Params: n= 29
Tactic call rewrite!-regression-quadratic ran for 0.014 secs (0.014u,0.s) (success)
Tactic call rewrite?-noop-regression-linear ran for 0. secs (0.u,0.s) (success)
Tactic call abstract+rewrite!-regression-quadratic ran for 0.019 secs (0.019u,0.s) (success)
Tactic call close-abstract+rewrite!-regression-quadratic ran for 0.004 secs (0.004u,0.s)
Params: n= 30
Tactic call rewrite!-regression-quadratic ran for 0.014 secs (0.014u,0.s) (success)
Tactic call rewrite?-noop-regression-linear ran for 0. secs (0.u,0.s) (success)
Tactic call abstract+rewrite!-regression-quadratic ran for 0.02 secs (0.02u,0.s) (success)
Tactic call close-abstract+rewrite!-regression-quadratic ran for 0.004 secs (0.004u,0.s)
Params: n= 31
Tactic call rewrite!-regression-quadratic ran for 0.018 secs (0.018u,0.s) (success)
Tactic call rewrite?-noop-regression-linear ran for 0. secs (0.u,0.s) (success)
Tactic call abstract+rewrite!-regression-quadratic ran for 0.023 secs (0.023u,0.s) (success)
Tactic call close-abstract+rewrite!-regression-quadratic ran for 0.004 secs (0.004u,0.s)
Params: n= 32
Tactic call rewrite!-regression-quadratic ran for 0.016 secs (0.016u,0.s) (success)
Tactic call rewrite?-noop-regression-linear ran for 0. secs (0.u,0.s) (success)
Tactic call abstract+rewrite!-regression-quadratic ran for 0.022 secs (0.022u,0.s) (success)
Tactic call close-abstract+rewrite!-regression-quadratic ran for 0.005 secs (0.005u,0.s)
Params: n= 33
Tactic call rewrite!-regression-quadratic ran for 0.018 secs (0.018u,0.s) (success)
Tactic call rewrite?-noop-regression-linear ran for 0. secs (0.u,0.s) (success)
Tactic call abstract+rewrite!-regression-quadratic ran for 0.024 secs (0.024u,0.s) (success)
Tactic call close-abstract+rewrite!-regression-quadratic ran for 0.005 secs (0.005u,0.s)
Params: n= 34
Tactic call rewrite!-regression-quadratic ran for 0.018 secs (0.018u,0.s) (success)
Tactic call rewrite?-noop-regression-linear ran for 0. secs (0.u,0.s) (success)
Tactic call abstract+rewrite!-regression-quadratic ran for 0.025 secs (0.025u,0.s) (success)
Tactic call close-abstract+rewrite!-regression-quadratic ran for 0.005 secs (0.005u,0.s)
Params: n= 35
Tactic call rewrite!-regression-quadratic ran for 0.021 secs (0.021u,0.s) (success)
Tactic call rewrite?-noop-regression-linear ran for 0. secs (0.u,0.s) (success)
Tactic call abstract+rewrite!-regression-quadratic ran for 0.028 secs (0.028u,0.s) (success)
Tactic call close-abstract+rewrite!-regression-quadratic ran for 0.005 secs (0.005u,0.s)
Params: n= 36
Tactic call rewrite!-regression-quadratic ran for 0.02 secs (0.02u,0.s) (success)
Tactic call rewrite?-noop-regression-linear ran for 0. secs (0.u,0.s) (success)
Tactic call abstract+rewrite!-regression-quadratic ran for 0.027 secs (0.027u,0.s) (success)
Tactic call close-abstract+rewrite!-regression-quadratic ran for 0.006 secs (0.006u,0.s)
Params: n= 37
Tactic call rewrite!-regression-quadratic ran for 0.022 secs (0.022u,0.s) (success)
Tactic call rewrite?-noop-regression-linear ran for 0. secs (0.u,0.s) (success)
Tactic call abstract+rewrite!-regression-quadratic ran for 0.03 secs (0.03u,0.s) (success)
Tactic call close-abstract+rewrite!-regression-quadratic ran for 0.006 secs (0.006u,0.s)
Params: n= 38
Tactic call rewrite!-regression-quadratic ran for 0.022 secs (0.022u,0.s) (success)
Tactic call rewrite?-noop-regression-linear ran for 0. secs (0.u,0.s) (success)
Tactic call abstract+rewrite!-regression-quadratic ran for 0.03 secs (0.03u,0.s) (success)
Tactic call close-abstract+rewrite!-regression-quadratic ran for 0.006 secs (0.006u,0.s)
Params: n= 39
Tactic call rewrite!-regression-quadratic ran for 0.025 secs (0.025u,0.s) (success)
Tactic call rewrite?-noop-regression-linear ran for 0.003 secs (0.003u,0.s) (success)
Tactic call abstract+rewrite!-regression-quadratic ran for 0.037 secs (0.037u,0.s) (success)
Tactic call close-abstract+rewrite!-regression-quadratic ran for 0.007 secs (0.007u,0.s)
Params: n= 40
Tactic call rewrite!-regression-quadratic ran for 0.025 secs (0.025u,0.s) (success)
Tactic call rewrite?-noop-regression-linear ran for 0. secs (0.u,0.s) (success)
Tactic call abstract+rewrite!-regression-quadratic ran for 0.035 secs (0.031u,0.003s) (success)
Tactic call close-abstract+rewrite!-regression-quadratic ran for 0.008 secs (0.005u,0.003s)
Params: n= 41
Tactic call rewrite!-regression-quadratic ran for 0.025 secs (0.025u,0.s) (success)
Tactic call rewrite?-noop-regression-linear ran for 0. secs (0.u,0.s) (success)
Tactic call abstract+rewrite!-regression-quadratic ran for 0.035 secs (0.035u,0.s) (success)
Tactic call close-abstract+rewrite!-regression-quadratic ran for 0.009 secs (0.009u,0.s)
Params: n= 42
Tactic call rewrite!-regression-quadratic ran for 0.028 secs (0.028u,0.s) (success)
Tactic call rewrite?-noop-regression-linear ran for 0. secs (0.u,0.s) (success)
Tactic call abstract+rewrite!-regression-quadratic ran for 0.038 secs (0.038u,0.s) (success)
Tactic call close-abstract+rewrite!-regression-quadratic ran for 0.008 secs (0.008u,0.s)
Params: n= 43
Tactic call rewrite!-regression-quadratic ran for 0.03 secs (0.03u,0.s) (success)
Tactic call rewrite?-noop-regression-linear ran for 0. secs (0.u,0.s) (success)
Tactic call abstract+rewrite!-regression-quadratic ran for 0.04 secs (0.04u,0.s) (success)
Tactic call close-abstract+rewrite!-regression-quadratic ran for 0.008 secs (0.008u,0.s)
Params: n= 44
Tactic call rewrite!-regression-quadratic ran for 0.028 secs (0.028u,0.s) (success)
Tactic call rewrite?-noop-regression-linear ran for 0. secs (0.u,0.s) (success)
Tactic call abstract+rewrite!-regression-quadratic ran for 0.039 secs (0.039u,0.s) (success)
Tactic call close-abstract+rewrite!-regression-quadratic ran for 0.009 secs (0.009u,0.s)
Params: n= 45
Tactic call rewrite!-regression-quadratic ran for 0.033 secs (0.033u,0.s) (success)
Tactic call rewrite?-noop-regression-linear ran for 0. secs (0.u,0.s) (success)
Tactic call abstract+rewrite!-regression-quadratic ran for 0.044 secs (0.044u,0.s) (success)
Tactic call close-abstract+rewrite!-regression-quadratic ran for 0.009 secs (0.009u,0.s)
Params: n= 46
Tactic call rewrite!-regression-quadratic ran for 0.031 secs (0.031u,0.s) (success)
Tactic call rewrite?-noop-regression-linear ran for 0. secs (0.u,0.s) (success)
Tactic call abstract+rewrite!-regression-quadratic ran for 0.043 secs (0.043u,0.s) (success)
Tactic call close-abstract+rewrite!-regression-quadratic ran for 0.009 secs (0.009u,0.s)
Params: n= 47
Tactic call rewrite!-regression-quadratic ran for 0.036 secs (0.036u,0.s) (success)
Tactic call rewrite?-noop-regression-linear ran for 0. secs (0.u,0.s) (success)
Tactic call abstract+rewrite!-regression-quadratic ran for 0.048 secs (0.048u,0.s) (success)
Tactic call close-abstract+rewrite!-regression-quadratic ran for 0.01 secs (0.01u,0.s)
Params: n= 48
Tactic call rewrite!-regression-quadratic ran for 0.036 secs (0.035u,0.s) (success)
Tactic call rewrite?-noop-regression-linear ran for 0. secs (0.u,0.s) (success)
Tactic call abstract+rewrite!-regression-quadratic ran for 0.047 secs (0.047u,0.s) (success)
Tactic call close-abstract+rewrite!-regression-quadratic ran for 0.01 secs (0.01u,0.s)
Params: n= 49
Tactic call rewrite!-regression-quadratic ran for 0.037 secs (0.037u,0.s) (success)
Tactic call rewrite?-noop-regression-linear ran for 0. secs (0.u,0.s) (success)
Tactic call abstract+rewrite!-regression-quadratic ran for 0.049 secs (0.049u,0.s) (success)
Tactic call close-abstract+rewrite!-regression-quadratic ran for 0.011 secs (0.011u,0.s)
Params: n= 51
Tactic call rewrite!-regression-quadratic ran for 0.037 secs (0.037u,0.s) (success)
Tactic call rewrite?-noop-regression-linear ran for 0.002 secs (0.002u,0.s) (success)
Tactic call abstract+rewrite!-regression-quadratic ran for 0.052 secs (0.052u,0.s) (success)
Tactic call close-abstract+rewrite!-regression-quadratic ran for 0.011 secs (0.011u,0.s)
Params: n= 52
Tactic call rewrite!-regression-quadratic ran for 0.045 secs (0.045u,0.s) (success)
Tactic call rewrite?-noop-regression-linear ran for 0. secs (0.u,0.s) (success)
Tactic call abstract+rewrite!-regression-quadratic ran for 0.06 secs (0.06u,0.s) (success)
Tactic call close-abstract+rewrite!-regression-quadratic ran for 0.013 secs (0.013u,0.s)
Params: n= 53
Tactic call rewrite!-regression-quadratic ran for 0.042 secs (0.042u,0.s) (success)
Tactic call rewrite?-noop-regression-linear ran for 0. secs (0.u,0.s) (success)
Tactic call abstract+rewrite!-regression-quadratic ran for 0.056 secs (0.056u,0.s) (success)
Tactic call close-abstract+rewrite!-regression-quadratic ran for 0.012 secs (0.012u,0.s)
Params: n= 54
Tactic call rewrite!-regression-quadratic ran for 0.044 secs (0.044u,0.s) (success)
Tactic call rewrite?-noop-regression-linear ran for 0. secs (0.u,0.s) (success)
Tactic call abstract+rewrite!-regression-quadratic ran for 0.059 secs (0.059u,0.s) (success)
Tactic call close-abstract+rewrite!-regression-quadratic ran for 0.013 secs (0.013u,0.s)
Params: n= 55
Tactic call rewrite!-regression-quadratic ran for 0.044 secs (0.044u,0.s) (success)
Tactic call rewrite?-noop-regression-linear ran for 0. secs (0.u,0.s) (success)
Tactic call abstract+rewrite!-regression-quadratic ran for 0.059 secs (0.059u,0.s) (success)
Tactic call close-abstract+rewrite!-regression-quadratic ran for 0.013 secs (0.013u,0.s)
Params: n= 56
Tactic call rewrite!-regression-quadratic ran for 0.046 secs (0.046u,0.s) (success)
Tactic call rewrite?-noop-regression-linear ran for 0. secs (0.u,0.s) (success)
Tactic call abstract+rewrite!-regression-quadratic ran for 0.062 secs (0.062u,0.s) (success)
Tactic call close-abstract+rewrite!-regression-quadratic ran for 0.014 secs (0.014u,0.s)
Params: n= 57
Tactic call rewrite!-regression-quadratic ran for 0.046 secs (0.046u,0.s) (success)
Tactic call rewrite?-noop-regression-linear ran for 0. secs (0.u,0.s) (success)
Tactic call abstract+rewrite!-regression-quadratic ran for 0.063 secs (0.063u,0.s) (success)
Tactic call close-abstract+rewrite!-regression-quadratic ran for 0.014 secs (0.014u,0.s)
Params: n= 58
Tactic call rewrite!-regression-quadratic ran for 0.048 secs (0.048u,0.s) (success)
Tactic call rewrite?-noop-regression-linear ran for 0. secs (0.u,0.s) (success)
Tactic call abstract+rewrite!-regression-quadratic ran for 0.066 secs (0.066u,0.s) (success)
Tactic call close-abstract+rewrite!-regression-quadratic ran for 0.016 secs (0.016u,0.s)
Params: n= 59
Tactic call rewrite!-regression-quadratic ran for 0.05 secs (0.05u,0.s) (success)
Tactic call rewrite?-noop-regression-linear ran for 0. secs (0.u,0.s) (success)
Tactic call abstract+rewrite!-regression-quadratic ran for 0.068 secs (0.068u,0.s) (success)
Tactic call close-abstract+rewrite!-regression-quadratic ran for 0.016 secs (0.016u,0.s)
Params: n= 60
Tactic call rewrite!-regression-quadratic ran for 0.052 secs (0.052u,0.s) (success)
Tactic call rewrite?-noop-regression-linear ran for 0. secs (0.u,0.s) (success)
Tactic call abstract+rewrite!-regression-quadratic ran for 0.07 secs (0.07u,0.s) (success)
Tactic call close-abstract+rewrite!-regression-quadratic ran for 0.016 secs (0.016u,0.s)
Params: n= 61
Tactic call rewrite!-regression-quadratic ran for 0.054 secs (0.054u,0.s) (success)
Tactic call rewrite?-noop-regression-linear ran for 0. secs (0.u,0.s) (success)
Tactic call abstract+rewrite!-regression-quadratic ran for 0.074 secs (0.074u,0.s) (success)
Tactic call close-abstract+rewrite!-regression-quadratic ran for 0.016 secs (0.016u,0.s)
Params: n= 62
Tactic call rewrite!-regression-quadratic ran for 0.056 secs (0.056u,0.s) (success)
Tactic call rewrite?-noop-regression-linear ran for 0. secs (0.u,0.s) (success)
Tactic call abstract+rewrite!-regression-quadratic ran for 0.075 secs (0.075u,0.s) (success)
Tactic call close-abstract+rewrite!-regression-quadratic ran for 0.017 secs (0.017u,0.s)
Params: n= 63
Tactic call rewrite!-regression-quadratic ran for 0.055 secs (0.055u,0.s) (success)
Tactic call rewrite?-noop-regression-linear ran for 0. secs (0.u,0.s) (success)
Tactic call abstract+rewrite!-regression-quadratic ran for 0.077 secs (0.077u,0.s) (success)
Tactic call close-abstract+rewrite!-regression-quadratic ran for 0.02 secs (0.02u,0.s)
Params: n= 64
Tactic call rewrite!-regression-quadratic ran for 0.064 secs (0.064u,0.s) (success)
Tactic call rewrite?-noop-regression-linear ran for 0. secs (0.u,0.s) (success)
Tactic call abstract+rewrite!-regression-quadratic ran for 0.087 secs (0.087u,0.s) (success)
Tactic call close-abstract+rewrite!-regression-quadratic ran for 0.02 secs (0.02u,0.s)
Params: n= 65
Tactic call rewrite!-regression-quadratic ran for 0.061 secs (0.061u,0.s) (success)
Tactic call rewrite?-noop-regression-linear ran for 0. secs (0.u,0.s) (success)
Tactic call abstract+rewrite!-regression-quadratic ran for 0.083 secs (0.083u,0.s) (success)
Tactic call close-abstract+rewrite!-regression-quadratic ran for 0.02 secs (0.02u,0.s)
Params: n= 66
Tactic call rewrite!-regression-quadratic ran for 0.062 secs (0.062u,0.s) (success)
Tactic call rewrite?-noop-regression-linear ran for 0. secs (0.u,0.s) (success)
Tactic call abstract+rewrite!-regression-quadratic ran for 0.084 secs (0.084u,0.s) (success)
Tactic call close-abstract+rewrite!-regression-quadratic ran for 0.02 secs (0.02u,0.s)
Params: n= 67
Tactic call rewrite!-regression-quadratic ran for 0.064 secs (0.064u,0.s) (success)
Tactic call rewrite?-noop-regression-linear ran for 0. secs (0.u,0.s) (success)
Tactic call abstract+rewrite!-regression-quadratic ran for 0.086 secs (0.086u,0.s) (success)
Tactic call close-abstract+rewrite!-regression-quadratic ran for 0.02 secs (0.02u,0.s)
Params: n= 68
Tactic call rewrite!-regression-quadratic ran for 0.065 secs (0.065u,0.s) (success)
Tactic call rewrite?-noop-regression-linear ran for 0. secs (0.u,0.s) (success)
Tactic call abstract+rewrite!-regression-quadratic ran for 0.089 secs (0.089u,0.s) (success)
Tactic call close-abstract+rewrite!-regression-quadratic ran for 0.022 secs (0.022u,0.s)
Params: n= 69
Tactic call rewrite!-regression-quadratic ran for 0.066 secs (0.066u,0.s) (success)
Tactic call rewrite?-noop-regression-linear ran for 0. secs (0.u,0.s) (success)
Tactic call abstract+rewrite!-regression-quadratic ran for 0.091 secs (0.091u,0.s) (success)
Tactic call close-abstract+rewrite!-regression-quadratic ran for 0.023 secs (0.023u,0.s)
Params: n= 70
Tactic call rewrite!-regression-quadratic ran for 0.068 secs (0.068u,0.s) (success)
Tactic call rewrite?-noop-regression-linear ran for 0. secs (0.u,0.s) (success)
Tactic call abstract+rewrite!-regression-quadratic ran for 0.092 secs (0.092u,0.s) (success)
Tactic call close-abstract+rewrite!-regression-quadratic ran for 0.021 secs (0.021u,0.s)
Params: n= 71
Tactic call rewrite!-regression-quadratic ran for 0.073 secs (0.073u,0.s) (success)
Tactic call rewrite?-noop-regression-linear ran for 0. secs (0.u,0.s) (success)
Tactic call abstract+rewrite!-regression-quadratic ran for 0.099 secs (0.099u,0.s) (success)
Tactic call close-abstract+rewrite!-regression-quadratic ran for 0.024 secs (0.024u,0.s)
Params: n= 72
Tactic call rewrite!-regression-quadratic ran for 0.079 secs (0.079u,0.s) (success)
Tactic call rewrite?-noop-regression-linear ran for 0.001 secs (0.001u,0.s) (success)
Tactic call abstract+rewrite!-regression-quadratic ran for 0.104 secs (0.104u,0.s) (success)
Tactic call close-abstract+rewrite!-regression-quadratic ran for 0.022 secs (0.022u,0.s)
Params: n= 73
Tactic call rewrite!-regression-quadratic ran for 0.08 secs (0.08u,0.s) (success)
Tactic call rewrite?-noop-regression-linear ran for 0.001 secs (0.001u,0.s) (success)
Tactic call abstract+rewrite!-regression-quadratic ran for 0.105 secs (0.105u,0.s) (success)
Tactic call close-abstract+rewrite!-regression-quadratic ran for 0.023 secs (0.023u,0.s)
Params: n= 74
Tactic call rewrite!-regression-quadratic ran for 0.082 secs (0.082u,0.s) (success)
Tactic call rewrite?-noop-regression-linear ran for 0.001 secs (0.001u,0.s) (success)
Tactic call abstract+rewrite!-regression-quadratic ran for 0.107 secs (0.107u,0.s) (success)
Tactic call close-abstract+rewrite!-regression-quadratic ran for 0.024 secs (0.024u,0.s)
Params: n= 75
Tactic call rewrite!-regression-quadratic ran for 0.084 secs (0.084u,0.s) (success)
Tactic call rewrite?-noop-regression-linear ran for 0.001 secs (0.001u,0.s) (success)
Tactic call abstract+rewrite!-regression-quadratic ran for 0.111 secs (0.111u,0.s) (success)
Tactic call close-abstract+rewrite!-regression-quadratic ran for 0.024 secs (0.024u,0.s)
Params: n= 76
Tactic call rewrite!-regression-quadratic ran for 0.085 secs (0.085u,0.s) (success)
Tactic call rewrite?-noop-regression-linear ran for 0.001 secs (0.001u,0.s) (success)
Tactic call abstract+rewrite!-regression-quadratic ran for 0.113 secs (0.113u,0.s) (success)
Tactic call close-abstract+rewrite!-regression-quadratic ran for 0.026 secs (0.026u,0.s)
Params: n= 77
Tactic call rewrite!-regression-quadratic ran for 0.086 secs (0.083u,0.003s) (success)
Tactic call rewrite?-noop-regression-linear ran for 0.001 secs (0.001u,0.s) (success)
Tactic call abstract+rewrite!-regression-quadratic ran for 0.114 secs (0.11u,0.003s) (success)
Tactic call close-abstract+rewrite!-regression-quadratic ran for 0.025 secs (0.025u,0.s)
Params: n= 78
Tactic call rewrite!-regression-quadratic ran for 0.087 secs (0.087u,0.s) (success)
Tactic call rewrite?-noop-regression-linear ran for 0.001 secs (0.001u,0.s) (success)
Tactic call abstract+rewrite!-regression-quadratic ran for 0.12 secs (0.12u,0.s) (success)
Tactic call close-abstract+rewrite!-regression-quadratic ran for 0.03 secs (0.03u,0.s)
Params: n= 79
Tactic call rewrite!-regression-quadratic ran for 0.086 secs (0.086u,0.s) (success)
Tactic call rewrite?-noop-regression-linear ran for 0.004 secs (0.004u,0.s) (success)
Tactic call abstract+rewrite!-regression-quadratic ran for 0.119 secs (0.119u,0.s) (success)
Tactic call close-abstract+rewrite!-regression-quadratic ran for 0.027 secs (0.027u,0.s)
Params: n= 80
Tactic call rewrite!-regression-quadratic ran for 0.09 secs (0.09u,0.s) (success)
Tactic call rewrite?-noop-regression-linear ran for 0.001 secs (0.001u,0.s) (success)
Tactic call abstract+rewrite!-regression-quadratic ran for 0.12 secs (0.12u,0.s) (success)
Tactic call close-abstract+rewrite!-regression-quadratic ran for 0.028 secs (0.028u,0.s)
Params: n= 81
Tactic call rewrite!-regression-quadratic ran for 0.092 secs (0.092u,0.s) (success)
Tactic call rewrite?-noop-regression-linear ran for 0.001 secs (0.001u,0.s) (success)
Tactic call abstract+rewrite!-regression-quadratic ran for 0.131 secs (0.127u,0.004s) (success)
Tactic call close-abstract+rewrite!-regression-quadratic ran for 0.037 secs (0.033u,0.004s)
Params: n= 82
Tactic call rewrite!-regression-quadratic ran for 0.098 secs (0.098u,0.s) (success)
Tactic call rewrite?-noop-regression-linear ran for 0.001 secs (0.001u,0.s) (success)
Tactic call abstract+rewrite!-regression-quadratic ran for 0.13 secs (0.13u,0.s) (success)
Tactic call close-abstract+rewrite!-regression-quadratic ran for 0.029 secs (0.029u,0.s)
Params: n= 83
Tactic call rewrite!-regression-quadratic ran for 0.106 secs (0.106u,0.s) (success)
Tactic call rewrite?-noop-regression-linear ran for 0.002 secs (0.002u,0.s) (success)
Tactic call abstract+rewrite!-regression-quadratic ran for 0.15 secs (0.15u,0.s) (success)
Tactic call close-abstract+rewrite!-regression-quadratic ran for 0.04 secs (0.04u,0.s)
Params: n= 84
Tactic call rewrite!-regression-quadratic ran for 0.099 secs (0.099u,0.s) (success)
Tactic call rewrite?-noop-regression-linear ran for 0.001 secs (0.001u,0.s) (success)
Tactic call abstract+rewrite!-regression-quadratic ran for 0.133 secs (0.133u,0.s) (success)
Tactic call close-abstract+rewrite!-regression-quadratic ran for 0.032 secs (0.032u,0.s)
Params: n= 85
Tactic call rewrite!-regression-quadratic ran for 0.098 secs (0.098u,0.s) (success)
Tactic call rewrite?-noop-regression-linear ran for 0.001 secs (0.001u,0.s) (success)
Tactic call abstract+rewrite!-regression-quadratic ran for 0.133 secs (0.133u,0.s) (success)
Tactic call close-abstract+rewrite!-regression-quadratic ran for 0.033 secs (0.033u,0.s)
Params: n= 86
Tactic call rewrite!-regression-quadratic ran for 0.108 secs (0.108u,0.s) (success)
Tactic call rewrite?-noop-regression-linear ran for 0.001 secs (0.001u,0.s) (success)
Tactic call abstract+rewrite!-regression-quadratic ran for 0.143 secs (0.143u,0.s) (success)
Tactic call close-abstract+rewrite!-regression-quadratic ran for 0.032 secs (0.032u,0.s)
Params: n= 87
Tactic call rewrite!-regression-quadratic ran for 0.102 secs (0.102u,0.s) (success)
Tactic call rewrite?-noop-regression-linear ran for 0.001 secs (0.001u,0.s) (success)
Tactic call abstract+rewrite!-regression-quadratic ran for 0.138 secs (0.138u,0.s) (success)
Tactic call close-abstract+rewrite!-regression-quadratic ran for 0.033 secs (0.033u,0.s)
Params: n= 88
Tactic call rewrite!-regression-quadratic ran for 0.109 secs (0.109u,0.s) (success)
Tactic call rewrite?-noop-regression-linear ran for 0.001 secs (0.001u,0.s) (success)
Tactic call abstract+rewrite!-regression-quadratic ran for 0.145 secs (0.145u,0.s) (success)
Tactic call close-abstract+rewrite!-regression-quadratic ran for 0.032 secs (0.032u,0.s)
Params: n= 89
Tactic call rewrite!-regression-quadratic ran for 0.11 secs (0.11u,0.s) (success)
Tactic call rewrite?-noop-regression-linear ran for 0.001 secs (0.001u,0.s) (success)
Tactic call abstract+rewrite!-regression-quadratic ran for 0.149 secs (0.149u,0.s) (success)
Tactic call close-abstract+rewrite!-regression-quadratic ran for 0.037 secs (0.037u,0.s)
Params: n= 90
Tactic call rewrite!-regression-quadratic ran for 0.108 secs (0.108u,0.s) (success)
Tactic call rewrite?-noop-regression-linear ran for 0.001 secs (0.001u,0.s) (success)
Tactic call abstract+rewrite!-regression-quadratic ran for 0.148 secs (0.147u,0.s) (success)
Tactic call close-abstract+rewrite!-regression-quadratic ran for 0.036 secs (0.036u,0.s)
Params: n= 91
Tactic call rewrite!-regression-quadratic ran for 0.115 secs (0.115u,0.s) (success)
Tactic call rewrite?-noop-regression-linear ran for 0.001 secs (0.001u,0.s) (success)
Tactic call abstract+rewrite!-regression-quadratic ran for 0.156 secs (0.156u,0.s) (success)
Tactic call close-abstract+rewrite!-regression-quadratic ran for 0.038 secs (0.038u,0.s)
Params: n= 92
Tactic call rewrite!-regression-quadratic ran for 0.117 secs (0.117u,0.s) (success)
Tactic call rewrite?-noop-regression-linear ran for 0.001 secs (0.001u,0.s) (success)
Tactic call abstract+rewrite!-regression-quadratic ran for 0.161 secs (0.161u,0.s) (success)
Tactic call close-abstract+rewrite!-regression-quadratic ran for 0.04 secs (0.04u,0.s)
Params: n= 93
Tactic call rewrite!-regression-quadratic ran for 0.123 secs (0.123u,0.s) (success)
Tactic call rewrite?-noop-regression-linear ran for 0.001 secs (0.001u,0.s) (success)
Tactic call abstract+rewrite!-regression-quadratic ran for 0.163 secs (0.163u,0.s) (success)
Tactic call close-abstract+rewrite!-regression-quadratic ran for 0.037 secs (0.037u,0.s)
Params: n= 94
Tactic call rewrite!-regression-quadratic ran for 0.121 secs (0.121u,0.s) (success)
Tactic call rewrite?-noop-regression-linear ran for 0.001 secs (0.001u,0.s) (success)
Tactic call abstract+rewrite!-regression-quadratic ran for 0.161 secs (0.161u,0.s) (success)
Tactic call close-abstract+rewrite!-regression-quadratic ran for 0.037 secs (0.037u,0.s)
Params: n= 95
Tactic call rewrite!-regression-quadratic ran for 0.126 secs (0.126u,0.s) (success)
Tactic call rewrite?-noop-regression-linear ran for 0.001 secs (0.001u,0.s) (success)
Tactic call abstract+rewrite!-regression-quadratic ran for 0.169 secs (0.169u,0.s) (success)
Tactic call close-abstract+rewrite!-regression-quadratic ran for 0.04 secs (0.04u,0.s)
Params: n= 96
Tactic call rewrite!-regression-quadratic ran for 0.125 secs (0.125u,0.s) (success)
Tactic call rewrite?-noop-regression-linear ran for 0.001 secs (0.001u,0.s) (success)
Tactic call abstract+rewrite!-regression-quadratic ran for 0.171 secs (0.171u,0.s) (success)
Tactic call close-abstract+rewrite!-regression-quadratic ran for 0.043 secs (0.043u,0.s)
Params: n= 97
Tactic call rewrite!-regression-quadratic ran for 0.142 secs (0.142u,0.s) (success)
Tactic call rewrite?-noop-regression-linear ran for 0.001 secs (0.001u,0.s) (success)
Tactic call abstract+rewrite!-regression-quadratic ran for 0.189 secs (0.189u,0.s) (success)
Tactic call close-abstract+rewrite!-regression-quadratic ran for 0.044 secs (0.044u,0.s)
Params: n= 98
Tactic call rewrite!-regression-quadratic ran for 0.132 secs (0.132u,0.s) (success)
Tactic call rewrite?-noop-regression-linear ran for 0.001 secs (0.001u,0.s) (success)
Tactic call abstract+rewrite!-regression-quadratic ran for 0.178 secs (0.178u,0.s) (success)
Tactic call close-abstract+rewrite!-regression-quadratic ran for 0.044 secs (0.044u,0.s)
Params: n= 99
Tactic call rewrite!-regression-quadratic ran for 0.136 secs (0.132u,0.003s) (success)
Tactic call rewrite?-noop-regression-linear ran for 0.001 secs (0.001u,0.s) (success)
Tactic call abstract+rewrite!-regression-quadratic ran for 0.184 secs (0.176u,0.007s) (success)
Tactic call close-abstract+rewrite!-regression-quadratic ran for 0.045 secs (0.041u,0.003s)
Params: n= 110
Tactic call rewrite!-regression-quadratic ran for 0.168 secs (0.168u,0.s) (success)
Tactic call rewrite?-noop-regression-linear ran for 0.001 secs (0.001u,0.s) (success)
Tactic call abstract+rewrite!-regression-quadratic ran for 0.226 secs (0.226u,0.s) (success)
Tactic call close-abstract+rewrite!-regression-quadratic ran for 0.055 secs (0.055u,0.s)
Params: n= 120
Tactic call rewrite!-regression-quadratic ran for 0.201 secs (0.201u,0.s) (success)
Tactic call rewrite?-noop-regression-linear ran for 0.001 secs (0.001u,0.s) (success)
Tactic call abstract+rewrite!-regression-quadratic ran for 0.268 secs (0.268u,0.s) (success)
Tactic call close-abstract+rewrite!-regression-quadratic ran for 0.063 secs (0.063u,0.s)
Params: n= 130
Tactic call rewrite!-regression-quadratic ran for 0.247 secs (0.247u,0.s) (success)
Tactic call rewrite?-noop-regression-linear ran for 0.002 secs (0.002u,0.s) (success)
Tactic call abstract+rewrite!-regression-quadratic ran for 0.324 secs (0.324u,0.s) (success)
Tactic call close-abstract+rewrite!-regression-quadratic ran for 0.074 secs (0.074u,0.s)
Params: n= 140
Tactic call rewrite!-regression-quadratic ran for 0.282 secs (0.282u,0.s) (success)
Tactic call rewrite?-noop-regression-linear ran for 0.002 secs (0.002u,0.s) (success)
Tactic call abstract+rewrite!-regression-quadratic ran for 0.375 secs (0.375u,0.s) (success)
Tactic call close-abstract+rewrite!-regression-quadratic ran for 0.089 secs (0.089u,0.s)
Params: n= 160
Tactic call rewrite!-regression-quadratic ran for 0.369 secs (0.369u,0.s) (success)
Tactic call rewrite?-noop-regression-linear ran for 0.002 secs (0.002u,0.s) (success)
Tactic call abstract+rewrite!-regression-quadratic ran for 0.499 secs (0.499u,0.s) (success)
Tactic call close-abstract+rewrite!-regression-quadratic ran for 0.126 secs (0.126u,0.s)
Params: n= 170
Tactic call rewrite!-regression-quadratic ran for 0.418 secs (0.418u,0.s) (success)
Tactic call rewrite?-noop-regression-linear ran for 0.002 secs (0.002u,0.s) (success)
Tactic call abstract+rewrite!-regression-quadratic ran for 0.559 secs (0.559u,0.s) (success)
Tactic call close-abstract+rewrite!-regression-quadratic ran for 0.135 secs (0.135u,0.s)
Params: n= 180
Tactic call rewrite!-regression-quadratic ran for 0.481 secs (0.481u,0.s) (success)
Tactic call rewrite?-noop-regression-linear ran for 0.003 secs (0.003u,0.s) (success)
Tactic call abstract+rewrite!-regression-quadratic ran for 0.633 secs (0.633u,0.s) (success)
Tactic call close-abstract+rewrite!-regression-quadratic ran for 0.146 secs (0.146u,0.s)
Params: n= 190
Tactic call rewrite!-regression-quadratic ran for 0.522 secs (0.522u,0.s) (success)
Tactic call rewrite?-noop-regression-linear ran for 0.003 secs (0.003u,0.s) (success)
Tactic call abstract+rewrite!-regression-quadratic ran for 0.684 secs (0.684u,0.s) (success)
Tactic call close-abstract+rewrite!-regression-quadratic ran for 0.156 secs (0.156u,0.s)
Params: n= 210
Tactic call rewrite!-regression-quadratic ran for 0.652 secs (0.648u,0.003s) (success)
Tactic call rewrite?-noop-regression-linear ran for 0.003 secs (0.003u,0.s) (success)
Tactic call abstract+rewrite!-regression-quadratic ran for 0.854 secs (0.85u,0.003s) (success)
Tactic call close-abstract+rewrite!-regression-quadratic ran for 0.196 secs (0.196u,0.s)
Params: n= 220
Tactic call rewrite!-regression-quadratic ran for 0.69 secs (0.69u,0.s) (success)
Tactic call rewrite?-noop-regression-linear ran for 0.003 secs (0.003u,0.s) (success)
Tactic call abstract+rewrite!-regression-quadratic ran for 0.909 secs (0.909u,0.s) (success)
Tactic call close-abstract+rewrite!-regression-quadratic ran for 0.213 secs (0.213u,0.s)
Params: n= 230
Tactic call rewrite!-regression-quadratic ran for 0.79 secs (0.79u,0.s) (success)
Tactic call rewrite?-noop-regression-linear ran for 0.004 secs (0.004u,0.s) (success)
Tactic call abstract+rewrite!-regression-quadratic ran for 1.04 secs (1.04u,0.s) (success)
Tactic call close-abstract+rewrite!-regression-quadratic ran for 0.243 secs (0.243u,0.s)
Params: n= 240
Tactic call rewrite!-regression-quadratic ran for 0.862 secs (0.862u,0.s) (success)
Tactic call rewrite?-noop-regression-linear ran for 0.004 secs (0.004u,0.s) (success)
Tactic call abstract+rewrite!-regression-quadratic ran for 1.133 secs (1.133u,0.s) (success)
Tactic call close-abstract+rewrite!-regression-quadratic ran for 0.264 secs (0.264u,0.s)
Params: n= 260
Tactic call rewrite!-regression-quadratic ran for 1.02 secs (1.02u,0.s) (success)
Tactic call rewrite?-noop-regression-linear ran for 0.005 secs (0.005u,0.s) (success)
Tactic call abstract+rewrite!-regression-quadratic ran for 1.326 secs (1.325u,0.s) (success)
Tactic call close-abstract+rewrite!-regression-quadratic ran for 0.298 secs (0.298u,0.s)
Params: n= 270
Tactic call rewrite!-regression-quadratic ran for 1.097 secs (1.097u,0.s) (success)
Tactic call rewrite?-noop-regression-linear ran for 0.005 secs (0.005u,0.s) (success)
Tactic call abstract+rewrite!-regression-quadratic ran for 1.422 secs (1.422u,0.s) (success)
Tactic call close-abstract+rewrite!-regression-quadratic ran for 0.318 secs (0.318u,0.s)
Params: n= 280
Tactic call rewrite!-regression-quadratic ran for 1.177 secs (1.177u,0.s) (success)
Tactic call rewrite?-noop-regression-linear ran for 0.005 secs (0.005u,0.s) (success)
Tactic call abstract+rewrite!-regression-quadratic ran for 1.557 secs (1.557u,0.s) (success)
Tactic call close-abstract+rewrite!-regression-quadratic ran for 0.372 secs (0.372u,0.s)
Params: n= 290
Tactic call rewrite!-regression-quadratic ran for 1.332 secs (1.332u,0.s) (success)
Tactic call rewrite?-noop-regression-linear ran for 0.005 secs (0.005u,0.s) (success)
Tactic call abstract+rewrite!-regression-quadratic ran for 1.703 secs (1.703u,0.s) (success)
Tactic call close-abstract+rewrite!-regression-quadratic ran for 0.363 secs (0.363u,0.s)
Params: n= 310
Tactic call rewrite!-regression-quadratic ran for 1.488 secs (1.488u,0.s) (success)
Tactic call rewrite?-noop-regression-linear ran for 0.006 secs (0.006u,0.s) (success)
Tactic call abstract+rewrite!-regression-quadratic ran for 1.929 secs (1.929u,0.s) (success)
Tactic call close-abstract+rewrite!-regression-quadratic ran for 0.432 secs (0.432u,0.s)
Params: n= 320
Tactic call rewrite!-regression-quadratic ran for 1.594 secs (1.593u,0.s) (success)
Tactic call rewrite?-noop-regression-linear ran for 0.007 secs (0.007u,0.s) (success)
Tactic call abstract+rewrite!-regression-quadratic ran for 2.064 secs (2.064u,0.s) (success)
Tactic call close-abstract+rewrite!-regression-quadratic ran for 0.461 secs (0.461u,0.s)
Params: n= 330
Tactic call rewrite!-regression-quadratic ran for 1.778 secs (1.778u,0.s) (success)
Tactic call rewrite?-noop-regression-linear ran for 0.007 secs (0.007u,0.s) (success)
Tactic call abstract+rewrite!-regression-quadratic ran for 2.263 secs (2.263u,0.s) (success)
Tactic call close-abstract+rewrite!-regression-quadratic ran for 0.475 secs (0.475u,0.s)
Params: n= 340
Tactic call rewrite!-regression-quadratic ran for 1.842 secs (1.83u,0.011s) (success)
Tactic call rewrite?-noop-regression-linear ran for 0.007 secs (0.007u,0.s) (success)
Tactic call abstract+rewrite!-regression-quadratic ran for 2.354 secs (2.341u,0.011s) (success)
Tactic call close-abstract+rewrite!-regression-quadratic ran for 0.501 secs (0.501u,0.s)
Params: n= 360
Tactic call rewrite!-regression-quadratic ran for 2.137 secs (2.137u,0.s) (success)
Tactic call rewrite?-noop-regression-linear ran for 0.008 secs (0.008u,0.s) (success)
Tactic call abstract+rewrite!-regression-quadratic ran for 2.737 secs (2.733u,0.004s) (success)
Tactic call close-abstract+rewrite!-regression-quadratic ran for 0.59 secs (0.586u,0.004s)
Params: n= 370
Tactic call rewrite!-regression-quadratic ran for 2.268 secs (2.268u,0.s) (success)
Tactic call rewrite?-noop-regression-linear ran for 0.008 secs (0.008u,0.s) (success)
Tactic call abstract+rewrite!-regression-quadratic ran for 2.881 secs (2.881u,0.s) (success)
Tactic call close-abstract+rewrite!-regression-quadratic ran for 0.602 secs (0.602u,0.s)
Params: n= 380
Tactic call rewrite!-regression-quadratic ran for 2.367 secs (2.367u,0.s) (success)
Tactic call rewrite?-noop-regression-linear ran for 0.009 secs (0.009u,0.s) (success)
Tactic call abstract+rewrite!-regression-quadratic ran for 2.988 secs (2.988u,0.s) (success)
Tactic call close-abstract+rewrite!-regression-quadratic ran for 0.61 secs (0.61u,0.s)
Params: n= 390
Tactic call rewrite!-regression-quadratic ran for 2.582 secs (2.582u,0.s) (success)
Tactic call rewrite?-noop-regression-linear ran for 0.009 secs (0.009u,0.s) (success)
Tactic call abstract+rewrite!-regression-quadratic ran for 3.272 secs (3.272u,0.s) (success)
Tactic call close-abstract+rewrite!-regression-quadratic ran for 0.678 secs (0.678u,0.s)
