Params: n= 50
Tactic call rewrite!-regression-quadratic ran for 0.108 secs (0.068u,0.04s) (success)
Tactic call rewrite?-noop-regression-linear ran for 0. secs (0.u,0.s) (success)
Tactic call abstract+rewrite!-regression-quadratic ran for 0.121 secs (0.081u,0.04s) (success)
Tactic call close-abstract+rewrite!-regression-quadratic ran for 0.011 secs (0.011u,0.s)
Params: n= 100
Tactic call rewrite!-regression-quadratic ran for 0.159 secs (0.156u,0.003s) (success)
Tactic call rewrite?-noop-regression-linear ran for 0.001 secs (0.001u,0.s) (success)
Tactic call abstract+rewrite!-regression-quadratic ran for 0.206 secs (0.203u,0.003s) (success)
Tactic call close-abstract+rewrite!-regression-quadratic ran for 0.044 secs (0.044u,0.s)
Params: n= 150
Tactic call rewrite!-regression-quadratic ran for 0.343 secs (0.343u,0.s) (success)
Tactic call rewrite?-noop-regression-linear ran for 0.002 secs (0.002u,0.s) (success)
Tactic call abstract+rewrite!-regression-quadratic ran for 0.461 secs (0.461u,0.s) (success)
Tactic call close-abstract+rewrite!-regression-quadratic ran for 0.114 secs (0.114u,0.s)
Params: n= 200
Tactic call rewrite!-regression-quadratic ran for 0.63 secs (0.63u,0.s) (success)
Tactic call rewrite?-noop-regression-linear ran for 0.003 secs (0.003u,0.s) (success)
Tactic call abstract+rewrite!-regression-quadratic ran for 0.836 secs (0.832u,0.003s) (success)
Tactic call close-abstract+rewrite!-regression-quadratic ran for 0.201 secs (0.197u,0.003s)
Params: n= 250
Tactic call rewrite!-regression-quadratic ran for 1. secs (0.996u,0.003s) (success)
Tactic call rewrite?-noop-regression-linear ran for 0.004 secs (0.004u,0.s) (success)
Tactic call abstract+rewrite!-regression-quadratic ran for 1.306 secs (1.298u,0.007s) (success)
Tactic call close-abstract+rewrite!-regression-quadratic ran for 0.3 secs (0.296u,0.003s)
Params: n= 300
Tactic call rewrite!-regression-quadratic ran for 1.45 secs (1.45u,0.s) (success)
Tactic call rewrite?-noop-regression-linear ran for 0.007 secs (0.007u,0.s) (success)
Tactic call abstract+rewrite!-regression-quadratic ran for 1.88 secs (1.879u,0.s) (success)
Tactic call close-abstract+rewrite!-regression-quadratic ran for 0.42 secs (0.42u,0.s)
Params: n= 350
Tactic call rewrite!-regression-quadratic ran for 2.162 secs (2.162u,0.s) (success)
Tactic call rewrite?-noop-regression-linear ran for 0.008 secs (0.008u,0.s) (success)
Tactic call abstract+rewrite!-regression-quadratic ran for 2.752 secs (2.748u,0.003s) (success)
Tactic call close-abstract+rewrite!-regression-quadratic ran for 0.58 secs (0.577u,0.003s)
Params: n= 400
Tactic call rewrite!-regression-quadratic ran for 2.868 secs (2.859u,0.007s) (success)
Tactic call rewrite?-noop-regression-linear ran for 0.01 secs (0.01u,0.s) (success)
Tactic call abstract+rewrite!-regression-quadratic ran for 3.626 secs (3.617u,0.007s) (success)
Tactic call close-abstract+rewrite!-regression-quadratic ran for 0.745 secs (0.745u,0.s)
