Params: n= 110
Tactic call reify-regression-cubic ran for 1.374 secs (1.327u,0.047s)
Tactic call abstract-regression-linear ran for 0.005 secs (0.005u,0.s) (success)
Params: n= 120
Tactic call reify-regression-cubic ran for 1.174 secs (1.17u,0.004s)
Tactic call abstract-regression-linear ran for 0.006 secs (0.006u,0.s) (success)
Params: n= 130
Tactic call reify-regression-cubic ran for 1.448 secs (1.432u,0.015s)
Tactic call abstract-regression-linear ran for 0.006 secs (0.006u,0.s) (success)
Params: n= 140
Tactic call reify-regression-cubic ran for 1.72 secs (1.72u,0.s)
Tactic call abstract-regression-linear ran for 0.007 secs (0.007u,0.s) (success)
Params: n= 150
Tactic call reify-regression-cubic ran for 1.947 secs (1.938u,0.007s)
Tactic call abstract-regression-linear ran for 0.007 secs (0.007u,0.s) (success)
Params: n= 160
Tactic call reify-regression-cubic ran for 2.357 secs (2.353u,0.003s)
Tactic call abstract-regression-linear ran for 0.007 secs (0.007u,0.s) (success)
Params: n= 170
Tactic call reify-regression-cubic ran for 2.797 secs (2.788u,0.007s)
Tactic call abstract-regression-linear ran for 0.008 secs (0.008u,0.s) (success)
Params: n= 180
Tactic call reify-regression-cubic ran for 3.124 secs (3.124u,0.s)
Tactic call abstract-regression-linear ran for 0.008 secs (0.008u,0.s) (success)
Params: n= 190
Tactic call reify-regression-cubic ran for 3.787 secs (3.786u,0.s)
Tactic call abstract-regression-linear ran for 0.01 secs (0.01u,0.s) (success)
Params: n= 200
Tactic call reify-regression-cubic ran for 4.47 secs (4.469u,0.s)
Tactic call abstract-regression-linear ran for 0.01 secs (0.01u,0.s) (success)
Params: n= 210
Tactic call reify-regression-cubic ran for 5.164 secs (5.156u,0.s)
Tactic call abstract-regression-linear ran for 0.01 secs (0.01u,0.s) (success)
Params: n= 220
Tactic call reify-regression-cubic ran for 5.665 secs (5.66u,0.003s)
Tactic call abstract-regression-linear ran for 0.011 secs (0.011u,0.s) (success)
Params: n= 230
Tactic call reify-regression-cubic ran for 6.206 secs (6.206u,0.s)
Tactic call abstract-regression-linear ran for 0.011 secs (0.011u,0.s) (success)
Params: n= 240
Tactic call reify-regression-cubic ran for 6.885 secs (6.88u,0.003s)
Tactic call abstract-regression-linear ran for 0.011 secs (0.011u,0.s) (success)
Params: n= 250
Tactic call reify-regression-cubic ran for 7.69 secs (7.681u,0.007s)
Tactic call abstract-regression-linear ran for 0.011 secs (0.011u,0.s) (success)
Params: n= 260
Tactic call reify-regression-cubic ran for 8.531 secs (8.53u,0.s)
Tactic call abstract-regression-linear ran for 0.013 secs (0.013u,0.s) (success)
Params: n= 270
Tactic call reify-regression-cubic ran for 9.339 secs (9.326u,0.012s)
Tactic call abstract-regression-linear ran for 0.013 secs (0.013u,0.s) (success)
Params: n= 280
Tactic call reify-regression-cubic ran for 10.742 secs (10.725u,0.015s)
Tactic call abstract-regression-linear ran for 0.014 secs (0.014u,0.s) (success)
Params: n= 290
Tactic call reify-regression-cubic ran for 11.87 secs (11.857u,0.011s)
Tactic call abstract-regression-linear ran for 0.015 secs (0.015u,0.s) (success)
Params: n= 300
Tactic call reify-regression-cubic ran for 12.328 secs (12.326u,0.s)
Tactic call abstract-regression-linear ran for 0.017 secs (0.017u,0.s) (success)
Params: n= 350
Tactic call reify-regression-cubic ran for 18.76 secs (18.753u,0.003s)
Tactic call abstract-regression-linear ran for 0.017 secs (0.017u,0.s) (success)
Params: n= 400
Tactic call reify-regression-cubic ran for 29.758 secs (29.754u,0.s)
Tactic call abstract-regression-linear ran for 0.02 secs (0.02u,0.s) (success)
Params: n= 450
Tactic call reify-regression-cubic ran for 39.333 secs (39.309u,0.015s)
Tactic call abstract-regression-linear ran for 0.024 secs (0.024u,0.s) (success)
Params: n= 500
Tactic call reify-regression-cubic ran for 54.391 secs (54.295u,0.087s)
Tactic call abstract-regression-linear ran for 0.026 secs (0.022u,0.003s) (success)
