Params: n= 50
Tactic call rewrite_strat-topdown ran for 0.062 secs (0.059u,0.003s) (success)
Tactic call rewrite_strat-topdown-noop ran for 0. secs (0.u,0.s) (success)
Tactic call abstract+rewrite_strat-topdown ran for 0.075 secs (0.071u,0.003s) (success)
Tactic call close-abstract+rewrite_strat-topdown ran for 0.011 secs (0.011u,0.s)
Params: n= 100
Tactic call rewrite_strat-topdown ran for 0.071 secs (0.071u,0.s) (success)
Tactic call rewrite_strat-topdown-noop ran for 0. secs (0.u,0.s) (success)
Tactic call abstract+rewrite_strat-topdown ran for 0.119 secs (0.119u,0.s) (success)
Tactic call close-abstract+rewrite_strat-topdown ran for 0.047 secs (0.047u,0.s)
Params: n= 150
Tactic call rewrite_strat-topdown ran for 0.169 secs (0.169u,0.s) (success)
Tactic call rewrite_strat-topdown-noop ran for 0.001 secs (0.001u,0.s) (success)
Tactic call abstract+rewrite_strat-topdown ran for 0.29 secs (0.289u,0.s) (success)
Tactic call close-abstract+rewrite_strat-topdown ran for 0.118 secs (0.118u,0.s)
Params: n= 200
Tactic call rewrite_strat-topdown ran for 0.32 secs (0.316u,0.003s) (success)
Tactic call rewrite_strat-topdown-noop ran for 0.002 secs (0.002u,0.s) (success)
Tactic call abstract+rewrite_strat-topdown ran for 0.529 secs (0.525u,0.004s) (success)
Tactic call close-abstract+rewrite_strat-topdown ran for 0.205 secs (0.205u,0.s)
Params: n= 250
Tactic call rewrite_strat-topdown ran for 0.465 secs (0.461u,0.003s) (success)
Tactic call rewrite_strat-topdown-noop ran for 0.008 secs (0.004u,0.004s) (success)
Tactic call abstract+rewrite_strat-topdown ran for 0.754 secs (0.742u,0.011s) (success)
Tactic call close-abstract+rewrite_strat-topdown ran for 0.279 secs (0.275u,0.003s)
Params: n= 300
Tactic call rewrite_strat-topdown ran for 0.69 secs (0.69u,0.s) (success)
Tactic call rewrite_strat-topdown-noop ran for 0.005 secs (0.005u,0.s) (success)
Tactic call abstract+rewrite_strat-topdown ran for 1.143 secs (1.143u,0.s) (success)
Tactic call close-abstract+rewrite_strat-topdown ran for 0.447 secs (0.447u,0.s)
Params: n= 350
Tactic call rewrite_strat-topdown ran for 1.017 secs (1.009u,0.007s) (success)
Tactic call rewrite_strat-topdown-noop ran for 0.006 secs (0.006u,0.s) (success)
Tactic call abstract+rewrite_strat-topdown ran for 1.567 secs (1.559u,0.007s) (success)
Tactic call close-abstract+rewrite_strat-topdown ran for 0.542 secs (0.542u,0.s)
Params: n= 400
Tactic call rewrite_strat-topdown ran for 1.419 secs (1.419u,0.s) (success)
Tactic call rewrite_strat-topdown-noop ran for 0.008 secs (0.008u,0.s) (success)
Tactic call abstract+rewrite_strat-topdown ran for 2.13 secs (2.126u,0.003s) (success)
Tactic call close-abstract+rewrite_strat-topdown ran for 0.702 secs (0.698u,0.003s)
