Params: n= 1
native_compute: Conversion to native code done in 0.00018
native_compute: Compilation done in 0.06102
native_compute: Evaluation done in 0.00080
native_compute: Reification done in 0.00006
Tactic call identity native_compute on PHOAS with big_flat ran for 0.063 secs (0.u,0.004s) (success)
Params: n= 2
native_compute: Conversion to native code done in 0.00018
native_compute: Compilation done in 0.05597
native_compute: Evaluation done in 0.00077
native_compute: Reification done in 0.00006
Tactic call identity native_compute on PHOAS with big_flat ran for 0.057 secs (0.u,0.002s) (success)
Params: n= 3
native_compute: Conversion to native code done in 0.00018
native_compute: Compilation done in 0.05446
native_compute: Evaluation done in 0.00076
native_compute: Reification done in 0.00006
Tactic call identity native_compute on PHOAS with big_flat ran for 0.056 secs (0.u,0.003s) (success)
Params: n= 4
native_compute: Conversion to native code done in 0.00019
native_compute: Compilation done in 0.05456
native_compute: Evaluation done in 0.00082
native_compute: Reification done in 0.00007
Tactic call identity native_compute on PHOAS with big_flat ran for 0.055 secs (0.002u,0.s) (success)
