Params: n= 110
Tactic call reify-regression-cubic ran for 2.773 secs (2.743u,0.029s)
Tactic call abstract-regression-linear ran for 0.001 secs (0.001u,0.s) (success)
Params: n= 120
Tactic call reify-regression-cubic ran for 3.333 secs (3.329u,0.003s)
Tactic call abstract-regression-linear ran for 0.001 secs (0.001u,0.s) (success)
Params: n= 130
Tactic call reify-regression-cubic ran for 4.407 secs (4.403u,0.004s)
Tactic call abstract-regression-linear ran for 0.002 secs (0.002u,0.s) (success)
Params: n= 140
Tactic call reify-regression-cubic ran for 5.74 secs (5.739u,0.s)
Tactic call abstract-regression-linear ran for 0.002 secs (0.002u,0.s) (success)
Params: n= 150
Tactic call reify-regression-cubic ran for 7.238 secs (7.225u,0.012s)
Tactic call abstract-regression-linear ran for 0.002 secs (0.u,0.002s) (success)
Params: n= 160
Tactic call reify-regression-cubic ran for 9.079 secs (9.074u,0.004s)
Tactic call abstract-regression-linear ran for 0.002 secs (0.002u,0.s) (success)
Params: n= 170
Tactic call reify-regression-cubic ran for 11.288 secs (11.284u,0.004s)
Tactic call abstract-regression-linear ran for 0.002 secs (0.002u,0.s) (success)
Params: n= 180
Tactic call reify-regression-cubic ran for 13.775 secs (13.77u,0.003s)
Tactic call abstract-regression-linear ran for 0.002 secs (0.002u,0.s) (success)
Params: n= 190
Tactic call reify-regression-cubic ran for 16.757 secs (16.752u,0.004s)
Tactic call abstract-regression-linear ran for 0.003 secs (0.003u,0.s) (success)
Params: n= 200
Tactic call reify-regression-cubic ran for 20.14 secs (20.131u,0.007s)
Tactic call abstract-regression-linear ran for 0.003 secs (0.003u,0.s) (success)
