Params: n= 3674
native_compute: Conversion to native code done in 0.00015
native_compute: Compilation done in 0.07098
native_compute: Evaluation done in 0.04586
native_compute: Reification done in 0.00305
Tactic call native_compute(1)-regression-quadratic ran for 0.208 secs (0.109u,0.028s) (success)
native_compute: Conversion to native code done in 0.00015
native_compute: Compilation done in 0.07102
native_compute: Evaluation done in 0.03079
native_compute: Reification done in 0.00848
Tactic call native_compute(2)-regression-quadratic ran for 0.11 secs (0.04u,0.s) (success)
Params: n= 7346
native_compute: Conversion to native code done in 0.00013
native_compute: Compilation done in 0.07057
native_compute: Evaluation done in 0.12852
native_compute: Reification done in 0.00588
Tactic call native_compute(1)-regression-quadratic ran for 0.205 secs (0.135u,0.s) (success)
native_compute: Conversion to native code done in 0.00018
native_compute: Compilation done in 0.07114
native_compute: Evaluation done in 0.14165
native_compute: Reification done in 0.00588
Tactic call native_compute(2)-regression-quadratic ran for 0.219 secs (0.148u,0.s) (success)
Params: n= 11017
native_compute: Conversion to native code done in 0.00016
native_compute: Compilation done in 0.07132
native_compute: Evaluation done in 0.39107
native_compute: Reification done in 0.00903
Tactic call native_compute(1)-regression-quadratic ran for 0.471 secs (0.394u,0.006s) (success)
native_compute: Conversion to native code done in 0.00014
native_compute: Compilation done in 0.07033
native_compute: Evaluation done in 0.33154
native_compute: Reification done in 0.00897
Tactic call native_compute(2)-regression-quadratic ran for 0.411 secs (0.337u,0.003s) (success)
Params: n= 14689
native_compute: Conversion to native code done in 0.00015
native_compute: Compilation done in 0.07171
native_compute: Evaluation done in 0.88130
native_compute: Reification done in 0.01240
Tactic call native_compute(1)-regression-quadratic ran for 0.965 secs (0.894u,0.s) (success)
native_compute: Conversion to native code done in 0.00015
native_compute: Compilation done in 0.07081
native_compute: Evaluation done in 0.50683
native_compute: Reification done in 0.01167
Tactic call native_compute(2)-regression-quadratic ran for 0.589 secs (0.519u,0.s) (success)
Params: n= 18361
native_compute: Conversion to native code done in 0.00014
native_compute: Compilation done in 0.07068
native_compute: Evaluation done in 0.88561
native_compute: Reification done in 0.01414
Tactic call native_compute(1)-regression-quadratic ran for 0.97 secs (0.896u,0.003s) (success)
native_compute: Conversion to native code done in 0.00015
native_compute: Compilation done in 0.07076
native_compute: Evaluation done in 0.81726
native_compute: Reification done in 0.01465
Tactic call native_compute(2)-regression-quadratic ran for 0.903 secs (0.829u,0.003s) (success)
