Params: n= 10
Tactic call setoid_rewrite-regression-cubic ran for 0.006 secs (0.005u,0.s) (success)
Tactic call abstract+setoid_rewrite-regression-cubic ran for 0.008 secs (0.007u,0.s) (success)
Tactic call close-abstract+setoid_rewrite-regression-quadratic ran for 0.001 secs (0.001u,0.s)
Params: n= 20
Tactic call setoid_rewrite-regression-cubic ran for 0.013 secs (0.009u,0.004s) (success)
Tactic call abstract+setoid_rewrite-regression-cubic ran for 0.018 secs (0.014u,0.004s) (success)
Tactic call close-abstract+setoid_rewrite-regression-quadratic ran for 0.004 secs (0.004u,0.s)
Params: n= 30
Tactic call setoid_rewrite-regression-cubic ran for 0.053 secs (0.049u,0.003s) (success)
Tactic call abstract+setoid_rewrite-regression-cubic ran for 0.06 secs (0.056u,0.003s) (success)
Tactic call close-abstract+setoid_rewrite-regression-quadratic ran for 0.006 secs (0.006u,0.s)
Params: n= 40
Tactic call setoid_rewrite-regression-cubic ran for 0.045 secs (0.044u,0.s) (success)
Tactic call abstract+setoid_rewrite-regression-cubic ran for 0.058 secs (0.058u,0.s) (success)
Tactic call close-abstract+setoid_rewrite-regression-quadratic ran for 0.013 secs (0.013u,0.s)
Params: n= 60
Tactic call setoid_rewrite-regression-cubic ran for 0.074 secs (0.074u,0.s) (success)
Tactic call abstract+setoid_rewrite-regression-cubic ran for 0.102 secs (0.102u,0.s) (success)
Tactic call close-abstract+setoid_rewrite-regression-quadratic ran for 0.027 secs (0.027u,0.s)
Params: n= 70
Tactic call setoid_rewrite-regression-cubic ran for 0.103 secs (0.103u,0.s) (success)
Tactic call abstract+setoid_rewrite-regression-cubic ran for 0.134 secs (0.134u,0.s) (success)
Tactic call close-abstract+setoid_rewrite-regression-quadratic ran for 0.031 secs (0.031u,0.s)
Params: n= 80
Tactic call setoid_rewrite-regression-cubic ran for 0.217 secs (0.217u,0.s) (success)
Tactic call abstract+setoid_rewrite-regression-cubic ran for 0.267 secs (0.267u,0.s) (success)
Tactic call close-abstract+setoid_rewrite-regression-quadratic ran for 0.049 secs (0.049u,0.s)
Params: n= 90
Tactic call setoid_rewrite-regression-cubic ran for 0.165 secs (0.161u,0.003s) (success)
Tactic call abstract+setoid_rewrite-regression-cubic ran for 0.221 secs (0.217u,0.003s) (success)
Tactic call close-abstract+setoid_rewrite-regression-quadratic ran for 0.055 secs (0.055u,0.s)
Params: n= 110
Tactic call setoid_rewrite-regression-cubic ran for 0.345 secs (0.345u,0.s) (success)
Tactic call abstract+setoid_rewrite-regression-cubic ran for 0.417 secs (0.417u,0.s) (success)
Tactic call close-abstract+setoid_rewrite-regression-quadratic ran for 0.071 secs (0.071u,0.s)
Params: n= 120
Tactic call setoid_rewrite-regression-cubic ran for 0.292 secs (0.292u,0.s) (success)
Tactic call abstract+setoid_rewrite-regression-cubic ran for 0.378 secs (0.378u,0.s) (success)
Tactic call close-abstract+setoid_rewrite-regression-quadratic ran for 0.085 secs (0.085u,0.s)
Params: n= 130
Tactic call setoid_rewrite-regression-cubic ran for 0.359 secs (0.359u,0.s) (success)
Tactic call abstract+setoid_rewrite-regression-cubic ran for 0.459 secs (0.459u,0.s) (success)
Tactic call close-abstract+setoid_rewrite-regression-quadratic ran for 0.099 secs (0.099u,0.s)
Params: n= 140
Tactic call setoid_rewrite-regression-cubic ran for 0.437 secs (0.437u,0.s) (success)
Tactic call abstract+setoid_rewrite-regression-cubic ran for 0.551 secs (0.551u,0.s) (success)
Tactic call close-abstract+setoid_rewrite-regression-quadratic ran for 0.112 secs (0.112u,0.s)
Params: n= 160
Tactic call setoid_rewrite-regression-cubic ran for 0.594 secs (0.591u,0.003s) (success)
Tactic call abstract+setoid_rewrite-regression-cubic ran for 0.741 secs (0.737u,0.003s) (success)
Tactic call close-abstract+setoid_rewrite-regression-quadratic ran for 0.146 secs (0.146u,0.s)
Params: n= 170
Tactic call setoid_rewrite-regression-cubic ran for 0.686 secs (0.682u,0.004s) (success)
Tactic call abstract+setoid_rewrite-regression-cubic ran for 0.851 secs (0.847u,0.004s) (success)
Tactic call close-abstract+setoid_rewrite-regression-quadratic ran for 0.164 secs (0.164u,0.s)
Params: n= 180
Tactic call setoid_rewrite-regression-cubic ran for 0.727 secs (0.723u,0.003s) (success)
Tactic call abstract+setoid_rewrite-regression-cubic ran for 0.912 secs (0.908u,0.003s) (success)
Tactic call close-abstract+setoid_rewrite-regression-quadratic ran for 0.184 secs (0.184u,0.s)
Params: n= 190
Tactic call setoid_rewrite-regression-cubic ran for 0.856 secs (0.856u,0.s) (success)
Tactic call abstract+setoid_rewrite-regression-cubic ran for 1.062 secs (1.062u,0.s) (success)
Tactic call close-abstract+setoid_rewrite-regression-quadratic ran for 0.205 secs (0.205u,0.s)
Params: n= 210
Tactic call setoid_rewrite-regression-cubic ran for 1.026 secs (1.022u,0.004s) (success)
Tactic call abstract+setoid_rewrite-regression-cubic ran for 1.277 secs (1.273u,0.004s) (success)
Tactic call close-abstract+setoid_rewrite-regression-quadratic ran for 0.251 secs (0.251u,0.s)
Params: n= 220
Tactic call setoid_rewrite-regression-cubic ran for 1.157 secs (1.157u,0.s) (success)
Tactic call abstract+setoid_rewrite-regression-cubic ran for 1.432 secs (1.432u,0.s) (success)
Tactic call close-abstract+setoid_rewrite-regression-quadratic ran for 0.275 secs (0.275u,0.s)
Params: n= 230
Tactic call setoid_rewrite-regression-cubic ran for 1.248 secs (1.247u,0.s) (success)
Tactic call abstract+setoid_rewrite-regression-cubic ran for 1.544 secs (1.543u,0.s) (success)
Tactic call close-abstract+setoid_rewrite-regression-quadratic ran for 0.295 secs (0.295u,0.s)
Params: n= 240
Tactic call setoid_rewrite-regression-cubic ran for 1.447 secs (1.439u,0.007s) (success)
Tactic call abstract+setoid_rewrite-regression-cubic ran for 1.77 secs (1.762u,0.007s) (success)
Tactic call close-abstract+setoid_rewrite-regression-quadratic ran for 0.321 secs (0.321u,0.s)
Params: n= 250
Tactic call setoid_rewrite-regression-cubic ran for 1.711 secs (1.711u,0.s) (success)
Tactic call abstract+setoid_rewrite-regression-cubic ran for 2.061 secs (2.061u,0.s) (success)
Tactic call close-abstract+setoid_rewrite-regression-quadratic ran for 0.35 secs (0.35u,0.s)
Params: n= 300
Tactic call setoid_rewrite-regression-cubic ran for 2.448 secs (2.444u,0.003s) (success)
Tactic call abstract+setoid_rewrite-regression-cubic ran for 2.949 secs (2.945u,0.003s) (success)
Tactic call close-abstract+setoid_rewrite-regression-quadratic ran for 0.5 secs (0.5u,0.s)
Params: n= 400
Tactic call setoid_rewrite-regression-cubic ran for 5.279 secs (5.279u,0.s) (success)
Tactic call abstract+setoid_rewrite-regression-cubic ran for 6.16 secs (6.159u,0.s) (success)
Tactic call close-abstract+setoid_rewrite-regression-quadratic ran for 0.879 secs (0.879u,0.s)
