Params: n= 110
Tactic call reify-regression-cubic ran for 3.633 secs (3.62u,0.012s)
Tactic call abstract-regression-linear ran for 0.002 secs (0.002u,0.s) (success)
Params: n= 120
Tactic call reify-regression-cubic ran for 4.708 secs (4.708u,0.s)
Tactic call abstract-regression-linear ran for 0.002 secs (0.002u,0.s) (success)
Params: n= 130
Tactic call reify-regression-cubic ran for 6.244 secs (6.236u,0.007s)
Tactic call abstract-regression-linear ran for 0.002 secs (0.002u,0.s) (success)
Params: n= 140
Tactic call reify-regression-cubic ran for 7.975 secs (7.971u,0.003s)
Tactic call abstract-regression-linear ran for 0.003 secs (0.003u,0.s) (success)
Params: n= 150
Tactic call reify-regression-cubic ran for 10.074 secs (10.069u,0.004s)
Tactic call abstract-regression-linear ran for 0.003 secs (0.003u,0.s) (success)
Params: n= 160
Tactic call reify-regression-cubic ran for 12.648 secs (12.648u,0.s)
Tactic call abstract-regression-linear ran for 0.003 secs (0.003u,0.s) (success)
Params: n= 170
Tactic call reify-regression-cubic ran for 15.559 secs (15.558u,0.s)
Tactic call abstract-regression-linear ran for 0.003 secs (0.003u,0.s) (success)
Params: n= 180
Tactic call reify-regression-cubic ran for 19.046 secs (19.044u,0.s)
Tactic call abstract-regression-linear ran for 0.003 secs (0.003u,0.s) (success)
Params: n= 190
Tactic call reify-regression-cubic ran for 23.012 secs (23.u,0.007s)
Tactic call abstract-regression-linear ran for 0.004 secs (0.004u,0.s) (success)
Params: n= 200
Tactic call reify-regression-cubic ran for 27.593 secs (27.591u,0.s)
Tactic call abstract-regression-linear ran for 0.004 secs (0.004u,0.s) (success)
