Params: 0-nm= 1 , 1-n= 1 , 2-m= 1
native_compute: Conversion to native code done in 0.00034
native_compute: Compilation done in 0.09640
native_compute: Evaluation done in 0.00095
native_compute: Reification done in 0.00006
Tactic call cps+native_compute-regression-quadratic ran for 0.098 secs (0.004u,0.s) (success)
Params: 0-nm= 2 , 1-n= 1 , 2-m= 2
native_compute: Conversion to native code done in 0.00037
native_compute: Compilation done in 0.09201
native_compute: Evaluation done in 0.00099
native_compute: Reification done in 0.00006
Tactic call cps+native_compute-regression-quadratic ran for 0.093 secs (0.u,0.003s) (success)
Params: 0-nm= 2 , 1-n= 2 , 2-m= 1
native_compute: Conversion to native code done in 0.00036
native_compute: Compilation done in 0.09366
native_compute: Evaluation done in 0.00099
native_compute: Reification done in 0.01408
Tactic call cps+native_compute-regression-quadratic ran for 0.109 secs (0.018u,0.s) (success)
Params: 0-nm= 3 , 1-n= 1 , 2-m= 3
native_compute: Conversion to native code done in 0.00035
native_compute: Compilation done in 0.09458
native_compute: Evaluation done in 0.00100
native_compute: Reification done in 0.00008
Tactic call cps+native_compute-regression-quadratic ran for 0.096 secs (0.004u,0.s) (success)
Params: 0-nm= 3 , 1-n= 3 , 2-m= 1
native_compute: Conversion to native code done in 0.00041
native_compute: Compilation done in 0.09305
native_compute: Evaluation done in 0.00098
native_compute: Reification done in 0.00008
Tactic call cps+native_compute-regression-quadratic ran for 0.094 secs (0.001u,0.003s) (success)
Params: 0-nm= 4 , 1-n= 2 , 2-m= 2
native_compute: Conversion to native code done in 0.00038
native_compute: Compilation done in 0.09143
native_compute: Evaluation done in 0.00099
native_compute: Reification done in 0.00008
Tactic call cps+native_compute-regression-quadratic ran for 0.093 secs (0.001u,0.003s) (success)
Params: 0-nm= 4 , 1-n= 4 , 2-m= 1
native_compute: Conversion to native code done in 0.00042
native_compute: Compilation done in 0.09323
native_compute: Evaluation done in 0.00101
native_compute: Reification done in 0.00008
Tactic call cps+native_compute-regression-quadratic ran for 0.094 secs (0.004u,0.s) (success)
Params: 0-nm= 4 , 1-n= 1 , 2-m= 4
native_compute: Conversion to native code done in 0.00036
native_compute: Compilation done in 0.09898
native_compute: Evaluation done in 0.00111
native_compute: Reification done in 0.00008
Tactic call cps+native_compute-regression-quadratic ran for 0.1 secs (0.004u,0.s) (success)
