Params: n= 50
Tactic call rewrite_strat-topdown ran for 0.061 secs (0.055u,0.006s) (success)
Tactic call rewrite_strat-topdown-noop ran for 0. secs (0.u,0.s) (success)
Tactic call abstract+rewrite_strat-topdown ran for 0.073 secs (0.067u,0.006s) (success)
Tactic call close-abstract+rewrite_strat-topdown ran for 0.011 secs (0.011u,0.s)
Params: n= 100
Tactic call rewrite_strat-topdown ran for 0.07 secs (0.07u,0.s) (success)
Tactic call rewrite_strat-topdown-noop ran for 0. secs (0.u,0.s) (success)
Tactic call abstract+rewrite_strat-topdown ran for 0.118 secs (0.118u,0.s) (success)
Tactic call close-abstract+rewrite_strat-topdown ran for 0.046 secs (0.046u,0.s)
Params: n= 150
Tactic call rewrite_strat-topdown ran for 0.163 secs (0.162u,0.001s) (success)
Tactic call rewrite_strat-topdown-noop ran for 0.001 secs (0.001u,0.s) (success)
Tactic call abstract+rewrite_strat-topdown ran for 0.279 secs (0.277u,0.002s) (success)
Tactic call close-abstract+rewrite_strat-topdown ran for 0.114 secs (0.113u,0.s)
Params: n= 200
Tactic call rewrite_strat-topdown ran for 0.31 secs (0.309u,0.s) (success)
Tactic call rewrite_strat-topdown-noop ran for 0.007 secs (0.007u,0.s) (success)
Tactic call abstract+rewrite_strat-topdown ran for 0.516 secs (0.515u,0.s) (success)
Tactic call close-abstract+rewrite_strat-topdown ran for 0.198 secs (0.198u,0.s)
Params: n= 250
Tactic call rewrite_strat-topdown ran for 0.463 secs (0.462u,0.s) (success)
Tactic call rewrite_strat-topdown-noop ran for 0.003 secs (0.003u,0.s) (success)
Tactic call abstract+rewrite_strat-topdown ran for 0.739 secs (0.736u,0.002s) (success)
Tactic call close-abstract+rewrite_strat-topdown ran for 0.271 secs (0.269u,0.001s)
Params: n= 300
Tactic call rewrite_strat-topdown ran for 0.679 secs (0.677u,0.001s) (success)
Tactic call rewrite_strat-topdown-noop ran for 0.005 secs (0.005u,0.s) (success)
Tactic call abstract+rewrite_strat-topdown ran for 1.084 secs (1.08u,0.003s) (success)
Tactic call close-abstract+rewrite_strat-topdown ran for 0.399 secs (0.397u,0.001s)
Params: n= 350
Tactic call rewrite_strat-topdown ran for 0.989 secs (0.983u,0.005s) (success)
Tactic call rewrite_strat-topdown-noop ran for 0.006 secs (0.006u,0.s) (success)
Tactic call abstract+rewrite_strat-topdown ran for 1.516 secs (1.509u,0.007s) (success)
Tactic call close-abstract+rewrite_strat-topdown ran for 0.519 secs (0.518u,0.001s)
Params: n= 400
Tactic call rewrite_strat-topdown ran for 1.361 secs (1.357u,0.003s) (success)
Tactic call rewrite_strat-topdown-noop ran for 0.008 secs (0.008u,0.s) (success)
Tactic call abstract+rewrite_strat-topdown ran for 2.124 secs (2.12u,0.003s) (success)
Tactic call close-abstract+rewrite_strat-topdown ran for 0.753 secs (0.753u,0.s)
