Params: n= 50
Tactic call ssr-rewrite!-regression-quadratic ran for 0.036 secs (0.024u,0.012s) (success)
Tactic call ssr-rewrite?-noop-regression-linear ran for 0. secs (0.u,0.s) (success)
Tactic call abstract-regression-quadratic ran for 0.095 secs (0.071u,0.023s) (success)
Tactic call close-abstract-regression-quadratic ran for 0.058 secs (0.047u,0.011s)
Params: n= 100
Tactic call ssr-rewrite!-regression-quadratic ran for 0.101 secs (0.101u,0.s) (success)
Tactic call ssr-rewrite?-noop-regression-linear ran for 0. secs (0.u,0.s) (success)
Tactic call abstract-regression-quadratic ran for 0.156 secs (0.156u,0.s) (success)
Tactic call close-abstract-regression-quadratic ran for 0.054 secs (0.054u,0.s)
Params: n= 150
Tactic call ssr-rewrite!-regression-quadratic ran for 0.233 secs (0.232u,0.s) (success)
Tactic call ssr-rewrite?-noop-regression-linear ran for 0. secs (0.u,0.s) (success)
Tactic call abstract-regression-quadratic ran for 0.363 secs (0.363u,0.s) (success)
Tactic call close-abstract-regression-quadratic ran for 0.13 secs (0.13u,0.s)
Params: n= 200
Tactic call ssr-rewrite!-regression-quadratic ran for 0.423 secs (0.42u,0.003s) (success)
Tactic call ssr-rewrite?-noop-regression-linear ran for 0. secs (0.u,0.s) (success)
Tactic call abstract-regression-quadratic ran for 0.651 secs (0.648u,0.003s) (success)
Tactic call close-abstract-regression-quadratic ran for 0.227 secs (0.227u,0.s)
Params: n= 250
Tactic call ssr-rewrite!-regression-quadratic ran for 0.623 secs (0.619u,0.003s) (success)
Tactic call ssr-rewrite?-noop-regression-linear ran for 0. secs (0.u,0.s) (success)
Tactic call abstract-regression-quadratic ran for 0.948 secs (0.944u,0.003s) (success)
Tactic call close-abstract-regression-quadratic ran for 0.323 secs (0.323u,0.s)
Params: n= 300
Tactic call ssr-rewrite!-regression-quadratic ran for 0.924 secs (0.92u,0.003s) (success)
Tactic call ssr-rewrite?-noop-regression-linear ran for 0. secs (0.u,0.s) (success)
Tactic call abstract-regression-quadratic ran for 1.424 secs (1.416u,0.007s) (success)
Tactic call close-abstract-regression-quadratic ran for 0.499 secs (0.495u,0.003s)
Params: n= 350
Tactic call ssr-rewrite!-regression-quadratic ran for 1.216 secs (1.212u,0.003s) (success)
Tactic call ssr-rewrite?-noop-regression-linear ran for 0. secs (0.u,0.s) (success)
Tactic call abstract-regression-quadratic ran for 1.834 secs (1.83u,0.004s) (success)
Tactic call close-abstract-regression-quadratic ran for 0.616 secs (0.616u,0.s)
Params: n= 400
Tactic call ssr-rewrite!-regression-quadratic ran for 1.663 secs (1.647u,0.015s) (success)
Tactic call ssr-rewrite?-noop-regression-linear ran for 0. secs (0.u,0.s) (success)
Tactic call abstract-regression-quadratic ran for 2.503 secs (2.479u,0.023s) (success)
Tactic call close-abstract-regression-quadratic ran for 0.839 secs (0.83u,0.007s)
