Params: n= 5
Tactic call cbv for TypeClassesPHOAS with big ran for 0. secs (0.u,0.s) (success)
Tactic call pre for TypeClassesPHOAS with big ran for 0. secs (0.u,0.s) (success)
Tactic call actual reif for TypeClassesPHOAS with big ran for 0.005 secs (0.005u,0.s)
Tactic call eval lazy for TypeClassesPHOAS with big ran for 0. secs (0.u,0.s)
Tactic call norm reif for TypeClassesPHOAS with big ran for 0.005 secs (0.005u,0.s)
Tactic call lazy beta iota for TypeClassesPHOAS with big ran for 0. secs (0.u,0.s) (success)
Tactic call reif for TypeClassesPHOAS with big ran for 0.006 secs (0.006u,0.s) (success)
Tactic call post for TypeClassesPHOAS with big ran for 0. secs (0.u,0.s) (success)
Params: n= 6
Tactic call cbv for TypeClassesPHOAS with big ran for 0. secs (0.u,0.s) (success)
Tactic call pre for TypeClassesPHOAS with big ran for 0. secs (0.u,0.s) (success)
Tactic call actual reif for TypeClassesPHOAS with big ran for 0.007 secs (0.u,0.007s)
Tactic call eval lazy for TypeClassesPHOAS with big ran for 0. secs (0.u,0.s)
Tactic call norm reif for TypeClassesPHOAS with big ran for 0.007 secs (0.u,0.007s)
Tactic call lazy beta iota for TypeClassesPHOAS with big ran for 0. secs (0.u,0.s) (success)
Tactic call reif for TypeClassesPHOAS with big ran for 0.007 secs (0.u,0.007s) (success)
Tactic call post for TypeClassesPHOAS with big ran for 0. secs (0.u,0.s) (success)
Params: n= 7
Tactic call cbv for TypeClassesPHOAS with big ran for 0. secs (0.u,0.s) (success)
Tactic call pre for TypeClassesPHOAS with big ran for 0. secs (0.u,0.s) (success)
Tactic call actual reif for TypeClassesPHOAS with big ran for 0.009 secs (0.008u,0.s)
Tactic call eval lazy for TypeClassesPHOAS with big ran for 0. secs (0.u,0.s)
Tactic call norm reif for TypeClassesPHOAS with big ran for 0.009 secs (0.008u,0.s)
Tactic call lazy beta iota for TypeClassesPHOAS with big ran for 0. secs (0.u,0.s) (success)
Tactic call reif for TypeClassesPHOAS with big ran for 0.009 secs (0.009u,0.s) (success)
Tactic call post for TypeClassesPHOAS with big ran for 0. secs (0.u,0.s) (success)
Params: n= 8
Tactic call cbv for TypeClassesPHOAS with big ran for 0. secs (0.u,0.s) (success)
Tactic call pre for TypeClassesPHOAS with big ran for 0. secs (0.u,0.s) (success)
Tactic call actual reif for TypeClassesPHOAS with big ran for 0.011 secs (0.u,0.011s)
Tactic call eval lazy for TypeClassesPHOAS with big ran for 0. secs (0.u,0.s)
Tactic call norm reif for TypeClassesPHOAS with big ran for 0.011 secs (0.u,0.011s)
Tactic call lazy beta iota for TypeClassesPHOAS with big ran for 0. secs (0.u,0.s) (success)
Tactic call reif for TypeClassesPHOAS with big ran for 0.012 secs (0.u,0.012s) (success)
Tactic call post for TypeClassesPHOAS with big ran for 0. secs (0.u,0.s) (success)
Params: n= 9
Tactic call cbv for TypeClassesPHOAS with big ran for 0. secs (0.u,0.s) (success)
Tactic call pre for TypeClassesPHOAS with big ran for 0. secs (0.u,0.s) (success)
Tactic call actual reif for TypeClassesPHOAS with big ran for 0.013 secs (0.011u,0.002s)
Tactic call eval lazy for TypeClassesPHOAS with big ran for 0. secs (0.u,0.s)
Tactic call norm reif for TypeClassesPHOAS with big ran for 0.013 secs (0.011u,0.002s)
Tactic call lazy beta iota for TypeClassesPHOAS with big ran for 0. secs (0.u,0.s) (success)
Tactic call reif for TypeClassesPHOAS with big ran for 0.014 secs (0.011u,0.002s) (success)
Tactic call post for TypeClassesPHOAS with big ran for 0. secs (0.u,0.s) (success)
Params: n= 10
Tactic call cbv for TypeClassesPHOAS with big ran for 0. secs (0.u,0.s) (success)
Tactic call pre for TypeClassesPHOAS with big ran for 0. secs (0.u,0.s) (success)
Tactic call actual reif for TypeClassesPHOAS with big ran for 0.063 secs (0.051u,0.012s)
Tactic call eval lazy for TypeClassesPHOAS with big ran for 0. secs (0.u,0.s)
Tactic call norm reif for TypeClassesPHOAS with big ran for 0.063 secs (0.051u,0.012s)
Tactic call lazy beta iota for TypeClassesPHOAS with big ran for 0. secs (0.u,0.s) (success)
Tactic call reif for TypeClassesPHOAS with big ran for 0.063 secs (0.051u,0.012s) (success)
Tactic call post for TypeClassesPHOAS with big ran for 0. secs (0.u,0.s) (success)
Params: n= 11
Tactic call cbv for TypeClassesPHOAS with big ran for 0. secs (0.u,0.s) (success)
Tactic call pre for TypeClassesPHOAS with big ran for 0. secs (0.u,0.s) (success)
Tactic call actual reif for TypeClassesPHOAS with big ran for 0.013 secs (0.013u,0.s)
Tactic call eval lazy for TypeClassesPHOAS with big ran for 0. secs (0.u,0.s)
Tactic call norm reif for TypeClassesPHOAS with big ran for 0.013 secs (0.013u,0.s)
Tactic call lazy beta iota for TypeClassesPHOAS with big ran for 0. secs (0.u,0.s) (success)
Tactic call reif for TypeClassesPHOAS with big ran for 0.013 secs (0.013u,0.s) (success)
Tactic call post for TypeClassesPHOAS with big ran for 0. secs (0.u,0.s) (success)
Params: n= 12
Tactic call cbv for TypeClassesPHOAS with big ran for 0. secs (0.u,0.s) (success)
Tactic call pre for TypeClassesPHOAS with big ran for 0. secs (0.u,0.s) (success)
Tactic call actual reif for TypeClassesPHOAS with big ran for 0.015 secs (0.015u,0.s)
Tactic call eval lazy for TypeClassesPHOAS with big ran for 0. secs (0.u,0.s)
Tactic call norm reif for TypeClassesPHOAS with big ran for 0.015 secs (0.015u,0.s)
Tactic call lazy beta iota for TypeClassesPHOAS with big ran for 0. secs (0.u,0.s) (success)
Tactic call reif for TypeClassesPHOAS with big ran for 0.015 secs (0.015u,0.s) (success)
Tactic call post for TypeClassesPHOAS with big ran for 0. secs (0.u,0.s) (success)
Params: n= 13
Tactic call cbv for TypeClassesPHOAS with big ran for 0. secs (0.u,0.s) (success)
Tactic call pre for TypeClassesPHOAS with big ran for 0. secs (0.u,0.s) (success)
Tactic call actual reif for TypeClassesPHOAS with big ran for 0.018 secs (0.018u,0.s)
Tactic call eval lazy for TypeClassesPHOAS with big ran for 0. secs (0.u,0.s)
Tactic call norm reif for TypeClassesPHOAS with big ran for 0.018 secs (0.018u,0.s)
Tactic call lazy beta iota for TypeClassesPHOAS with big ran for 0. secs (0.u,0.s) (success)
Tactic call reif for TypeClassesPHOAS with big ran for 0.018 secs (0.018u,0.s) (success)
Tactic call post for TypeClassesPHOAS with big ran for 0. secs (0.u,0.s) (success)
Params: n= 14
Tactic call cbv for TypeClassesPHOAS with big ran for 0. secs (0.u,0.s) (success)
Tactic call pre for TypeClassesPHOAS with big ran for 0. secs (0.u,0.s) (success)
Tactic call actual reif for TypeClassesPHOAS with big ran for 0.021 secs (0.021u,0.s)
Tactic call eval lazy for TypeClassesPHOAS with big ran for 0. secs (0.u,0.s)
Tactic call norm reif for TypeClassesPHOAS with big ran for 0.021 secs (0.021u,0.s)
Tactic call lazy beta iota for TypeClassesPHOAS with big ran for 0. secs (0.u,0.s) (success)
Tactic call reif for TypeClassesPHOAS with big ran for 0.021 secs (0.021u,0.s) (success)
Tactic call post for TypeClassesPHOAS with big ran for 0. secs (0.u,0.s) (success)
Params: n= 15
Tactic call cbv for TypeClassesPHOAS with big ran for 0. secs (0.u,0.s) (success)
Tactic call pre for TypeClassesPHOAS with big ran for 0. secs (0.u,0.s) (success)
Tactic call actual reif for TypeClassesPHOAS with big ran for 0.022 secs (0.022u,0.s)
Tactic call eval lazy for TypeClassesPHOAS with big ran for 0. secs (0.u,0.s)
Tactic call norm reif for TypeClassesPHOAS with big ran for 0.022 secs (0.022u,0.s)
Tactic call lazy beta iota for TypeClassesPHOAS with big ran for 0. secs (0.u,0.s) (success)
Tactic call reif for TypeClassesPHOAS with big ran for 0.023 secs (0.023u,0.s) (success)
Tactic call post for TypeClassesPHOAS with big ran for 0. secs (0.u,0.s) (success)
Params: n= 16
Tactic call cbv for TypeClassesPHOAS with big ran for 0. secs (0.u,0.s) (success)
Tactic call pre for TypeClassesPHOAS with big ran for 0. secs (0.u,0.s) (success)
Tactic call actual reif for TypeClassesPHOAS with big ran for 0.103 secs (0.103u,0.s)
Tactic call eval lazy for TypeClassesPHOAS with big ran for 0. secs (0.u,0.s)
Tactic call norm reif for TypeClassesPHOAS with big ran for 0.103 secs (0.103u,0.s)
Tactic call lazy beta iota for TypeClassesPHOAS with big ran for 0. secs (0.u,0.s) (success)
Tactic call reif for TypeClassesPHOAS with big ran for 0.103 secs (0.103u,0.s) (success)
Tactic call post for TypeClassesPHOAS with big ran for 0. secs (0.u,0.s) (success)
Params: n= 17
Tactic call cbv for TypeClassesPHOAS with big ran for 0. secs (0.u,0.s) (success)
Tactic call pre for TypeClassesPHOAS with big ran for 0. secs (0.u,0.s) (success)
Tactic call actual reif for TypeClassesPHOAS with big ran for 0.029 secs (0.029u,0.s)
Tactic call eval lazy for TypeClassesPHOAS with big ran for 0. secs (0.u,0.s)
Tactic call norm reif for TypeClassesPHOAS with big ran for 0.029 secs (0.029u,0.s)
Tactic call lazy beta iota for TypeClassesPHOAS with big ran for 0. secs (0.u,0.s) (success)
Tactic call reif for TypeClassesPHOAS with big ran for 0.029 secs (0.029u,0.s) (success)
Tactic call post for TypeClassesPHOAS with big ran for 0. secs (0.u,0.s) (success)
Params: n= 18
Tactic call cbv for TypeClassesPHOAS with big ran for 0. secs (0.u,0.s) (success)
Tactic call pre for TypeClassesPHOAS with big ran for 0. secs (0.u,0.s) (success)
Tactic call actual reif for TypeClassesPHOAS with big ran for 0.034 secs (0.034u,0.s)
Tactic call eval lazy for TypeClassesPHOAS with big ran for 0. secs (0.u,0.s)
Tactic call norm reif for TypeClassesPHOAS with big ran for 0.034 secs (0.034u,0.s)
Tactic call lazy beta iota for TypeClassesPHOAS with big ran for 0. secs (0.u,0.s) (success)
Tactic call reif for TypeClassesPHOAS with big ran for 0.034 secs (0.034u,0.s) (success)
Tactic call post for TypeClassesPHOAS with big ran for 0. secs (0.u,0.s) (success)
Params: n= 19
Tactic call cbv for TypeClassesPHOAS with big ran for 0. secs (0.u,0.s) (success)
Tactic call pre for TypeClassesPHOAS with big ran for 0. secs (0.u,0.s) (success)
Tactic call actual reif for TypeClassesPHOAS with big ran for 0.034 secs (0.034u,0.s)
Tactic call eval lazy for TypeClassesPHOAS with big ran for 0. secs (0.u,0.s)
Tactic call norm reif for TypeClassesPHOAS with big ran for 0.034 secs (0.034u,0.s)
Tactic call lazy beta iota for TypeClassesPHOAS with big ran for 0. secs (0.u,0.s) (success)
Tactic call reif for TypeClassesPHOAS with big ran for 0.035 secs (0.035u,0.s) (success)
Tactic call post for TypeClassesPHOAS with big ran for 0. secs (0.u,0.s) (success)
Params: n= 20
Tactic call cbv for TypeClassesPHOAS with big ran for 0. secs (0.u,0.s) (success)
Tactic call pre for TypeClassesPHOAS with big ran for 0. secs (0.u,0.s) (success)
Tactic call actual reif for TypeClassesPHOAS with big ran for 0.066 secs (0.066u,0.s)
Tactic call eval lazy for TypeClassesPHOAS with big ran for 0. secs (0.u,0.s)
Tactic call norm reif for TypeClassesPHOAS with big ran for 0.066 secs (0.066u,0.s)
Tactic call lazy beta iota for TypeClassesPHOAS with big ran for 0. secs (0.u,0.s) (success)
Tactic call reif for TypeClassesPHOAS with big ran for 0.066 secs (0.066u,0.s) (success)
Tactic call post for TypeClassesPHOAS with big ran for 0. secs (0.u,0.s) (success)
Params: n= 21
Tactic call cbv for TypeClassesPHOAS with big ran for 0. secs (0.u,0.s) (success)
Tactic call pre for TypeClassesPHOAS with big ran for 0. secs (0.u,0.s) (success)
Tactic call actual reif for TypeClassesPHOAS with big ran for 0.042 secs (0.042u,0.s)
Tactic call eval lazy for TypeClassesPHOAS with big ran for 0. secs (0.u,0.s)
Tactic call norm reif for TypeClassesPHOAS with big ran for 0.042 secs (0.042u,0.s)
Tactic call lazy beta iota for TypeClassesPHOAS with big ran for 0. secs (0.u,0.s) (success)
Tactic call reif for TypeClassesPHOAS with big ran for 0.042 secs (0.042u,0.s) (success)
Tactic call post for TypeClassesPHOAS with big ran for 0. secs (0.u,0.s) (success)
Params: n= 22
Tactic call cbv for TypeClassesPHOAS with big ran for 0. secs (0.u,0.s) (success)
Tactic call pre for TypeClassesPHOAS with big ran for 0. secs (0.u,0.s) (success)
Tactic call actual reif for TypeClassesPHOAS with big ran for 0.046 secs (0.046u,0.s)
Tactic call eval lazy for TypeClassesPHOAS with big ran for 0. secs (0.u,0.s)
Tactic call norm reif for TypeClassesPHOAS with big ran for 0.046 secs (0.046u,0.s)
Tactic call lazy beta iota for TypeClassesPHOAS with big ran for 0. secs (0.u,0.s) (success)
Tactic call reif for TypeClassesPHOAS with big ran for 0.047 secs (0.047u,0.s) (success)
Tactic call post for TypeClassesPHOAS with big ran for 0. secs (0.u,0.s) (success)
Params: n= 23
Tactic call cbv for TypeClassesPHOAS with big ran for 0. secs (0.u,0.s) (success)
Tactic call pre for TypeClassesPHOAS with big ran for 0. secs (0.u,0.s) (success)
Tactic call actual reif for TypeClassesPHOAS with big ran for 0.05 secs (0.05u,0.s)
Tactic call eval lazy for TypeClassesPHOAS with big ran for 0. secs (0.u,0.s)
Tactic call norm reif for TypeClassesPHOAS with big ran for 0.05 secs (0.05u,0.s)
Tactic call lazy beta iota for TypeClassesPHOAS with big ran for 0. secs (0.u,0.s) (success)
Tactic call reif for TypeClassesPHOAS with big ran for 0.051 secs (0.05u,0.s) (success)
Tactic call post for TypeClassesPHOAS with big ran for 0. secs (0.u,0.s) (success)
Params: n= 24
Tactic call cbv for TypeClassesPHOAS with big ran for 0. secs (0.u,0.s) (success)
Tactic call pre for TypeClassesPHOAS with big ran for 0. secs (0.u,0.s) (success)
Tactic call actual reif for TypeClassesPHOAS with big ran for 0.057 secs (0.057u,0.s)
Tactic call eval lazy for TypeClassesPHOAS with big ran for 0. secs (0.u,0.s)
Tactic call norm reif for TypeClassesPHOAS with big ran for 0.057 secs (0.057u,0.s)
Tactic call lazy beta iota for TypeClassesPHOAS with big ran for 0. secs (0.u,0.s) (success)
Tactic call reif for TypeClassesPHOAS with big ran for 0.058 secs (0.058u,0.s) (success)
Tactic call post for TypeClassesPHOAS with big ran for 0. secs (0.u,0.s) (success)
Params: n= 25
Tactic call cbv for TypeClassesPHOAS with big ran for 0. secs (0.u,0.s) (success)
Tactic call pre for TypeClassesPHOAS with big ran for 0. secs (0.u,0.s) (success)
Tactic call actual reif for TypeClassesPHOAS with big ran for 0.073 secs (0.073u,0.s)
Tactic call eval lazy for TypeClassesPHOAS with big ran for 0. secs (0.u,0.s)
Tactic call norm reif for TypeClassesPHOAS with big ran for 0.073 secs (0.073u,0.s)
Tactic call lazy beta iota for TypeClassesPHOAS with big ran for 0. secs (0.u,0.s) (success)
Tactic call reif for TypeClassesPHOAS with big ran for 0.074 secs (0.074u,0.s) (success)
Tactic call post for TypeClassesPHOAS with big ran for 0. secs (0.u,0.s) (success)
Params: n= 26
Tactic call cbv for TypeClassesPHOAS with big ran for 0. secs (0.u,0.s) (success)
Tactic call pre for TypeClassesPHOAS with big ran for 0. secs (0.u,0.s) (success)
Tactic call actual reif for TypeClassesPHOAS with big ran for 0.067 secs (0.067u,0.s)
Tactic call eval lazy for TypeClassesPHOAS with big ran for 0. secs (0.u,0.s)
Tactic call norm reif for TypeClassesPHOAS with big ran for 0.067 secs (0.067u,0.s)
Tactic call lazy beta iota for TypeClassesPHOAS with big ran for 0. secs (0.u,0.s) (success)
Tactic call reif for TypeClassesPHOAS with big ran for 0.067 secs (0.067u,0.s) (success)
Tactic call post for TypeClassesPHOAS with big ran for 0. secs (0.u,0.s) (success)
Params: n= 27
Tactic call cbv for TypeClassesPHOAS with big ran for 0. secs (0.u,0.s) (success)
Tactic call pre for TypeClassesPHOAS with big ran for 0. secs (0.u,0.s) (success)
Tactic call actual reif for TypeClassesPHOAS with big ran for 0.086 secs (0.086u,0.s)
Tactic call eval lazy for TypeClassesPHOAS with big ran for 0. secs (0.u,0.s)
Tactic call norm reif for TypeClassesPHOAS with big ran for 0.086 secs (0.086u,0.s)
Tactic call lazy beta iota for TypeClassesPHOAS with big ran for 0. secs (0.u,0.s) (success)
Tactic call reif for TypeClassesPHOAS with big ran for 0.086 secs (0.086u,0.s) (success)
Tactic call post for TypeClassesPHOAS with big ran for 0. secs (0.u,0.s) (success)
Params: n= 28
Tactic call cbv for TypeClassesPHOAS with big ran for 0. secs (0.u,0.s) (success)
Tactic call pre for TypeClassesPHOAS with big ran for 0. secs (0.u,0.s) (success)
Tactic call actual reif for TypeClassesPHOAS with big ran for 0.165 secs (0.165u,0.s)
Tactic call eval lazy for TypeClassesPHOAS with big ran for 0. secs (0.u,0.s)
Tactic call norm reif for TypeClassesPHOAS with big ran for 0.166 secs (0.166u,0.s)
Tactic call lazy beta iota for TypeClassesPHOAS with big ran for 0. secs (0.u,0.s) (success)
Tactic call reif for TypeClassesPHOAS with big ran for 0.166 secs (0.166u,0.s) (success)
Tactic call post for TypeClassesPHOAS with big ran for 0. secs (0.u,0.s) (success)
Params: n= 29
Tactic call cbv for TypeClassesPHOAS with big ran for 0. secs (0.u,0.s) (success)
Tactic call pre for TypeClassesPHOAS with big ran for 0. secs (0.u,0.s) (success)
Tactic call actual reif for TypeClassesPHOAS with big ran for 0.083 secs (0.083u,0.s)
Tactic call eval lazy for TypeClassesPHOAS with big ran for 0. secs (0.u,0.s)
Tactic call norm reif for TypeClassesPHOAS with big ran for 0.083 secs (0.083u,0.s)
Tactic call lazy beta iota for TypeClassesPHOAS with big ran for 0. secs (0.u,0.s) (success)
Tactic call reif for TypeClassesPHOAS with big ran for 0.083 secs (0.083u,0.s) (success)
Tactic call post for TypeClassesPHOAS with big ran for 0. secs (0.u,0.s) (success)
Params: n= 30
Tactic call cbv for TypeClassesPHOAS with big ran for 0. secs (0.u,0.s) (success)
Tactic call pre for TypeClassesPHOAS with big ran for 0. secs (0.u,0.s) (success)
Tactic call actual reif for TypeClassesPHOAS with big ran for 0.107 secs (0.107u,0.s)
Tactic call eval lazy for TypeClassesPHOAS with big ran for 0. secs (0.u,0.s)
Tactic call norm reif for TypeClassesPHOAS with big ran for 0.107 secs (0.107u,0.s)
Tactic call lazy beta iota for TypeClassesPHOAS with big ran for 0. secs (0.u,0.s) (success)
Tactic call reif for TypeClassesPHOAS with big ran for 0.108 secs (0.108u,0.s) (success)
Tactic call post for TypeClassesPHOAS with big ran for 0. secs (0.u,0.s) (success)
Params: n= 31
Tactic call cbv for TypeClassesPHOAS with big ran for 0. secs (0.u,0.s) (success)
Tactic call pre for TypeClassesPHOAS with big ran for 0. secs (0.u,0.s) (success)
Tactic call actual reif for TypeClassesPHOAS with big ran for 0.093 secs (0.093u,0.s)
Tactic call eval lazy for TypeClassesPHOAS with big ran for 0. secs (0.u,0.s)
Tactic call norm reif for TypeClassesPHOAS with big ran for 0.093 secs (0.093u,0.s)
Tactic call lazy beta iota for TypeClassesPHOAS with big ran for 0. secs (0.u,0.s) (success)
Tactic call reif for TypeClassesPHOAS with big ran for 0.093 secs (0.093u,0.s) (success)
Tactic call post for TypeClassesPHOAS with big ran for 0. secs (0.u,0.s) (success)
Params: n= 32
Tactic call cbv for TypeClassesPHOAS with big ran for 0. secs (0.u,0.s) (success)
Tactic call pre for TypeClassesPHOAS with big ran for 0. secs (0.u,0.s) (success)
Tactic call actual reif for TypeClassesPHOAS with big ran for 0.116 secs (0.116u,0.s)
Tactic call eval lazy for TypeClassesPHOAS with big ran for 0. secs (0.u,0.s)
Tactic call norm reif for TypeClassesPHOAS with big ran for 0.116 secs (0.116u,0.s)
Tactic call lazy beta iota for TypeClassesPHOAS with big ran for 0. secs (0.u,0.s) (success)
Tactic call reif for TypeClassesPHOAS with big ran for 0.116 secs (0.116u,0.s) (success)
Tactic call post for TypeClassesPHOAS with big ran for 0. secs (0.u,0.s) (success)
Params: n= 33
Tactic call cbv for TypeClassesPHOAS with big ran for 0. secs (0.u,0.s) (success)
Tactic call pre for TypeClassesPHOAS with big ran for 0. secs (0.u,0.s) (success)
Tactic call actual reif for TypeClassesPHOAS with big ran for 0.108 secs (0.108u,0.s)
Tactic call eval lazy for TypeClassesPHOAS with big ran for 0. secs (0.u,0.s)
Tactic call norm reif for TypeClassesPHOAS with big ran for 0.108 secs (0.108u,0.s)
Tactic call lazy beta iota for TypeClassesPHOAS with big ran for 0. secs (0.u,0.s) (success)
Tactic call reif for TypeClassesPHOAS with big ran for 0.108 secs (0.108u,0.s) (success)
Tactic call post for TypeClassesPHOAS with big ran for 0. secs (0.u,0.s) (success)
Params: n= 34
Tactic call cbv for TypeClassesPHOAS with big ran for 0. secs (0.u,0.s) (success)
Tactic call pre for TypeClassesPHOAS with big ran for 0. secs (0.u,0.s) (success)
Tactic call actual reif for TypeClassesPHOAS with big ran for 0.131 secs (0.131u,0.s)
Tactic call eval lazy for TypeClassesPHOAS with big ran for 0. secs (0.u,0.s)
Tactic call norm reif for TypeClassesPHOAS with big ran for 0.131 secs (0.131u,0.s)
Tactic call lazy beta iota for TypeClassesPHOAS with big ran for 0. secs (0.u,0.s) (success)
Tactic call reif for TypeClassesPHOAS with big ran for 0.131 secs (0.131u,0.s) (success)
Tactic call post for TypeClassesPHOAS with big ran for 0. secs (0.u,0.s) (success)
Params: n= 35
Tactic call cbv for TypeClassesPHOAS with big ran for 0. secs (0.u,0.s) (success)
Tactic call pre for TypeClassesPHOAS with big ran for 0. secs (0.u,0.s) (success)
Tactic call actual reif for TypeClassesPHOAS with big ran for 0.126 secs (0.126u,0.s)
Tactic call eval lazy for TypeClassesPHOAS with big ran for 0. secs (0.u,0.s)
Tactic call norm reif for TypeClassesPHOAS with big ran for 0.127 secs (0.127u,0.s)
Tactic call lazy beta iota for TypeClassesPHOAS with big ran for 0. secs (0.u,0.s) (success)
Tactic call reif for TypeClassesPHOAS with big ran for 0.127 secs (0.127u,0.s) (success)
Tactic call post for TypeClassesPHOAS with big ran for 0. secs (0.u,0.s) (success)
Params: n= 36
Tactic call cbv for TypeClassesPHOAS with big ran for 0. secs (0.u,0.s) (success)
Tactic call pre for TypeClassesPHOAS with big ran for 0. secs (0.u,0.s) (success)
Tactic call actual reif for TypeClassesPHOAS with big ran for 0.135 secs (0.135u,0.s)
Tactic call eval lazy for TypeClassesPHOAS with big ran for 0. secs (0.u,0.s)
Tactic call norm reif for TypeClassesPHOAS with big ran for 0.135 secs (0.135u,0.s)
Tactic call lazy beta iota for TypeClassesPHOAS with big ran for 0. secs (0.u,0.s) (success)
Tactic call reif for TypeClassesPHOAS with big ran for 0.135 secs (0.135u,0.s) (success)
Tactic call post for TypeClassesPHOAS with big ran for 0. secs (0.u,0.s) (success)
Params: n= 37
Tactic call cbv for TypeClassesPHOAS with big ran for 0. secs (0.u,0.s) (success)
Tactic call pre for TypeClassesPHOAS with big ran for 0. secs (0.u,0.s) (success)
Tactic call actual reif for TypeClassesPHOAS with big ran for 0.142 secs (0.142u,0.s)
Tactic call eval lazy for TypeClassesPHOAS with big ran for 0. secs (0.u,0.s)
Tactic call norm reif for TypeClassesPHOAS with big ran for 0.142 secs (0.142u,0.s)
Tactic call lazy beta iota for TypeClassesPHOAS with big ran for 0. secs (0.u,0.s) (success)
Tactic call reif for TypeClassesPHOAS with big ran for 0.142 secs (0.142u,0.s) (success)
Tactic call post for TypeClassesPHOAS with big ran for 0. secs (0.u,0.s) (success)
Params: n= 38
Tactic call cbv for TypeClassesPHOAS with big ran for 0. secs (0.u,0.s) (success)
Tactic call pre for TypeClassesPHOAS with big ran for 0. secs (0.u,0.s) (success)
Tactic call actual reif for TypeClassesPHOAS with big ran for 0.151 secs (0.151u,0.s)
Tactic call eval lazy for TypeClassesPHOAS with big ran for 0. secs (0.u,0.s)
Tactic call norm reif for TypeClassesPHOAS with big ran for 0.151 secs (0.151u,0.s)
Tactic call lazy beta iota for TypeClassesPHOAS with big ran for 0. secs (0.u,0.s) (success)
Tactic call reif for TypeClassesPHOAS with big ran for 0.151 secs (0.151u,0.s) (success)
Tactic call post for TypeClassesPHOAS with big ran for 0. secs (0.u,0.s) (success)
Params: n= 39
Tactic call cbv for TypeClassesPHOAS with big ran for 0. secs (0.u,0.s) (success)
Tactic call pre for TypeClassesPHOAS with big ran for 0. secs (0.u,0.s) (success)
Tactic call actual reif for TypeClassesPHOAS with big ran for 0.168 secs (0.168u,0.s)
Tactic call eval lazy for TypeClassesPHOAS with big ran for 0. secs (0.u,0.s)
Tactic call norm reif for TypeClassesPHOAS with big ran for 0.168 secs (0.168u,0.s)
Tactic call lazy beta iota for TypeClassesPHOAS with big ran for 0. secs (0.u,0.s) (success)
Tactic call reif for TypeClassesPHOAS with big ran for 0.169 secs (0.169u,0.s) (success)
Tactic call post for TypeClassesPHOAS with big ran for 0. secs (0.u,0.s) (success)
Params: n= 40
Tactic call cbv for TypeClassesPHOAS with big ran for 0. secs (0.u,0.s) (success)
Tactic call pre for TypeClassesPHOAS with big ran for 0. secs (0.u,0.s) (success)
Tactic call actual reif for TypeClassesPHOAS with big ran for 0.174 secs (0.174u,0.s)
Tactic call eval lazy for TypeClassesPHOAS with big ran for 0. secs (0.u,0.s)
Tactic call norm reif for TypeClassesPHOAS with big ran for 0.174 secs (0.174u,0.s)
Tactic call lazy beta iota for TypeClassesPHOAS with big ran for 0. secs (0.u,0.s) (success)
Tactic call reif for TypeClassesPHOAS with big ran for 0.174 secs (0.174u,0.s) (success)
Tactic call post for TypeClassesPHOAS with big ran for 0. secs (0.u,0.s) (success)
