Params: n= 50
Tactic call ssr-rewrite!-regression-quadratic ran for 0.038 secs (0.029u,0.008s) (success)
Tactic call ssr-rewrite?-noop-regression-linear ran for 0. secs (0.u,0.s) (success)
Tactic call abstract-regression-quadratic ran for 0.132 secs (0.112u,0.02s) (success)
Tactic call close-abstract-regression-quadratic ran for 0.093 secs (0.082u,0.011s)
Params: n= 100
Tactic call ssr-rewrite!-regression-quadratic ran for 0.107 secs (0.107u,0.s) (success)
Tactic call ssr-rewrite?-noop-regression-linear ran for 0. secs (0.u,0.s) (success)
Tactic call abstract-regression-quadratic ran for 0.254 secs (0.254u,0.s) (success)
Tactic call close-abstract-regression-quadratic ran for 0.146 secs (0.146u,0.s)
Params: n= 150
Tactic call ssr-rewrite!-regression-quadratic ran for 0.257 secs (0.257u,0.s) (success)
Tactic call ssr-rewrite?-noop-regression-linear ran for 0. secs (0.u,0.s) (success)
Tactic call abstract-regression-quadratic ran for 0.596 secs (0.596u,0.s) (success)
Tactic call close-abstract-regression-quadratic ran for 0.338 secs (0.338u,0.s)
Params: n= 200
Tactic call ssr-rewrite!-regression-quadratic ran for 0.429 secs (0.429u,0.s) (success)
Tactic call ssr-rewrite?-noop-regression-linear ran for 0. secs (0.u,0.s) (success)
Tactic call abstract-regression-quadratic ran for 0.992 secs (0.992u,0.s) (success)
Tactic call close-abstract-regression-quadratic ran for 0.562 secs (0.562u,0.s)
Params: n= 250
Tactic call ssr-rewrite!-regression-quadratic ran for 0.646 secs (0.638u,0.007s) (success)
Tactic call ssr-rewrite?-noop-regression-linear ran for 0. secs (0.u,0.s) (success)
Tactic call abstract-regression-quadratic ran for 1.473 secs (1.453u,0.019s) (success)
Tactic call close-abstract-regression-quadratic ran for 0.825 secs (0.813u,0.012s)
Params: n= 300
Tactic call ssr-rewrite!-regression-quadratic ran for 0.97 secs (0.966u,0.004s) (success)
Tactic call ssr-rewrite?-noop-regression-linear ran for 0. secs (0.u,0.s) (success)
Tactic call abstract-regression-quadratic ran for 2.239 secs (2.231u,0.007s) (success)
Tactic call close-abstract-regression-quadratic ran for 1.267 secs (1.263u,0.003s)
Params: n= 350
Tactic call ssr-rewrite!-regression-quadratic ran for 1.298 secs (1.286u,0.011s) (success)
Tactic call ssr-rewrite?-noop-regression-linear ran for 0. secs (0.u,0.s) (success)
Tactic call abstract-regression-quadratic ran for 3.019 secs (2.999u,0.019s) (success)
Tactic call close-abstract-regression-quadratic ran for 1.719 secs (1.711u,0.007s)
Params: n= 400
Tactic call ssr-rewrite!-regression-quadratic ran for 1.773 secs (1.773u,0.s) (success)
Tactic call ssr-rewrite?-noop-regression-linear ran for 0. secs (0.u,0.s) (success)
Tactic call abstract-regression-quadratic ran for 3.904 secs (3.888u,0.015s) (success)
Tactic call close-abstract-regression-quadratic ran for 2.129 secs (2.113u,0.015s)
