Params: n= 10
Tactic call repeat-setoid_rewrite-regression-cubic ran for 0.015 secs (0.007u,0.007s) (success)
Tactic call noop-repeat-setoid_rewrite-regression-cubic ran for 0.003 secs (0.003u,0.s) (success)
Params: n= 20
Tactic call repeat-setoid_rewrite-regression-cubic ran for 0.069 secs (0.058u,0.011s) (success)
Tactic call noop-repeat-setoid_rewrite-regression-cubic ran for 0.006 secs (0.006u,0.s) (success)
Params: n= 30
Tactic call repeat-setoid_rewrite-regression-cubic ran for 0.046 secs (0.045u,0.s) (success)
Tactic call noop-repeat-setoid_rewrite-regression-cubic ran for 0.01 secs (0.01u,0.s) (success)
Params: n= 40
Tactic call repeat-setoid_rewrite-regression-cubic ran for 0.132 secs (0.132u,0.s) (success)
Tactic call noop-repeat-setoid_rewrite-regression-cubic ran for 0.018 secs (0.018u,0.s) (success)
Params: n= 60
Tactic call repeat-setoid_rewrite-regression-cubic ran for 0.173 secs (0.173u,0.s) (success)
Tactic call noop-repeat-setoid_rewrite-regression-cubic ran for 0.03 secs (0.03u,0.s) (success)
Params: n= 70
Tactic call repeat-setoid_rewrite-regression-cubic ran for 0.238 secs (0.238u,0.s) (success)
Tactic call noop-repeat-setoid_rewrite-regression-cubic ran for 0.039 secs (0.039u,0.s) (success)
Params: n= 80
Tactic call repeat-setoid_rewrite-regression-cubic ran for 0.34 secs (0.336u,0.003s) (success)
Tactic call noop-repeat-setoid_rewrite-regression-cubic ran for 0.05 secs (0.05u,0.s) (success)
Params: n= 90
Tactic call repeat-setoid_rewrite-regression-cubic ran for 0.347 secs (0.347u,0.s) (success)
Tactic call noop-repeat-setoid_rewrite-regression-cubic ran for 0.062 secs (0.062u,0.s) (success)
Params: n= 110
Tactic call repeat-setoid_rewrite-regression-cubic ran for 0.506 secs (0.502u,0.003s) (success)
Tactic call noop-repeat-setoid_rewrite-regression-cubic ran for 0.088 secs (0.088u,0.s) (success)
Params: n= 120
Tactic call repeat-setoid_rewrite-regression-cubic ran for 0.623 secs (0.619u,0.003s) (success)
Tactic call noop-repeat-setoid_rewrite-regression-cubic ran for 0.11 secs (0.11u,0.s) (success)
Params: n= 130
Tactic call repeat-setoid_rewrite-regression-cubic ran for 0.772 secs (0.764u,0.007s) (success)
Tactic call noop-repeat-setoid_rewrite-regression-cubic ran for 0.123 secs (0.123u,0.s) (success)
Params: n= 140
Tactic call repeat-setoid_rewrite-regression-cubic ran for 0.843 secs (0.835u,0.007s) (success)
Tactic call noop-repeat-setoid_rewrite-regression-cubic ran for 0.143 secs (0.143u,0.s) (success)
Params: n= 160
Tactic call repeat-setoid_rewrite-regression-cubic ran for 1.081 secs (1.081u,0.s) (success)
Tactic call noop-repeat-setoid_rewrite-regression-cubic ran for 0.183 secs (0.183u,0.s) (success)
Params: n= 170
Tactic call repeat-setoid_rewrite-regression-cubic ran for 1.305 secs (1.301u,0.003s) (success)
Tactic call noop-repeat-setoid_rewrite-regression-cubic ran for 0.21 secs (0.21u,0.s) (success)
Params: n= 180
Tactic call repeat-setoid_rewrite-regression-cubic ran for 1.454 secs (1.454u,0.s) (success)
Tactic call noop-repeat-setoid_rewrite-regression-cubic ran for 0.23 secs (0.23u,0.s) (success)
Params: n= 190
Tactic call repeat-setoid_rewrite-regression-cubic ran for 1.593 secs (1.593u,0.s) (success)
Tactic call noop-repeat-setoid_rewrite-regression-cubic ran for 0.256 secs (0.252u,0.003s) (success)
Params: n= 210
Tactic call repeat-setoid_rewrite-regression-cubic ran for 2.118 secs (2.118u,0.s) (success)
Tactic call noop-repeat-setoid_rewrite-regression-cubic ran for 0.32 secs (0.32u,0.s) (success)
Params: n= 220
Tactic call repeat-setoid_rewrite-regression-cubic ran for 2.308 secs (2.304u,0.003s) (success)
Tactic call noop-repeat-setoid_rewrite-regression-cubic ran for 0.353 secs (0.353u,0.s) (success)
Params: n= 230
Tactic call repeat-setoid_rewrite-regression-cubic ran for 2.384 secs (2.384u,0.s) (success)
Tactic call noop-repeat-setoid_rewrite-regression-cubic ran for 0.381 secs (0.381u,0.s) (success)
Params: n= 240
Tactic call repeat-setoid_rewrite-regression-cubic ran for 2.857 secs (2.857u,0.s) (success)
Tactic call noop-repeat-setoid_rewrite-regression-cubic ran for 0.409 secs (0.409u,0.s) (success)
Params: n= 250
Tactic call repeat-setoid_rewrite-regression-cubic ran for 3.143 secs (3.135u,0.007s) (success)
Tactic call noop-repeat-setoid_rewrite-regression-cubic ran for 0.462 secs (0.462u,0.s) (success)
Params: n= 300
Tactic call repeat-setoid_rewrite-regression-cubic ran for 4.819 secs (4.818u,0.s) (success)
Tactic call noop-repeat-setoid_rewrite-regression-cubic ran for 0.672 secs (0.672u,0.s) (success)
Params: n= 400
Tactic call repeat-setoid_rewrite-regression-cubic ran for 9.417 secs (9.408u,0.007s) (success)
Tactic call noop-repeat-setoid_rewrite-regression-cubic ran for 1.231 secs (1.231u,0.s) (success)
