Params: n= 4
Tactic call rewrite_strat-bottomup ran for 0.003 secs (0.003u,0.s) (success)
Tactic call rewrite_strat-bottomup-noop ran for 0. secs (0.u,0.s) (success)
Tactic call abstract+rewrite_strat-bottomup ran for 0.004 secs (0.004u,0.s) (success)
Tactic call close-abstract+rewrite_strat-bottomup ran for 0.001 secs (0.001u,0.s)
Params: n= 5
Tactic call rewrite_strat-bottomup ran for 0.003 secs (0.003u,0.s) (success)
Tactic call rewrite_strat-bottomup-noop ran for 0. secs (0.u,0.s) (success)
Tactic call abstract+rewrite_strat-bottomup ran for 0.004 secs (0.004u,0.s) (success)
Tactic call close-abstract+rewrite_strat-bottomup ran for 0. secs (0.u,0.s)
Params: n= 6
Tactic call rewrite_strat-bottomup ran for 0.003 secs (0.u,0.002s) (success)
Tactic call rewrite_strat-bottomup-noop ran for 0. secs (0.u,0.s) (success)
Tactic call abstract+rewrite_strat-bottomup ran for 0.004 secs (0.001u,0.003s) (success)
Tactic call close-abstract+rewrite_strat-bottomup ran for 0. secs (0.u,0.s)
Params: n= 7
Tactic call rewrite_strat-bottomup ran for 0.004 secs (0.004u,0.s) (success)
Tactic call rewrite_strat-bottomup-noop ran for 0. secs (0.u,0.s) (success)
Tactic call abstract+rewrite_strat-bottomup ran for 0.005 secs (0.005u,0.s) (success)
Tactic call close-abstract+rewrite_strat-bottomup ran for 0. secs (0.u,0.s)
Params: n= 8
Tactic call rewrite_strat-bottomup ran for 0.004 secs (0.001u,0.003s) (success)
Tactic call rewrite_strat-bottomup-noop ran for 0. secs (0.u,0.s) (success)
Tactic call abstract+rewrite_strat-bottomup ran for 0.006 secs (0.003u,0.003s) (success)
Tactic call close-abstract+rewrite_strat-bottomup ran for 0.001 secs (0.u,0.s)
Params: n= 9
Tactic call rewrite_strat-bottomup ran for 0.006 secs (0.002u,0.003s) (success)
Tactic call rewrite_strat-bottomup-noop ran for 0. secs (0.u,0.s) (success)
Tactic call abstract+rewrite_strat-bottomup ran for 0.007 secs (0.003u,0.004s) (success)
Tactic call close-abstract+rewrite_strat-bottomup ran for 0. secs (0.u,0.s)
Params: n= 10
Tactic call rewrite_strat-bottomup ran for 0.007 secs (0.u,0.007s) (success)
Tactic call rewrite_strat-bottomup-noop ran for 0. secs (0.u,0.s) (success)
Tactic call abstract+rewrite_strat-bottomup ran for 0.01 secs (0.u,0.01s) (success)
Tactic call close-abstract+rewrite_strat-bottomup ran for 0.001 secs (0.u,0.001s)
Params: n= 11
Tactic call rewrite_strat-bottomup ran for 0.064 secs (0.045u,0.018s) (success)
Tactic call rewrite_strat-bottomup-noop ran for 0. secs (0.u,0.s) (success)
Tactic call abstract+rewrite_strat-bottomup ran for 0.066 secs (0.046u,0.019s) (success)
Tactic call close-abstract+rewrite_strat-bottomup ran for 0.001 secs (0.u,0.s)
Params: n= 12
Tactic call rewrite_strat-bottomup ran for 0.007 secs (0.007u,0.s) (success)
Tactic call rewrite_strat-bottomup-noop ran for 0. secs (0.u,0.s) (success)
Tactic call abstract+rewrite_strat-bottomup ran for 0.009 secs (0.009u,0.s) (success)
Tactic call close-abstract+rewrite_strat-bottomup ran for 0.001 secs (0.001u,0.s)
Params: n= 13
Tactic call rewrite_strat-bottomup ran for 0.007 secs (0.007u,0.s) (success)
Tactic call rewrite_strat-bottomup-noop ran for 0. secs (0.u,0.s) (success)
Tactic call abstract+rewrite_strat-bottomup ran for 0.009 secs (0.009u,0.s) (success)
Tactic call close-abstract+rewrite_strat-bottomup ran for 0.001 secs (0.001u,0.s)
Params: n= 14
Tactic call rewrite_strat-bottomup ran for 0.009 secs (0.009u,0.s) (success)
Tactic call rewrite_strat-bottomup-noop ran for 0. secs (0.u,0.s) (success)
Tactic call abstract+rewrite_strat-bottomup ran for 0.011 secs (0.011u,0.s) (success)
Tactic call close-abstract+rewrite_strat-bottomup ran for 0.001 secs (0.001u,0.s)
Params: n= 15
Tactic call rewrite_strat-bottomup ran for 0.009 secs (0.009u,0.s) (success)
Tactic call rewrite_strat-bottomup-noop ran for 0. secs (0.u,0.s) (success)
Tactic call abstract+rewrite_strat-bottomup ran for 0.012 secs (0.012u,0.s) (success)
Tactic call close-abstract+rewrite_strat-bottomup ran for 0.001 secs (0.001u,0.s)
Params: n= 16
Tactic call rewrite_strat-bottomup ran for 0.009 secs (0.009u,0.s) (success)
Tactic call rewrite_strat-bottomup-noop ran for 0. secs (0.u,0.s) (success)
Tactic call abstract+rewrite_strat-bottomup ran for 0.011 secs (0.011u,0.s) (success)
Tactic call close-abstract+rewrite_strat-bottomup ran for 0.001 secs (0.001u,0.s)
Params: n= 17
Tactic call rewrite_strat-bottomup ran for 0.01 secs (0.01u,0.s) (success)
Tactic call rewrite_strat-bottomup-noop ran for 0. secs (0.u,0.s) (success)
Tactic call abstract+rewrite_strat-bottomup ran for 0.012 secs (0.012u,0.s) (success)
Tactic call close-abstract+rewrite_strat-bottomup ran for 0.003 secs (0.003u,0.s)
Params: n= 18
Tactic call rewrite_strat-bottomup ran for 0.012 secs (0.012u,0.s) (success)
Tactic call rewrite_strat-bottomup-noop ran for 0. secs (0.u,0.s) (success)
Tactic call abstract+rewrite_strat-bottomup ran for 0.016 secs (0.016u,0.s) (success)
Tactic call close-abstract+rewrite_strat-bottomup ran for 0.002 secs (0.002u,0.s)
Params: n= 19
Tactic call rewrite_strat-bottomup ran for 0.013 secs (0.013u,0.s) (success)
Tactic call rewrite_strat-bottomup-noop ran for 0. secs (0.u,0.s) (success)
Tactic call abstract+rewrite_strat-bottomup ran for 0.016 secs (0.016u,0.s) (success)
Tactic call close-abstract+rewrite_strat-bottomup ran for 0.002 secs (0.002u,0.s)
Params: n= 20
Tactic call rewrite_strat-bottomup ran for 0.014 secs (0.014u,0.s) (success)
Tactic call rewrite_strat-bottomup-noop ran for 0. secs (0.u,0.s) (success)
Tactic call abstract+rewrite_strat-bottomup ran for 0.018 secs (0.018u,0.s) (success)
Tactic call close-abstract+rewrite_strat-bottomup ran for 0.003 secs (0.003u,0.s)
Params: n= 21
Tactic call rewrite_strat-bottomup ran for 0.015 secs (0.015u,0.s) (success)
Tactic call rewrite_strat-bottomup-noop ran for 0. secs (0.u,0.s) (success)
Tactic call abstract+rewrite_strat-bottomup ran for 0.018 secs (0.018u,0.s) (success)
Tactic call close-abstract+rewrite_strat-bottomup ran for 0.002 secs (0.002u,0.s)
Params: n= 22
Tactic call rewrite_strat-bottomup ran for 0.108 secs (0.108u,0.s) (success)
Tactic call rewrite_strat-bottomup-noop ran for 0. secs (0.u,0.s) (success)
Tactic call abstract+rewrite_strat-bottomup ran for 0.112 secs (0.112u,0.s) (success)
Tactic call close-abstract+rewrite_strat-bottomup ran for 0.003 secs (0.003u,0.s)
Params: n= 23
Tactic call rewrite_strat-bottomup ran for 0.018 secs (0.018u,0.s) (success)
Tactic call rewrite_strat-bottomup-noop ran for 0. secs (0.u,0.s) (success)
Tactic call abstract+rewrite_strat-bottomup ran for 0.023 secs (0.023u,0.s) (success)
Tactic call close-abstract+rewrite_strat-bottomup ran for 0.003 secs (0.003u,0.s)
Params: n= 24
Tactic call rewrite_strat-bottomup ran for 0.023 secs (0.023u,0.s) (success)
Tactic call rewrite_strat-bottomup-noop ran for 0. secs (0.u,0.s) (success)
Tactic call abstract+rewrite_strat-bottomup ran for 0.028 secs (0.028u,0.s) (success)
Tactic call close-abstract+rewrite_strat-bottomup ran for 0.003 secs (0.003u,0.s)
Params: n= 25
Tactic call rewrite_strat-bottomup ran for 0.02 secs (0.02u,0.s) (success)
Tactic call rewrite_strat-bottomup-noop ran for 0. secs (0.u,0.s) (success)
Tactic call abstract+rewrite_strat-bottomup ran for 0.025 secs (0.025u,0.s) (success)
Tactic call close-abstract+rewrite_strat-bottomup ran for 0.004 secs (0.004u,0.s)
Params: n= 26
Tactic call rewrite_strat-bottomup ran for 0.02 secs (0.02u,0.s) (success)
Tactic call rewrite_strat-bottomup-noop ran for 0. secs (0.u,0.s) (success)
Tactic call abstract+rewrite_strat-bottomup ran for 0.026 secs (0.026u,0.s) (success)
Tactic call close-abstract+rewrite_strat-bottomup ran for 0.004 secs (0.004u,0.s)
Params: n= 27
Tactic call rewrite_strat-bottomup ran for 0.023 secs (0.023u,0.s) (success)
Tactic call rewrite_strat-bottomup-noop ran for 0. secs (0.u,0.s) (success)
Tactic call abstract+rewrite_strat-bottomup ran for 0.047 secs (0.047u,0.s) (success)
Tactic call close-abstract+rewrite_strat-bottomup ran for 0.023 secs (0.023u,0.s)
Params: n= 28
Tactic call rewrite_strat-bottomup ran for 0.024 secs (0.024u,0.s) (success)
Tactic call rewrite_strat-bottomup-noop ran for 0. secs (0.u,0.s) (success)
Tactic call abstract+rewrite_strat-bottomup ran for 0.03 secs (0.03u,0.s) (success)
Tactic call close-abstract+rewrite_strat-bottomup ran for 0.005 secs (0.005u,0.s)
Params: n= 29
Tactic call rewrite_strat-bottomup ran for 0.027 secs (0.027u,0.s) (success)
Tactic call rewrite_strat-bottomup-noop ran for 0. secs (0.u,0.s) (success)
Tactic call abstract+rewrite_strat-bottomup ran for 0.034 secs (0.034u,0.s) (success)
Tactic call close-abstract+rewrite_strat-bottomup ran for 0.006 secs (0.006u,0.s)
Params: n= 30
Tactic call rewrite_strat-bottomup ran for 0.025 secs (0.025u,0.s) (success)
Tactic call rewrite_strat-bottomup-noop ran for 0. secs (0.u,0.s) (success)
Tactic call abstract+rewrite_strat-bottomup ran for 0.032 secs (0.032u,0.s) (success)
Tactic call close-abstract+rewrite_strat-bottomup ran for 0.005 secs (0.005u,0.s)
Params: n= 31
Tactic call rewrite_strat-bottomup ran for 0.029 secs (0.029u,0.s) (success)
Tactic call rewrite_strat-bottomup-noop ran for 0. secs (0.u,0.s) (success)
Tactic call abstract+rewrite_strat-bottomup ran for 0.037 secs (0.037u,0.s) (success)
Tactic call close-abstract+rewrite_strat-bottomup ran for 0.006 secs (0.006u,0.s)
Params: n= 32
Tactic call rewrite_strat-bottomup ran for 0.033 secs (0.033u,0.s) (success)
Tactic call rewrite_strat-bottomup-noop ran for 0. secs (0.u,0.s) (success)
Tactic call abstract+rewrite_strat-bottomup ran for 0.04 secs (0.04u,0.s) (success)
Tactic call close-abstract+rewrite_strat-bottomup ran for 0.006 secs (0.006u,0.s)
Params: n= 33
Tactic call rewrite_strat-bottomup ran for 0.03 secs (0.03u,0.s) (success)
Tactic call rewrite_strat-bottomup-noop ran for 0. secs (0.u,0.s) (success)
Tactic call abstract+rewrite_strat-bottomup ran for 0.038 secs (0.038u,0.s) (success)
Tactic call close-abstract+rewrite_strat-bottomup ran for 0.006 secs (0.006u,0.s)
Params: n= 34
Tactic call rewrite_strat-bottomup ran for 0.029 secs (0.029u,0.s) (success)
Tactic call rewrite_strat-bottomup-noop ran for 0. secs (0.u,0.s) (success)
Tactic call abstract+rewrite_strat-bottomup ran for 0.036 secs (0.036u,0.s) (success)
Tactic call close-abstract+rewrite_strat-bottomup ran for 0.006 secs (0.006u,0.s)
Params: n= 35
Tactic call rewrite_strat-bottomup ran for 0.03 secs (0.03u,0.s) (success)
Tactic call rewrite_strat-bottomup-noop ran for 0. secs (0.u,0.s) (success)
Tactic call abstract+rewrite_strat-bottomup ran for 0.049 secs (0.046u,0.002s) (success)
Tactic call close-abstract+rewrite_strat-bottomup ran for 0.017 secs (0.015u,0.002s)
Params: n= 36
Tactic call rewrite_strat-bottomup ran for 0.038 secs (0.038u,0.s) (success)
Tactic call rewrite_strat-bottomup-noop ran for 0. secs (0.u,0.s) (success)
Tactic call abstract+rewrite_strat-bottomup ran for 0.047 secs (0.047u,0.s) (success)
Tactic call close-abstract+rewrite_strat-bottomup ran for 0.007 secs (0.007u,0.s)
Params: n= 37
Tactic call rewrite_strat-bottomup ran for 0.039 secs (0.039u,0.s) (success)
Tactic call rewrite_strat-bottomup-noop ran for 0. secs (0.u,0.s) (success)
Tactic call abstract+rewrite_strat-bottomup ran for 0.048 secs (0.048u,0.s) (success)
Tactic call close-abstract+rewrite_strat-bottomup ran for 0.008 secs (0.008u,0.s)
Params: n= 38
Tactic call rewrite_strat-bottomup ran for 0.036 secs (0.036u,0.s) (success)
Tactic call rewrite_strat-bottomup-noop ran for 0. secs (0.u,0.s) (success)
Tactic call abstract+rewrite_strat-bottomup ran for 0.059 secs (0.059u,0.s) (success)
Tactic call close-abstract+rewrite_strat-bottomup ran for 0.021 secs (0.021u,0.s)
Params: n= 39
Tactic call rewrite_strat-bottomup ran for 0.039 secs (0.039u,0.s) (success)
Tactic call rewrite_strat-bottomup-noop ran for 0. secs (0.u,0.s) (success)
Tactic call abstract+rewrite_strat-bottomup ran for 0.049 secs (0.049u,0.s) (success)
Tactic call close-abstract+rewrite_strat-bottomup ran for 0.008 secs (0.008u,0.s)
Params: n= 40
Tactic call rewrite_strat-bottomup ran for 0.041 secs (0.041u,0.s) (success)
Tactic call rewrite_strat-bottomup-noop ran for 0. secs (0.u,0.s) (success)
Tactic call abstract+rewrite_strat-bottomup ran for 0.051 secs (0.051u,0.s) (success)
Tactic call close-abstract+rewrite_strat-bottomup ran for 0.008 secs (0.008u,0.s)
Params: n= 41
Tactic call rewrite_strat-bottomup ran for 0.042 secs (0.042u,0.s) (success)
Tactic call rewrite_strat-bottomup-noop ran for 0. secs (0.u,0.s) (success)
Tactic call abstract+rewrite_strat-bottomup ran for 0.051 secs (0.051u,0.s) (success)
Tactic call close-abstract+rewrite_strat-bottomup ran for 0.008 secs (0.008u,0.s)
Params: n= 42
Tactic call rewrite_strat-bottomup ran for 0.044 secs (0.044u,0.s) (success)
Tactic call rewrite_strat-bottomup-noop ran for 0.089 secs (0.089u,0.s) (success)
Tactic call abstract+rewrite_strat-bottomup ran for 0.144 secs (0.144u,0.s) (success)
Tactic call close-abstract+rewrite_strat-bottomup ran for 0.01 secs (0.01u,0.s)
Params: n= 43
Tactic call rewrite_strat-bottomup ran for 0.045 secs (0.045u,0.s) (success)
Tactic call rewrite_strat-bottomup-noop ran for 0. secs (0.u,0.s) (success)
Tactic call abstract+rewrite_strat-bottomup ran for 0.057 secs (0.054u,0.003s) (success)
Tactic call close-abstract+rewrite_strat-bottomup ran for 0.011 secs (0.007u,0.003s)
Params: n= 44
Tactic call rewrite_strat-bottomup ran for 0.049 secs (0.049u,0.s) (success)
Tactic call rewrite_strat-bottomup-noop ran for 0. secs (0.u,0.s) (success)
Tactic call abstract+rewrite_strat-bottomup ran for 0.061 secs (0.061u,0.s) (success)
Tactic call close-abstract+rewrite_strat-bottomup ran for 0.01 secs (0.01u,0.s)
Params: n= 45
Tactic call rewrite_strat-bottomup ran for 0.072 secs (0.072u,0.s) (success)
Tactic call rewrite_strat-bottomup-noop ran for 0. secs (0.u,0.s) (success)
Tactic call abstract+rewrite_strat-bottomup ran for 0.084 secs (0.084u,0.s) (success)
Tactic call close-abstract+rewrite_strat-bottomup ran for 0.011 secs (0.011u,0.s)
Params: n= 46
Tactic call rewrite_strat-bottomup ran for 0.051 secs (0.051u,0.s) (success)
Tactic call rewrite_strat-bottomup-noop ran for 0.001 secs (0.001u,0.s) (success)
Tactic call abstract+rewrite_strat-bottomup ran for 0.065 secs (0.065u,0.s) (success)
Tactic call close-abstract+rewrite_strat-bottomup ran for 0.011 secs (0.011u,0.s)
Params: n= 47
Tactic call rewrite_strat-bottomup ran for 0.05 secs (0.05u,0.s) (success)
Tactic call rewrite_strat-bottomup-noop ran for 0. secs (0.u,0.s) (success)
Tactic call abstract+rewrite_strat-bottomup ran for 0.064 secs (0.064u,0.s) (success)
Tactic call close-abstract+rewrite_strat-bottomup ran for 0.012 secs (0.012u,0.s)
Params: n= 48
Tactic call rewrite_strat-bottomup ran for 0.06 secs (0.06u,0.s) (success)
Tactic call rewrite_strat-bottomup-noop ran for 0. secs (0.u,0.s) (success)
Tactic call abstract+rewrite_strat-bottomup ran for 0.075 secs (0.075u,0.s) (success)
Tactic call close-abstract+rewrite_strat-bottomup ran for 0.012 secs (0.012u,0.s)
Params: n= 49
Tactic call rewrite_strat-bottomup ran for 0.059 secs (0.059u,0.s) (success)
Tactic call rewrite_strat-bottomup-noop ran for 0. secs (0.u,0.s) (success)
Tactic call abstract+rewrite_strat-bottomup ran for 0.072 secs (0.072u,0.s) (success)
Tactic call close-abstract+rewrite_strat-bottomup ran for 0.012 secs (0.012u,0.s)
Params: n= 51
Tactic call rewrite_strat-bottomup ran for 0.067 secs (0.067u,0.s) (success)
Tactic call rewrite_strat-bottomup-noop ran for 0. secs (0.u,0.s) (success)
Tactic call abstract+rewrite_strat-bottomup ran for 0.085 secs (0.085u,0.s) (success)
Tactic call close-abstract+rewrite_strat-bottomup ran for 0.016 secs (0.016u,0.s)
Params: n= 52
Tactic call rewrite_strat-bottomup ran for 0.068 secs (0.068u,0.s) (success)
Tactic call rewrite_strat-bottomup-noop ran for 0. secs (0.u,0.s) (success)
Tactic call abstract+rewrite_strat-bottomup ran for 0.089 secs (0.089u,0.s) (success)
Tactic call close-abstract+rewrite_strat-bottomup ran for 0.018 secs (0.018u,0.s)
Params: n= 53
Tactic call rewrite_strat-bottomup ran for 0.072 secs (0.072u,0.s) (success)
Tactic call rewrite_strat-bottomup-noop ran for 0. secs (0.u,0.s) (success)
Tactic call abstract+rewrite_strat-bottomup ran for 0.09 secs (0.09u,0.s) (success)
Tactic call close-abstract+rewrite_strat-bottomup ran for 0.016 secs (0.016u,0.s)
Params: n= 54
Tactic call rewrite_strat-bottomup ran for 0.071 secs (0.071u,0.s) (success)
Tactic call rewrite_strat-bottomup-noop ran for 0. secs (0.u,0.s) (success)
Tactic call abstract+rewrite_strat-bottomup ran for 0.087 secs (0.087u,0.s) (success)
Tactic call close-abstract+rewrite_strat-bottomup ran for 0.014 secs (0.014u,0.s)
Params: n= 55
Tactic call rewrite_strat-bottomup ran for 0.073 secs (0.073u,0.s) (success)
Tactic call rewrite_strat-bottomup-noop ran for 0.001 secs (0.001u,0.s) (success)
Tactic call abstract+rewrite_strat-bottomup ran for 0.095 secs (0.095u,0.s) (success)
Tactic call close-abstract+rewrite_strat-bottomup ran for 0.02 secs (0.02u,0.s)
Params: n= 56
Tactic call rewrite_strat-bottomup ran for 0.079 secs (0.079u,0.s) (success)
Tactic call rewrite_strat-bottomup-noop ran for 0.001 secs (0.001u,0.s) (success)
Tactic call abstract+rewrite_strat-bottomup ran for 0.101 secs (0.101u,0.s) (success)
Tactic call close-abstract+rewrite_strat-bottomup ran for 0.019 secs (0.019u,0.s)
Params: n= 57
Tactic call rewrite_strat-bottomup ran for 0.08 secs (0.078u,0.002s) (success)
Tactic call rewrite_strat-bottomup-noop ran for 0. secs (0.u,0.s) (success)
Tactic call abstract+rewrite_strat-bottomup ran for 0.1 secs (0.098u,0.002s) (success)
Tactic call close-abstract+rewrite_strat-bottomup ran for 0.018 secs (0.018u,0.s)
Params: n= 58
Tactic call rewrite_strat-bottomup ran for 0.087 secs (0.087u,0.s) (success)
Tactic call rewrite_strat-bottomup-noop ran for 0. secs (0.u,0.s) (success)
Tactic call abstract+rewrite_strat-bottomup ran for 0.108 secs (0.108u,0.s) (success)
Tactic call close-abstract+rewrite_strat-bottomup ran for 0.019 secs (0.019u,0.s)
Params: n= 59
Tactic call rewrite_strat-bottomup ran for 0.091 secs (0.091u,0.s) (success)
Tactic call rewrite_strat-bottomup-noop ran for 0. secs (0.u,0.s) (success)
Tactic call abstract+rewrite_strat-bottomup ran for 0.111 secs (0.111u,0.s) (success)
Tactic call close-abstract+rewrite_strat-bottomup ran for 0.018 secs (0.018u,0.s)
Params: n= 60
Tactic call rewrite_strat-bottomup ran for 0.079 secs (0.079u,0.s) (success)
Tactic call rewrite_strat-bottomup-noop ran for 0. secs (0.u,0.s) (success)
Tactic call abstract+rewrite_strat-bottomup ran for 0.1 secs (0.1u,0.s) (success)
Tactic call close-abstract+rewrite_strat-bottomup ran for 0.019 secs (0.019u,0.s)
Params: n= 61
Tactic call rewrite_strat-bottomup ran for 0.087 secs (0.087u,0.s) (success)
Tactic call rewrite_strat-bottomup-noop ran for 0. secs (0.u,0.s) (success)
Tactic call abstract+rewrite_strat-bottomup ran for 0.108 secs (0.108u,0.s) (success)
Tactic call close-abstract+rewrite_strat-bottomup ran for 0.018 secs (0.018u,0.s)
Params: n= 62
Tactic call rewrite_strat-bottomup ran for 0.095 secs (0.095u,0.s) (success)
Tactic call rewrite_strat-bottomup-noop ran for 0.001 secs (0.001u,0.s) (success)
Tactic call abstract+rewrite_strat-bottomup ran for 0.117 secs (0.117u,0.s) (success)
Tactic call close-abstract+rewrite_strat-bottomup ran for 0.02 secs (0.02u,0.s)
Params: n= 63
Tactic call rewrite_strat-bottomup ran for 0.096 secs (0.096u,0.s) (success)
Tactic call rewrite_strat-bottomup-noop ran for 0. secs (0.u,0.s) (success)
Tactic call abstract+rewrite_strat-bottomup ran for 0.122 secs (0.122u,0.s) (success)
Tactic call close-abstract+rewrite_strat-bottomup ran for 0.024 secs (0.024u,0.s)
Params: n= 64
Tactic call rewrite_strat-bottomup ran for 0.095 secs (0.095u,0.s) (success)
Tactic call rewrite_strat-bottomup-noop ran for 0.001 secs (0.001u,0.s) (success)
Tactic call abstract+rewrite_strat-bottomup ran for 0.12 secs (0.12u,0.s) (success)
Tactic call close-abstract+rewrite_strat-bottomup ran for 0.022 secs (0.022u,0.s)
Params: n= 65
Tactic call rewrite_strat-bottomup ran for 0.105 secs (0.105u,0.s) (success)
Tactic call rewrite_strat-bottomup-noop ran for 0. secs (0.u,0.s) (success)
Tactic call abstract+rewrite_strat-bottomup ran for 0.129 secs (0.129u,0.s) (success)
Tactic call close-abstract+rewrite_strat-bottomup ran for 0.022 secs (0.022u,0.s)
Params: n= 66
Tactic call rewrite_strat-bottomup ran for 0.097 secs (0.097u,0.s) (success)
Tactic call rewrite_strat-bottomup-noop ran for 0. secs (0.u,0.s) (success)
Tactic call abstract+rewrite_strat-bottomup ran for 0.133 secs (0.133u,0.s) (success)
Tactic call close-abstract+rewrite_strat-bottomup ran for 0.034 secs (0.034u,0.s)
Params: n= 67
Tactic call rewrite_strat-bottomup ran for 0.104 secs (0.104u,0.s) (success)
Tactic call rewrite_strat-bottomup-noop ran for 0. secs (0.u,0.s) (success)
Tactic call abstract+rewrite_strat-bottomup ran for 0.131 secs (0.131u,0.s) (success)
Tactic call close-abstract+rewrite_strat-bottomup ran for 0.025 secs (0.025u,0.s)
Params: n= 68
Tactic call rewrite_strat-bottomup ran for 0.108 secs (0.108u,0.s) (success)
Tactic call rewrite_strat-bottomup-noop ran for 0. secs (0.u,0.s) (success)
Tactic call abstract+rewrite_strat-bottomup ran for 0.135 secs (0.135u,0.s) (success)
Tactic call close-abstract+rewrite_strat-bottomup ran for 0.025 secs (0.025u,0.s)
Params: n= 69
Tactic call rewrite_strat-bottomup ran for 0.1 secs (0.1u,0.s) (success)
Tactic call rewrite_strat-bottomup-noop ran for 0. secs (0.u,0.s) (success)
Tactic call abstract+rewrite_strat-bottomup ran for 0.128 secs (0.128u,0.s) (success)
Tactic call close-abstract+rewrite_strat-bottomup ran for 0.027 secs (0.027u,0.s)
Params: n= 70
Tactic call rewrite_strat-bottomup ran for 0.11 secs (0.11u,0.s) (success)
Tactic call rewrite_strat-bottomup-noop ran for 0. secs (0.u,0.s) (success)
Tactic call abstract+rewrite_strat-bottomup ran for 0.137 secs (0.137u,0.s) (success)
Tactic call close-abstract+rewrite_strat-bottomup ran for 0.024 secs (0.024u,0.s)
Params: n= 71
Tactic call rewrite_strat-bottomup ran for 0.11 secs (0.11u,0.s) (success)
Tactic call rewrite_strat-bottomup-noop ran for 0. secs (0.u,0.s) (success)
Tactic call abstract+rewrite_strat-bottomup ran for 0.138 secs (0.138u,0.s) (success)
Tactic call close-abstract+rewrite_strat-bottomup ran for 0.025 secs (0.025u,0.s)
Params: n= 72
Tactic call rewrite_strat-bottomup ran for 0.125 secs (0.125u,0.s) (success)
Tactic call rewrite_strat-bottomup-noop ran for 0. secs (0.u,0.s) (success)
Tactic call abstract+rewrite_strat-bottomup ran for 0.157 secs (0.157u,0.s) (success)
Tactic call close-abstract+rewrite_strat-bottomup ran for 0.029 secs (0.029u,0.s)
Params: n= 73
Tactic call rewrite_strat-bottomup ran for 0.11 secs (0.11u,0.s) (success)
Tactic call rewrite_strat-bottomup-noop ran for 0. secs (0.u,0.s) (success)
Tactic call abstract+rewrite_strat-bottomup ran for 0.139 secs (0.139u,0.s) (success)
Tactic call close-abstract+rewrite_strat-bottomup ran for 0.027 secs (0.027u,0.s)
Params: n= 74
Tactic call rewrite_strat-bottomup ran for 0.13 secs (0.13u,0.s) (success)
Tactic call rewrite_strat-bottomup-noop ran for 0.001 secs (0.001u,0.s) (success)
Tactic call abstract+rewrite_strat-bottomup ran for 0.163 secs (0.163u,0.s) (success)
Tactic call close-abstract+rewrite_strat-bottomup ran for 0.031 secs (0.031u,0.s)
Params: n= 75
Tactic call rewrite_strat-bottomup ran for 0.123 secs (0.123u,0.s) (success)
Tactic call rewrite_strat-bottomup-noop ran for 0. secs (0.u,0.s) (success)
Tactic call abstract+rewrite_strat-bottomup ran for 0.153 secs (0.153u,0.s) (success)
Tactic call close-abstract+rewrite_strat-bottomup ran for 0.027 secs (0.027u,0.s)
Params: n= 76
Tactic call rewrite_strat-bottomup ran for 0.144 secs (0.144u,0.s) (success)
Tactic call rewrite_strat-bottomup-noop ran for 0. secs (0.u,0.s) (success)
Tactic call abstract+rewrite_strat-bottomup ran for 0.179 secs (0.179u,0.s) (success)
Tactic call close-abstract+rewrite_strat-bottomup ran for 0.033 secs (0.033u,0.s)
Params: n= 77
Tactic call rewrite_strat-bottomup ran for 0.141 secs (0.141u,0.s) (success)
Tactic call rewrite_strat-bottomup-noop ran for 0.001 secs (0.u,0.001s) (success)
Tactic call abstract+rewrite_strat-bottomup ran for 0.172 secs (0.168u,0.003s) (success)
Tactic call close-abstract+rewrite_strat-bottomup ran for 0.029 secs (0.026u,0.002s)
Params: n= 78
Tactic call rewrite_strat-bottomup ran for 0.133 secs (0.133u,0.s) (success)
Tactic call rewrite_strat-bottomup-noop ran for 0. secs (0.u,0.s) (success)
Tactic call abstract+rewrite_strat-bottomup ran for 0.172 secs (0.172u,0.s) (success)
Tactic call close-abstract+rewrite_strat-bottomup ran for 0.036 secs (0.036u,0.s)
Params: n= 79
Tactic call rewrite_strat-bottomup ran for 0.159 secs (0.158u,0.s) (success)
Tactic call rewrite_strat-bottomup-noop ran for 0.001 secs (0.001u,0.s) (success)
Tactic call abstract+rewrite_strat-bottomup ran for 0.204 secs (0.204u,0.s) (success)
Tactic call close-abstract+rewrite_strat-bottomup ran for 0.043 secs (0.043u,0.s)
Params: n= 80
Tactic call rewrite_strat-bottomup ran for 0.154 secs (0.154u,0.s) (success)
Tactic call rewrite_strat-bottomup-noop ran for 0.001 secs (0.001u,0.s) (success)
Tactic call abstract+rewrite_strat-bottomup ran for 0.189 secs (0.189u,0.s) (success)
Tactic call close-abstract+rewrite_strat-bottomup ran for 0.033 secs (0.033u,0.s)
Params: n= 81
Tactic call rewrite_strat-bottomup ran for 0.14 secs (0.14u,0.s) (success)
Tactic call rewrite_strat-bottomup-noop ran for 0.001 secs (0.001u,0.s) (success)
Tactic call abstract+rewrite_strat-bottomup ran for 0.177 secs (0.177u,0.s) (success)
Tactic call close-abstract+rewrite_strat-bottomup ran for 0.034 secs (0.034u,0.s)
Params: n= 82
Tactic call rewrite_strat-bottomup ran for 0.15 secs (0.15u,0.s) (success)
Tactic call rewrite_strat-bottomup-noop ran for 0. secs (0.u,0.s) (success)
Tactic call abstract+rewrite_strat-bottomup ran for 0.188 secs (0.188u,0.s) (success)
Tactic call close-abstract+rewrite_strat-bottomup ran for 0.035 secs (0.035u,0.s)
Params: n= 83
Tactic call rewrite_strat-bottomup ran for 0.158 secs (0.158u,0.s) (success)
Tactic call rewrite_strat-bottomup-noop ran for 0.001 secs (0.001u,0.s) (success)
Tactic call abstract+rewrite_strat-bottomup ran for 0.204 secs (0.204u,0.s) (success)
Tactic call close-abstract+rewrite_strat-bottomup ran for 0.035 secs (0.035u,0.s)
Params: n= 84
Tactic call rewrite_strat-bottomup ran for 0.164 secs (0.164u,0.s) (success)
Tactic call rewrite_strat-bottomup-noop ran for 0.001 secs (0.001u,0.s) (success)
Tactic call abstract+rewrite_strat-bottomup ran for 0.203 secs (0.203u,0.s) (success)
Tactic call close-abstract+rewrite_strat-bottomup ran for 0.036 secs (0.037u,0.s)
Params: n= 85
Tactic call rewrite_strat-bottomup ran for 0.19 secs (0.186u,0.003s) (success)
Tactic call rewrite_strat-bottomup-noop ran for 0.001 secs (0.001u,0.s) (success)
Tactic call abstract+rewrite_strat-bottomup ran for 0.245 secs (0.241u,0.003s) (success)
Tactic call close-abstract+rewrite_strat-bottomup ran for 0.051 secs (0.051u,0.s)
Params: n= 86
Tactic call rewrite_strat-bottomup ran for 0.168 secs (0.168u,0.s) (success)
Tactic call rewrite_strat-bottomup-noop ran for 0.001 secs (0.001u,0.s) (success)
Tactic call abstract+rewrite_strat-bottomup ran for 0.22 secs (0.22u,0.s) (success)
Tactic call close-abstract+rewrite_strat-bottomup ran for 0.049 secs (0.049u,0.s)
Params: n= 87
Tactic call rewrite_strat-bottomup ran for 0.176 secs (0.176u,0.s) (success)
Tactic call rewrite_strat-bottomup-noop ran for 0.001 secs (0.001u,0.s) (success)
Tactic call abstract+rewrite_strat-bottomup ran for 0.225 secs (0.225u,0.s) (success)
Tactic call close-abstract+rewrite_strat-bottomup ran for 0.046 secs (0.046u,0.s)
Params: n= 88
Tactic call rewrite_strat-bottomup ran for 0.189 secs (0.181u,0.007s) (success)
Tactic call rewrite_strat-bottomup-noop ran for 0.004 secs (0.004u,0.s) (success)
Tactic call abstract+rewrite_strat-bottomup ran for 0.237 secs (0.229u,0.007s) (success)
Tactic call close-abstract+rewrite_strat-bottomup ran for 0.042 secs (0.042u,0.s)
Params: n= 89
Tactic call rewrite_strat-bottomup ran for 0.198 secs (0.197u,0.s) (success)
Tactic call rewrite_strat-bottomup-noop ran for 0.001 secs (0.001u,0.s) (success)
Tactic call abstract+rewrite_strat-bottomup ran for 0.247 secs (0.246u,0.s) (success)
Tactic call close-abstract+rewrite_strat-bottomup ran for 0.045 secs (0.045u,0.s)
Params: n= 90
Tactic call rewrite_strat-bottomup ran for 0.194 secs (0.194u,0.s) (success)
Tactic call rewrite_strat-bottomup-noop ran for 0.001 secs (0.001u,0.s) (success)
Tactic call abstract+rewrite_strat-bottomup ran for 0.251 secs (0.251u,0.s) (success)
Tactic call close-abstract+rewrite_strat-bottomup ran for 0.054 secs (0.054u,0.s)
Params: n= 91
Tactic call rewrite_strat-bottomup ran for 0.19 secs (0.19u,0.s) (success)
Tactic call rewrite_strat-bottomup-noop ran for 0.001 secs (0.001u,0.s) (success)
Tactic call abstract+rewrite_strat-bottomup ran for 0.234 secs (0.234u,0.s) (success)
Tactic call close-abstract+rewrite_strat-bottomup ran for 0.042 secs (0.042u,0.s)
Params: n= 92
Tactic call rewrite_strat-bottomup ran for 0.188 secs (0.188u,0.s) (success)
Tactic call rewrite_strat-bottomup-noop ran for 0.001 secs (0.001u,0.s) (success)
Tactic call abstract+rewrite_strat-bottomup ran for 0.239 secs (0.239u,0.s) (success)
Tactic call close-abstract+rewrite_strat-bottomup ran for 0.048 secs (0.048u,0.s)
Params: n= 93
Tactic call rewrite_strat-bottomup ran for 0.211 secs (0.207u,0.003s) (success)
Tactic call rewrite_strat-bottomup-noop ran for 0.001 secs (0.001u,0.s) (success)
Tactic call abstract+rewrite_strat-bottomup ran for 0.266 secs (0.262u,0.003s) (success)
Tactic call close-abstract+rewrite_strat-bottomup ran for 0.052 secs (0.052u,0.s)
Params: n= 94
Tactic call rewrite_strat-bottomup ran for 0.211 secs (0.211u,0.s) (success)
Tactic call rewrite_strat-bottomup-noop ran for 0.005 secs (0.005u,0.s) (success)
Tactic call abstract+rewrite_strat-bottomup ran for 0.265 secs (0.265u,0.s) (success)
Tactic call close-abstract+rewrite_strat-bottomup ran for 0.047 secs (0.047u,0.s)
Params: n= 95
Tactic call rewrite_strat-bottomup ran for 0.216 secs (0.216u,0.s) (success)
Tactic call rewrite_strat-bottomup-noop ran for 0.001 secs (0.001u,0.s) (success)
Tactic call abstract+rewrite_strat-bottomup ran for 0.276 secs (0.276u,0.s) (success)
Tactic call close-abstract+rewrite_strat-bottomup ran for 0.057 secs (0.057u,0.s)
Params: n= 96
Tactic call rewrite_strat-bottomup ran for 0.22 secs (0.22u,0.s) (success)
Tactic call rewrite_strat-bottomup-noop ran for 0.001 secs (0.001u,0.s) (success)
Tactic call abstract+rewrite_strat-bottomup ran for 0.273 secs (0.273u,0.s) (success)
Tactic call close-abstract+rewrite_strat-bottomup ran for 0.049 secs (0.049u,0.s)
Params: n= 97
Tactic call rewrite_strat-bottomup ran for 0.207 secs (0.207u,0.s) (success)
Tactic call rewrite_strat-bottomup-noop ran for 0.001 secs (0.001u,0.s) (success)
Tactic call abstract+rewrite_strat-bottomup ran for 0.261 secs (0.261u,0.s) (success)
Tactic call close-abstract+rewrite_strat-bottomup ran for 0.05 secs (0.05u,0.s)
Params: n= 98
Tactic call rewrite_strat-bottomup ran for 0.223 secs (0.223u,0.s) (success)
Tactic call rewrite_strat-bottomup-noop ran for 0.001 secs (0.001u,0.s) (success)
Tactic call abstract+rewrite_strat-bottomup ran for 0.275 secs (0.275u,0.s) (success)
Tactic call close-abstract+rewrite_strat-bottomup ran for 0.049 secs (0.049u,0.s)
Params: n= 99
Tactic call rewrite_strat-bottomup ran for 0.217 secs (0.213u,0.003s) (success)
Tactic call rewrite_strat-bottomup-noop ran for 0.001 secs (0.001u,0.s) (success)
Tactic call abstract+rewrite_strat-bottomup ran for 0.27 secs (0.266u,0.003s) (success)
Tactic call close-abstract+rewrite_strat-bottomup ran for 0.051 secs (0.051u,0.s)
Params: n= 110
Tactic call rewrite_strat-bottomup ran for 0.283 secs (0.283u,0.s) (success)
Tactic call rewrite_strat-bottomup-noop ran for 0.002 secs (0.002u,0.s) (success)
Tactic call abstract+rewrite_strat-bottomup ran for 0.367 secs (0.367u,0.s) (success)
Tactic call close-abstract+rewrite_strat-bottomup ran for 0.08 secs (0.08u,0.s)
Params: n= 120
Tactic call rewrite_strat-bottomup ran for 0.316 secs (0.316u,0.s) (success)
Tactic call rewrite_strat-bottomup-noop ran for 0.001 secs (0.001u,0.s) (success)
Tactic call abstract+rewrite_strat-bottomup ran for 0.398 secs (0.397u,0.s) (success)
Tactic call close-abstract+rewrite_strat-bottomup ran for 0.078 secs (0.078u,0.s)
Params: n= 130
Tactic call rewrite_strat-bottomup ran for 0.412 secs (0.412u,0.s) (success)
Tactic call rewrite_strat-bottomup-noop ran for 0.001 secs (0.001u,0.s) (success)
Tactic call abstract+rewrite_strat-bottomup ran for 0.546 secs (0.546u,0.s) (success)
Tactic call close-abstract+rewrite_strat-bottomup ran for 0.131 secs (0.131u,0.s)
Params: n= 140
Tactic call rewrite_strat-bottomup ran for 0.45 secs (0.45u,0.s) (success)
Tactic call rewrite_strat-bottomup-noop ran for 0.002 secs (0.002u,0.s) (success)
Tactic call abstract+rewrite_strat-bottomup ran for 0.586 secs (0.582u,0.004s) (success)
Tactic call close-abstract+rewrite_strat-bottomup ran for 0.131 secs (0.127u,0.003s)
Params: n= 160
Tactic call rewrite_strat-bottomup ran for 0.552 secs (0.54u,0.011s) (success)
Tactic call rewrite_strat-bottomup-noop ran for 0.006 secs (0.006u,0.s) (success)
Tactic call abstract+rewrite_strat-bottomup ran for 0.713 secs (0.701u,0.011s) (success)
Tactic call close-abstract+rewrite_strat-bottomup ran for 0.153 secs (0.153u,0.s)
Params: n= 170
Tactic call rewrite_strat-bottomup ran for 0.608 secs (0.604u,0.003s) (success)
Tactic call rewrite_strat-bottomup-noop ran for 0.018 secs (0.018u,0.s) (success)
Tactic call abstract+rewrite_strat-bottomup ran for 0.784 secs (0.78u,0.003s) (success)
Tactic call close-abstract+rewrite_strat-bottomup ran for 0.156 secs (0.156u,0.s)
Params: n= 180
Tactic call rewrite_strat-bottomup ran for 0.699 secs (0.699u,0.s) (success)
Tactic call rewrite_strat-bottomup-noop ran for 0.002 secs (0.002u,0.s) (success)
Tactic call abstract+rewrite_strat-bottomup ran for 0.868 secs (0.867u,0.s) (success)
Tactic call close-abstract+rewrite_strat-bottomup ran for 0.165 secs (0.164u,0.s)
Params: n= 190
Tactic call rewrite_strat-bottomup ran for 0.842 secs (0.842u,0.s) (success)
Tactic call rewrite_strat-bottomup-noop ran for 0.002 secs (0.002u,0.s) (success)
Tactic call abstract+rewrite_strat-bottomup ran for 1.057 secs (1.057u,0.s) (success)
Tactic call close-abstract+rewrite_strat-bottomup ran for 0.21 secs (0.21u,0.s)
Params: n= 210
Tactic call rewrite_strat-bottomup ran for 0.947 secs (0.947u,0.s) (success)
Tactic call rewrite_strat-bottomup-noop ran for 0.01 secs (0.01u,0.s) (success)
Tactic call abstract+rewrite_strat-bottomup ran for 1.186 secs (1.185u,0.s) (success)
Tactic call close-abstract+rewrite_strat-bottomup ran for 0.226 secs (0.226u,0.s)
Params: n= 220
Tactic call rewrite_strat-bottomup ran for 1.055 secs (1.055u,0.s) (success)
Tactic call rewrite_strat-bottomup-noop ran for 0.004 secs (0.004u,0.s) (success)
Tactic call abstract+rewrite_strat-bottomup ran for 1.339 secs (1.339u,0.s) (success)
Tactic call close-abstract+rewrite_strat-bottomup ran for 0.278 secs (0.278u,0.s)
Params: n= 230
Tactic call rewrite_strat-bottomup ran for 1.158 secs (1.158u,0.s) (success)
Tactic call rewrite_strat-bottomup-noop ran for 0.004 secs (0.004u,0.s) (success)
Tactic call abstract+rewrite_strat-bottomup ran for 1.499 secs (1.498u,0.s) (success)
Tactic call close-abstract+rewrite_strat-bottomup ran for 0.333 secs (0.333u,0.s)
Params: n= 240
Tactic call rewrite_strat-bottomup ran for 1.313 secs (1.313u,0.s) (success)
Tactic call rewrite_strat-bottomup-noop ran for 0.007 secs (0.007u,0.s) (success)
Tactic call abstract+rewrite_strat-bottomup ran for 1.639 secs (1.639u,0.s) (success)
Tactic call close-abstract+rewrite_strat-bottomup ran for 0.316 secs (0.316u,0.s)
Params: n= 260
Tactic call rewrite_strat-bottomup ran for 1.6 secs (1.6u,0.s) (success)
Tactic call rewrite_strat-bottomup-noop ran for 0.005 secs (0.005u,0.s) (success)
Tactic call abstract+rewrite_strat-bottomup ran for 2.02 secs (2.02u,0.s) (success)
Tactic call close-abstract+rewrite_strat-bottomup ran for 0.413 secs (0.413u,0.s)
Params: n= 270
Tactic call rewrite_strat-bottomup ran for 1.611 secs (1.611u,0.s) (success)
Tactic call rewrite_strat-bottomup-noop ran for 0.006 secs (0.006u,0.s) (success)
Tactic call abstract+rewrite_strat-bottomup ran for 2.009 secs (2.005u,0.003s) (success)
Tactic call close-abstract+rewrite_strat-bottomup ran for 0.389 secs (0.385u,0.003s)
Params: n= 280
Tactic call rewrite_strat-bottomup ran for 1.81 secs (1.806u,0.004s) (success)
Tactic call rewrite_strat-bottomup-noop ran for 0.006 secs (0.006u,0.s) (success)
Tactic call abstract+rewrite_strat-bottomup ran for 2.275 secs (2.27u,0.004s) (success)
Tactic call close-abstract+rewrite_strat-bottomup ran for 0.456 secs (0.456u,0.s)
Params: n= 290
Tactic call rewrite_strat-bottomup ran for 1.924 secs (1.907u,0.016s) (success)
Tactic call rewrite_strat-bottomup-noop ran for 0.007 secs (0.007u,0.s) (success)
Tactic call abstract+rewrite_strat-bottomup ran for 2.396 secs (2.366u,0.028s) (success)
Tactic call close-abstract+rewrite_strat-bottomup ran for 0.462 secs (0.45u,0.012s)
Params: n= 310
Tactic call rewrite_strat-bottomup ran for 2.35 secs (2.342u,0.007s) (success)
Tactic call rewrite_strat-bottomup-noop ran for 0.013 secs (0.013u,0.s) (success)
Tactic call abstract+rewrite_strat-bottomup ran for 2.901 secs (2.885u,0.015s) (success)
Tactic call close-abstract+rewrite_strat-bottomup ran for 0.535 secs (0.527u,0.007s)
Params: n= 320
Tactic call rewrite_strat-bottomup ran for 2.722 secs (2.709u,0.012s) (success)
Tactic call rewrite_strat-bottomup-noop ran for 0.008 secs (0.008u,0.s) (success)
Tactic call abstract+rewrite_strat-bottomup ran for 3.332 secs (3.316u,0.016s) (success)
Tactic call close-abstract+rewrite_strat-bottomup ran for 0.6 secs (0.597u,0.003s)
Params: n= 330
Tactic call rewrite_strat-bottomup ran for 2.659 secs (2.658u,0.s) (success)
Tactic call rewrite_strat-bottomup-noop ran for 0.008 secs (0.008u,0.s) (success)
Tactic call abstract+rewrite_strat-bottomup ran for 3.261 secs (3.26u,0.s) (success)
Tactic call close-abstract+rewrite_strat-bottomup ran for 0.592 secs (0.592u,0.s)
Params: n= 340
Tactic call rewrite_strat-bottomup ran for 2.786 secs (2.786u,0.s) (success)
Tactic call rewrite_strat-bottomup-noop ran for 0.008 secs (0.008u,0.s) (success)
Tactic call abstract+rewrite_strat-bottomup ran for 3.472 secs (3.472u,0.s) (success)
Tactic call close-abstract+rewrite_strat-bottomup ran for 0.675 secs (0.675u,0.s)
Params: n= 360
Tactic call rewrite_strat-bottomup ran for 3.153 secs (3.114u,0.035s) (success)
Tactic call rewrite_strat-bottomup-noop ran for 0.009 secs (0.009u,0.s) (success)
Tactic call abstract+rewrite_strat-bottomup ran for 3.872 secs (3.832u,0.035s) (success)
Tactic call close-abstract+rewrite_strat-bottomup ran for 0.706 secs (0.706u,0.s)
Params: n= 370
Tactic call rewrite_strat-bottomup ran for 3.388 secs (3.387u,0.s) (success)
Tactic call rewrite_strat-bottomup-noop ran for 0.008 secs (0.008u,0.s) (success)
Tactic call abstract+rewrite_strat-bottomup ran for 4.153 secs (4.152u,0.s) (success)
Tactic call close-abstract+rewrite_strat-bottomup ran for 0.754 secs (0.754u,0.s)
Params: n= 380
Tactic call rewrite_strat-bottomup ran for 3.93 secs (3.929u,0.s) (success)
Tactic call rewrite_strat-bottomup-noop ran for 0.01 secs (0.01u,0.s) (success)
Tactic call abstract+rewrite_strat-bottomup ran for 4.727 secs (4.727u,0.s) (success)
Tactic call close-abstract+rewrite_strat-bottomup ran for 0.785 secs (0.785u,0.s)
Params: n= 390
Tactic call rewrite_strat-bottomup ran for 3.669 secs (3.669u,0.s) (success)
Tactic call rewrite_strat-bottomup-noop ran for 0.011 secs (0.011u,0.s) (success)
Tactic call abstract+rewrite_strat-bottomup ran for 4.543 secs (4.543u,0.s) (success)
Tactic call close-abstract+rewrite_strat-bottomup ran for 0.86 secs (0.86u,0.s)
