Params: n= 4
Tactic call lazy-regression-linear ran for 0.027 secs (0.019u,0.007s) (success)
Tactic call intros-regression-linear ran for 0.032 secs (0.031u,0.s) (success)
Tactic call destruct-and-regression-linear ran for 0.075 secs (0.075u,0.s) (success)
Tactic call case-and-regression-linear ran for 0. secs (0.u,0.s) (success)
Tactic call case-clear-intros-and-regression-linear ran for 0. secs (0.u,0.s) (success)
Tactic call destruct-or-regression-linear ran for 0.015 secs (0.015u,0.s) (success)
Tactic call case-or-regression-linear ran for 0. secs (0.u,0.s) (success)
Tactic call case-clear-intros-or-regression-linear ran for 0. secs (0.u,0.s) (success)
Params: n= 5
Tactic call lazy-regression-linear ran for 0.047 secs (0.043u,0.003s) (success)
Tactic call intros-regression-linear ran for 0.014 secs (0.013u,0.s) (success)
Tactic call destruct-and-regression-linear ran for 0.018 secs (0.018u,0.s) (success)
Tactic call case-and-regression-linear ran for 0. secs (0.u,0.s) (success)
Tactic call case-clear-intros-and-regression-linear ran for 0. secs (0.u,0.s) (success)
Tactic call destruct-or-regression-linear ran for 0.019 secs (0.019u,0.s) (success)
Tactic call case-or-regression-linear ran for 0. secs (0.u,0.s) (success)
Tactic call case-clear-intros-or-regression-linear ran for 0. secs (0.u,0.s) (success)
Params: n= 6
Tactic call lazy-regression-linear ran for 0.051 secs (0.051u,0.s) (success)
Tactic call intros-regression-linear ran for 0.065 secs (0.065u,0.s) (success)
Tactic call destruct-and-regression-linear ran for 0.037 secs (0.037u,0.s) (success)
Tactic call case-and-regression-linear ran for 0. secs (0.u,0.s) (success)
Tactic call case-clear-intros-and-regression-linear ran for 0. secs (0.u,0.s) (success)
Tactic call destruct-or-regression-linear ran for 0.037 secs (0.037u,0.s) (success)
Tactic call case-or-regression-linear ran for 0. secs (0.u,0.s) (success)
Tactic call case-clear-intros-or-regression-linear ran for 0. secs (0.u,0.s) (success)
Params: n= 7
Tactic call lazy-regression-linear ran for 0.043 secs (0.043u,0.s) (success)
Tactic call intros-regression-linear ran for 0.062 secs (0.062u,0.s) (success)
Tactic call destruct-and-regression-linear ran for 0.049 secs (0.049u,0.s) (success)
Tactic call case-and-regression-linear ran for 0. secs (0.u,0.s) (success)
Tactic call case-clear-intros-and-regression-linear ran for 0. secs (0.u,0.s) (success)
Tactic call destruct-or-regression-linear ran for 0.039 secs (0.039u,0.s) (success)
Tactic call case-or-regression-linear ran for 0. secs (0.u,0.s) (success)
Tactic call case-clear-intros-or-regression-linear ran for 0. secs (0.u,0.s) (success)
Params: n= 8
Tactic call lazy-regression-linear ran for 0.078 secs (0.078u,0.s) (success)
Tactic call intros-regression-linear ran for 0.051 secs (0.051u,0.s) (success)
Tactic call destruct-and-regression-linear ran for 0.039 secs (0.039u,0.s) (success)
Tactic call case-and-regression-linear ran for 0. secs (0.u,0.s) (success)
Tactic call case-clear-intros-and-regression-linear ran for 0. secs (0.u,0.s) (success)
Tactic call destruct-or-regression-linear ran for 0.08 secs (0.08u,0.s) (success)
Tactic call case-or-regression-linear ran for 0. secs (0.u,0.s) (success)
Tactic call case-clear-intros-or-regression-linear ran for 0. secs (0.u,0.s) (success)
Params: n= 9
Tactic call lazy-regression-linear ran for 0.083 secs (0.075u,0.007s) (success)
Tactic call intros-regression-linear ran for 0.064 secs (0.064u,0.s) (success)
Tactic call destruct-and-regression-linear ran for 0.043 secs (0.043u,0.s) (success)
Tactic call case-and-regression-linear ran for 0. secs (0.u,0.s) (success)
Tactic call case-clear-intros-and-regression-linear ran for 0. secs (0.u,0.s) (success)
Tactic call destruct-or-regression-linear ran for 0.051 secs (0.051u,0.s) (success)
Tactic call case-or-regression-linear ran for 0. secs (0.u,0.s) (success)
Tactic call case-clear-intros-or-regression-linear ran for 0. secs (0.u,0.s) (success)
Params: n= 10
Tactic call lazy-regression-linear ran for 0.085 secs (0.085u,0.s) (success)
Tactic call intros-regression-linear ran for 0.089 secs (0.089u,0.s) (success)
Tactic call destruct-and-regression-linear ran for 0.051 secs (0.051u,0.s) (success)
Tactic call case-and-regression-linear ran for 0. secs (0.u,0.s) (success)
Tactic call case-clear-intros-and-regression-linear ran for 0. secs (0.u,0.s) (success)
Tactic call destruct-or-regression-linear ran for 0.051 secs (0.051u,0.s) (success)
Tactic call case-or-regression-linear ran for 0. secs (0.u,0.s) (success)
Tactic call case-clear-intros-or-regression-linear ran for 0. secs (0.u,0.s) (success)
