Params: n= 4
Tactic call refine-regression-quadratic-regression-linear ran for 0. secs (0.u,0.s) (success)
Tactic call pose-build-and-refine-regression-cubic ran for 0. secs (0.u,0.s) (success)
Tactic call fast_rewrite-regression-cubic ran for 0. secs (0.u,0.s) (success)
Tactic call abstract-regression-cubic ran for 0. secs (0.u,0.s) (success)
Tactic call close-abstract-regression-cubic ran for 0. secs (0.u,0.s)
Params: n= 5
Tactic call refine-regression-quadratic-regression-linear ran for 0. secs (0.u,0.s) (success)
Tactic call pose-build-and-refine-regression-cubic ran for 0. secs (0.u,0.s) (success)
Tactic call fast_rewrite-regression-cubic ran for 0. secs (0.u,0.s) (success)
Tactic call abstract-regression-cubic ran for 0. secs (0.u,0.s) (success)
Tactic call close-abstract-regression-cubic ran for 0. secs (0.u,0.s)
Params: n= 6
Tactic call refine-regression-quadratic-regression-linear ran for 0. secs (0.u,0.s) (success)
Tactic call pose-build-and-refine-regression-cubic ran for 0. secs (0.u,0.s) (success)
Tactic call fast_rewrite-regression-cubic ran for 0. secs (0.u,0.s) (success)
Tactic call abstract-regression-cubic ran for 0.001 secs (0.u,0.s) (success)
Tactic call close-abstract-regression-cubic ran for 0. secs (0.u,0.s)
Params: n= 7
Tactic call refine-regression-quadratic-regression-linear ran for 0. secs (0.u,0.s) (success)
Tactic call pose-build-and-refine-regression-cubic ran for 0. secs (0.u,0.s) (success)
Tactic call fast_rewrite-regression-cubic ran for 0. secs (0.u,0.s) (success)
Tactic call abstract-regression-cubic ran for 0.001 secs (0.u,0.s) (success)
Tactic call close-abstract-regression-cubic ran for 0. secs (0.u,0.s)
Params: n= 8
Tactic call refine-regression-quadratic-regression-linear ran for 0. secs (0.u,0.s) (success)
Tactic call pose-build-and-refine-regression-cubic ran for 0. secs (0.u,0.s) (success)
Tactic call fast_rewrite-regression-cubic ran for 0. secs (0.u,0.s) (success)
Tactic call abstract-regression-cubic ran for 0.001 secs (0.u,0.s) (success)
Tactic call close-abstract-regression-cubic ran for 0. secs (0.u,0.s)
Params: n= 9
Tactic call refine-regression-quadratic-regression-linear ran for 0. secs (0.u,0.s) (success)
Tactic call pose-build-and-refine-regression-cubic ran for 0. secs (0.u,0.s) (success)
Tactic call fast_rewrite-regression-cubic ran for 0. secs (0.u,0.s) (success)
Tactic call abstract-regression-cubic ran for 0.001 secs (0.001u,0.s) (success)
Tactic call close-abstract-regression-cubic ran for 0. secs (0.u,0.s)
Params: n= 10
Tactic call refine-regression-quadratic-regression-linear ran for 0. secs (0.u,0.s) (success)
Tactic call pose-build-and-refine-regression-cubic ran for 0.001 secs (0.u,0.s) (success)
Tactic call fast_rewrite-regression-cubic ran for 0.001 secs (0.u,0.s) (success)
Tactic call abstract-regression-cubic ran for 0.001 secs (0.u,0.s) (success)
Tactic call close-abstract-regression-cubic ran for 0. secs (0.u,0.s)
Params: n= 11
Tactic call refine-regression-quadratic-regression-linear ran for 0. secs (0.u,0.s) (success)
Tactic call pose-build-and-refine-regression-cubic ran for 0. secs (0.u,0.s) (success)
Tactic call fast_rewrite-regression-cubic ran for 0. secs (0.u,0.s) (success)
Tactic call abstract-regression-cubic ran for 0.001 secs (0.001u,0.s) (success)
Tactic call close-abstract-regression-cubic ran for 0. secs (0.u,0.s)
Params: n= 12
Tactic call refine-regression-quadratic-regression-linear ran for 0. secs (0.u,0.s) (success)
Tactic call pose-build-and-refine-regression-cubic ran for 0.001 secs (0.u,0.s) (success)
Tactic call fast_rewrite-regression-cubic ran for 0.001 secs (0.u,0.s) (success)
Tactic call abstract-regression-cubic ran for 0.001 secs (0.u,0.s) (success)
Tactic call close-abstract-regression-cubic ran for 0. secs (0.u,0.s)
Params: n= 13
Tactic call refine-regression-quadratic-regression-linear ran for 0. secs (0.u,0.s) (success)
Tactic call pose-build-and-refine-regression-cubic ran for 0.001 secs (0.001u,0.s) (success)
Tactic call fast_rewrite-regression-cubic ran for 0.001 secs (0.001u,0.s) (success)
Tactic call abstract-regression-cubic ran for 0.001 secs (0.001u,0.s) (success)
Tactic call close-abstract-regression-cubic ran for 0. secs (0.u,0.s)
Params: n= 14
Tactic call refine-regression-quadratic-regression-linear ran for 0. secs (0.u,0.s) (success)
Tactic call pose-build-and-refine-regression-cubic ran for 0.001 secs (0.u,0.s) (success)
Tactic call fast_rewrite-regression-cubic ran for 0.001 secs (0.u,0.s) (success)
Tactic call abstract-regression-cubic ran for 0.001 secs (0.u,0.s) (success)
Tactic call close-abstract-regression-cubic ran for 0. secs (0.u,0.s)
Params: n= 15
Tactic call refine-regression-quadratic-regression-linear ran for 0. secs (0.u,0.s) (success)
Tactic call pose-build-and-refine-regression-cubic ran for 0.001 secs (0.001u,0.s) (success)
Tactic call fast_rewrite-regression-cubic ran for 0.001 secs (0.001u,0.s) (success)
Tactic call abstract-regression-cubic ran for 0.001 secs (0.001u,0.s) (success)
Tactic call close-abstract-regression-cubic ran for 0. secs (0.u,0.s)
Params: n= 16
Tactic call refine-regression-quadratic-regression-linear ran for 0. secs (0.u,0.s) (success)
Tactic call pose-build-and-refine-regression-cubic ran for 0.001 secs (0.001u,0.s) (success)
Tactic call fast_rewrite-regression-cubic ran for 0.001 secs (0.001u,0.s) (success)
Tactic call abstract-regression-cubic ran for 0.002 secs (0.001u,0.s) (success)
Tactic call close-abstract-regression-cubic ran for 0. secs (0.u,0.s)
Params: n= 17
Tactic call refine-regression-quadratic-regression-linear ran for 0. secs (0.u,0.s) (success)
Tactic call pose-build-and-refine-regression-cubic ran for 0.001 secs (0.u,0.s) (success)
Tactic call fast_rewrite-regression-cubic ran for 0.001 secs (0.u,0.s) (success)
Tactic call abstract-regression-cubic ran for 0.002 secs (0.001u,0.s) (success)
Tactic call close-abstract-regression-cubic ran for 0. secs (0.u,0.s)
Params: n= 18
Tactic call refine-regression-quadratic-regression-linear ran for 0. secs (0.u,0.s) (success)
Tactic call pose-build-and-refine-regression-cubic ran for 0.001 secs (0.001u,0.s) (success)
Tactic call fast_rewrite-regression-cubic ran for 0.001 secs (0.001u,0.s) (success)
Tactic call abstract-regression-cubic ran for 0.002 secs (0.002u,0.s) (success)
Tactic call close-abstract-regression-cubic ran for 0. secs (0.u,0.s)
Params: n= 19
Tactic call refine-regression-quadratic-regression-linear ran for 0. secs (0.u,0.s) (success)
Tactic call pose-build-and-refine-regression-cubic ran for 0.001 secs (0.001u,0.s) (success)
Tactic call fast_rewrite-regression-cubic ran for 0.001 secs (0.001u,0.s) (success)
Tactic call abstract-regression-cubic ran for 0.002 secs (0.001u,0.001s) (success)
Tactic call close-abstract-regression-cubic ran for 0. secs (0.u,0.s)
Params: n= 20
Tactic call refine-regression-quadratic-regression-linear ran for 0. secs (0.u,0.s) (success)
Tactic call pose-build-and-refine-regression-cubic ran for 0.001 secs (0.001u,0.s) (success)
Tactic call fast_rewrite-regression-cubic ran for 0.001 secs (0.001u,0.s) (success)
Tactic call abstract-regression-cubic ran for 0.002 secs (0.002u,0.s) (success)
Tactic call close-abstract-regression-cubic ran for 0. secs (0.u,0.s)
Params: n= 21
Tactic call refine-regression-quadratic-regression-linear ran for 0. secs (0.u,0.s) (success)
Tactic call pose-build-and-refine-regression-cubic ran for 0.038 secs (0.035u,0.002s) (success)
Tactic call fast_rewrite-regression-cubic ran for 0.038 secs (0.035u,0.002s) (success)
Tactic call abstract-regression-cubic ran for 0.038 secs (0.036u,0.002s) (success)
Tactic call close-abstract-regression-cubic ran for 0. secs (0.u,0.s)
Params: n= 22
Tactic call refine-regression-quadratic-regression-linear ran for 0. secs (0.u,0.s) (success)
Tactic call pose-build-and-refine-regression-cubic ran for 0.001 secs (0.001u,0.s) (success)
Tactic call fast_rewrite-regression-cubic ran for 0.001 secs (0.001u,0.s) (success)
Tactic call abstract-regression-cubic ran for 0.002 secs (0.001u,0.s) (success)
Tactic call close-abstract-regression-cubic ran for 0. secs (0.u,0.s)
Params: n= 23
Tactic call refine-regression-quadratic-regression-linear ran for 0. secs (0.u,0.s) (success)
Tactic call pose-build-and-refine-regression-cubic ran for 0.001 secs (0.001u,0.s) (success)
Tactic call fast_rewrite-regression-cubic ran for 0.001 secs (0.001u,0.s) (success)
Tactic call abstract-regression-cubic ran for 0.002 secs (0.002u,0.s) (success)
Tactic call close-abstract-regression-cubic ran for 0. secs (0.u,0.s)
Params: n= 24
Tactic call refine-regression-quadratic-regression-linear ran for 0. secs (0.u,0.s) (success)
Tactic call pose-build-and-refine-regression-cubic ran for 0.001 secs (0.001u,0.s) (success)
Tactic call fast_rewrite-regression-cubic ran for 0.001 secs (0.001u,0.s) (success)
Tactic call abstract-regression-cubic ran for 0.002 secs (0.001u,0.s) (success)
Tactic call close-abstract-regression-cubic ran for 0. secs (0.u,0.s)
Params: n= 25
Tactic call refine-regression-quadratic-regression-linear ran for 0. secs (0.u,0.s) (success)
Tactic call pose-build-and-refine-regression-cubic ran for 0.001 secs (0.001u,0.s) (success)
Tactic call fast_rewrite-regression-cubic ran for 0.001 secs (0.001u,0.s) (success)
Tactic call abstract-regression-cubic ran for 0.002 secs (0.002u,0.s) (success)
Tactic call close-abstract-regression-cubic ran for 0. secs (0.u,0.s)
Params: n= 26
Tactic call refine-regression-quadratic-regression-linear ran for 0. secs (0.u,0.s) (success)
Tactic call pose-build-and-refine-regression-cubic ran for 0.001 secs (0.001u,0.s) (success)
Tactic call fast_rewrite-regression-cubic ran for 0.001 secs (0.001u,0.s) (success)
Tactic call abstract-regression-cubic ran for 0.002 secs (0.002u,0.s) (success)
Tactic call close-abstract-regression-cubic ran for 0. secs (0.u,0.s)
Params: n= 27
Tactic call refine-regression-quadratic-regression-linear ran for 0. secs (0.u,0.s) (success)
Tactic call pose-build-and-refine-regression-cubic ran for 0.001 secs (0.001u,0.s) (success)
Tactic call fast_rewrite-regression-cubic ran for 0.001 secs (0.001u,0.s) (success)
Tactic call abstract-regression-cubic ran for 0.002 secs (0.002u,0.s) (success)
Tactic call close-abstract-regression-cubic ran for 0. secs (0.u,0.s)
Params: n= 28
Tactic call refine-regression-quadratic-regression-linear ran for 0. secs (0.u,0.s) (success)
Tactic call pose-build-and-refine-regression-cubic ran for 0.001 secs (0.001u,0.s) (success)
Tactic call fast_rewrite-regression-cubic ran for 0.001 secs (0.001u,0.s) (success)
Tactic call abstract-regression-cubic ran for 0.002 secs (0.002u,0.s) (success)
Tactic call close-abstract-regression-cubic ran for 0. secs (0.u,0.s)
Params: n= 29
Tactic call refine-regression-quadratic-regression-linear ran for 0. secs (0.u,0.s) (success)
Tactic call pose-build-and-refine-regression-cubic ran for 0.001 secs (0.001u,0.s) (success)
Tactic call fast_rewrite-regression-cubic ran for 0.002 secs (0.002u,0.s) (success)
Tactic call abstract-regression-cubic ran for 0.002 secs (0.002u,0.s) (success)
Tactic call close-abstract-regression-cubic ran for 0. secs (0.u,0.s)
Params: n= 30
Tactic call refine-regression-quadratic-regression-linear ran for 0. secs (0.u,0.s) (success)
Tactic call pose-build-and-refine-regression-cubic ran for 0.002 secs (0.002u,0.s) (success)
Tactic call fast_rewrite-regression-cubic ran for 0.002 secs (0.002u,0.s) (success)
Tactic call abstract-regression-cubic ran for 0.002 secs (0.002u,0.s) (success)
Tactic call close-abstract-regression-cubic ran for 0. secs (0.u,0.s)
Params: n= 31
Tactic call refine-regression-quadratic-regression-linear ran for 0. secs (0.u,0.s) (success)
Tactic call pose-build-and-refine-regression-cubic ran for 0.002 secs (0.002u,0.s) (success)
Tactic call fast_rewrite-regression-cubic ran for 0.002 secs (0.002u,0.s) (success)
Tactic call abstract-regression-cubic ran for 0.003 secs (0.003u,0.s) (success)
Tactic call close-abstract-regression-cubic ran for 0. secs (0.u,0.s)
Params: n= 32
Tactic call refine-regression-quadratic-regression-linear ran for 0. secs (0.u,0.s) (success)
Tactic call pose-build-and-refine-regression-cubic ran for 0.002 secs (0.002u,0.s) (success)
Tactic call fast_rewrite-regression-cubic ran for 0.002 secs (0.002u,0.s) (success)
Tactic call abstract-regression-cubic ran for 0.003 secs (0.003u,0.s) (success)
Tactic call close-abstract-regression-cubic ran for 0. secs (0.u,0.s)
Params: n= 33
Tactic call refine-regression-quadratic-regression-linear ran for 0. secs (0.u,0.s) (success)
Tactic call pose-build-and-refine-regression-cubic ran for 0.016 secs (0.016u,0.s) (success)
Tactic call fast_rewrite-regression-cubic ran for 0.016 secs (0.016u,0.s) (success)
Tactic call abstract-regression-cubic ran for 0.018 secs (0.018u,0.s) (success)
Tactic call close-abstract-regression-cubic ran for 0. secs (0.u,0.s)
Params: n= 34
Tactic call refine-regression-quadratic-regression-linear ran for 0. secs (0.u,0.s) (success)
Tactic call pose-build-and-refine-regression-cubic ran for 0.002 secs (0.002u,0.s) (success)
Tactic call fast_rewrite-regression-cubic ran for 0.002 secs (0.002u,0.s) (success)
Tactic call abstract-regression-cubic ran for 0.003 secs (0.003u,0.s) (success)
Tactic call close-abstract-regression-cubic ran for 0. secs (0.u,0.s)
Params: n= 35
Tactic call refine-regression-quadratic-regression-linear ran for 0. secs (0.u,0.s) (success)
Tactic call pose-build-and-refine-regression-cubic ran for 0.002 secs (0.002u,0.s) (success)
Tactic call fast_rewrite-regression-cubic ran for 0.002 secs (0.002u,0.s) (success)
Tactic call abstract-regression-cubic ran for 0.003 secs (0.003u,0.s) (success)
Tactic call close-abstract-regression-cubic ran for 0. secs (0.u,0.s)
Params: n= 36
Tactic call refine-regression-quadratic-regression-linear ran for 0. secs (0.u,0.s) (success)
Tactic call pose-build-and-refine-regression-cubic ran for 0.002 secs (0.002u,0.s) (success)
Tactic call fast_rewrite-regression-cubic ran for 0.002 secs (0.002u,0.s) (success)
Tactic call abstract-regression-cubic ran for 0.003 secs (0.003u,0.s) (success)
Tactic call close-abstract-regression-cubic ran for 0. secs (0.u,0.s)
Params: n= 37
Tactic call refine-regression-quadratic-regression-linear ran for 0. secs (0.u,0.s) (success)
Tactic call pose-build-and-refine-regression-cubic ran for 0.002 secs (0.002u,0.s) (success)
Tactic call fast_rewrite-regression-cubic ran for 0.002 secs (0.002u,0.s) (success)
Tactic call abstract-regression-cubic ran for 0.003 secs (0.003u,0.s) (success)
Tactic call close-abstract-regression-cubic ran for 0. secs (0.u,0.s)
Params: n= 38
Tactic call refine-regression-quadratic-regression-linear ran for 0. secs (0.u,0.s) (success)
Tactic call pose-build-and-refine-regression-cubic ran for 0.002 secs (0.002u,0.s) (success)
Tactic call fast_rewrite-regression-cubic ran for 0.002 secs (0.002u,0.s) (success)
Tactic call abstract-regression-cubic ran for 0.004 secs (0.004u,0.s) (success)
Tactic call close-abstract-regression-cubic ran for 0.001 secs (0.001u,0.s)
Params: n= 39
Tactic call refine-regression-quadratic-regression-linear ran for 0. secs (0.u,0.s) (success)
Tactic call pose-build-and-refine-regression-cubic ran for 0.002 secs (0.002u,0.s) (success)
Tactic call fast_rewrite-regression-cubic ran for 0.002 secs (0.002u,0.s) (success)
Tactic call abstract-regression-cubic ran for 0.003 secs (0.003u,0.s) (success)
Tactic call close-abstract-regression-cubic ran for 0.001 secs (0.001u,0.s)
Params: n= 40
Tactic call refine-regression-quadratic-regression-linear ran for 0. secs (0.u,0.s) (success)
Tactic call pose-build-and-refine-regression-cubic ran for 0.002 secs (0.002u,0.s) (success)
Tactic call fast_rewrite-regression-cubic ran for 0.002 secs (0.002u,0.s) (success)
Tactic call abstract-regression-cubic ran for 0.004 secs (0.004u,0.s) (success)
Tactic call close-abstract-regression-cubic ran for 0.001 secs (0.001u,0.s)
Params: n= 41
Tactic call refine-regression-quadratic-regression-linear ran for 0. secs (0.u,0.s) (success)
Tactic call pose-build-and-refine-regression-cubic ran for 0.002 secs (0.002u,0.s) (success)
Tactic call fast_rewrite-regression-cubic ran for 0.003 secs (0.003u,0.s) (success)
Tactic call abstract-regression-cubic ran for 0.004 secs (0.004u,0.s) (success)
Tactic call close-abstract-regression-cubic ran for 0.001 secs (0.001u,0.s)
Params: n= 42
Tactic call refine-regression-quadratic-regression-linear ran for 0. secs (0.u,0.s) (success)
Tactic call pose-build-and-refine-regression-cubic ran for 0.003 secs (0.003u,0.s) (success)
Tactic call fast_rewrite-regression-cubic ran for 0.003 secs (0.003u,0.s) (success)
Tactic call abstract-regression-cubic ran for 0.005 secs (0.005u,0.s) (success)
Tactic call close-abstract-regression-cubic ran for 0.001 secs (0.001u,0.s)
Params: n= 43
Tactic call refine-regression-quadratic-regression-linear ran for 0. secs (0.u,0.s) (success)
Tactic call pose-build-and-refine-regression-cubic ran for 0.003 secs (0.003u,0.s) (success)
Tactic call fast_rewrite-regression-cubic ran for 0.003 secs (0.003u,0.s) (success)
Tactic call abstract-regression-cubic ran for 0.004 secs (0.004u,0.s) (success)
Tactic call close-abstract-regression-cubic ran for 0.001 secs (0.001u,0.s)
Params: n= 44
Tactic call refine-regression-quadratic-regression-linear ran for 0. secs (0.u,0.s) (success)
Tactic call pose-build-and-refine-regression-cubic ran for 0.003 secs (0.003u,0.s) (success)
Tactic call fast_rewrite-regression-cubic ran for 0.003 secs (0.003u,0.s) (success)
Tactic call abstract-regression-cubic ran for 0.004 secs (0.004u,0.s) (success)
Tactic call close-abstract-regression-cubic ran for 0.001 secs (0.001u,0.s)
Params: n= 45
Tactic call refine-regression-quadratic-regression-linear ran for 0. secs (0.u,0.s) (success)
Tactic call pose-build-and-refine-regression-cubic ran for 0.003 secs (0.003u,0.s) (success)
Tactic call fast_rewrite-regression-cubic ran for 0.003 secs (0.003u,0.s) (success)
Tactic call abstract-regression-cubic ran for 0.004 secs (0.004u,0.s) (success)
Tactic call close-abstract-regression-cubic ran for 0.001 secs (0.001u,0.s)
Params: n= 46
Tactic call refine-regression-quadratic-regression-linear ran for 0. secs (0.u,0.s) (success)
Tactic call pose-build-and-refine-regression-cubic ran for 0.003 secs (0.003u,0.s) (success)
Tactic call fast_rewrite-regression-cubic ran for 0.003 secs (0.003u,0.s) (success)
Tactic call abstract-regression-cubic ran for 0.004 secs (0.004u,0.s) (success)
Tactic call close-abstract-regression-cubic ran for 0.001 secs (0.001u,0.s)
Params: n= 47
Tactic call refine-regression-quadratic-regression-linear ran for 0. secs (0.u,0.s) (success)
Tactic call pose-build-and-refine-regression-cubic ran for 0.003 secs (0.003u,0.s) (success)
Tactic call fast_rewrite-regression-cubic ran for 0.003 secs (0.003u,0.s) (success)
Tactic call abstract-regression-cubic ran for 0.005 secs (0.005u,0.s) (success)
Tactic call close-abstract-regression-cubic ran for 0.001 secs (0.001u,0.s)
Params: n= 48
Tactic call refine-regression-quadratic-regression-linear ran for 0. secs (0.u,0.s) (success)
Tactic call pose-build-and-refine-regression-cubic ran for 0.003 secs (0.003u,0.s) (success)
Tactic call fast_rewrite-regression-cubic ran for 0.003 secs (0.003u,0.s) (success)
Tactic call abstract-regression-cubic ran for 0.005 secs (0.005u,0.s) (success)
Tactic call close-abstract-regression-cubic ran for 0.001 secs (0.001u,0.s)
Params: n= 49
Tactic call refine-regression-quadratic-regression-linear ran for 0. secs (0.u,0.s) (success)
Tactic call pose-build-and-refine-regression-cubic ran for 0.003 secs (0.003u,0.s) (success)
Tactic call fast_rewrite-regression-cubic ran for 0.003 secs (0.003u,0.s) (success)
Tactic call abstract-regression-cubic ran for 0.005 secs (0.005u,0.s) (success)
Tactic call close-abstract-regression-cubic ran for 0.001 secs (0.001u,0.s)
Params: n= 51
Tactic call refine-regression-quadratic-regression-linear ran for 0. secs (0.u,0.s) (success)
Tactic call pose-build-and-refine-regression-cubic ran for 0.003 secs (0.003u,0.s) (success)
Tactic call fast_rewrite-regression-cubic ran for 0.003 secs (0.003u,0.s) (success)
Tactic call abstract-regression-cubic ran for 0.005 secs (0.005u,0.s) (success)
Tactic call close-abstract-regression-cubic ran for 0.001 secs (0.001u,0.s)
Params: n= 52
Tactic call refine-regression-quadratic-regression-linear ran for 0. secs (0.u,0.s) (success)
Tactic call pose-build-and-refine-regression-cubic ran for 0.003 secs (0.003u,0.s) (success)
Tactic call fast_rewrite-regression-cubic ran for 0.003 secs (0.003u,0.s) (success)
Tactic call abstract-regression-cubic ran for 0.005 secs (0.005u,0.s) (success)
Tactic call close-abstract-regression-cubic ran for 0.001 secs (0.001u,0.s)
Params: n= 53
Tactic call refine-regression-quadratic-regression-linear ran for 0. secs (0.u,0.s) (success)
Tactic call pose-build-and-refine-regression-cubic ran for 0.003 secs (0.003u,0.s) (success)
Tactic call fast_rewrite-regression-cubic ran for 0.003 secs (0.003u,0.s) (success)
Tactic call abstract-regression-cubic ran for 0.006 secs (0.006u,0.s) (success)
Tactic call close-abstract-regression-cubic ran for 0.001 secs (0.001u,0.s)
Params: n= 54
Tactic call refine-regression-quadratic-regression-linear ran for 0. secs (0.u,0.s) (success)
Tactic call pose-build-and-refine-regression-cubic ran for 0.003 secs (0.003u,0.s) (success)
Tactic call fast_rewrite-regression-cubic ran for 0.003 secs (0.003u,0.s) (success)
Tactic call abstract-regression-cubic ran for 0.006 secs (0.005u,0.s) (success)
Tactic call close-abstract-regression-cubic ran for 0.001 secs (0.001u,0.s)
Params: n= 55
Tactic call refine-regression-quadratic-regression-linear ran for 0. secs (0.u,0.s) (success)
Tactic call pose-build-and-refine-regression-cubic ran for 0.004 secs (0.004u,0.s) (success)
Tactic call fast_rewrite-regression-cubic ran for 0.004 secs (0.004u,0.s) (success)
Tactic call abstract-regression-cubic ran for 0.006 secs (0.006u,0.s) (success)
Tactic call close-abstract-regression-cubic ran for 0.002 secs (0.002u,0.s)
Params: n= 56
Tactic call refine-regression-quadratic-regression-linear ran for 0. secs (0.u,0.s) (success)
Tactic call pose-build-and-refine-regression-cubic ran for 0.005 secs (0.005u,0.s) (success)
Tactic call fast_rewrite-regression-cubic ran for 0.005 secs (0.005u,0.s) (success)
Tactic call abstract-regression-cubic ran for 0.007 secs (0.007u,0.s) (success)
Tactic call close-abstract-regression-cubic ran for 0.002 secs (0.002u,0.s)
Params: n= 57
Tactic call refine-regression-quadratic-regression-linear ran for 0. secs (0.u,0.s) (success)
Tactic call pose-build-and-refine-regression-cubic ran for 0.004 secs (0.004u,0.s) (success)
Tactic call fast_rewrite-regression-cubic ran for 0.004 secs (0.004u,0.s) (success)
Tactic call abstract-regression-cubic ran for 0.006 secs (0.005u,0.s) (success)
Tactic call close-abstract-regression-cubic ran for 0.002 secs (0.001u,0.s)
Params: n= 58
Tactic call refine-regression-quadratic-regression-linear ran for 0. secs (0.u,0.s) (success)
Tactic call pose-build-and-refine-regression-cubic ran for 0.004 secs (0.004u,0.s) (success)
Tactic call fast_rewrite-regression-cubic ran for 0.004 secs (0.004u,0.s) (success)
Tactic call abstract-regression-cubic ran for 0.007 secs (0.007u,0.s) (success)
Tactic call close-abstract-regression-cubic ran for 0.002 secs (0.002u,0.s)
Params: n= 59
Tactic call refine-regression-quadratic-regression-linear ran for 0. secs (0.u,0.s) (success)
Tactic call pose-build-and-refine-regression-cubic ran for 0.005 secs (0.005u,0.s) (success)
Tactic call fast_rewrite-regression-cubic ran for 0.005 secs (0.005u,0.s) (success)
Tactic call abstract-regression-cubic ran for 0.008 secs (0.008u,0.s) (success)
Tactic call close-abstract-regression-cubic ran for 0.002 secs (0.002u,0.s)
Params: n= 60
Tactic call refine-regression-quadratic-regression-linear ran for 0. secs (0.u,0.s) (success)
Tactic call pose-build-and-refine-regression-cubic ran for 0.004 secs (0.004u,0.s) (success)
Tactic call fast_rewrite-regression-cubic ran for 0.004 secs (0.004u,0.s) (success)
Tactic call abstract-regression-cubic ran for 0.007 secs (0.007u,0.s) (success)
Tactic call close-abstract-regression-cubic ran for 0.002 secs (0.002u,0.s)
Params: n= 61
Tactic call refine-regression-quadratic-regression-linear ran for 0.004 secs (0.004u,0.s) (success)
Tactic call pose-build-and-refine-regression-cubic ran for 0.008 secs (0.008u,0.s) (success)
Tactic call fast_rewrite-regression-cubic ran for 0.008 secs (0.008u,0.s) (success)
Tactic call abstract-regression-cubic ran for 0.011 secs (0.011u,0.s) (success)
Tactic call close-abstract-regression-cubic ran for 0.002 secs (0.002u,0.s)
Params: n= 62
Tactic call refine-regression-quadratic-regression-linear ran for 0. secs (0.u,0.s) (success)
Tactic call pose-build-and-refine-regression-cubic ran for 0.004 secs (0.004u,0.s) (success)
Tactic call fast_rewrite-regression-cubic ran for 0.004 secs (0.004u,0.s) (success)
Tactic call abstract-regression-cubic ran for 0.007 secs (0.007u,0.s) (success)
Tactic call close-abstract-regression-cubic ran for 0.002 secs (0.002u,0.s)
Params: n= 63
Tactic call refine-regression-quadratic-regression-linear ran for 0. secs (0.u,0.s) (success)
Tactic call pose-build-and-refine-regression-cubic ran for 0.004 secs (0.004u,0.s) (success)
Tactic call fast_rewrite-regression-cubic ran for 0.004 secs (0.004u,0.s) (success)
Tactic call abstract-regression-cubic ran for 0.007 secs (0.007u,0.s) (success)
Tactic call close-abstract-regression-cubic ran for 0.002 secs (0.002u,0.s)
Params: n= 64
Tactic call refine-regression-quadratic-regression-linear ran for 0. secs (0.u,0.s) (success)
Tactic call pose-build-and-refine-regression-cubic ran for 0.004 secs (0.004u,0.s) (success)
Tactic call fast_rewrite-regression-cubic ran for 0.004 secs (0.004u,0.s) (success)
Tactic call abstract-regression-cubic ran for 0.007 secs (0.007u,0.s) (success)
Tactic call close-abstract-regression-cubic ran for 0.002 secs (0.002u,0.s)
Params: n= 65
Tactic call refine-regression-quadratic-regression-linear ran for 0. secs (0.u,0.s) (success)
Tactic call pose-build-and-refine-regression-cubic ran for 0.004 secs (0.004u,0.s) (success)
Tactic call fast_rewrite-regression-cubic ran for 0.004 secs (0.004u,0.s) (success)
Tactic call abstract-regression-cubic ran for 0.008 secs (0.008u,0.s) (success)
Tactic call close-abstract-regression-cubic ran for 0.002 secs (0.002u,0.s)
Params: n= 66
Tactic call refine-regression-quadratic-regression-linear ran for 0. secs (0.u,0.s) (success)
Tactic call pose-build-and-refine-regression-cubic ran for 0.005 secs (0.005u,0.s) (success)
Tactic call fast_rewrite-regression-cubic ran for 0.005 secs (0.005u,0.s) (success)
Tactic call abstract-regression-cubic ran for 0.009 secs (0.009u,0.s) (success)
Tactic call close-abstract-regression-cubic ran for 0.002 secs (0.002u,0.s)
Params: n= 67
Tactic call refine-regression-quadratic-regression-linear ran for 0. secs (0.u,0.s) (success)
Tactic call pose-build-and-refine-regression-cubic ran for 0.005 secs (0.005u,0.s) (success)
Tactic call fast_rewrite-regression-cubic ran for 0.005 secs (0.005u,0.s) (success)
Tactic call abstract-regression-cubic ran for 0.008 secs (0.008u,0.s) (success)
Tactic call close-abstract-regression-cubic ran for 0.003 secs (0.003u,0.s)
Params: n= 68
Tactic call refine-regression-quadratic-regression-linear ran for 0. secs (0.u,0.s) (success)
Tactic call pose-build-and-refine-regression-cubic ran for 0.005 secs (0.005u,0.s) (success)
Tactic call fast_rewrite-regression-cubic ran for 0.005 secs (0.005u,0.s) (success)
Tactic call abstract-regression-cubic ran for 0.008 secs (0.008u,0.s) (success)
Tactic call close-abstract-regression-cubic ran for 0.003 secs (0.003u,0.s)
Params: n= 69
Tactic call refine-regression-quadratic-regression-linear ran for 0. secs (0.u,0.s) (success)
Tactic call pose-build-and-refine-regression-cubic ran for 0.005 secs (0.005u,0.s) (success)
Tactic call fast_rewrite-regression-cubic ran for 0.005 secs (0.005u,0.s) (success)
Tactic call abstract-regression-cubic ran for 0.008 secs (0.008u,0.s) (success)
Tactic call close-abstract-regression-cubic ran for 0.003 secs (0.003u,0.s)
Params: n= 70
Tactic call refine-regression-quadratic-regression-linear ran for 0. secs (0.u,0.s) (success)
Tactic call pose-build-and-refine-regression-cubic ran for 0.005 secs (0.005u,0.s) (success)
Tactic call fast_rewrite-regression-cubic ran for 0.005 secs (0.005u,0.s) (success)
Tactic call abstract-regression-cubic ran for 0.008 secs (0.008u,0.s) (success)
Tactic call close-abstract-regression-cubic ran for 0.003 secs (0.003u,0.s)
Params: n= 71
Tactic call refine-regression-quadratic-regression-linear ran for 0. secs (0.u,0.s) (success)
Tactic call pose-build-and-refine-regression-cubic ran for 0.011 secs (0.011u,0.s) (success)
Tactic call fast_rewrite-regression-cubic ran for 0.011 secs (0.011u,0.s) (success)
Tactic call abstract-regression-cubic ran for 0.015 secs (0.015u,0.s) (success)
Tactic call close-abstract-regression-cubic ran for 0.003 secs (0.003u,0.s)
Params: n= 72
Tactic call refine-regression-quadratic-regression-linear ran for 0. secs (0.u,0.s) (success)
Tactic call pose-build-and-refine-regression-cubic ran for 0.005 secs (0.005u,0.s) (success)
Tactic call fast_rewrite-regression-cubic ran for 0.005 secs (0.005u,0.s) (success)
Tactic call abstract-regression-cubic ran for 0.009 secs (0.009u,0.s) (success)
Tactic call close-abstract-regression-cubic ran for 0.003 secs (0.003u,0.s)
Params: n= 73
Tactic call refine-regression-quadratic-regression-linear ran for 0. secs (0.u,0.s) (success)
Tactic call pose-build-and-refine-regression-cubic ran for 0.005 secs (0.005u,0.s) (success)
Tactic call fast_rewrite-regression-cubic ran for 0.005 secs (0.005u,0.s) (success)
Tactic call abstract-regression-cubic ran for 0.009 secs (0.009u,0.s) (success)
Tactic call close-abstract-regression-cubic ran for 0.003 secs (0.003u,0.s)
Params: n= 74
Tactic call refine-regression-quadratic-regression-linear ran for 0. secs (0.u,0.s) (success)
Tactic call pose-build-and-refine-regression-cubic ran for 0.005 secs (0.005u,0.s) (success)
Tactic call fast_rewrite-regression-cubic ran for 0.005 secs (0.005u,0.s) (success)
Tactic call abstract-regression-cubic ran for 0.01 secs (0.01u,0.s) (success)
Tactic call close-abstract-regression-cubic ran for 0.003 secs (0.003u,0.s)
Params: n= 75
Tactic call refine-regression-quadratic-regression-linear ran for 0. secs (0.u,0.s) (success)
Tactic call pose-build-and-refine-regression-cubic ran for 0.005 secs (0.005u,0.s) (success)
Tactic call fast_rewrite-regression-cubic ran for 0.005 secs (0.005u,0.s) (success)
Tactic call abstract-regression-cubic ran for 0.01 secs (0.009u,0.s) (success)
Tactic call close-abstract-regression-cubic ran for 0.004 secs (0.004u,0.s)
Params: n= 76
Tactic call refine-regression-quadratic-regression-linear ran for 0. secs (0.u,0.s) (success)
Tactic call pose-build-and-refine-regression-cubic ran for 0.005 secs (0.005u,0.s) (success)
Tactic call fast_rewrite-regression-cubic ran for 0.005 secs (0.005u,0.s) (success)
Tactic call abstract-regression-cubic ran for 0.01 secs (0.009u,0.s) (success)
Tactic call close-abstract-regression-cubic ran for 0.004 secs (0.003u,0.s)
Params: n= 77
Tactic call refine-regression-quadratic-regression-linear ran for 0. secs (0.u,0.s) (success)
Tactic call pose-build-and-refine-regression-cubic ran for 0.006 secs (0.006u,0.s) (success)
Tactic call fast_rewrite-regression-cubic ran for 0.006 secs (0.006u,0.s) (success)
Tactic call abstract-regression-cubic ran for 0.01 secs (0.01u,0.s) (success)
Tactic call close-abstract-regression-cubic ran for 0.004 secs (0.004u,0.s)
Params: n= 78
Tactic call refine-regression-quadratic-regression-linear ran for 0. secs (0.u,0.s) (success)
Tactic call pose-build-and-refine-regression-cubic ran for 0.006 secs (0.006u,0.s) (success)
Tactic call fast_rewrite-regression-cubic ran for 0.006 secs (0.006u,0.s) (success)
Tactic call abstract-regression-cubic ran for 0.01 secs (0.01u,0.s) (success)
Tactic call close-abstract-regression-cubic ran for 0.004 secs (0.004u,0.s)
Params: n= 79
Tactic call refine-regression-quadratic-regression-linear ran for 0. secs (0.u,0.s) (success)
Tactic call pose-build-and-refine-regression-cubic ran for 0.007 secs (0.007u,0.s) (success)
Tactic call fast_rewrite-regression-cubic ran for 0.007 secs (0.007u,0.s) (success)
Tactic call abstract-regression-cubic ran for 0.011 secs (0.011u,0.s) (success)
Tactic call close-abstract-regression-cubic ran for 0.004 secs (0.004u,0.s)
Params: n= 80
Tactic call refine-regression-quadratic-regression-linear ran for 0. secs (0.u,0.s) (success)
Tactic call pose-build-and-refine-regression-cubic ran for 0.006 secs (0.006u,0.s) (success)
Tactic call fast_rewrite-regression-cubic ran for 0.006 secs (0.006u,0.s) (success)
Tactic call abstract-regression-cubic ran for 0.011 secs (0.011u,0.s) (success)
Tactic call close-abstract-regression-cubic ran for 0.004 secs (0.004u,0.s)
Params: n= 81
Tactic call refine-regression-quadratic-regression-linear ran for 0. secs (0.u,0.s) (success)
Tactic call pose-build-and-refine-regression-cubic ran for 0.006 secs (0.006u,0.s) (success)
Tactic call fast_rewrite-regression-cubic ran for 0.006 secs (0.006u,0.s) (success)
Tactic call abstract-regression-cubic ran for 0.011 secs (0.011u,0.s) (success)
Tactic call close-abstract-regression-cubic ran for 0.004 secs (0.004u,0.s)
Params: n= 82
Tactic call refine-regression-quadratic-regression-linear ran for 0. secs (0.u,0.s) (success)
Tactic call pose-build-and-refine-regression-cubic ran for 0.006 secs (0.006u,0.s) (success)
Tactic call fast_rewrite-regression-cubic ran for 0.006 secs (0.006u,0.s) (success)
Tactic call abstract-regression-cubic ran for 0.011 secs (0.011u,0.s) (success)
Tactic call close-abstract-regression-cubic ran for 0.004 secs (0.004u,0.s)
Params: n= 83
Tactic call refine-regression-quadratic-regression-linear ran for 0. secs (0.u,0.s) (success)
Tactic call pose-build-and-refine-regression-cubic ran for 0.058 secs (0.058u,0.s) (success)
Tactic call fast_rewrite-regression-cubic ran for 0.058 secs (0.058u,0.s) (success)
Tactic call abstract-regression-cubic ran for 0.064 secs (0.064u,0.s) (success)
Tactic call close-abstract-regression-cubic ran for 0.005 secs (0.005u,0.s)
Params: n= 84
Tactic call refine-regression-quadratic-regression-linear ran for 0. secs (0.u,0.s) (success)
Tactic call pose-build-and-refine-regression-cubic ran for 0.006 secs (0.006u,0.s) (success)
Tactic call fast_rewrite-regression-cubic ran for 0.006 secs (0.006u,0.s) (success)
Tactic call abstract-regression-cubic ran for 0.012 secs (0.011u,0.s) (success)
Tactic call close-abstract-regression-cubic ran for 0.005 secs (0.004u,0.s)
Params: n= 85
Tactic call refine-regression-quadratic-regression-linear ran for 0. secs (0.u,0.s) (success)
Tactic call pose-build-and-refine-regression-cubic ran for 0.006 secs (0.006u,0.s) (success)
Tactic call fast_rewrite-regression-cubic ran for 0.006 secs (0.006u,0.s) (success)
Tactic call abstract-regression-cubic ran for 0.012 secs (0.012u,0.s) (success)
Tactic call close-abstract-regression-cubic ran for 0.005 secs (0.005u,0.s)
Params: n= 86
Tactic call refine-regression-quadratic-regression-linear ran for 0. secs (0.u,0.s) (success)
Tactic call pose-build-and-refine-regression-cubic ran for 0.006 secs (0.006u,0.s) (success)
Tactic call fast_rewrite-regression-cubic ran for 0.006 secs (0.006u,0.s) (success)
Tactic call abstract-regression-cubic ran for 0.013 secs (0.013u,0.s) (success)
Tactic call close-abstract-regression-cubic ran for 0.005 secs (0.005u,0.s)
Params: n= 87
Tactic call refine-regression-quadratic-regression-linear ran for 0. secs (0.u,0.s) (success)
Tactic call pose-build-and-refine-regression-cubic ran for 0.006 secs (0.006u,0.s) (success)
Tactic call fast_rewrite-regression-cubic ran for 0.006 secs (0.006u,0.s) (success)
Tactic call abstract-regression-cubic ran for 0.012 secs (0.012u,0.s) (success)
Tactic call close-abstract-regression-cubic ran for 0.005 secs (0.005u,0.s)
Params: n= 88
Tactic call refine-regression-quadratic-regression-linear ran for 0. secs (0.u,0.s) (success)
Tactic call pose-build-and-refine-regression-cubic ran for 0.007 secs (0.007u,0.s) (success)
Tactic call fast_rewrite-regression-cubic ran for 0.007 secs (0.007u,0.s) (success)
Tactic call abstract-regression-cubic ran for 0.013 secs (0.013u,0.s) (success)
Tactic call close-abstract-regression-cubic ran for 0.005 secs (0.005u,0.s)
Params: n= 89
Tactic call refine-regression-quadratic-regression-linear ran for 0. secs (0.u,0.s) (success)
Tactic call pose-build-and-refine-regression-cubic ran for 0.007 secs (0.007u,0.s) (success)
Tactic call fast_rewrite-regression-cubic ran for 0.007 secs (0.007u,0.s) (success)
Tactic call abstract-regression-cubic ran for 0.013 secs (0.013u,0.s) (success)
Tactic call close-abstract-regression-cubic ran for 0.006 secs (0.006u,0.s)
Params: n= 90
Tactic call refine-regression-quadratic-regression-linear ran for 0. secs (0.u,0.s) (success)
Tactic call pose-build-and-refine-regression-cubic ran for 0.034 secs (0.034u,0.s) (success)
Tactic call fast_rewrite-regression-cubic ran for 0.034 secs (0.034u,0.s) (success)
Tactic call abstract-regression-cubic ran for 0.041 secs (0.041u,0.s) (success)
Tactic call close-abstract-regression-cubic ran for 0.006 secs (0.006u,0.s)
Params: n= 91
Tactic call refine-regression-quadratic-regression-linear ran for 0. secs (0.u,0.s) (success)
Tactic call pose-build-and-refine-regression-cubic ran for 0.007 secs (0.007u,0.s) (success)
Tactic call fast_rewrite-regression-cubic ran for 0.007 secs (0.007u,0.s) (success)
Tactic call abstract-regression-cubic ran for 0.014 secs (0.014u,0.s) (success)
Tactic call close-abstract-regression-cubic ran for 0.006 secs (0.006u,0.s)
Params: n= 92
Tactic call refine-regression-quadratic-regression-linear ran for 0. secs (0.u,0.s) (success)
Tactic call pose-build-and-refine-regression-cubic ran for 0.007 secs (0.007u,0.s) (success)
Tactic call fast_rewrite-regression-cubic ran for 0.007 secs (0.007u,0.s) (success)
Tactic call abstract-regression-cubic ran for 0.014 secs (0.014u,0.s) (success)
Tactic call close-abstract-regression-cubic ran for 0.006 secs (0.006u,0.s)
Params: n= 93
Tactic call refine-regression-quadratic-regression-linear ran for 0. secs (0.u,0.s) (success)
Tactic call pose-build-and-refine-regression-cubic ran for 0.009 secs (0.009u,0.s) (success)
Tactic call fast_rewrite-regression-cubic ran for 0.009 secs (0.009u,0.s) (success)
Tactic call abstract-regression-cubic ran for 0.015 secs (0.014u,0.s) (success)
Tactic call close-abstract-regression-cubic ran for 0.006 secs (0.005u,0.s)
Params: n= 94
Tactic call refine-regression-quadratic-regression-linear ran for 0. secs (0.u,0.s) (success)
Tactic call pose-build-and-refine-regression-cubic ran for 0.007 secs (0.007u,0.s) (success)
Tactic call fast_rewrite-regression-cubic ran for 0.007 secs (0.007u,0.s) (success)
Tactic call abstract-regression-cubic ran for 0.015 secs (0.015u,0.s) (success)
Tactic call close-abstract-regression-cubic ran for 0.006 secs (0.006u,0.s)
Params: n= 95
Tactic call refine-regression-quadratic-regression-linear ran for 0. secs (0.u,0.s) (success)
Tactic call pose-build-and-refine-regression-cubic ran for 0.007 secs (0.007u,0.s) (success)
Tactic call fast_rewrite-regression-cubic ran for 0.007 secs (0.007u,0.s) (success)
Tactic call abstract-regression-cubic ran for 0.015 secs (0.015u,0.s) (success)
Tactic call close-abstract-regression-cubic ran for 0.007 secs (0.007u,0.s)
Params: n= 96
Tactic call refine-regression-quadratic-regression-linear ran for 0. secs (0.u,0.s) (success)
Tactic call pose-build-and-refine-regression-cubic ran for 0.008 secs (0.008u,0.s) (success)
Tactic call fast_rewrite-regression-cubic ran for 0.008 secs (0.008u,0.s) (success)
Tactic call abstract-regression-cubic ran for 0.03 secs (0.03u,0.s) (success)
Tactic call close-abstract-regression-cubic ran for 0.021 secs (0.021u,0.s)
Params: n= 97
Tactic call refine-regression-quadratic-regression-linear ran for 0. secs (0.u,0.s) (success)
Tactic call pose-build-and-refine-regression-cubic ran for 0.008 secs (0.008u,0.s) (success)
Tactic call fast_rewrite-regression-cubic ran for 0.008 secs (0.008u,0.s) (success)
Tactic call abstract-regression-cubic ran for 0.015 secs (0.015u,0.s) (success)
Tactic call close-abstract-regression-cubic ran for 0.007 secs (0.007u,0.s)
Params: n= 98
Tactic call refine-regression-quadratic-regression-linear ran for 0. secs (0.u,0.s) (success)
Tactic call pose-build-and-refine-regression-cubic ran for 0.008 secs (0.008u,0.s) (success)
Tactic call fast_rewrite-regression-cubic ran for 0.008 secs (0.008u,0.s) (success)
Tactic call abstract-regression-cubic ran for 0.016 secs (0.016u,0.s) (success)
Tactic call close-abstract-regression-cubic ran for 0.007 secs (0.007u,0.s)
Params: n= 99
Tactic call refine-regression-quadratic-regression-linear ran for 0. secs (0.u,0.s) (success)
Tactic call pose-build-and-refine-regression-cubic ran for 0.008 secs (0.008u,0.s) (success)
Tactic call fast_rewrite-regression-cubic ran for 0.008 secs (0.008u,0.s) (success)
Tactic call abstract-regression-cubic ran for 0.017 secs (0.017u,0.s) (success)
Tactic call close-abstract-regression-cubic ran for 0.008 secs (0.008u,0.s)
Params: n= 110
Tactic call refine-regression-quadratic-regression-linear ran for 0. secs (0.u,0.s) (success)
Tactic call pose-build-and-refine-regression-cubic ran for 0.009 secs (0.009u,0.s) (success)
Tactic call fast_rewrite-regression-cubic ran for 0.009 secs (0.009u,0.s) (success)
Tactic call abstract-regression-cubic ran for 0.02 secs (0.02u,0.s) (success)
Tactic call close-abstract-regression-cubic ran for 0.009 secs (0.009u,0.s)
Params: n= 120
Tactic call refine-regression-quadratic-regression-linear ran for 0. secs (0.u,0.s) (success)
Tactic call pose-build-and-refine-regression-cubic ran for 0.011 secs (0.011u,0.s) (success)
Tactic call fast_rewrite-regression-cubic ran for 0.011 secs (0.011u,0.s) (success)
Tactic call abstract-regression-cubic ran for 0.023 secs (0.023u,0.s) (success)
Tactic call close-abstract-regression-cubic ran for 0.011 secs (0.011u,0.s)
Params: n= 130
Tactic call refine-regression-quadratic-regression-linear ran for 0.001 secs (0.001u,0.s) (success)
Tactic call pose-build-and-refine-regression-cubic ran for 0.012 secs (0.012u,0.s) (success)
Tactic call fast_rewrite-regression-cubic ran for 0.012 secs (0.012u,0.s) (success)
Tactic call abstract-regression-cubic ran for 0.028 secs (0.028u,0.s) (success)
Tactic call close-abstract-regression-cubic ran for 0.015 secs (0.015u,0.s)
Params: n= 140
Tactic call refine-regression-quadratic-regression-linear ran for 0.001 secs (0.001u,0.s) (success)
Tactic call pose-build-and-refine-regression-cubic ran for 0.013 secs (0.013u,0.s) (success)
Tactic call fast_rewrite-regression-cubic ran for 0.013 secs (0.013u,0.s) (success)
Tactic call abstract-regression-cubic ran for 0.032 secs (0.032u,0.s) (success)
Tactic call close-abstract-regression-cubic ran for 0.018 secs (0.018u,0.s)
Params: n= 160
Tactic call refine-regression-quadratic-regression-linear ran for 0.001 secs (0.001u,0.s) (success)
Tactic call pose-build-and-refine-regression-cubic ran for 0.017 secs (0.017u,0.s) (success)
Tactic call fast_rewrite-regression-cubic ran for 0.017 secs (0.017u,0.s) (success)
Tactic call abstract-regression-cubic ran for 0.044 secs (0.044u,0.s) (success)
Tactic call close-abstract-regression-cubic ran for 0.025 secs (0.025u,0.s)
Params: n= 170
Tactic call refine-regression-quadratic-regression-linear ran for 0.001 secs (0.001u,0.s) (success)
Tactic call pose-build-and-refine-regression-cubic ran for 0.017 secs (0.017u,0.s) (success)
Tactic call fast_rewrite-regression-cubic ran for 0.017 secs (0.017u,0.s) (success)
Tactic call abstract-regression-cubic ran for 0.052 secs (0.052u,0.s) (success)
Tactic call close-abstract-regression-cubic ran for 0.034 secs (0.034u,0.s)
Params: n= 180
Tactic call refine-regression-quadratic-regression-linear ran for 0.001 secs (0.001u,0.s) (success)
Tactic call pose-build-and-refine-regression-cubic ran for 0.018 secs (0.018u,0.s) (success)
Tactic call fast_rewrite-regression-cubic ran for 0.018 secs (0.018u,0.s) (success)
Tactic call abstract-regression-cubic ran for 0.054 secs (0.054u,0.s) (success)
Tactic call close-abstract-regression-cubic ran for 0.034 secs (0.034u,0.s)
Params: n= 190
Tactic call refine-regression-quadratic-regression-linear ran for 0.001 secs (0.001u,0.s) (success)
Tactic call pose-build-and-refine-regression-cubic ran for 0.022 secs (0.022u,0.s) (success)
Tactic call fast_rewrite-regression-cubic ran for 0.022 secs (0.022u,0.s) (success)
Tactic call abstract-regression-cubic ran for 0.063 secs (0.063u,0.s) (success)
Tactic call close-abstract-regression-cubic ran for 0.039 secs (0.039u,0.s)
Params: n= 210
Tactic call refine-regression-quadratic-regression-linear ran for 0.001 secs (0.001u,0.s) (success)
Tactic call pose-build-and-refine-regression-cubic ran for 0.035 secs (0.034u,0.001s) (success)
Tactic call fast_rewrite-regression-cubic ran for 0.035 secs (0.034u,0.001s) (success)
Tactic call abstract-regression-cubic ran for 0.084 secs (0.083u,0.001s) (success)
Tactic call close-abstract-regression-cubic ran for 0.048 secs (0.048u,0.s)
Params: n= 220
Tactic call refine-regression-quadratic-regression-linear ran for 0.001 secs (0.001u,0.s) (success)
Tactic call pose-build-and-refine-regression-cubic ran for 0.026 secs (0.026u,0.s) (success)
Tactic call fast_rewrite-regression-cubic ran for 0.026 secs (0.026u,0.s) (success)
Tactic call abstract-regression-cubic ran for 0.086 secs (0.086u,0.s) (success)
Tactic call close-abstract-regression-cubic ran for 0.059 secs (0.059u,0.s)
Params: n= 230
Tactic call refine-regression-quadratic-regression-linear ran for 0.001 secs (0.001u,0.s) (success)
Tactic call pose-build-and-refine-regression-cubic ran for 0.028 secs (0.028u,0.s) (success)
Tactic call fast_rewrite-regression-cubic ran for 0.028 secs (0.028u,0.s) (success)
Tactic call abstract-regression-cubic ran for 0.093 secs (0.092u,0.s) (success)
Tactic call close-abstract-regression-cubic ran for 0.064 secs (0.063u,0.s)
Params: n= 240
Tactic call refine-regression-quadratic-regression-linear ran for 0.001 secs (0.001u,0.s) (success)
Tactic call pose-build-and-refine-regression-cubic ran for 0.029 secs (0.029u,0.s) (success)
Tactic call fast_rewrite-regression-cubic ran for 0.029 secs (0.029u,0.s) (success)
Tactic call abstract-regression-cubic ran for 0.16 secs (0.16u,0.s) (success)
Tactic call close-abstract-regression-cubic ran for 0.13 secs (0.13u,0.s)
Params: n= 260
Tactic call refine-regression-quadratic-regression-linear ran for 0.006 secs (0.004u,0.001s) (success)
Tactic call pose-build-and-refine-regression-cubic ran for 0.038 secs (0.036u,0.001s) (success)
Tactic call fast_rewrite-regression-cubic ran for 0.038 secs (0.036u,0.001s) (success)
Tactic call abstract-regression-cubic ran for 0.125 secs (0.123u,0.001s) (success)
Tactic call close-abstract-regression-cubic ran for 0.086 secs (0.086u,0.s)
Params: n= 270
Tactic call refine-regression-quadratic-regression-linear ran for 0.002 secs (0.002u,0.s) (success)
Tactic call pose-build-and-refine-regression-cubic ran for 0.065 secs (0.065u,0.s) (success)
Tactic call fast_rewrite-regression-cubic ran for 0.065 secs (0.065u,0.s) (success)
Tactic call abstract-regression-cubic ran for 0.17 secs (0.17u,0.s) (success)
Tactic call close-abstract-regression-cubic ran for 0.104 secs (0.104u,0.s)
Params: n= 280
Tactic call refine-regression-quadratic-regression-linear ran for 0.002 secs (0.002u,0.s) (success)
Tactic call pose-build-and-refine-regression-cubic ran for 0.041 secs (0.041u,0.s) (success)
Tactic call fast_rewrite-regression-cubic ran for 0.042 secs (0.042u,0.s) (success)
Tactic call abstract-regression-cubic ran for 0.149 secs (0.149u,0.s) (success)
Tactic call close-abstract-regression-cubic ran for 0.106 secs (0.106u,0.s)
Params: n= 290
Tactic call refine-regression-quadratic-regression-linear ran for 0.002 secs (0.002u,0.s) (success)
Tactic call pose-build-and-refine-regression-cubic ran for 0.04 secs (0.039u,0.s) (success)
Tactic call fast_rewrite-regression-cubic ran for 0.04 secs (0.039u,0.s) (success)
Tactic call abstract-regression-cubic ran for 0.165 secs (0.163u,0.001s) (success)
Tactic call close-abstract-regression-cubic ran for 0.123 secs (0.122u,0.001s)
Params: n= 310
Tactic call refine-regression-quadratic-regression-linear ran for 0.002 secs (0.002u,0.s) (success)
Tactic call pose-build-and-refine-regression-cubic ran for 0.045 secs (0.045u,0.s) (success)
Tactic call fast_rewrite-regression-cubic ran for 0.045 secs (0.045u,0.s) (success)
Tactic call abstract-regression-cubic ran for 0.198 secs (0.198u,0.s) (success)
Tactic call close-abstract-regression-cubic ran for 0.152 secs (0.152u,0.s)
Params: n= 320
Tactic call refine-regression-quadratic-regression-linear ran for 0.002 secs (0.002u,0.s) (success)
Tactic call pose-build-and-refine-regression-cubic ran for 0.048 secs (0.048u,0.s) (success)
Tactic call fast_rewrite-regression-cubic ran for 0.048 secs (0.048u,0.s) (success)
Tactic call abstract-regression-cubic ran for 0.205 secs (0.205u,0.s) (success)
Tactic call close-abstract-regression-cubic ran for 0.156 secs (0.156u,0.s)
Params: n= 330
Tactic call refine-regression-quadratic-regression-linear ran for 0.002 secs (0.002u,0.s) (success)
Tactic call pose-build-and-refine-regression-cubic ran for 0.056 secs (0.056u,0.s) (success)
Tactic call fast_rewrite-regression-cubic ran for 0.056 secs (0.056u,0.s) (success)
Tactic call abstract-regression-cubic ran for 0.239 secs (0.239u,0.s) (success)
Tactic call close-abstract-regression-cubic ran for 0.182 secs (0.182u,0.s)
Params: n= 340
Tactic call refine-regression-quadratic-regression-linear ran for 0.008 secs (0.008u,0.s) (success)
Tactic call pose-build-and-refine-regression-cubic ran for 0.058 secs (0.058u,0.s) (success)
Tactic call fast_rewrite-regression-cubic ran for 0.058 secs (0.058u,0.s) (success)
Tactic call abstract-regression-cubic ran for 0.239 secs (0.239u,0.s) (success)
Tactic call close-abstract-regression-cubic ran for 0.18 secs (0.18u,0.s)
Params: n= 360
Tactic call refine-regression-quadratic-regression-linear ran for 0.002 secs (0.002u,0.s) (success)
Tactic call pose-build-and-refine-regression-cubic ran for 0.059 secs (0.059u,0.s) (success)
Tactic call fast_rewrite-regression-cubic ran for 0.059 secs (0.059u,0.s) (success)
Tactic call abstract-regression-cubic ran for 0.281 secs (0.28u,0.s) (success)
Tactic call close-abstract-regression-cubic ran for 0.221 secs (0.22u,0.s)
Params: n= 370
Tactic call refine-regression-quadratic-regression-linear ran for 0.003 secs (0.003u,0.s) (success)
Tactic call pose-build-and-refine-regression-cubic ran for 0.061 secs (0.061u,0.s) (success)
Tactic call fast_rewrite-regression-cubic ran for 0.062 secs (0.062u,0.s) (success)
Tactic call abstract-regression-cubic ran for 0.306 secs (0.306u,0.s) (success)
Tactic call close-abstract-regression-cubic ran for 0.243 secs (0.243u,0.s)
Params: n= 380
Tactic call refine-regression-quadratic-regression-linear ran for 0.003 secs (0.003u,0.s) (success)
Tactic call pose-build-and-refine-regression-cubic ran for 0.065 secs (0.065u,0.s) (success)
Tactic call fast_rewrite-regression-cubic ran for 0.065 secs (0.065u,0.s) (success)
Tactic call abstract-regression-cubic ran for 0.343 secs (0.341u,0.s) (success)
Tactic call close-abstract-regression-cubic ran for 0.277 secs (0.275u,0.s)
Params: n= 390
Tactic call refine-regression-quadratic-regression-linear ran for 0.003 secs (0.003u,0.s) (success)
Tactic call pose-build-and-refine-regression-cubic ran for 0.074 secs (0.074u,0.s) (success)
Tactic call fast_rewrite-regression-cubic ran for 0.074 secs (0.074u,0.s) (success)
Tactic call abstract-regression-cubic ran for 0.343 secs (0.343u,0.s) (success)
Tactic call close-abstract-regression-cubic ran for 0.268 secs (0.268u,0.s)
Params: n= 500
Tactic call refine-regression-quadratic-regression-linear ran for 0.004 secs (0.004u,0.s) (success)
Tactic call pose-build-and-refine-regression-cubic ran for 0.123 secs (0.123u,0.s) (success)
Tactic call fast_rewrite-regression-cubic ran for 0.123 secs (0.123u,0.s) (success)
Tactic call abstract-regression-cubic ran for 0.706 secs (0.704u,0.001s) (success)
Tactic call close-abstract-regression-cubic ran for 0.582 secs (0.58u,0.001s)
Params: n= 600
Tactic call refine-regression-quadratic-regression-linear ran for 0.004 secs (0.004u,0.s) (success)
Tactic call pose-build-and-refine-regression-cubic ran for 0.177 secs (0.176u,0.s) (success)
Tactic call fast_rewrite-regression-cubic ran for 0.177 secs (0.176u,0.s) (success)
Tactic call abstract-regression-cubic ran for 1.212 secs (1.209u,0.003s) (success)
Tactic call close-abstract-regression-cubic ran for 1.034 secs (1.032u,0.002s)
Params: n= 700
Tactic call refine-regression-quadratic-regression-linear ran for 0.005 secs (0.005u,0.s) (success)
Tactic call pose-build-and-refine-regression-cubic ran for 0.251 secs (0.25u,0.001s) (success)
Tactic call fast_rewrite-regression-cubic ran for 0.251 secs (0.25u,0.001s) (success)
Tactic call abstract-regression-cubic ran for 1.836 secs (1.834u,0.001s) (success)
Tactic call close-abstract-regression-cubic ran for 1.584 secs (1.583u,0.s)
Params: n= 800
Tactic call refine-regression-quadratic-regression-linear ran for 0.006 secs (0.006u,0.s) (success)
Tactic call pose-build-and-refine-regression-cubic ran for 0.258 secs (0.258u,0.s) (success)
Tactic call fast_rewrite-regression-cubic ran for 0.258 secs (0.258u,0.s) (success)
Tactic call abstract-regression-cubic ran for 2.411 secs (2.405u,0.005s) (success)
Tactic call close-abstract-regression-cubic ran for 2.152 secs (2.146u,0.005s)
Params: n= 900
Tactic call refine-regression-quadratic-regression-linear ran for 0.007 secs (0.007u,0.s) (success)
Tactic call pose-build-and-refine-regression-cubic ran for 0.344 secs (0.344u,0.s) (success)
Tactic call fast_rewrite-regression-cubic ran for 0.344 secs (0.344u,0.s) (success)
Tactic call abstract-regression-cubic ran for 3.542 secs (3.542u,0.s) (success)
Tactic call close-abstract-regression-cubic ran for 3.197 secs (3.196u,0.s)
Params: n= 1000
Tactic call refine-regression-quadratic-regression-linear ran for 0.007 secs (0.007u,0.s) (success)
Tactic call pose-build-and-refine-regression-cubic ran for 0.401 secs (0.401u,0.s) (success)
Tactic call fast_rewrite-regression-cubic ran for 0.401 secs (0.401u,0.s) (success)
Tactic call abstract-regression-cubic ran for 4.611 secs (4.609u,0.001s) (success)
Tactic call close-abstract-regression-cubic ran for 4.208 secs (4.206u,0.001s)
