Params: n= 50
Tactic call ssr-rewrite!-regression-quadratic ran for 0.014 secs (0.012u,0.002s) (success)
Tactic call ssr-rewrite?-noop-regression-linear ran for 0. secs (0.u,0.s) (success)
Tactic call abstract-regression-quadratic ran for 0.026 secs (0.017u,0.008s) (success)
Tactic call close-abstract-regression-quadratic ran for 0.012 secs (0.005u,0.006s)
Params: n= 100
Tactic call ssr-rewrite!-regression-quadratic ran for 0.091 secs (0.088u,0.003s) (success)
Tactic call ssr-rewrite?-noop-regression-linear ran for 0. secs (0.u,0.s) (success)
Tactic call abstract-regression-quadratic ran for 0.13 secs (0.126u,0.003s) (success)
Tactic call close-abstract-regression-quadratic ran for 0.038 secs (0.038u,0.s)
Params: n= 150
Tactic call ssr-rewrite!-regression-quadratic ran for 0.091 secs (0.091u,0.s) (success)
Tactic call ssr-rewrite?-noop-regression-linear ran for 0. secs (0.u,0.s) (success)
Tactic call abstract-regression-quadratic ran for 0.187 secs (0.186u,0.s) (success)
Tactic call close-abstract-regression-quadratic ran for 0.095 secs (0.094u,0.s)
Params: n= 200
Tactic call ssr-rewrite!-regression-quadratic ran for 0.253 secs (0.25u,0.002s) (success)
Tactic call ssr-rewrite?-noop-regression-linear ran for 0. secs (0.u,0.s) (success)
Tactic call abstract-regression-quadratic ran for 0.442 secs (0.438u,0.003s) (success)
Tactic call close-abstract-regression-quadratic ran for 0.187 secs (0.186u,0.s)
Params: n= 250
Tactic call ssr-rewrite!-regression-quadratic ran for 0.347 secs (0.345u,0.s) (success)
Tactic call ssr-rewrite?-noop-regression-linear ran for 0. secs (0.u,0.s) (success)
Tactic call abstract-regression-quadratic ran for 0.7 secs (0.697u,0.001s) (success)
Tactic call close-abstract-regression-quadratic ran for 0.351 secs (0.35u,0.s)
Params: n= 300
Tactic call ssr-rewrite!-regression-quadratic ran for 0.386 secs (0.386u,0.s) (success)
Tactic call ssr-rewrite?-noop-regression-linear ran for 0. secs (0.u,0.s) (success)
Tactic call abstract-regression-quadratic ran for 0.832 secs (0.829u,0.001s) (success)
Tactic call close-abstract-regression-quadratic ran for 0.444 secs (0.442u,0.001s)
Params: n= 350
Tactic call ssr-rewrite!-regression-quadratic ran for 0.472 secs (0.47u,0.002s) (success)
Tactic call ssr-rewrite?-noop-regression-linear ran for 0. secs (0.u,0.s) (success)
Tactic call abstract-regression-quadratic ran for 1.11 secs (1.106u,0.004s) (success)
Tactic call close-abstract-regression-quadratic ran for 0.637 secs (0.635u,0.001s)
Params: n= 400
Tactic call ssr-rewrite!-regression-quadratic ran for 0.68 secs (0.674u,0.005s) (success)
Tactic call ssr-rewrite?-noop-regression-linear ran for 0. secs (0.u,0.s) (success)
Tactic call abstract-regression-quadratic ran for 1.569 secs (1.561u,0.007s) (success)
Tactic call close-abstract-regression-quadratic ran for 0.888 secs (0.886u,0.001s)
