Params: n= 50
Tactic call rewrite_strat-topdown ran for 0.024 secs (0.015u,0.008s) (success)
Tactic call rewrite_strat-topdown-noop ran for 0. secs (0.u,0.s) (success)
Tactic call abstract+rewrite_strat-topdown ran for 0.032 secs (0.02u,0.011s) (success)
Tactic call close-abstract+rewrite_strat-topdown ran for 0.007 secs (0.004u,0.002s)
Params: n= 100
Tactic call rewrite_strat-topdown ran for 0.111 secs (0.11u,0.001s) (success)
Tactic call rewrite_strat-topdown-noop ran for 0. secs (0.u,0.s) (success)
Tactic call abstract+rewrite_strat-topdown ran for 0.131 secs (0.13u,0.001s) (success)
Tactic call close-abstract+rewrite_strat-topdown ran for 0.019 secs (0.019u,0.s)
Params: n= 150
Tactic call rewrite_strat-topdown ran for 0.147 secs (0.145u,0.s) (success)
Tactic call rewrite_strat-topdown-noop ran for 0. secs (0.u,0.s) (success)
Tactic call abstract+rewrite_strat-topdown ran for 0.195 secs (0.193u,0.s) (success)
Tactic call close-abstract+rewrite_strat-topdown ran for 0.047 secs (0.047u,0.s)
Params: n= 200
Tactic call rewrite_strat-topdown ran for 0.346 secs (0.346u,0.s) (success)
Tactic call rewrite_strat-topdown-noop ran for 0.001 secs (0.001u,0.s) (success)
Tactic call abstract+rewrite_strat-topdown ran for 0.426 secs (0.424u,0.001s) (success)
Tactic call close-abstract+rewrite_strat-topdown ran for 0.078 secs (0.077u,0.s)
Params: n= 250
Tactic call rewrite_strat-topdown ran for 0.509 secs (0.503u,0.006s) (success)
Tactic call rewrite_strat-topdown-noop ran for 0.001 secs (0.001u,0.s) (success)
Tactic call abstract+rewrite_strat-topdown ran for 0.723 secs (0.717u,0.006s) (success)
Tactic call close-abstract+rewrite_strat-topdown ran for 0.212 secs (0.212u,0.s)
Params: n= 300
Tactic call rewrite_strat-topdown ran for 0.568 secs (0.563u,0.005s) (success)
Tactic call rewrite_strat-topdown-noop ran for 0.001 secs (0.001u,0.s) (success)
Tactic call abstract+rewrite_strat-topdown ran for 0.729 secs (0.724u,0.005s) (success)
Tactic call close-abstract+rewrite_strat-topdown ran for 0.158 secs (0.158u,0.s)
Params: n= 350
Tactic call rewrite_strat-topdown ran for 0.89 secs (0.884u,0.005s) (success)
Tactic call rewrite_strat-topdown-noop ran for 0.001 secs (0.001u,0.s) (success)
Tactic call abstract+rewrite_strat-topdown ran for 1.121 secs (1.114u,0.007s) (success)
Tactic call close-abstract+rewrite_strat-topdown ran for 0.228 secs (0.227u,0.001s)
Params: n= 400
Tactic call rewrite_strat-topdown ran for 1.018 secs (1.009u,0.007s) (success)
Tactic call rewrite_strat-topdown-noop ran for 0.002 secs (0.002u,0.s) (success)
Tactic call abstract+rewrite_strat-topdown ran for 1.294 secs (1.286u,0.007s) (success)
Tactic call close-abstract+rewrite_strat-topdown ran for 0.273 secs (0.273u,0.s)
