Params: n= 50
Tactic call refine-regression-quadratic-regression-linear ran for 0. secs (0.u,0.s) (success)
Tactic call pose-build-and-refine-regression-cubic ran for 0.012 secs (0.007u,0.004s) (success)
Tactic call fast_rewrite-regression-cubic ran for 0.012 secs (0.007u,0.004s) (success)
Tactic call abstract-regression-cubic ran for 0.017 secs (0.007u,0.009s) (success)
Tactic call close-abstract-regression-cubic ran for 0.005 secs (0.u,0.005s)
Params: n= 100
Tactic call refine-regression-quadratic-regression-linear ran for 0.001 secs (0.001u,0.s) (success)
Tactic call pose-build-and-refine-regression-cubic ran for 0.085 secs (0.073u,0.012s) (success)
Tactic call fast_rewrite-regression-cubic ran for 0.085 secs (0.073u,0.012s) (success)
Tactic call abstract-regression-cubic ran for 0.102 secs (0.089u,0.012s) (success)
Tactic call close-abstract-regression-cubic ran for 0.016 secs (0.016u,0.s)
Params: n= 150
Tactic call refine-regression-quadratic-regression-linear ran for 0.002 secs (0.002u,0.s) (success)
Tactic call pose-build-and-refine-regression-cubic ran for 0.037 secs (0.037u,0.s) (success)
Tactic call fast_rewrite-regression-cubic ran for 0.037 secs (0.037u,0.s) (success)
Tactic call abstract-regression-cubic ran for 0.079 secs (0.079u,0.s) (success)
Tactic call close-abstract-regression-cubic ran for 0.041 secs (0.041u,0.s)
Params: n= 200
Tactic call refine-regression-quadratic-regression-linear ran for 0.002 secs (0.002u,0.s) (success)
Tactic call pose-build-and-refine-regression-cubic ran for 0.058 secs (0.058u,0.s) (success)
Tactic call fast_rewrite-regression-cubic ran for 0.058 secs (0.058u,0.s) (success)
Tactic call abstract-regression-cubic ran for 0.148 secs (0.148u,0.s) (success)
Tactic call close-abstract-regression-cubic ran for 0.09 secs (0.09u,0.s)
Params: n= 250
Tactic call refine-regression-quadratic-regression-linear ran for 0.006 secs (0.006u,0.s) (success)
Tactic call pose-build-and-refine-regression-cubic ran for 0.088 secs (0.088u,0.s) (success)
Tactic call fast_rewrite-regression-cubic ran for 0.088 secs (0.088u,0.s) (success)
Tactic call abstract-regression-cubic ran for 0.252 secs (0.252u,0.s) (success)
Tactic call close-abstract-regression-cubic ran for 0.162 secs (0.162u,0.s)
Params: n= 300
Tactic call refine-regression-quadratic-regression-linear ran for 0.004 secs (0.004u,0.s) (success)
Tactic call pose-build-and-refine-regression-cubic ran for 0.096 secs (0.096u,0.s) (success)
Tactic call fast_rewrite-regression-cubic ran for 0.096 secs (0.096u,0.s) (success)
Tactic call abstract-regression-cubic ran for 0.377 secs (0.376u,0.s) (success)
Tactic call close-abstract-regression-cubic ran for 0.28 secs (0.28u,0.s)
Params: n= 350
Tactic call refine-regression-quadratic-regression-linear ran for 0.005 secs (0.005u,0.s) (success)
Tactic call pose-build-and-refine-regression-cubic ran for 0.133 secs (0.133u,0.s) (success)
Tactic call fast_rewrite-regression-cubic ran for 0.133 secs (0.133u,0.s) (success)
Tactic call abstract-regression-cubic ran for 0.55 secs (0.55u,0.s) (success)
Tactic call close-abstract-regression-cubic ran for 0.416 secs (0.416u,0.s)
Params: n= 400
Tactic call refine-regression-quadratic-regression-linear ran for 0.005 secs (0.005u,0.s) (success)
Tactic call pose-build-and-refine-regression-cubic ran for 0.167 secs (0.167u,0.s) (success)
Tactic call fast_rewrite-regression-cubic ran for 0.167 secs (0.167u,0.s) (success)
Tactic call abstract-regression-cubic ran for 0.767 secs (0.767u,0.s) (success)
Tactic call close-abstract-regression-cubic ran for 0.599 secs (0.599u,0.s)
