Params: n= 41
Tactic call vm_compute-regression-quadratic ran for 0. secs (0.u,0.s) (success)
Params: n= 80
Tactic call vm_compute-regression-quadratic ran for 0. secs (0.u,0.s) (success)
Params: n= 120
Tactic call vm_compute-regression-quadratic ran for 0. secs (0.u,0.s) (success)
Params: n= 159
Tactic call vm_compute-regression-quadratic ran for 0.001 secs (0.u,0.001s) (success)
Params: n= 198
Tactic call vm_compute-regression-quadratic ran for 0.001 secs (0.u,0.001s) (success)
Params: n= 237
Tactic call vm_compute-regression-quadratic ran for 0.002 secs (0.002u,0.s) (success)
Params: n= 276
Tactic call vm_compute-regression-quadratic ran for 0.004 secs (0.004u,0.s) (success)
Params: n= 316
Tactic call vm_compute-regression-quadratic ran for 0.004 secs (0.004u,0.s) (success)
Params: n= 355
Tactic call vm_compute-regression-quadratic ran for 0.003 secs (0.003u,0.s) (success)
Params: n= 394
Tactic call vm_compute-regression-quadratic ran for 0.004 secs (0.004u,0.s) (success)
Params: n= 433
Tactic call vm_compute-regression-quadratic ran for 0.017 secs (0.014u,0.003s) (success)
Params: n= 472
Tactic call vm_compute-regression-quadratic ran for 0.006 secs (0.006u,0.s) (success)
Params: n= 511
Tactic call vm_compute-regression-quadratic ran for 0.007 secs (0.007u,0.s) (success)
Params: n= 551
Tactic call vm_compute-regression-quadratic ran for 0.008 secs (0.008u,0.s) (success)
Params: n= 590
Tactic call vm_compute-regression-quadratic ran for 0.009 secs (0.009u,0.s) (success)
Params: n= 629
Tactic call vm_compute-regression-quadratic ran for 0.009 secs (0.009u,0.s) (success)
Params: n= 668
Tactic call vm_compute-regression-quadratic ran for 0.012 secs (0.012u,0.s) (success)
Params: n= 707
Tactic call vm_compute-regression-quadratic ran for 0.013 secs (0.013u,0.s) (success)
Params: n= 747
Tactic call vm_compute-regression-quadratic ran for 0.013 secs (0.013u,0.s) (success)
Params: n= 786
Tactic call vm_compute-regression-quadratic ran for 0.015 secs (0.015u,0.s) (success)
Params: n= 825
Tactic call vm_compute-regression-quadratic ran for 0.016 secs (0.016u,0.s) (success)
Params: n= 864
Tactic call vm_compute-regression-quadratic ran for 0.019 secs (0.019u,0.s) (success)
Params: n= 903
Tactic call vm_compute-regression-quadratic ran for 0.019 secs (0.019u,0.s) (success)
Params: n= 943
Tactic call vm_compute-regression-quadratic ran for 0.02 secs (0.02u,0.s) (success)
Params: n= 982
Tactic call vm_compute-regression-quadratic ran for 0.023 secs (0.023u,0.s) (success)
Params: n= 1021
Tactic call vm_compute-regression-quadratic ran for 0.023 secs (0.023u,0.s) (success)
Params: n= 1060
Tactic call vm_compute-regression-quadratic ran for 0.026 secs (0.026u,0.s) (success)
Params: n= 1099
Tactic call vm_compute-regression-quadratic ran for 0.028 secs (0.028u,0.s) (success)
Params: n= 1138
Tactic call vm_compute-regression-quadratic ran for 0.03 secs (0.03u,0.s) (success)
Params: n= 1178
Tactic call vm_compute-regression-quadratic ran for 0.035 secs (0.035u,0.s) (success)
Params: n= 1217
Tactic call vm_compute-regression-quadratic ran for 0.033 secs (0.033u,0.s) (success)
Params: n= 1256
Tactic call vm_compute-regression-quadratic ran for 0.038 secs (0.038u,0.s) (success)
Params: n= 1295
Tactic call vm_compute-regression-quadratic ran for 0.042 secs (0.042u,0.s) (success)
Params: n= 1334
Tactic call vm_compute-regression-quadratic ran for 0.043 secs (0.043u,0.s) (success)
Params: n= 1374
Tactic call vm_compute-regression-quadratic ran for 0.044 secs (0.044u,0.s) (success)
Params: n= 1413
Tactic call vm_compute-regression-quadratic ran for 0.044 secs (0.044u,0.s) (success)
Params: n= 1452
Tactic call vm_compute-regression-quadratic ran for 0.048 secs (0.045u,0.002s) (success)
Params: n= 1491
Tactic call vm_compute-regression-quadratic ran for 0.051 secs (0.051u,0.s) (success)
Params: n= 1530
Tactic call vm_compute-regression-quadratic ran for 0.051 secs (0.051u,0.s) (success)
Params: n= 1570
Tactic call vm_compute-regression-quadratic ran for 0.052 secs (0.052u,0.s) (success)
Params: n= 1609
Tactic call vm_compute-regression-quadratic ran for 0.058 secs (0.058u,0.s) (success)
Params: n= 1648
Tactic call vm_compute-regression-quadratic ran for 0.058 secs (0.058u,0.s) (success)
Params: n= 1687
Tactic call vm_compute-regression-quadratic ran for 0.063 secs (0.062u,0.s) (success)
Params: n= 1726
Tactic call vm_compute-regression-quadratic ran for 0.063 secs (0.063u,0.s) (success)
Params: n= 1765
Tactic call vm_compute-regression-quadratic ran for 0.068 secs (0.068u,0.s) (success)
Params: n= 1805
Tactic call vm_compute-regression-quadratic ran for 0.069 secs (0.069u,0.s) (success)
Params: n= 1844
Tactic call vm_compute-regression-quadratic ran for 0.07 secs (0.07u,0.s) (success)
Params: n= 1883
Tactic call vm_compute-regression-quadratic ran for 0.075 secs (0.075u,0.s) (success)
Params: n= 1922
Tactic call vm_compute-regression-quadratic ran for 0.083 secs (0.083u,0.s) (success)
Params: n= 1961
Tactic call vm_compute-regression-quadratic ran for 0.086 secs (0.086u,0.s) (success)
Params: n= 2001
Tactic call vm_compute-regression-quadratic ran for 0.086 secs (0.086u,0.s) (success)
Params: n= 2040
Tactic call vm_compute-regression-quadratic ran for 0.086 secs (0.086u,0.s) (success)
Params: n= 2079
Tactic call vm_compute-regression-quadratic ran for 0.088 secs (0.088u,0.s) (success)
Params: n= 2118
Tactic call vm_compute-regression-quadratic ran for 0.092 secs (0.089u,0.003s) (success)
Params: n= 2157
Tactic call vm_compute-regression-quadratic ran for 0.097 secs (0.097u,0.s) (success)
Params: n= 2197
Tactic call vm_compute-regression-quadratic ran for 0.101 secs (0.101u,0.s) (success)
Params: n= 2236
Tactic call vm_compute-regression-quadratic ran for 0.11 secs (0.11u,0.s) (success)
Params: n= 2275
Tactic call vm_compute-regression-quadratic ran for 0.108 secs (0.108u,0.s) (success)
Params: n= 2314
Tactic call vm_compute-regression-quadratic ran for 0.124 secs (0.124u,0.s) (success)
Params: n= 2353
Tactic call vm_compute-regression-quadratic ran for 0.126 secs (0.126u,0.s) (success)
Params: n= 2392
Tactic call vm_compute-regression-quadratic ran for 0.121 secs (0.121u,0.s) (success)
Params: n= 2432
Tactic call vm_compute-regression-quadratic ran for 0.119 secs (0.119u,0.s) (success)
Params: n= 2471
Tactic call vm_compute-regression-quadratic ran for 0.134 secs (0.134u,0.s) (success)
Params: n= 2510
Tactic call vm_compute-regression-quadratic ran for 0.132 secs (0.132u,0.s) (success)
Params: n= 2549
Tactic call vm_compute-regression-quadratic ran for 0.133 secs (0.133u,0.s) (success)
Params: n= 2588
Tactic call vm_compute-regression-quadratic ran for 0.141 secs (0.141u,0.s) (success)
Params: n= 2628
Tactic call vm_compute-regression-quadratic ran for 0.155 secs (0.155u,0.s) (success)
Params: n= 2667
Tactic call vm_compute-regression-quadratic ran for 0.159 secs (0.159u,0.s) (success)
Params: n= 2706
Tactic call vm_compute-regression-quadratic ran for 0.146 secs (0.146u,0.s) (success)
Params: n= 2745
Tactic call vm_compute-regression-quadratic ran for 0.152 secs (0.152u,0.s) (success)
Params: n= 2784
Tactic call vm_compute-regression-quadratic ran for 0.158 secs (0.158u,0.s) (success)
Params: n= 2824
Tactic call vm_compute-regression-quadratic ran for 0.156 secs (0.156u,0.s) (success)
Params: n= 2863
Tactic call vm_compute-regression-quadratic ran for 0.166 secs (0.166u,0.s) (success)
Params: n= 2902
Tactic call vm_compute-regression-quadratic ran for 0.176 secs (0.176u,0.s) (success)
Params: n= 2941
Tactic call vm_compute-regression-quadratic ran for 0.177 secs (0.177u,0.s) (success)
Params: n= 2980
Tactic call vm_compute-regression-quadratic ran for 0.174 secs (0.174u,0.s) (success)
Params: n= 3019
Tactic call vm_compute-regression-quadratic ran for 0.186 secs (0.186u,0.s) (success)
Params: n= 3059
Tactic call vm_compute-regression-quadratic ran for 0.203 secs (0.203u,0.s) (success)
Params: n= 3098
Tactic call vm_compute-regression-quadratic ran for 0.208 secs (0.208u,0.s) (success)
Params: n= 3137
Tactic call vm_compute-regression-quadratic ran for 0.217 secs (0.216u,0.s) (success)
Params: n= 3268
Tactic call vm_compute-regression-quadratic ran for 0.231 secs (0.227u,0.003s) (success)
Params: n= 3398
Tactic call vm_compute-regression-quadratic ran for 0.242 secs (0.238u,0.003s) (success)
Params: n= 3529
Tactic call vm_compute-regression-quadratic ran for 0.263 secs (0.263u,0.s) (success)
Params: n= 3660
Tactic call vm_compute-regression-quadratic ran for 0.283 secs (0.283u,0.s) (success)
Params: n= 3790
Tactic call vm_compute-regression-quadratic ran for 0.296 secs (0.296u,0.s) (success)
Params: n= 3921
Tactic call vm_compute-regression-quadratic ran for 0.313 secs (0.313u,0.s) (success)
Params: n= 4052
Tactic call vm_compute-regression-quadratic ran for 0.341 secs (0.341u,0.s) (success)
Params: n= 4182
Tactic call vm_compute-regression-quadratic ran for 0.353 secs (0.349u,0.003s) (success)
Params: n= 4313
Tactic call vm_compute-regression-quadratic ran for 0.374 secs (0.374u,0.s) (success)
Params: n= 4444
Tactic call vm_compute-regression-quadratic ran for 0.418 secs (0.418u,0.s) (success)
Params: n= 4574
Tactic call vm_compute-regression-quadratic ran for 0.419 secs (0.419u,0.s) (success)
Params: n= 4705
Tactic call vm_compute-regression-quadratic ran for 0.441 secs (0.441u,0.s) (success)
Params: n= 4836
Tactic call vm_compute-regression-quadratic ran for 0.468 secs (0.468u,0.s) (success)
Params: n= 4966
Tactic call vm_compute-regression-quadratic ran for 0.505 secs (0.505u,0.s) (success)
Params: n= 5097
Tactic call vm_compute-regression-quadratic ran for 0.525 secs (0.525u,0.s) (success)
Params: n= 5228
Tactic call vm_compute-regression-quadratic ran for 0.553 secs (0.553u,0.s) (success)
Params: n= 5358
Tactic call vm_compute-regression-quadratic ran for 0.573 secs (0.573u,0.s) (success)
Params: n= 5489
Tactic call vm_compute-regression-quadratic ran for 0.638 secs (0.638u,0.s) (success)
Params: n= 5620
Tactic call vm_compute-regression-quadratic ran for 0.613 secs (0.613u,0.s) (success)
Params: n= 5750
Tactic call vm_compute-regression-quadratic ran for 0.634 secs (0.63u,0.003s) (success)
Params: n= 5881
Tactic call vm_compute-regression-quadratic ran for 0.705 secs (0.705u,0.s) (success)
Params: n= 6012
Tactic call vm_compute-regression-quadratic ran for 0.763 secs (0.763u,0.s) (success)
Params: n= 6142
Tactic call vm_compute-regression-quadratic ran for 0.725 secs (0.725u,0.s) (success)
Params: n= 6273
Tactic call vm_compute-regression-quadratic ran for 0.767 secs (0.767u,0.s) (success)
Params: n= 6900
Tactic call vm_compute-regression-quadratic ran for 0.921 secs (0.921u,0.s) (success)
Params: n= 7527
Tactic call vm_compute-regression-quadratic ran for 1.137 secs (1.137u,0.s) (success)
Params: n= 8154
Tactic call vm_compute-regression-quadratic ran for 1.338 secs (1.337u,0.s) (success)
Params: n= 8781
Tactic call vm_compute-regression-quadratic ran for 1.621 secs (1.621u,0.s) (success)
Params: n= 9409
Tactic call vm_compute-regression-quadratic ran for 1.676 secs (1.676u,0.s) (success)
Params: n= 10036
Tactic call vm_compute-regression-quadratic ran for 1.848 secs (1.844u,0.003s) (success)
Params: n= 10663
Tactic call vm_compute-regression-quadratic ran for 2.033 secs (2.033u,0.s) (success)
Params: n= 11290
Tactic call vm_compute-regression-quadratic ran for 2.32 secs (2.316u,0.004s) (success)
Params: n= 11917
Tactic call vm_compute-regression-quadratic ran for 2.614 secs (2.614u,0.s) (success)
Params: n= 12544
Tactic call vm_compute-regression-quadratic ran for 2.958 secs (2.958u,0.s) (success)
Params: n= 15052
Tactic call vm_compute-regression-quadratic ran for 4.15 secs (4.149u,0.s) (success)
Params: n= 17561
Tactic call vm_compute-regression-quadratic ran for 5.681 secs (5.677u,0.003s) (success)
Params: n= 20069
Tactic call vm_compute-regression-quadratic ran for 7.538 secs (7.537u,0.s) (success)
Params: n= 22578
Tactic call vm_compute-regression-quadratic ran for 9.191 secs (9.187u,0.003s) (success)
Params: n= 25086
Tactic call vm_compute-regression-quadratic ran for 11.261 secs (11.257u,0.004s) (success)
