Params: n= 50
Tactic call refine-regression-quadratic-regression-linear ran for 0.001 secs (0.u,0.s) (success)
Tactic call pose-build-and-refine-regression-cubic ran for 0.011 secs (0.006u,0.005s) (success)
Tactic call fast_rewrite-regression-cubic ran for 0.011 secs (0.006u,0.005s) (success)
Params: n= 100
Tactic call refine-regression-quadratic-regression-linear ran for 0.001 secs (0.001u,0.s) (success)
Tactic call pose-build-and-refine-regression-cubic ran for 0.026 secs (0.01u,0.015s) (success)
Tactic call fast_rewrite-regression-cubic ran for 0.026 secs (0.01u,0.015s) (success)
Params: n= 150
Tactic call refine-regression-quadratic-regression-linear ran for 0.002 secs (0.001u,0.s) (success)
Tactic call pose-build-and-refine-regression-cubic ran for 0.101 secs (0.081u,0.019s) (success)
Tactic call fast_rewrite-regression-cubic ran for 0.101 secs (0.081u,0.019s) (success)
Params: n= 200
Tactic call refine-regression-quadratic-regression-linear ran for 0.002 secs (0.001u,0.s) (success)
Tactic call pose-build-and-refine-regression-cubic ran for 0.094 secs (0.093u,0.001s) (success)
Tactic call fast_rewrite-regression-cubic ran for 0.094 secs (0.093u,0.001s) (success)
Params: n= 250
Tactic call refine-regression-quadratic-regression-linear ran for 0.004 secs (0.004u,0.s) (success)
Tactic call pose-build-and-refine-regression-cubic ran for 0.132 secs (0.129u,0.003s) (success)
Tactic call fast_rewrite-regression-cubic ran for 0.133 secs (0.129u,0.003s) (success)
Params: n= 300
Tactic call refine-regression-quadratic-regression-linear ran for 0.004 secs (0.004u,0.s) (success)
Tactic call pose-build-and-refine-regression-cubic ran for 0.165 secs (0.165u,0.s) (success)
Tactic call fast_rewrite-regression-cubic ran for 0.165 secs (0.165u,0.s) (success)
Params: n= 350
Tactic call refine-regression-quadratic-regression-linear ran for 0.005 secs (0.005u,0.s) (success)
Tactic call pose-build-and-refine-regression-cubic ran for 0.202 secs (0.202u,0.s) (success)
Tactic call fast_rewrite-regression-cubic ran for 0.202 secs (0.202u,0.s) (success)
Params: n= 400
Tactic call refine-regression-quadratic-regression-linear ran for 0.005 secs (0.005u,0.s) (success)
Tactic call pose-build-and-refine-regression-cubic ran for 0.238 secs (0.234u,0.003s) (success)
Tactic call fast_rewrite-regression-cubic ran for 0.238 secs (0.234u,0.003s) (success)
