Params: n= 50
Tactic call rewrite_strat-bottomup ran for 0.135 secs (0.103u,0.031s) (success)
Tactic call rewrite_strat-bottomup-noop ran for 0. secs (0.u,0.s) (success)
Tactic call abstract+rewrite_strat-bottomup ran for 0.15 secs (0.118u,0.032s) (success)
Tactic call close-abstract+rewrite_strat-bottomup ran for 0.013 secs (0.013u,0.s)
Params: n= 100
Tactic call rewrite_strat-bottomup ran for 0.32 secs (0.32u,0.s) (success)
Tactic call rewrite_strat-bottomup-noop ran for 0.001 secs (0.001u,0.s) (success)
Tactic call abstract+rewrite_strat-bottomup ran for 0.397 secs (0.397u,0.s) (success)
Tactic call close-abstract+rewrite_strat-bottomup ran for 0.075 secs (0.075u,0.s)
Params: n= 150
Tactic call rewrite_strat-bottomup ran for 0.538 secs (0.538u,0.s) (success)
Tactic call rewrite_strat-bottomup-noop ran for 0.002 secs (0.002u,0.s) (success)
Tactic call abstract+rewrite_strat-bottomup ran for 0.749 secs (0.749u,0.s) (success)
Tactic call close-abstract+rewrite_strat-bottomup ran for 0.207 secs (0.207u,0.s)
Params: n= 200
Tactic call rewrite_strat-bottomup ran for 0.943 secs (0.939u,0.003s) (success)
Tactic call rewrite_strat-bottomup-noop ran for 0.003 secs (0.u,0.003s) (success)
Tactic call abstract+rewrite_strat-bottomup ran for 1.17 secs (1.162u,0.007s) (success)
Tactic call close-abstract+rewrite_strat-bottomup ran for 0.222 secs (0.222u,0.s)
Params: n= 250
Tactic call rewrite_strat-bottomup ran for 1.484 secs (1.471u,0.012s) (success)
Tactic call rewrite_strat-bottomup-noop ran for 0.005 secs (0.004u,0.s) (success)
Tactic call abstract+rewrite_strat-bottomup ran for 1.845 secs (1.829u,0.016s) (success)
Tactic call close-abstract+rewrite_strat-bottomup ran for 0.355 secs (0.351u,0.003s)
Params: n= 300
Tactic call rewrite_strat-bottomup ran for 2.232 secs (2.204u,0.027s) (success)
Tactic call rewrite_strat-bottomup-noop ran for 0.007 secs (0.007u,0.s) (success)
Tactic call abstract+rewrite_strat-bottomup ran for 2.769 secs (2.741u,0.027s) (success)
Tactic call close-abstract+rewrite_strat-bottomup ran for 0.527 secs (0.527u,0.s)
Params: n= 350
Tactic call rewrite_strat-bottomup ran for 2.914 secs (2.898u,0.015s) (success)
Tactic call rewrite_strat-bottomup-noop ran for 0.008 secs (0.008u,0.s) (success)
Tactic call abstract+rewrite_strat-bottomup ran for 3.581 secs (3.553u,0.027s) (success)
Tactic call close-abstract+rewrite_strat-bottomup ran for 0.657 secs (0.645u,0.012s)
Params: n= 400
Tactic call rewrite_strat-bottomup ran for 4.111 secs (4.095u,0.015s) (success)
Tactic call rewrite_strat-bottomup-noop ran for 0.012 secs (0.012u,0.s) (success)
Tactic call abstract+rewrite_strat-bottomup ran for 4.986 secs (4.97u,0.015s) (success)
Tactic call close-abstract+rewrite_strat-bottomup ran for 0.861 secs (0.861u,0.s)
