Params: n= 3
Tactic call repeat-rewrite_strat-bottomup-regression-cubic ran for 0.017 secs (0.009u,0.008s) (success)
Tactic call noop-repeat-rewrite_strat-bottomup-regression-cubic ran for 0.001 secs (0.001u,0.s) (success)
Tactic call abstract+repeat-rewrite_strat-bottomup-regression-cubic ran for 0.02 secs (0.012u,0.008s) (success)
Tactic call close-abstract+repeat-rewrite_strat-bottomup-regression-quadratic ran for 0.001 secs (0.001u,0.s)
Params: n= 4
Tactic call repeat-rewrite_strat-bottomup-regression-cubic ran for 0.022 secs (0.022u,0.s) (success)
Tactic call noop-repeat-rewrite_strat-bottomup-regression-cubic ran for 0.002 secs (0.002u,0.s) (success)
Tactic call abstract+repeat-rewrite_strat-bottomup-regression-cubic ran for 0.025 secs (0.025u,0.s) (success)
Tactic call close-abstract+repeat-rewrite_strat-bottomup-regression-quadratic ran for 0. secs (0.u,0.s)
Params: n= 5
Tactic call repeat-rewrite_strat-bottomup-regression-cubic ran for 0.077 secs (0.074u,0.002s) (success)
Tactic call noop-repeat-rewrite_strat-bottomup-regression-cubic ran for 0.001 secs (0.001u,0.s) (success)
Tactic call abstract+repeat-rewrite_strat-bottomup-regression-cubic ran for 0.08 secs (0.076u,0.003s) (success)
Tactic call close-abstract+repeat-rewrite_strat-bottomup-regression-quadratic ran for 0.001 secs (0.001u,0.s)
Params: n= 6
Tactic call repeat-rewrite_strat-bottomup-regression-cubic ran for 0.025 secs (0.025u,0.s) (success)
Tactic call noop-repeat-rewrite_strat-bottomup-regression-cubic ran for 0.001 secs (0.001u,0.s) (success)
Tactic call abstract+repeat-rewrite_strat-bottomup-regression-cubic ran for 0.028 secs (0.028u,0.s) (success)
Tactic call close-abstract+repeat-rewrite_strat-bottomup-regression-quadratic ran for 0.001 secs (0.001u,0.s)
Params: n= 7
Tactic call repeat-rewrite_strat-bottomup-regression-cubic ran for 0.032 secs (0.032u,0.s) (success)
Tactic call noop-repeat-rewrite_strat-bottomup-regression-cubic ran for 0.002 secs (0.002u,0.s) (success)
Tactic call abstract+repeat-rewrite_strat-bottomup-regression-cubic ran for 0.036 secs (0.036u,0.s) (success)
Tactic call close-abstract+repeat-rewrite_strat-bottomup-regression-quadratic ran for 0.001 secs (0.001u,0.s)
Params: n= 8
Tactic call repeat-rewrite_strat-bottomup-regression-cubic ran for 0.04 secs (0.04u,0.s) (success)
Tactic call noop-repeat-rewrite_strat-bottomup-regression-cubic ran for 0.002 secs (0.002u,0.s) (success)
Tactic call abstract+repeat-rewrite_strat-bottomup-regression-cubic ran for 0.045 secs (0.045u,0.s) (success)
Tactic call close-abstract+repeat-rewrite_strat-bottomup-regression-quadratic ran for 0.001 secs (0.001u,0.s)
Params: n= 9
Tactic call repeat-rewrite_strat-bottomup-regression-cubic ran for 0.047 secs (0.047u,0.s) (success)
Tactic call noop-repeat-rewrite_strat-bottomup-regression-cubic ran for 0.002 secs (0.002u,0.s) (success)
Tactic call abstract+repeat-rewrite_strat-bottomup-regression-cubic ran for 0.052 secs (0.052u,0.s) (success)
Tactic call close-abstract+repeat-rewrite_strat-bottomup-regression-quadratic ran for 0.001 secs (0.001u,0.s)
Params: n= 11
Tactic call repeat-rewrite_strat-bottomup-regression-cubic ran for 0.071 secs (0.071u,0.s) (success)
Tactic call noop-repeat-rewrite_strat-bottomup-regression-cubic ran for 0.005 secs (0.005u,0.s) (success)
Tactic call abstract+repeat-rewrite_strat-bottomup-regression-cubic ran for 0.079 secs (0.079u,0.s) (success)
Tactic call close-abstract+repeat-rewrite_strat-bottomup-regression-quadratic ran for 0.002 secs (0.002u,0.s)
Params: n= 12
Tactic call repeat-rewrite_strat-bottomup-regression-cubic ran for 0.076 secs (0.076u,0.s) (success)
Tactic call noop-repeat-rewrite_strat-bottomup-regression-cubic ran for 0.003 secs (0.003u,0.s) (success)
Tactic call abstract+repeat-rewrite_strat-bottomup-regression-cubic ran for 0.083 secs (0.083u,0.s) (success)
Tactic call close-abstract+repeat-rewrite_strat-bottomup-regression-quadratic ran for 0.002 secs (0.002u,0.s)
Params: n= 13
Tactic call repeat-rewrite_strat-bottomup-regression-cubic ran for 0.089 secs (0.089u,0.s) (success)
Tactic call noop-repeat-rewrite_strat-bottomup-regression-cubic ran for 0.004 secs (0.004u,0.s) (success)
Tactic call abstract+repeat-rewrite_strat-bottomup-regression-cubic ran for 0.098 secs (0.098u,0.s) (success)
Tactic call close-abstract+repeat-rewrite_strat-bottomup-regression-quadratic ran for 0.003 secs (0.003u,0.s)
Params: n= 14
Tactic call repeat-rewrite_strat-bottomup-regression-cubic ran for 0.105 secs (0.105u,0.s) (success)
Tactic call noop-repeat-rewrite_strat-bottomup-regression-cubic ran for 0.005 secs (0.005u,0.s) (success)
Tactic call abstract+repeat-rewrite_strat-bottomup-regression-cubic ran for 0.115 secs (0.115u,0.s) (success)
Tactic call close-abstract+repeat-rewrite_strat-bottomup-regression-quadratic ran for 0.003 secs (0.003u,0.s)
Params: n= 15
Tactic call repeat-rewrite_strat-bottomup-regression-cubic ran for 0.116 secs (0.116u,0.s) (success)
Tactic call noop-repeat-rewrite_strat-bottomup-regression-cubic ran for 0.004 secs (0.004u,0.s) (success)
Tactic call abstract+repeat-rewrite_strat-bottomup-regression-cubic ran for 0.125 secs (0.125u,0.s) (success)
Tactic call close-abstract+repeat-rewrite_strat-bottomup-regression-quadratic ran for 0.003 secs (0.003u,0.s)
Params: n= 16
Tactic call repeat-rewrite_strat-bottomup-regression-cubic ran for 0.131 secs (0.131u,0.s) (success)
Tactic call noop-repeat-rewrite_strat-bottomup-regression-cubic ran for 0.005 secs (0.005u,0.s) (success)
Tactic call abstract+repeat-rewrite_strat-bottomup-regression-cubic ran for 0.141 secs (0.137u,0.003s) (success)
Tactic call close-abstract+repeat-rewrite_strat-bottomup-regression-quadratic ran for 0.004 secs (0.u,0.003s)
Params: n= 17
Tactic call repeat-rewrite_strat-bottomup-regression-cubic ran for 0.163 secs (0.163u,0.s) (success)
Tactic call noop-repeat-rewrite_strat-bottomup-regression-cubic ran for 0.005 secs (0.005u,0.s) (success)
Tactic call abstract+repeat-rewrite_strat-bottomup-regression-cubic ran for 0.174 secs (0.174u,0.s) (success)
Tactic call close-abstract+repeat-rewrite_strat-bottomup-regression-quadratic ran for 0.004 secs (0.004u,0.s)
Params: n= 18
Tactic call repeat-rewrite_strat-bottomup-regression-cubic ran for 0.172 secs (0.172u,0.s) (success)
Tactic call noop-repeat-rewrite_strat-bottomup-regression-cubic ran for 0.006 secs (0.006u,0.s) (success)
Tactic call abstract+repeat-rewrite_strat-bottomup-regression-cubic ran for 0.184 secs (0.184u,0.s) (success)
Tactic call close-abstract+repeat-rewrite_strat-bottomup-regression-quadratic ran for 0.005 secs (0.005u,0.s)
Params: n= 19
Tactic call repeat-rewrite_strat-bottomup-regression-cubic ran for 0.182 secs (0.182u,0.s) (success)
Tactic call noop-repeat-rewrite_strat-bottomup-regression-cubic ran for 0.006 secs (0.006u,0.s) (success)
Tactic call abstract+repeat-rewrite_strat-bottomup-regression-cubic ran for 0.194 secs (0.194u,0.s) (success)
Tactic call close-abstract+repeat-rewrite_strat-bottomup-regression-quadratic ran for 0.005 secs (0.005u,0.s)
Params: n= 21
Tactic call repeat-rewrite_strat-bottomup-regression-cubic ran for 0.232 secs (0.232u,0.s) (success)
Tactic call noop-repeat-rewrite_strat-bottomup-regression-cubic ran for 0.007 secs (0.007u,0.s) (success)
Tactic call abstract+repeat-rewrite_strat-bottomup-regression-cubic ran for 0.247 secs (0.247u,0.s) (success)
Tactic call close-abstract+repeat-rewrite_strat-bottomup-regression-quadratic ran for 0.006 secs (0.006u,0.s)
Params: n= 22
Tactic call repeat-rewrite_strat-bottomup-regression-cubic ran for 0.248 secs (0.247u,0.s) (success)
Tactic call noop-repeat-rewrite_strat-bottomup-regression-cubic ran for 0.007 secs (0.007u,0.s) (success)
Tactic call abstract+repeat-rewrite_strat-bottomup-regression-cubic ran for 0.263 secs (0.263u,0.s) (success)
Tactic call close-abstract+repeat-rewrite_strat-bottomup-regression-quadratic ran for 0.007 secs (0.007u,0.s)
Params: n= 23
Tactic call repeat-rewrite_strat-bottomup-regression-cubic ran for 0.273 secs (0.273u,0.s) (success)
Tactic call noop-repeat-rewrite_strat-bottomup-regression-cubic ran for 0.008 secs (0.008u,0.s) (success)
Tactic call abstract+repeat-rewrite_strat-bottomup-regression-cubic ran for 0.291 secs (0.291u,0.s) (success)
Tactic call close-abstract+repeat-rewrite_strat-bottomup-regression-quadratic ran for 0.008 secs (0.008u,0.s)
Params: n= 24
Tactic call repeat-rewrite_strat-bottomup-regression-cubic ran for 0.301 secs (0.301u,0.s) (success)
Tactic call noop-repeat-rewrite_strat-bottomup-regression-cubic ran for 0.008 secs (0.008u,0.s) (success)
Tactic call abstract+repeat-rewrite_strat-bottomup-regression-cubic ran for 0.318 secs (0.318u,0.s) (success)
Tactic call close-abstract+repeat-rewrite_strat-bottomup-regression-quadratic ran for 0.008 secs (0.008u,0.s)
Params: n= 25
Tactic call repeat-rewrite_strat-bottomup-regression-cubic ran for 0.326 secs (0.322u,0.003s) (success)
Tactic call noop-repeat-rewrite_strat-bottomup-regression-cubic ran for 0.009 secs (0.009u,0.s) (success)
Tactic call abstract+repeat-rewrite_strat-bottomup-regression-cubic ran for 0.344 secs (0.34u,0.004s) (success)
Tactic call close-abstract+repeat-rewrite_strat-bottomup-regression-quadratic ran for 0.008 secs (0.008u,0.s)
Params: n= 35
Tactic call repeat-rewrite_strat-bottomup-regression-cubic ran for 0.698 secs (0.698u,0.s) (success)
Tactic call noop-repeat-rewrite_strat-bottomup-regression-cubic ran for 0.015 secs (0.015u,0.s) (success)
Tactic call abstract+repeat-rewrite_strat-bottomup-regression-cubic ran for 0.73 secs (0.729u,0.s) (success)
Tactic call close-abstract+repeat-rewrite_strat-bottomup-regression-quadratic ran for 0.015 secs (0.015u,0.s)
Params: n= 45
Tactic call repeat-rewrite_strat-bottomup-regression-cubic ran for 1.299 secs (1.294u,0.004s) (success)
Tactic call noop-repeat-rewrite_strat-bottomup-regression-cubic ran for 0.023 secs (0.023u,0.s) (success)
Tactic call abstract+repeat-rewrite_strat-bottomup-regression-cubic ran for 1.346 secs (1.342u,0.004s) (success)
Tactic call close-abstract+repeat-rewrite_strat-bottomup-regression-quadratic ran for 0.023 secs (0.023u,0.s)
Params: n= 50
Tactic call repeat-rewrite_strat-bottomup-regression-cubic ran for 1.704 secs (1.704u,0.s) (success)
Tactic call noop-repeat-rewrite_strat-bottomup-regression-cubic ran for 0.028 secs (0.028u,0.s) (success)
Tactic call abstract+repeat-rewrite_strat-bottomup-regression-cubic ran for 1.766 secs (1.766u,0.s) (success)
Tactic call close-abstract+repeat-rewrite_strat-bottomup-regression-quadratic ran for 0.032 secs (0.032u,0.s)
