Params: n= 110
Tactic call reify-regression-cubic ran for 4.049 secs (4.032u,0.016s)
Tactic call abstract-regression-linear ran for 0.003 secs (0.003u,0.s) (success)
Params: n= 120
Tactic call reify-regression-cubic ran for 5.171 secs (5.161u,0.007s)
Tactic call abstract-regression-linear ran for 0.003 secs (0.003u,0.s) (success)
Params: n= 130
Tactic call reify-regression-cubic ran for 6.773 secs (6.756u,0.015s)
Tactic call abstract-regression-linear ran for 0.003 secs (0.003u,0.s) (success)
Params: n= 140
Tactic call reify-regression-cubic ran for 8.55 secs (8.541u,0.008s)
Tactic call abstract-regression-linear ran for 0.004 secs (0.004u,0.s) (success)
Params: n= 150
Tactic call reify-regression-cubic ran for 10.739 secs (10.738u,0.s)
Tactic call abstract-regression-linear ran for 0.004 secs (0.u,0.003s) (success)
Params: n= 160
Tactic call reify-regression-cubic ran for 13.441 secs (13.421u,0.015s)
Tactic call abstract-regression-linear ran for 0.004 secs (0.004u,0.s) (success)
Params: n= 170
Tactic call reify-regression-cubic ran for 16.49 secs (16.488u,0.s)
Tactic call abstract-regression-linear ran for 0.005 secs (0.005u,0.s) (success)
Params: n= 180
Tactic call reify-regression-cubic ran for 19.999 secs (19.997u,0.s)
Tactic call abstract-regression-linear ran for 0.005 secs (0.005u,0.s) (success)
Params: n= 190
Tactic call reify-regression-cubic ran for 24.097 secs (24.091u,0.s)
Tactic call abstract-regression-linear ran for 0.005 secs (0.005u,0.s) (success)
Params: n= 200
Tactic call reify-regression-cubic ran for 28.745 secs (28.737u,0.003s)
Tactic call abstract-regression-linear ran for 0.006 secs (0.006u,0.s) (success)
