Params: n= 50
Tactic call rewrite_strat-topdown ran for 0.036 secs (0.029u,0.006s) (success)
Tactic call rewrite_strat-topdown-noop ran for 0. secs (0.u,0.s) (success)
Tactic call abstract+rewrite_strat-topdown ran for 0.088 secs (0.06u,0.028s) (success)
Tactic call close-abstract+rewrite_strat-topdown ran for 0.05 secs (0.029u,0.02s)
Params: n= 100
Tactic call rewrite_strat-topdown ran for 0.094 secs (0.094u,0.s) (success)
Tactic call rewrite_strat-topdown-noop ran for 0.001 secs (0.001u,0.s) (success)
Tactic call abstract+rewrite_strat-topdown ran for 0.189 secs (0.189u,0.s) (success)
Tactic call close-abstract+rewrite_strat-topdown ran for 0.093 secs (0.093u,0.s)
Params: n= 150
Tactic call rewrite_strat-topdown ran for 0.248 secs (0.241u,0.007s) (success)
Tactic call rewrite_strat-topdown-noop ran for 0.002 secs (0.001u,0.s) (success)
Tactic call abstract+rewrite_strat-topdown ran for 0.315 secs (0.307u,0.007s) (success)
Tactic call close-abstract+rewrite_strat-topdown ran for 0.063 secs (0.063u,0.s)
Params: n= 200
Tactic call rewrite_strat-topdown ran for 0.54 secs (0.532u,0.007s) (success)
Tactic call rewrite_strat-topdown-noop ran for 0.003 secs (0.003u,0.s) (success)
Tactic call abstract+rewrite_strat-topdown ran for 0.65 secs (0.638u,0.011s) (success)
Tactic call close-abstract+rewrite_strat-topdown ran for 0.105 secs (0.101u,0.004s)
Params: n= 250
Tactic call rewrite_strat-topdown ran for 0.743 secs (0.739u,0.003s) (success)
Tactic call rewrite_strat-topdown-noop ran for 0.005 secs (0.005u,0.s) (success)
Tactic call abstract+rewrite_strat-topdown ran for 0.933 secs (0.929u,0.003s) (success)
Tactic call close-abstract+rewrite_strat-topdown ran for 0.184 secs (0.184u,0.s)
Params: n= 300
Tactic call rewrite_strat-topdown ran for 1.06 secs (1.052u,0.007s) (success)
Tactic call rewrite_strat-topdown-noop ran for 0.006 secs (0.006u,0.s) (success)
Tactic call abstract+rewrite_strat-topdown ran for 1.302 secs (1.294u,0.008s) (success)
Tactic call close-abstract+rewrite_strat-topdown ran for 0.233 secs (0.233u,0.s)
Params: n= 350
Tactic call rewrite_strat-topdown ran for 1.42 secs (1.416u,0.003s) (success)
Tactic call rewrite_strat-topdown-noop ran for 0.012 secs (0.012u,0.s) (success)
Tactic call abstract+rewrite_strat-topdown ran for 1.776 secs (1.768u,0.007s) (success)
Tactic call close-abstract+rewrite_strat-topdown ran for 0.342 secs (0.338u,0.003s)
Params: n= 400
Tactic call rewrite_strat-topdown ran for 1.886 secs (1.866u,0.019s) (success)
Tactic call rewrite_strat-topdown-noop ran for 0.011 secs (0.011u,0.s) (success)
Tactic call abstract+rewrite_strat-topdown ran for 2.316 secs (2.292u,0.023s) (success)
Tactic call close-abstract+rewrite_strat-topdown ran for 0.417 secs (0.413u,0.003s)
