Params: n= 50
Tactic call rewrite_strat-bottomup ran for 0.035 secs (0.023u,0.011s) (success)
Tactic call rewrite_strat-bottomup-noop ran for 0. secs (0.u,0.s) (success)
Tactic call abstract+rewrite_strat-bottomup ran for 0.044 secs (0.031u,0.012s) (success)
Tactic call close-abstract+rewrite_strat-bottomup ran for 0.007 secs (0.007u,0.s)
Params: n= 100
Tactic call rewrite_strat-bottomup ran for 0.148 secs (0.148u,0.s) (success)
Tactic call rewrite_strat-bottomup-noop ran for 0. secs (0.u,0.s) (success)
Tactic call abstract+rewrite_strat-bottomup ran for 0.171 secs (0.171u,0.s) (success)
Tactic call close-abstract+rewrite_strat-bottomup ran for 0.022 secs (0.022u,0.s)
Params: n= 150
Tactic call rewrite_strat-bottomup ran for 0.265 secs (0.265u,0.s) (success)
Tactic call rewrite_strat-bottomup-noop ran for 0.001 secs (0.001u,0.s) (success)
Tactic call abstract+rewrite_strat-bottomup ran for 0.373 secs (0.373u,0.s) (success)
Tactic call close-abstract+rewrite_strat-bottomup ran for 0.106 secs (0.106u,0.s)
Params: n= 200
Tactic call rewrite_strat-bottomup ran for 0.504 secs (0.504u,0.s) (success)
Tactic call rewrite_strat-bottomup-noop ran for 0.002 secs (0.002u,0.s) (success)
Tactic call abstract+rewrite_strat-bottomup ran for 0.678 secs (0.677u,0.s) (success)
Tactic call close-abstract+rewrite_strat-bottomup ran for 0.171 secs (0.171u,0.s)
Params: n= 250
Tactic call rewrite_strat-bottomup ran for 0.895 secs (0.892u,0.003s) (success)
Tactic call rewrite_strat-bottomup-noop ran for 0.002 secs (0.u,0.002s) (success)
Tactic call abstract+rewrite_strat-bottomup ran for 1.04 secs (1.032u,0.007s) (success)
Tactic call close-abstract+rewrite_strat-bottomup ran for 0.141 secs (0.14u,0.s)
Params: n= 300
Tactic call rewrite_strat-bottomup ran for 1.299 secs (1.295u,0.003s) (success)
Tactic call rewrite_strat-bottomup-noop ran for 0.01 secs (0.01u,0.s) (success)
Tactic call abstract+rewrite_strat-bottomup ran for 1.532 secs (1.523u,0.007s) (success)
Tactic call close-abstract+rewrite_strat-bottomup ran for 0.221 secs (0.217u,0.004s)
Params: n= 350
Tactic call rewrite_strat-bottomup ran for 1.842 secs (1.842u,0.s) (success)
Tactic call rewrite_strat-bottomup-noop ran for 0.005 secs (0.005u,0.s) (success)
Tactic call abstract+rewrite_strat-bottomup ran for 2.144 secs (2.144u,0.s) (success)
Tactic call close-abstract+rewrite_strat-bottomup ran for 0.296 secs (0.296u,0.s)
Params: n= 400
Tactic call rewrite_strat-bottomup ran for 2.445 secs (2.445u,0.s) (success)
Tactic call rewrite_strat-bottomup-noop ran for 0.006 secs (0.006u,0.s) (success)
Tactic call abstract+rewrite_strat-bottomup ran for 2.799 secs (2.798u,0.s) (success)
Tactic call close-abstract+rewrite_strat-bottomup ran for 0.346 secs (0.346u,0.s)
