Params: n= 50
Tactic call build-thunk-regression-linear ran for 0.003 secs (0.002u,0.001s) (success)
Tactic call eval-thunk-regression-linear ran for 0. secs (0.u,0.s) (success)
Tactic call build-eval-thunk-regression-linear ran for 0.003 secs (0.002u,0.001s) (success)
Tactic call build-I-regression-linear ran for 0. secs (0.u,0.s) (success)
Tactic call check-I-regression-linear ran for 0. secs (0.u,0.s) (success)
Tactic call type-I-regression-linear ran for 0. secs (0.u,0.s) (success)
Tactic call build-admit-regression-linear ran for 0. secs (0.u,0.s) (success)
Tactic call check-admit-regression-quadratic ran for 0. secs (0.u,0.s) (success)
Tactic call type-admit-regression-quadratic ran for 0. secs (0.u,0.s) (success)
Tactic call build-admit-cast-regression-linear ran for 0. secs (0.u,0.s) (success)
Tactic call check-admit-cast-regression-quadratic ran for 0.001 secs (0.001u,0.s) (success)
Tactic call type-admit-cast-regression-quadratic ran for 0.001 secs (0.001u,0.s) (success)
Tactic call build-pf-cast-regression-linear ran for 0. secs (0.u,0.s) (success)
Tactic call check-pf-cast-regression-quadratic ran for 0.001 secs (0.u,0.s) (success)
Tactic call type-pf-cast-regression-quadratic ran for 0.001 secs (0.001u,0.s) (success)
Tactic call refine-regression-quadratic-regression-linear ran for 0.001 secs (0.001u,0.s) (success)
Tactic call fast_rewrite-regression-quadratic ran for 0.014 secs (0.008u,0.005s) (success)
Tactic call abstract-regression-quadratic ran for 0.015 secs (0.01u,0.005s) (success)
Tactic call close-abstract-regression-quadratic ran for 0.001 secs (0.001u,0.s)
Params: n= 100
Tactic call build-thunk-regression-linear ran for 0.007 secs (0.007u,0.s) (success)
Tactic call eval-thunk-regression-linear ran for 0. secs (0.u,0.s) (success)
Tactic call build-eval-thunk-regression-linear ran for 0.007 secs (0.007u,0.s) (success)
Tactic call build-I-regression-linear ran for 0. secs (0.u,0.s) (success)
Tactic call check-I-regression-linear ran for 0.001 secs (0.001u,0.s) (success)
Tactic call type-I-regression-linear ran for 0.001 secs (0.001u,0.s) (success)
Tactic call build-admit-regression-linear ran for 0. secs (0.u,0.s) (success)
Tactic call check-admit-regression-quadratic ran for 0.002 secs (0.002u,0.s) (success)
Tactic call type-admit-regression-quadratic ran for 0.002 secs (0.002u,0.s) (success)
Tactic call build-admit-cast-regression-linear ran for 0. secs (0.u,0.s) (success)
Tactic call check-admit-cast-regression-quadratic ran for 0.002 secs (0.u,0.002s) (success)
Tactic call type-admit-cast-regression-quadratic ran for 0.002 secs (0.002u,0.s) (success)
Tactic call build-pf-cast-regression-linear ran for 0. secs (0.u,0.s) (success)
Tactic call check-pf-cast-regression-quadratic ran for 0.037 secs (0.028u,0.008s) (success)
Tactic call type-pf-cast-regression-quadratic ran for 0.002 secs (0.002u,0.s) (success)
Tactic call refine-regression-quadratic-regression-linear ran for 0.003 secs (0.002u,0.s) (success)
Tactic call fast_rewrite-regression-quadratic ran for 0.066 secs (0.054u,0.011s) (success)
Tactic call abstract-regression-quadratic ran for 0.071 secs (0.059u,0.011s) (success)
Tactic call close-abstract-regression-quadratic ran for 0.004 secs (0.004u,0.s)
Params: n= 150
Tactic call build-thunk-regression-linear ran for 0.008 secs (0.008u,0.s) (success)
Tactic call eval-thunk-regression-linear ran for 0. secs (0.u,0.s) (success)
Tactic call build-eval-thunk-regression-linear ran for 0.008 secs (0.008u,0.s) (success)
Tactic call build-I-regression-linear ran for 0. secs (0.u,0.s) (success)
Tactic call check-I-regression-linear ran for 0.001 secs (0.001u,0.s) (success)
Tactic call type-I-regression-linear ran for 0.001 secs (0.001u,0.s) (success)
Tactic call build-admit-regression-linear ran for 0. secs (0.u,0.s) (success)
Tactic call check-admit-regression-quadratic ran for 0.004 secs (0.004u,0.s) (success)
Tactic call type-admit-regression-quadratic ran for 0.004 secs (0.004u,0.s) (success)
Tactic call build-admit-cast-regression-linear ran for 0. secs (0.u,0.s) (success)
Tactic call check-admit-cast-regression-quadratic ran for 0.004 secs (0.004u,0.s) (success)
Tactic call type-admit-cast-regression-quadratic ran for 0.004 secs (0.004u,0.s) (success)
Tactic call build-pf-cast-regression-linear ran for 0. secs (0.u,0.s) (success)
Tactic call check-pf-cast-regression-quadratic ran for 0.018 secs (0.018u,0.s) (success)
Tactic call type-pf-cast-regression-quadratic ran for 0.004 secs (0.004u,0.s) (success)
Tactic call refine-regression-quadratic-regression-linear ran for 0.004 secs (0.004u,0.s) (success)
Tactic call fast_rewrite-regression-quadratic ran for 0.059 secs (0.059u,0.s) (success)
Tactic call abstract-regression-quadratic ran for 0.067 secs (0.067u,0.s) (success)
Tactic call close-abstract-regression-quadratic ran for 0.008 secs (0.008u,0.s)
Params: n= 200
Tactic call build-thunk-regression-linear ran for 0.01 secs (0.01u,0.s) (success)
Tactic call eval-thunk-regression-linear ran for 0. secs (0.u,0.s) (success)
Tactic call build-eval-thunk-regression-linear ran for 0.011 secs (0.011u,0.s) (success)
Tactic call build-I-regression-linear ran for 0. secs (0.u,0.s) (success)
Tactic call check-I-regression-linear ran for 0.002 secs (0.002u,0.s) (success)
Tactic call type-I-regression-linear ran for 0.002 secs (0.002u,0.s) (success)
Tactic call build-admit-regression-linear ran for 0. secs (0.u,0.s) (success)
Tactic call check-admit-regression-quadratic ran for 0.006 secs (0.002u,0.003s) (success)
Tactic call type-admit-regression-quadratic ran for 0.007 secs (0.007u,0.s) (success)
Tactic call build-admit-cast-regression-linear ran for 0. secs (0.u,0.s) (success)
Tactic call check-admit-cast-regression-quadratic ran for 0.008 secs (0.008u,0.s) (success)
Tactic call type-admit-cast-regression-quadratic ran for 0.007 secs (0.007u,0.s) (success)
Tactic call build-pf-cast-regression-linear ran for 0. secs (0.u,0.s) (success)
Tactic call check-pf-cast-regression-quadratic ran for 0.007 secs (0.007u,0.s) (success)
Tactic call type-pf-cast-regression-quadratic ran for 0.006 secs (0.006u,0.s) (success)
Tactic call refine-regression-quadratic-regression-linear ran for 0.006 secs (0.006u,0.s) (success)
Tactic call fast_rewrite-regression-quadratic ran for 0.069 secs (0.065u,0.003s) (success)
Tactic call abstract-regression-quadratic ran for 0.083 secs (0.079u,0.003s) (success)
Tactic call close-abstract-regression-quadratic ran for 0.013 secs (0.013u,0.s)
Params: n= 250
Tactic call build-thunk-regression-linear ran for 0.013 secs (0.013u,0.s) (success)
Tactic call eval-thunk-regression-linear ran for 0. secs (0.u,0.s) (success)
Tactic call build-eval-thunk-regression-linear ran for 0.013 secs (0.013u,0.s) (success)
Tactic call build-I-regression-linear ran for 0. secs (0.u,0.s) (success)
Tactic call check-I-regression-linear ran for 0.002 secs (0.002u,0.s) (success)
Tactic call type-I-regression-linear ran for 0.002 secs (0.002u,0.s) (success)
Tactic call build-admit-regression-linear ran for 0. secs (0.u,0.s) (success)
Tactic call check-admit-regression-quadratic ran for 0.009 secs (0.009u,0.s) (success)
Tactic call type-admit-regression-quadratic ran for 0.009 secs (0.009u,0.s) (success)
Tactic call build-admit-cast-regression-linear ran for 0.001 secs (0.001u,0.s) (success)
Tactic call check-admit-cast-regression-quadratic ran for 0.009 secs (0.009u,0.s) (success)
Tactic call type-admit-cast-regression-quadratic ran for 0.009 secs (0.009u,0.s) (success)
Tactic call build-pf-cast-regression-linear ran for 0.001 secs (0.001u,0.s) (success)
Tactic call check-pf-cast-regression-quadratic ran for 0.011 secs (0.011u,0.s) (success)
Tactic call type-pf-cast-regression-quadratic ran for 0.009 secs (0.009u,0.s) (success)
Tactic call refine-regression-quadratic-regression-linear ran for 0.009 secs (0.009u,0.s) (success)
Tactic call fast_rewrite-regression-quadratic ran for 0.091 secs (0.091u,0.s) (success)
Tactic call abstract-regression-quadratic ran for 0.111 secs (0.111u,0.s) (success)
Tactic call close-abstract-regression-quadratic ran for 0.019 secs (0.019u,0.s)
Params: n= 300
Tactic call build-thunk-regression-linear ran for 0.02 secs (0.02u,0.s) (success)
Tactic call eval-thunk-regression-linear ran for 0. secs (0.u,0.s) (success)
Tactic call build-eval-thunk-regression-linear ran for 0.02 secs (0.02u,0.s) (success)
Tactic call build-I-regression-linear ran for 0.001 secs (0.001u,0.s) (success)
Tactic call check-I-regression-linear ran for 0.003 secs (0.003u,0.s) (success)
Tactic call type-I-regression-linear ran for 0.002 secs (0.002u,0.s) (success)
Tactic call build-admit-regression-linear ran for 0.001 secs (0.001u,0.s) (success)
Tactic call check-admit-regression-quadratic ran for 0.012 secs (0.012u,0.s) (success)
Tactic call type-admit-regression-quadratic ran for 0.012 secs (0.012u,0.s) (success)
Tactic call build-admit-cast-regression-linear ran for 0.001 secs (0.001u,0.s) (success)
Tactic call check-admit-cast-regression-quadratic ran for 0.013 secs (0.013u,0.s) (success)
Tactic call type-admit-cast-regression-quadratic ran for 0.013 secs (0.013u,0.s) (success)
Tactic call build-pf-cast-regression-linear ran for 0.003 secs (0.003u,0.s) (success)
Tactic call check-pf-cast-regression-quadratic ran for 0.013 secs (0.013u,0.s) (success)
Tactic call type-pf-cast-regression-quadratic ran for 0.013 secs (0.013u,0.s) (success)
Tactic call refine-regression-quadratic-regression-linear ran for 0.013 secs (0.013u,0.s) (success)
Tactic call fast_rewrite-regression-quadratic ran for 0.126 secs (0.126u,0.s) (success)
Tactic call abstract-regression-quadratic ran for 0.154 secs (0.154u,0.s) (success)
Tactic call close-abstract-regression-quadratic ran for 0.027 secs (0.027u,0.s)
Params: n= 350
Tactic call build-thunk-regression-linear ran for 0.025 secs (0.025u,0.s) (success)
Tactic call eval-thunk-regression-linear ran for 0. secs (0.u,0.s) (success)
Tactic call build-eval-thunk-regression-linear ran for 0.026 secs (0.026u,0.s) (success)
Tactic call build-I-regression-linear ran for 0.001 secs (0.001u,0.s) (success)
Tactic call check-I-regression-linear ran for 0.003 secs (0.003u,0.s) (success)
Tactic call type-I-regression-linear ran for 0.003 secs (0.003u,0.s) (success)
Tactic call build-admit-regression-linear ran for 0.001 secs (0.001u,0.s) (success)
Tactic call check-admit-regression-quadratic ran for 0.015 secs (0.015u,0.s) (success)
Tactic call type-admit-regression-quadratic ran for 0.016 secs (0.016u,0.s) (success)
Tactic call build-admit-cast-regression-linear ran for 0.001 secs (0.001u,0.s) (success)
Tactic call check-admit-cast-regression-quadratic ran for 0.017 secs (0.017u,0.s) (success)
Tactic call type-admit-cast-regression-quadratic ran for 0.017 secs (0.017u,0.s) (success)
Tactic call build-pf-cast-regression-linear ran for 0.001 secs (0.001u,0.s) (success)
Tactic call check-pf-cast-regression-quadratic ran for 0.02 secs (0.02u,0.s) (success)
Tactic call type-pf-cast-regression-quadratic ran for 0.018 secs (0.018u,0.s) (success)
Tactic call refine-regression-quadratic-regression-linear ran for 0.019 secs (0.019u,0.s) (success)
Tactic call fast_rewrite-regression-quadratic ran for 0.164 secs (0.164u,0.s) (success)
Tactic call abstract-regression-quadratic ran for 0.202 secs (0.199u,0.003s) (success)
Tactic call close-abstract-regression-quadratic ran for 0.038 secs (0.034u,0.003s)
Params: n= 400
Tactic call build-thunk-regression-linear ran for 0.072 secs (0.072u,0.s) (success)
Tactic call eval-thunk-regression-linear ran for 0. secs (0.u,0.s) (success)
Tactic call build-eval-thunk-regression-linear ran for 0.073 secs (0.073u,0.s) (success)
Tactic call build-I-regression-linear ran for 0.001 secs (0.001u,0.s) (success)
Tactic call check-I-regression-linear ran for 0.004 secs (0.004u,0.s) (success)
Tactic call type-I-regression-linear ran for 0.004 secs (0.004u,0.s) (success)
Tactic call build-admit-regression-linear ran for 0.001 secs (0.001u,0.s) (success)
Tactic call check-admit-regression-quadratic ran for 0.021 secs (0.021u,0.s) (success)
Tactic call type-admit-regression-quadratic ran for 0.023 secs (0.023u,0.s) (success)
Tactic call build-admit-cast-regression-linear ran for 0.004 secs (0.004u,0.s) (success)
Tactic call check-admit-cast-regression-quadratic ran for 0.021 secs (0.021u,0.s) (success)
Tactic call type-admit-cast-regression-quadratic ran for 0.021 secs (0.021u,0.s) (success)
Tactic call build-pf-cast-regression-linear ran for 0.001 secs (0.001u,0.s) (success)
Tactic call check-pf-cast-regression-quadratic ran for 0.021 secs (0.021u,0.s) (success)
Tactic call type-pf-cast-regression-quadratic ran for 0.021 secs (0.021u,0.s) (success)
Tactic call refine-regression-quadratic-regression-linear ran for 0.024 secs (0.024u,0.s) (success)
Tactic call fast_rewrite-regression-quadratic ran for 0.247 secs (0.247u,0.s) (success)
Tactic call abstract-regression-quadratic ran for 0.322 secs (0.322u,0.s) (success)
Tactic call close-abstract-regression-quadratic ran for 0.075 secs (0.075u,0.s)
