Params: n= 3
Tactic call repeat-rewrite_strat-topdown-regression-cubic ran for 0.009 secs (0.006u,0.003s) (success)
Tactic call noop-repeat-rewrite_strat-topdown-regression-cubic ran for 0. secs (0.u,0.s) (success)
Tactic call abstract+repeat-rewrite_strat-topdown-regression-cubic ran for 0.011 secs (0.007u,0.003s) (success)
Tactic call close-abstract+repeat-rewrite_strat-topdown-regression-quadratic ran for 0. secs (0.u,0.s)
Params: n= 4
Tactic call repeat-rewrite_strat-topdown-regression-cubic ran for 0.011 secs (0.011u,0.s) (success)
Tactic call noop-repeat-rewrite_strat-topdown-regression-cubic ran for 0.001 secs (0.u,0.s) (success)
Tactic call abstract+repeat-rewrite_strat-topdown-regression-cubic ran for 0.013 secs (0.013u,0.s) (success)
Tactic call close-abstract+repeat-rewrite_strat-topdown-regression-quadratic ran for 0. secs (0.u,0.s)
Params: n= 5
Tactic call repeat-rewrite_strat-topdown-regression-cubic ran for 0.015 secs (0.009u,0.006s) (success)
Tactic call noop-repeat-rewrite_strat-topdown-regression-cubic ran for 0.001 secs (0.u,0.s) (success)
Tactic call abstract+repeat-rewrite_strat-topdown-regression-cubic ran for 0.018 secs (0.01u,0.007s) (success)
Tactic call close-abstract+repeat-rewrite_strat-topdown-regression-quadratic ran for 0.001 secs (0.u,0.s)
Params: n= 6
Tactic call repeat-rewrite_strat-topdown-regression-cubic ran for 0.015 secs (0.015u,0.s) (success)
Tactic call noop-repeat-rewrite_strat-topdown-regression-cubic ran for 0.001 secs (0.001u,0.s) (success)
Tactic call abstract+repeat-rewrite_strat-topdown-regression-cubic ran for 0.018 secs (0.018u,0.s) (success)
Tactic call close-abstract+repeat-rewrite_strat-topdown-regression-quadratic ran for 0. secs (0.u,0.s)
Params: n= 7
Tactic call repeat-rewrite_strat-topdown-regression-cubic ran for 0.034 secs (0.034u,0.s) (success)
Tactic call noop-repeat-rewrite_strat-topdown-regression-cubic ran for 0.001 secs (0.001u,0.s) (success)
Tactic call abstract+repeat-rewrite_strat-topdown-regression-cubic ran for 0.036 secs (0.036u,0.s) (success)
Tactic call close-abstract+repeat-rewrite_strat-topdown-regression-quadratic ran for 0. secs (0.u,0.s)
Params: n= 8
Tactic call repeat-rewrite_strat-topdown-regression-cubic ran for 0.024 secs (0.024u,0.s) (success)
Tactic call noop-repeat-rewrite_strat-topdown-regression-cubic ran for 0.001 secs (0.001u,0.s) (success)
Tactic call abstract+repeat-rewrite_strat-topdown-regression-cubic ran for 0.027 secs (0.027u,0.s) (success)
Tactic call close-abstract+repeat-rewrite_strat-topdown-regression-quadratic ran for 0.001 secs (0.001u,0.s)
Params: n= 9
Tactic call repeat-rewrite_strat-topdown-regression-cubic ran for 0.029 secs (0.029u,0.s) (success)
Tactic call noop-repeat-rewrite_strat-topdown-regression-cubic ran for 0.001 secs (0.001u,0.s) (success)
Tactic call abstract+repeat-rewrite_strat-topdown-regression-cubic ran for 0.033 secs (0.033u,0.s) (success)
Tactic call close-abstract+repeat-rewrite_strat-topdown-regression-quadratic ran for 0.001 secs (0.001u,0.s)
Params: n= 11
Tactic call repeat-rewrite_strat-topdown-regression-cubic ran for 0.042 secs (0.042u,0.s) (success)
Tactic call noop-repeat-rewrite_strat-topdown-regression-cubic ran for 0.002 secs (0.002u,0.s) (success)
Tactic call abstract+repeat-rewrite_strat-topdown-regression-cubic ran for 0.046 secs (0.046u,0.s) (success)
Tactic call close-abstract+repeat-rewrite_strat-topdown-regression-quadratic ran for 0.002 secs (0.002u,0.s)
Params: n= 12
Tactic call repeat-rewrite_strat-topdown-regression-cubic ran for 0.053 secs (0.053u,0.s) (success)
Tactic call noop-repeat-rewrite_strat-topdown-regression-cubic ran for 0.002 secs (0.002u,0.s) (success)
Tactic call abstract+repeat-rewrite_strat-topdown-regression-cubic ran for 0.057 secs (0.057u,0.s) (success)
Tactic call close-abstract+repeat-rewrite_strat-topdown-regression-quadratic ran for 0.001 secs (0.001u,0.s)
Params: n= 13
Tactic call repeat-rewrite_strat-topdown-regression-cubic ran for 0.062 secs (0.062u,0.s) (success)
Tactic call noop-repeat-rewrite_strat-topdown-regression-cubic ran for 0.002 secs (0.002u,0.s) (success)
Tactic call abstract+repeat-rewrite_strat-topdown-regression-cubic ran for 0.067 secs (0.067u,0.s) (success)
Tactic call close-abstract+repeat-rewrite_strat-topdown-regression-quadratic ran for 0.002 secs (0.002u,0.s)
Params: n= 14
Tactic call repeat-rewrite_strat-topdown-regression-cubic ran for 0.065 secs (0.065u,0.s) (success)
Tactic call noop-repeat-rewrite_strat-topdown-regression-cubic ran for 0.002 secs (0.002u,0.s) (success)
Tactic call abstract+repeat-rewrite_strat-topdown-regression-cubic ran for 0.07 secs (0.07u,0.s) (success)
Tactic call close-abstract+repeat-rewrite_strat-topdown-regression-quadratic ran for 0.002 secs (0.002u,0.s)
Params: n= 15
Tactic call repeat-rewrite_strat-topdown-regression-cubic ran for 0.125 secs (0.125u,0.s) (success)
Tactic call noop-repeat-rewrite_strat-topdown-regression-cubic ran for 0.003 secs (0.003u,0.s) (success)
Tactic call abstract+repeat-rewrite_strat-topdown-regression-cubic ran for 0.131 secs (0.131u,0.s) (success)
Tactic call close-abstract+repeat-rewrite_strat-topdown-regression-quadratic ran for 0.002 secs (0.002u,0.s)
Params: n= 16
Tactic call repeat-rewrite_strat-topdown-regression-cubic ran for 0.109 secs (0.109u,0.s) (success)
Tactic call noop-repeat-rewrite_strat-topdown-regression-cubic ran for 0.003 secs (0.003u,0.s) (success)
Tactic call abstract+repeat-rewrite_strat-topdown-regression-cubic ran for 0.115 secs (0.115u,0.s) (success)
Tactic call close-abstract+repeat-rewrite_strat-topdown-regression-quadratic ran for 0.002 secs (0.002u,0.s)
Params: n= 17
Tactic call repeat-rewrite_strat-topdown-regression-cubic ran for 0.113 secs (0.113u,0.s) (success)
Tactic call noop-repeat-rewrite_strat-topdown-regression-cubic ran for 0.003 secs (0.003u,0.s) (success)
Tactic call abstract+repeat-rewrite_strat-topdown-regression-cubic ran for 0.12 secs (0.12u,0.s) (success)
Tactic call close-abstract+repeat-rewrite_strat-topdown-regression-quadratic ran for 0.003 secs (0.003u,0.s)
Params: n= 18
Tactic call repeat-rewrite_strat-topdown-regression-cubic ran for 0.108 secs (0.108u,0.s) (success)
Tactic call noop-repeat-rewrite_strat-topdown-regression-cubic ran for 0.003 secs (0.003u,0.s) (success)
Tactic call abstract+repeat-rewrite_strat-topdown-regression-cubic ran for 0.116 secs (0.116u,0.s) (success)
Tactic call close-abstract+repeat-rewrite_strat-topdown-regression-quadratic ran for 0.003 secs (0.003u,0.s)
Params: n= 19
Tactic call repeat-rewrite_strat-topdown-regression-cubic ran for 0.173 secs (0.173u,0.s) (success)
Tactic call noop-repeat-rewrite_strat-topdown-regression-cubic ran for 0.004 secs (0.004u,0.s) (success)
Tactic call abstract+repeat-rewrite_strat-topdown-regression-cubic ran for 0.181 secs (0.181u,0.s) (success)
Tactic call close-abstract+repeat-rewrite_strat-topdown-regression-quadratic ran for 0.003 secs (0.003u,0.s)
Params: n= 21
Tactic call repeat-rewrite_strat-topdown-regression-cubic ran for 0.196 secs (0.196u,0.s) (success)
Tactic call noop-repeat-rewrite_strat-topdown-regression-cubic ran for 0.004 secs (0.004u,0.s) (success)
Tactic call abstract+repeat-rewrite_strat-topdown-regression-cubic ran for 0.205 secs (0.205u,0.s) (success)
Tactic call close-abstract+repeat-rewrite_strat-topdown-regression-quadratic ran for 0.004 secs (0.004u,0.s)
Params: n= 22
Tactic call repeat-rewrite_strat-topdown-regression-cubic ran for 0.164 secs (0.164u,0.s) (success)
Tactic call noop-repeat-rewrite_strat-topdown-regression-cubic ran for 0.005 secs (0.005u,0.s) (success)
Tactic call abstract+repeat-rewrite_strat-topdown-regression-cubic ran for 0.174 secs (0.174u,0.s) (success)
Tactic call close-abstract+repeat-rewrite_strat-topdown-regression-quadratic ran for 0.004 secs (0.004u,0.s)
Params: n= 23
Tactic call repeat-rewrite_strat-topdown-regression-cubic ran for 0.182 secs (0.182u,0.s) (success)
Tactic call noop-repeat-rewrite_strat-topdown-regression-cubic ran for 0.005 secs (0.005u,0.s) (success)
Tactic call abstract+repeat-rewrite_strat-topdown-regression-cubic ran for 0.193 secs (0.193u,0.s) (success)
Tactic call close-abstract+repeat-rewrite_strat-topdown-regression-quadratic ran for 0.005 secs (0.005u,0.s)
Params: n= 24
Tactic call repeat-rewrite_strat-topdown-regression-cubic ran for 0.199 secs (0.199u,0.s) (success)
Tactic call noop-repeat-rewrite_strat-topdown-regression-cubic ran for 0.005 secs (0.005u,0.s) (success)
Tactic call abstract+repeat-rewrite_strat-topdown-regression-cubic ran for 0.21 secs (0.21u,0.s) (success)
Tactic call close-abstract+repeat-rewrite_strat-topdown-regression-quadratic ran for 0.005 secs (0.005u,0.s)
Params: n= 25
Tactic call repeat-rewrite_strat-topdown-regression-cubic ran for 0.219 secs (0.219u,0.s) (success)
Tactic call noop-repeat-rewrite_strat-topdown-regression-cubic ran for 0.006 secs (0.006u,0.s) (success)
Tactic call abstract+repeat-rewrite_strat-topdown-regression-cubic ran for 0.231 secs (0.231u,0.s) (success)
Tactic call close-abstract+repeat-rewrite_strat-topdown-regression-quadratic ran for 0.006 secs (0.006u,0.s)
Params: n= 35
Tactic call repeat-rewrite_strat-topdown-regression-cubic ran for 0.477 secs (0.477u,0.s) (success)
Tactic call noop-repeat-rewrite_strat-topdown-regression-cubic ran for 0.009 secs (0.009u,0.s) (success)
Tactic call abstract+repeat-rewrite_strat-topdown-regression-cubic ran for 0.498 secs (0.498u,0.s) (success)
Tactic call close-abstract+repeat-rewrite_strat-topdown-regression-quadratic ran for 0.01 secs (0.01u,0.s)
Params: n= 45
Tactic call repeat-rewrite_strat-topdown-regression-cubic ran for 0.896 secs (0.896u,0.s) (success)
Tactic call noop-repeat-rewrite_strat-topdown-regression-cubic ran for 0.014 secs (0.014u,0.s) (success)
Tactic call abstract+repeat-rewrite_strat-topdown-regression-cubic ran for 0.928 secs (0.928u,0.s) (success)
Tactic call close-abstract+repeat-rewrite_strat-topdown-regression-quadratic ran for 0.017 secs (0.017u,0.s)
Params: n= 50
Tactic call repeat-rewrite_strat-topdown-regression-cubic ran for 1.183 secs (1.183u,0.s) (success)
Tactic call noop-repeat-rewrite_strat-topdown-regression-cubic ran for 0.018 secs (0.018u,0.s) (success)
Tactic call abstract+repeat-rewrite_strat-topdown-regression-cubic ran for 1.221 secs (1.221u,0.s) (success)
Tactic call close-abstract+repeat-rewrite_strat-topdown-regression-quadratic ran for 0.019 secs (0.019u,0.s)
