Params: n= 50
Tactic call build-thunk-regression-linear ran for 0.007 secs (0.003u,0.003s) (success)
Tactic call eval-thunk-regression-linear ran for 0. secs (0.u,0.s) (success)
Tactic call build-eval-thunk-regression-linear ran for 0.007 secs (0.003u,0.003s) (success)
Tactic call build-I-regression-linear ran for 0. secs (0.u,0.s) (success)
Tactic call check-I-regression-linear ran for 0.001 secs (0.u,0.001s) (success)
Tactic call type-I-regression-linear ran for 0.001 secs (0.u,0.001s) (success)
Tactic call build-admit-regression-linear ran for 0. secs (0.u,0.s) (success)
Tactic call check-admit-regression-quadratic ran for 0.001 secs (0.u,0.001s) (success)
Tactic call type-admit-regression-quadratic ran for 0.002 secs (0.u,0.002s) (success)
Tactic call build-admit-cast-regression-linear ran for 0. secs (0.u,0.s) (success)
Tactic call check-admit-cast-regression-quadratic ran for 0.001 secs (0.u,0.001s) (success)
Tactic call type-admit-cast-regression-quadratic ran for 0.002 secs (0.u,0.002s) (success)
Tactic call build-pf-cast-regression-linear ran for 0. secs (0.u,0.s) (success)
Tactic call check-pf-cast-regression-quadratic ran for 0.002 secs (0.001u,0.s) (success)
Tactic call type-pf-cast-regression-quadratic ran for 0.001 secs (0.001u,0.s) (success)
Tactic call refine-regression-quadratic-regression-linear ran for 0.001 secs (0.001u,0.s) (success)
Tactic call fast_rewrite-regression-quadratic ran for 0.025 secs (0.008u,0.016s) (success)
Tactic call abstract-regression-quadratic ran for 0.028 secs (0.008u,0.019s) (success)
Tactic call close-abstract-regression-quadratic ran for 0.002 secs (0.u,0.002s)
Params: n= 100
Tactic call build-thunk-regression-linear ran for 0.015 secs (0.007u,0.007s) (success)
Tactic call eval-thunk-regression-linear ran for 0. secs (0.u,0.s) (success)
Tactic call build-eval-thunk-regression-linear ran for 0.015 secs (0.007u,0.007s) (success)
Tactic call build-I-regression-linear ran for 0.001 secs (0.001u,0.s) (success)
Tactic call check-I-regression-linear ran for 0.002 secs (0.002u,0.s) (success)
Tactic call type-I-regression-linear ran for 0.053 secs (0.038u,0.015s) (success)
Tactic call build-admit-regression-linear ran for 0. secs (0.u,0.s) (success)
Tactic call check-admit-regression-quadratic ran for 0.002 secs (0.002u,0.s) (success)
Tactic call type-admit-regression-quadratic ran for 0.002 secs (0.002u,0.s) (success)
Tactic call build-admit-cast-regression-linear ran for 0. secs (0.u,0.s) (success)
Tactic call check-admit-cast-regression-quadratic ran for 0.003 secs (0.003u,0.s) (success)
Tactic call type-admit-cast-regression-quadratic ran for 0.003 secs (0.003u,0.s) (success)
Tactic call build-pf-cast-regression-linear ran for 0. secs (0.u,0.s) (success)
Tactic call check-pf-cast-regression-quadratic ran for 0.003 secs (0.003u,0.s) (success)
Tactic call type-pf-cast-regression-quadratic ran for 0.003 secs (0.003u,0.s) (success)
Tactic call refine-regression-quadratic-regression-linear ran for 0.003 secs (0.003u,0.s) (success)
Tactic call fast_rewrite-regression-quadratic ran for 0.096 secs (0.072u,0.023s) (success)
Tactic call abstract-regression-quadratic ran for 0.101 secs (0.077u,0.024s) (success)
Tactic call close-abstract-regression-quadratic ran for 0.004 secs (0.004u,0.s)
Params: n= 150
Tactic call build-thunk-regression-linear ran for 0.012 secs (0.012u,0.s) (success)
Tactic call eval-thunk-regression-linear ran for 0. secs (0.u,0.s) (success)
Tactic call build-eval-thunk-regression-linear ran for 0.012 secs (0.012u,0.s) (success)
Tactic call build-I-regression-linear ran for 0. secs (0.u,0.s) (success)
Tactic call check-I-regression-linear ran for 0.002 secs (0.002u,0.s) (success)
Tactic call type-I-regression-linear ran for 0.002 secs (0.002u,0.s) (success)
Tactic call build-admit-regression-linear ran for 0. secs (0.u,0.s) (success)
Tactic call check-admit-regression-quadratic ran for 0.005 secs (0.005u,0.s) (success)
Tactic call type-admit-regression-quadratic ran for 0.005 secs (0.005u,0.s) (success)
Tactic call build-admit-cast-regression-linear ran for 0.002 secs (0.002u,0.s) (success)
Tactic call check-admit-cast-regression-quadratic ran for 0.005 secs (0.005u,0.s) (success)
Tactic call type-admit-cast-regression-quadratic ran for 0.005 secs (0.005u,0.s) (success)
Tactic call build-pf-cast-regression-linear ran for 0. secs (0.u,0.s) (success)
Tactic call check-pf-cast-regression-quadratic ran for 0.005 secs (0.005u,0.s) (success)
Tactic call type-pf-cast-regression-quadratic ran for 0.005 secs (0.005u,0.s) (success)
Tactic call refine-regression-quadratic-regression-linear ran for 0.005 secs (0.005u,0.s) (success)
Tactic call fast_rewrite-regression-quadratic ran for 0.061 secs (0.061u,0.s) (success)
Tactic call abstract-regression-quadratic ran for 0.07 secs (0.07u,0.s) (success)
Tactic call close-abstract-regression-quadratic ran for 0.009 secs (0.009u,0.s)
Params: n= 200
Tactic call build-thunk-regression-linear ran for 0.016 secs (0.016u,0.s) (success)
Tactic call eval-thunk-regression-linear ran for 0. secs (0.u,0.s) (success)
Tactic call build-eval-thunk-regression-linear ran for 0.016 secs (0.016u,0.s) (success)
Tactic call build-I-regression-linear ran for 0.001 secs (0.001u,0.s) (success)
Tactic call check-I-regression-linear ran for 0.003 secs (0.003u,0.s) (success)
Tactic call type-I-regression-linear ran for 0.072 secs (0.072u,0.s) (success)
Tactic call build-admit-regression-linear ran for 0.001 secs (0.001u,0.s) (success)
Tactic call check-admit-regression-quadratic ran for 0.007 secs (0.007u,0.s) (success)
Tactic call type-admit-regression-quadratic ran for 0.008 secs (0.008u,0.s) (success)
Tactic call build-admit-cast-regression-linear ran for 0.001 secs (0.001u,0.s) (success)
Tactic call check-admit-cast-regression-quadratic ran for 0.008 secs (0.008u,0.s) (success)
Tactic call type-admit-cast-regression-quadratic ran for 0.008 secs (0.008u,0.s) (success)
Tactic call build-pf-cast-regression-linear ran for 0.001 secs (0.001u,0.s) (success)
Tactic call check-pf-cast-regression-quadratic ran for 0.008 secs (0.008u,0.s) (success)
Tactic call type-pf-cast-regression-quadratic ran for 0.008 secs (0.008u,0.s) (success)
Tactic call refine-regression-quadratic-regression-linear ran for 0.008 secs (0.008u,0.s) (success)
Tactic call fast_rewrite-regression-quadratic ran for 0.155 secs (0.155u,0.s) (success)
Tactic call abstract-regression-quadratic ran for 0.17 secs (0.17u,0.s) (success)
Tactic call close-abstract-regression-quadratic ran for 0.014 secs (0.014u,0.s)
Params: n= 250
Tactic call build-thunk-regression-linear ran for 0.021 secs (0.021u,0.s) (success)
Tactic call eval-thunk-regression-linear ran for 0. secs (0.u,0.s) (success)
Tactic call build-eval-thunk-regression-linear ran for 0.021 secs (0.021u,0.s) (success)
Tactic call build-I-regression-linear ran for 0.001 secs (0.001u,0.s) (success)
Tactic call check-I-regression-linear ran for 0.003 secs (0.003u,0.s) (success)
Tactic call type-I-regression-linear ran for 0.003 secs (0.003u,0.s) (success)
Tactic call build-admit-regression-linear ran for 0.001 secs (0.001u,0.s) (success)
Tactic call check-admit-regression-quadratic ran for 0.011 secs (0.011u,0.s) (success)
Tactic call type-admit-regression-quadratic ran for 0.011 secs (0.011u,0.s) (success)
Tactic call build-admit-cast-regression-linear ran for 0.001 secs (0.001u,0.s) (success)
Tactic call check-admit-cast-regression-quadratic ran for 0.012 secs (0.012u,0.s) (success)
Tactic call type-admit-cast-regression-quadratic ran for 0.04 secs (0.04u,0.s) (success)
Tactic call build-pf-cast-regression-linear ran for 0.001 secs (0.001u,0.s) (success)
Tactic call check-pf-cast-regression-quadratic ran for 0.011 secs (0.011u,0.s) (success)
Tactic call type-pf-cast-regression-quadratic ran for 0.011 secs (0.011u,0.s) (success)
Tactic call refine-regression-quadratic-regression-linear ran for 0.011 secs (0.011u,0.s) (success)
Tactic call fast_rewrite-regression-quadratic ran for 0.145 secs (0.145u,0.s) (success)
Tactic call abstract-regression-quadratic ran for 0.167 secs (0.167u,0.s) (success)
Tactic call close-abstract-regression-quadratic ran for 0.021 secs (0.021u,0.s)
Params: n= 300
Tactic call build-thunk-regression-linear ran for 0.027 secs (0.024u,0.002s) (success)
Tactic call eval-thunk-regression-linear ran for 0. secs (0.u,0.s) (success)
Tactic call build-eval-thunk-regression-linear ran for 0.027 secs (0.024u,0.002s) (success)
Tactic call build-I-regression-linear ran for 0.001 secs (0.001u,0.s) (success)
Tactic call check-I-regression-linear ran for 0.004 secs (0.004u,0.s) (success)
Tactic call type-I-regression-linear ran for 0.004 secs (0.004u,0.s) (success)
Tactic call build-admit-regression-linear ran for 0.001 secs (0.001u,0.s) (success)
Tactic call check-admit-regression-quadratic ran for 0.015 secs (0.015u,0.s) (success)
Tactic call type-admit-regression-quadratic ran for 0.015 secs (0.015u,0.s) (success)
Tactic call build-admit-cast-regression-linear ran for 0.001 secs (0.001u,0.s) (success)
Tactic call check-admit-cast-regression-quadratic ran for 0.016 secs (0.016u,0.s) (success)
Tactic call type-admit-cast-regression-quadratic ran for 0.016 secs (0.016u,0.s) (success)
Tactic call build-pf-cast-regression-linear ran for 0.001 secs (0.001u,0.s) (success)
Tactic call check-pf-cast-regression-quadratic ran for 0.016 secs (0.016u,0.s) (success)
Tactic call type-pf-cast-regression-quadratic ran for 0.016 secs (0.016u,0.s) (success)
Tactic call refine-regression-quadratic-regression-linear ran for 0.016 secs (0.016u,0.s) (success)
Tactic call fast_rewrite-regression-quadratic ran for 0.157 secs (0.153u,0.003s) (success)
Tactic call abstract-regression-quadratic ran for 0.187 secs (0.183u,0.003s) (success)
Tactic call close-abstract-regression-quadratic ran for 0.029 secs (0.029u,0.s)
Params: n= 350
Tactic call build-thunk-regression-linear ran for 0.031 secs (0.031u,0.s) (success)
Tactic call eval-thunk-regression-linear ran for 0. secs (0.u,0.s) (success)
Tactic call build-eval-thunk-regression-linear ran for 0.032 secs (0.032u,0.s) (success)
Tactic call build-I-regression-linear ran for 0.002 secs (0.002u,0.s) (success)
Tactic call check-I-regression-linear ran for 0.005 secs (0.005u,0.s) (success)
Tactic call type-I-regression-linear ran for 0.005 secs (0.005u,0.s) (success)
Tactic call build-admit-regression-linear ran for 0.002 secs (0.002u,0.s) (success)
Tactic call check-admit-regression-quadratic ran for 0.03 secs (0.03u,0.s) (success)
Tactic call type-admit-regression-quadratic ran for 0.019 secs (0.019u,0.s) (success)
Tactic call build-admit-cast-regression-linear ran for 0.002 secs (0.002u,0.s) (success)
Tactic call check-admit-cast-regression-quadratic ran for 0.02 secs (0.02u,0.s) (success)
Tactic call type-admit-cast-regression-quadratic ran for 0.02 secs (0.02u,0.s) (success)
Tactic call build-pf-cast-regression-linear ran for 0.002 secs (0.002u,0.s) (success)
Tactic call check-pf-cast-regression-quadratic ran for 0.021 secs (0.021u,0.s) (success)
Tactic call type-pf-cast-regression-quadratic ran for 0.02 secs (0.02u,0.s) (success)
Tactic call refine-regression-quadratic-regression-linear ran for 0.023 secs (0.023u,0.s) (success)
Tactic call fast_rewrite-regression-quadratic ran for 0.207 secs (0.207u,0.s) (success)
Tactic call abstract-regression-quadratic ran for 0.247 secs (0.247u,0.s) (success)
Tactic call close-abstract-regression-quadratic ran for 0.039 secs (0.039u,0.s)
Params: n= 400
Tactic call build-thunk-regression-linear ran for 0.044 secs (0.044u,0.s) (success)
Tactic call eval-thunk-regression-linear ran for 0. secs (0.u,0.s) (success)
Tactic call build-eval-thunk-regression-linear ran for 0.045 secs (0.045u,0.s) (success)
Tactic call build-I-regression-linear ran for 0.002 secs (0.002u,0.s) (success)
Tactic call check-I-regression-linear ran for 0.006 secs (0.006u,0.s) (success)
Tactic call type-I-regression-linear ran for 0.006 secs (0.006u,0.s) (success)
Tactic call build-admit-regression-linear ran for 0.002 secs (0.002u,0.s) (success)
Tactic call check-admit-regression-quadratic ran for 0.024 secs (0.024u,0.s) (success)
Tactic call type-admit-regression-quadratic ran for 0.024 secs (0.024u,0.s) (success)
Tactic call build-admit-cast-regression-linear ran for 0.007 secs (0.007u,0.s) (success)
Tactic call check-admit-cast-regression-quadratic ran for 0.026 secs (0.026u,0.s) (success)
Tactic call type-admit-cast-regression-quadratic ran for 0.026 secs (0.026u,0.s) (success)
Tactic call build-pf-cast-regression-linear ran for 0.002 secs (0.002u,0.s) (success)
Tactic call check-pf-cast-regression-quadratic ran for 0.026 secs (0.026u,0.s) (success)
Tactic call type-pf-cast-regression-quadratic ran for 0.026 secs (0.026u,0.s) (success)
Tactic call refine-regression-quadratic-regression-linear ran for 0.026 secs (0.026u,0.s) (success)
Tactic call fast_rewrite-regression-quadratic ran for 0.253 secs (0.253u,0.s) (success)
Tactic call abstract-regression-quadratic ran for 0.305 secs (0.305u,0.s) (success)
Tactic call close-abstract-regression-quadratic ran for 0.052 secs (0.052u,0.s)
