Params: n= 50
Tactic call rewrite!-regression-quadratic ran for 0.024 secs (0.02u,0.004s) (success)
Tactic call rewrite?-noop-regression-linear ran for 0. secs (0.u,0.s) (success)
Tactic call abstract+rewrite!-regression-quadratic ran for 0.073 secs (0.061u,0.012s) (success)
Tactic call close-abstract+rewrite!-regression-quadratic ran for 0.048 secs (0.04u,0.008s)
Params: n= 100
Tactic call rewrite!-regression-quadratic ran for 0.079 secs (0.079u,0.s) (success)
Tactic call rewrite?-noop-regression-linear ran for 0. secs (0.u,0.s) (success)
Tactic call abstract+rewrite!-regression-quadratic ran for 0.126 secs (0.126u,0.s) (success)
Tactic call close-abstract+rewrite!-regression-quadratic ran for 0.045 secs (0.045u,0.s)
Params: n= 150
Tactic call rewrite!-regression-quadratic ran for 0.186 secs (0.186u,0.s) (success)
Tactic call rewrite?-noop-regression-linear ran for 0.001 secs (0.001u,0.s) (success)
Tactic call abstract+rewrite!-regression-quadratic ran for 0.295 secs (0.295u,0.s) (success)
Tactic call close-abstract+rewrite!-regression-quadratic ran for 0.107 secs (0.107u,0.s)
Params: n= 200
Tactic call rewrite!-regression-quadratic ran for 0.344 secs (0.344u,0.s) (success)
Tactic call rewrite?-noop-regression-linear ran for 0.002 secs (0.002u,0.s) (success)
Tactic call abstract+rewrite!-regression-quadratic ran for 0.547 secs (0.547u,0.s) (success)
Tactic call close-abstract+rewrite!-regression-quadratic ran for 0.2 secs (0.2u,0.s)
Params: n= 250
Tactic call rewrite!-regression-quadratic ran for 0.54 secs (0.54u,0.s) (success)
Tactic call rewrite?-noop-regression-linear ran for 0.002 secs (0.002u,0.s) (success)
Tactic call abstract+rewrite!-regression-quadratic ran for 0.817 secs (0.817u,0.s) (success)
Tactic call close-abstract+rewrite!-regression-quadratic ran for 0.274 secs (0.274u,0.s)
Params: n= 300
Tactic call rewrite!-regression-quadratic ran for 0.793 secs (0.79u,0.003s) (success)
Tactic call rewrite?-noop-regression-linear ran for 0.004 secs (0.004u,0.s) (success)
Tactic call abstract+rewrite!-regression-quadratic ran for 1.221 secs (1.217u,0.003s) (success)
Tactic call close-abstract+rewrite!-regression-quadratic ran for 0.422 secs (0.422u,0.s)
Params: n= 350
Tactic call rewrite!-regression-quadratic ran for 1.176 secs (1.169u,0.006s) (success)
Tactic call rewrite?-noop-regression-linear ran for 0.005 secs (0.005u,0.s) (success)
Tactic call abstract+rewrite!-regression-quadratic ran for 1.726 secs (1.72u,0.006s) (success)
Tactic call close-abstract+rewrite!-regression-quadratic ran for 0.544 secs (0.544u,0.s)
Params: n= 400
Tactic call rewrite!-regression-quadratic ran for 1.519 secs (1.511u,0.007s) (success)
Tactic call rewrite?-noop-regression-linear ran for 0.005 secs (0.005u,0.s) (success)
Tactic call abstract+rewrite!-regression-quadratic ran for 2.288 secs (2.276u,0.011s) (success)
Tactic call close-abstract+rewrite!-regression-quadratic ran for 0.762 secs (0.758u,0.003s)
