Params: n= 5
native_compute: Conversion to native code done in 0.00012
native_compute: Compilation done in 0.04666
native_compute: Evaluation done in 0.00017
native_compute: Reification done in 0.00006
Tactic call identity native_compute on PHOAS with big ran for 0.047 secs (0.002u,0.s) (success)
Params: n= 6
native_compute: Conversion to native code done in 0.00017
native_compute: Compilation done in 0.04083
native_compute: Evaluation done in 0.00011
native_compute: Reification done in 0.00005
Tactic call identity native_compute on PHOAS with big ran for 0.041 secs (0.u,0.002s) (success)
Params: n= 7
native_compute: Conversion to native code done in 0.00012
native_compute: Compilation done in 0.03866
native_compute: Evaluation done in 0.00012
native_compute: Reification done in 0.00006
Tactic call identity native_compute on PHOAS with big ran for 0.039 secs (0.u,0.001s) (success)
Params: n= 8
native_compute: Conversion to native code done in 0.00013
native_compute: Compilation done in 0.03838
native_compute: Evaluation done in 0.00012
native_compute: Reification done in 0.00006
Tactic call identity native_compute on PHOAS with big ran for 0.038 secs (0.001u,0.s) (success)
Params: n= 9
native_compute: Conversion to native code done in 0.00014
native_compute: Compilation done in 0.04134
native_compute: Evaluation done in 0.00013
native_compute: Reification done in 0.00011
Tactic call identity native_compute on PHOAS with big ran for 0.041 secs (0.002u,0.s) (success)
Params: n= 10
native_compute: Conversion to native code done in 0.00013
native_compute: Compilation done in 0.04199
native_compute: Evaluation done in 0.00013
native_compute: Reification done in 0.00008
Tactic call identity native_compute on PHOAS with big ran for 0.042 secs (0.002u,0.s) (success)
Params: n= 11
native_compute: Conversion to native code done in 0.00013
native_compute: Compilation done in 0.04386
native_compute: Evaluation done in 0.00015
native_compute: Reification done in 0.00014
Tactic call identity native_compute on PHOAS with big ran for 0.044 secs (0.002u,0.s) (success)
Params: n= 12
native_compute: Conversion to native code done in 0.00014
native_compute: Compilation done in 0.04230
native_compute: Evaluation done in 0.00013
native_compute: Reification done in 0.00009
Tactic call identity native_compute on PHOAS with big ran for 0.042 secs (0.001u,0.s) (success)
Params: n= 13
native_compute: Conversion to native code done in 0.00015
native_compute: Compilation done in 0.04191
native_compute: Evaluation done in 0.00018
native_compute: Reification done in 0.00009
Tactic call identity native_compute on PHOAS with big ran for 0.042 secs (0.002u,0.s) (success)
Params: n= 14
native_compute: Conversion to native code done in 0.00022
native_compute: Compilation done in 0.04119
native_compute: Evaluation done in 0.00012
native_compute: Reification done in 0.00036
Tactic call identity native_compute on PHOAS with big ran for 0.042 secs (0.002u,0.s) (success)
Params: n= 15
native_compute: Conversion to native code done in 0.00014
native_compute: Compilation done in 0.04049
native_compute: Evaluation done in 0.00011
native_compute: Reification done in 0.00008
Tactic call identity native_compute on PHOAS with big ran for 0.04 secs (0.001u,0.s) (success)
Params: n= 16
native_compute: Conversion to native code done in 0.00038
native_compute: Compilation done in 0.04425
native_compute: Evaluation done in 0.00014
native_compute: Reification done in 0.00010
Tactic call identity native_compute on PHOAS with big ran for 0.044 secs (0.002u,0.s) (success)
Params: n= 17
native_compute: Conversion to native code done in 0.00014
native_compute: Compilation done in 0.04495
native_compute: Evaluation done in 0.00012
native_compute: Reification done in 0.00031
Tactic call identity native_compute on PHOAS with big ran for 0.045 secs (0.002u,0.s) (success)
Params: n= 18
native_compute: Conversion to native code done in 0.00014
native_compute: Compilation done in 0.04135
native_compute: Evaluation done in 0.00011
native_compute: Reification done in 0.00009
Tactic call identity native_compute on PHOAS with big ran for 0.041 secs (0.u,0.001s) (success)
Params: n= 19
native_compute: Conversion to native code done in 0.00014
native_compute: Compilation done in 0.04090
native_compute: Evaluation done in 0.00011
native_compute: Reification done in 0.00009
Tactic call identity native_compute on PHOAS with big ran for 0.041 secs (0.001u,0.s) (success)
Params: n= 20
native_compute: Conversion to native code done in 0.00014
native_compute: Compilation done in 0.04390
native_compute: Evaluation done in 0.00013
native_compute: Reification done in 0.00013
Tactic call identity native_compute on PHOAS with big ran for 0.044 secs (0.u,0.002s) (success)
Params: n= 21
native_compute: Conversion to native code done in 0.00015
native_compute: Compilation done in 0.04457
native_compute: Evaluation done in 0.00012
native_compute: Reification done in 0.00011
Tactic call identity native_compute on PHOAS with big ran for 0.045 secs (0.003u,0.s) (success)
Params: n= 22
native_compute: Conversion to native code done in 0.00015
native_compute: Compilation done in 0.04147
native_compute: Evaluation done in 0.00024
native_compute: Reification done in 0.00049
Tactic call identity native_compute on PHOAS with big ran for 0.042 secs (0.002u,0.s) (success)
Params: n= 23
native_compute: Conversion to native code done in 0.00017
native_compute: Compilation done in 0.04475
native_compute: Evaluation done in 0.00014
native_compute: Reification done in 0.00017
Tactic call identity native_compute on PHOAS with big ran for 0.045 secs (0.002u,0.s) (success)
Params: n= 24
native_compute: Conversion to native code done in 0.00018
native_compute: Compilation done in 0.04673
native_compute: Evaluation done in 0.00019
native_compute: Reification done in 0.00016
Tactic call identity native_compute on PHOAS with big ran for 0.047 secs (0.001u,0.s) (success)
Params: n= 25
native_compute: Conversion to native code done in 0.00015
native_compute: Compilation done in 0.04241
native_compute: Evaluation done in 0.00012
native_compute: Reification done in 0.00012
Tactic call identity native_compute on PHOAS with big ran for 0.042 secs (0.001u,0.s) (success)
Params: n= 26
native_compute: Conversion to native code done in 0.00027
native_compute: Compilation done in 0.04261
native_compute: Evaluation done in 0.00011
native_compute: Reification done in 0.00012
Tactic call identity native_compute on PHOAS with big ran for 0.043 secs (0.001u,0.s) (success)
Params: n= 27
native_compute: Conversion to native code done in 0.00015
native_compute: Compilation done in 0.04515
native_compute: Evaluation done in 0.00012
native_compute: Reification done in 0.00013
Tactic call identity native_compute on PHOAS with big ran for 0.045 secs (0.001u,0.s) (success)
Params: n= 28
native_compute: Conversion to native code done in 0.00020
native_compute: Compilation done in 0.04455
native_compute: Evaluation done in 0.00012
native_compute: Reification done in 0.00013
Tactic call identity native_compute on PHOAS with big ran for 0.045 secs (0.002u,0.s) (success)
Params: n= 29
native_compute: Conversion to native code done in 0.00016
native_compute: Compilation done in 0.04521
native_compute: Evaluation done in 0.00012
native_compute: Reification done in 0.00013
Tactic call identity native_compute on PHOAS with big ran for 0.045 secs (0.001u,0.s) (success)
Params: n= 30
native_compute: Conversion to native code done in 0.00016
native_compute: Compilation done in 0.04504
native_compute: Evaluation done in 0.00013
native_compute: Reification done in 0.00014
Tactic call identity native_compute on PHOAS with big ran for 0.045 secs (0.001u,0.s) (success)
Params: n= 31
native_compute: Conversion to native code done in 0.00016
native_compute: Compilation done in 0.04527
native_compute: Evaluation done in 0.00014
native_compute: Reification done in 0.00017
Tactic call identity native_compute on PHOAS with big ran for 0.045 secs (0.001u,0.s) (success)
Params: n= 32
native_compute: Conversion to native code done in 0.00017
native_compute: Compilation done in 0.05103
native_compute: Evaluation done in 0.00014
native_compute: Reification done in 0.00020
Tactic call identity native_compute on PHOAS with big ran for 0.051 secs (0.u,0.001s) (success)
Params: n= 33
native_compute: Conversion to native code done in 0.00020
native_compute: Compilation done in 0.05067
native_compute: Evaluation done in 0.00020
native_compute: Reification done in 0.00054
Tactic call identity native_compute on PHOAS with big ran for 0.051 secs (0.003u,0.s) (success)
Params: n= 34
native_compute: Conversion to native code done in 0.00024
native_compute: Compilation done in 0.05113
native_compute: Evaluation done in 0.00019
native_compute: Reification done in 0.00019
Tactic call identity native_compute on PHOAS with big ran for 0.051 secs (0.002u,0.s) (success)
Params: n= 35
native_compute: Conversion to native code done in 0.00019
native_compute: Compilation done in 0.04913
native_compute: Evaluation done in 0.00014
native_compute: Reification done in 0.00018
Tactic call identity native_compute on PHOAS with big ran for 0.049 secs (0.002u,0.s) (success)
Params: n= 36
native_compute: Conversion to native code done in 0.00021
native_compute: Compilation done in 0.05002
native_compute: Evaluation done in 0.00022
native_compute: Reification done in 0.00026
Tactic call identity native_compute on PHOAS with big ran for 0.05 secs (0.003u,0.s) (success)
Params: n= 37
native_compute: Conversion to native code done in 0.00018
native_compute: Compilation done in 0.04865
native_compute: Evaluation done in 0.00013
native_compute: Reification done in 0.00017
Tactic call identity native_compute on PHOAS with big ran for 0.049 secs (0.002u,0.s) (success)
Params: n= 38
native_compute: Conversion to native code done in 0.00020
native_compute: Compilation done in 0.05028
native_compute: Evaluation done in 0.00017
native_compute: Reification done in 0.00048
Tactic call identity native_compute on PHOAS with big ran for 0.051 secs (0.002u,0.s) (success)
Params: n= 39
native_compute: Conversion to native code done in 0.00020
native_compute: Compilation done in 0.05087
native_compute: Evaluation done in 0.00014
native_compute: Reification done in 0.00019
Tactic call identity native_compute on PHOAS with big ran for 0.051 secs (0.002u,0.s) (success)
Params: n= 40
native_compute: Conversion to native code done in 0.00028
native_compute: Compilation done in 0.04898
native_compute: Evaluation done in 0.00014
native_compute: Reification done in 0.00021
Tactic call identity native_compute on PHOAS with big ran for 0.049 secs (0.002u,0.s) (success)
Params: n= 41
native_compute: Conversion to native code done in 0.00021
native_compute: Compilation done in 0.05235
native_compute: Evaluation done in 0.00020
native_compute: Reification done in 0.00048
Tactic call identity native_compute on PHOAS with big ran for 0.053 secs (0.003u,0.s) (success)
Params: n= 42
native_compute: Conversion to native code done in 0.00019
native_compute: Compilation done in 0.05555
native_compute: Evaluation done in 0.00015
native_compute: Reification done in 0.00021
Tactic call identity native_compute on PHOAS with big ran for 0.056 secs (0.u,0.003s) (success)
Params: n= 43
native_compute: Conversion to native code done in 0.00027
native_compute: Compilation done in 0.05063
native_compute: Evaluation done in 0.00014
native_compute: Reification done in 0.00020
Tactic call identity native_compute on PHOAS with big ran for 0.051 secs (0.u,0.003s) (success)
Params: n= 44
native_compute: Conversion to native code done in 0.00019
native_compute: Compilation done in 0.05199
native_compute: Evaluation done in 0.00016
native_compute: Reification done in 0.00025
Tactic call identity native_compute on PHOAS with big ran for 0.052 secs (0.u,0.003s) (success)
Params: n= 45
native_compute: Conversion to native code done in 0.00020
native_compute: Compilation done in 0.05354
native_compute: Evaluation done in 0.00014
native_compute: Reification done in 0.00021
Tactic call identity native_compute on PHOAS with big ran for 0.054 secs (0.003u,0.s) (success)
Params: n= 46
native_compute: Conversion to native code done in 0.00019
native_compute: Compilation done in 0.05224
native_compute: Evaluation done in 0.00014
native_compute: Reification done in 0.00021
Tactic call identity native_compute on PHOAS with big ran for 0.052 secs (0.u,0.003s) (success)
Params: n= 47
native_compute: Conversion to native code done in 0.00047
native_compute: Compilation done in 0.05693
native_compute: Evaluation done in 0.00023
native_compute: Reification done in 0.00033
Tactic call identity native_compute on PHOAS with big ran for 0.058 secs (0.004u,0.s) (success)
Params: n= 48
native_compute: Conversion to native code done in 0.00026
native_compute: Compilation done in 0.05823
native_compute: Evaluation done in 0.00021
native_compute: Reification done in 0.00027
Tactic call identity native_compute on PHOAS with big ran for 0.059 secs (0.004u,0.s) (success)
Params: n= 49
native_compute: Conversion to native code done in 0.00030
native_compute: Compilation done in 0.06112
native_compute: Evaluation done in 0.00017
native_compute: Reification done in 0.00027
Tactic call identity native_compute on PHOAS with big ran for 0.062 secs (0.u,0.003s) (success)
Params: n= 50
native_compute: Conversion to native code done in 0.00023
native_compute: Compilation done in 0.06178
native_compute: Evaluation done in 0.00017
native_compute: Reification done in 0.00028
Tactic call identity native_compute on PHOAS with big ran for 0.062 secs (0.u,0.004s) (success)
Params: n= 51
native_compute: Conversion to native code done in 0.00032
native_compute: Compilation done in 0.10785
native_compute: Evaluation done in 0.00022
native_compute: Reification done in 0.00036
Tactic call identity native_compute on PHOAS with big ran for 0.108 secs (0.031u,0.019s) (success)
Params: n= 52
native_compute: Conversion to native code done in 0.00022
native_compute: Compilation done in 0.05376
native_compute: Evaluation done in 0.00015
native_compute: Reification done in 0.00025
Tactic call identity native_compute on PHOAS with big ran for 0.054 secs (0.003u,0.s) (success)
Params: n= 53
native_compute: Conversion to native code done in 0.00022
native_compute: Compilation done in 0.05447
native_compute: Evaluation done in 0.00015
native_compute: Reification done in 0.00025
Tactic call identity native_compute on PHOAS with big ran for 0.055 secs (0.u,0.003s) (success)
Params: n= 54
native_compute: Conversion to native code done in 0.00025
native_compute: Compilation done in 0.05361
native_compute: Evaluation done in 0.00014
native_compute: Reification done in 0.00028
Tactic call identity native_compute on PHOAS with big ran for 0.054 secs (0.u,0.002s) (success)
Params: n= 55
native_compute: Conversion to native code done in 0.00022
native_compute: Compilation done in 0.05375
native_compute: Evaluation done in 0.00017
native_compute: Reification done in 0.00034
Tactic call identity native_compute on PHOAS with big ran for 0.054 secs (0.002u,0.001s) (success)
Params: n= 56
native_compute: Conversion to native code done in 0.00028
native_compute: Compilation done in 0.06789
native_compute: Evaluation done in 0.00017
native_compute: Reification done in 0.00031
Tactic call identity native_compute on PHOAS with big ran for 0.068 secs (0.001u,0.002s) (success)
Params: n= 57
native_compute: Conversion to native code done in 0.00027
native_compute: Compilation done in 0.05971
native_compute: Evaluation done in 0.00015
native_compute: Reification done in 0.00027
Tactic call identity native_compute on PHOAS with big ran for 0.06 secs (0.u,0.003s) (success)
Params: n= 58
native_compute: Conversion to native code done in 0.00024
native_compute: Compilation done in 0.05421
native_compute: Evaluation done in 0.00014
native_compute: Reification done in 0.00026
Tactic call identity native_compute on PHOAS with big ran for 0.054 secs (0.u,0.003s) (success)
Params: n= 59
native_compute: Conversion to native code done in 0.00033
native_compute: Compilation done in 0.05741
native_compute: Evaluation done in 0.00014
native_compute: Reification done in 0.00027
Tactic call identity native_compute on PHOAS with big ran for 0.058 secs (0.u,0.003s) (success)
Params: n= 60
native_compute: Conversion to native code done in 0.00023
native_compute: Compilation done in 0.05907
native_compute: Evaluation done in 0.00020
native_compute: Reification done in 0.00028
Tactic call identity native_compute on PHOAS with big ran for 0.059 secs (0.003u,0.s) (success)
Params: n= 61
native_compute: Conversion to native code done in 0.00023
native_compute: Compilation done in 0.06425
native_compute: Evaluation done in 0.00017
native_compute: Reification done in 0.00030
Tactic call identity native_compute on PHOAS with big ran for 0.065 secs (0.002u,0.s) (success)
Params: n= 62
native_compute: Conversion to native code done in 0.00028
native_compute: Compilation done in 0.06732
native_compute: Evaluation done in 0.00029
native_compute: Reification done in 0.00035
Tactic call identity native_compute on PHOAS with big ran for 0.068 secs (0.004u,0.s) (success)
Params: n= 63
native_compute: Conversion to native code done in 0.00036
native_compute: Compilation done in 0.06375
native_compute: Evaluation done in 0.00026
native_compute: Reification done in 0.00030
Tactic call identity native_compute on PHOAS with big ran for 0.064 secs (0.004u,0.s) (success)
Params: n= 64
native_compute: Conversion to native code done in 0.00025
native_compute: Compilation done in 0.06625
native_compute: Evaluation done in 0.00019
native_compute: Reification done in 0.00031
Tactic call identity native_compute on PHOAS with big ran for 0.067 secs (0.002u,0.001s) (success)
Params: n= 65
native_compute: Conversion to native code done in 0.00033
native_compute: Compilation done in 0.06448
native_compute: Evaluation done in 0.00016
native_compute: Reification done in 0.00034
Tactic call identity native_compute on PHOAS with big ran for 0.065 secs (0.002u,0.001s) (success)
Params: n= 66
native_compute: Conversion to native code done in 0.00025
native_compute: Compilation done in 0.06047
native_compute: Evaluation done in 0.00015
native_compute: Reification done in 0.00031
Tactic call identity native_compute on PHOAS with big ran for 0.061 secs (0.003u,0.s) (success)
Params: n= 67
native_compute: Conversion to native code done in 0.00025
native_compute: Compilation done in 0.06581
native_compute: Evaluation done in 0.00016
native_compute: Reification done in 0.00031
Tactic call identity native_compute on PHOAS with big ran for 0.066 secs (0.001u,0.002s) (success)
Params: n= 68
native_compute: Conversion to native code done in 0.00041
native_compute: Compilation done in 0.06652
native_compute: Evaluation done in 0.00016
native_compute: Reification done in 0.00056
Tactic call identity native_compute on PHOAS with big ran for 0.067 secs (0.004u,0.s) (success)
Params: n= 69
native_compute: Conversion to native code done in 0.00030
native_compute: Compilation done in 0.06320
native_compute: Evaluation done in 0.00016
native_compute: Reification done in 0.00032
Tactic call identity native_compute on PHOAS with big ran for 0.064 secs (0.u,0.003s) (success)
Params: n= 70
native_compute: Conversion to native code done in 0.00027
native_compute: Compilation done in 0.06294
native_compute: Evaluation done in 0.00015
native_compute: Reification done in 0.00031
Tactic call identity native_compute on PHOAS with big ran for 0.063 secs (0.u,0.003s) (success)
Params: n= 71
native_compute: Conversion to native code done in 0.00026
native_compute: Compilation done in 0.05926
native_compute: Evaluation done in 0.00015
native_compute: Reification done in 0.00031
Tactic call identity native_compute on PHOAS with big ran for 0.06 secs (0.u,0.003s) (success)
Params: n= 72
native_compute: Conversion to native code done in 0.00027
native_compute: Compilation done in 0.06098
native_compute: Evaluation done in 0.00015
native_compute: Reification done in 0.00031
Tactic call identity native_compute on PHOAS with big ran for 0.061 secs (0.003u,0.s) (success)
Params: n= 73
native_compute: Conversion to native code done in 0.00026
native_compute: Compilation done in 0.05939
native_compute: Evaluation done in 0.00015
native_compute: Reification done in 0.00032
Tactic call identity native_compute on PHOAS with big ran for 0.06 secs (0.u,0.003s) (success)
Params: n= 74
native_compute: Conversion to native code done in 0.00027
native_compute: Compilation done in 0.06003
native_compute: Evaluation done in 0.00022
native_compute: Reification done in 0.00047
Tactic call identity native_compute on PHOAS with big ran for 0.061 secs (0.u,0.004s) (success)
Params: n= 75
native_compute: Conversion to native code done in 0.00028
native_compute: Compilation done in 0.06115
native_compute: Evaluation done in 0.00015
native_compute: Reification done in 0.00033
Tactic call identity native_compute on PHOAS with big ran for 0.062 secs (0.003u,0.s) (success)
Params: n= 76
native_compute: Conversion to native code done in 0.00026
native_compute: Compilation done in 0.06565
native_compute: Evaluation done in 0.00015
native_compute: Reification done in 0.00034
Tactic call identity native_compute on PHOAS with big ran for 0.066 secs (0.003u,0.s) (success)
Params: n= 77
native_compute: Conversion to native code done in 0.00027
native_compute: Compilation done in 0.06524
native_compute: Evaluation done in 0.00016
native_compute: Reification done in 0.00040
Tactic call identity native_compute on PHOAS with big ran for 0.066 secs (0.u,0.004s) (success)
Params: n= 78
native_compute: Conversion to native code done in 0.00029
native_compute: Compilation done in 0.06411
native_compute: Evaluation done in 0.00019
native_compute: Reification done in 0.00041
Tactic call identity native_compute on PHOAS with big ran for 0.065 secs (0.001u,0.003s) (success)
Params: n= 79
native_compute: Conversion to native code done in 0.00033
native_compute: Compilation done in 0.06504
native_compute: Evaluation done in 0.00022
native_compute: Reification done in 0.00042
Tactic call identity native_compute on PHOAS with big ran for 0.066 secs (0.004u,0.s) (success)
Params: n= 80
native_compute: Conversion to native code done in 0.00029
native_compute: Compilation done in 0.06919
native_compute: Evaluation done in 0.00021
native_compute: Reification done in 0.00060
Tactic call identity native_compute on PHOAS with big ran for 0.07 secs (0.u,0.004s) (success)
Params: n= 81
native_compute: Conversion to native code done in 0.00043
native_compute: Compilation done in 0.07937
native_compute: Evaluation done in 0.00021
native_compute: Reification done in 0.00054
Tactic call identity native_compute on PHOAS with big ran for 0.08 secs (0.001u,0.003s) (success)
Params: n= 82
native_compute: Conversion to native code done in 0.00058
native_compute: Compilation done in 0.08000
native_compute: Evaluation done in 0.00020
native_compute: Reification done in 0.00052
Tactic call identity native_compute on PHOAS with big ran for 0.081 secs (0.004u,0.002s) (success)
Params: n= 83
native_compute: Conversion to native code done in 0.00046
native_compute: Compilation done in 0.06942
native_compute: Evaluation done in 0.00020
native_compute: Reification done in 0.00041
Tactic call identity native_compute on PHOAS with big ran for 0.07 secs (0.u,0.004s) (success)
Params: n= 84
native_compute: Conversion to native code done in 0.00030
native_compute: Compilation done in 0.07031
native_compute: Evaluation done in 0.00019
native_compute: Reification done in 0.00037
Tactic call identity native_compute on PHOAS with big ran for 0.071 secs (0.004u,0.s) (success)
Params: n= 85
native_compute: Conversion to native code done in 0.00029
native_compute: Compilation done in 0.06732
native_compute: Evaluation done in 0.00017
native_compute: Reification done in 0.00054
Tactic call identity native_compute on PHOAS with big ran for 0.068 secs (0.004u,0.s) (success)
Params: n= 86
native_compute: Conversion to native code done in 0.00046
native_compute: Compilation done in 0.06980
native_compute: Evaluation done in 0.00017
native_compute: Reification done in 0.00038
Tactic call identity native_compute on PHOAS with big ran for 0.07 secs (0.004u,0.s) (success)
Params: n= 87
native_compute: Conversion to native code done in 0.00032
native_compute: Compilation done in 0.07539
native_compute: Evaluation done in 0.00030
native_compute: Reification done in 0.00068
Tactic call identity native_compute on PHOAS with big ran for 0.076 secs (0.005u,0.s) (success)
Params: n= 88
native_compute: Conversion to native code done in 0.00053
native_compute: Compilation done in 0.07577
native_compute: Evaluation done in 0.00023
native_compute: Reification done in 0.00044
Tactic call identity native_compute on PHOAS with big ran for 0.077 secs (0.005u,0.s) (success)
Params: n= 89
native_compute: Conversion to native code done in 0.00035
native_compute: Compilation done in 0.07427
native_compute: Evaluation done in 0.00025
native_compute: Reification done in 0.00048
Tactic call identity native_compute on PHOAS with big ran for 0.075 secs (0.005u,0.s) (success)
Params: n= 90
native_compute: Conversion to native code done in 0.00040
native_compute: Compilation done in 0.06921
native_compute: Evaluation done in 0.00022
native_compute: Reification done in 0.00040
Tactic call identity native_compute on PHOAS with big ran for 0.07 secs (0.004u,0.s) (success)
Params: n= 91
native_compute: Conversion to native code done in 0.00037
native_compute: Compilation done in 0.06711
native_compute: Evaluation done in 0.00021
native_compute: Reification done in 0.00046
Tactic call identity native_compute on PHOAS with big ran for 0.068 secs (0.004u,0.s) (success)
Params: n= 92
native_compute: Conversion to native code done in 0.00030
native_compute: Compilation done in 0.06628
native_compute: Evaluation done in 0.00016
native_compute: Reification done in 0.00051
Tactic call identity native_compute on PHOAS with big ran for 0.067 secs (0.004u,0.s) (success)
Params: n= 93
native_compute: Conversion to native code done in 0.00080
native_compute: Compilation done in 0.07317
native_compute: Evaluation done in 0.00018
native_compute: Reification done in 0.00045
Tactic call identity native_compute on PHOAS with big ran for 0.074 secs (0.002u,0.003s) (success)
Params: n= 94
native_compute: Conversion to native code done in 0.00041
native_compute: Compilation done in 0.07290
native_compute: Evaluation done in 0.00016
native_compute: Reification done in 0.00041
Tactic call identity native_compute on PHOAS with big ran for 0.074 secs (0.004u,0.s) (success)
Params: n= 95
native_compute: Conversion to native code done in 0.00031
native_compute: Compilation done in 0.07042
native_compute: Evaluation done in 0.00017
native_compute: Reification done in 0.00049
Tactic call identity native_compute on PHOAS with big ran for 0.071 secs (0.u,0.004s) (success)
Params: n= 96
native_compute: Conversion to native code done in 0.00039
native_compute: Compilation done in 0.07918
native_compute: Evaluation done in 0.00017
native_compute: Reification done in 0.00042
Tactic call identity native_compute on PHOAS with big ran for 0.08 secs (0.004u,0.s) (success)
Params: n= 97
native_compute: Conversion to native code done in 0.00036
native_compute: Compilation done in 0.07437
native_compute: Evaluation done in 0.00017
native_compute: Reification done in 0.00043
Tactic call identity native_compute on PHOAS with big ran for 0.075 secs (0.004u,0.s) (success)
Params: n= 98
native_compute: Conversion to native code done in 0.00033
native_compute: Compilation done in 0.07271
native_compute: Evaluation done in 0.00026
native_compute: Reification done in 0.00059
Tactic call identity native_compute on PHOAS with big ran for 0.074 secs (0.004u,0.s) (success)
Params: n= 99
native_compute: Conversion to native code done in 0.00034
native_compute: Compilation done in 0.07497
native_compute: Evaluation done in 0.00026
native_compute: Reification done in 0.00066
Tactic call identity native_compute on PHOAS with big ran for 0.076 secs (0.001u,0.003s) (success)
Params: n= 100
native_compute: Conversion to native code done in 0.00039
native_compute: Compilation done in 0.07260
native_compute: Evaluation done in 0.00019
native_compute: Reification done in 0.00077
Tactic call identity native_compute on PHOAS with big ran for 0.074 secs (0.005u,0.s) (success)
Params: n= 101
native_compute: Conversion to native code done in 0.00036
native_compute: Compilation done in 0.07549
native_compute: Evaluation done in 0.00018
native_compute: Reification done in 0.00047
Tactic call identity native_compute on PHOAS with big ran for 0.076 secs (0.001u,0.003s) (success)
Params: n= 102
native_compute: Conversion to native code done in 0.00038
native_compute: Compilation done in 0.07434
native_compute: Evaluation done in 0.00016
native_compute: Reification done in 0.00045
Tactic call identity native_compute on PHOAS with big ran for 0.075 secs (0.004u,0.s) (success)
Params: n= 103
native_compute: Conversion to native code done in 0.00045
native_compute: Compilation done in 0.07640
native_compute: Evaluation done in 0.00018
native_compute: Reification done in 0.00046
Tactic call identity native_compute on PHOAS with big ran for 0.077 secs (0.001u,0.002s) (success)
Params: n= 104
native_compute: Conversion to native code done in 0.00033
native_compute: Compilation done in 0.07667
native_compute: Evaluation done in 0.00017
native_compute: Reification done in 0.00049
Tactic call identity native_compute on PHOAS with big ran for 0.077 secs (0.u,0.004s) (success)
Params: n= 105
native_compute: Conversion to native code done in 0.00049
native_compute: Compilation done in 0.07416
native_compute: Evaluation done in 0.00020
native_compute: Reification done in 0.00051
Tactic call identity native_compute on PHOAS with big ran for 0.075 secs (0.004u,0.s) (success)
Params: n= 106
native_compute: Conversion to native code done in 0.00035
native_compute: Compilation done in 0.07673
native_compute: Evaluation done in 0.00017
native_compute: Reification done in 0.00045
Tactic call identity native_compute on PHOAS with big ran for 0.077 secs (0.003u,0.003s) (success)
Params: n= 107
native_compute: Conversion to native code done in 0.00034
native_compute: Compilation done in 0.07726
native_compute: Evaluation done in 0.00017
native_compute: Reification done in 0.00046
Tactic call identity native_compute on PHOAS with big ran for 0.078 secs (0.004u,0.s) (success)
Params: n= 108
native_compute: Conversion to native code done in 0.00040
native_compute: Compilation done in 0.07730
native_compute: Evaluation done in 0.00025
native_compute: Reification done in 0.00054
Tactic call identity native_compute on PHOAS with big ran for 0.078 secs (0.004u,0.s) (success)
Params: n= 109
native_compute: Conversion to native code done in 0.00042
native_compute: Compilation done in 0.07810
native_compute: Evaluation done in 0.00019
native_compute: Reification done in 0.00051
Tactic call identity native_compute on PHOAS with big ran for 0.079 secs (0.003u,0.002s) (success)
Params: n= 110
native_compute: Conversion to native code done in 0.00039
native_compute: Compilation done in 0.08148
native_compute: Evaluation done in 0.00018
native_compute: Reification done in 0.00051
Tactic call identity native_compute on PHOAS with big ran for 0.082 secs (0.005u,0.s) (success)
Params: n= 111
native_compute: Conversion to native code done in 0.00036
native_compute: Compilation done in 0.07865
native_compute: Evaluation done in 0.00018
native_compute: Reification done in 0.00054
Tactic call identity native_compute on PHOAS with big ran for 0.079 secs (0.003u,0.001s) (success)
Params: n= 112
native_compute: Conversion to native code done in 0.00035
native_compute: Compilation done in 0.07721
native_compute: Evaluation done in 0.00017
native_compute: Reification done in 0.00049
Tactic call identity native_compute on PHOAS with big ran for 0.078 secs (0.u,0.004s) (success)
Params: n= 113
native_compute: Conversion to native code done in 0.00037
native_compute: Compilation done in 0.07877
native_compute: Evaluation done in 0.00017
native_compute: Reification done in 0.00054
Tactic call identity native_compute on PHOAS with big ran for 0.08 secs (0.003u,0.001s) (success)
Params: n= 114
native_compute: Conversion to native code done in 0.00036
native_compute: Compilation done in 0.07921
native_compute: Evaluation done in 0.00021
native_compute: Reification done in 0.00056
Tactic call identity native_compute on PHOAS with big ran for 0.08 secs (0.u,0.004s) (success)
Params: n= 115
native_compute: Conversion to native code done in 0.00035
native_compute: Compilation done in 0.08417
native_compute: Evaluation done in 0.00018
native_compute: Reification done in 0.00050
Tactic call identity native_compute on PHOAS with big ran for 0.085 secs (0.005u,0.s) (success)
Params: n= 116
native_compute: Conversion to native code done in 0.00037
native_compute: Compilation done in 0.07894
native_compute: Evaluation done in 0.00034
native_compute: Reification done in 0.00057
Tactic call identity native_compute on PHOAS with big ran for 0.08 secs (0.003u,0.001s) (success)
Params: n= 117
native_compute: Conversion to native code done in 0.00044
native_compute: Compilation done in 0.07863
native_compute: Evaluation done in 0.00017
native_compute: Reification done in 0.00050
Tactic call identity native_compute on PHOAS with big ran for 0.079 secs (0.005u,0.s) (success)
Params: n= 118
native_compute: Conversion to native code done in 0.00035
native_compute: Compilation done in 0.08130
native_compute: Evaluation done in 0.00021
native_compute: Reification done in 0.00052
Tactic call identity native_compute on PHOAS with big ran for 0.082 secs (0.005u,0.s) (success)
Params: n= 119
native_compute: Conversion to native code done in 0.00046
native_compute: Compilation done in 0.08149
native_compute: Evaluation done in 0.00018
native_compute: Reification done in 0.00057
Tactic call identity native_compute on PHOAS with big ran for 0.082 secs (0.002u,0.002s) (success)
Params: n= 120
native_compute: Conversion to native code done in 0.00036
native_compute: Compilation done in 0.08657
native_compute: Evaluation done in 0.00019
native_compute: Reification done in 0.00066
Tactic call identity native_compute on PHOAS with big ran for 0.087 secs (0.u,0.004s) (success)
Params: n= 121
native_compute: Conversion to native code done in 0.00051
native_compute: Compilation done in 0.08696
native_compute: Evaluation done in 0.00023
native_compute: Reification done in 0.00065
Tactic call identity native_compute on PHOAS with big ran for 0.088 secs (0.005u,0.s) (success)
Params: n= 122
native_compute: Conversion to native code done in 0.00045
native_compute: Compilation done in 0.08372
native_compute: Evaluation done in 0.00019
native_compute: Reification done in 0.00077
Tactic call identity native_compute on PHOAS with big ran for 0.085 secs (0.004u,0.001s) (success)
Params: n= 123
native_compute: Conversion to native code done in 0.00040
native_compute: Compilation done in 0.08153
native_compute: Evaluation done in 0.00018
native_compute: Reification done in 0.00076
Tactic call identity native_compute on PHOAS with big ran for 0.083 secs (0.005u,0.s) (success)
Params: n= 124
native_compute: Conversion to native code done in 0.00038
native_compute: Compilation done in 0.08363
native_compute: Evaluation done in 0.00017
native_compute: Reification done in 0.00052
Tactic call identity native_compute on PHOAS with big ran for 0.084 secs (0.005u,0.s) (success)
Params: n= 125
native_compute: Conversion to native code done in 0.00050
native_compute: Compilation done in 0.08584
native_compute: Evaluation done in 0.00018
native_compute: Reification done in 0.00273
Tactic call identity native_compute on PHOAS with big ran for 0.089 secs (0.005u,0.002s) (success)
Params: n= 126
native_compute: Conversion to native code done in 0.00038
native_compute: Compilation done in 0.08551
native_compute: Evaluation done in 0.00022
native_compute: Reification done in 0.00060
Tactic call identity native_compute on PHOAS with big ran for 0.086 secs (0.006u,0.s) (success)
Params: n= 127
native_compute: Conversion to native code done in 0.00047
native_compute: Compilation done in 0.09127
native_compute: Evaluation done in 0.00020
native_compute: Reification done in 0.00057
Tactic call identity native_compute on PHOAS with big ran for 0.092 secs (0.001u,0.004s) (success)
Params: n= 128
native_compute: Conversion to native code done in 0.00040
native_compute: Compilation done in 0.08873
native_compute: Evaluation done in 0.00019
native_compute: Reification done in 0.00060
Tactic call identity native_compute on PHOAS with big ran for 0.09 secs (0.006u,0.s) (success)
Params: n= 129
native_compute: Conversion to native code done in 0.00041
native_compute: Compilation done in 0.09269
native_compute: Evaluation done in 0.00021
native_compute: Reification done in 0.00055
Tactic call identity native_compute on PHOAS with big ran for 0.094 secs (0.005u,0.s) (success)
Params: n= 130
native_compute: Conversion to native code done in 0.00046
native_compute: Compilation done in 0.08986
native_compute: Evaluation done in 0.00020
native_compute: Reification done in 0.00078
Tactic call identity native_compute on PHOAS with big ran for 0.091 secs (0.002u,0.003s) (success)
Params: n= 131
native_compute: Conversion to native code done in 0.00040
native_compute: Compilation done in 0.09105
native_compute: Evaluation done in 0.00025
native_compute: Reification done in 0.00083
Tactic call identity native_compute on PHOAS with big ran for 0.092 secs (0.004u,0.001s) (success)
Params: n= 132
native_compute: Conversion to native code done in 0.00051
native_compute: Compilation done in 0.09269
native_compute: Evaluation done in 0.00022
native_compute: Reification done in 0.00064
Tactic call identity native_compute on PHOAS with big ran for 0.094 secs (0.002u,0.003s) (success)
Params: n= 133
native_compute: Conversion to native code done in 0.00041
native_compute: Compilation done in 0.08956
native_compute: Evaluation done in 0.00021
native_compute: Reification done in 0.00062
Tactic call identity native_compute on PHOAS with big ran for 0.09 secs (0.005u,0.s) (success)
Params: n= 134
native_compute: Conversion to native code done in 0.00042
native_compute: Compilation done in 0.09134
native_compute: Evaluation done in 0.00020
native_compute: Reification done in 0.00060
Tactic call identity native_compute on PHOAS with big ran for 0.092 secs (0.005u,0.s) (success)
Params: n= 135
native_compute: Conversion to native code done in 0.00042
native_compute: Compilation done in 0.08742
native_compute: Evaluation done in 0.00023
native_compute: Reification done in 0.00093
Tactic call identity native_compute on PHOAS with big ran for 0.089 secs (0.004u,0.002s) (success)
Params: n= 136
native_compute: Conversion to native code done in 0.00046
native_compute: Compilation done in 0.08513
native_compute: Evaluation done in 0.00018
native_compute: Reification done in 0.00064
Tactic call identity native_compute on PHOAS with big ran for 0.086 secs (0.005u,0.s) (success)
Params: n= 137
native_compute: Conversion to native code done in 0.00046
native_compute: Compilation done in 0.09358
native_compute: Evaluation done in 0.00021
native_compute: Reification done in 0.00077
Tactic call identity native_compute on PHOAS with big ran for 0.095 secs (0.006u,0.s) (success)
Params: n= 138
native_compute: Conversion to native code done in 0.00046
native_compute: Compilation done in 0.10328
native_compute: Evaluation done in 0.00023
native_compute: Reification done in 0.00069
Tactic call identity native_compute on PHOAS with big ran for 0.104 secs (0.007u,0.s) (success)
Params: n= 139
native_compute: Conversion to native code done in 0.00042
native_compute: Compilation done in 0.08814
native_compute: Evaluation done in 0.00019
native_compute: Reification done in 0.00070
Tactic call identity native_compute on PHOAS with big ran for 0.089 secs (0.004u,0.002s) (success)
Params: n= 140
native_compute: Conversion to native code done in 0.00041
native_compute: Compilation done in 0.08967
native_compute: Evaluation done in 0.00019
native_compute: Reification done in 0.00064
Tactic call identity native_compute on PHOAS with big ran for 0.091 secs (0.005u,0.s) (success)
Params: n= 141
native_compute: Conversion to native code done in 0.00041
native_compute: Compilation done in 0.08891
native_compute: Evaluation done in 0.00032
native_compute: Reification done in 0.00073
Tactic call identity native_compute on PHOAS with big ran for 0.09 secs (0.006u,0.s) (success)
Params: n= 142
native_compute: Conversion to native code done in 0.00046
native_compute: Compilation done in 0.09166
native_compute: Evaluation done in 0.00024
native_compute: Reification done in 0.00470
Tactic call identity native_compute on PHOAS with big ran for 0.097 secs (0.01u,0.s) (success)
Params: n= 143
native_compute: Conversion to native code done in 0.00047
native_compute: Compilation done in 0.10384
native_compute: Evaluation done in 0.00023
native_compute: Reification done in 0.00099
Tactic call identity native_compute on PHOAS with big ran for 0.105 secs (0.004u,0.002s) (success)
Params: n= 144
native_compute: Conversion to native code done in 0.00048
native_compute: Compilation done in 0.09377
native_compute: Evaluation done in 0.00026
native_compute: Reification done in 0.00072
Tactic call identity native_compute on PHOAS with big ran for 0.095 secs (0.006u,0.s) (success)
Params: n= 145
native_compute: Conversion to native code done in 0.00051
native_compute: Compilation done in 0.09415
native_compute: Evaluation done in 0.00021
native_compute: Reification done in 0.00091
Tactic call identity native_compute on PHOAS with big ran for 0.095 secs (0.005u,0.s) (success)
Params: n= 146
native_compute: Conversion to native code done in 0.00046
native_compute: Compilation done in 0.09680
native_compute: Evaluation done in 0.00026
native_compute: Reification done in 0.00074
Tactic call identity native_compute on PHOAS with big ran for 0.098 secs (0.006u,0.s) (success)
Params: n= 147
native_compute: Conversion to native code done in 0.00051
native_compute: Compilation done in 0.09930
native_compute: Evaluation done in 0.00020
native_compute: Reification done in 0.00064
Tactic call identity native_compute on PHOAS with big ran for 0.1 secs (0.006u,0.s) (success)
Params: n= 148
native_compute: Conversion to native code done in 0.00044
native_compute: Compilation done in 0.09954
native_compute: Evaluation done in 0.00022
native_compute: Reification done in 0.00073
Tactic call identity native_compute on PHOAS with big ran for 0.101 secs (0.004u,0.002s) (success)
Params: n= 149
native_compute: Conversion to native code done in 0.00061
native_compute: Compilation done in 0.09550
native_compute: Evaluation done in 0.00021
native_compute: Reification done in 0.00069
Tactic call identity native_compute on PHOAS with big ran for 0.097 secs (0.005u,0.s) (success)
Params: n= 150
native_compute: Conversion to native code done in 0.00050
native_compute: Compilation done in 0.09887
native_compute: Evaluation done in 0.00021
native_compute: Reification done in 0.00068
Tactic call identity native_compute on PHOAS with big ran for 0.1 secs (0.u,0.006s) (success)
Params: n= 151
native_compute: Conversion to native code done in 0.00046
native_compute: Compilation done in 0.09948
native_compute: Evaluation done in 0.00025
native_compute: Reification done in 0.00071
Tactic call identity native_compute on PHOAS with big ran for 0.101 secs (0.005u,0.s) (success)
Params: n= 152
native_compute: Conversion to native code done in 0.00048
native_compute: Compilation done in 0.10919
native_compute: Evaluation done in 0.00026
native_compute: Reification done in 0.00076
Tactic call identity native_compute on PHOAS with big ran for 0.11 secs (0.003u,0.003s) (success)
Params: n= 153
native_compute: Conversion to native code done in 0.00051
native_compute: Compilation done in 0.09823
native_compute: Evaluation done in 0.00021
native_compute: Reification done in 0.00083
Tactic call identity native_compute on PHOAS with big ran for 0.099 secs (0.005u,0.s) (success)
Params: n= 154
native_compute: Conversion to native code done in 0.00047
native_compute: Compilation done in 0.09645
native_compute: Evaluation done in 0.00021
native_compute: Reification done in 0.00085
Tactic call identity native_compute on PHOAS with big ran for 0.098 secs (0.003u,0.003s) (success)
Params: n= 155
native_compute: Conversion to native code done in 0.00045
native_compute: Compilation done in 0.09307
native_compute: Evaluation done in 0.00024
native_compute: Reification done in 0.00065
Tactic call identity native_compute on PHOAS with big ran for 0.094 secs (0.006u,0.s) (success)
Params: n= 156
native_compute: Conversion to native code done in 0.00045
native_compute: Compilation done in 0.09690
native_compute: Evaluation done in 0.00027
native_compute: Reification done in 0.00086
Tactic call identity native_compute on PHOAS with big ran for 0.098 secs (0.006u,0.s) (success)
Params: n= 157
native_compute: Conversion to native code done in 0.00048
native_compute: Compilation done in 0.09439
native_compute: Evaluation done in 0.00019
native_compute: Reification done in 0.00080
Tactic call identity native_compute on PHOAS with big ran for 0.096 secs (0.006u,0.s) (success)
Params: n= 158
native_compute: Conversion to native code done in 0.00060
native_compute: Compilation done in 0.10653
native_compute: Evaluation done in 0.00026
native_compute: Reification done in 0.00071
Tactic call identity native_compute on PHOAS with big ran for 0.108 secs (0.u,0.007s) (success)
Params: n= 159
native_compute: Conversion to native code done in 0.00066
native_compute: Compilation done in 0.11101
native_compute: Evaluation done in 0.00036
native_compute: Reification done in 0.00082
Tactic call identity native_compute on PHOAS with big ran for 0.113 secs (0.006u,0.s) (success)
Params: n= 160
native_compute: Conversion to native code done in 0.00064
native_compute: Compilation done in 0.09868
native_compute: Evaluation done in 0.00022
native_compute: Reification done in 0.00068
Tactic call identity native_compute on PHOAS with big ran for 0.1 secs (0.003u,0.003s) (success)
Params: n= 161
native_compute: Conversion to native code done in 0.00061
native_compute: Compilation done in 0.09800
native_compute: Evaluation done in 0.00022
native_compute: Reification done in 0.00083
Tactic call identity native_compute on PHOAS with big ran for 0.099 secs (0.003u,0.003s) (success)
Params: n= 162
native_compute: Conversion to native code done in 0.00045
native_compute: Compilation done in 0.10072
native_compute: Evaluation done in 0.00027
native_compute: Reification done in 0.00068
Tactic call identity native_compute on PHOAS with big ran for 0.102 secs (0.002u,0.003s) (success)
Params: n= 163
native_compute: Conversion to native code done in 0.00054
native_compute: Compilation done in 0.09567
native_compute: Evaluation done in 0.00021
native_compute: Reification done in 0.00071
Tactic call identity native_compute on PHOAS with big ran for 0.097 secs (0.003u,0.003s) (success)
Params: n= 164
native_compute: Conversion to native code done in 0.00061
native_compute: Compilation done in 0.09855
native_compute: Evaluation done in 0.00020
native_compute: Reification done in 0.00082
Tactic call identity native_compute on PHOAS with big ran for 0.1 secs (0.005u,0.s) (success)
Params: n= 165
native_compute: Conversion to native code done in 0.00047
native_compute: Compilation done in 0.10164
native_compute: Evaluation done in 0.00026
native_compute: Reification done in 0.00078
Tactic call identity native_compute on PHOAS with big ran for 0.103 secs (0.002u,0.003s) (success)
Params: n= 166
native_compute: Conversion to native code done in 0.00056
native_compute: Compilation done in 0.10181
native_compute: Evaluation done in 0.00029
native_compute: Reification done in 0.00077
Tactic call identity native_compute on PHOAS with big ran for 0.103 secs (0.003u,0.003s) (success)
Params: n= 167
native_compute: Conversion to native code done in 0.00062
native_compute: Compilation done in 0.10077
native_compute: Evaluation done in 0.00021
native_compute: Reification done in 0.00077
Tactic call identity native_compute on PHOAS with big ran for 0.102 secs (0.007u,0.s) (success)
Params: n= 168
native_compute: Conversion to native code done in 0.00055
native_compute: Compilation done in 0.11962
native_compute: Evaluation done in 0.00024
native_compute: Reification done in 0.00089
Tactic call identity native_compute on PHOAS with big ran for 0.121 secs (0.u,0.006s) (success)
Params: n= 169
native_compute: Conversion to native code done in 0.00058
native_compute: Compilation done in 0.11168
native_compute: Evaluation done in 0.00028
native_compute: Reification done in 0.00076
Tactic call identity native_compute on PHOAS with big ran for 0.113 secs (0.003u,0.003s) (success)
Params: n= 170
native_compute: Conversion to native code done in 0.00054
native_compute: Compilation done in 0.10335
native_compute: Evaluation done in 0.00020
native_compute: Reification done in 0.00079
Tactic call identity native_compute on PHOAS with big ran for 0.105 secs (0.003u,0.004s) (success)
Params: n= 171
native_compute: Conversion to native code done in 0.00047
native_compute: Compilation done in 0.11878
native_compute: Evaluation done in 0.00026
native_compute: Reification done in 0.00099
Tactic call identity native_compute on PHOAS with big ran for 0.12 secs (0.003u,0.003s) (success)
Params: n= 172
native_compute: Conversion to native code done in 0.00069
native_compute: Compilation done in 0.11530
native_compute: Evaluation done in 0.00022
native_compute: Reification done in 0.00077
Tactic call identity native_compute on PHOAS with big ran for 0.117 secs (0.007u,0.s) (success)
Params: n= 173
native_compute: Conversion to native code done in 0.00066
native_compute: Compilation done in 0.10009
native_compute: Evaluation done in 0.00024
native_compute: Reification done in 0.00081
Tactic call identity native_compute on PHOAS with big ran for 0.101 secs (0.006u,0.s) (success)
Params: n= 174
native_compute: Conversion to native code done in 0.00047
native_compute: Compilation done in 0.11208
native_compute: Evaluation done in 0.00027
native_compute: Reification done in 0.00106
Tactic call identity native_compute on PHOAS with big ran for 0.114 secs (0.007u,0.s) (success)
Params: n= 175
native_compute: Conversion to native code done in 0.00069
native_compute: Compilation done in 0.11500
native_compute: Evaluation done in 0.00026
native_compute: Reification done in 0.00101
Tactic call identity native_compute on PHOAS with big ran for 0.117 secs (0.006u,0.001s) (success)
Params: n= 176
native_compute: Conversion to native code done in 0.00060
native_compute: Compilation done in 0.12507
native_compute: Evaluation done in 0.00023
native_compute: Reification done in 0.00083
Tactic call identity native_compute on PHOAS with big ran for 0.126 secs (0.004u,0.004s) (success)
Params: n= 177
native_compute: Conversion to native code done in 0.00059
native_compute: Compilation done in 0.10417
native_compute: Evaluation done in 0.00021
native_compute: Reification done in 0.00078
Tactic call identity native_compute on PHOAS with big ran for 0.105 secs (0.005u,0.002s) (success)
Params: n= 178
native_compute: Conversion to native code done in 0.00049
native_compute: Compilation done in 0.11454
native_compute: Evaluation done in 0.00023
native_compute: Reification done in 0.00122
Tactic call identity native_compute on PHOAS with big ran for 0.116 secs (0.006u,0.001s) (success)
Params: n= 179
native_compute: Conversion to native code done in 0.00054
native_compute: Compilation done in 0.10512
native_compute: Evaluation done in 0.00021
native_compute: Reification done in 0.00077
Tactic call identity native_compute on PHOAS with big ran for 0.106 secs (0.003u,0.003s) (success)
Params: n= 180
native_compute: Conversion to native code done in 0.00065
native_compute: Compilation done in 0.11234
native_compute: Evaluation done in 0.00023
native_compute: Reification done in 0.00080
Tactic call identity native_compute on PHOAS with big ran for 0.114 secs (0.003u,0.003s) (success)
Params: n= 181
native_compute: Conversion to native code done in 0.00049
native_compute: Compilation done in 0.12368
native_compute: Evaluation done in 0.00028
native_compute: Reification done in 0.00107
Tactic call identity native_compute on PHOAS with big ran for 0.125 secs (0.001u,0.006s) (success)
Params: n= 182
native_compute: Conversion to native code done in 0.00066
native_compute: Compilation done in 0.12419
native_compute: Evaluation done in 0.00022
native_compute: Reification done in 0.00082
Tactic call identity native_compute on PHOAS with big ran for 0.126 secs (0.006u,0.001s) (success)
Params: n= 183
native_compute: Conversion to native code done in 0.00052
native_compute: Compilation done in 0.10385
native_compute: Evaluation done in 0.00020
native_compute: Reification done in 0.00077
Tactic call identity native_compute on PHOAS with big ran for 0.105 secs (0.007u,0.s) (success)
Params: n= 184
native_compute: Conversion to native code done in 0.00056
native_compute: Compilation done in 0.10646
native_compute: Evaluation done in 0.00021
native_compute: Reification done in 0.00087
Tactic call identity native_compute on PHOAS with big ran for 0.108 secs (0.003u,0.003s) (success)
Params: n= 185
native_compute: Conversion to native code done in 0.00061
native_compute: Compilation done in 0.10939
native_compute: Evaluation done in 0.00024
native_compute: Reification done in 0.00082
Tactic call identity native_compute on PHOAS with big ran for 0.111 secs (0.007u,0.s) (success)
Params: n= 186
native_compute: Conversion to native code done in 0.00080
native_compute: Compilation done in 0.10881
native_compute: Evaluation done in 0.00027
native_compute: Reification done in 0.00094
Tactic call identity native_compute on PHOAS with big ran for 0.111 secs (0.005u,0.002s) (success)
Params: n= 187
native_compute: Conversion to native code done in 0.00057
native_compute: Compilation done in 0.11179
native_compute: Evaluation done in 0.00024
native_compute: Reification done in 0.00089
Tactic call identity native_compute on PHOAS with big ran for 0.113 secs (0.004u,0.004s) (success)
Params: n= 188
native_compute: Conversion to native code done in 0.00052
native_compute: Compilation done in 0.11854
native_compute: Evaluation done in 0.00027
native_compute: Reification done in 0.00105
Tactic call identity native_compute on PHOAS with big ran for 0.12 secs (0.007u,0.s) (success)
Params: n= 189
native_compute: Conversion to native code done in 0.00108
native_compute: Compilation done in 0.13172
native_compute: Evaluation done in 0.00024
native_compute: Reification done in 0.00091
Tactic call identity native_compute on PHOAS with big ran for 0.134 secs (0.006u,0.002s) (success)
Params: n= 190
native_compute: Conversion to native code done in 0.00069
native_compute: Compilation done in 0.11149
native_compute: Evaluation done in 0.00027
native_compute: Reification done in 0.00093
Tactic call identity native_compute on PHOAS with big ran for 0.113 secs (0.003u,0.004s) (success)
Params: n= 191
native_compute: Conversion to native code done in 0.00077
native_compute: Compilation done in 0.13050
native_compute: Evaluation done in 0.00027
native_compute: Reification done in 0.00112
Tactic call identity native_compute on PHOAS with big ran for 0.132 secs (0.008u,0.s) (success)
Params: n= 192
native_compute: Conversion to native code done in 0.00069
native_compute: Compilation done in 0.12836
native_compute: Evaluation done in 0.00028
native_compute: Reification done in 0.00136
Tactic call identity native_compute on PHOAS with big ran for 0.13 secs (0.003u,0.005s) (success)
Params: n= 193
native_compute: Conversion to native code done in 0.00076
native_compute: Compilation done in 0.12215
native_compute: Evaluation done in 0.00064
native_compute: Reification done in 0.00121
Tactic call identity native_compute on PHOAS with big ran for 0.124 secs (0.004u,0.004s) (success)
Params: n= 194
native_compute: Conversion to native code done in 0.00057
native_compute: Compilation done in 0.12430
native_compute: Evaluation done in 0.00024
native_compute: Reification done in 0.00090
Tactic call identity native_compute on PHOAS with big ran for 0.126 secs (0.007u,0.s) (success)
Params: n= 195
native_compute: Conversion to native code done in 0.00066
native_compute: Compilation done in 0.14605
native_compute: Evaluation done in 0.00028
native_compute: Reification done in 0.00113
Tactic call identity native_compute on PHOAS with big ran for 0.148 secs (0.008u,0.s) (success)
Params: n= 196
native_compute: Conversion to native code done in 0.00071
native_compute: Compilation done in 0.12768
native_compute: Evaluation done in 0.00033
native_compute: Reification done in 0.00095
Tactic call identity native_compute on PHOAS with big ran for 0.129 secs (0.005u,0.003s) (success)
Params: n= 197
native_compute: Conversion to native code done in 0.00308
native_compute: Compilation done in 0.12166
native_compute: Evaluation done in 0.00030
native_compute: Reification done in 0.00123
Tactic call identity native_compute on PHOAS with big ran for 0.126 secs (0.006u,0.003s) (success)
Params: n= 198
native_compute: Conversion to native code done in 0.00059
native_compute: Compilation done in 0.11009
native_compute: Evaluation done in 0.00021
native_compute: Reification done in 0.00082
Tactic call identity native_compute on PHOAS with big ran for 0.111 secs (0.003u,0.003s) (success)
Params: n= 199
native_compute: Conversion to native code done in 0.00056
native_compute: Compilation done in 0.11152
native_compute: Evaluation done in 0.00023
native_compute: Reification done in 0.00082
Tactic call identity native_compute on PHOAS with big ran for 0.113 secs (0.007u,0.s) (success)
Params: n= 200
native_compute: Conversion to native code done in 0.00052
native_compute: Compilation done in 0.12824
native_compute: Evaluation done in 0.00026
native_compute: Reification done in 0.00152
Tactic call identity native_compute on PHOAS with big ran for 0.13 secs (0.005u,0.002s) (success)
