Params: n= 1
native_compute: Conversion to native code done in 0.00020
native_compute: Compilation done in 0.04850
native_compute: Evaluation done in 0.00015
native_compute: Reification done in 0.00003
Tactic call identity native_compute on PHOAS with big_flat ran for 0.049 secs (0.001u,0.001s) (success)
Params: n= 2
native_compute: Conversion to native code done in 0.00016
native_compute: Compilation done in 0.04142
native_compute: Evaluation done in 0.00015
native_compute: Reification done in 0.00003
Tactic call identity native_compute on PHOAS with big_flat ran for 0.041 secs (0.u,0.002s) (success)
Params: n= 3
native_compute: Conversion to native code done in 0.00014
native_compute: Compilation done in 0.03700
native_compute: Evaluation done in 0.00018
native_compute: Reification done in 0.00003
Tactic call identity native_compute on PHOAS with big_flat ran for 0.037 secs (0.u,0.001s) (success)
Params: n= 4
native_compute: Conversion to native code done in 0.00016
native_compute: Compilation done in 0.03741
native_compute: Evaluation done in 0.00013
native_compute: Reification done in 0.00006
Tactic call identity native_compute on PHOAS with big_flat ran for 0.037 secs (0.u,0.s) (success)
