Params: n= 50
Tactic call rewrite_strat-bottomup ran for 0.082 secs (0.074u,0.007s) (success)
Tactic call rewrite_strat-bottomup-noop ran for 0. secs (0.u,0.s) (success)
Tactic call abstract+rewrite_strat-bottomup ran for 0.097 secs (0.089u,0.007s) (success)
Tactic call close-abstract+rewrite_strat-bottomup ran for 0.014 secs (0.014u,0.s)
Params: n= 100
Tactic call rewrite_strat-bottomup ran for 0.147 secs (0.147u,0.s) (success)
Tactic call rewrite_strat-bottomup-noop ran for 0. secs (0.u,0.s) (success)
Tactic call abstract+rewrite_strat-bottomup ran for 0.209 secs (0.209u,0.s) (success)
Tactic call close-abstract+rewrite_strat-bottomup ran for 0.06 secs (0.06u,0.s)
Params: n= 150
Tactic call rewrite_strat-bottomup ran for 0.325 secs (0.321u,0.003s) (success)
Tactic call rewrite_strat-bottomup-noop ran for 0.001 secs (0.001u,0.s) (success)
Tactic call abstract+rewrite_strat-bottomup ran for 0.478 secs (0.47u,0.007s) (success)
Tactic call close-abstract+rewrite_strat-bottomup ran for 0.15 secs (0.147u,0.003s)
Params: n= 200
Tactic call rewrite_strat-bottomup ran for 0.567 secs (0.563u,0.003s) (success)
Tactic call rewrite_strat-bottomup-noop ran for 0.002 secs (0.002u,0.s) (success)
Tactic call abstract+rewrite_strat-bottomup ran for 0.797 secs (0.789u,0.007s) (success)
Tactic call close-abstract+rewrite_strat-bottomup ran for 0.226 secs (0.222u,0.003s)
Params: n= 250
Tactic call rewrite_strat-bottomup ran for 0.938 secs (0.922u,0.015s) (success)
Tactic call rewrite_strat-bottomup-noop ran for 0.003 secs (0.003u,0.s) (success)
Tactic call abstract+rewrite_strat-bottomup ran for 1.333 secs (1.313u,0.02s) (success)
Tactic call close-abstract+rewrite_strat-bottomup ran for 0.39 secs (0.386u,0.004s)
Params: n= 300
Tactic call rewrite_strat-bottomup ran for 1.343 secs (1.339u,0.003s) (success)
Tactic call rewrite_strat-bottomup-noop ran for 0.005 secs (0.005u,0.s) (success)
Tactic call abstract+rewrite_strat-bottomup ran for 1.861 secs (1.853u,0.007s) (success)
Tactic call close-abstract+rewrite_strat-bottomup ran for 0.512 secs (0.508u,0.004s)
Params: n= 350
Tactic call rewrite_strat-bottomup ran for 1.95 secs (1.946u,0.003s) (success)
Tactic call rewrite_strat-bottomup-noop ran for 0.006 secs (0.006u,0.s) (success)
Tactic call abstract+rewrite_strat-bottomup ran for 2.702 secs (2.694u,0.007s) (success)
Tactic call close-abstract+rewrite_strat-bottomup ran for 0.744 secs (0.74u,0.004s)
Params: n= 400
Tactic call rewrite_strat-bottomup ran for 2.817 secs (2.817u,0.s) (success)
Tactic call rewrite_strat-bottomup-noop ran for 0.008 secs (0.008u,0.s) (success)
Tactic call abstract+rewrite_strat-bottomup ran for 3.785 secs (3.785u,0.s) (success)
Tactic call close-abstract+rewrite_strat-bottomup ran for 0.958 secs (0.958u,0.s)
