Params: n= 4
Tactic call reify-regression-cubic ran for 0.003 secs (0.003u,0.s)
Tactic call abstract-regression-linear ran for 0. secs (0.u,0.s) (success)
Params: n= 5
Tactic call reify-regression-cubic ran for 0.003 secs (0.u,0.003s)
Tactic call abstract-regression-linear ran for 0. secs (0.u,0.s) (success)
Params: n= 6
Tactic call reify-regression-cubic ran for 0.004 secs (0.001u,0.002s)
Tactic call abstract-regression-linear ran for 0. secs (0.u,0.s) (success)
Params: n= 7
Tactic call reify-regression-cubic ran for 0.005 secs (0.005u,0.s)
Tactic call abstract-regression-linear ran for 0. secs (0.u,0.s) (success)
Params: n= 8
Tactic call reify-regression-cubic ran for 0.006 secs (0.003u,0.003s)
Tactic call abstract-regression-linear ran for 0. secs (0.u,0.s) (success)
Params: n= 9
Tactic call reify-regression-cubic ran for 0.008 secs (0.008u,0.s)
Tactic call abstract-regression-linear ran for 0. secs (0.u,0.s) (success)
Params: n= 10
Tactic call reify-regression-cubic ran for 0.007 secs (0.007u,0.s)
Tactic call abstract-regression-linear ran for 0. secs (0.u,0.s) (success)
Params: n= 11
Tactic call reify-regression-cubic ran for 0.008 secs (0.008u,0.s)
Tactic call abstract-regression-linear ran for 0. secs (0.u,0.s) (success)
Params: n= 12
Tactic call reify-regression-cubic ran for 0.009 secs (0.009u,0.s)
Tactic call abstract-regression-linear ran for 0. secs (0.u,0.s) (success)
Params: n= 13
Tactic call reify-regression-cubic ran for 0.011 secs (0.011u,0.s)
Tactic call abstract-regression-linear ran for 0. secs (0.u,0.s) (success)
Params: n= 14
Tactic call reify-regression-cubic ran for 0.028 secs (0.025u,0.002s)
Tactic call abstract-regression-linear ran for 0. secs (0.u,0.s) (success)
Params: n= 15
Tactic call reify-regression-cubic ran for 0.014 secs (0.013u,0.s)
Tactic call abstract-regression-linear ran for 0. secs (0.u,0.s) (success)
Params: n= 16
Tactic call reify-regression-cubic ran for 0.017 secs (0.014u,0.003s)
Tactic call abstract-regression-linear ran for 0. secs (0.u,0.s) (success)
Params: n= 17
Tactic call reify-regression-cubic ran for 0.017 secs (0.017u,0.s)
Tactic call abstract-regression-linear ran for 0. secs (0.u,0.s) (success)
Params: n= 18
Tactic call reify-regression-cubic ran for 0.019 secs (0.019u,0.s)
Tactic call abstract-regression-linear ran for 0. secs (0.u,0.s) (success)
Params: n= 19
Tactic call reify-regression-cubic ran for 0.021 secs (0.021u,0.s)
Tactic call abstract-regression-linear ran for 0. secs (0.u,0.s) (success)
Params: n= 20
Tactic call reify-regression-cubic ran for 0.025 secs (0.025u,0.s)
Tactic call abstract-regression-linear ran for 0. secs (0.u,0.s) (success)
Params: n= 21
Tactic call reify-regression-cubic ran for 0.026 secs (0.026u,0.s)
Tactic call abstract-regression-linear ran for 0. secs (0.u,0.s) (success)
Params: n= 22
Tactic call reify-regression-cubic ran for 0.033 secs (0.033u,0.s)
Tactic call abstract-regression-linear ran for 0. secs (0.u,0.s) (success)
Params: n= 23
Tactic call reify-regression-cubic ran for 0.032 secs (0.032u,0.s)
Tactic call abstract-regression-linear ran for 0. secs (0.u,0.s) (success)
Params: n= 24
Tactic call reify-regression-cubic ran for 0.042 secs (0.038u,0.003s)
Tactic call abstract-regression-linear ran for 0. secs (0.u,0.s) (success)
Params: n= 25
Tactic call reify-regression-cubic ran for 0.037 secs (0.037u,0.s)
Tactic call abstract-regression-linear ran for 0. secs (0.u,0.s) (success)
Params: n= 26
Tactic call reify-regression-cubic ran for 0.043 secs (0.043u,0.s)
Tactic call abstract-regression-linear ran for 0. secs (0.u,0.s) (success)
Params: n= 27
Tactic call reify-regression-cubic ran for 0.104 secs (0.104u,0.s)
Tactic call abstract-regression-linear ran for 0. secs (0.u,0.s) (success)
Params: n= 28
Tactic call reify-regression-cubic ran for 0.05 secs (0.047u,0.002s)
Tactic call abstract-regression-linear ran for 0. secs (0.u,0.s) (success)
Params: n= 29
Tactic call reify-regression-cubic ran for 0.086 secs (0.086u,0.s)
Tactic call abstract-regression-linear ran for 0. secs (0.u,0.s) (success)
Params: n= 30
Tactic call reify-regression-cubic ran for 0.073 secs (0.073u,0.s)
Tactic call abstract-regression-linear ran for 0. secs (0.u,0.s) (success)
Params: n= 31
Tactic call reify-regression-cubic ran for 0.063 secs (0.063u,0.s)
Tactic call abstract-regression-linear ran for 0. secs (0.u,0.s) (success)
Params: n= 32
Tactic call reify-regression-cubic ran for 0.068 secs (0.068u,0.s)
Tactic call abstract-regression-linear ran for 0. secs (0.u,0.s) (success)
Params: n= 33
Tactic call reify-regression-cubic ran for 0.078 secs (0.078u,0.s)
Tactic call abstract-regression-linear ran for 0. secs (0.u,0.s) (success)
Params: n= 34
Tactic call reify-regression-cubic ran for 0.083 secs (0.083u,0.s)
Tactic call abstract-regression-linear ran for 0. secs (0.u,0.s) (success)
Params: n= 35
Tactic call reify-regression-cubic ran for 0.143 secs (0.143u,0.s)
Tactic call abstract-regression-linear ran for 0. secs (0.u,0.s) (success)
Params: n= 36
Tactic call reify-regression-cubic ran for 0.12 secs (0.12u,0.s)
Tactic call abstract-regression-linear ran for 0. secs (0.u,0.s) (success)
Params: n= 37
Tactic call reify-regression-cubic ran for 0.114 secs (0.11u,0.003s)
Tactic call abstract-regression-linear ran for 0. secs (0.u,0.s) (success)
Params: n= 38
Tactic call reify-regression-cubic ran for 0.104 secs (0.104u,0.s)
Tactic call abstract-regression-linear ran for 0. secs (0.u,0.s) (success)
Params: n= 39
Tactic call reify-regression-cubic ran for 0.112 secs (0.108u,0.003s)
Tactic call abstract-regression-linear ran for 0. secs (0.u,0.s) (success)
Params: n= 40
Tactic call reify-regression-cubic ran for 0.119 secs (0.119u,0.s)
Tactic call abstract-regression-linear ran for 0. secs (0.u,0.s) (success)
Params: n= 41
Tactic call reify-regression-cubic ran for 0.126 secs (0.126u,0.s)
Tactic call abstract-regression-linear ran for 0. secs (0.u,0.s) (success)
Params: n= 42
Tactic call reify-regression-cubic ran for 0.134 secs (0.134u,0.s)
Tactic call abstract-regression-linear ran for 0. secs (0.u,0.s) (success)
Params: n= 43
Tactic call reify-regression-cubic ran for 0.145 secs (0.145u,0.s)
Tactic call abstract-regression-linear ran for 0. secs (0.u,0.s) (success)
Params: n= 44
Tactic call reify-regression-cubic ran for 0.152 secs (0.152u,0.s)
Tactic call abstract-regression-linear ran for 0. secs (0.u,0.s) (success)
Params: n= 45
Tactic call reify-regression-cubic ran for 0.161 secs (0.161u,0.s)
Tactic call abstract-regression-linear ran for 0. secs (0.u,0.s) (success)
Params: n= 46
Tactic call reify-regression-cubic ran for 0.17 secs (0.17u,0.s)
Tactic call abstract-regression-linear ran for 0. secs (0.u,0.s) (success)
Params: n= 47
Tactic call reify-regression-cubic ran for 0.181 secs (0.181u,0.s)
Tactic call abstract-regression-linear ran for 0. secs (0.u,0.s) (success)
Params: n= 48
Tactic call reify-regression-cubic ran for 0.194 secs (0.194u,0.s)
Tactic call abstract-regression-linear ran for 0. secs (0.u,0.s) (success)
Params: n= 49
Tactic call reify-regression-cubic ran for 0.204 secs (0.2u,0.003s)
Tactic call abstract-regression-linear ran for 0.001 secs (0.u,0.s) (success)
Params: n= 50
Tactic call reify-regression-cubic ran for 0.224 secs (0.224u,0.s)
Tactic call abstract-regression-linear ran for 0.001 secs (0.001u,0.s) (success)
Params: n= 51
Tactic call reify-regression-cubic ran for 0.236 secs (0.236u,0.s)
Tactic call abstract-regression-linear ran for 0.001 secs (0.001u,0.s) (success)
Params: n= 52
Tactic call reify-regression-cubic ran for 0.247 secs (0.247u,0.s)
Tactic call abstract-regression-linear ran for 0.001 secs (0.001u,0.s) (success)
Params: n= 53
Tactic call reify-regression-cubic ran for 0.26 secs (0.26u,0.s)
Tactic call abstract-regression-linear ran for 0.001 secs (0.001u,0.s) (success)
Params: n= 54
Tactic call reify-regression-cubic ran for 0.273 secs (0.273u,0.s)
Tactic call abstract-regression-linear ran for 0.001 secs (0.001u,0.s) (success)
Params: n= 55
Tactic call reify-regression-cubic ran for 0.287 secs (0.287u,0.s)
Tactic call abstract-regression-linear ran for 0.001 secs (0.001u,0.s) (success)
Params: n= 56
Tactic call reify-regression-cubic ran for 0.301 secs (0.297u,0.003s)
Tactic call abstract-regression-linear ran for 0.001 secs (0.001u,0.s) (success)
Params: n= 57
Tactic call reify-regression-cubic ran for 0.321 secs (0.321u,0.s)
Tactic call abstract-regression-linear ran for 0.001 secs (0.001u,0.s) (success)
Params: n= 58
Tactic call reify-regression-cubic ran for 0.336 secs (0.336u,0.s)
Tactic call abstract-regression-linear ran for 0.001 secs (0.001u,0.s) (success)
Params: n= 59
Tactic call reify-regression-cubic ran for 0.355 secs (0.355u,0.s)
Tactic call abstract-regression-linear ran for 0.001 secs (0.001u,0.s) (success)
Params: n= 60
Tactic call reify-regression-cubic ran for 0.375 secs (0.375u,0.s)
Tactic call abstract-regression-linear ran for 0.001 secs (0.001u,0.s) (success)
Params: n= 61
Tactic call reify-regression-cubic ran for 0.393 secs (0.393u,0.s)
Tactic call abstract-regression-linear ran for 0.001 secs (0.001u,0.s) (success)
Params: n= 62
Tactic call reify-regression-cubic ran for 0.408 secs (0.408u,0.s)
Tactic call abstract-regression-linear ran for 0.001 secs (0.001u,0.s) (success)
Params: n= 63
Tactic call reify-regression-cubic ran for 0.421 secs (0.421u,0.s)
Tactic call abstract-regression-linear ran for 0.001 secs (0.001u,0.s) (success)
Params: n= 64
Tactic call reify-regression-cubic ran for 0.443 secs (0.439u,0.003s)
Tactic call abstract-regression-linear ran for 0.001 secs (0.001u,0.s) (success)
Params: n= 65
Tactic call reify-regression-cubic ran for 0.46 secs (0.46u,0.s)
Tactic call abstract-regression-linear ran for 0.001 secs (0.001u,0.s) (success)
Params: n= 66
Tactic call reify-regression-cubic ran for 0.481 secs (0.481u,0.s)
Tactic call abstract-regression-linear ran for 0.001 secs (0.001u,0.s) (success)
Params: n= 67
Tactic call reify-regression-cubic ran for 0.507 secs (0.507u,0.s)
Tactic call abstract-regression-linear ran for 0.001 secs (0.u,0.001s) (success)
Params: n= 68
Tactic call reify-regression-cubic ran for 0.529 secs (0.527u,0.002s)
Tactic call abstract-regression-linear ran for 0.001 secs (0.001u,0.s) (success)
Params: n= 69
Tactic call reify-regression-cubic ran for 0.551 secs (0.551u,0.s)
Tactic call abstract-regression-linear ran for 0.001 secs (0.001u,0.s) (success)
Params: n= 70
Tactic call reify-regression-cubic ran for 0.578 secs (0.577u,0.s)
Tactic call abstract-regression-linear ran for 0.001 secs (0.001u,0.s) (success)
Params: n= 71
Tactic call reify-regression-cubic ran for 0.608 secs (0.608u,0.s)
Tactic call abstract-regression-linear ran for 0.001 secs (0.001u,0.s) (success)
Params: n= 72
Tactic call reify-regression-cubic ran for 0.645 secs (0.645u,0.s)
Tactic call abstract-regression-linear ran for 0.001 secs (0.001u,0.s) (success)
Params: n= 73
Tactic call reify-regression-cubic ran for 0.668 secs (0.668u,0.s)
Tactic call abstract-regression-linear ran for 0.001 secs (0.001u,0.s) (success)
Params: n= 74
Tactic call reify-regression-cubic ran for 0.701 secs (0.691u,0.007s)
Tactic call abstract-regression-linear ran for 0.001 secs (0.001u,0.s) (success)
Params: n= 75
Tactic call reify-regression-cubic ran for 0.73 secs (0.726u,0.003s)
Tactic call abstract-regression-linear ran for 0.001 secs (0.001u,0.s) (success)
Params: n= 76
Tactic call reify-regression-cubic ran for 0.756 secs (0.756u,0.s)
Tactic call abstract-regression-linear ran for 0.001 secs (0.001u,0.s) (success)
Params: n= 77
Tactic call reify-regression-cubic ran for 0.797 secs (0.797u,0.s)
Tactic call abstract-regression-linear ran for 0.001 secs (0.001u,0.s) (success)
Params: n= 78
Tactic call reify-regression-cubic ran for 0.828 secs (0.828u,0.s)
Tactic call abstract-regression-linear ran for 0.001 secs (0.001u,0.s) (success)
Params: n= 79
Tactic call reify-regression-cubic ran for 0.846 secs (0.846u,0.s)
Tactic call abstract-regression-linear ran for 0.001 secs (0.001u,0.s) (success)
Params: n= 80
Tactic call reify-regression-cubic ran for 0.871 secs (0.871u,0.s)
Tactic call abstract-regression-linear ran for 0.001 secs (0.001u,0.s) (success)
Params: n= 81
Tactic call reify-regression-cubic ran for 0.906 secs (0.906u,0.s)
Tactic call abstract-regression-linear ran for 0.001 secs (0.001u,0.s) (success)
Params: n= 82
Tactic call reify-regression-cubic ran for 0.955 secs (0.955u,0.s)
Tactic call abstract-regression-linear ran for 0.001 secs (0.001u,0.s) (success)
Params: n= 83
Tactic call reify-regression-cubic ran for 0.98 secs (0.98u,0.s)
Tactic call abstract-regression-linear ran for 0.001 secs (0.001u,0.s) (success)
Params: n= 84
Tactic call reify-regression-cubic ran for 1.016 secs (1.016u,0.s)
Tactic call abstract-regression-linear ran for 0.001 secs (0.001u,0.s) (success)
Params: n= 85
Tactic call reify-regression-cubic ran for 1.06 secs (1.06u,0.s)
Tactic call abstract-regression-linear ran for 0.001 secs (0.001u,0.s) (success)
Params: n= 86
Tactic call reify-regression-cubic ran for 1.118 secs (1.118u,0.s)
Tactic call abstract-regression-linear ran for 0.001 secs (0.001u,0.s) (success)
Params: n= 87
Tactic call reify-regression-cubic ran for 1.157 secs (1.157u,0.s)
Tactic call abstract-regression-linear ran for 0.001 secs (0.001u,0.s) (success)
Params: n= 88
Tactic call reify-regression-cubic ran for 1.196 secs (1.196u,0.s)
Tactic call abstract-regression-linear ran for 0.001 secs (0.001u,0.s) (success)
Params: n= 89
Tactic call reify-regression-cubic ran for 1.247 secs (1.247u,0.s)
Tactic call abstract-regression-linear ran for 0.001 secs (0.001u,0.s) (success)
Params: n= 90
Tactic call reify-regression-cubic ran for 1.294 secs (1.293u,0.s)
Tactic call abstract-regression-linear ran for 0.001 secs (0.001u,0.s) (success)
Params: n= 91
Tactic call reify-regression-cubic ran for 1.333 secs (1.333u,0.s)
Tactic call abstract-regression-linear ran for 0.001 secs (0.001u,0.s) (success)
Params: n= 92
Tactic call reify-regression-cubic ran for 1.366 secs (1.366u,0.s)
Tactic call abstract-regression-linear ran for 0.001 secs (0.001u,0.s) (success)
Params: n= 93
Tactic call reify-regression-cubic ran for 1.417 secs (1.413u,0.003s)
Tactic call abstract-regression-linear ran for 0.001 secs (0.001u,0.s) (success)
Params: n= 94
Tactic call reify-regression-cubic ran for 1.457 secs (1.457u,0.s)
Tactic call abstract-regression-linear ran for 0.001 secs (0.001u,0.s) (success)
Params: n= 95
Tactic call reify-regression-cubic ran for 1.508 secs (1.508u,0.s)
Tactic call abstract-regression-linear ran for 0.001 secs (0.001u,0.s) (success)
Params: n= 96
Tactic call reify-regression-cubic ran for 1.575 secs (1.575u,0.s)
Tactic call abstract-regression-linear ran for 0.001 secs (0.001u,0.s) (success)
Params: n= 97
Tactic call reify-regression-cubic ran for 1.668 secs (1.668u,0.s)
Tactic call abstract-regression-linear ran for 0.002 secs (0.002u,0.s) (success)
Params: n= 98
Tactic call reify-regression-cubic ran for 1.702 secs (1.702u,0.s)
Tactic call abstract-regression-linear ran for 0.002 secs (0.002u,0.s) (success)
Params: n= 99
Tactic call reify-regression-cubic ran for 1.764 secs (1.764u,0.s)
Tactic call abstract-regression-linear ran for 0.002 secs (0.002u,0.s) (success)
Params: n= 100
Tactic call reify-regression-cubic ran for 1.851 secs (1.851u,0.s)
Tactic call abstract-regression-linear ran for 0.002 secs (0.002u,0.s) (success)
