Params: n= 4
Tactic call lazy-regression-linear ran for 0.011 secs (0.008u,0.003s) (success)
Tactic call intros-regression-linear ran for 0.013 secs (0.008u,0.004s) (success)
Tactic call destruct-and-regression-linear ran for 0. secs (0.u,0.s) (success)
Tactic call case-and-regression-linear ran for 0. secs (0.u,0.s) (success)
Tactic call case-clear-intros-and-regression-linear ran for 0. secs (0.u,0.s) (success)
Tactic call destruct-or-regression-linear ran for 0. secs (0.u,0.s) (success)
Tactic call case-or-regression-linear ran for 0. secs (0.u,0.s) (success)
Tactic call case-clear-intros-or-regression-linear ran for 0. secs (0.u,0.s) (success)
Params: n= 5
Tactic call lazy-regression-linear ran for 0.062 secs (0.058u,0.003s) (success)
Tactic call intros-regression-linear ran for 0.01 secs (0.009u,0.s) (success)
Tactic call destruct-and-regression-linear ran for 0. secs (0.u,0.s) (success)
Tactic call case-and-regression-linear ran for 0. secs (0.u,0.s) (success)
Tactic call case-clear-intros-and-regression-linear ran for 0. secs (0.u,0.s) (success)
Tactic call destruct-or-regression-linear ran for 0. secs (0.u,0.s) (success)
Tactic call case-or-regression-linear ran for 0. secs (0.u,0.s) (success)
Tactic call case-clear-intros-or-regression-linear ran for 0. secs (0.u,0.s) (success)
Params: n= 6
Tactic call lazy-regression-linear ran for 0.013 secs (0.013u,0.s) (success)
Tactic call intros-regression-linear ran for 0.017 secs (0.017u,0.s) (success)
Tactic call destruct-and-regression-linear ran for 0. secs (0.u,0.s) (success)
Tactic call case-and-regression-linear ran for 0. secs (0.u,0.s) (success)
Tactic call case-clear-intros-and-regression-linear ran for 0. secs (0.u,0.s) (success)
Tactic call destruct-or-regression-linear ran for 0. secs (0.u,0.s) (success)
Tactic call case-or-regression-linear ran for 0. secs (0.u,0.s) (success)
Tactic call case-clear-intros-or-regression-linear ran for 0. secs (0.u,0.s) (success)
Params: n= 7
Tactic call lazy-regression-linear ran for 0.028 secs (0.028u,0.s) (success)
Tactic call intros-regression-linear ran for 0.022 secs (0.022u,0.s) (success)
Tactic call destruct-and-regression-linear ran for 0. secs (0.u,0.s) (success)
Tactic call case-and-regression-linear ran for 0. secs (0.u,0.s) (success)
Tactic call case-clear-intros-and-regression-linear ran for 0. secs (0.u,0.s) (success)
Tactic call destruct-or-regression-linear ran for 0. secs (0.u,0.s) (success)
Tactic call case-or-regression-linear ran for 0. secs (0.u,0.s) (success)
Tactic call case-clear-intros-or-regression-linear ran for 0. secs (0.u,0.s) (success)
Params: n= 8
Tactic call lazy-regression-linear ran for 0.023 secs (0.023u,0.s) (success)
Tactic call intros-regression-linear ran for 0.022 secs (0.022u,0.s) (success)
Tactic call destruct-and-regression-linear ran for 0. secs (0.u,0.s) (success)
Tactic call case-and-regression-linear ran for 0. secs (0.u,0.s) (success)
Tactic call case-clear-intros-and-regression-linear ran for 0. secs (0.u,0.s) (success)
Tactic call destruct-or-regression-linear ran for 0. secs (0.u,0.s) (success)
Tactic call case-or-regression-linear ran for 0. secs (0.u,0.s) (success)
Tactic call case-clear-intros-or-regression-linear ran for 0. secs (0.u,0.s) (success)
Params: n= 9
Tactic call lazy-regression-linear ran for 0.018 secs (0.018u,0.s) (success)
Tactic call intros-regression-linear ran for 0.03 secs (0.03u,0.s) (success)
Tactic call destruct-and-regression-linear ran for 0. secs (0.u,0.s) (success)
Tactic call case-and-regression-linear ran for 0. secs (0.u,0.s) (success)
Tactic call case-clear-intros-and-regression-linear ran for 0. secs (0.u,0.s) (success)
Tactic call destruct-or-regression-linear ran for 0. secs (0.u,0.s) (success)
Tactic call case-or-regression-linear ran for 0. secs (0.u,0.s) (success)
Tactic call case-clear-intros-or-regression-linear ran for 0. secs (0.u,0.s) (success)
Params: n= 10
Tactic call lazy-regression-linear ran for 0.028 secs (0.028u,0.s) (success)
Tactic call intros-regression-linear ran for 0.03 secs (0.03u,0.s) (success)
Tactic call destruct-and-regression-linear ran for 0. secs (0.u,0.s) (success)
Tactic call case-and-regression-linear ran for 0. secs (0.u,0.s) (success)
Tactic call case-clear-intros-and-regression-linear ran for 0. secs (0.u,0.s) (success)
Tactic call destruct-or-regression-linear ran for 0. secs (0.u,0.s) (success)
Tactic call case-or-regression-linear ran for 0. secs (0.u,0.s) (success)
Tactic call case-clear-intros-or-regression-linear ran for 0. secs (0.u,0.s) (success)
