Params: n= 110
Tactic call reify-regression-cubic ran for 4.471 secs (4.437u,0.032s)
Tactic call abstract-regression-linear ran for 0.004 secs (0.004u,0.s) (success)
Params: n= 120
Tactic call reify-regression-cubic ran for 5.72 secs (5.707u,0.012s)
Tactic call abstract-regression-linear ran for 0.004 secs (0.004u,0.s) (success)
Params: n= 130
Tactic call reify-regression-cubic ran for 7.487 secs (7.471u,0.015s)
Tactic call abstract-regression-linear ran for 0.005 secs (0.005u,0.s) (success)
Params: n= 140
Tactic call reify-regression-cubic ran for 9.449 secs (9.436u,0.012s)
Tactic call abstract-regression-linear ran for 0.005 secs (0.001u,0.003s) (success)
Params: n= 150
Tactic call reify-regression-cubic ran for 11.948 secs (11.948u,0.s)
Tactic call abstract-regression-linear ran for 0.005 secs (0.005u,0.s) (success)
Params: n= 160
Tactic call reify-regression-cubic ran for 14.74 secs (14.715u,0.023s)
Tactic call abstract-regression-linear ran for 0.006 secs (0.006u,0.s) (success)
Params: n= 170
Tactic call reify-regression-cubic ran for 18.177 secs (18.17u,0.004s)
Tactic call abstract-regression-linear ran for 0.006 secs (0.006u,0.s) (success)
Params: n= 180
Tactic call reify-regression-cubic ran for 22.067 secs (22.066u,0.s)
Tactic call abstract-regression-linear ran for 0.007 secs (0.007u,0.s) (success)
Params: n= 190
Tactic call reify-regression-cubic ran for 26.559 secs (26.557u,0.s)
Tactic call abstract-regression-linear ran for 0.007 secs (0.007u,0.s) (success)
Params: n= 200
Tactic call reify-regression-cubic ran for 31.808 secs (31.791u,0.016s)
Tactic call abstract-regression-linear ran for 0.007 secs (0.007u,0.s) (success)
