Params: n= 4
Tactic call reify-regression-cubic ran for 0.006 secs (0.u,0.006s)
Tactic call abstract-regression-linear ran for 0. secs (0.u,0.s) (success)
Params: n= 5
Tactic call reify-regression-cubic ran for 0.008 secs (0.007u,0.s)
Tactic call abstract-regression-linear ran for 0. secs (0.u,0.s) (success)
Params: n= 6
Tactic call reify-regression-cubic ran for 0.01 secs (0.003u,0.007s)
Tactic call abstract-regression-linear ran for 0. secs (0.u,0.s) (success)
Params: n= 7
Tactic call reify-regression-cubic ran for 0.057 secs (0.037u,0.02s)
Tactic call abstract-regression-linear ran for 0. secs (0.u,0.s) (success)
Params: n= 8
Tactic call reify-regression-cubic ran for 0.009 secs (0.009u,0.s)
Tactic call abstract-regression-linear ran for 0. secs (0.u,0.s) (success)
Params: n= 9
Tactic call reify-regression-cubic ran for 0.011 secs (0.011u,0.s)
Tactic call abstract-regression-linear ran for 0. secs (0.u,0.s) (success)
Params: n= 10
Tactic call reify-regression-cubic ran for 0.013 secs (0.013u,0.s)
Tactic call abstract-regression-linear ran for 0. secs (0.u,0.s) (success)
Params: n= 11
Tactic call reify-regression-cubic ran for 0.015 secs (0.015u,0.s)
Tactic call abstract-regression-linear ran for 0.002 secs (0.002u,0.s) (success)
Params: n= 12
Tactic call reify-regression-cubic ran for 0.017 secs (0.017u,0.s)
Tactic call abstract-regression-linear ran for 0. secs (0.u,0.s) (success)
Params: n= 13
Tactic call reify-regression-cubic ran for 0.02 secs (0.02u,0.s)
Tactic call abstract-regression-linear ran for 0. secs (0.u,0.s) (success)
Params: n= 14
Tactic call reify-regression-cubic ran for 0.023 secs (0.023u,0.s)
Tactic call abstract-regression-linear ran for 0. secs (0.u,0.s) (success)
Params: n= 15
Tactic call reify-regression-cubic ran for 0.025 secs (0.025u,0.s)
Tactic call abstract-regression-linear ran for 0. secs (0.u,0.s) (success)
Params: n= 16
Tactic call reify-regression-cubic ran for 0.031 secs (0.031u,0.s)
Tactic call abstract-regression-linear ran for 0. secs (0.u,0.s) (success)
Params: n= 17
Tactic call reify-regression-cubic ran for 0.03 secs (0.03u,0.s)
Tactic call abstract-regression-linear ran for 0. secs (0.u,0.s) (success)
Params: n= 18
Tactic call reify-regression-cubic ran for 0.039 secs (0.039u,0.s)
Tactic call abstract-regression-linear ran for 0. secs (0.u,0.s) (success)
Params: n= 19
Tactic call reify-regression-cubic ran for 0.04 secs (0.037u,0.003s)
Tactic call abstract-regression-linear ran for 0. secs (0.u,0.s) (success)
Params: n= 20
Tactic call reify-regression-cubic ran for 0.045 secs (0.045u,0.s)
Tactic call abstract-regression-linear ran for 0. secs (0.u,0.s) (success)
Params: n= 21
Tactic call reify-regression-cubic ran for 0.051 secs (0.051u,0.s)
Tactic call abstract-regression-linear ran for 0. secs (0.u,0.s) (success)
Params: n= 22
Tactic call reify-regression-cubic ran for 0.052 secs (0.052u,0.s)
Tactic call abstract-regression-linear ran for 0. secs (0.u,0.s) (success)
Params: n= 23
Tactic call reify-regression-cubic ran for 0.058 secs (0.058u,0.s)
Tactic call abstract-regression-linear ran for 0. secs (0.u,0.s) (success)
Params: n= 24
Tactic call reify-regression-cubic ran for 0.064 secs (0.06u,0.003s)
Tactic call abstract-regression-linear ran for 0. secs (0.u,0.s) (success)
Params: n= 25
Tactic call reify-regression-cubic ran for 0.068 secs (0.068u,0.s)
Tactic call abstract-regression-linear ran for 0. secs (0.u,0.s) (success)
Params: n= 26
Tactic call reify-regression-cubic ran for 0.079 secs (0.079u,0.s)
Tactic call abstract-regression-linear ran for 0.001 secs (0.001u,0.s) (success)
Params: n= 27
Tactic call reify-regression-cubic ran for 0.087 secs (0.087u,0.s)
Tactic call abstract-regression-linear ran for 0. secs (0.u,0.s) (success)
Params: n= 28
Tactic call reify-regression-cubic ran for 0.091 secs (0.09u,0.s)
Tactic call abstract-regression-linear ran for 0. secs (0.u,0.s) (success)
Params: n= 29
Tactic call reify-regression-cubic ran for 0.095 secs (0.095u,0.s)
Tactic call abstract-regression-linear ran for 0.001 secs (0.001u,0.s) (success)
Params: n= 30
Tactic call reify-regression-cubic ran for 0.1 secs (0.1u,0.s)
Tactic call abstract-regression-linear ran for 0.001 secs (0.001u,0.s) (success)
Params: n= 31
Tactic call reify-regression-cubic ran for 0.105 secs (0.105u,0.s)
Tactic call abstract-regression-linear ran for 0.005 secs (0.005u,0.s) (success)
Params: n= 32
Tactic call reify-regression-cubic ran for 0.114 secs (0.114u,0.s)
Tactic call abstract-regression-linear ran for 0.001 secs (0.001u,0.s) (success)
Params: n= 33
Tactic call reify-regression-cubic ran for 0.13 secs (0.13u,0.s)
Tactic call abstract-regression-linear ran for 0.008 secs (0.008u,0.s) (success)
Params: n= 34
Tactic call reify-regression-cubic ran for 0.138 secs (0.134u,0.003s)
Tactic call abstract-regression-linear ran for 0.001 secs (0.001u,0.s) (success)
Params: n= 35
Tactic call reify-regression-cubic ran for 0.148 secs (0.148u,0.s)
Tactic call abstract-regression-linear ran for 0.001 secs (0.001u,0.s) (success)
Params: n= 36
Tactic call reify-regression-cubic ran for 0.155 secs (0.152u,0.003s)
Tactic call abstract-regression-linear ran for 0.001 secs (0.001u,0.s) (success)
Params: n= 37
Tactic call reify-regression-cubic ran for 0.168 secs (0.168u,0.s)
Tactic call abstract-regression-linear ran for 0.001 secs (0.001u,0.s) (success)
Params: n= 38
Tactic call reify-regression-cubic ran for 0.186 secs (0.186u,0.s)
Tactic call abstract-regression-linear ran for 0.001 secs (0.001u,0.s) (success)
Params: n= 39
Tactic call reify-regression-cubic ran for 0.19 secs (0.19u,0.s)
Tactic call abstract-regression-linear ran for 0.001 secs (0.001u,0.s) (success)
Params: n= 40
Tactic call reify-regression-cubic ran for 0.213 secs (0.213u,0.s)
Tactic call abstract-regression-linear ran for 0.001 secs (0.001u,0.s) (success)
Params: n= 41
Tactic call reify-regression-cubic ran for 0.207 secs (0.207u,0.s)
Tactic call abstract-regression-linear ran for 0.001 secs (0.001u,0.s) (success)
Params: n= 42
Tactic call reify-regression-cubic ran for 0.223 secs (0.223u,0.s)
Tactic call abstract-regression-linear ran for 0.001 secs (0.001u,0.s) (success)
Params: n= 43
Tactic call reify-regression-cubic ran for 0.236 secs (0.236u,0.s)
Tactic call abstract-regression-linear ran for 0.001 secs (0.001u,0.s) (success)
Params: n= 44
Tactic call reify-regression-cubic ran for 0.25 secs (0.25u,0.s)
Tactic call abstract-regression-linear ran for 0.001 secs (0.001u,0.s) (success)
Params: n= 45
Tactic call reify-regression-cubic ran for 0.262 secs (0.262u,0.s)
Tactic call abstract-regression-linear ran for 0.001 secs (0.001u,0.s) (success)
Params: n= 46
Tactic call reify-regression-cubic ran for 0.28 secs (0.28u,0.s)
Tactic call abstract-regression-linear ran for 0.001 secs (0.001u,0.s) (success)
Params: n= 47
Tactic call reify-regression-cubic ran for 0.298 secs (0.298u,0.s)
Tactic call abstract-regression-linear ran for 0.001 secs (0.001u,0.s) (success)
Params: n= 48
Tactic call reify-regression-cubic ran for 0.31 secs (0.306u,0.003s)
Tactic call abstract-regression-linear ran for 0.001 secs (0.001u,0.s) (success)
Params: n= 49
Tactic call reify-regression-cubic ran for 0.349 secs (0.345u,0.003s)
Tactic call abstract-regression-linear ran for 0.001 secs (0.001u,0.s) (success)
Params: n= 50
Tactic call reify-regression-cubic ran for 0.352 secs (0.352u,0.s)
Tactic call abstract-regression-linear ran for 0.002 secs (0.002u,0.s) (success)
Params: n= 51
Tactic call reify-regression-cubic ran for 0.379 secs (0.375u,0.003s)
Tactic call abstract-regression-linear ran for 0.001 secs (0.001u,0.s) (success)
Params: n= 52
Tactic call reify-regression-cubic ran for 0.391 secs (0.391u,0.s)
Tactic call abstract-regression-linear ran for 0.001 secs (0.001u,0.s) (success)
Params: n= 53
Tactic call reify-regression-cubic ran for 0.41 secs (0.41u,0.s)
Tactic call abstract-regression-linear ran for 0.002 secs (0.002u,0.s) (success)
Params: n= 54
Tactic call reify-regression-cubic ran for 0.427 secs (0.427u,0.s)
Tactic call abstract-regression-linear ran for 0.001 secs (0.001u,0.s) (success)
Params: n= 55
Tactic call reify-regression-cubic ran for 0.434 secs (0.43u,0.003s)
Tactic call abstract-regression-linear ran for 0.001 secs (0.001u,0.s) (success)
Params: n= 56
Tactic call reify-regression-cubic ran for 0.468 secs (0.464u,0.004s)
Tactic call abstract-regression-linear ran for 0.001 secs (0.001u,0.s) (success)
Params: n= 57
Tactic call reify-regression-cubic ran for 0.48 secs (0.48u,0.s)
Tactic call abstract-regression-linear ran for 0.001 secs (0.001u,0.s) (success)
Params: n= 58
Tactic call reify-regression-cubic ran for 0.501 secs (0.493u,0.007s)
Tactic call abstract-regression-linear ran for 0.001 secs (0.001u,0.s) (success)
Params: n= 59
Tactic call reify-regression-cubic ran for 0.528 secs (0.528u,0.s)
Tactic call abstract-regression-linear ran for 0.001 secs (0.001u,0.s) (success)
Params: n= 60
Tactic call reify-regression-cubic ran for 0.552 secs (0.552u,0.s)
Tactic call abstract-regression-linear ran for 0.001 secs (0.001u,0.s) (success)
Params: n= 61
Tactic call reify-regression-cubic ran for 0.586 secs (0.586u,0.s)
Tactic call abstract-regression-linear ran for 0.001 secs (0.001u,0.s) (success)
Params: n= 62
Tactic call reify-regression-cubic ran for 0.615 secs (0.615u,0.s)
Tactic call abstract-regression-linear ran for 0.002 secs (0.002u,0.s) (success)
Params: n= 63
Tactic call reify-regression-cubic ran for 0.648 secs (0.648u,0.s)
Tactic call abstract-regression-linear ran for 0.002 secs (0.002u,0.s) (success)
Params: n= 64
Tactic call reify-regression-cubic ran for 0.671 secs (0.671u,0.s)
Tactic call abstract-regression-linear ran for 0.002 secs (0.002u,0.s) (success)
Params: n= 65
Tactic call reify-regression-cubic ran for 0.718 secs (0.713u,0.003s)
Tactic call abstract-regression-linear ran for 0.002 secs (0.002u,0.s) (success)
Params: n= 66
Tactic call reify-regression-cubic ran for 0.711 secs (0.711u,0.s)
Tactic call abstract-regression-linear ran for 0.003 secs (0.003u,0.s) (success)
Params: n= 67
Tactic call reify-regression-cubic ran for 0.744 secs (0.744u,0.s)
Tactic call abstract-regression-linear ran for 0.002 secs (0.002u,0.s) (success)
Params: n= 68
Tactic call reify-regression-cubic ran for 0.785 secs (0.785u,0.s)
Tactic call abstract-regression-linear ran for 0.002 secs (0.002u,0.s) (success)
Params: n= 69
Tactic call reify-regression-cubic ran for 0.812 secs (0.812u,0.s)
Tactic call abstract-regression-linear ran for 0.002 secs (0.002u,0.s) (success)
Params: n= 70
Tactic call reify-regression-cubic ran for 0.848 secs (0.848u,0.s)
Tactic call abstract-regression-linear ran for 0.002 secs (0.002u,0.s) (success)
Params: n= 71
Tactic call reify-regression-cubic ran for 0.906 secs (0.906u,0.s)
Tactic call abstract-regression-linear ran for 0.002 secs (0.002u,0.s) (success)
Params: n= 72
Tactic call reify-regression-cubic ran for 0.937 secs (0.937u,0.s)
Tactic call abstract-regression-linear ran for 0.002 secs (0.002u,0.s) (success)
Params: n= 73
Tactic call reify-regression-cubic ran for 0.975 secs (0.974u,0.s)
Tactic call abstract-regression-linear ran for 0.002 secs (0.002u,0.s) (success)
Params: n= 74
Tactic call reify-regression-cubic ran for 0.997 secs (0.997u,0.s)
Tactic call abstract-regression-linear ran for 0.002 secs (0.002u,0.s) (success)
Params: n= 75
Tactic call reify-regression-cubic ran for 1.022 secs (1.022u,0.s)
Tactic call abstract-regression-linear ran for 0.002 secs (0.002u,0.s) (success)
Params: n= 76
Tactic call reify-regression-cubic ran for 1.065 secs (1.064u,0.s)
Tactic call abstract-regression-linear ran for 0.002 secs (0.002u,0.s) (success)
Params: n= 77
Tactic call reify-regression-cubic ran for 1.095 secs (1.095u,0.s)
Tactic call abstract-regression-linear ran for 0.002 secs (0.002u,0.s) (success)
Params: n= 78
Tactic call reify-regression-cubic ran for 1.17 secs (1.17u,0.s)
Tactic call abstract-regression-linear ran for 0.002 secs (0.002u,0.s) (success)
Params: n= 79
Tactic call reify-regression-cubic ran for 1.2 secs (1.2u,0.s)
Tactic call abstract-regression-linear ran for 0.002 secs (0.002u,0.s) (success)
Params: n= 80
Tactic call reify-regression-cubic ran for 1.263 secs (1.263u,0.s)
Tactic call abstract-regression-linear ran for 0.002 secs (0.002u,0.s) (success)
Params: n= 81
Tactic call reify-regression-cubic ran for 1.302 secs (1.302u,0.s)
Tactic call abstract-regression-linear ran for 0.002 secs (0.002u,0.s) (success)
Params: n= 82
Tactic call reify-regression-cubic ran for 1.32 secs (1.312u,0.007s)
Tactic call abstract-regression-linear ran for 0.002 secs (0.002u,0.s) (success)
Params: n= 83
Tactic call reify-regression-cubic ran for 1.37 secs (1.37u,0.s)
Tactic call abstract-regression-linear ran for 0.002 secs (0.002u,0.s) (success)
Params: n= 84
Tactic call reify-regression-cubic ran for 1.429 secs (1.429u,0.s)
Tactic call abstract-regression-linear ran for 0.002 secs (0.002u,0.s) (success)
Params: n= 85
Tactic call reify-regression-cubic ran for 1.526 secs (1.526u,0.s)
Tactic call abstract-regression-linear ran for 0.002 secs (0.002u,0.s) (success)
Params: n= 86
Tactic call reify-regression-cubic ran for 1.539 secs (1.539u,0.s)
Tactic call abstract-regression-linear ran for 0.002 secs (0.002u,0.s) (success)
Params: n= 87
Tactic call reify-regression-cubic ran for 1.569 secs (1.569u,0.s)
Tactic call abstract-regression-linear ran for 0.002 secs (0.002u,0.s) (success)
Params: n= 88
Tactic call reify-regression-cubic ran for 1.636 secs (1.636u,0.s)
Tactic call abstract-regression-linear ran for 0.002 secs (0.002u,0.s) (success)
Params: n= 89
Tactic call reify-regression-cubic ran for 1.678 secs (1.678u,0.s)
Tactic call abstract-regression-linear ran for 0.002 secs (0.002u,0.s) (success)
Params: n= 90
Tactic call reify-regression-cubic ran for 1.757 secs (1.757u,0.s)
Tactic call abstract-regression-linear ran for 0.002 secs (0.002u,0.s) (success)
Params: n= 91
Tactic call reify-regression-cubic ran for 1.841 secs (1.841u,0.s)
Tactic call abstract-regression-linear ran for 0.002 secs (0.002u,0.s) (success)
Params: n= 92
Tactic call reify-regression-cubic ran for 1.865 secs (1.865u,0.s)
Tactic call abstract-regression-linear ran for 0.002 secs (0.002u,0.s) (success)
Params: n= 93
Tactic call reify-regression-cubic ran for 1.918 secs (1.918u,0.s)
Tactic call abstract-regression-linear ran for 0.003 secs (0.003u,0.s) (success)
Params: n= 94
Tactic call reify-regression-cubic ran for 1.989 secs (1.989u,0.s)
Tactic call abstract-regression-linear ran for 0.003 secs (0.003u,0.s) (success)
Params: n= 95
Tactic call reify-regression-cubic ran for 2.071 secs (2.071u,0.s)
Tactic call abstract-regression-linear ran for 0.003 secs (0.003u,0.s) (success)
Params: n= 96
Tactic call reify-regression-cubic ran for 2.154 secs (2.154u,0.s)
Tactic call abstract-regression-linear ran for 0.003 secs (0.003u,0.s) (success)
Params: n= 97
Tactic call reify-regression-cubic ran for 2.186 secs (2.186u,0.s)
Tactic call abstract-regression-linear ran for 0.003 secs (0.003u,0.s) (success)
Params: n= 98
Tactic call reify-regression-cubic ran for 2.272 secs (2.272u,0.s)
Tactic call abstract-regression-linear ran for 0.003 secs (0.003u,0.s) (success)
Params: n= 99
Tactic call reify-regression-cubic ran for 2.326 secs (2.326u,0.s)
Tactic call abstract-regression-linear ran for 0.003 secs (0.003u,0.s) (success)
Params: n= 100
Tactic call reify-regression-cubic ran for 2.431 secs (2.431u,0.s)
Tactic call abstract-regression-linear ran for 0.003 secs (0.003u,0.s) (success)
