Params: n= 10
Tactic call setoid_rewrite-regression-cubic ran for 0.018 secs (0.018u,0.s) (success)
Tactic call abstract+setoid_rewrite-regression-cubic ran for 0.023 secs (0.023u,0.s) (success)
Tactic call close-abstract+setoid_rewrite-regression-quadratic ran for 0.005 secs (0.005u,0.s)
Params: n= 20
Tactic call setoid_rewrite-regression-cubic ran for 0.045 secs (0.042u,0.003s) (success)
Tactic call abstract+setoid_rewrite-regression-cubic ran for 0.061 secs (0.057u,0.003s) (success)
Tactic call close-abstract+setoid_rewrite-regression-quadratic ran for 0.015 secs (0.015u,0.s)
Params: n= 30
Tactic call setoid_rewrite-regression-cubic ran for 0.157 secs (0.156u,0.s) (success)
Tactic call abstract+setoid_rewrite-regression-cubic ran for 0.187 secs (0.187u,0.s) (success)
Tactic call close-abstract+setoid_rewrite-regression-quadratic ran for 0.03 secs (0.03u,0.s)
Params: n= 40
Tactic call setoid_rewrite-regression-cubic ran for 0.089 secs (0.089u,0.s) (success)
Tactic call abstract+setoid_rewrite-regression-cubic ran for 0.165 secs (0.165u,0.s) (success)
Tactic call close-abstract+setoid_rewrite-regression-quadratic ran for 0.074 secs (0.074u,0.s)
Params: n= 60
Tactic call setoid_rewrite-regression-cubic ran for 0.188 secs (0.188u,0.s) (success)
Tactic call abstract+setoid_rewrite-regression-cubic ran for 0.309 secs (0.309u,0.s) (success)
Tactic call close-abstract+setoid_rewrite-regression-quadratic ran for 0.12 secs (0.12u,0.s)
Params: n= 70
Tactic call setoid_rewrite-regression-cubic ran for 0.371 secs (0.371u,0.s) (success)
Tactic call abstract+setoid_rewrite-regression-cubic ran for 0.537 secs (0.537u,0.s) (success)
Tactic call close-abstract+setoid_rewrite-regression-quadratic ran for 0.165 secs (0.165u,0.s)
Params: n= 80
Tactic call setoid_rewrite-regression-cubic ran for 0.351 secs (0.351u,0.s) (success)
Tactic call abstract+setoid_rewrite-regression-cubic ran for 0.542 secs (0.542u,0.s) (success)
Tactic call close-abstract+setoid_rewrite-regression-quadratic ran for 0.19 secs (0.19u,0.s)
Params: n= 90
Tactic call setoid_rewrite-regression-cubic ran for 0.446 secs (0.442u,0.003s) (success)
Tactic call abstract+setoid_rewrite-regression-cubic ran for 0.68 secs (0.672u,0.007s) (success)
Tactic call close-abstract+setoid_rewrite-regression-quadratic ran for 0.233 secs (0.229u,0.004s)
Params: n= 110
Tactic call setoid_rewrite-regression-cubic ran for 0.661 secs (0.661u,0.s) (success)
Tactic call abstract+setoid_rewrite-regression-cubic ran for 0.979 secs (0.979u,0.s) (success)
Tactic call close-abstract+setoid_rewrite-regression-quadratic ran for 0.317 secs (0.317u,0.s)
Params: n= 120
Tactic call setoid_rewrite-regression-cubic ran for 0.793 secs (0.785u,0.008s) (success)
Tactic call abstract+setoid_rewrite-regression-cubic ran for 1.159 secs (1.147u,0.012s) (success)
Tactic call close-abstract+setoid_rewrite-regression-quadratic ran for 0.365 secs (0.361u,0.004s)
Params: n= 130
Tactic call setoid_rewrite-regression-cubic ran for 0.937 secs (0.929u,0.008s) (success)
Tactic call abstract+setoid_rewrite-regression-cubic ran for 1.388 secs (1.38u,0.008s) (success)
Tactic call close-abstract+setoid_rewrite-regression-quadratic ran for 0.45 secs (0.45u,0.s)
Params: n= 140
Tactic call setoid_rewrite-regression-cubic ran for 1.074 secs (1.062u,0.011s) (success)
Tactic call abstract+setoid_rewrite-regression-cubic ran for 1.577 secs (1.565u,0.012s) (success)
Tactic call close-abstract+setoid_rewrite-regression-quadratic ran for 0.501 secs (0.501u,0.s)
Params: n= 160
Tactic call setoid_rewrite-regression-cubic ran for 1.4 secs (1.392u,0.008s) (success)
Tactic call abstract+setoid_rewrite-regression-cubic ran for 2.041 secs (2.033u,0.008s) (success)
Tactic call close-abstract+setoid_rewrite-regression-quadratic ran for 0.64 secs (0.64u,0.s)
Params: n= 170
Tactic call setoid_rewrite-regression-cubic ran for 1.723 secs (1.706u,0.015s) (success)
Tactic call abstract+setoid_rewrite-regression-cubic ran for 2.425 secs (2.409u,0.015s) (success)
Tactic call close-abstract+setoid_rewrite-regression-quadratic ran for 0.701 secs (0.701u,0.s)
Params: n= 180
Tactic call setoid_rewrite-regression-cubic ran for 1.862 secs (1.849u,0.012s) (success)
Tactic call abstract+setoid_rewrite-regression-cubic ran for 2.653 secs (2.639u,0.013s) (success)
Tactic call close-abstract+setoid_rewrite-regression-quadratic ran for 0.789 secs (0.789u,0.s)
Params: n= 190
Tactic call setoid_rewrite-regression-cubic ran for 2.233 secs (2.232u,0.s) (success)
Tactic call abstract+setoid_rewrite-regression-cubic ran for 3.194 secs (3.187u,0.003s) (success)
Tactic call close-abstract+setoid_rewrite-regression-quadratic ran for 0.959 secs (0.954u,0.003s)
Params: n= 210
Tactic call setoid_rewrite-regression-cubic ran for 2.563 secs (2.563u,0.s) (success)
Tactic call abstract+setoid_rewrite-regression-cubic ran for 3.609 secs (3.608u,0.s) (success)
Tactic call close-abstract+setoid_rewrite-regression-quadratic ran for 1.044 secs (1.044u,0.s)
Params: n= 220
Tactic call setoid_rewrite-regression-cubic ran for 2.952 secs (2.931u,0.019s) (success)
Tactic call abstract+setoid_rewrite-regression-cubic ran for 4.06 secs (4.04u,0.019s) (success)
Tactic call close-abstract+setoid_rewrite-regression-quadratic ran for 1.107 secs (1.107u,0.s)
Params: n= 230
Tactic call setoid_rewrite-regression-cubic ran for 3.259 secs (3.259u,0.s) (success)
Tactic call abstract+setoid_rewrite-regression-cubic ran for 4.631 secs (4.631u,0.s) (success)
Tactic call close-abstract+setoid_rewrite-regression-quadratic ran for 1.371 secs (1.371u,0.s)
Params: n= 240
Tactic call setoid_rewrite-regression-cubic ran for 3.609 secs (3.601u,0.007s) (success)
Tactic call abstract+setoid_rewrite-regression-cubic ran for 4.951 secs (4.943u,0.007s) (success)
Tactic call close-abstract+setoid_rewrite-regression-quadratic ran for 1.34 secs (1.34u,0.s)
Params: n= 250
Tactic call setoid_rewrite-regression-cubic ran for 3.808 secs (3.804u,0.004s) (success)
Tactic call abstract+setoid_rewrite-regression-cubic ran for 5.347 secs (5.343u,0.004s) (success)
Tactic call close-abstract+setoid_rewrite-regression-quadratic ran for 1.537 secs (1.537u,0.s)
Params: n= 300
Tactic call setoid_rewrite-regression-cubic ran for 6.559 secs (6.558u,0.s) (success)
Tactic call abstract+setoid_rewrite-regression-cubic ran for 8.692 secs (8.69u,0.s) (success)
Tactic call close-abstract+setoid_rewrite-regression-quadratic ran for 2.131 secs (2.129u,0.s)
Params: n= 400
Tactic call setoid_rewrite-regression-cubic ran for 12.748 secs (12.734u,0.012s) (success)
Tactic call abstract+setoid_rewrite-regression-cubic ran for 16.414 secs (16.396u,0.016s) (success)
Tactic call close-abstract+setoid_rewrite-regression-quadratic ran for 3.664 secs (3.659u,0.003s)
