Params: n= 50
Tactic call autorewrite-regression-quadratic ran for 0.027 secs (0.023u,0.003s) (success)
Tactic call autorewrite-noop-regression-linear ran for 0. secs (0.u,0.s) (success)
Tactic call abstract+autorewrite-regression-quadratic ran for 0.036 secs (0.03u,0.006s) (success)
Tactic call close-abstract+autorewrite-regression-quadratic ran for 0.008 secs (0.006u,0.002s)
Params: n= 100
Tactic call autorewrite-regression-quadratic ran for 0.126 secs (0.123u,0.002s) (success)
Tactic call autorewrite-noop-regression-linear ran for 0. secs (0.u,0.s) (success)
Tactic call abstract+autorewrite-regression-quadratic ran for 0.148 secs (0.145u,0.002s) (success)
Tactic call close-abstract+autorewrite-regression-quadratic ran for 0.02 secs (0.02u,0.s)
Params: n= 150
Tactic call autorewrite-regression-quadratic ran for 0.193 secs (0.192u,0.s) (success)
Tactic call autorewrite-noop-regression-linear ran for 0.001 secs (0.001u,0.s) (success)
Tactic call abstract+autorewrite-regression-quadratic ran for 0.302 secs (0.301u,0.s) (success)
Tactic call close-abstract+autorewrite-regression-quadratic ran for 0.106 secs (0.106u,0.s)
Params: n= 200
Tactic call autorewrite-regression-quadratic ran for 0.38 secs (0.38u,0.s) (success)
Tactic call autorewrite-noop-regression-linear ran for 0.001 secs (0.001u,0.s) (success)
Tactic call abstract+autorewrite-regression-quadratic ran for 0.529 secs (0.528u,0.s) (success)
Tactic call close-abstract+autorewrite-regression-quadratic ran for 0.147 secs (0.146u,0.s)
Params: n= 250
Tactic call autorewrite-regression-quadratic ran for 0.577 secs (0.577u,0.s) (success)
Tactic call autorewrite-noop-regression-linear ran for 0.001 secs (0.001u,0.s) (success)
Tactic call abstract+autorewrite-regression-quadratic ran for 0.709 secs (0.708u,0.001s) (success)
Tactic call close-abstract+autorewrite-regression-quadratic ran for 0.129 secs (0.128u,0.s)
Params: n= 300
Tactic call autorewrite-regression-quadratic ran for 0.822 secs (0.82u,0.001s) (success)
Tactic call autorewrite-noop-regression-linear ran for 0.001 secs (0.001u,0.s) (success)
Tactic call abstract+autorewrite-regression-quadratic ran for 1.024 secs (1.021u,0.002s) (success)
Tactic call close-abstract+autorewrite-regression-quadratic ran for 0.199 secs (0.198u,0.s)
Params: n= 350
Tactic call autorewrite-regression-quadratic ran for 1.178 secs (1.173u,0.005s) (success)
Tactic call autorewrite-noop-regression-linear ran for 0.002 secs (0.002u,0.s) (success)
Tactic call abstract+autorewrite-regression-quadratic ran for 1.433 secs (1.427u,0.006s) (success)
Tactic call close-abstract+autorewrite-regression-quadratic ran for 0.252 secs (0.251u,0.s)
Params: n= 400
Tactic call autorewrite-regression-quadratic ran for 1.554 secs (1.553u,0.s) (success)
Tactic call autorewrite-noop-regression-linear ran for 0.002 secs (0.002u,0.s) (success)
Tactic call abstract+autorewrite-regression-quadratic ran for 1.884 secs (1.883u,0.001s) (success)
Tactic call close-abstract+autorewrite-regression-quadratic ran for 0.327 secs (0.327u,0.s)
