Params: n= 10
Tactic call repeat-setoid_rewrite-regression-cubic ran for 0.02 secs (0.009u,0.011s) (success)
Tactic call noop-repeat-setoid_rewrite-regression-cubic ran for 0.006 secs (0.005u,0.s) (success)
Params: n= 20
Tactic call repeat-setoid_rewrite-regression-cubic ran for 0.098 secs (0.07u,0.027s) (success)
Tactic call noop-repeat-setoid_rewrite-regression-cubic ran for 0.014 secs (0.014u,0.s) (success)
Params: n= 30
Tactic call repeat-setoid_rewrite-regression-cubic ran for 0.093 secs (0.093u,0.s) (success)
Tactic call noop-repeat-setoid_rewrite-regression-cubic ran for 0.034 secs (0.034u,0.s) (success)
Params: n= 40
Tactic call repeat-setoid_rewrite-regression-cubic ran for 0.176 secs (0.176u,0.s) (success)
Tactic call noop-repeat-setoid_rewrite-regression-cubic ran for 0.066 secs (0.066u,0.s) (success)
Params: n= 60
Tactic call repeat-setoid_rewrite-regression-cubic ran for 0.481 secs (0.481u,0.s) (success)
Tactic call noop-repeat-setoid_rewrite-regression-cubic ran for 0.197 secs (0.197u,0.s) (success)
Params: n= 70
Tactic call repeat-setoid_rewrite-regression-cubic ran for 0.723 secs (0.72u,0.003s) (success)
Tactic call noop-repeat-setoid_rewrite-regression-cubic ran for 0.295 secs (0.295u,0.s) (success)
Params: n= 80
Tactic call repeat-setoid_rewrite-regression-cubic ran for 1.012 secs (1.011u,0.s) (success)
Tactic call noop-repeat-setoid_rewrite-regression-cubic ran for 0.409 secs (0.409u,0.s) (success)
Params: n= 90
Tactic call repeat-setoid_rewrite-regression-cubic ran for 1.356 secs (1.356u,0.s) (success)
Tactic call noop-repeat-setoid_rewrite-regression-cubic ran for 0.59 secs (0.59u,0.s) (success)
Params: n= 110
Tactic call repeat-setoid_rewrite-regression-cubic ran for 2.298 secs (2.293u,0.003s) (success)
Tactic call noop-repeat-setoid_rewrite-regression-cubic ran for 1.014 secs (1.014u,0.s) (success)
Params: n= 120
Tactic call repeat-setoid_rewrite-regression-cubic ran for 2.915 secs (2.903u,0.011s) (success)
Tactic call noop-repeat-setoid_rewrite-regression-cubic ran for 1.321 secs (1.321u,0.s) (success)
Params: n= 130
Tactic call repeat-setoid_rewrite-regression-cubic ran for 3.639 secs (3.62u,0.015s) (success)
Tactic call noop-repeat-setoid_rewrite-regression-cubic ran for 1.656 secs (1.655u,0.s) (success)
Params: n= 140
Tactic call repeat-setoid_rewrite-regression-cubic ran for 4.578 secs (4.578u,0.s) (success)
Tactic call noop-repeat-setoid_rewrite-regression-cubic ran for 2.134 secs (2.133u,0.s) (success)
Params: n= 160
Tactic call repeat-setoid_rewrite-regression-cubic ran for 6.692 secs (6.691u,0.s) (success)
Tactic call noop-repeat-setoid_rewrite-regression-cubic ran for 3.046 secs (3.046u,0.s) (success)
Params: n= 170
Tactic call repeat-setoid_rewrite-regression-cubic ran for 7.672 secs (7.669u,0.s) (success)
Tactic call noop-repeat-setoid_rewrite-regression-cubic ran for 3.644 secs (3.643u,0.s) (success)
Params: n= 180
Tactic call repeat-setoid_rewrite-regression-cubic ran for 9.241 secs (9.239u,0.s) (success)
Tactic call noop-repeat-setoid_rewrite-regression-cubic ran for 4.558 secs (4.557u,0.s) (success)
Params: n= 190
Tactic call repeat-setoid_rewrite-regression-cubic ran for 11.078 secs (11.06u,0.015s) (success)
Tactic call noop-repeat-setoid_rewrite-regression-cubic ran for 5.137 secs (5.13u,0.004s) (success)
Params: n= 210
Tactic call repeat-setoid_rewrite-regression-cubic ran for 14.331 secs (14.32u,0.008s) (success)
Tactic call noop-repeat-setoid_rewrite-regression-cubic ran for 6.918 secs (6.917u,0.s) (success)
Params: n= 220
Tactic call repeat-setoid_rewrite-regression-cubic ran for 16.607 secs (16.601u,0.003s) (success)
Tactic call noop-repeat-setoid_rewrite-regression-cubic ran for 7.942 secs (7.941u,0.s) (success)
Params: n= 230
Tactic call repeat-setoid_rewrite-regression-cubic ran for 19.118 secs (19.109u,0.004s) (success)
Tactic call noop-repeat-setoid_rewrite-regression-cubic ran for 9.47 secs (9.468u,0.s) (success)
Params: n= 240
Tactic call repeat-setoid_rewrite-regression-cubic ran for 21.624 secs (21.62u,0.s) (success)
Tactic call noop-repeat-setoid_rewrite-regression-cubic ran for 10.432 secs (10.43u,0.s) (success)
Params: n= 250
Tactic call repeat-setoid_rewrite-regression-cubic ran for 24.488 secs (24.482u,0.s) (success)
Tactic call noop-repeat-setoid_rewrite-regression-cubic ran for 12.251 secs (12.245u,0.003s) (success)
Params: n= 300
Tactic call repeat-setoid_rewrite-regression-cubic ran for 42.639 secs (42.609u,0.019s) (success)
Tactic call noop-repeat-setoid_rewrite-regression-cubic ran for 20.495 secs (20.491u,0.s) (success)
Params: n= 400
Tactic call repeat-setoid_rewrite-regression-cubic ran for 101.857 secs (101.815u,0.02s) (success)
Tactic call noop-repeat-setoid_rewrite-regression-cubic ran for 49.758 secs (49.734u,0.015s) (success)
