Params: n= 10
Tactic call setoid_rewrite-regression-cubic ran for 0.012 secs (0.004u,0.008s) (success)
Tactic call abstract+setoid_rewrite-regression-cubic ran for 0.016 secs (0.008u,0.008s) (success)
Tactic call close-abstract+setoid_rewrite-regression-quadratic ran for 0.004 secs (0.004u,0.s)
Params: n= 20
Tactic call setoid_rewrite-regression-cubic ran for 0.069 secs (0.06u,0.008s) (success)
Tactic call abstract+setoid_rewrite-regression-cubic ran for 0.078 secs (0.07u,0.008s) (success)
Tactic call close-abstract+setoid_rewrite-regression-quadratic ran for 0.009 secs (0.009u,0.s)
Params: n= 30
Tactic call setoid_rewrite-regression-cubic ran for 0.052 secs (0.052u,0.s) (success)
Tactic call abstract+setoid_rewrite-regression-cubic ran for 0.072 secs (0.072u,0.s) (success)
Tactic call close-abstract+setoid_rewrite-regression-quadratic ran for 0.019 secs (0.019u,0.s)
Params: n= 40
Tactic call setoid_rewrite-regression-cubic ran for 0.098 secs (0.098u,0.s) (success)
Tactic call abstract+setoid_rewrite-regression-cubic ran for 0.13 secs (0.13u,0.s) (success)
Tactic call close-abstract+setoid_rewrite-regression-quadratic ran for 0.032 secs (0.032u,0.s)
Params: n= 60
Tactic call setoid_rewrite-regression-cubic ran for 0.245 secs (0.245u,0.s) (success)
Tactic call abstract+setoid_rewrite-regression-cubic ran for 0.323 secs (0.323u,0.s) (success)
Tactic call close-abstract+setoid_rewrite-regression-quadratic ran for 0.077 secs (0.077u,0.s)
Params: n= 70
Tactic call setoid_rewrite-regression-cubic ran for 0.351 secs (0.348u,0.003s) (success)
Tactic call abstract+setoid_rewrite-regression-cubic ran for 0.454 secs (0.45u,0.003s) (success)
Tactic call close-abstract+setoid_rewrite-regression-quadratic ran for 0.102 secs (0.102u,0.s)
Params: n= 80
Tactic call setoid_rewrite-regression-cubic ran for 0.478 secs (0.478u,0.s) (success)
Tactic call abstract+setoid_rewrite-regression-cubic ran for 0.61 secs (0.61u,0.s) (success)
Tactic call close-abstract+setoid_rewrite-regression-quadratic ran for 0.131 secs (0.131u,0.s)
Params: n= 90
Tactic call setoid_rewrite-regression-cubic ran for 0.679 secs (0.679u,0.s) (success)
Tactic call abstract+setoid_rewrite-regression-cubic ran for 0.833 secs (0.833u,0.s) (success)
Tactic call close-abstract+setoid_rewrite-regression-quadratic ran for 0.154 secs (0.154u,0.s)
Params: n= 110
Tactic call setoid_rewrite-regression-cubic ran for 1.14 secs (1.136u,0.003s) (success)
Tactic call abstract+setoid_rewrite-regression-cubic ran for 1.35 secs (1.346u,0.003s) (success)
Tactic call close-abstract+setoid_rewrite-regression-quadratic ran for 0.209 secs (0.209u,0.s)
Params: n= 120
Tactic call setoid_rewrite-regression-cubic ran for 1.368 secs (1.364u,0.003s) (success)
Tactic call abstract+setoid_rewrite-regression-cubic ran for 1.622 secs (1.618u,0.003s) (success)
Tactic call close-abstract+setoid_rewrite-regression-quadratic ran for 0.253 secs (0.253u,0.s)
Params: n= 130
Tactic call setoid_rewrite-regression-cubic ran for 1.692 secs (1.687u,0.003s) (success)
Tactic call abstract+setoid_rewrite-regression-cubic ran for 1.985 secs (1.981u,0.003s) (success)
Tactic call close-abstract+setoid_rewrite-regression-quadratic ran for 0.292 secs (0.292u,0.s)
Params: n= 140
Tactic call setoid_rewrite-regression-cubic ran for 2.148 secs (2.143u,0.003s) (success)
Tactic call abstract+setoid_rewrite-regression-cubic ran for 2.494 secs (2.489u,0.003s) (success)
Tactic call close-abstract+setoid_rewrite-regression-quadratic ran for 0.345 secs (0.345u,0.s)
Params: n= 160
Tactic call setoid_rewrite-regression-cubic ran for 3.079 secs (3.071u,0.007s) (success)
Tactic call abstract+setoid_rewrite-regression-cubic ran for 3.515 secs (3.506u,0.007s) (success)
Tactic call close-abstract+setoid_rewrite-regression-quadratic ran for 0.434 secs (0.434u,0.s)
Params: n= 170
Tactic call setoid_rewrite-regression-cubic ran for 3.517 secs (3.513u,0.003s) (success)
Tactic call abstract+setoid_rewrite-regression-cubic ran for 4.005 secs (4.001u,0.003s) (success)
Tactic call close-abstract+setoid_rewrite-regression-quadratic ran for 0.487 secs (0.487u,0.s)
Params: n= 180
Tactic call setoid_rewrite-regression-cubic ran for 4.137 secs (4.137u,0.s) (success)
Tactic call abstract+setoid_rewrite-regression-cubic ran for 4.702 secs (4.702u,0.s) (success)
Tactic call close-abstract+setoid_rewrite-regression-quadratic ran for 0.564 secs (0.564u,0.s)
Params: n= 190
Tactic call setoid_rewrite-regression-cubic ran for 4.991 secs (4.986u,0.003s) (success)
Tactic call abstract+setoid_rewrite-regression-cubic ran for 5.598 secs (5.593u,0.003s) (success)
Tactic call close-abstract+setoid_rewrite-regression-quadratic ran for 0.606 secs (0.606u,0.s)
Params: n= 210
Tactic call setoid_rewrite-regression-cubic ran for 6.314 secs (6.305u,0.007s) (success)
Tactic call abstract+setoid_rewrite-regression-cubic ran for 7.05 secs (7.042u,0.007s) (success)
Tactic call close-abstract+setoid_rewrite-regression-quadratic ran for 0.735 secs (0.735u,0.s)
Params: n= 220
Tactic call setoid_rewrite-regression-cubic ran for 7.314 secs (7.313u,0.s) (success)
Tactic call abstract+setoid_rewrite-regression-cubic ran for 8.15 secs (8.149u,0.s) (success)
Tactic call close-abstract+setoid_rewrite-regression-quadratic ran for 0.835 secs (0.835u,0.s)
Params: n= 230
Tactic call setoid_rewrite-regression-cubic ran for 8.304 secs (8.304u,0.s) (success)
Tactic call abstract+setoid_rewrite-regression-cubic ran for 9.184 secs (9.184u,0.s) (success)
Tactic call close-abstract+setoid_rewrite-regression-quadratic ran for 0.879 secs (0.879u,0.s)
Params: n= 240
Tactic call setoid_rewrite-regression-cubic ran for 9.366 secs (9.366u,0.s) (success)
Tactic call abstract+setoid_rewrite-regression-cubic ran for 10.322 secs (10.322u,0.s) (success)
Tactic call close-abstract+setoid_rewrite-regression-quadratic ran for 0.955 secs (0.955u,0.s)
Params: n= 250
Tactic call setoid_rewrite-regression-cubic ran for 10.458 secs (10.457u,0.s) (success)
Tactic call abstract+setoid_rewrite-regression-cubic ran for 11.537 secs (11.536u,0.s) (success)
Tactic call close-abstract+setoid_rewrite-regression-quadratic ran for 1.077 secs (1.077u,0.s)
Params: n= 300
Tactic call setoid_rewrite-regression-cubic ran for 18.441 secs (18.424u,0.015s) (success)
Tactic call abstract+setoid_rewrite-regression-cubic ran for 19.979 secs (19.962u,0.015s) (success)
Tactic call close-abstract+setoid_rewrite-regression-quadratic ran for 1.537 secs (1.537u,0.s)
Params: n= 400
Tactic call setoid_rewrite-regression-cubic ran for 43.653 secs (43.625u,0.023s) (success)
Tactic call abstract+setoid_rewrite-regression-cubic ran for 46.364 secs (46.337u,0.023s) (success)
Tactic call close-abstract+setoid_rewrite-regression-quadratic ran for 2.71 secs (2.71u,0.s)
