Params: n= 1
native_compute: Conversion to native code done in 0.00013
native_compute: Compilation done in 0.05210
native_compute: Evaluation done in 0.00116
native_compute: Reification done in 0.00004
Tactic call identity native_compute on PHOAS with big_flat ran for 0.055 secs (0.u,0.004s) (success)
Params: n= 2
native_compute: Conversion to native code done in 0.00019
native_compute: Compilation done in 0.05113
native_compute: Evaluation done in 0.00075
native_compute: Reification done in 0.00007
Tactic call identity native_compute on PHOAS with big_flat ran for 0.052 secs (0.002u,0.s) (success)
Params: n= 3
native_compute: Conversion to native code done in 0.00018
native_compute: Compilation done in 0.04969
native_compute: Evaluation done in 0.00090
native_compute: Reification done in 0.00006
Tactic call identity native_compute on PHOAS with big_flat ran for 0.05 secs (0.002u,0.s) (success)
Params: n= 4
native_compute: Conversion to native code done in 0.00018
native_compute: Compilation done in 0.05311
native_compute: Evaluation done in 0.00121
native_compute: Reification done in 0.00006
Tactic call identity native_compute on PHOAS with big_flat ran for 0.054 secs (0.002u,0.002s) (success)
