Params: n= 3
Tactic call repeat-rewrite_strat-topdown-regression-cubic ran for 0.015 secs (0.015u,0.s) (success)
Tactic call noop-repeat-rewrite_strat-topdown-regression-cubic ran for 0.001 secs (0.001u,0.s) (success)
Tactic call abstract+repeat-rewrite_strat-topdown-regression-cubic ran for 0.018 secs (0.017u,0.s) (success)
Tactic call close-abstract+repeat-rewrite_strat-topdown-regression-quadratic ran for 0. secs (0.u,0.s)
Params: n= 4
Tactic call repeat-rewrite_strat-topdown-regression-cubic ran for 0.019 secs (0.015u,0.003s) (success)
Tactic call noop-repeat-rewrite_strat-topdown-regression-cubic ran for 0.001 secs (0.001u,0.s) (success)
Tactic call abstract+repeat-rewrite_strat-topdown-regression-cubic ran for 0.022 secs (0.018u,0.003s) (success)
Tactic call close-abstract+repeat-rewrite_strat-topdown-regression-quadratic ran for 0.001 secs (0.001u,0.s)
Params: n= 5
Tactic call repeat-rewrite_strat-topdown-regression-cubic ran for 0.059 secs (0.035u,0.023s) (success)
Tactic call noop-repeat-rewrite_strat-topdown-regression-cubic ran for 0.001 secs (0.001u,0.s) (success)
Tactic call abstract+repeat-rewrite_strat-topdown-regression-cubic ran for 0.062 secs (0.038u,0.024s) (success)
Tactic call close-abstract+repeat-rewrite_strat-topdown-regression-quadratic ran for 0. secs (0.u,0.s)
Params: n= 6
Tactic call repeat-rewrite_strat-topdown-regression-cubic ran for 0.024 secs (0.024u,0.s) (success)
Tactic call noop-repeat-rewrite_strat-topdown-regression-cubic ran for 0.002 secs (0.002u,0.s) (success)
Tactic call abstract+repeat-rewrite_strat-topdown-regression-cubic ran for 0.027 secs (0.027u,0.s) (success)
Tactic call close-abstract+repeat-rewrite_strat-topdown-regression-quadratic ran for 0.001 secs (0.001u,0.s)
Params: n= 7
Tactic call repeat-rewrite_strat-topdown-regression-cubic ran for 0.031 secs (0.031u,0.s) (success)
Tactic call noop-repeat-rewrite_strat-topdown-regression-cubic ran for 0.002 secs (0.002u,0.s) (success)
Tactic call abstract+repeat-rewrite_strat-topdown-regression-cubic ran for 0.035 secs (0.035u,0.s) (success)
Tactic call close-abstract+repeat-rewrite_strat-topdown-regression-quadratic ran for 0.001 secs (0.001u,0.s)
Params: n= 8
Tactic call repeat-rewrite_strat-topdown-regression-cubic ran for 0.037 secs (0.037u,0.s) (success)
Tactic call noop-repeat-rewrite_strat-topdown-regression-cubic ran for 0.065 secs (0.065u,0.s) (success)
Tactic call abstract+repeat-rewrite_strat-topdown-regression-cubic ran for 0.104 secs (0.102u,0.001s) (success)
Tactic call close-abstract+repeat-rewrite_strat-topdown-regression-quadratic ran for 0.001 secs (0.u,0.001s)
Params: n= 9
Tactic call repeat-rewrite_strat-topdown-regression-cubic ran for 0.045 secs (0.043u,0.001s) (success)
Tactic call noop-repeat-rewrite_strat-topdown-regression-cubic ran for 0.002 secs (0.002u,0.s) (success)
Tactic call abstract+repeat-rewrite_strat-topdown-regression-cubic ran for 0.05 secs (0.048u,0.001s) (success)
Tactic call close-abstract+repeat-rewrite_strat-topdown-regression-quadratic ran for 0.001 secs (0.001u,0.s)
Params: n= 11
Tactic call repeat-rewrite_strat-topdown-regression-cubic ran for 0.085 secs (0.085u,0.s) (success)
Tactic call noop-repeat-rewrite_strat-topdown-regression-cubic ran for 0.003 secs (0.003u,0.s) (success)
Tactic call abstract+repeat-rewrite_strat-topdown-regression-cubic ran for 0.091 secs (0.091u,0.s) (success)
Tactic call close-abstract+repeat-rewrite_strat-topdown-regression-quadratic ran for 0.002 secs (0.002u,0.s)
Params: n= 12
Tactic call repeat-rewrite_strat-topdown-regression-cubic ran for 0.074 secs (0.074u,0.s) (success)
Tactic call noop-repeat-rewrite_strat-topdown-regression-cubic ran for 0.003 secs (0.003u,0.s) (success)
Tactic call abstract+repeat-rewrite_strat-topdown-regression-cubic ran for 0.08 secs (0.08u,0.s) (success)
Tactic call close-abstract+repeat-rewrite_strat-topdown-regression-quadratic ran for 0.002 secs (0.002u,0.s)
Params: n= 13
Tactic call repeat-rewrite_strat-topdown-regression-cubic ran for 0.085 secs (0.085u,0.s) (success)
Tactic call noop-repeat-rewrite_strat-topdown-regression-cubic ran for 0.004 secs (0.004u,0.s) (success)
Tactic call abstract+repeat-rewrite_strat-topdown-regression-cubic ran for 0.092 secs (0.092u,0.s) (success)
Tactic call close-abstract+repeat-rewrite_strat-topdown-regression-quadratic ran for 0.003 secs (0.003u,0.s)
Params: n= 14
Tactic call repeat-rewrite_strat-topdown-regression-cubic ran for 0.109 secs (0.109u,0.s) (success)
Tactic call noop-repeat-rewrite_strat-topdown-regression-cubic ran for 0.004 secs (0.004u,0.s) (success)
Tactic call abstract+repeat-rewrite_strat-topdown-regression-cubic ran for 0.117 secs (0.117u,0.s) (success)
Tactic call close-abstract+repeat-rewrite_strat-topdown-regression-quadratic ran for 0.003 secs (0.003u,0.s)
Params: n= 15
Tactic call repeat-rewrite_strat-topdown-regression-cubic ran for 0.186 secs (0.186u,0.s) (success)
Tactic call noop-repeat-rewrite_strat-topdown-regression-cubic ran for 0.004 secs (0.004u,0.s) (success)
Tactic call abstract+repeat-rewrite_strat-topdown-regression-cubic ran for 0.195 secs (0.195u,0.s) (success)
Tactic call close-abstract+repeat-rewrite_strat-topdown-regression-quadratic ran for 0.003 secs (0.003u,0.s)
Params: n= 16
Tactic call repeat-rewrite_strat-topdown-regression-cubic ran for 0.149 secs (0.149u,0.s) (success)
Tactic call noop-repeat-rewrite_strat-topdown-regression-cubic ran for 0.005 secs (0.005u,0.s) (success)
Tactic call abstract+repeat-rewrite_strat-topdown-regression-cubic ran for 0.158 secs (0.158u,0.s) (success)
Tactic call close-abstract+repeat-rewrite_strat-topdown-regression-quadratic ran for 0.004 secs (0.004u,0.s)
Params: n= 17
Tactic call repeat-rewrite_strat-topdown-regression-cubic ran for 0.141 secs (0.141u,0.s) (success)
Tactic call noop-repeat-rewrite_strat-topdown-regression-cubic ran for 0.005 secs (0.005u,0.s) (success)
Tactic call abstract+repeat-rewrite_strat-topdown-regression-cubic ran for 0.152 secs (0.152u,0.s) (success)
Tactic call close-abstract+repeat-rewrite_strat-topdown-regression-quadratic ran for 0.004 secs (0.004u,0.s)
Params: n= 18
Tactic call repeat-rewrite_strat-topdown-regression-cubic ran for 0.169 secs (0.169u,0.s) (success)
Tactic call noop-repeat-rewrite_strat-topdown-regression-cubic ran for 0.006 secs (0.006u,0.s) (success)
Tactic call abstract+repeat-rewrite_strat-topdown-regression-cubic ran for 0.18 secs (0.18u,0.s) (success)
Tactic call close-abstract+repeat-rewrite_strat-topdown-regression-quadratic ran for 0.005 secs (0.005u,0.s)
Params: n= 19
Tactic call repeat-rewrite_strat-topdown-regression-cubic ran for 0.176 secs (0.176u,0.s) (success)
Tactic call noop-repeat-rewrite_strat-topdown-regression-cubic ran for 0.006 secs (0.006u,0.s) (success)
Tactic call abstract+repeat-rewrite_strat-topdown-regression-cubic ran for 0.189 secs (0.189u,0.s) (success)
Tactic call close-abstract+repeat-rewrite_strat-topdown-regression-quadratic ran for 0.005 secs (0.005u,0.s)
Params: n= 21
Tactic call repeat-rewrite_strat-topdown-regression-cubic ran for 0.217 secs (0.213u,0.003s) (success)
Tactic call noop-repeat-rewrite_strat-topdown-regression-cubic ran for 0.007 secs (0.007u,0.s) (success)
Tactic call abstract+repeat-rewrite_strat-topdown-regression-cubic ran for 0.231 secs (0.227u,0.003s) (success)
Tactic call close-abstract+repeat-rewrite_strat-topdown-regression-quadratic ran for 0.006 secs (0.006u,0.s)
Params: n= 22
Tactic call repeat-rewrite_strat-topdown-regression-cubic ran for 0.239 secs (0.239u,0.s) (success)
Tactic call noop-repeat-rewrite_strat-topdown-regression-cubic ran for 0.008 secs (0.008u,0.s) (success)
Tactic call abstract+repeat-rewrite_strat-topdown-regression-cubic ran for 0.254 secs (0.254u,0.s) (success)
Tactic call close-abstract+repeat-rewrite_strat-topdown-regression-quadratic ran for 0.006 secs (0.006u,0.s)
Params: n= 23
Tactic call repeat-rewrite_strat-topdown-regression-cubic ran for 0.263 secs (0.263u,0.s) (success)
Tactic call noop-repeat-rewrite_strat-topdown-regression-cubic ran for 0.008 secs (0.008u,0.s) (success)
Tactic call abstract+repeat-rewrite_strat-topdown-regression-cubic ran for 0.279 secs (0.279u,0.s) (success)
Tactic call close-abstract+repeat-rewrite_strat-topdown-regression-quadratic ran for 0.007 secs (0.007u,0.s)
Params: n= 24
Tactic call repeat-rewrite_strat-topdown-regression-cubic ran for 0.287 secs (0.287u,0.s) (success)
Tactic call noop-repeat-rewrite_strat-topdown-regression-cubic ran for 0.008 secs (0.008u,0.s) (success)
Tactic call abstract+repeat-rewrite_strat-topdown-regression-cubic ran for 0.304 secs (0.304u,0.s) (success)
Tactic call close-abstract+repeat-rewrite_strat-topdown-regression-quadratic ran for 0.008 secs (0.008u,0.s)
Params: n= 25
Tactic call repeat-rewrite_strat-topdown-regression-cubic ran for 0.315 secs (0.315u,0.s) (success)
Tactic call noop-repeat-rewrite_strat-topdown-regression-cubic ran for 0.009 secs (0.009u,0.s) (success)
Tactic call abstract+repeat-rewrite_strat-topdown-regression-cubic ran for 0.333 secs (0.333u,0.s) (success)
Tactic call close-abstract+repeat-rewrite_strat-topdown-regression-quadratic ran for 0.008 secs (0.008u,0.s)
Params: n= 35
Tactic call repeat-rewrite_strat-topdown-regression-cubic ran for 0.682 secs (0.682u,0.s) (success)
Tactic call noop-repeat-rewrite_strat-topdown-regression-cubic ran for 0.015 secs (0.015u,0.s) (success)
Tactic call abstract+repeat-rewrite_strat-topdown-regression-cubic ran for 0.712 secs (0.712u,0.s) (success)
Tactic call close-abstract+repeat-rewrite_strat-topdown-regression-quadratic ran for 0.015 secs (0.015u,0.s)
Params: n= 45
Tactic call repeat-rewrite_strat-topdown-regression-cubic ran for 1.248 secs (1.248u,0.s) (success)
Tactic call noop-repeat-rewrite_strat-topdown-regression-cubic ran for 0.022 secs (0.022u,0.s) (success)
Tactic call abstract+repeat-rewrite_strat-topdown-regression-cubic ran for 1.294 secs (1.294u,0.s) (success)
Tactic call close-abstract+repeat-rewrite_strat-topdown-regression-quadratic ran for 0.023 secs (0.023u,0.s)
Params: n= 50
Tactic call repeat-rewrite_strat-topdown-regression-cubic ran for 1.646 secs (1.644u,0.s) (success)
Tactic call noop-repeat-rewrite_strat-topdown-regression-cubic ran for 0.024 secs (0.024u,0.s) (success)
Tactic call abstract+repeat-rewrite_strat-topdown-regression-cubic ran for 1.701 secs (1.698u,0.s) (success)
Tactic call close-abstract+repeat-rewrite_strat-topdown-regression-quadratic ran for 0.029 secs (0.029u,0.s)
