Params: n= 10
Tactic call repeat-setoid_rewrite-regression-cubic ran for 0.023 secs (0.015u,0.007s) (success)
Tactic call noop-repeat-setoid_rewrite-regression-cubic ran for 0.006 secs (0.005u,0.s) (success)
Params: n= 20
Tactic call repeat-setoid_rewrite-regression-cubic ran for 0.097 secs (0.086u,0.011s) (success)
Tactic call noop-repeat-setoid_rewrite-regression-cubic ran for 0.016 secs (0.016u,0.s) (success)
Params: n= 30
Tactic call repeat-setoid_rewrite-regression-cubic ran for 0.1 secs (0.1u,0.s) (success)
Tactic call noop-repeat-setoid_rewrite-regression-cubic ran for 0.04 secs (0.04u,0.s) (success)
Params: n= 40
Tactic call repeat-setoid_rewrite-regression-cubic ran for 0.178 secs (0.178u,0.s) (success)
Tactic call noop-repeat-setoid_rewrite-regression-cubic ran for 0.08 secs (0.08u,0.s) (success)
Params: n= 60
Tactic call repeat-setoid_rewrite-regression-cubic ran for 0.482 secs (0.482u,0.s) (success)
Tactic call noop-repeat-setoid_rewrite-regression-cubic ran for 0.196 secs (0.196u,0.s) (success)
Params: n= 70
Tactic call repeat-setoid_rewrite-regression-cubic ran for 0.717 secs (0.713u,0.003s) (success)
Tactic call noop-repeat-setoid_rewrite-regression-cubic ran for 0.305 secs (0.305u,0.s) (success)
Params: n= 80
Tactic call repeat-setoid_rewrite-regression-cubic ran for 1.009 secs (1.005u,0.003s) (success)
Tactic call noop-repeat-setoid_rewrite-regression-cubic ran for 0.448 secs (0.448u,0.s) (success)
Params: n= 90
Tactic call repeat-setoid_rewrite-regression-cubic ran for 1.434 secs (1.43u,0.003s) (success)
Tactic call noop-repeat-setoid_rewrite-regression-cubic ran for 0.617 secs (0.617u,0.s) (success)
Params: n= 110
Tactic call repeat-setoid_rewrite-regression-cubic ran for 2.408 secs (2.408u,0.s) (success)
Tactic call noop-repeat-setoid_rewrite-regression-cubic ran for 1.115 secs (1.115u,0.s) (success)
Params: n= 120
Tactic call repeat-setoid_rewrite-regression-cubic ran for 3.044 secs (3.031u,0.011s) (success)
Tactic call noop-repeat-setoid_rewrite-regression-cubic ran for 1.449 secs (1.449u,0.s) (success)
Params: n= 130
Tactic call repeat-setoid_rewrite-regression-cubic ran for 3.828 secs (3.824u,0.003s) (success)
Tactic call noop-repeat-setoid_rewrite-regression-cubic ran for 1.818 secs (1.814u,0.003s) (success)
Params: n= 140
Tactic call repeat-setoid_rewrite-regression-cubic ran for 4.77 secs (4.761u,0.008s) (success)
Tactic call noop-repeat-setoid_rewrite-regression-cubic ran for 2.299 secs (2.299u,0.s) (success)
Params: n= 160
Tactic call repeat-setoid_rewrite-regression-cubic ran for 7.457 secs (7.457u,0.s) (success)
Tactic call noop-repeat-setoid_rewrite-regression-cubic ran for 3.479 secs (3.474u,0.003s) (success)
Params: n= 170
Tactic call repeat-setoid_rewrite-regression-cubic ran for 8.47 secs (8.462u,0.007s) (success)
Tactic call noop-repeat-setoid_rewrite-regression-cubic ran for 4.115 secs (4.111u,0.004s) (success)
Params: n= 180
Tactic call repeat-setoid_rewrite-regression-cubic ran for 10.369 secs (10.369u,0.s) (success)
Tactic call noop-repeat-setoid_rewrite-regression-cubic ran for 5.093 secs (5.093u,0.s) (success)
Params: n= 190
Tactic call repeat-setoid_rewrite-regression-cubic ran for 11.805 secs (11.8u,0.003s) (success)
Tactic call noop-repeat-setoid_rewrite-regression-cubic ran for 5.791 secs (5.79u,0.s) (success)
Params: n= 210
Tactic call repeat-setoid_rewrite-regression-cubic ran for 15.629 secs (15.623u,0.s) (success)
Tactic call noop-repeat-setoid_rewrite-regression-cubic ran for 8.001 secs (8.001u,0.s) (success)
Params: n= 220
Tactic call repeat-setoid_rewrite-regression-cubic ran for 18.818 secs (18.809u,0.007s) (success)
Tactic call noop-repeat-setoid_rewrite-regression-cubic ran for 8.94 secs (8.933u,0.003s) (success)
Params: n= 230
Tactic call repeat-setoid_rewrite-regression-cubic ran for 21.913 secs (21.904u,0.008s) (success)
Tactic call noop-repeat-setoid_rewrite-regression-cubic ran for 11.039 secs (11.038u,0.s) (success)
Params: n= 240
Tactic call repeat-setoid_rewrite-regression-cubic ran for 24.799 secs (24.797u,0.s) (success)
Tactic call noop-repeat-setoid_rewrite-regression-cubic ran for 12.467 secs (12.46u,0.004s) (success)
Params: n= 250
Tactic call repeat-setoid_rewrite-regression-cubic ran for 30.043 secs (30.036u,0.004s) (success)
Tactic call noop-repeat-setoid_rewrite-regression-cubic ran for 13.928 secs (13.927u,0.s) (success)
Params: n= 300
Tactic call repeat-setoid_rewrite-regression-cubic ran for 48.355 secs (48.333u,0.016s) (success)
Tactic call noop-repeat-setoid_rewrite-regression-cubic ran for 23.264 secs (23.248u,0.012s) (success)
Params: n= 400
Tactic call repeat-setoid_rewrite-regression-cubic ran for 117.037 secs (116.985u,0.024s) (success)
Tactic call noop-repeat-setoid_rewrite-regression-cubic ran for 59.611 secs (59.569u,0.036s) (success)
