Params: n= 10
Tactic call setoid_rewrite-regression-cubic ran for 0.014 secs (0.014u,0.s) (success)
Tactic call abstract+setoid_rewrite-regression-cubic ran for 0.02 secs (0.02u,0.s) (success)
Tactic call close-abstract+setoid_rewrite-regression-quadratic ran for 0.005 secs (0.005u,0.s)
Params: n= 20
Tactic call setoid_rewrite-regression-cubic ran for 0.083 secs (0.072u,0.011s) (success)
Tactic call abstract+setoid_rewrite-regression-cubic ran for 0.099 secs (0.087u,0.011s) (success)
Tactic call close-abstract+setoid_rewrite-regression-quadratic ran for 0.015 secs (0.015u,0.s)
Params: n= 30
Tactic call setoid_rewrite-regression-cubic ran for 0.072 secs (0.072u,0.s) (success)
Tactic call abstract+setoid_rewrite-regression-cubic ran for 0.097 secs (0.097u,0.s) (success)
Tactic call close-abstract+setoid_rewrite-regression-quadratic ran for 0.024 secs (0.024u,0.s)
Params: n= 40
Tactic call setoid_rewrite-regression-cubic ran for 0.124 secs (0.124u,0.s) (success)
Tactic call abstract+setoid_rewrite-regression-cubic ran for 0.164 secs (0.164u,0.s) (success)
Tactic call close-abstract+setoid_rewrite-regression-quadratic ran for 0.039 secs (0.039u,0.s)
Params: n= 60
Tactic call setoid_rewrite-regression-cubic ran for 0.314 secs (0.314u,0.s) (success)
Tactic call abstract+setoid_rewrite-regression-cubic ran for 0.403 secs (0.403u,0.s) (success)
Tactic call close-abstract+setoid_rewrite-regression-quadratic ran for 0.088 secs (0.088u,0.s)
Params: n= 70
Tactic call setoid_rewrite-regression-cubic ran for 0.436 secs (0.432u,0.003s) (success)
Tactic call abstract+setoid_rewrite-regression-cubic ran for 0.549 secs (0.545u,0.003s) (success)
Tactic call close-abstract+setoid_rewrite-regression-quadratic ran for 0.113 secs (0.113u,0.s)
Params: n= 80
Tactic call setoid_rewrite-regression-cubic ran for 0.633 secs (0.633u,0.s) (success)
Tactic call abstract+setoid_rewrite-regression-cubic ran for 0.779 secs (0.779u,0.s) (success)
Tactic call close-abstract+setoid_rewrite-regression-quadratic ran for 0.146 secs (0.146u,0.s)
Params: n= 90
Tactic call setoid_rewrite-regression-cubic ran for 0.87 secs (0.87u,0.s) (success)
Tactic call abstract+setoid_rewrite-regression-cubic ran for 1.069 secs (1.069u,0.s) (success)
Tactic call close-abstract+setoid_rewrite-regression-quadratic ran for 0.198 secs (0.198u,0.s)
Params: n= 110
Tactic call setoid_rewrite-regression-cubic ran for 1.467 secs (1.463u,0.003s) (success)
Tactic call abstract+setoid_rewrite-regression-cubic ran for 1.72 secs (1.716u,0.004s) (success)
Tactic call close-abstract+setoid_rewrite-regression-quadratic ran for 0.252 secs (0.252u,0.s)
Params: n= 120
Tactic call setoid_rewrite-regression-cubic ran for 1.983 secs (1.975u,0.007s) (success)
Tactic call abstract+setoid_rewrite-regression-cubic ran for 2.274 secs (2.266u,0.007s) (success)
Tactic call close-abstract+setoid_rewrite-regression-quadratic ran for 0.29 secs (0.29u,0.s)
Params: n= 130
Tactic call setoid_rewrite-regression-cubic ran for 2.235 secs (2.227u,0.008s) (success)
Tactic call abstract+setoid_rewrite-regression-cubic ran for 2.577 secs (2.569u,0.008s) (success)
Tactic call close-abstract+setoid_rewrite-regression-quadratic ran for 0.341 secs (0.341u,0.s)
Params: n= 140
Tactic call setoid_rewrite-regression-cubic ran for 2.751 secs (2.742u,0.008s) (success)
Tactic call abstract+setoid_rewrite-regression-cubic ran for 3.164 secs (3.156u,0.008s) (success)
Tactic call close-abstract+setoid_rewrite-regression-quadratic ran for 0.412 secs (0.412u,0.s)
Params: n= 160
Tactic call setoid_rewrite-regression-cubic ran for 4.311 secs (4.307u,0.003s) (success)
Tactic call abstract+setoid_rewrite-regression-cubic ran for 4.838 secs (4.834u,0.003s) (success)
Tactic call close-abstract+setoid_rewrite-regression-quadratic ran for 0.526 secs (0.526u,0.s)
Params: n= 170
Tactic call setoid_rewrite-regression-cubic ran for 5.051 secs (5.033u,0.015s) (success)
Tactic call abstract+setoid_rewrite-regression-cubic ran for 5.63 secs (5.612u,0.015s) (success)
Tactic call close-abstract+setoid_rewrite-regression-quadratic ran for 0.578 secs (0.578u,0.s)
Params: n= 180
Tactic call setoid_rewrite-regression-cubic ran for 5.662 secs (5.658u,0.003s) (success)
Tactic call abstract+setoid_rewrite-regression-cubic ran for 6.305 secs (6.301u,0.003s) (success)
Tactic call close-abstract+setoid_rewrite-regression-quadratic ran for 0.642 secs (0.642u,0.s)
Params: n= 190
Tactic call setoid_rewrite-regression-cubic ran for 6.778 secs (6.769u,0.008s) (success)
Tactic call abstract+setoid_rewrite-regression-cubic ran for 7.514 secs (7.505u,0.008s) (success)
Tactic call close-abstract+setoid_rewrite-regression-quadratic ran for 0.735 secs (0.735u,0.s)
Params: n= 210
Tactic call setoid_rewrite-regression-cubic ran for 9.29 secs (9.281u,0.007s) (success)
Tactic call abstract+setoid_rewrite-regression-cubic ran for 10.15 secs (10.141u,0.007s) (success)
Tactic call close-abstract+setoid_rewrite-regression-quadratic ran for 0.859 secs (0.858u,0.s)
Params: n= 220
Tactic call setoid_rewrite-regression-cubic ran for 10.342 secs (10.329u,0.012s) (success)
Tactic call abstract+setoid_rewrite-regression-cubic ran for 11.272 secs (11.26u,0.012s) (success)
Tactic call close-abstract+setoid_rewrite-regression-quadratic ran for 0.929 secs (0.929u,0.s)
Params: n= 230
Tactic call setoid_rewrite-regression-cubic ran for 11.965 secs (11.961u,0.004s) (success)
Tactic call abstract+setoid_rewrite-regression-cubic ran for 13.018 secs (13.013u,0.004s) (success)
Tactic call close-abstract+setoid_rewrite-regression-quadratic ran for 1.051 secs (1.051u,0.s)
Params: n= 240
Tactic call setoid_rewrite-regression-cubic ran for 13.685 secs (13.666u,0.016s) (success)
Tactic call abstract+setoid_rewrite-regression-cubic ran for 14.839 secs (14.82u,0.016s) (success)
Tactic call close-abstract+setoid_rewrite-regression-quadratic ran for 1.153 secs (1.153u,0.s)
Params: n= 250
Tactic call setoid_rewrite-regression-cubic ran for 15.652 secs (15.648u,0.003s) (success)
Tactic call abstract+setoid_rewrite-regression-cubic ran for 16.928 secs (16.924u,0.003s) (success)
Tactic call close-abstract+setoid_rewrite-regression-quadratic ran for 1.274 secs (1.274u,0.s)
Params: n= 300
Tactic call setoid_rewrite-regression-cubic ran for 27.365 secs (27.348u,0.016s) (success)
Tactic call abstract+setoid_rewrite-regression-cubic ran for 29.152 secs (29.135u,0.016s) (success)
Tactic call close-abstract+setoid_rewrite-regression-quadratic ran for 1.785 secs (1.785u,0.s)
Params: n= 400
Tactic call setoid_rewrite-regression-cubic ran for 64.424 secs (64.327u,0.092s) (success)
Tactic call abstract+setoid_rewrite-regression-cubic ran for 67.439 secs (67.341u,0.092s) (success)
Tactic call close-abstract+setoid_rewrite-regression-quadratic ran for 3.012 secs (3.012u,0.s)
