Params: n= 110
Tactic call reify-regression-cubic ran for 1.89 secs (1.869u,0.02s)
Tactic call abstract-regression-linear ran for 0.006 secs (0.006u,0.s) (success)
Params: n= 120
Tactic call reify-regression-cubic ran for 2.159 secs (2.151u,0.007s)
Tactic call abstract-regression-linear ran for 0.007 secs (0.007u,0.s) (success)
Params: n= 130
Tactic call reify-regression-cubic ran for 2.738 secs (2.722u,0.016s)
Tactic call abstract-regression-linear ran for 0.007 secs (0.007u,0.s) (success)
Params: n= 140
Tactic call reify-regression-cubic ran for 3.27 secs (3.27u,0.s)
Tactic call abstract-regression-linear ran for 0.008 secs (0.008u,0.s) (success)
Params: n= 150
Tactic call reify-regression-cubic ran for 3.874 secs (3.874u,0.s)
Tactic call abstract-regression-linear ran for 0.009 secs (0.009u,0.s) (success)
Params: n= 160
Tactic call reify-regression-cubic ran for 4.612 secs (4.608u,0.003s)
Tactic call abstract-regression-linear ran for 0.009 secs (0.009u,0.s) (success)
Params: n= 170
Tactic call reify-regression-cubic ran for 5.359 secs (5.347u,0.011s)
Tactic call abstract-regression-linear ran for 0.01 secs (0.01u,0.s) (success)
Params: n= 180
Tactic call reify-regression-cubic ran for 6.278 secs (6.261u,0.015s)
Tactic call abstract-regression-linear ran for 0.01 secs (0.01u,0.s) (success)
Params: n= 190
Tactic call reify-regression-cubic ran for 7.235 secs (7.226u,0.007s)
Tactic call abstract-regression-linear ran for 0.012 secs (0.012u,0.s) (success)
Params: n= 200
Tactic call reify-regression-cubic ran for 8.361 secs (8.357u,0.004s)
Tactic call abstract-regression-linear ran for 0.012 secs (0.012u,0.s) (success)
Params: n= 210
Tactic call reify-regression-cubic ran for 9.435 secs (9.419u,0.016s)
Tactic call abstract-regression-linear ran for 0.012 secs (0.012u,0.s) (success)
Params: n= 220
Tactic call reify-regression-cubic ran for 10.845 secs (10.844u,0.s)
Tactic call abstract-regression-linear ran for 0.012 secs (0.012u,0.s) (success)
Params: n= 230
Tactic call reify-regression-cubic ran for 12.084 secs (12.084u,0.s)
Tactic call abstract-regression-linear ran for 0.014 secs (0.014u,0.s) (success)
Params: n= 240
Tactic call reify-regression-cubic ran for 14.22 secs (14.219u,0.s)
Tactic call abstract-regression-linear ran for 0.019 secs (0.019u,0.s) (success)
Params: n= 250
Tactic call reify-regression-cubic ran for 15.269 secs (15.268u,0.s)
Tactic call abstract-regression-linear ran for 0.013 secs (0.013u,0.s) (success)
Params: n= 260
Tactic call reify-regression-cubic ran for 17.44 secs (17.411u,0.028s)
Tactic call abstract-regression-linear ran for 0.014 secs (0.01u,0.003s) (success)
Params: n= 270
Tactic call reify-regression-cubic ran for 18.843 secs (18.842u,0.s)
Tactic call abstract-regression-linear ran for 0.017 secs (0.017u,0.s) (success)
Params: n= 280
Tactic call reify-regression-cubic ran for 20.777 secs (20.76u,0.015s)
Tactic call abstract-regression-linear ran for 0.016 secs (0.016u,0.s) (success)
Params: n= 290
Tactic call reify-regression-cubic ran for 23.168 secs (23.158u,0.007s)
Tactic call abstract-regression-linear ran for 0.016 secs (0.016u,0.s) (success)
Params: n= 300
Tactic call reify-regression-cubic ran for 25.414 secs (25.404u,0.008s)
Tactic call abstract-regression-linear ran for 0.017 secs (0.017u,0.s) (success)
Params: n= 350
Tactic call reify-regression-cubic ran for 39.834 secs (39.804u,0.028s)
Tactic call abstract-regression-linear ran for 0.021 secs (0.021u,0.s) (success)
Params: n= 400
Tactic call reify-regression-cubic ran for 58.238 secs (58.231u,0.003s)
Tactic call abstract-regression-linear ran for 0.026 secs (0.026u,0.s) (success)
Params: n= 450
Tactic call reify-regression-cubic ran for 83.257 secs (83.184u,0.068s)
Tactic call abstract-regression-linear ran for 0.027 secs (0.027u,0.s) (success)
Params: n= 500
Tactic call reify-regression-cubic ran for 112.797 secs (112.778u,0.012s)
Tactic call abstract-regression-linear ran for 0.043 secs (0.043u,0.s) (success)
