Params: n= 11
Tactic call cbv-regression-quadratic ran for 0. secs (0.u,0.s) (success)
Params: n= 19
Tactic call cbv-regression-quadratic ran for 0.001 secs (0.u,0.001s) (success)
Params: n= 28
Tactic call cbv-regression-quadratic ran for 0.001 secs (0.u,0.001s) (success)
Params: n= 36
Tactic call cbv-regression-quadratic ran for 0.002 secs (0.u,0.002s) (success)
Params: n= 45
Tactic call cbv-regression-quadratic ran for 0.067 secs (0.054u,0.012s) (success)
Params: n= 53
Tactic call cbv-regression-quadratic ran for 0.002 secs (0.002u,0.s) (success)
Params: n= 62
Tactic call cbv-regression-quadratic ran for 0.003 secs (0.003u,0.s) (success)
Params: n= 71
Tactic call cbv-regression-quadratic ran for 0.003 secs (0.003u,0.s) (success)
Params: n= 79
Tactic call cbv-regression-quadratic ran for 0.004 secs (0.004u,0.s) (success)
Params: n= 88
Tactic call cbv-regression-quadratic ran for 0.004 secs (0.004u,0.s) (success)
Params: n= 96
Tactic call cbv-regression-quadratic ran for 0.005 secs (0.005u,0.s) (success)
Params: n= 105
Tactic call cbv-regression-quadratic ran for 0.023 secs (0.023u,0.s) (success)
Params: n= 113
Tactic call cbv-regression-quadratic ran for 0.007 secs (0.007u,0.s) (success)
Params: n= 122
Tactic call cbv-regression-quadratic ran for 0.008 secs (0.008u,0.s) (success)
Params: n= 130
Tactic call cbv-regression-quadratic ran for 0.009 secs (0.009u,0.s) (success)
Params: n= 139
Tactic call cbv-regression-quadratic ran for 0.011 secs (0.011u,0.s) (success)
Params: n= 148
Tactic call cbv-regression-quadratic ran for 0.011 secs (0.011u,0.s) (success)
Params: n= 156
Tactic call cbv-regression-quadratic ran for 0.012 secs (0.012u,0.s) (success)
Params: n= 165
Tactic call cbv-regression-quadratic ran for 0.013 secs (0.013u,0.s) (success)
Params: n= 173
Tactic call cbv-regression-quadratic ran for 0.014 secs (0.014u,0.s) (success)
Params: n= 182
Tactic call cbv-regression-quadratic ran for 0.016 secs (0.016u,0.s) (success)
Params: n= 190
Tactic call cbv-regression-quadratic ran for 0.024 secs (0.024u,0.s) (success)
Params: n= 199
Tactic call cbv-regression-quadratic ran for 0.017 secs (0.017u,0.s) (success)
Params: n= 208
Tactic call cbv-regression-quadratic ran for 0.019 secs (0.019u,0.s) (success)
Params: n= 216
Tactic call cbv-regression-quadratic ran for 0.03 secs (0.03u,0.s) (success)
Params: n= 225
Tactic call cbv-regression-quadratic ran for 0.021 secs (0.021u,0.s) (success)
Params: n= 233
Tactic call cbv-regression-quadratic ran for 0.022 secs (0.022u,0.s) (success)
Params: n= 242
Tactic call cbv-regression-quadratic ran for 0.024 secs (0.024u,0.s) (success)
Params: n= 250
Tactic call cbv-regression-quadratic ran for 0.11 secs (0.11u,0.s) (success)
Params: n= 259
Tactic call cbv-regression-quadratic ran for 0.027 secs (0.027u,0.s) (success)
Params: n= 268
Tactic call cbv-regression-quadratic ran for 0.072 secs (0.072u,0.s) (success)
Params: n= 276
Tactic call cbv-regression-quadratic ran for 0.031 secs (0.031u,0.s) (success)
Params: n= 285
Tactic call cbv-regression-quadratic ran for 0.055 secs (0.055u,0.s) (success)
Params: n= 293
Tactic call cbv-regression-quadratic ran for 0.034 secs (0.034u,0.s) (success)
Params: n= 302
Tactic call cbv-regression-quadratic ran for 0.035 secs (0.035u,0.s) (success)
Params: n= 310
Tactic call cbv-regression-quadratic ran for 0.037 secs (0.037u,0.s) (success)
Params: n= 319
Tactic call cbv-regression-quadratic ran for 0.048 secs (0.048u,0.s) (success)
Params: n= 328
Tactic call cbv-regression-quadratic ran for 0.052 secs (0.052u,0.s) (success)
Params: n= 336
Tactic call cbv-regression-quadratic ran for 0.044 secs (0.044u,0.s) (success)
Params: n= 345
Tactic call cbv-regression-quadratic ran for 0.13 secs (0.13u,0.s) (success)
Params: n= 353
Tactic call cbv-regression-quadratic ran for 0.091 secs (0.091u,0.s) (success)
Params: n= 362
Tactic call cbv-regression-quadratic ran for 0.05 secs (0.046u,0.003s) (success)
Params: n= 370
Tactic call cbv-regression-quadratic ran for 0.075 secs (0.075u,0.s) (success)
Params: n= 379
Tactic call cbv-regression-quadratic ran for 0.054 secs (0.054u,0.s) (success)
Params: n= 387
Tactic call cbv-regression-quadratic ran for 0.056 secs (0.056u,0.s) (success)
Params: n= 396
Tactic call cbv-regression-quadratic ran for 0.058 secs (0.058u,0.s) (success)
Params: n= 405
Tactic call cbv-regression-quadratic ran for 0.06 secs (0.06u,0.s) (success)
Params: n= 413
Tactic call cbv-regression-quadratic ran for 0.063 secs (0.063u,0.s) (success)
Params: n= 422
Tactic call cbv-regression-quadratic ran for 0.064 secs (0.064u,0.s) (success)
Params: n= 430
Tactic call cbv-regression-quadratic ran for 0.066 secs (0.066u,0.s) (success)
Params: n= 439
Tactic call cbv-regression-quadratic ran for 0.068 secs (0.068u,0.s) (success)
Params: n= 447
Tactic call cbv-regression-quadratic ran for 0.071 secs (0.071u,0.s) (success)
Params: n= 456
Tactic call cbv-regression-quadratic ran for 0.073 secs (0.073u,0.s) (success)
Params: n= 465
Tactic call cbv-regression-quadratic ran for 0.076 secs (0.076u,0.s) (success)
Params: n= 473
Tactic call cbv-regression-quadratic ran for 0.077 secs (0.077u,0.s) (success)
Params: n= 482
Tactic call cbv-regression-quadratic ran for 0.081 secs (0.081u,0.s) (success)
Params: n= 490
Tactic call cbv-regression-quadratic ran for 0.083 secs (0.083u,0.s) (success)
Params: n= 499
Tactic call cbv-regression-quadratic ran for 0.089 secs (0.085u,0.004s) (success)
Params: n= 507
Tactic call cbv-regression-quadratic ran for 0.09 secs (0.087u,0.003s) (success)
Params: n= 516
Tactic call cbv-regression-quadratic ran for 0.093 secs (0.093u,0.s) (success)
Params: n= 525
Tactic call cbv-regression-quadratic ran for 0.097 secs (0.097u,0.s) (success)
Params: n= 533
Tactic call cbv-regression-quadratic ran for 0.099 secs (0.095u,0.003s) (success)
Params: n= 542
Tactic call cbv-regression-quadratic ran for 0.103 secs (0.103u,0.s) (success)
Params: n= 550
Tactic call cbv-regression-quadratic ran for 0.104 secs (0.104u,0.s) (success)
Params: n= 559
Tactic call cbv-regression-quadratic ran for 0.105 secs (0.105u,0.s) (success)
Params: n= 567
Tactic call cbv-regression-quadratic ran for 0.107 secs (0.107u,0.s) (success)
Params: n= 576
Tactic call cbv-regression-quadratic ran for 0.111 secs (0.111u,0.s) (success)
Params: n= 585
Tactic call cbv-regression-quadratic ran for 0.115 secs (0.115u,0.s) (success)
Params: n= 593
Tactic call cbv-regression-quadratic ran for 0.125 secs (0.125u,0.s) (success)
Params: n= 602
Tactic call cbv-regression-quadratic ran for 0.125 secs (0.125u,0.s) (success)
Params: n= 610
Tactic call cbv-regression-quadratic ran for 0.128 secs (0.124u,0.003s) (success)
Params: n= 619
Tactic call cbv-regression-quadratic ran for 0.13 secs (0.13u,0.s) (success)
Params: n= 627
Tactic call cbv-regression-quadratic ran for 0.134 secs (0.134u,0.s) (success)
Params: n= 636
Tactic call cbv-regression-quadratic ran for 0.136 secs (0.136u,0.s) (success)
Params: n= 644
Tactic call cbv-regression-quadratic ran for 0.138 secs (0.138u,0.s) (success)
Params: n= 653
Tactic call cbv-regression-quadratic ran for 0.139 secs (0.139u,0.s) (success)
Params: n= 662
Tactic call cbv-regression-quadratic ran for 0.147 secs (0.147u,0.s) (success)
Params: n= 670
Tactic call cbv-regression-quadratic ran for 0.15 secs (0.15u,0.s) (success)
Params: n= 679
Tactic call cbv-regression-quadratic ran for 0.155 secs (0.155u,0.s) (success)
Params: n= 687
Tactic call cbv-regression-quadratic ran for 0.156 secs (0.156u,0.s) (success)
Params: n= 696
Tactic call cbv-regression-quadratic ran for 0.157 secs (0.157u,0.s) (success)
Params: n= 704
Tactic call cbv-regression-quadratic ran for 0.16 secs (0.16u,0.s) (success)
Params: n= 713
Tactic call cbv-regression-quadratic ran for 0.169 secs (0.168u,0.s) (success)
Params: n= 744
Tactic call cbv-regression-quadratic ran for 0.18 secs (0.177u,0.003s) (success)
Params: n= 775
Tactic call cbv-regression-quadratic ran for 0.192 secs (0.192u,0.s) (success)
Params: n= 806
Tactic call cbv-regression-quadratic ran for 0.21 secs (0.21u,0.s) (success)
Params: n= 837
Tactic call cbv-regression-quadratic ran for 0.229 secs (0.229u,0.s) (success)
Params: n= 868
Tactic call cbv-regression-quadratic ran for 0.244 secs (0.244u,0.s) (success)
Params: n= 898
Tactic call cbv-regression-quadratic ran for 0.26 secs (0.256u,0.003s) (success)
Params: n= 929
Tactic call cbv-regression-quadratic ran for 0.27 secs (0.27u,0.s) (success)
Params: n= 960
Tactic call cbv-regression-quadratic ran for 0.288 secs (0.288u,0.s) (success)
Params: n= 991
Tactic call cbv-regression-quadratic ran for 0.304 secs (0.304u,0.s) (success)
Params: n= 1022
Tactic call cbv-regression-quadratic ran for 0.329 secs (0.329u,0.s) (success)
Params: n= 1053
Tactic call cbv-regression-quadratic ran for 0.344 secs (0.344u,0.s) (success)
Params: n= 1084
Tactic call cbv-regression-quadratic ran for 0.367 secs (0.365u,0.s) (success)
Params: n= 1115
Tactic call cbv-regression-quadratic ran for 0.382 secs (0.382u,0.s) (success)
Params: n= 1146
Tactic call cbv-regression-quadratic ran for 0.41 secs (0.41u,0.s) (success)
Params: n= 1177
Tactic call cbv-regression-quadratic ran for 0.423 secs (0.419u,0.003s) (success)
Params: n= 1208
Tactic call cbv-regression-quadratic ran for 0.449 secs (0.449u,0.s) (success)
Params: n= 1239
Tactic call cbv-regression-quadratic ran for 0.473 secs (0.473u,0.s) (success)
Params: n= 1269
Tactic call cbv-regression-quadratic ran for 0.492 secs (0.488u,0.003s) (success)
Params: n= 1300
Tactic call cbv-regression-quadratic ran for 0.542 secs (0.542u,0.s) (success)
Params: n= 1331
Tactic call cbv-regression-quadratic ran for 0.557 secs (0.557u,0.s) (success)
Params: n= 1362
Tactic call cbv-regression-quadratic ran for 0.557 secs (0.556u,0.s) (success)
Params: n= 1393
Tactic call cbv-regression-quadratic ran for 0.595 secs (0.595u,0.s) (success)
Params: n= 1424
Tactic call cbv-regression-quadratic ran for 0.614 secs (0.613u,0.s) (success)
Params: n= 1566
Tactic call cbv-regression-quadratic ran for 0.732 secs (0.727u,0.003s) (success)
Params: n= 1709
Tactic call cbv-regression-quadratic ran for 0.867 secs (0.867u,0.s) (success)
Params: n= 1851
Tactic call cbv-regression-quadratic ran for 1.006 secs (1.006u,0.s) (success)
Params: n= 1993
Tactic call cbv-regression-quadratic ran for 1.172 secs (1.167u,0.004s) (success)
Params: n= 2136
Tactic call cbv-regression-quadratic ran for 1.331 secs (1.331u,0.s) (success)
Params: n= 2278
Tactic call cbv-regression-quadratic ran for 1.487 secs (1.487u,0.s) (success)
Params: n= 2420
Tactic call cbv-regression-quadratic ran for 1.708 secs (1.704u,0.003s) (success)
Params: n= 2562
Tactic call cbv-regression-quadratic ran for 1.886 secs (1.876u,0.008s) (success)
Params: n= 2705
Tactic call cbv-regression-quadratic ran for 2.106 secs (2.106u,0.s) (success)
Params: n= 2847
Tactic call cbv-regression-quadratic ran for 2.312 secs (2.312u,0.s) (success)
Params: n= 3416
Tactic call cbv-regression-quadratic ran for 3.286 secs (3.278u,0.007s) (success)
Params: n= 3985
Tactic call cbv-regression-quadratic ran for 4.415 secs (4.41u,0.004s) (success)
Params: n= 4555
Tactic call cbv-regression-quadratic ran for 5.762 secs (5.759u,0.s) (success)
Params: n= 5124
Tactic call cbv-regression-quadratic ran for 7.293 secs (7.275u,0.016s) (success)
Params: n= 5693
Tactic call cbv-regression-quadratic ran for 8.952 secs (8.937u,0.012s) (success)
