Params: n= 4
Tactic call rewrite_strat-bottomup ran for 0.002 secs (0.002u,0.s) (success)
Tactic call rewrite_strat-bottomup-noop ran for 0. secs (0.u,0.s) (success)
Tactic call abstract+rewrite_strat-bottomup ran for 0.003 secs (0.003u,0.s) (success)
Tactic call close-abstract+rewrite_strat-bottomup ran for 0.001 secs (0.001u,0.s)
Params: n= 5
Tactic call rewrite_strat-bottomup ran for 0.003 secs (0.003u,0.s) (success)
Tactic call rewrite_strat-bottomup-noop ran for 0. secs (0.u,0.s) (success)
Tactic call abstract+rewrite_strat-bottomup ran for 0.004 secs (0.004u,0.s) (success)
Tactic call close-abstract+rewrite_strat-bottomup ran for 0. secs (0.u,0.s)
Params: n= 6
Tactic call rewrite_strat-bottomup ran for 0.003 secs (0.u,0.003s) (success)
Tactic call rewrite_strat-bottomup-noop ran for 0. secs (0.u,0.s) (success)
Tactic call abstract+rewrite_strat-bottomup ran for 0.005 secs (0.001u,0.003s) (success)
Tactic call close-abstract+rewrite_strat-bottomup ran for 0.001 secs (0.001u,0.s)
Params: n= 7
Tactic call rewrite_strat-bottomup ran for 0.004 secs (0.004u,0.s) (success)
Tactic call rewrite_strat-bottomup-noop ran for 0. secs (0.u,0.s) (success)
Tactic call abstract+rewrite_strat-bottomup ran for 0.006 secs (0.006u,0.s) (success)
Tactic call close-abstract+rewrite_strat-bottomup ran for 0.001 secs (0.001u,0.s)
Params: n= 8
Tactic call rewrite_strat-bottomup ran for 0.005 secs (0.002u,0.003s) (success)
Tactic call rewrite_strat-bottomup-noop ran for 0. secs (0.u,0.s) (success)
Tactic call abstract+rewrite_strat-bottomup ran for 0.007 secs (0.003u,0.003s) (success)
Tactic call close-abstract+rewrite_strat-bottomup ran for 0.001 secs (0.001u,0.s)
Params: n= 9
Tactic call rewrite_strat-bottomup ran for 0.006 secs (0.002u,0.003s) (success)
Tactic call rewrite_strat-bottomup-noop ran for 0. secs (0.u,0.s) (success)
Tactic call abstract+rewrite_strat-bottomup ran for 0.008 secs (0.004u,0.003s) (success)
Tactic call close-abstract+rewrite_strat-bottomup ran for 0.002 secs (0.002u,0.s)
Params: n= 10
Tactic call rewrite_strat-bottomup ran for 0.006 secs (0.003u,0.003s) (success)
Tactic call rewrite_strat-bottomup-noop ran for 0.054 secs (0.046u,0.008s) (success)
Tactic call abstract+rewrite_strat-bottomup ran for 0.063 secs (0.051u,0.012s) (success)
Tactic call close-abstract+rewrite_strat-bottomup ran for 0.001 secs (0.001u,0.s)
Params: n= 11
Tactic call rewrite_strat-bottomup ran for 0.005 secs (0.005u,0.s) (success)
Tactic call rewrite_strat-bottomup-noop ran for 0. secs (0.u,0.s) (success)
Tactic call abstract+rewrite_strat-bottomup ran for 0.007 secs (0.007u,0.s) (success)
Tactic call close-abstract+rewrite_strat-bottomup ran for 0.001 secs (0.001u,0.s)
Params: n= 12
Tactic call rewrite_strat-bottomup ran for 0.005 secs (0.005u,0.s) (success)
Tactic call rewrite_strat-bottomup-noop ran for 0. secs (0.u,0.s) (success)
Tactic call abstract+rewrite_strat-bottomup ran for 0.008 secs (0.008u,0.s) (success)
Tactic call close-abstract+rewrite_strat-bottomup ran for 0.002 secs (0.002u,0.s)
Params: n= 13
Tactic call rewrite_strat-bottomup ran for 0.006 secs (0.006u,0.s) (success)
Tactic call rewrite_strat-bottomup-noop ran for 0. secs (0.u,0.s) (success)
Tactic call abstract+rewrite_strat-bottomup ran for 0.009 secs (0.009u,0.s) (success)
Tactic call close-abstract+rewrite_strat-bottomup ran for 0.002 secs (0.002u,0.s)
Params: n= 14
Tactic call rewrite_strat-bottomup ran for 0.007 secs (0.007u,0.s) (success)
Tactic call rewrite_strat-bottomup-noop ran for 0. secs (0.u,0.s) (success)
Tactic call abstract+rewrite_strat-bottomup ran for 0.01 secs (0.01u,0.s) (success)
Tactic call close-abstract+rewrite_strat-bottomup ran for 0.002 secs (0.002u,0.s)
Params: n= 15
Tactic call rewrite_strat-bottomup ran for 0.008 secs (0.008u,0.s) (success)
Tactic call rewrite_strat-bottomup-noop ran for 0. secs (0.u,0.s) (success)
Tactic call abstract+rewrite_strat-bottomup ran for 0.011 secs (0.011u,0.s) (success)
Tactic call close-abstract+rewrite_strat-bottomup ran for 0.003 secs (0.003u,0.s)
Params: n= 16
Tactic call rewrite_strat-bottomup ran for 0.008 secs (0.008u,0.s) (success)
Tactic call rewrite_strat-bottomup-noop ran for 0. secs (0.u,0.s) (success)
Tactic call abstract+rewrite_strat-bottomup ran for 0.012 secs (0.012u,0.s) (success)
Tactic call close-abstract+rewrite_strat-bottomup ran for 0.003 secs (0.003u,0.s)
Params: n= 17
Tactic call rewrite_strat-bottomup ran for 0.011 secs (0.011u,0.s) (success)
Tactic call rewrite_strat-bottomup-noop ran for 0. secs (0.u,0.s) (success)
Tactic call abstract+rewrite_strat-bottomup ran for 0.016 secs (0.016u,0.s) (success)
Tactic call close-abstract+rewrite_strat-bottomup ran for 0.004 secs (0.004u,0.s)
Params: n= 18
Tactic call rewrite_strat-bottomup ran for 0.01 secs (0.01u,0.s) (success)
Tactic call rewrite_strat-bottomup-noop ran for 0. secs (0.u,0.s) (success)
Tactic call abstract+rewrite_strat-bottomup ran for 0.015 secs (0.015u,0.s) (success)
Tactic call close-abstract+rewrite_strat-bottomup ran for 0.004 secs (0.004u,0.s)
Params: n= 19
Tactic call rewrite_strat-bottomup ran for 0.011 secs (0.011u,0.s) (success)
Tactic call rewrite_strat-bottomup-noop ran for 0. secs (0.u,0.s) (success)
Tactic call abstract+rewrite_strat-bottomup ran for 0.017 secs (0.017u,0.s) (success)
Tactic call close-abstract+rewrite_strat-bottomup ran for 0.004 secs (0.004u,0.s)
Params: n= 20
Tactic call rewrite_strat-bottomup ran for 0.012 secs (0.012u,0.s) (success)
Tactic call rewrite_strat-bottomup-noop ran for 0. secs (0.u,0.s) (success)
Tactic call abstract+rewrite_strat-bottomup ran for 0.018 secs (0.018u,0.s) (success)
Tactic call close-abstract+rewrite_strat-bottomup ran for 0.005 secs (0.005u,0.s)
Params: n= 21
Tactic call rewrite_strat-bottomup ran for 0.016 secs (0.016u,0.s) (success)
Tactic call rewrite_strat-bottomup-noop ran for 0. secs (0.u,0.s) (success)
Tactic call abstract+rewrite_strat-bottomup ran for 0.023 secs (0.023u,0.s) (success)
Tactic call close-abstract+rewrite_strat-bottomup ran for 0.005 secs (0.005u,0.s)
Params: n= 22
Tactic call rewrite_strat-bottomup ran for 0.014 secs (0.014u,0.s) (success)
Tactic call rewrite_strat-bottomup-noop ran for 0. secs (0.u,0.s) (success)
Tactic call abstract+rewrite_strat-bottomup ran for 0.021 secs (0.021u,0.s) (success)
Tactic call close-abstract+rewrite_strat-bottomup ran for 0.006 secs (0.006u,0.s)
Params: n= 23
Tactic call rewrite_strat-bottomup ran for 0.015 secs (0.015u,0.s) (success)
Tactic call rewrite_strat-bottomup-noop ran for 0. secs (0.u,0.s) (success)
Tactic call abstract+rewrite_strat-bottomup ran for 0.023 secs (0.023u,0.s) (success)
Tactic call close-abstract+rewrite_strat-bottomup ran for 0.007 secs (0.007u,0.s)
Params: n= 24
Tactic call rewrite_strat-bottomup ran for 0.016 secs (0.016u,0.s) (success)
Tactic call rewrite_strat-bottomup-noop ran for 0. secs (0.u,0.s) (success)
Tactic call abstract+rewrite_strat-bottomup ran for 0.025 secs (0.025u,0.s) (success)
Tactic call close-abstract+rewrite_strat-bottomup ran for 0.008 secs (0.008u,0.s)
Params: n= 25
Tactic call rewrite_strat-bottomup ran for 0.017 secs (0.017u,0.s) (success)
Tactic call rewrite_strat-bottomup-noop ran for 0. secs (0.u,0.s) (success)
Tactic call abstract+rewrite_strat-bottomup ran for 0.026 secs (0.026u,0.s) (success)
Tactic call close-abstract+rewrite_strat-bottomup ran for 0.008 secs (0.008u,0.s)
Params: n= 26
Tactic call rewrite_strat-bottomup ran for 0.018 secs (0.018u,0.s) (success)
Tactic call rewrite_strat-bottomup-noop ran for 0. secs (0.u,0.s) (success)
Tactic call abstract+rewrite_strat-bottomup ran for 0.027 secs (0.027u,0.s) (success)
Tactic call close-abstract+rewrite_strat-bottomup ran for 0.008 secs (0.008u,0.s)
Params: n= 27
Tactic call rewrite_strat-bottomup ran for 0.022 secs (0.021u,0.s) (success)
Tactic call rewrite_strat-bottomup-noop ran for 0. secs (0.u,0.s) (success)
Tactic call abstract+rewrite_strat-bottomup ran for 0.032 secs (0.032u,0.s) (success)
Tactic call close-abstract+rewrite_strat-bottomup ran for 0.009 secs (0.009u,0.s)
Params: n= 28
Tactic call rewrite_strat-bottomup ran for 0.02 secs (0.02u,0.s) (success)
Tactic call rewrite_strat-bottomup-noop ran for 0. secs (0.u,0.s) (success)
Tactic call abstract+rewrite_strat-bottomup ran for 0.031 secs (0.031u,0.s) (success)
Tactic call close-abstract+rewrite_strat-bottomup ran for 0.009 secs (0.009u,0.s)
Params: n= 29
Tactic call rewrite_strat-bottomup ran for 0.022 secs (0.022u,0.s) (success)
Tactic call rewrite_strat-bottomup-noop ran for 0. secs (0.u,0.s) (success)
Tactic call abstract+rewrite_strat-bottomup ran for 0.034 secs (0.034u,0.s) (success)
Tactic call close-abstract+rewrite_strat-bottomup ran for 0.011 secs (0.011u,0.s)
Params: n= 30
Tactic call rewrite_strat-bottomup ran for 0.023 secs (0.023u,0.s) (success)
Tactic call rewrite_strat-bottomup-noop ran for 0. secs (0.u,0.s) (success)
Tactic call abstract+rewrite_strat-bottomup ran for 0.035 secs (0.035u,0.s) (success)
Tactic call close-abstract+rewrite_strat-bottomup ran for 0.011 secs (0.011u,0.s)
Params: n= 31
Tactic call rewrite_strat-bottomup ran for 0.024 secs (0.024u,0.s) (success)
Tactic call rewrite_strat-bottomup-noop ran for 0. secs (0.u,0.s) (success)
Tactic call abstract+rewrite_strat-bottomup ran for 0.04 secs (0.04u,0.s) (success)
Tactic call close-abstract+rewrite_strat-bottomup ran for 0.014 secs (0.014u,0.s)
Params: n= 32
Tactic call rewrite_strat-bottomup ran for 0.026 secs (0.026u,0.s) (success)
Tactic call rewrite_strat-bottomup-noop ran for 0. secs (0.u,0.s) (success)
Tactic call abstract+rewrite_strat-bottomup ran for 0.039 secs (0.039u,0.s) (success)
Tactic call close-abstract+rewrite_strat-bottomup ran for 0.012 secs (0.012u,0.s)
Params: n= 33
Tactic call rewrite_strat-bottomup ran for 0.027 secs (0.027u,0.s) (success)
Tactic call rewrite_strat-bottomup-noop ran for 0. secs (0.u,0.s) (success)
Tactic call abstract+rewrite_strat-bottomup ran for 0.043 secs (0.043u,0.s) (success)
Tactic call close-abstract+rewrite_strat-bottomup ran for 0.015 secs (0.015u,0.s)
Params: n= 34
Tactic call rewrite_strat-bottomup ran for 0.029 secs (0.029u,0.s) (success)
Tactic call rewrite_strat-bottomup-noop ran for 0. secs (0.u,0.s) (success)
Tactic call abstract+rewrite_strat-bottomup ran for 0.044 secs (0.044u,0.s) (success)
Tactic call close-abstract+rewrite_strat-bottomup ran for 0.014 secs (0.014u,0.s)
Params: n= 35
Tactic call rewrite_strat-bottomup ran for 0.033 secs (0.033u,0.s) (success)
Tactic call rewrite_strat-bottomup-noop ran for 0. secs (0.u,0.s) (success)
Tactic call abstract+rewrite_strat-bottomup ran for 0.049 secs (0.049u,0.s) (success)
Tactic call close-abstract+rewrite_strat-bottomup ran for 0.015 secs (0.015u,0.s)
Params: n= 36
Tactic call rewrite_strat-bottomup ran for 0.032 secs (0.032u,0.s) (success)
Tactic call rewrite_strat-bottomup-noop ran for 0. secs (0.u,0.s) (success)
Tactic call abstract+rewrite_strat-bottomup ran for 0.049 secs (0.049u,0.s) (success)
Tactic call close-abstract+rewrite_strat-bottomup ran for 0.016 secs (0.016u,0.s)
Params: n= 37
Tactic call rewrite_strat-bottomup ran for 0.035 secs (0.035u,0.s) (success)
Tactic call rewrite_strat-bottomup-noop ran for 0. secs (0.u,0.s) (success)
Tactic call abstract+rewrite_strat-bottomup ran for 0.053 secs (0.053u,0.s) (success)
Tactic call close-abstract+rewrite_strat-bottomup ran for 0.016 secs (0.016u,0.s)
Params: n= 38
Tactic call rewrite_strat-bottomup ran for 0.037 secs (0.037u,0.s) (success)
Tactic call rewrite_strat-bottomup-noop ran for 0. secs (0.u,0.s) (success)
Tactic call abstract+rewrite_strat-bottomup ran for 0.056 secs (0.056u,0.s) (success)
Tactic call close-abstract+rewrite_strat-bottomup ran for 0.017 secs (0.017u,0.s)
Params: n= 39
Tactic call rewrite_strat-bottomup ran for 0.036 secs (0.036u,0.s) (success)
Tactic call rewrite_strat-bottomup-noop ran for 0. secs (0.u,0.s) (success)
Tactic call abstract+rewrite_strat-bottomup ran for 0.058 secs (0.058u,0.s) (success)
Tactic call close-abstract+rewrite_strat-bottomup ran for 0.02 secs (0.02u,0.s)
Params: n= 40
Tactic call rewrite_strat-bottomup ran for 0.039 secs (0.039u,0.s) (success)
Tactic call rewrite_strat-bottomup-noop ran for 0. secs (0.u,0.s) (success)
Tactic call abstract+rewrite_strat-bottomup ran for 0.059 secs (0.059u,0.s) (success)
Tactic call close-abstract+rewrite_strat-bottomup ran for 0.019 secs (0.019u,0.s)
Params: n= 41
Tactic call rewrite_strat-bottomup ran for 0.042 secs (0.042u,0.s) (success)
Tactic call rewrite_strat-bottomup-noop ran for 0. secs (0.u,0.s) (success)
Tactic call abstract+rewrite_strat-bottomup ran for 0.064 secs (0.064u,0.s) (success)
Tactic call close-abstract+rewrite_strat-bottomup ran for 0.021 secs (0.021u,0.s)
Params: n= 42
Tactic call rewrite_strat-bottomup ran for 0.045 secs (0.045u,0.s) (success)
Tactic call rewrite_strat-bottomup-noop ran for 0. secs (0.u,0.s) (success)
Tactic call abstract+rewrite_strat-bottomup ran for 0.067 secs (0.067u,0.s) (success)
Tactic call close-abstract+rewrite_strat-bottomup ran for 0.02 secs (0.02u,0.s)
Params: n= 43
Tactic call rewrite_strat-bottomup ran for 0.046 secs (0.045u,0.s) (success)
Tactic call rewrite_strat-bottomup-noop ran for 0. secs (0.u,0.s) (success)
Tactic call abstract+rewrite_strat-bottomup ran for 0.069 secs (0.069u,0.s) (success)
Tactic call close-abstract+rewrite_strat-bottomup ran for 0.022 secs (0.024u,0.s)
Params: n= 44
Tactic call rewrite_strat-bottomup ran for 0.045 secs (0.045u,0.s) (success)
Tactic call rewrite_strat-bottomup-noop ran for 0. secs (0.u,0.s) (success)
Tactic call abstract+rewrite_strat-bottomup ran for 0.072 secs (0.072u,0.s) (success)
Tactic call close-abstract+rewrite_strat-bottomup ran for 0.025 secs (0.025u,0.s)
Params: n= 45
Tactic call rewrite_strat-bottomup ran for 0.054 secs (0.054u,0.s) (success)
Tactic call rewrite_strat-bottomup-noop ran for 0. secs (0.u,0.s) (success)
Tactic call abstract+rewrite_strat-bottomup ran for 0.084 secs (0.084u,0.s) (success)
Tactic call close-abstract+rewrite_strat-bottomup ran for 0.029 secs (0.029u,0.s)
Params: n= 46
Tactic call rewrite_strat-bottomup ran for 0.051 secs (0.051u,0.s) (success)
Tactic call rewrite_strat-bottomup-noop ran for 0. secs (0.u,0.s) (success)
Tactic call abstract+rewrite_strat-bottomup ran for 0.081 secs (0.081u,0.s) (success)
Tactic call close-abstract+rewrite_strat-bottomup ran for 0.028 secs (0.028u,0.s)
Params: n= 47
Tactic call rewrite_strat-bottomup ran for 0.054 secs (0.054u,0.s) (success)
Tactic call rewrite_strat-bottomup-noop ran for 0. secs (0.u,0.s) (success)
Tactic call abstract+rewrite_strat-bottomup ran for 0.085 secs (0.085u,0.s) (success)
Tactic call close-abstract+rewrite_strat-bottomup ran for 0.029 secs (0.029u,0.s)
Params: n= 48
Tactic call rewrite_strat-bottomup ran for 0.054 secs (0.054u,0.s) (success)
Tactic call rewrite_strat-bottomup-noop ran for 0. secs (0.u,0.s) (success)
Tactic call abstract+rewrite_strat-bottomup ran for 0.085 secs (0.085u,0.s) (success)
Tactic call close-abstract+rewrite_strat-bottomup ran for 0.03 secs (0.03u,0.s)
Params: n= 49
Tactic call rewrite_strat-bottomup ran for 0.058 secs (0.058u,0.s) (success)
Tactic call rewrite_strat-bottomup-noop ran for 0. secs (0.u,0.s) (success)
Tactic call abstract+rewrite_strat-bottomup ran for 0.087 secs (0.087u,0.s) (success)
Tactic call close-abstract+rewrite_strat-bottomup ran for 0.027 secs (0.027u,0.s)
Params: n= 51
Tactic call rewrite_strat-bottomup ran for 0.061 secs (0.061u,0.s) (success)
Tactic call rewrite_strat-bottomup-noop ran for 0. secs (0.u,0.s) (success)
Tactic call abstract+rewrite_strat-bottomup ran for 0.092 secs (0.092u,0.s) (success)
Tactic call close-abstract+rewrite_strat-bottomup ran for 0.029 secs (0.029u,0.s)
Params: n= 52
Tactic call rewrite_strat-bottomup ran for 0.066 secs (0.066u,0.s) (success)
Tactic call rewrite_strat-bottomup-noop ran for 0. secs (0.u,0.s) (success)
Tactic call abstract+rewrite_strat-bottomup ran for 0.099 secs (0.099u,0.s) (success)
Tactic call close-abstract+rewrite_strat-bottomup ran for 0.031 secs (0.031u,0.s)
Params: n= 53
Tactic call rewrite_strat-bottomup ran for 0.068 secs (0.068u,0.s) (success)
Tactic call rewrite_strat-bottomup-noop ran for 0. secs (0.u,0.s) (success)
Tactic call abstract+rewrite_strat-bottomup ran for 0.105 secs (0.105u,0.s) (success)
Tactic call close-abstract+rewrite_strat-bottomup ran for 0.035 secs (0.035u,0.s)
Params: n= 54
Tactic call rewrite_strat-bottomup ran for 0.064 secs (0.064u,0.s) (success)
Tactic call rewrite_strat-bottomup-noop ran for 0. secs (0.u,0.s) (success)
Tactic call abstract+rewrite_strat-bottomup ran for 0.101 secs (0.101u,0.s) (success)
Tactic call close-abstract+rewrite_strat-bottomup ran for 0.034 secs (0.034u,0.s)
Params: n= 55
Tactic call rewrite_strat-bottomup ran for 0.068 secs (0.068u,0.s) (success)
Tactic call rewrite_strat-bottomup-noop ran for 0. secs (0.u,0.s) (success)
Tactic call abstract+rewrite_strat-bottomup ran for 0.104 secs (0.104u,0.s) (success)
Tactic call close-abstract+rewrite_strat-bottomup ran for 0.034 secs (0.034u,0.s)
Params: n= 56
Tactic call rewrite_strat-bottomup ran for 0.068 secs (0.068u,0.s) (success)
Tactic call rewrite_strat-bottomup-noop ran for 0. secs (0.u,0.s) (success)
Tactic call abstract+rewrite_strat-bottomup ran for 0.108 secs (0.108u,0.s) (success)
Tactic call close-abstract+rewrite_strat-bottomup ran for 0.038 secs (0.038u,0.s)
Params: n= 57
Tactic call rewrite_strat-bottomup ran for 0.07 secs (0.07u,0.s) (success)
Tactic call rewrite_strat-bottomup-noop ran for 0. secs (0.u,0.s) (success)
Tactic call abstract+rewrite_strat-bottomup ran for 0.11 secs (0.11u,0.s) (success)
Tactic call close-abstract+rewrite_strat-bottomup ran for 0.039 secs (0.038u,0.s)
Params: n= 58
Tactic call rewrite_strat-bottomup ran for 0.082 secs (0.082u,0.s) (success)
Tactic call rewrite_strat-bottomup-noop ran for 0. secs (0.u,0.s) (success)
Tactic call abstract+rewrite_strat-bottomup ran for 0.121 secs (0.121u,0.s) (success)
Tactic call close-abstract+rewrite_strat-bottomup ran for 0.037 secs (0.037u,0.s)
Params: n= 59
Tactic call rewrite_strat-bottomup ran for 0.077 secs (0.077u,0.s) (success)
Tactic call rewrite_strat-bottomup-noop ran for 0. secs (0.u,0.s) (success)
Tactic call abstract+rewrite_strat-bottomup ran for 0.119 secs (0.119u,0.s) (success)
Tactic call close-abstract+rewrite_strat-bottomup ran for 0.039 secs (0.039u,0.s)
Params: n= 60
Tactic call rewrite_strat-bottomup ran for 0.075 secs (0.075u,0.s) (success)
Tactic call rewrite_strat-bottomup-noop ran for 0. secs (0.u,0.s) (success)
Tactic call abstract+rewrite_strat-bottomup ran for 0.121 secs (0.121u,0.s) (success)
Tactic call close-abstract+rewrite_strat-bottomup ran for 0.045 secs (0.045u,0.s)
Params: n= 61
Tactic call rewrite_strat-bottomup ran for 0.082 secs (0.082u,0.s) (success)
Tactic call rewrite_strat-bottomup-noop ran for 0. secs (0.u,0.s) (success)
Tactic call abstract+rewrite_strat-bottomup ran for 0.125 secs (0.125u,0.s) (success)
Tactic call close-abstract+rewrite_strat-bottomup ran for 0.041 secs (0.041u,0.s)
Params: n= 62
Tactic call rewrite_strat-bottomup ran for 0.091 secs (0.091u,0.s) (success)
Tactic call rewrite_strat-bottomup-noop ran for 0. secs (0.u,0.s) (success)
Tactic call abstract+rewrite_strat-bottomup ran for 0.14 secs (0.139u,0.s) (success)
Tactic call close-abstract+rewrite_strat-bottomup ran for 0.047 secs (0.047u,0.s)
Params: n= 63
Tactic call rewrite_strat-bottomup ran for 0.088 secs (0.088u,0.s) (success)
Tactic call rewrite_strat-bottomup-noop ran for 0. secs (0.u,0.s) (success)
Tactic call abstract+rewrite_strat-bottomup ran for 0.134 secs (0.133u,0.s) (success)
Tactic call close-abstract+rewrite_strat-bottomup ran for 0.044 secs (0.043u,0.s)
Params: n= 64
Tactic call rewrite_strat-bottomup ran for 0.087 secs (0.087u,0.s) (success)
Tactic call rewrite_strat-bottomup-noop ran for 0. secs (0.u,0.s) (success)
Tactic call abstract+rewrite_strat-bottomup ran for 0.136 secs (0.136u,0.s) (success)
Tactic call close-abstract+rewrite_strat-bottomup ran for 0.046 secs (0.046u,0.s)
Params: n= 65
Tactic call rewrite_strat-bottomup ran for 0.09 secs (0.09u,0.s) (success)
Tactic call rewrite_strat-bottomup-noop ran for 0. secs (0.u,0.s) (success)
Tactic call abstract+rewrite_strat-bottomup ran for 0.143 secs (0.143u,0.s) (success)
Tactic call close-abstract+rewrite_strat-bottomup ran for 0.05 secs (0.05u,0.s)
Params: n= 66
Tactic call rewrite_strat-bottomup ran for 0.098 secs (0.098u,0.s) (success)
Tactic call rewrite_strat-bottomup-noop ran for 0. secs (0.u,0.s) (success)
Tactic call abstract+rewrite_strat-bottomup ran for 0.151 secs (0.151u,0.s) (success)
Tactic call close-abstract+rewrite_strat-bottomup ran for 0.051 secs (0.051u,0.s)
Params: n= 67
Tactic call rewrite_strat-bottomup ran for 0.096 secs (0.096u,0.s) (success)
Tactic call rewrite_strat-bottomup-noop ran for 0. secs (0.u,0.s) (success)
Tactic call abstract+rewrite_strat-bottomup ran for 0.153 secs (0.153u,0.s) (success)
Tactic call close-abstract+rewrite_strat-bottomup ran for 0.054 secs (0.054u,0.s)
Params: n= 68
Tactic call rewrite_strat-bottomup ran for 0.101 secs (0.101u,0.s) (success)
Tactic call rewrite_strat-bottomup-noop ran for 0. secs (0.u,0.s) (success)
Tactic call abstract+rewrite_strat-bottomup ran for 0.16 secs (0.16u,0.s) (success)
Tactic call close-abstract+rewrite_strat-bottomup ran for 0.056 secs (0.056u,0.s)
Params: n= 69
Tactic call rewrite_strat-bottomup ran for 0.104 secs (0.104u,0.s) (success)
Tactic call rewrite_strat-bottomup-noop ran for 0. secs (0.u,0.s) (success)
Tactic call abstract+rewrite_strat-bottomup ran for 0.165 secs (0.165u,0.s) (success)
Tactic call close-abstract+rewrite_strat-bottomup ran for 0.058 secs (0.058u,0.s)
Params: n= 70
Tactic call rewrite_strat-bottomup ran for 0.107 secs (0.107u,0.s) (success)
Tactic call rewrite_strat-bottomup-noop ran for 0. secs (0.u,0.s) (success)
Tactic call abstract+rewrite_strat-bottomup ran for 0.17 secs (0.17u,0.s) (success)
Tactic call close-abstract+rewrite_strat-bottomup ran for 0.06 secs (0.06u,0.s)
Params: n= 71
Tactic call rewrite_strat-bottomup ran for 0.109 secs (0.109u,0.s) (success)
Tactic call rewrite_strat-bottomup-noop ran for 0.001 secs (0.001u,0.s) (success)
Tactic call abstract+rewrite_strat-bottomup ran for 0.171 secs (0.171u,0.s) (success)
Tactic call close-abstract+rewrite_strat-bottomup ran for 0.06 secs (0.06u,0.s)
Params: n= 72
Tactic call rewrite_strat-bottomup ran for 0.107 secs (0.107u,0.s) (success)
Tactic call rewrite_strat-bottomup-noop ran for 0. secs (0.u,0.s) (success)
Tactic call abstract+rewrite_strat-bottomup ran for 0.17 secs (0.17u,0.s) (success)
Tactic call close-abstract+rewrite_strat-bottomup ran for 0.06 secs (0.06u,0.s)
Params: n= 73
Tactic call rewrite_strat-bottomup ran for 0.111 secs (0.111u,0.s) (success)
Tactic call rewrite_strat-bottomup-noop ran for 0. secs (0.u,0.s) (success)
Tactic call abstract+rewrite_strat-bottomup ran for 0.173 secs (0.173u,0.s) (success)
Tactic call close-abstract+rewrite_strat-bottomup ran for 0.06 secs (0.06u,0.s)
Params: n= 74
Tactic call rewrite_strat-bottomup ran for 0.114 secs (0.114u,0.s) (success)
Tactic call rewrite_strat-bottomup-noop ran for 0. secs (0.u,0.s) (success)
Tactic call abstract+rewrite_strat-bottomup ran for 0.179 secs (0.179u,0.s) (success)
Tactic call close-abstract+rewrite_strat-bottomup ran for 0.063 secs (0.063u,0.s)
Params: n= 75
Tactic call rewrite_strat-bottomup ran for 0.119 secs (0.118u,0.s) (success)
Tactic call rewrite_strat-bottomup-noop ran for 0. secs (0.u,0.s) (success)
Tactic call abstract+rewrite_strat-bottomup ran for 0.184 secs (0.184u,0.s) (success)
Tactic call close-abstract+rewrite_strat-bottomup ran for 0.063 secs (0.063u,0.s)
Params: n= 76
Tactic call rewrite_strat-bottomup ran for 0.13 secs (0.13u,0.s) (success)
Tactic call rewrite_strat-bottomup-noop ran for 0. secs (0.u,0.s) (success)
Tactic call abstract+rewrite_strat-bottomup ran for 0.206 secs (0.206u,0.s) (success)
Tactic call close-abstract+rewrite_strat-bottomup ran for 0.074 secs (0.074u,0.s)
Params: n= 77
Tactic call rewrite_strat-bottomup ran for 0.126 secs (0.123u,0.003s) (success)
Tactic call rewrite_strat-bottomup-noop ran for 0. secs (0.u,0.s) (success)
Tactic call abstract+rewrite_strat-bottomup ran for 0.202 secs (0.198u,0.003s) (success)
Tactic call close-abstract+rewrite_strat-bottomup ran for 0.073 secs (0.073u,0.s)
Params: n= 78
Tactic call rewrite_strat-bottomup ran for 0.13 secs (0.128u,0.002s) (success)
Tactic call rewrite_strat-bottomup-noop ran for 0.001 secs (0.001u,0.s) (success)
Tactic call abstract+rewrite_strat-bottomup ran for 0.201 secs (0.197u,0.003s) (success)
Tactic call close-abstract+rewrite_strat-bottomup ran for 0.068 secs (0.068u,0.s)
Params: n= 79
Tactic call rewrite_strat-bottomup ran for 0.138 secs (0.138u,0.s) (success)
Tactic call rewrite_strat-bottomup-noop ran for 0. secs (0.u,0.s) (success)
Tactic call abstract+rewrite_strat-bottomup ran for 0.211 secs (0.211u,0.s) (success)
Tactic call close-abstract+rewrite_strat-bottomup ran for 0.071 secs (0.071u,0.s)
Params: n= 80
Tactic call rewrite_strat-bottomup ran for 0.143 secs (0.143u,0.s) (success)
Tactic call rewrite_strat-bottomup-noop ran for 0.001 secs (0.001u,0.s) (success)
Tactic call abstract+rewrite_strat-bottomup ran for 0.223 secs (0.223u,0.s) (success)
Tactic call close-abstract+rewrite_strat-bottomup ran for 0.077 secs (0.077u,0.s)
Params: n= 81
Tactic call rewrite_strat-bottomup ran for 0.138 secs (0.138u,0.s) (success)
Tactic call rewrite_strat-bottomup-noop ran for 0. secs (0.u,0.s) (success)
Tactic call abstract+rewrite_strat-bottomup ran for 0.208 secs (0.208u,0.s) (success)
Tactic call close-abstract+rewrite_strat-bottomup ran for 0.068 secs (0.068u,0.s)
Params: n= 82
Tactic call rewrite_strat-bottomup ran for 0.138 secs (0.138u,0.s) (success)
Tactic call rewrite_strat-bottomup-noop ran for 0.001 secs (0.001u,0.s) (success)
Tactic call abstract+rewrite_strat-bottomup ran for 0.211 secs (0.211u,0.s) (success)
Tactic call close-abstract+rewrite_strat-bottomup ran for 0.071 secs (0.071u,0.s)
Params: n= 83
Tactic call rewrite_strat-bottomup ran for 0.145 secs (0.145u,0.s) (success)
Tactic call rewrite_strat-bottomup-noop ran for 0.001 secs (0.001u,0.s) (success)
Tactic call abstract+rewrite_strat-bottomup ran for 0.218 secs (0.218u,0.s) (success)
Tactic call close-abstract+rewrite_strat-bottomup ran for 0.07 secs (0.07u,0.s)
Params: n= 84
Tactic call rewrite_strat-bottomup ran for 0.158 secs (0.157u,0.s) (success)
Tactic call rewrite_strat-bottomup-noop ran for 0.001 secs (0.001u,0.s) (success)
Tactic call abstract+rewrite_strat-bottomup ran for 0.231 secs (0.231u,0.s) (success)
Tactic call close-abstract+rewrite_strat-bottomup ran for 0.071 secs (0.071u,0.s)
Params: n= 85
Tactic call rewrite_strat-bottomup ran for 0.152 secs (0.152u,0.s) (success)
Tactic call rewrite_strat-bottomup-noop ran for 0.001 secs (0.001u,0.s) (success)
Tactic call abstract+rewrite_strat-bottomup ran for 0.223 secs (0.223u,0.s) (success)
Tactic call close-abstract+rewrite_strat-bottomup ran for 0.069 secs (0.069u,0.s)
Params: n= 86
Tactic call rewrite_strat-bottomup ran for 0.154 secs (0.154u,0.s) (success)
Tactic call rewrite_strat-bottomup-noop ran for 0.001 secs (0.001u,0.s) (success)
Tactic call abstract+rewrite_strat-bottomup ran for 0.232 secs (0.232u,0.s) (success)
Tactic call close-abstract+rewrite_strat-bottomup ran for 0.075 secs (0.075u,0.s)
Params: n= 87
Tactic call rewrite_strat-bottomup ran for 0.158 secs (0.155u,0.003s) (success)
Tactic call rewrite_strat-bottomup-noop ran for 0.001 secs (0.001u,0.s) (success)
Tactic call abstract+rewrite_strat-bottomup ran for 0.237 secs (0.229u,0.003s) (success)
Tactic call close-abstract+rewrite_strat-bottomup ran for 0.076 secs (0.072u,0.s)
Params: n= 88
Tactic call rewrite_strat-bottomup ran for 0.171 secs (0.176u,0.s) (success)
Tactic call rewrite_strat-bottomup-noop ran for 0.001 secs (0.001u,0.s) (success)
Tactic call abstract+rewrite_strat-bottomup ran for 0.253 secs (0.257u,0.s) (success)
Tactic call close-abstract+rewrite_strat-bottomup ran for 0.079 secs (0.079u,0.s)
Params: n= 89
Tactic call rewrite_strat-bottomup ran for 0.162 secs (0.162u,0.s) (success)
Tactic call rewrite_strat-bottomup-noop ran for 0.001 secs (0.001u,0.s) (success)
Tactic call abstract+rewrite_strat-bottomup ran for 0.247 secs (0.247u,0.s) (success)
Tactic call close-abstract+rewrite_strat-bottomup ran for 0.082 secs (0.082u,0.s)
Params: n= 90
Tactic call rewrite_strat-bottomup ran for 0.171 secs (0.171u,0.s) (success)
Tactic call rewrite_strat-bottomup-noop ran for 0.001 secs (0.001u,0.s) (success)
Tactic call abstract+rewrite_strat-bottomup ran for 0.255 secs (0.255u,0.s) (success)
Tactic call close-abstract+rewrite_strat-bottomup ran for 0.081 secs (0.081u,0.s)
Params: n= 91
Tactic call rewrite_strat-bottomup ran for 0.169 secs (0.165u,0.003s) (success)
Tactic call rewrite_strat-bottomup-noop ran for 0.001 secs (0.001u,0.s) (success)
Tactic call abstract+rewrite_strat-bottomup ran for 0.256 secs (0.248u,0.007s) (success)
Tactic call close-abstract+rewrite_strat-bottomup ran for 0.085 secs (0.081u,0.004s)
Params: n= 92
Tactic call rewrite_strat-bottomup ran for 0.179 secs (0.179u,0.s) (success)
Tactic call rewrite_strat-bottomup-noop ran for 0.001 secs (0.001u,0.s) (success)
Tactic call abstract+rewrite_strat-bottomup ran for 0.268 secs (0.268u,0.s) (success)
Tactic call close-abstract+rewrite_strat-bottomup ran for 0.086 secs (0.086u,0.s)
Params: n= 93
Tactic call rewrite_strat-bottomup ran for 0.181 secs (0.18u,0.s) (success)
Tactic call rewrite_strat-bottomup-noop ran for 0.001 secs (0.001u,0.s) (success)
Tactic call abstract+rewrite_strat-bottomup ran for 0.27 secs (0.27u,0.s) (success)
Tactic call close-abstract+rewrite_strat-bottomup ran for 0.086 secs (0.086u,0.s)
Params: n= 94
Tactic call rewrite_strat-bottomup ran for 0.186 secs (0.182u,0.003s) (success)
Tactic call rewrite_strat-bottomup-noop ran for 0.001 secs (0.001u,0.s) (success)
Tactic call abstract+rewrite_strat-bottomup ran for 0.29 secs (0.286u,0.003s) (success)
Tactic call close-abstract+rewrite_strat-bottomup ran for 0.101 secs (0.101u,0.s)
Params: n= 95
Tactic call rewrite_strat-bottomup ran for 0.192 secs (0.192u,0.s) (success)
Tactic call rewrite_strat-bottomup-noop ran for 0.001 secs (0.001u,0.s) (success)
Tactic call abstract+rewrite_strat-bottomup ran for 0.318 secs (0.318u,0.s) (success)
Tactic call close-abstract+rewrite_strat-bottomup ran for 0.123 secs (0.123u,0.s)
Params: n= 96
Tactic call rewrite_strat-bottomup ran for 0.213 secs (0.209u,0.003s) (success)
Tactic call rewrite_strat-bottomup-noop ran for 0.001 secs (0.001u,0.s) (success)
Tactic call abstract+rewrite_strat-bottomup ran for 0.332 secs (0.328u,0.004s) (success)
Tactic call close-abstract+rewrite_strat-bottomup ran for 0.115 secs (0.115u,0.s)
Params: n= 97
Tactic call rewrite_strat-bottomup ran for 0.205 secs (0.204u,0.s) (success)
Tactic call rewrite_strat-bottomup-noop ran for 0.001 secs (0.001u,0.s) (success)
Tactic call abstract+rewrite_strat-bottomup ran for 0.321 secs (0.321u,0.s) (success)
Tactic call close-abstract+rewrite_strat-bottomup ran for 0.113 secs (0.113u,0.s)
Params: n= 98
Tactic call rewrite_strat-bottomup ran for 0.205 secs (0.201u,0.003s) (success)
Tactic call rewrite_strat-bottomup-noop ran for 0.001 secs (0.001u,0.s) (success)
Tactic call abstract+rewrite_strat-bottomup ran for 0.326 secs (0.322u,0.003s) (success)
Tactic call close-abstract+rewrite_strat-bottomup ran for 0.119 secs (0.119u,0.s)
Params: n= 99
Tactic call rewrite_strat-bottomup ran for 0.207 secs (0.207u,0.s) (success)
Tactic call rewrite_strat-bottomup-noop ran for 0.001 secs (0.001u,0.s) (success)
Tactic call abstract+rewrite_strat-bottomup ran for 0.333 secs (0.332u,0.s) (success)
Tactic call close-abstract+rewrite_strat-bottomup ran for 0.122 secs (0.122u,0.s)
Params: n= 110
Tactic call rewrite_strat-bottomup ran for 0.249 secs (0.249u,0.s) (success)
Tactic call rewrite_strat-bottomup-noop ran for 0.001 secs (0.001u,0.s) (success)
Tactic call abstract+rewrite_strat-bottomup ran for 0.403 secs (0.403u,0.s) (success)
Tactic call close-abstract+rewrite_strat-bottomup ran for 0.151 secs (0.151u,0.s)
Params: n= 120
Tactic call rewrite_strat-bottomup ran for 0.318 secs (0.318u,0.s) (success)
Tactic call rewrite_strat-bottomup-noop ran for 0.001 secs (0.001u,0.s) (success)
Tactic call abstract+rewrite_strat-bottomup ran for 0.479 secs (0.478u,0.s) (success)
Tactic call close-abstract+rewrite_strat-bottomup ran for 0.157 secs (0.157u,0.s)
Params: n= 130
Tactic call rewrite_strat-bottomup ran for 0.347 secs (0.347u,0.s) (success)
Tactic call rewrite_strat-bottomup-noop ran for 0.001 secs (0.001u,0.s) (success)
Tactic call abstract+rewrite_strat-bottomup ran for 0.532 secs (0.532u,0.s) (success)
Tactic call close-abstract+rewrite_strat-bottomup ran for 0.181 secs (0.181u,0.s)
Params: n= 140
Tactic call rewrite_strat-bottomup ran for 0.414 secs (0.414u,0.s) (success)
Tactic call rewrite_strat-bottomup-noop ran for 0.014 secs (0.014u,0.s) (success)
Tactic call abstract+rewrite_strat-bottomup ran for 0.629 secs (0.629u,0.s) (success)
Tactic call close-abstract+rewrite_strat-bottomup ran for 0.199 secs (0.199u,0.s)
Params: n= 160
Tactic call rewrite_strat-bottomup ran for 0.544 secs (0.544u,0.s) (success)
Tactic call rewrite_strat-bottomup-noop ran for 0.002 secs (0.002u,0.s) (success)
Tactic call abstract+rewrite_strat-bottomup ran for 0.825 secs (0.825u,0.s) (success)
Tactic call close-abstract+rewrite_strat-bottomup ran for 0.277 secs (0.277u,0.s)
Params: n= 170
Tactic call rewrite_strat-bottomup ran for 0.643 secs (0.643u,0.s) (success)
Tactic call rewrite_strat-bottomup-noop ran for 0.002 secs (0.002u,0.s) (success)
Tactic call abstract+rewrite_strat-bottomup ran for 1.007 secs (1.007u,0.s) (success)
Tactic call close-abstract+rewrite_strat-bottomup ran for 0.36 secs (0.36u,0.s)
Params: n= 180
Tactic call rewrite_strat-bottomup ran for 0.704 secs (0.704u,0.s) (success)
Tactic call rewrite_strat-bottomup-noop ran for 0.002 secs (0.002u,0.s) (success)
Tactic call abstract+rewrite_strat-bottomup ran for 1.098 secs (1.098u,0.s) (success)
Tactic call close-abstract+rewrite_strat-bottomup ran for 0.389 secs (0.389u,0.s)
Params: n= 190
Tactic call rewrite_strat-bottomup ran for 0.773 secs (0.772u,0.s) (success)
Tactic call rewrite_strat-bottomup-noop ran for 0.003 secs (0.003u,0.s) (success)
Tactic call abstract+rewrite_strat-bottomup ran for 1.148 secs (1.144u,0.003s) (success)
Tactic call close-abstract+rewrite_strat-bottomup ran for 0.37 secs (0.366u,0.003s)
Params: n= 210
Tactic call rewrite_strat-bottomup ran for 0.959 secs (0.951u,0.007s) (success)
Tactic call rewrite_strat-bottomup-noop ran for 0.003 secs (0.003u,0.s) (success)
Tactic call abstract+rewrite_strat-bottomup ran for 1.437 secs (1.425u,0.012s) (success)
Tactic call close-abstract+rewrite_strat-bottomup ran for 0.472 secs (0.468u,0.004s)
Params: n= 220
Tactic call rewrite_strat-bottomup ran for 1.028 secs (1.028u,0.s) (success)
Tactic call rewrite_strat-bottomup-noop ran for 0.003 secs (0.003u,0.s) (success)
Tactic call abstract+rewrite_strat-bottomup ran for 1.566 secs (1.565u,0.s) (success)
Tactic call close-abstract+rewrite_strat-bottomup ran for 0.532 secs (0.532u,0.s)
Params: n= 230
Tactic call rewrite_strat-bottomup ran for 1.184 secs (1.183u,0.s) (success)
Tactic call rewrite_strat-bottomup-noop ran for 0.004 secs (0.004u,0.s) (success)
Tactic call abstract+rewrite_strat-bottomup ran for 1.79 secs (1.789u,0.s) (success)
Tactic call close-abstract+rewrite_strat-bottomup ran for 0.599 secs (0.599u,0.s)
Params: n= 240
Tactic call rewrite_strat-bottomup ran for 1.272 secs (1.271u,0.s) (success)
Tactic call rewrite_strat-bottomup-noop ran for 0.004 secs (0.004u,0.s) (success)
Tactic call abstract+rewrite_strat-bottomup ran for 1.866 secs (1.865u,0.s) (success)
Tactic call close-abstract+rewrite_strat-bottomup ran for 0.587 secs (0.587u,0.s)
Params: n= 260
Tactic call rewrite_strat-bottomup ran for 1.478 secs (1.477u,0.s) (success)
Tactic call rewrite_strat-bottomup-noop ran for 0.006 secs (0.001u,0.s) (success)
Tactic call abstract+rewrite_strat-bottomup ran for 2.258 secs (2.258u,0.s) (success)
Tactic call close-abstract+rewrite_strat-bottomup ran for 0.772 secs (0.777u,0.s)
Params: n= 270
Tactic call rewrite_strat-bottomup ran for 1.618 secs (1.619u,0.s) (success)
Tactic call rewrite_strat-bottomup-noop ran for 0.005 secs (0.005u,0.s) (success)
Tactic call abstract+rewrite_strat-bottomup ran for 2.372 secs (2.371u,0.s) (success)
Tactic call close-abstract+rewrite_strat-bottomup ran for 0.744 secs (0.743u,0.s)
Params: n= 280
Tactic call rewrite_strat-bottomup ran for 1.838 secs (1.838u,0.s) (success)
Tactic call rewrite_strat-bottomup-noop ran for 0.005 secs (0.005u,0.s) (success)
Tactic call abstract+rewrite_strat-bottomup ran for 2.766 secs (2.765u,0.s) (success)
Tactic call close-abstract+rewrite_strat-bottomup ran for 0.92 secs (0.919u,0.s)
Params: n= 290
Tactic call rewrite_strat-bottomup ran for 1.884 secs (1.868u,0.015s) (success)
Tactic call rewrite_strat-bottomup-noop ran for 0.006 secs (0.006u,0.s) (success)
Tactic call abstract+rewrite_strat-bottomup ran for 2.784 secs (2.755u,0.027s) (success)
Tactic call close-abstract+rewrite_strat-bottomup ran for 0.891 secs (0.879u,0.012s)
Params: n= 310
Tactic call rewrite_strat-bottomup ran for 2.162 secs (2.157u,0.003s) (success)
Tactic call rewrite_strat-bottomup-noop ran for 0.006 secs (0.006u,0.s) (success)
Tactic call abstract+rewrite_strat-bottomup ran for 3.214 secs (3.205u,0.007s) (success)
Tactic call close-abstract+rewrite_strat-bottomup ran for 1.043 secs (1.038u,0.003s)
Params: n= 320
Tactic call rewrite_strat-bottomup ran for 2.438 secs (2.437u,0.s) (success)
Tactic call rewrite_strat-bottomup-noop ran for 0.007 secs (0.007u,0.s) (success)
Tactic call abstract+rewrite_strat-bottomup ran for 3.516 secs (3.515u,0.s) (success)
Tactic call close-abstract+rewrite_strat-bottomup ran for 1.068 secs (1.068u,0.s)
Params: n= 330
Tactic call rewrite_strat-bottomup ran for 2.592 secs (2.591u,0.s) (success)
Tactic call rewrite_strat-bottomup-noop ran for 0.007 secs (0.007u,0.s) (success)
Tactic call abstract+rewrite_strat-bottomup ran for 3.835 secs (3.826u,0.008s) (success)
Tactic call close-abstract+rewrite_strat-bottomup ran for 1.233 secs (1.224u,0.008s)
Params: n= 340
Tactic call rewrite_strat-bottomup ran for 2.676 secs (2.655u,0.02s) (success)
Tactic call rewrite_strat-bottomup-noop ran for 0.007 secs (0.007u,0.s) (success)
Tactic call abstract+rewrite_strat-bottomup ran for 3.895 secs (3.87u,0.024s) (success)
Tactic call close-abstract+rewrite_strat-bottomup ran for 1.208 secs (1.204u,0.004s)
Params: n= 360
Tactic call rewrite_strat-bottomup ran for 3.207 secs (3.206u,0.s) (success)
Tactic call rewrite_strat-bottomup-noop ran for 0.009 secs (0.009u,0.s) (success)
Tactic call abstract+rewrite_strat-bottomup ran for 4.597 secs (4.595u,0.s) (success)
Tactic call close-abstract+rewrite_strat-bottomup ran for 1.378 secs (1.377u,0.s)
Params: n= 370
Tactic call rewrite_strat-bottomup ran for 3.42 secs (3.418u,0.s) (success)
Tactic call rewrite_strat-bottomup-noop ran for 0.009 secs (0.009u,0.s) (success)
Tactic call abstract+rewrite_strat-bottomup ran for 4.945 secs (4.944u,0.s) (success)
Tactic call close-abstract+rewrite_strat-bottomup ran for 1.513 secs (1.513u,0.s)
Params: n= 380
Tactic call rewrite_strat-bottomup ran for 3.593 secs (3.591u,0.s) (success)
Tactic call rewrite_strat-bottomup-noop ran for 0.01 secs (0.01u,0.s) (success)
Tactic call abstract+rewrite_strat-bottomup ran for 5.296 secs (5.294u,0.s) (success)
Tactic call close-abstract+rewrite_strat-bottomup ran for 1.69 secs (1.69u,0.s)
Params: n= 390
Tactic call rewrite_strat-bottomup ran for 3.789 secs (3.767u,0.02s) (success)
Tactic call rewrite_strat-bottomup-noop ran for 0.01 secs (0.01u,0.s) (success)
Tactic call abstract+rewrite_strat-bottomup ran for 5.456 secs (5.429u,0.024s) (success)
Tactic call close-abstract+rewrite_strat-bottomup ran for 1.654 secs (1.648u,0.003s)
