Params: n= 50
Tactic call rewrite_strat-bottomup ran for 0.109 secs (0.088u,0.02s) (success)
Tactic call rewrite_strat-bottomup-noop ran for 0. secs (0.u,0.s) (success)
Tactic call abstract+rewrite_strat-bottomup ran for 0.13 secs (0.109u,0.02s) (success)
Tactic call close-abstract+rewrite_strat-bottomup ran for 0.02 secs (0.02u,0.s)
Params: n= 100
Tactic call rewrite_strat-bottomup ran for 0.189 secs (0.185u,0.003s) (success)
Tactic call rewrite_strat-bottomup-noop ran for 0.001 secs (0.u,0.s) (success)
Tactic call abstract+rewrite_strat-bottomup ran for 0.29 secs (0.286u,0.003s) (success)
Tactic call close-abstract+rewrite_strat-bottomup ran for 0.099 secs (0.099u,0.s)
Params: n= 150
Tactic call rewrite_strat-bottomup ran for 0.407 secs (0.407u,0.s) (success)
Tactic call rewrite_strat-bottomup-noop ran for 0.001 secs (0.001u,0.s) (success)
Tactic call abstract+rewrite_strat-bottomup ran for 0.627 secs (0.626u,0.s) (success)
Tactic call close-abstract+rewrite_strat-bottomup ran for 0.217 secs (0.217u,0.s)
Params: n= 200
Tactic call rewrite_strat-bottomup ran for 0.769 secs (0.76u,0.008s) (success)
Tactic call rewrite_strat-bottomup-noop ran for 0.002 secs (0.002u,0.s) (success)
Tactic call abstract+rewrite_strat-bottomup ran for 1.117 secs (1.1u,0.016s) (success)
Tactic call close-abstract+rewrite_strat-bottomup ran for 0.344 secs (0.336u,0.007s)
Params: n= 250
Tactic call rewrite_strat-bottomup ran for 1.131 secs (1.119u,0.011s) (success)
Tactic call rewrite_strat-bottomup-noop ran for 0.003 secs (0.003u,0.s) (success)
Tactic call abstract+rewrite_strat-bottomup ran for 1.701 secs (1.681u,0.019s) (success)
Tactic call close-abstract+rewrite_strat-bottomup ran for 0.566 secs (0.557u,0.008s)
Params: n= 300
Tactic call rewrite_strat-bottomup ran for 1.728 secs (1.711u,0.016s) (success)
Tactic call rewrite_strat-bottomup-noop ran for 0.005 secs (0.005u,0.s) (success)
Tactic call abstract+rewrite_strat-bottomup ran for 2.501 secs (2.484u,0.016s) (success)
Tactic call close-abstract+rewrite_strat-bottomup ran for 0.766 secs (0.766u,0.s)
Params: n= 350
Tactic call rewrite_strat-bottomup ran for 2.357 secs (2.349u,0.007s) (success)
Tactic call rewrite_strat-bottomup-noop ran for 0.006 secs (0.006u,0.s) (success)
Tactic call abstract+rewrite_strat-bottomup ran for 3.444 secs (3.436u,0.007s) (success)
Tactic call close-abstract+rewrite_strat-bottomup ran for 1.079 secs (1.078u,0.s)
Params: n= 400
Tactic call rewrite_strat-bottomup ran for 3.279 secs (3.267u,0.011s) (success)
Tactic call rewrite_strat-bottomup-noop ran for 0.019 secs (0.019u,0.s) (success)
Tactic call abstract+rewrite_strat-bottomup ran for 4.717 secs (4.692u,0.023s) (success)
Tactic call close-abstract+rewrite_strat-bottomup ran for 1.416 secs (1.404u,0.011s)
