Params: n= 50
Tactic call rewrite_strat-topdown ran for 0.094 secs (0.073u,0.02s) (success)
Tactic call rewrite_strat-topdown-noop ran for 0. secs (0.u,0.s) (success)
Tactic call abstract+rewrite_strat-topdown ran for 0.114 secs (0.093u,0.02s) (success)
Tactic call close-abstract+rewrite_strat-topdown ran for 0.018 secs (0.018u,0.s)
Params: n= 100
Tactic call rewrite_strat-topdown ran for 0.1 secs (0.1u,0.s) (success)
Tactic call rewrite_strat-topdown-noop ran for 0.001 secs (0.001u,0.s) (success)
Tactic call abstract+rewrite_strat-topdown ran for 0.185 secs (0.181u,0.003s) (success)
Tactic call close-abstract+rewrite_strat-topdown ran for 0.083 secs (0.08u,0.003s)
Params: n= 150
Tactic call rewrite_strat-topdown ran for 0.258 secs (0.258u,0.s) (success)
Tactic call rewrite_strat-topdown-noop ran for 0.002 secs (0.002u,0.s) (success)
Tactic call abstract+rewrite_strat-topdown ran for 0.458 secs (0.458u,0.s) (success)
Tactic call close-abstract+rewrite_strat-topdown ran for 0.197 secs (0.197u,0.s)
Params: n= 200
Tactic call rewrite_strat-topdown ran for 0.503 secs (0.495u,0.007s) (success)
Tactic call rewrite_strat-topdown-noop ran for 0.003 secs (0.003u,0.s) (success)
Tactic call abstract+rewrite_strat-topdown ran for 0.827 secs (0.816u,0.011s) (success)
Tactic call close-abstract+rewrite_strat-topdown ran for 0.32 secs (0.316u,0.004s)
Params: n= 250
Tactic call rewrite_strat-topdown ran for 0.733 secs (0.721u,0.011s) (success)
Tactic call rewrite_strat-topdown-noop ran for 0.004 secs (0.004u,0.s) (success)
Tactic call abstract+rewrite_strat-topdown ran for 1.265 secs (1.253u,0.011s) (success)
Tactic call close-abstract+rewrite_strat-topdown ran for 0.526 secs (0.526u,0.s)
Params: n= 300
Tactic call rewrite_strat-topdown ran for 1.09 secs (1.086u,0.003s) (success)
Tactic call rewrite_strat-topdown-noop ran for 0.006 secs (0.006u,0.s) (success)
Tactic call abstract+rewrite_strat-topdown ran for 1.774 secs (1.77u,0.003s) (success)
Tactic call close-abstract+rewrite_strat-topdown ran for 0.677 secs (0.677u,0.s)
Params: n= 350
Tactic call rewrite_strat-topdown ran for 1.543 secs (1.495u,0.047s) (success)
Tactic call rewrite_strat-topdown-noop ran for 0.008 secs (0.008u,0.s) (success)
Tactic call abstract+rewrite_strat-topdown ran for 2.579 secs (2.527u,0.051s) (success)
Tactic call close-abstract+rewrite_strat-topdown ran for 1.026 secs (1.022u,0.003s)
Params: n= 400
Tactic call rewrite_strat-topdown ran for 2.038 secs (2.008u,0.008s) (success)
Tactic call rewrite_strat-topdown-noop ran for 0.009 secs (0.009u,0.s) (success)
Tactic call abstract+rewrite_strat-topdown ran for 3.293 secs (3.255u,0.016s) (success)
Tactic call close-abstract+rewrite_strat-topdown ran for 1.244 secs (1.236u,0.007s)
