Params: n= 4
Tactic call refine-regression-quadratic-regression-linear ran for 0. secs (0.u,0.s) (success)
Tactic call pose-build-and-refine-regression-cubic ran for 0. secs (0.u,0.s) (success)
Tactic call fast_rewrite-regression-cubic ran for 0. secs (0.u,0.s) (success)
Params: n= 5
Tactic call refine-regression-quadratic-regression-linear ran for 0. secs (0.u,0.s) (success)
Tactic call pose-build-and-refine-regression-cubic ran for 0.001 secs (0.001u,0.s) (success)
Tactic call fast_rewrite-regression-cubic ran for 0.001 secs (0.001u,0.s) (success)
Params: n= 6
Tactic call refine-regression-quadratic-regression-linear ran for 0. secs (0.u,0.s) (success)
Tactic call pose-build-and-refine-regression-cubic ran for 0.001 secs (0.001u,0.s) (success)
Tactic call fast_rewrite-regression-cubic ran for 0.001 secs (0.001u,0.s) (success)
Params: n= 7
Tactic call refine-regression-quadratic-regression-linear ran for 0. secs (0.u,0.s) (success)
Tactic call pose-build-and-refine-regression-cubic ran for 0.001 secs (0.001u,0.s) (success)
Tactic call fast_rewrite-regression-cubic ran for 0.001 secs (0.001u,0.s) (success)
Params: n= 8
Tactic call refine-regression-quadratic-regression-linear ran for 0. secs (0.u,0.s) (success)
Tactic call pose-build-and-refine-regression-cubic ran for 0.001 secs (0.001u,0.s) (success)
Tactic call fast_rewrite-regression-cubic ran for 0.001 secs (0.001u,0.s) (success)
Params: n= 9
Tactic call refine-regression-quadratic-regression-linear ran for 0. secs (0.u,0.s) (success)
Tactic call pose-build-and-refine-regression-cubic ran for 0.001 secs (0.001u,0.s) (success)
Tactic call fast_rewrite-regression-cubic ran for 0.001 secs (0.001u,0.s) (success)
Params: n= 10
Tactic call refine-regression-quadratic-regression-linear ran for 0. secs (0.u,0.s) (success)
Tactic call pose-build-and-refine-regression-cubic ran for 0.001 secs (0.u,0.001s) (success)
Tactic call fast_rewrite-regression-cubic ran for 0.001 secs (0.u,0.001s) (success)
Params: n= 11
Tactic call refine-regression-quadratic-regression-linear ran for 0. secs (0.u,0.s) (success)
Tactic call pose-build-and-refine-regression-cubic ran for 0.001 secs (0.u,0.001s) (success)
Tactic call fast_rewrite-regression-cubic ran for 0.001 secs (0.u,0.001s) (success)
Params: n= 12
Tactic call refine-regression-quadratic-regression-linear ran for 0. secs (0.u,0.s) (success)
Tactic call pose-build-and-refine-regression-cubic ran for 0.002 secs (0.002u,0.s) (success)
Tactic call fast_rewrite-regression-cubic ran for 0.002 secs (0.002u,0.s) (success)
Params: n= 13
Tactic call refine-regression-quadratic-regression-linear ran for 0. secs (0.u,0.s) (success)
Tactic call pose-build-and-refine-regression-cubic ran for 0.002 secs (0.002u,0.s) (success)
Tactic call fast_rewrite-regression-cubic ran for 0.002 secs (0.002u,0.s) (success)
Params: n= 14
Tactic call refine-regression-quadratic-regression-linear ran for 0. secs (0.u,0.s) (success)
Tactic call pose-build-and-refine-regression-cubic ran for 0.002 secs (0.002u,0.s) (success)
Tactic call fast_rewrite-regression-cubic ran for 0.002 secs (0.002u,0.s) (success)
Params: n= 15
Tactic call refine-regression-quadratic-regression-linear ran for 0. secs (0.u,0.s) (success)
Tactic call pose-build-and-refine-regression-cubic ran for 0.002 secs (0.002u,0.s) (success)
Tactic call fast_rewrite-regression-cubic ran for 0.002 secs (0.002u,0.s) (success)
Params: n= 16
Tactic call refine-regression-quadratic-regression-linear ran for 0. secs (0.u,0.s) (success)
Tactic call pose-build-and-refine-regression-cubic ran for 0.002 secs (0.002u,0.s) (success)
Tactic call fast_rewrite-regression-cubic ran for 0.002 secs (0.002u,0.s) (success)
Params: n= 17
Tactic call refine-regression-quadratic-regression-linear ran for 0. secs (0.u,0.s) (success)
Tactic call pose-build-and-refine-regression-cubic ran for 0.002 secs (0.002u,0.s) (success)
Tactic call fast_rewrite-regression-cubic ran for 0.002 secs (0.002u,0.s) (success)
Params: n= 18
Tactic call refine-regression-quadratic-regression-linear ran for 0. secs (0.u,0.s) (success)
Tactic call pose-build-and-refine-regression-cubic ran for 0.003 secs (0.003u,0.s) (success)
Tactic call fast_rewrite-regression-cubic ran for 0.003 secs (0.003u,0.s) (success)
Params: n= 19
Tactic call refine-regression-quadratic-regression-linear ran for 0. secs (0.u,0.s) (success)
Tactic call pose-build-and-refine-regression-cubic ran for 0.003 secs (0.003u,0.s) (success)
Tactic call fast_rewrite-regression-cubic ran for 0.003 secs (0.003u,0.s) (success)
Params: n= 20
Tactic call refine-regression-quadratic-regression-linear ran for 0. secs (0.u,0.s) (success)
Tactic call pose-build-and-refine-regression-cubic ran for 0.003 secs (0.003u,0.s) (success)
Tactic call fast_rewrite-regression-cubic ran for 0.003 secs (0.003u,0.s) (success)
Params: n= 21
Tactic call refine-regression-quadratic-regression-linear ran for 0. secs (0.u,0.s) (success)
Tactic call pose-build-and-refine-regression-cubic ran for 0.004 secs (0.004u,0.s) (success)
Tactic call fast_rewrite-regression-cubic ran for 0.004 secs (0.004u,0.s) (success)
Params: n= 22
Tactic call refine-regression-quadratic-regression-linear ran for 0. secs (0.u,0.s) (success)
Tactic call pose-build-and-refine-regression-cubic ran for 0.004 secs (0.004u,0.s) (success)
Tactic call fast_rewrite-regression-cubic ran for 0.004 secs (0.004u,0.s) (success)
Params: n= 23
Tactic call refine-regression-quadratic-regression-linear ran for 0. secs (0.u,0.s) (success)
Tactic call pose-build-and-refine-regression-cubic ran for 0.004 secs (0.004u,0.s) (success)
Tactic call fast_rewrite-regression-cubic ran for 0.004 secs (0.004u,0.s) (success)
Params: n= 24
Tactic call refine-regression-quadratic-regression-linear ran for 0. secs (0.u,0.s) (success)
Tactic call pose-build-and-refine-regression-cubic ran for 0.004 secs (0.004u,0.s) (success)
Tactic call fast_rewrite-regression-cubic ran for 0.004 secs (0.004u,0.s) (success)
Params: n= 25
Tactic call refine-regression-quadratic-regression-linear ran for 0. secs (0.u,0.s) (success)
Tactic call pose-build-and-refine-regression-cubic ran for 0.003 secs (0.003u,0.s) (success)
Tactic call fast_rewrite-regression-cubic ran for 0.003 secs (0.003u,0.s) (success)
Params: n= 26
Tactic call refine-regression-quadratic-regression-linear ran for 0. secs (0.u,0.s) (success)
Tactic call pose-build-and-refine-regression-cubic ran for 0.004 secs (0.004u,0.s) (success)
Tactic call fast_rewrite-regression-cubic ran for 0.004 secs (0.004u,0.s) (success)
Params: n= 27
Tactic call refine-regression-quadratic-regression-linear ran for 0. secs (0.u,0.s) (success)
Tactic call pose-build-and-refine-regression-cubic ran for 0.004 secs (0.004u,0.s) (success)
Tactic call fast_rewrite-regression-cubic ran for 0.005 secs (0.005u,0.s) (success)
Params: n= 28
Tactic call refine-regression-quadratic-regression-linear ran for 0. secs (0.u,0.s) (success)
Tactic call pose-build-and-refine-regression-cubic ran for 0.005 secs (0.005u,0.s) (success)
Tactic call fast_rewrite-regression-cubic ran for 0.005 secs (0.005u,0.s) (success)
Params: n= 29
Tactic call refine-regression-quadratic-regression-linear ran for 0. secs (0.u,0.s) (success)
Tactic call pose-build-and-refine-regression-cubic ran for 0.006 secs (0.006u,0.s) (success)
Tactic call fast_rewrite-regression-cubic ran for 0.006 secs (0.006u,0.s) (success)
Params: n= 30
Tactic call refine-regression-quadratic-regression-linear ran for 0. secs (0.u,0.s) (success)
Tactic call pose-build-and-refine-regression-cubic ran for 0.006 secs (0.006u,0.s) (success)
Tactic call fast_rewrite-regression-cubic ran for 0.006 secs (0.006u,0.s) (success)
Params: n= 31
Tactic call refine-regression-quadratic-regression-linear ran for 0. secs (0.u,0.s) (success)
Tactic call pose-build-and-refine-regression-cubic ran for 0.006 secs (0.006u,0.s) (success)
Tactic call fast_rewrite-regression-cubic ran for 0.006 secs (0.006u,0.s) (success)
Params: n= 32
Tactic call refine-regression-quadratic-regression-linear ran for 0. secs (0.u,0.s) (success)
Tactic call pose-build-and-refine-regression-cubic ran for 0.007 secs (0.007u,0.s) (success)
Tactic call fast_rewrite-regression-cubic ran for 0.007 secs (0.007u,0.s) (success)
Params: n= 33
Tactic call refine-regression-quadratic-regression-linear ran for 0. secs (0.u,0.s) (success)
Tactic call pose-build-and-refine-regression-cubic ran for 0.006 secs (0.006u,0.s) (success)
Tactic call fast_rewrite-regression-cubic ran for 0.006 secs (0.006u,0.s) (success)
Params: n= 34
Tactic call refine-regression-quadratic-regression-linear ran for 0. secs (0.u,0.s) (success)
Tactic call pose-build-and-refine-regression-cubic ran for 0.007 secs (0.007u,0.s) (success)
Tactic call fast_rewrite-regression-cubic ran for 0.007 secs (0.007u,0.s) (success)
Params: n= 35
Tactic call refine-regression-quadratic-regression-linear ran for 0. secs (0.u,0.s) (success)
Tactic call pose-build-and-refine-regression-cubic ran for 0.012 secs (0.012u,0.s) (success)
Tactic call fast_rewrite-regression-cubic ran for 0.012 secs (0.012u,0.s) (success)
Params: n= 36
Tactic call refine-regression-quadratic-regression-linear ran for 0. secs (0.u,0.s) (success)
Tactic call pose-build-and-refine-regression-cubic ran for 0.007 secs (0.007u,0.s) (success)
Tactic call fast_rewrite-regression-cubic ran for 0.007 secs (0.007u,0.s) (success)
Params: n= 37
Tactic call refine-regression-quadratic-regression-linear ran for 0. secs (0.u,0.s) (success)
Tactic call pose-build-and-refine-regression-cubic ran for 0.007 secs (0.007u,0.s) (success)
Tactic call fast_rewrite-regression-cubic ran for 0.007 secs (0.007u,0.s) (success)
Params: n= 38
Tactic call refine-regression-quadratic-regression-linear ran for 0. secs (0.u,0.s) (success)
Tactic call pose-build-and-refine-regression-cubic ran for 0.007 secs (0.007u,0.s) (success)
Tactic call fast_rewrite-regression-cubic ran for 0.007 secs (0.007u,0.s) (success)
Params: n= 39
Tactic call refine-regression-quadratic-regression-linear ran for 0. secs (0.u,0.s) (success)
Tactic call pose-build-and-refine-regression-cubic ran for 0.008 secs (0.008u,0.s) (success)
Tactic call fast_rewrite-regression-cubic ran for 0.008 secs (0.008u,0.s) (success)
Params: n= 40
Tactic call refine-regression-quadratic-regression-linear ran for 0. secs (0.u,0.s) (success)
Tactic call pose-build-and-refine-regression-cubic ran for 0.008 secs (0.008u,0.s) (success)
Tactic call fast_rewrite-regression-cubic ran for 0.008 secs (0.008u,0.s) (success)
Params: n= 41
Tactic call refine-regression-quadratic-regression-linear ran for 0. secs (0.u,0.s) (success)
Tactic call pose-build-and-refine-regression-cubic ran for 0.008 secs (0.008u,0.s) (success)
Tactic call fast_rewrite-regression-cubic ran for 0.008 secs (0.008u,0.s) (success)
Params: n= 42
Tactic call refine-regression-quadratic-regression-linear ran for 0. secs (0.u,0.s) (success)
Tactic call pose-build-and-refine-regression-cubic ran for 0.009 secs (0.009u,0.s) (success)
Tactic call fast_rewrite-regression-cubic ran for 0.009 secs (0.009u,0.s) (success)
Params: n= 43
Tactic call refine-regression-quadratic-regression-linear ran for 0. secs (0.u,0.s) (success)
Tactic call pose-build-and-refine-regression-cubic ran for 0.01 secs (0.01u,0.s) (success)
Tactic call fast_rewrite-regression-cubic ran for 0.01 secs (0.01u,0.s) (success)
Params: n= 44
Tactic call refine-regression-quadratic-regression-linear ran for 0. secs (0.u,0.s) (success)
Tactic call pose-build-and-refine-regression-cubic ran for 0.009 secs (0.009u,0.s) (success)
Tactic call fast_rewrite-regression-cubic ran for 0.009 secs (0.009u,0.s) (success)
Params: n= 45
Tactic call refine-regression-quadratic-regression-linear ran for 0. secs (0.u,0.s) (success)
Tactic call pose-build-and-refine-regression-cubic ran for 0.01 secs (0.01u,0.s) (success)
Tactic call fast_rewrite-regression-cubic ran for 0.01 secs (0.01u,0.s) (success)
Params: n= 46
Tactic call refine-regression-quadratic-regression-linear ran for 0. secs (0.u,0.s) (success)
Tactic call pose-build-and-refine-regression-cubic ran for 0.01 secs (0.01u,0.s) (success)
Tactic call fast_rewrite-regression-cubic ran for 0.01 secs (0.01u,0.s) (success)
Params: n= 47
Tactic call refine-regression-quadratic-regression-linear ran for 0. secs (0.u,0.s) (success)
Tactic call pose-build-and-refine-regression-cubic ran for 0.01 secs (0.01u,0.s) (success)
Tactic call fast_rewrite-regression-cubic ran for 0.011 secs (0.01u,0.s) (success)
Params: n= 48
Tactic call refine-regression-quadratic-regression-linear ran for 0. secs (0.u,0.s) (success)
Tactic call pose-build-and-refine-regression-cubic ran for 0.011 secs (0.008u,0.002s) (success)
Tactic call fast_rewrite-regression-cubic ran for 0.011 secs (0.008u,0.002s) (success)
Params: n= 49
Tactic call refine-regression-quadratic-regression-linear ran for 0. secs (0.u,0.s) (success)
Tactic call pose-build-and-refine-regression-cubic ran for 0.013 secs (0.013u,0.s) (success)
Tactic call fast_rewrite-regression-cubic ran for 0.013 secs (0.013u,0.s) (success)
Params: n= 51
Tactic call refine-regression-quadratic-regression-linear ran for 0. secs (0.u,0.s) (success)
Tactic call pose-build-and-refine-regression-cubic ran for 0.012 secs (0.012u,0.s) (success)
Tactic call fast_rewrite-regression-cubic ran for 0.012 secs (0.012u,0.s) (success)
Params: n= 52
Tactic call refine-regression-quadratic-regression-linear ran for 0. secs (0.u,0.s) (success)
Tactic call pose-build-and-refine-regression-cubic ran for 0.013 secs (0.013u,0.s) (success)
Tactic call fast_rewrite-regression-cubic ran for 0.013 secs (0.013u,0.s) (success)
Params: n= 53
Tactic call refine-regression-quadratic-regression-linear ran for 0. secs (0.u,0.s) (success)
Tactic call pose-build-and-refine-regression-cubic ran for 0.013 secs (0.013u,0.s) (success)
Tactic call fast_rewrite-regression-cubic ran for 0.013 secs (0.013u,0.s) (success)
Params: n= 54
Tactic call refine-regression-quadratic-regression-linear ran for 0. secs (0.u,0.s) (success)
Tactic call pose-build-and-refine-regression-cubic ran for 0.013 secs (0.013u,0.s) (success)
Tactic call fast_rewrite-regression-cubic ran for 0.013 secs (0.013u,0.s) (success)
Params: n= 55
Tactic call refine-regression-quadratic-regression-linear ran for 0.001 secs (0.001u,0.s) (success)
Tactic call pose-build-and-refine-regression-cubic ran for 0.018 secs (0.018u,0.s) (success)
Tactic call fast_rewrite-regression-cubic ran for 0.018 secs (0.018u,0.s) (success)
Params: n= 56
Tactic call refine-regression-quadratic-regression-linear ran for 0. secs (0.u,0.s) (success)
Tactic call pose-build-and-refine-regression-cubic ran for 0.014 secs (0.014u,0.s) (success)
Tactic call fast_rewrite-regression-cubic ran for 0.014 secs (0.014u,0.s) (success)
Params: n= 57
Tactic call refine-regression-quadratic-regression-linear ran for 0. secs (0.u,0.s) (success)
Tactic call pose-build-and-refine-regression-cubic ran for 0.016 secs (0.016u,0.s) (success)
Tactic call fast_rewrite-regression-cubic ran for 0.016 secs (0.016u,0.s) (success)
Params: n= 58
Tactic call refine-regression-quadratic-regression-linear ran for 0. secs (0.u,0.s) (success)
Tactic call pose-build-and-refine-regression-cubic ran for 0.014 secs (0.014u,0.s) (success)
Tactic call fast_rewrite-regression-cubic ran for 0.014 secs (0.014u,0.s) (success)
Params: n= 59
Tactic call refine-regression-quadratic-regression-linear ran for 0. secs (0.u,0.s) (success)
Tactic call pose-build-and-refine-regression-cubic ran for 0.014 secs (0.014u,0.s) (success)
Tactic call fast_rewrite-regression-cubic ran for 0.014 secs (0.014u,0.s) (success)
Params: n= 60
Tactic call refine-regression-quadratic-regression-linear ran for 0. secs (0.001u,0.s) (success)
Tactic call pose-build-and-refine-regression-cubic ran for 0.022 secs (0.022u,0.s) (success)
Tactic call fast_rewrite-regression-cubic ran for 0.022 secs (0.022u,0.s) (success)
Params: n= 61
Tactic call refine-regression-quadratic-regression-linear ran for 0. secs (0.u,0.s) (success)
Tactic call pose-build-and-refine-regression-cubic ran for 0.017 secs (0.017u,0.s) (success)
Tactic call fast_rewrite-regression-cubic ran for 0.017 secs (0.017u,0.s) (success)
Params: n= 62
Tactic call refine-regression-quadratic-regression-linear ran for 0. secs (0.u,0.s) (success)
Tactic call pose-build-and-refine-regression-cubic ran for 0.016 secs (0.016u,0.s) (success)
Tactic call fast_rewrite-regression-cubic ran for 0.016 secs (0.016u,0.s) (success)
Params: n= 63
Tactic call refine-regression-quadratic-regression-linear ran for 0. secs (0.u,0.s) (success)
Tactic call pose-build-and-refine-regression-cubic ran for 0.019 secs (0.019u,0.s) (success)
Tactic call fast_rewrite-regression-cubic ran for 0.019 secs (0.019u,0.s) (success)
Params: n= 64
Tactic call refine-regression-quadratic-regression-linear ran for 0. secs (0.u,0.s) (success)
Tactic call pose-build-and-refine-regression-cubic ran for 0.018 secs (0.018u,0.s) (success)
Tactic call fast_rewrite-regression-cubic ran for 0.018 secs (0.018u,0.s) (success)
Params: n= 65
Tactic call refine-regression-quadratic-regression-linear ran for 0. secs (0.u,0.s) (success)
Tactic call pose-build-and-refine-regression-cubic ran for 0.018 secs (0.018u,0.s) (success)
Tactic call fast_rewrite-regression-cubic ran for 0.018 secs (0.018u,0.s) (success)
Params: n= 66
Tactic call refine-regression-quadratic-regression-linear ran for 0. secs (0.u,0.s) (success)
Tactic call pose-build-and-refine-regression-cubic ran for 0.017 secs (0.017u,0.s) (success)
Tactic call fast_rewrite-regression-cubic ran for 0.017 secs (0.017u,0.s) (success)
Params: n= 67
Tactic call refine-regression-quadratic-regression-linear ran for 0. secs (0.u,0.s) (success)
Tactic call pose-build-and-refine-regression-cubic ran for 0.017 secs (0.017u,0.s) (success)
Tactic call fast_rewrite-regression-cubic ran for 0.017 secs (0.017u,0.s) (success)
Params: n= 68
Tactic call refine-regression-quadratic-regression-linear ran for 0. secs (0.u,0.s) (success)
Tactic call pose-build-and-refine-regression-cubic ran for 0.029 secs (0.029u,0.s) (success)
Tactic call fast_rewrite-regression-cubic ran for 0.029 secs (0.029u,0.s) (success)
Params: n= 69
Tactic call refine-regression-quadratic-regression-linear ran for 0.001 secs (0.006u,0.s) (success)
Tactic call pose-build-and-refine-regression-cubic ran for 0.024 secs (0.024u,0.s) (success)
Tactic call fast_rewrite-regression-cubic ran for 0.024 secs (0.024u,0.s) (success)
Params: n= 70
Tactic call refine-regression-quadratic-regression-linear ran for 0. secs (0.u,0.s) (success)
Tactic call pose-build-and-refine-regression-cubic ran for 0.022 secs (0.022u,0.s) (success)
Tactic call fast_rewrite-regression-cubic ran for 0.022 secs (0.022u,0.s) (success)
Params: n= 71
Tactic call refine-regression-quadratic-regression-linear ran for 0.003 secs (0.003u,0.s) (success)
Tactic call pose-build-and-refine-regression-cubic ran for 0.026 secs (0.026u,0.s) (success)
Tactic call fast_rewrite-regression-cubic ran for 0.026 secs (0.026u,0.s) (success)
Params: n= 72
Tactic call refine-regression-quadratic-regression-linear ran for 0.001 secs (0.001u,0.s) (success)
Tactic call pose-build-and-refine-regression-cubic ran for 0.028 secs (0.027u,0.001s) (success)
Tactic call fast_rewrite-regression-cubic ran for 0.028 secs (0.027u,0.001s) (success)
Params: n= 73
Tactic call refine-regression-quadratic-regression-linear ran for 0.001 secs (0.001u,0.s) (success)
Tactic call pose-build-and-refine-regression-cubic ran for 0.031 secs (0.031u,0.s) (success)
Tactic call fast_rewrite-regression-cubic ran for 0.031 secs (0.031u,0.s) (success)
Params: n= 74
Tactic call refine-regression-quadratic-regression-linear ran for 0.001 secs (0.u,0.s) (success)
Tactic call pose-build-and-refine-regression-cubic ran for 0.023 secs (0.023u,0.s) (success)
Tactic call fast_rewrite-regression-cubic ran for 0.023 secs (0.023u,0.s) (success)
Params: n= 75
Tactic call refine-regression-quadratic-regression-linear ran for 0.001 secs (0.001u,0.s) (success)
Tactic call pose-build-and-refine-regression-cubic ran for 0.03 secs (0.03u,0.s) (success)
Tactic call fast_rewrite-regression-cubic ran for 0.03 secs (0.03u,0.s) (success)
Params: n= 76
Tactic call refine-regression-quadratic-regression-linear ran for 0.001 secs (0.001u,0.s) (success)
Tactic call pose-build-and-refine-regression-cubic ran for 0.024 secs (0.024u,0.s) (success)
Tactic call fast_rewrite-regression-cubic ran for 0.025 secs (0.025u,0.s) (success)
Params: n= 77
Tactic call refine-regression-quadratic-regression-linear ran for 0.001 secs (0.001u,0.s) (success)
Tactic call pose-build-and-refine-regression-cubic ran for 0.025 secs (0.025u,0.s) (success)
Tactic call fast_rewrite-regression-cubic ran for 0.025 secs (0.025u,0.s) (success)
Params: n= 78
Tactic call refine-regression-quadratic-regression-linear ran for 0.001 secs (0.001u,0.s) (success)
Tactic call pose-build-and-refine-regression-cubic ran for 0.029 secs (0.029u,0.s) (success)
Tactic call fast_rewrite-regression-cubic ran for 0.029 secs (0.029u,0.s) (success)
Params: n= 79
Tactic call refine-regression-quadratic-regression-linear ran for 0.001 secs (0.001u,0.s) (success)
Tactic call pose-build-and-refine-regression-cubic ran for 0.026 secs (0.026u,0.s) (success)
Tactic call fast_rewrite-regression-cubic ran for 0.026 secs (0.026u,0.s) (success)
Params: n= 80
Tactic call refine-regression-quadratic-regression-linear ran for 0.001 secs (0.001u,0.s) (success)
Tactic call pose-build-and-refine-regression-cubic ran for 0.025 secs (0.025u,0.s) (success)
Tactic call fast_rewrite-regression-cubic ran for 0.025 secs (0.025u,0.s) (success)
Params: n= 81
Tactic call refine-regression-quadratic-regression-linear ran for 0.001 secs (0.001u,0.s) (success)
Tactic call pose-build-and-refine-regression-cubic ran for 0.032 secs (0.032u,0.s) (success)
Tactic call fast_rewrite-regression-cubic ran for 0.032 secs (0.032u,0.s) (success)
Params: n= 82
Tactic call refine-regression-quadratic-regression-linear ran for 0.001 secs (0.001u,0.s) (success)
Tactic call pose-build-and-refine-regression-cubic ran for 0.025 secs (0.025u,0.s) (success)
Tactic call fast_rewrite-regression-cubic ran for 0.025 secs (0.025u,0.s) (success)
Params: n= 83
Tactic call refine-regression-quadratic-regression-linear ran for 0.001 secs (0.001u,0.s) (success)
Tactic call pose-build-and-refine-regression-cubic ran for 0.025 secs (0.025u,0.s) (success)
Tactic call fast_rewrite-regression-cubic ran for 0.025 secs (0.025u,0.s) (success)
Params: n= 84
Tactic call refine-regression-quadratic-regression-linear ran for 0.001 secs (0.001u,0.s) (success)
Tactic call pose-build-and-refine-regression-cubic ran for 0.026 secs (0.026u,0.s) (success)
Tactic call fast_rewrite-regression-cubic ran for 0.026 secs (0.026u,0.s) (success)
Params: n= 85
Tactic call refine-regression-quadratic-regression-linear ran for 0.001 secs (0.001u,0.s) (success)
Tactic call pose-build-and-refine-regression-cubic ran for 0.028 secs (0.028u,0.s) (success)
Tactic call fast_rewrite-regression-cubic ran for 0.028 secs (0.028u,0.s) (success)
Params: n= 86
Tactic call refine-regression-quadratic-regression-linear ran for 0.001 secs (0.001u,0.s) (success)
Tactic call pose-build-and-refine-regression-cubic ran for 0.028 secs (0.028u,0.s) (success)
Tactic call fast_rewrite-regression-cubic ran for 0.028 secs (0.028u,0.s) (success)
Params: n= 87
Tactic call refine-regression-quadratic-regression-linear ran for 0.001 secs (0.001u,0.s) (success)
Tactic call pose-build-and-refine-regression-cubic ran for 0.033 secs (0.033u,0.s) (success)
Tactic call fast_rewrite-regression-cubic ran for 0.033 secs (0.033u,0.s) (success)
Params: n= 88
Tactic call refine-regression-quadratic-regression-linear ran for 0.001 secs (0.001u,0.s) (success)
Tactic call pose-build-and-refine-regression-cubic ran for 0.027 secs (0.027u,0.s) (success)
Tactic call fast_rewrite-regression-cubic ran for 0.027 secs (0.027u,0.s) (success)
Params: n= 89
Tactic call refine-regression-quadratic-regression-linear ran for 0. secs (0.u,0.s) (success)
Tactic call pose-build-and-refine-regression-cubic ran for 0.03 secs (0.03u,0.s) (success)
Tactic call fast_rewrite-regression-cubic ran for 0.03 secs (0.03u,0.s) (success)
Params: n= 90
Tactic call refine-regression-quadratic-regression-linear ran for 0.001 secs (0.001u,0.s) (success)
Tactic call pose-build-and-refine-regression-cubic ran for 0.031 secs (0.031u,0.s) (success)
Tactic call fast_rewrite-regression-cubic ran for 0.031 secs (0.031u,0.s) (success)
Params: n= 91
Tactic call refine-regression-quadratic-regression-linear ran for 0.001 secs (0.001u,0.s) (success)
Tactic call pose-build-and-refine-regression-cubic ran for 0.032 secs (0.032u,0.s) (success)
Tactic call fast_rewrite-regression-cubic ran for 0.032 secs (0.032u,0.s) (success)
Params: n= 92
Tactic call refine-regression-quadratic-regression-linear ran for 0.001 secs (0.001u,0.s) (success)
Tactic call pose-build-and-refine-regression-cubic ran for 0.04 secs (0.04u,0.s) (success)
Tactic call fast_rewrite-regression-cubic ran for 0.04 secs (0.04u,0.s) (success)
Params: n= 93
Tactic call refine-regression-quadratic-regression-linear ran for 0.001 secs (0.001u,0.s) (success)
Tactic call pose-build-and-refine-regression-cubic ran for 0.03 secs (0.03u,0.s) (success)
Tactic call fast_rewrite-regression-cubic ran for 0.03 secs (0.03u,0.s) (success)
Params: n= 94
Tactic call refine-regression-quadratic-regression-linear ran for 0.001 secs (0.001u,0.s) (success)
Tactic call pose-build-and-refine-regression-cubic ran for 0.038 secs (0.038u,0.s) (success)
Tactic call fast_rewrite-regression-cubic ran for 0.038 secs (0.038u,0.s) (success)
Params: n= 95
Tactic call refine-regression-quadratic-regression-linear ran for 0.001 secs (0.001u,0.s) (success)
Tactic call pose-build-and-refine-regression-cubic ran for 0.033 secs (0.033u,0.s) (success)
Tactic call fast_rewrite-regression-cubic ran for 0.033 secs (0.033u,0.s) (success)
Params: n= 96
Tactic call refine-regression-quadratic-regression-linear ran for 0.001 secs (0.001u,0.s) (success)
Tactic call pose-build-and-refine-regression-cubic ran for 0.036 secs (0.036u,0.s) (success)
Tactic call fast_rewrite-regression-cubic ran for 0.036 secs (0.036u,0.s) (success)
Params: n= 97
Tactic call refine-regression-quadratic-regression-linear ran for 0.001 secs (0.001u,0.s) (success)
Tactic call pose-build-and-refine-regression-cubic ran for 0.031 secs (0.031u,0.s) (success)
Tactic call fast_rewrite-regression-cubic ran for 0.031 secs (0.031u,0.s) (success)
Params: n= 98
Tactic call refine-regression-quadratic-regression-linear ran for 0.001 secs (0.001u,0.s) (success)
Tactic call pose-build-and-refine-regression-cubic ran for 0.041 secs (0.041u,0.s) (success)
Tactic call fast_rewrite-regression-cubic ran for 0.041 secs (0.041u,0.s) (success)
Params: n= 99
Tactic call refine-regression-quadratic-regression-linear ran for 0.001 secs (0.001u,0.s) (success)
Tactic call pose-build-and-refine-regression-cubic ran for 0.034 secs (0.034u,0.s) (success)
Tactic call fast_rewrite-regression-cubic ran for 0.034 secs (0.034u,0.s) (success)
Params: n= 110
Tactic call refine-regression-quadratic-regression-linear ran for 0.001 secs (0.001u,0.s) (success)
Tactic call pose-build-and-refine-regression-cubic ran for 0.043 secs (0.043u,0.s) (success)
Tactic call fast_rewrite-regression-cubic ran for 0.043 secs (0.043u,0.s) (success)
Params: n= 120
Tactic call refine-regression-quadratic-regression-linear ran for 0.001 secs (0.001u,0.s) (success)
Tactic call pose-build-and-refine-regression-cubic ran for 0.048 secs (0.048u,0.s) (success)
Tactic call fast_rewrite-regression-cubic ran for 0.048 secs (0.048u,0.s) (success)
Params: n= 130
Tactic call refine-regression-quadratic-regression-linear ran for 0.001 secs (0.001u,0.s) (success)
Tactic call pose-build-and-refine-regression-cubic ran for 0.073 secs (0.069u,0.003s) (success)
Tactic call fast_rewrite-regression-cubic ran for 0.073 secs (0.069u,0.003s) (success)
Params: n= 140
Tactic call refine-regression-quadratic-regression-linear ran for 0.001 secs (0.001u,0.s) (success)
Tactic call pose-build-and-refine-regression-cubic ran for 0.079 secs (0.072u,0.006s) (success)
Tactic call fast_rewrite-regression-cubic ran for 0.079 secs (0.072u,0.006s) (success)
Params: n= 160
Tactic call refine-regression-quadratic-regression-linear ran for 0.001 secs (0.001u,0.s) (success)
Tactic call pose-build-and-refine-regression-cubic ran for 0.112 secs (0.112u,0.s) (success)
Tactic call fast_rewrite-regression-cubic ran for 0.112 secs (0.112u,0.s) (success)
Params: n= 170
Tactic call refine-regression-quadratic-regression-linear ran for 0.002 secs (0.002u,0.s) (success)
Tactic call pose-build-and-refine-regression-cubic ran for 0.114 secs (0.11u,0.003s) (success)
Tactic call fast_rewrite-regression-cubic ran for 0.114 secs (0.11u,0.003s) (success)
Params: n= 180
Tactic call refine-regression-quadratic-regression-linear ran for 0.001 secs (0.001u,0.s) (success)
Tactic call pose-build-and-refine-regression-cubic ran for 0.115 secs (0.107u,0.007s) (success)
Tactic call fast_rewrite-regression-cubic ran for 0.115 secs (0.107u,0.007s) (success)
Params: n= 190
Tactic call refine-regression-quadratic-regression-linear ran for 0.002 secs (0.002u,0.s) (success)
Tactic call pose-build-and-refine-regression-cubic ran for 0.125 secs (0.125u,0.s) (success)
Tactic call fast_rewrite-regression-cubic ran for 0.125 secs (0.125u,0.s) (success)
Params: n= 210
Tactic call refine-regression-quadratic-regression-linear ran for 0.003 secs (0.003u,0.s) (success)
Tactic call pose-build-and-refine-regression-cubic ran for 0.163 secs (0.159u,0.003s) (success)
Tactic call fast_rewrite-regression-cubic ran for 0.163 secs (0.159u,0.003s) (success)
Params: n= 220
Tactic call refine-regression-quadratic-regression-linear ran for 0.002 secs (0.002u,0.s) (success)
Tactic call pose-build-and-refine-regression-cubic ran for 0.191 secs (0.191u,0.s) (success)
Tactic call fast_rewrite-regression-cubic ran for 0.191 secs (0.191u,0.s) (success)
Params: n= 230
Tactic call refine-regression-quadratic-regression-linear ran for 0.002 secs (0.002u,0.s) (success)
Tactic call pose-build-and-refine-regression-cubic ran for 0.18 secs (0.18u,0.s) (success)
Tactic call fast_rewrite-regression-cubic ran for 0.18 secs (0.18u,0.s) (success)
Params: n= 240
Tactic call refine-regression-quadratic-regression-linear ran for 0.002 secs (0.002u,0.s) (success)
Tactic call pose-build-and-refine-regression-cubic ran for 0.218 secs (0.21u,0.007s) (success)
Tactic call fast_rewrite-regression-cubic ran for 0.218 secs (0.21u,0.007s) (success)
Params: n= 260
Tactic call refine-regression-quadratic-regression-linear ran for 0.002 secs (0.002u,0.s) (success)
Tactic call pose-build-and-refine-regression-cubic ran for 0.237 secs (0.233u,0.003s) (success)
Tactic call fast_rewrite-regression-cubic ran for 0.237 secs (0.233u,0.003s) (success)
Params: n= 270
Tactic call refine-regression-quadratic-regression-linear ran for 0.002 secs (0.002u,0.s) (success)
Tactic call pose-build-and-refine-regression-cubic ran for 0.229 secs (0.229u,0.s) (success)
Tactic call fast_rewrite-regression-cubic ran for 0.229 secs (0.229u,0.s) (success)
Params: n= 280
Tactic call refine-regression-quadratic-regression-linear ran for 0.003 secs (0.003u,0.s) (success)
Tactic call pose-build-and-refine-regression-cubic ran for 0.235 secs (0.231u,0.003s) (success)
Tactic call fast_rewrite-regression-cubic ran for 0.235 secs (0.231u,0.003s) (success)
Params: n= 290
Tactic call refine-regression-quadratic-regression-linear ran for 0.003 secs (0.002u,0.s) (success)
Tactic call pose-build-and-refine-regression-cubic ran for 0.269 secs (0.268u,0.s) (success)
Tactic call fast_rewrite-regression-cubic ran for 0.269 secs (0.268u,0.s) (success)
Params: n= 310
Tactic call refine-regression-quadratic-regression-linear ran for 0.003 secs (0.003u,0.s) (success)
Tactic call pose-build-and-refine-regression-cubic ran for 0.315 secs (0.314u,0.001s) (success)
Tactic call fast_rewrite-regression-cubic ran for 0.315 secs (0.314u,0.001s) (success)
Params: n= 320
Tactic call refine-regression-quadratic-regression-linear ran for 0.004 secs (0.004u,0.s) (success)
Tactic call pose-build-and-refine-regression-cubic ran for 0.354 secs (0.354u,0.s) (success)
Tactic call fast_rewrite-regression-cubic ran for 0.354 secs (0.354u,0.s) (success)
Params: n= 330
Tactic call refine-regression-quadratic-regression-linear ran for 0.003 secs (0.003u,0.s) (success)
Tactic call pose-build-and-refine-regression-cubic ran for 0.385 secs (0.378u,0.007s) (success)
Tactic call fast_rewrite-regression-cubic ran for 0.386 secs (0.378u,0.007s) (success)
Params: n= 340
Tactic call refine-regression-quadratic-regression-linear ran for 0.003 secs (0.003u,0.s) (success)
Tactic call pose-build-and-refine-regression-cubic ran for 0.366 secs (0.366u,0.s) (success)
Tactic call fast_rewrite-regression-cubic ran for 0.366 secs (0.366u,0.s) (success)
Params: n= 360
Tactic call refine-regression-quadratic-regression-linear ran for 0.004 secs (0.004u,0.s) (success)
Tactic call pose-build-and-refine-regression-cubic ran for 0.438 secs (0.438u,0.s) (success)
Tactic call fast_rewrite-regression-cubic ran for 0.438 secs (0.438u,0.s) (success)
Params: n= 370
Tactic call refine-regression-quadratic-regression-linear ran for 0.004 secs (0.004u,0.s) (success)
Tactic call pose-build-and-refine-regression-cubic ran for 0.475 secs (0.476u,0.s) (success)
Tactic call fast_rewrite-regression-cubic ran for 0.475 secs (0.476u,0.s) (success)
Params: n= 380
Tactic call refine-regression-quadratic-regression-linear ran for 0.004 secs (0.004u,0.s) (success)
Tactic call pose-build-and-refine-regression-cubic ran for 0.422 secs (0.422u,0.s) (success)
Tactic call fast_rewrite-regression-cubic ran for 0.422 secs (0.422u,0.s) (success)
Params: n= 390
Tactic call refine-regression-quadratic-regression-linear ran for 0.004 secs (0.004u,0.s) (success)
Tactic call pose-build-and-refine-regression-cubic ran for 0.456 secs (0.456u,0.s) (success)
Tactic call fast_rewrite-regression-cubic ran for 0.456 secs (0.456u,0.s) (success)
Params: n= 410
Tactic call refine-regression-quadratic-regression-linear ran for 0.005 secs (0.005u,0.s) (success)
Tactic call pose-build-and-refine-regression-cubic ran for 0.578 secs (0.578u,0.s) (success)
Tactic call fast_rewrite-regression-cubic ran for 0.578 secs (0.578u,0.s) (success)
Params: n= 420
Tactic call refine-regression-quadratic-regression-linear ran for 0.004 secs (0.004u,0.s) (success)
Tactic call pose-build-and-refine-regression-cubic ran for 0.537 secs (0.537u,0.s) (success)
Tactic call fast_rewrite-regression-cubic ran for 0.537 secs (0.537u,0.s) (success)
Params: n= 430
Tactic call refine-regression-quadratic-regression-linear ran for 0.005 secs (0.005u,0.s) (success)
Tactic call pose-build-and-refine-regression-cubic ran for 0.536 secs (0.535u,0.s) (success)
Tactic call fast_rewrite-regression-cubic ran for 0.536 secs (0.536u,0.s) (success)
Params: n= 440
Tactic call refine-regression-quadratic-regression-linear ran for 0.004 secs (0.004u,0.s) (success)
Tactic call pose-build-and-refine-regression-cubic ran for 0.625 secs (0.625u,0.s) (success)
Tactic call fast_rewrite-regression-cubic ran for 0.625 secs (0.625u,0.s) (success)
Params: n= 450
Tactic call refine-regression-quadratic-regression-linear ran for 0.005 secs (0.005u,0.s) (success)
Tactic call pose-build-and-refine-regression-cubic ran for 0.571 secs (0.571u,0.s) (success)
Tactic call fast_rewrite-regression-cubic ran for 0.571 secs (0.571u,0.s) (success)
Params: n= 460
Tactic call refine-regression-quadratic-regression-linear ran for 0.004 secs (0.004u,0.s) (success)
Tactic call pose-build-and-refine-regression-cubic ran for 0.616 secs (0.616u,0.s) (success)
Tactic call fast_rewrite-regression-cubic ran for 0.616 secs (0.616u,0.s) (success)
Params: n= 470
Tactic call refine-regression-quadratic-regression-linear ran for 0.005 secs (0.005u,0.s) (success)
Tactic call pose-build-and-refine-regression-cubic ran for 0.708 secs (0.708u,0.s) (success)
Tactic call fast_rewrite-regression-cubic ran for 0.708 secs (0.708u,0.s) (success)
Params: n= 480
Tactic call refine-regression-quadratic-regression-linear ran for 0.005 secs (0.005u,0.s) (success)
Tactic call pose-build-and-refine-regression-cubic ran for 0.658 secs (0.658u,0.s) (success)
Tactic call fast_rewrite-regression-cubic ran for 0.658 secs (0.658u,0.s) (success)
Params: n= 490
Tactic call refine-regression-quadratic-regression-linear ran for 0.005 secs (0.005u,0.s) (success)
Tactic call pose-build-and-refine-regression-cubic ran for 0.719 secs (0.719u,0.s) (success)
Tactic call fast_rewrite-regression-cubic ran for 0.719 secs (0.719u,0.s) (success)
Params: n= 500
Tactic call refine-regression-quadratic-regression-linear ran for 0.007 secs (0.007u,0.s) (success)
Tactic call pose-build-and-refine-regression-cubic ran for 0.726 secs (0.698u,0.028s) (success)
Tactic call fast_rewrite-regression-cubic ran for 0.726 secs (0.698u,0.028s) (success)
Params: n= 510
Tactic call refine-regression-quadratic-regression-linear ran for 0.006 secs (0.006u,0.s) (success)
Tactic call pose-build-and-refine-regression-cubic ran for 0.81 secs (0.81u,0.s) (success)
Tactic call fast_rewrite-regression-cubic ran for 0.81 secs (0.81u,0.s) (success)
Params: n= 520
Tactic call refine-regression-quadratic-regression-linear ran for 0.006 secs (0.006u,0.s) (success)
Tactic call pose-build-and-refine-regression-cubic ran for 0.771 secs (0.771u,0.s) (success)
Tactic call fast_rewrite-regression-cubic ran for 0.771 secs (0.771u,0.s) (success)
Params: n= 530
Tactic call refine-regression-quadratic-regression-linear ran for 0.006 secs (0.006u,0.s) (success)
Tactic call pose-build-and-refine-regression-cubic ran for 0.809 secs (0.809u,0.s) (success)
Tactic call fast_rewrite-regression-cubic ran for 0.809 secs (0.809u,0.s) (success)
Params: n= 540
Tactic call refine-regression-quadratic-regression-linear ran for 0.006 secs (0.006u,0.s) (success)
Tactic call pose-build-and-refine-regression-cubic ran for 0.873 secs (0.873u,0.s) (success)
Tactic call fast_rewrite-regression-cubic ran for 0.873 secs (0.873u,0.s) (success)
Params: n= 550
Tactic call refine-regression-quadratic-regression-linear ran for 0.007 secs (0.007u,0.s) (success)
Tactic call pose-build-and-refine-regression-cubic ran for 0.907 secs (0.907u,0.s) (success)
Tactic call fast_rewrite-regression-cubic ran for 0.907 secs (0.907u,0.s) (success)
Params: n= 560
Tactic call refine-regression-quadratic-regression-linear ran for 0.006 secs (0.006u,0.s) (success)
Tactic call pose-build-and-refine-regression-cubic ran for 0.991 secs (0.991u,0.s) (success)
Tactic call fast_rewrite-regression-cubic ran for 0.991 secs (0.991u,0.s) (success)
Params: n= 570
Tactic call refine-regression-quadratic-regression-linear ran for 0.007 secs (0.007u,0.s) (success)
Tactic call pose-build-and-refine-regression-cubic ran for 0.908 secs (0.908u,0.s) (success)
Tactic call fast_rewrite-regression-cubic ran for 0.908 secs (0.908u,0.s) (success)
Params: n= 580
Tactic call refine-regression-quadratic-regression-linear ran for 0.007 secs (0.007u,0.s) (success)
Tactic call pose-build-and-refine-regression-cubic ran for 0.988 secs (0.987u,0.s) (success)
Tactic call fast_rewrite-regression-cubic ran for 0.988 secs (0.987u,0.s) (success)
Params: n= 590
Tactic call refine-regression-quadratic-regression-linear ran for 0.007 secs (0.007u,0.s) (success)
Tactic call pose-build-and-refine-regression-cubic ran for 1.1 secs (1.099u,0.s) (success)
Tactic call fast_rewrite-regression-cubic ran for 1.1 secs (1.099u,0.s) (success)
Params: n= 600
Tactic call refine-regression-quadratic-regression-linear ran for 0.008 secs (0.008u,0.s) (success)
Tactic call pose-build-and-refine-regression-cubic ran for 1.041 secs (1.04u,0.s) (success)
Tactic call fast_rewrite-regression-cubic ran for 1.041 secs (1.04u,0.s) (success)
Params: n= 610
Tactic call refine-regression-quadratic-regression-linear ran for 0.006 secs (0.006u,0.s) (success)
Tactic call pose-build-and-refine-regression-cubic ran for 1.115 secs (1.115u,0.s) (success)
Tactic call fast_rewrite-regression-cubic ran for 1.115 secs (1.115u,0.s) (success)
Params: n= 620
Tactic call refine-regression-quadratic-regression-linear ran for 0.006 secs (0.006u,0.s) (success)
Tactic call pose-build-and-refine-regression-cubic ran for 1.101 secs (1.101u,0.s) (success)
Tactic call fast_rewrite-regression-cubic ran for 1.101 secs (1.101u,0.s) (success)
Params: n= 630
Tactic call refine-regression-quadratic-regression-linear ran for 0.007 secs (0.007u,0.s) (success)
Tactic call pose-build-and-refine-regression-cubic ran for 1.159 secs (1.159u,0.s) (success)
Tactic call fast_rewrite-regression-cubic ran for 1.159 secs (1.159u,0.s) (success)
Params: n= 640
Tactic call refine-regression-quadratic-regression-linear ran for 0.007 secs (0.007u,0.s) (success)
Tactic call pose-build-and-refine-regression-cubic ran for 1.211 secs (1.211u,0.s) (success)
Tactic call fast_rewrite-regression-cubic ran for 1.211 secs (1.211u,0.s) (success)
Params: n= 650
Tactic call refine-regression-quadratic-regression-linear ran for 0.008 secs (0.008u,0.s) (success)
Tactic call pose-build-and-refine-regression-cubic ran for 1.228 secs (1.227u,0.s) (success)
Tactic call fast_rewrite-regression-cubic ran for 1.228 secs (1.227u,0.s) (success)
Params: n= 660
Tactic call refine-regression-quadratic-regression-linear ran for 0.007 secs (0.007u,0.s) (success)
Tactic call pose-build-and-refine-regression-cubic ran for 1.341 secs (1.341u,0.s) (success)
Tactic call fast_rewrite-regression-cubic ran for 1.341 secs (1.341u,0.s) (success)
Params: n= 670
Tactic call refine-regression-quadratic-regression-linear ran for 0.009 secs (0.009u,0.s) (success)
Tactic call pose-build-and-refine-regression-cubic ran for 1.41 secs (1.41u,0.s) (success)
Tactic call fast_rewrite-regression-cubic ran for 1.41 secs (1.41u,0.s) (success)
Params: n= 680
Tactic call refine-regression-quadratic-regression-linear ran for 0.009 secs (0.009u,0.s) (success)
Tactic call pose-build-and-refine-regression-cubic ran for 1.451 secs (1.451u,0.s) (success)
Tactic call fast_rewrite-regression-cubic ran for 1.451 secs (1.451u,0.s) (success)
Params: n= 690
Tactic call refine-regression-quadratic-regression-linear ran for 0.007 secs (0.007u,0.s) (success)
Tactic call pose-build-and-refine-regression-cubic ran for 1.478 secs (1.478u,0.s) (success)
Tactic call fast_rewrite-regression-cubic ran for 1.478 secs (1.478u,0.s) (success)
Params: n= 700
Tactic call refine-regression-quadratic-regression-linear ran for 0.008 secs (0.008u,0.s) (success)
Tactic call pose-build-and-refine-regression-cubic ran for 1.528 secs (1.528u,0.s) (success)
Tactic call fast_rewrite-regression-cubic ran for 1.528 secs (1.528u,0.s) (success)
Params: n= 710
Tactic call refine-regression-quadratic-regression-linear ran for 0.01 secs (0.01u,0.s) (success)
Tactic call pose-build-and-refine-regression-cubic ran for 1.548 secs (1.547u,0.s) (success)
Tactic call fast_rewrite-regression-cubic ran for 1.548 secs (1.548u,0.s) (success)
Params: n= 720
Tactic call refine-regression-quadratic-regression-linear ran for 0.009 secs (0.009u,0.s) (success)
Tactic call pose-build-and-refine-regression-cubic ran for 1.741 secs (1.741u,0.s) (success)
Tactic call fast_rewrite-regression-cubic ran for 1.741 secs (1.741u,0.s) (success)
Params: n= 730
Tactic call refine-regression-quadratic-regression-linear ran for 0.01 secs (0.01u,0.s) (success)
Tactic call pose-build-and-refine-regression-cubic ran for 1.859 secs (1.859u,0.s) (success)
Tactic call fast_rewrite-regression-cubic ran for 1.859 secs (1.859u,0.s) (success)
Params: n= 740
Tactic call refine-regression-quadratic-regression-linear ran for 0.01 secs (0.01u,0.s) (success)
Tactic call pose-build-and-refine-regression-cubic ran for 2.039 secs (2.039u,0.s) (success)
Tactic call fast_rewrite-regression-cubic ran for 2.039 secs (2.039u,0.s) (success)
Params: n= 750
Tactic call refine-regression-quadratic-regression-linear ran for 0.009 secs (0.009u,0.s) (success)
Tactic call pose-build-and-refine-regression-cubic ran for 1.907 secs (1.907u,0.s) (success)
Tactic call fast_rewrite-regression-cubic ran for 1.907 secs (1.907u,0.s) (success)
Params: n= 760
Tactic call refine-regression-quadratic-regression-linear ran for 0.01 secs (0.01u,0.s) (success)
Tactic call pose-build-and-refine-regression-cubic ran for 1.925 secs (1.925u,0.s) (success)
Tactic call fast_rewrite-regression-cubic ran for 1.925 secs (1.925u,0.s) (success)
Params: n= 770
Tactic call refine-regression-quadratic-regression-linear ran for 0.01 secs (0.01u,0.s) (success)
Tactic call pose-build-and-refine-regression-cubic ran for 1.927 secs (1.926u,0.s) (success)
Tactic call fast_rewrite-regression-cubic ran for 1.927 secs (1.926u,0.s) (success)
Params: n= 780
Tactic call refine-regression-quadratic-regression-linear ran for 0.009 secs (0.009u,0.s) (success)
Tactic call pose-build-and-refine-regression-cubic ran for 1.962 secs (1.962u,0.s) (success)
Tactic call fast_rewrite-regression-cubic ran for 1.962 secs (1.962u,0.s) (success)
Params: n= 790
Tactic call refine-regression-quadratic-regression-linear ran for 0.009 secs (0.009u,0.s) (success)
Tactic call pose-build-and-refine-regression-cubic ran for 2.076 secs (2.044u,0.031s) (success)
Tactic call fast_rewrite-regression-cubic ran for 2.076 secs (2.044u,0.031s) (success)
Params: n= 800
Tactic call refine-regression-quadratic-regression-linear ran for 0.011 secs (0.011u,0.s) (success)
Tactic call pose-build-and-refine-regression-cubic ran for 2.282 secs (2.278u,0.004s) (success)
Tactic call fast_rewrite-regression-cubic ran for 2.282 secs (2.278u,0.004s) (success)
Params: n= 810
Tactic call refine-regression-quadratic-regression-linear ran for 0.01 secs (0.006u,0.003s) (success)
Tactic call pose-build-and-refine-regression-cubic ran for 2.134 secs (2.13u,0.003s) (success)
Tactic call fast_rewrite-regression-cubic ran for 2.134 secs (2.13u,0.003s) (success)
Params: n= 820
Tactic call refine-regression-quadratic-regression-linear ran for 0.009 secs (0.009u,0.s) (success)
Tactic call pose-build-and-refine-regression-cubic ran for 1.994 secs (1.994u,0.s) (success)
Tactic call fast_rewrite-regression-cubic ran for 1.994 secs (1.994u,0.s) (success)
Params: n= 830
Tactic call refine-regression-quadratic-regression-linear ran for 0.009 secs (0.009u,0.s) (success)
Tactic call pose-build-and-refine-regression-cubic ran for 1.917 secs (1.917u,0.s) (success)
Tactic call fast_rewrite-regression-cubic ran for 1.917 secs (1.917u,0.s) (success)
Params: n= 840
Tactic call refine-regression-quadratic-regression-linear ran for 0.01 secs (0.01u,0.s) (success)
Tactic call pose-build-and-refine-regression-cubic ran for 1.948 secs (1.947u,0.s) (success)
Tactic call fast_rewrite-regression-cubic ran for 1.948 secs (1.947u,0.s) (success)
Params: n= 850
Tactic call refine-regression-quadratic-regression-linear ran for 0.009 secs (0.009u,0.s) (success)
Tactic call pose-build-and-refine-regression-cubic ran for 2.027 secs (2.027u,0.s) (success)
Tactic call fast_rewrite-regression-cubic ran for 2.027 secs (2.027u,0.s) (success)
Params: n= 860
Tactic call refine-regression-quadratic-regression-linear ran for 0.01 secs (0.01u,0.s) (success)
Tactic call pose-build-and-refine-regression-cubic ran for 2.008 secs (2.003u,0.003s) (success)
Tactic call fast_rewrite-regression-cubic ran for 2.008 secs (2.004u,0.003s) (success)
Params: n= 870
Tactic call refine-regression-quadratic-regression-linear ran for 0.01 secs (0.01u,0.s) (success)
Tactic call pose-build-and-refine-regression-cubic ran for 2.089 secs (2.089u,0.s) (success)
Tactic call fast_rewrite-regression-cubic ran for 2.089 secs (2.089u,0.s) (success)
Params: n= 880
Tactic call refine-regression-quadratic-regression-linear ran for 0.01 secs (0.01u,0.s) (success)
Tactic call pose-build-and-refine-regression-cubic ran for 2.136 secs (2.123u,0.011s) (success)
Tactic call fast_rewrite-regression-cubic ran for 2.136 secs (2.124u,0.011s) (success)
Params: n= 890
Tactic call refine-regression-quadratic-regression-linear ran for 0.01 secs (0.01u,0.s) (success)
Tactic call pose-build-and-refine-regression-cubic ran for 2.145 secs (2.145u,0.s) (success)
Tactic call fast_rewrite-regression-cubic ran for 2.145 secs (2.145u,0.s) (success)
Params: n= 900
Tactic call refine-regression-quadratic-regression-linear ran for 0.01 secs (0.01u,0.s) (success)
Tactic call pose-build-and-refine-regression-cubic ran for 2.386 secs (2.386u,0.s) (success)
Tactic call fast_rewrite-regression-cubic ran for 2.386 secs (2.386u,0.s) (success)
Params: n= 910
Tactic call refine-regression-quadratic-regression-linear ran for 0.011 secs (0.011u,0.s) (success)
Tactic call pose-build-and-refine-regression-cubic ran for 2.283 secs (2.283u,0.s) (success)
Tactic call fast_rewrite-regression-cubic ran for 2.283 secs (2.283u,0.s) (success)
Params: n= 920
Tactic call refine-regression-quadratic-regression-linear ran for 0.01 secs (0.01u,0.s) (success)
Tactic call pose-build-and-refine-regression-cubic ran for 2.329 secs (2.329u,0.s) (success)
Tactic call fast_rewrite-regression-cubic ran for 2.329 secs (2.329u,0.s) (success)
Params: n= 930
Tactic call refine-regression-quadratic-regression-linear ran for 0.01 secs (0.01u,0.s) (success)
Tactic call pose-build-and-refine-regression-cubic ran for 2.331 secs (2.331u,0.s) (success)
Tactic call fast_rewrite-regression-cubic ran for 2.331 secs (2.331u,0.s) (success)
Params: n= 940
Tactic call refine-regression-quadratic-regression-linear ran for 0.01 secs (0.01u,0.s) (success)
Tactic call pose-build-and-refine-regression-cubic ran for 2.688 secs (2.687u,0.s) (success)
Tactic call fast_rewrite-regression-cubic ran for 2.688 secs (2.687u,0.s) (success)
Params: n= 950
Tactic call refine-regression-quadratic-regression-linear ran for 0.011 secs (0.011u,0.s) (success)
Tactic call pose-build-and-refine-regression-cubic ran for 2.432 secs (2.431u,0.s) (success)
Tactic call fast_rewrite-regression-cubic ran for 2.432 secs (2.431u,0.s) (success)
Params: n= 960
Tactic call refine-regression-quadratic-regression-linear ran for 0.011 secs (0.011u,0.s) (success)
Tactic call pose-build-and-refine-regression-cubic ran for 2.552 secs (2.551u,0.s) (success)
Tactic call fast_rewrite-regression-cubic ran for 2.552 secs (2.551u,0.s) (success)
Params: n= 970
Tactic call refine-regression-quadratic-regression-linear ran for 0.011 secs (0.011u,0.s) (success)
Tactic call pose-build-and-refine-regression-cubic ran for 2.87 secs (2.837u,0.032s) (success)
Tactic call fast_rewrite-regression-cubic ran for 2.87 secs (2.837u,0.032s) (success)
Params: n= 980
Tactic call refine-regression-quadratic-regression-linear ran for 0.011 secs (0.011u,0.s) (success)
Tactic call pose-build-and-refine-regression-cubic ran for 2.693 secs (2.692u,0.s) (success)
Tactic call fast_rewrite-regression-cubic ran for 2.693 secs (2.692u,0.s) (success)
Params: n= 990
Tactic call refine-regression-quadratic-regression-linear ran for 0.013 secs (0.013u,0.s) (success)
Tactic call pose-build-and-refine-regression-cubic ran for 2.924 secs (2.923u,0.s) (success)
Tactic call fast_rewrite-regression-cubic ran for 2.924 secs (2.923u,0.s) (success)
Params: n= 1000
Tactic call refine-regression-quadratic-regression-linear ran for 0.011 secs (0.011u,0.s) (success)
Tactic call pose-build-and-refine-regression-cubic ran for 2.715 secs (2.715u,0.s) (success)
Tactic call fast_rewrite-regression-cubic ran for 2.715 secs (2.715u,0.s) (success)
Params: n= 1100
Tactic call refine-regression-quadratic-regression-linear ran for 0.018 secs (0.018u,0.s) (success)
Tactic call pose-build-and-refine-regression-cubic ran for 3.174 secs (3.174u,0.s) (success)
Tactic call fast_rewrite-regression-cubic ran for 3.174 secs (3.174u,0.s) (success)
Params: n= 1200
Tactic call refine-regression-quadratic-regression-linear ran for 0.013 secs (0.013u,0.s) (success)
Tactic call pose-build-and-refine-regression-cubic ran for 3.805 secs (3.805u,0.s) (success)
Tactic call fast_rewrite-regression-cubic ran for 3.805 secs (3.805u,0.s) (success)
Params: n= 1300
Tactic call refine-regression-quadratic-regression-linear ran for 0.015 secs (0.015u,0.s) (success)
Tactic call pose-build-and-refine-regression-cubic ran for 4.834 secs (4.833u,0.s) (success)
Tactic call fast_rewrite-regression-cubic ran for 4.834 secs (4.833u,0.s) (success)
Params: n= 1400
Tactic call refine-regression-quadratic-regression-linear ran for 0.016 secs (0.016u,0.s) (success)
Tactic call pose-build-and-refine-regression-cubic ran for 5.68 secs (5.679u,0.s) (success)
Tactic call fast_rewrite-regression-cubic ran for 5.68 secs (5.679u,0.s) (success)
Params: n= 1500
Tactic call refine-regression-quadratic-regression-linear ran for 0.018 secs (0.018u,0.s) (success)
Tactic call pose-build-and-refine-regression-cubic ran for 6.416 secs (6.379u,0.036s) (success)
Tactic call fast_rewrite-regression-cubic ran for 6.416 secs (6.379u,0.036s) (success)
Params: n= 1600
Tactic call refine-regression-quadratic-regression-linear ran for 0.024 secs (0.024u,0.s) (success)
Tactic call pose-build-and-refine-regression-cubic ran for 7.301 secs (7.256u,0.044s) (success)
Tactic call fast_rewrite-regression-cubic ran for 7.301 secs (7.256u,0.044s) (success)
Params: n= 1700
Tactic call refine-regression-quadratic-regression-linear ran for 0.02 secs (0.02u,0.s) (success)
Tactic call pose-build-and-refine-regression-cubic ran for 8.072 secs (8.009u,0.06s) (success)
Tactic call fast_rewrite-regression-cubic ran for 8.072 secs (8.009u,0.06s) (success)
Params: n= 1800
Tactic call refine-regression-quadratic-regression-linear ran for 0.029 secs (0.029u,0.s) (success)
Tactic call pose-build-and-refine-regression-cubic ran for 9.701 secs (9.607u,0.092s) (success)
Tactic call fast_rewrite-regression-cubic ran for 9.701 secs (9.607u,0.092s) (success)
Params: n= 1900
Tactic call refine-regression-quadratic-regression-linear ran for 0.021 secs (0.021u,0.s) (success)
Tactic call pose-build-and-refine-regression-cubic ran for 10.224 secs (10.102u,0.12s) (success)
Tactic call fast_rewrite-regression-cubic ran for 10.224 secs (10.102u,0.12s) (success)
Params: n= 2000
Tactic call refine-regression-quadratic-regression-linear ran for 0.022 secs (0.022u,0.s) (success)
Tactic call pose-build-and-refine-regression-cubic ran for 10.878 secs (10.878u,0.s) (success)
Tactic call fast_rewrite-regression-cubic ran for 10.878 secs (10.878u,0.s) (success)
Params: n= 3000
Tactic call refine-regression-quadratic-regression-linear ran for 0.046 secs (0.042u,0.004s) (success)
Tactic call pose-build-and-refine-regression-cubic ran for 25.946 secs (25.766u,0.176s) (success)
Tactic call fast_rewrite-regression-cubic ran for 25.946 secs (25.766u,0.176s) (success)
Params: n= 4000
Tactic call refine-regression-quadratic-regression-linear ran for 0.055 secs (0.055u,0.s) (success)
Tactic call pose-build-and-refine-regression-cubic ran for 53.433 secs (53.118u,0.304s) (success)
Tactic call fast_rewrite-regression-cubic ran for 53.433 secs (53.118u,0.304s) (success)
Params: n= 5000
Tactic call refine-regression-quadratic-regression-linear ran for 0.077 secs (0.077u,0.s) (success)
Tactic call pose-build-and-refine-regression-cubic ran for 82.728 secs (81.85u,0.859s) (success)
Tactic call fast_rewrite-regression-cubic ran for 82.728 secs (81.85u,0.859s) (success)
