Params: n= 116
Tactic call native_compute(1)-regression-quadratic ran for 0.001 secs (0.u,0.s) (success)
Tactic call native_compute(2)-regression-quadratic ran for 0. secs (0.u,0.s) (success)
Params: n= 229
Tactic call native_compute(1)-regression-quadratic ran for 0.001 secs (0.001u,0.s) (success)
Tactic call native_compute(2)-regression-quadratic ran for 0.001 secs (0.001u,0.s) (success)
Params: n= 343
Tactic call native_compute(1)-regression-quadratic ran for 0.003 secs (0.003u,0.s) (success)
Tactic call native_compute(2)-regression-quadratic ran for 0.003 secs (0.003u,0.s) (success)
Params: n= 456
Tactic call native_compute(1)-regression-quadratic ran for 0.005 secs (0.005u,0.s) (success)
Tactic call native_compute(2)-regression-quadratic ran for 0.005 secs (0.005u,0.s) (success)
Params: n= 570
Tactic call native_compute(1)-regression-quadratic ran for 0.007 secs (0.007u,0.s) (success)
Tactic call native_compute(2)-regression-quadratic ran for 0.009 secs (0.009u,0.s) (success)
Params: n= 684
Tactic call native_compute(1)-regression-quadratic ran for 0.01 secs (0.009u,0.s) (success)
Tactic call native_compute(2)-regression-quadratic ran for 0.01 secs (0.01u,0.s) (success)
Params: n= 797
Tactic call native_compute(1)-regression-quadratic ran for 0.012 secs (0.012u,0.s) (success)
Tactic call native_compute(2)-regression-quadratic ran for 0.014 secs (0.014u,0.s) (success)
Params: n= 911
Tactic call native_compute(1)-regression-quadratic ran for 0.016 secs (0.016u,0.s) (success)
Tactic call native_compute(2)-regression-quadratic ran for 0.016 secs (0.016u,0.s) (success)
Params: n= 1025
Tactic call native_compute(1)-regression-quadratic ran for 0.019 secs (0.019u,0.s) (success)
Tactic call native_compute(2)-regression-quadratic ran for 0.02 secs (0.02u,0.s) (success)
Params: n= 1138
Tactic call native_compute(1)-regression-quadratic ran for 0.026 secs (0.025u,0.s) (success)
Tactic call native_compute(2)-regression-quadratic ran for 0.024 secs (0.023u,0.s) (success)
Params: n= 1252
Tactic call native_compute(1)-regression-quadratic ran for 0.028 secs (0.028u,0.s) (success)
Tactic call native_compute(2)-regression-quadratic ran for 0.029 secs (0.029u,0.s) (success)
Params: n= 1365
Tactic call native_compute(1)-regression-quadratic ran for 0.035 secs (0.035u,0.s) (success)
Tactic call native_compute(2)-regression-quadratic ran for 0.033 secs (0.033u,0.s) (success)
Params: n= 1479
Tactic call native_compute(1)-regression-quadratic ran for 0.038 secs (0.038u,0.s) (success)
Tactic call native_compute(2)-regression-quadratic ran for 0.041 secs (0.041u,0.s) (success)
Params: n= 1593
Tactic call native_compute(1)-regression-quadratic ran for 0.044 secs (0.044u,0.s) (success)
Tactic call native_compute(2)-regression-quadratic ran for 0.047 secs (0.047u,0.s) (success)
Params: n= 1706
Tactic call native_compute(1)-regression-quadratic ran for 0.049 secs (0.049u,0.s) (success)
Tactic call native_compute(2)-regression-quadratic ran for 0.053 secs (0.053u,0.s) (success)
Params: n= 1820
Tactic call native_compute(1)-regression-quadratic ran for 0.056 secs (0.056u,0.s) (success)
Tactic call native_compute(2)-regression-quadratic ran for 0.059 secs (0.059u,0.s) (success)
Params: n= 1933
Tactic call native_compute(1)-regression-quadratic ran for 0.063 secs (0.063u,0.s) (success)
Tactic call native_compute(2)-regression-quadratic ran for 0.067 secs (0.067u,0.s) (success)
Params: n= 2047
Tactic call native_compute(1)-regression-quadratic ran for 0.071 secs (0.071u,0.s) (success)
Tactic call native_compute(2)-regression-quadratic ran for 0.07 secs (0.07u,0.s) (success)
Params: n= 2161
Tactic call native_compute(1)-regression-quadratic ran for 0.081 secs (0.081u,0.s) (success)
Tactic call native_compute(2)-regression-quadratic ran for 0.081 secs (0.081u,0.s) (success)
Params: n= 2274
Tactic call native_compute(1)-regression-quadratic ran for 0.086 secs (0.086u,0.s) (success)
Tactic call native_compute(2)-regression-quadratic ran for 0.089 secs (0.089u,0.s) (success)
Params: n= 2388
Tactic call native_compute(1)-regression-quadratic ran for 0.093 secs (0.093u,0.s) (success)
Tactic call native_compute(2)-regression-quadratic ran for 0.099 secs (0.099u,0.s) (success)
Params: n= 2502
Tactic call native_compute(1)-regression-quadratic ran for 0.103 secs (0.103u,0.s) (success)
Tactic call native_compute(2)-regression-quadratic ran for 0.106 secs (0.106u,0.s) (success)
Params: n= 2615
Tactic call native_compute(1)-regression-quadratic ran for 0.114 secs (0.114u,0.s) (success)
Tactic call native_compute(2)-regression-quadratic ran for 0.114 secs (0.114u,0.s) (success)
Params: n= 2729
Tactic call native_compute(1)-regression-quadratic ran for 0.122 secs (0.122u,0.s) (success)
Tactic call native_compute(2)-regression-quadratic ran for 0.124 secs (0.124u,0.s) (success)
Params: n= 2842
Tactic call native_compute(1)-regression-quadratic ran for 0.13 secs (0.13u,0.s) (success)
Tactic call native_compute(2)-regression-quadratic ran for 0.136 secs (0.136u,0.s) (success)
Params: n= 2956
Tactic call native_compute(1)-regression-quadratic ran for 0.141 secs (0.141u,0.s) (success)
Tactic call native_compute(2)-regression-quadratic ran for 0.144 secs (0.144u,0.s) (success)
Params: n= 3070
Tactic call native_compute(1)-regression-quadratic ran for 0.152 secs (0.152u,0.s) (success)
Tactic call native_compute(2)-regression-quadratic ran for 0.154 secs (0.154u,0.s) (success)
Params: n= 3183
Tactic call native_compute(1)-regression-quadratic ran for 0.162 secs (0.162u,0.s) (success)
Tactic call native_compute(2)-regression-quadratic ran for 0.166 secs (0.166u,0.s) (success)
Params: n= 3297
Tactic call native_compute(1)-regression-quadratic ran for 0.174 secs (0.174u,0.s) (success)
Tactic call native_compute(2)-regression-quadratic ran for 0.177 secs (0.177u,0.s) (success)
Params: n= 3410
Tactic call native_compute(1)-regression-quadratic ran for 0.186 secs (0.182u,0.003s) (success)
Tactic call native_compute(2)-regression-quadratic ran for 0.189 secs (0.189u,0.s) (success)
Params: n= 3524
Tactic call native_compute(1)-regression-quadratic ran for 0.198 secs (0.194u,0.003s) (success)
Tactic call native_compute(2)-regression-quadratic ran for 0.201 secs (0.201u,0.s) (success)
Params: n= 3638
Tactic call native_compute(1)-regression-quadratic ran for 0.209 secs (0.209u,0.s) (success)
Tactic call native_compute(2)-regression-quadratic ran for 0.213 secs (0.213u,0.s) (success)
Params: n= 3751
Tactic call native_compute(1)-regression-quadratic ran for 0.221 secs (0.221u,0.s) (success)
Tactic call native_compute(2)-regression-quadratic ran for 0.226 secs (0.222u,0.003s) (success)
Params: n= 3865
Tactic call native_compute(1)-regression-quadratic ran for 0.236 secs (0.236u,0.s) (success)
Tactic call native_compute(2)-regression-quadratic ran for 0.239 secs (0.235u,0.003s) (success)
Params: n= 3979
Tactic call native_compute(1)-regression-quadratic ran for 0.249 secs (0.249u,0.s) (success)
Tactic call native_compute(2)-regression-quadratic ran for 0.254 secs (0.254u,0.s) (success)
Params: n= 4092
Tactic call native_compute(1)-regression-quadratic ran for 0.264 secs (0.261u,0.002s) (success)
Tactic call native_compute(2)-regression-quadratic ran for 0.265 secs (0.265u,0.s) (success)
Params: n= 4206
Tactic call native_compute(1)-regression-quadratic ran for 0.275 secs (0.275u,0.s) (success)
Tactic call native_compute(2)-regression-quadratic ran for 0.279 secs (0.279u,0.s) (success)
Params: n= 4319
Tactic call native_compute(1)-regression-quadratic ran for 0.29 secs (0.29u,0.s) (success)
Tactic call native_compute(2)-regression-quadratic ran for 0.29 secs (0.29u,0.s) (success)
Params: n= 4433
Tactic call native_compute(1)-regression-quadratic ran for 0.303 secs (0.303u,0.s) (success)
Tactic call native_compute(2)-regression-quadratic ran for 0.306 secs (0.306u,0.s) (success)
Params: n= 4547
Tactic call native_compute(1)-regression-quadratic ran for 0.318 secs (0.318u,0.s) (success)
Tactic call native_compute(2)-regression-quadratic ran for 0.322 secs (0.318u,0.003s) (success)
Params: n= 4660
Tactic call native_compute(1)-regression-quadratic ran for 0.335 secs (0.335u,0.s) (success)
Tactic call native_compute(2)-regression-quadratic ran for 0.337 secs (0.337u,0.s) (success)
Params: n= 4774
Tactic call native_compute(1)-regression-quadratic ran for 0.35 secs (0.35u,0.s) (success)
Tactic call native_compute(2)-regression-quadratic ran for 0.354 secs (0.354u,0.s) (success)
Params: n= 4887
Tactic call native_compute(1)-regression-quadratic ran for 0.365 secs (0.365u,0.s) (success)
Tactic call native_compute(2)-regression-quadratic ran for 0.369 secs (0.369u,0.s) (success)
Params: n= 5001
Tactic call native_compute(1)-regression-quadratic ran for 0.401 secs (0.401u,0.s) (success)
Tactic call native_compute(2)-regression-quadratic ran for 0.388 secs (0.388u,0.s) (success)
Params: n= 5115
Tactic call native_compute(1)-regression-quadratic ran for 0.399 secs (0.399u,0.s) (success)
Tactic call native_compute(2)-regression-quadratic ran for 0.405 secs (0.405u,0.s) (success)
Params: n= 5228
Tactic call native_compute(1)-regression-quadratic ran for 0.418 secs (0.418u,0.s) (success)
Tactic call native_compute(2)-regression-quadratic ran for 0.42 secs (0.416u,0.003s) (success)
Params: n= 5342
Tactic call native_compute(1)-regression-quadratic ran for 0.434 secs (0.434u,0.s) (success)
Tactic call native_compute(2)-regression-quadratic ran for 0.438 secs (0.437u,0.s) (success)
Params: n= 5456
Tactic call native_compute(1)-regression-quadratic ran for 0.452 secs (0.452u,0.s) (success)
Tactic call native_compute(2)-regression-quadratic ran for 0.457 secs (0.457u,0.s) (success)
Params: n= 5569
Tactic call native_compute(1)-regression-quadratic ran for 0.475 secs (0.467u,0.004s) (success)
Tactic call native_compute(2)-regression-quadratic ran for 0.475 secs (0.475u,0.s) (success)
Params: n= 5683
Tactic call native_compute(1)-regression-quadratic ran for 0.49 secs (0.49u,0.s) (success)
Tactic call native_compute(2)-regression-quadratic ran for 0.497 secs (0.497u,0.s) (success)
Params: n= 5796
Tactic call native_compute(1)-regression-quadratic ran for 0.513 secs (0.513u,0.s) (success)
Tactic call native_compute(2)-regression-quadratic ran for 0.52 secs (0.516u,0.003s) (success)
Params: n= 5910
Tactic call native_compute(1)-regression-quadratic ran for 0.533 secs (0.533u,0.s) (success)
Tactic call native_compute(2)-regression-quadratic ran for 0.54 secs (0.54u,0.s) (success)
Params: n= 6221
Tactic call native_compute(1)-regression-quadratic ran for 0.59 secs (0.586u,0.003s) (success)
Tactic call native_compute(2)-regression-quadratic ran for 0.595 secs (0.595u,0.s) (success)
Params: n= 6532
Tactic call native_compute(1)-regression-quadratic ran for 0.646 secs (0.646u,0.s) (success)
Tactic call native_compute(2)-regression-quadratic ran for 0.652 secs (0.652u,0.s) (success)
Params: n= 6843
Tactic call native_compute(1)-regression-quadratic ran for 0.708 secs (0.708u,0.s) (success)
Tactic call native_compute(2)-regression-quadratic ran for 0.713 secs (0.713u,0.s) (success)
Params: n= 7154
Tactic call native_compute(1)-regression-quadratic ran for 0.77 secs (0.77u,0.s) (success)
Tactic call native_compute(2)-regression-quadratic ran for 0.78 secs (0.776u,0.003s) (success)
Params: n= 7465
Tactic call native_compute(1)-regression-quadratic ran for 0.836 secs (0.836u,0.s) (success)
Tactic call native_compute(2)-regression-quadratic ran for 0.84 secs (0.84u,0.s) (success)
Params: n= 7776
Tactic call native_compute(1)-regression-quadratic ran for 0.903 secs (0.903u,0.s) (success)
Tactic call native_compute(2)-regression-quadratic ran for 0.905 secs (0.905u,0.s) (success)
Params: n= 8087
Tactic call native_compute(1)-regression-quadratic ran for 0.971 secs (0.971u,0.s) (success)
Tactic call native_compute(2)-regression-quadratic ran for 0.977 secs (0.973u,0.003s) (success)
Params: n= 8398
Tactic call native_compute(1)-regression-quadratic ran for 1.044 secs (1.044u,0.s) (success)
Tactic call native_compute(2)-regression-quadratic ran for 1.055 secs (1.054u,0.s) (success)
Params: n= 8709
Tactic call native_compute(1)-regression-quadratic ran for 1.123 secs (1.123u,0.s) (success)
Tactic call native_compute(2)-regression-quadratic ran for 1.127 secs (1.123u,0.003s) (success)
Params: n= 9019
Tactic call native_compute(1)-regression-quadratic ran for 1.198 secs (1.189u,0.007s) (success)
Tactic call native_compute(2)-regression-quadratic ran for 1.207 secs (1.207u,0.s) (success)
Params: n= 9330
Tactic call native_compute(1)-regression-quadratic ran for 1.279 secs (1.279u,0.s) (success)
Tactic call native_compute(2)-regression-quadratic ran for 1.288 secs (1.28u,0.007s) (success)
Params: n= 9641
Tactic call native_compute(1)-regression-quadratic ran for 1.368 secs (1.368u,0.s) (success)
Tactic call native_compute(2)-regression-quadratic ran for 1.375 secs (1.375u,0.s) (success)
Params: n= 9952
Tactic call native_compute(1)-regression-quadratic ran for 1.456 secs (1.456u,0.s) (success)
Tactic call native_compute(2)-regression-quadratic ran for 1.465 secs (1.465u,0.s) (success)
Params: n= 10263
Tactic call native_compute(1)-regression-quadratic ran for 1.553 secs (1.553u,0.s) (success)
Tactic call native_compute(2)-regression-quadratic ran for 1.564 secs (1.564u,0.s) (success)
Params: n= 10574
Tactic call native_compute(1)-regression-quadratic ran for 1.65 secs (1.65u,0.s) (success)
Tactic call native_compute(2)-regression-quadratic ran for 1.656 secs (1.655u,0.s) (success)
Params: n= 10885
Tactic call native_compute(1)-regression-quadratic ran for 1.742 secs (1.742u,0.s) (success)
Tactic call native_compute(2)-regression-quadratic ran for 1.758 secs (1.754u,0.003s) (success)
Params: n= 11196
Tactic call native_compute(1)-regression-quadratic ran for 1.844 secs (1.844u,0.s) (success)
Tactic call native_compute(2)-regression-quadratic ran for 1.842 secs (1.842u,0.s) (success)
Params: n= 11507
Tactic call native_compute(1)-regression-quadratic ran for 1.932 secs (1.932u,0.s) (success)
Tactic call native_compute(2)-regression-quadratic ran for 1.943 secs (1.943u,0.s) (success)
Params: n= 11818
Tactic call native_compute(1)-regression-quadratic ran for 2.036 secs (2.036u,0.s) (success)
Tactic call native_compute(2)-regression-quadratic ran for 2.046 secs (2.046u,0.s) (success)
Params: n= 13000
Tactic call native_compute(1)-regression-quadratic ran for 2.46 secs (2.46u,0.s) (success)
Tactic call native_compute(2)-regression-quadratic ran for 2.464 secs (2.464u,0.s) (success)
Params: n= 14181
Tactic call native_compute(1)-regression-quadratic ran for 2.909 secs (2.909u,0.s) (success)
Tactic call native_compute(2)-regression-quadratic ran for 2.921 secs (2.921u,0.s) (success)
Params: n= 15363
Tactic call native_compute(1)-regression-quadratic ran for 3.409 secs (3.409u,0.s) (success)
Tactic call native_compute(2)-regression-quadratic ran for 3.427 secs (3.427u,0.s) (success)
Params: n= 16544
Tactic call native_compute(1)-regression-quadratic ran for 3.973 secs (3.972u,0.s) (success)
Tactic call native_compute(2)-regression-quadratic ran for 3.972 secs (3.972u,0.s) (success)
Params: n= 17726
Tactic call native_compute(1)-regression-quadratic ran for 4.543 secs (4.543u,0.s) (success)
Tactic call native_compute(2)-regression-quadratic ran for 4.555 secs (4.551u,0.003s) (success)
Params: n= 18908
Tactic call native_compute(1)-regression-quadratic ran for 5.137 secs (5.137u,0.s) (success)
Tactic call native_compute(2)-regression-quadratic ran for 5.146 secs (5.14u,0.003s) (success)
Params: n= 20089
Tactic call native_compute(1)-regression-quadratic ran for 5.79 secs (5.786u,0.003s) (success)
Tactic call native_compute(2)-regression-quadratic ran for 5.781 secs (5.781u,0.s) (success)
Params: n= 21271
Tactic call native_compute(1)-regression-quadratic ran for 6.464 secs (6.464u,0.s) (success)
Tactic call native_compute(2)-regression-quadratic ran for 6.502 secs (6.502u,0.s) (success)
Params: n= 22452
Tactic call native_compute(1)-regression-quadratic ran for 7.278 secs (7.277u,0.s) (success)
Tactic call native_compute(2)-regression-quadratic ran for 7.268 secs (7.263u,0.003s) (success)
Params: n= 23634
Tactic call native_compute(1)-regression-quadratic ran for 8.001 secs (8.001u,0.s) (success)
Tactic call native_compute(2)-regression-quadratic ran for 8.003 secs (8.003u,0.s) (success)
Params: n= 28361
Tactic call native_compute(1)-regression-quadratic ran for 11.479 secs (11.472u,0.003s) (success)
Tactic call native_compute(2)-regression-quadratic ran for 11.468 secs (11.468u,0.s) (success)
Params: n= 33087
Tactic call native_compute(1)-regression-quadratic ran for 15.584 secs (15.584u,0.s) (success)
Tactic call native_compute(2)-regression-quadratic ran for 15.589 secs (15.584u,0.003s) (success)
Params: n= 37814
Tactic call native_compute(1)-regression-quadratic ran for 20.301 secs (20.291u,0.007s) (success)
Tactic call native_compute(2)-regression-quadratic ran for 20.343 secs (20.343u,0.s) (success)
Params: n= 42540
Tactic call native_compute(1)-regression-quadratic ran for 25.663 secs (25.658u,0.003s) (success)
Tactic call native_compute(2)-regression-quadratic ran for 25.804 secs (25.797u,0.003s) (success)
Params: n= 47267
Tactic call native_compute(1)-regression-quadratic ran for 31.615 secs (31.606u,0.007s) (success)
Tactic call native_compute(2)-regression-quadratic ran for 31.782 secs (31.775u,0.004s) (success)
