Params: n= 4
Tactic call refine-regression-quadratic-regression-linear ran for 0. secs (0.u,0.s) (success)
Tactic call pose-build-and-refine-regression-cubic ran for 0. secs (0.u,0.s) (success)
Tactic call fast_rewrite-regression-cubic ran for 0. secs (0.u,0.s) (success)
Params: n= 5
Tactic call refine-regression-quadratic-regression-linear ran for 0. secs (0.u,0.s) (success)
Tactic call pose-build-and-refine-regression-cubic ran for 0. secs (0.u,0.s) (success)
Tactic call fast_rewrite-regression-cubic ran for 0. secs (0.u,0.s) (success)
Params: n= 6
Tactic call refine-regression-quadratic-regression-linear ran for 0. secs (0.u,0.s) (success)
Tactic call pose-build-and-refine-regression-cubic ran for 0. secs (0.u,0.s) (success)
Tactic call fast_rewrite-regression-cubic ran for 0. secs (0.u,0.s) (success)
Params: n= 7
Tactic call refine-regression-quadratic-regression-linear ran for 0. secs (0.u,0.s) (success)
Tactic call pose-build-and-refine-regression-cubic ran for 0.001 secs (0.001u,0.s) (success)
Tactic call fast_rewrite-regression-cubic ran for 0.001 secs (0.001u,0.s) (success)
Params: n= 8
Tactic call refine-regression-quadratic-regression-linear ran for 0. secs (0.u,0.s) (success)
Tactic call pose-build-and-refine-regression-cubic ran for 0.001 secs (0.001u,0.s) (success)
Tactic call fast_rewrite-regression-cubic ran for 0.001 secs (0.001u,0.s) (success)
Params: n= 9
Tactic call refine-regression-quadratic-regression-linear ran for 0. secs (0.u,0.s) (success)
Tactic call pose-build-and-refine-regression-cubic ran for 0.001 secs (0.001u,0.s) (success)
Tactic call fast_rewrite-regression-cubic ran for 0.001 secs (0.001u,0.s) (success)
Params: n= 10
Tactic call refine-regression-quadratic-regression-linear ran for 0. secs (0.u,0.s) (success)
Tactic call pose-build-and-refine-regression-cubic ran for 0.001 secs (0.001u,0.s) (success)
Tactic call fast_rewrite-regression-cubic ran for 0.001 secs (0.001u,0.s) (success)
Params: n= 11
Tactic call refine-regression-quadratic-regression-linear ran for 0. secs (0.u,0.s) (success)
Tactic call pose-build-and-refine-regression-cubic ran for 0.001 secs (0.001u,0.s) (success)
Tactic call fast_rewrite-regression-cubic ran for 0.001 secs (0.001u,0.s) (success)
Params: n= 12
Tactic call refine-regression-quadratic-regression-linear ran for 0. secs (0.u,0.s) (success)
Tactic call pose-build-and-refine-regression-cubic ran for 0.001 secs (0.001u,0.s) (success)
Tactic call fast_rewrite-regression-cubic ran for 0.001 secs (0.001u,0.s) (success)
Params: n= 13
Tactic call refine-regression-quadratic-regression-linear ran for 0. secs (0.u,0.s) (success)
Tactic call pose-build-and-refine-regression-cubic ran for 0.001 secs (0.001u,0.s) (success)
Tactic call fast_rewrite-regression-cubic ran for 0.001 secs (0.001u,0.s) (success)
Params: n= 14
Tactic call refine-regression-quadratic-regression-linear ran for 0. secs (0.u,0.s) (success)
Tactic call pose-build-and-refine-regression-cubic ran for 0.001 secs (0.001u,0.s) (success)
Tactic call fast_rewrite-regression-cubic ran for 0.001 secs (0.001u,0.s) (success)
Params: n= 15
Tactic call refine-regression-quadratic-regression-linear ran for 0. secs (0.u,0.s) (success)
Tactic call pose-build-and-refine-regression-cubic ran for 0.002 secs (0.002u,0.s) (success)
Tactic call fast_rewrite-regression-cubic ran for 0.002 secs (0.002u,0.s) (success)
Params: n= 16
Tactic call refine-regression-quadratic-regression-linear ran for 0. secs (0.u,0.s) (success)
Tactic call pose-build-and-refine-regression-cubic ran for 0.002 secs (0.002u,0.s) (success)
Tactic call fast_rewrite-regression-cubic ran for 0.002 secs (0.002u,0.s) (success)
Params: n= 17
Tactic call refine-regression-quadratic-regression-linear ran for 0. secs (0.u,0.s) (success)
Tactic call pose-build-and-refine-regression-cubic ran for 0.002 secs (0.002u,0.s) (success)
Tactic call fast_rewrite-regression-cubic ran for 0.002 secs (0.002u,0.s) (success)
Params: n= 18
Tactic call refine-regression-quadratic-regression-linear ran for 0. secs (0.u,0.s) (success)
Tactic call pose-build-and-refine-regression-cubic ran for 0.002 secs (0.002u,0.s) (success)
Tactic call fast_rewrite-regression-cubic ran for 0.002 secs (0.002u,0.s) (success)
Params: n= 19
Tactic call refine-regression-quadratic-regression-linear ran for 0. secs (0.u,0.s) (success)
Tactic call pose-build-and-refine-regression-cubic ran for 0.002 secs (0.002u,0.s) (success)
Tactic call fast_rewrite-regression-cubic ran for 0.002 secs (0.002u,0.s) (success)
Params: n= 20
Tactic call refine-regression-quadratic-regression-linear ran for 0. secs (0.u,0.s) (success)
Tactic call pose-build-and-refine-regression-cubic ran for 0.002 secs (0.002u,0.s) (success)
Tactic call fast_rewrite-regression-cubic ran for 0.002 secs (0.002u,0.s) (success)
Params: n= 21
Tactic call refine-regression-quadratic-regression-linear ran for 0. secs (0.u,0.s) (success)
Tactic call pose-build-and-refine-regression-cubic ran for 0.002 secs (0.002u,0.s) (success)
Tactic call fast_rewrite-regression-cubic ran for 0.003 secs (0.003u,0.s) (success)
Params: n= 22
Tactic call refine-regression-quadratic-regression-linear ran for 0. secs (0.u,0.s) (success)
Tactic call pose-build-and-refine-regression-cubic ran for 0.003 secs (0.003u,0.s) (success)
Tactic call fast_rewrite-regression-cubic ran for 0.003 secs (0.003u,0.s) (success)
Params: n= 23
Tactic call refine-regression-quadratic-regression-linear ran for 0. secs (0.u,0.s) (success)
Tactic call pose-build-and-refine-regression-cubic ran for 0.003 secs (0.003u,0.s) (success)
Tactic call fast_rewrite-regression-cubic ran for 0.003 secs (0.003u,0.s) (success)
Params: n= 24
Tactic call refine-regression-quadratic-regression-linear ran for 0. secs (0.u,0.s) (success)
Tactic call pose-build-and-refine-regression-cubic ran for 0.003 secs (0.003u,0.s) (success)
Tactic call fast_rewrite-regression-cubic ran for 0.003 secs (0.003u,0.s) (success)
Params: n= 25
Tactic call refine-regression-quadratic-regression-linear ran for 0. secs (0.u,0.s) (success)
Tactic call pose-build-and-refine-regression-cubic ran for 0.003 secs (0.003u,0.s) (success)
Tactic call fast_rewrite-regression-cubic ran for 0.003 secs (0.003u,0.s) (success)
Params: n= 26
Tactic call refine-regression-quadratic-regression-linear ran for 0. secs (0.u,0.s) (success)
Tactic call pose-build-and-refine-regression-cubic ran for 0.007 secs (0.007u,0.s) (success)
Tactic call fast_rewrite-regression-cubic ran for 0.007 secs (0.007u,0.s) (success)
Params: n= 27
Tactic call refine-regression-quadratic-regression-linear ran for 0. secs (0.u,0.s) (success)
Tactic call pose-build-and-refine-regression-cubic ran for 0.004 secs (0.004u,0.s) (success)
Tactic call fast_rewrite-regression-cubic ran for 0.004 secs (0.004u,0.s) (success)
Params: n= 28
Tactic call refine-regression-quadratic-regression-linear ran for 0. secs (0.u,0.s) (success)
Tactic call pose-build-and-refine-regression-cubic ran for 0.004 secs (0.004u,0.s) (success)
Tactic call fast_rewrite-regression-cubic ran for 0.004 secs (0.004u,0.s) (success)
Params: n= 29
Tactic call refine-regression-quadratic-regression-linear ran for 0. secs (0.u,0.s) (success)
Tactic call pose-build-and-refine-regression-cubic ran for 0.004 secs (0.004u,0.s) (success)
Tactic call fast_rewrite-regression-cubic ran for 0.004 secs (0.004u,0.s) (success)
Params: n= 30
Tactic call refine-regression-quadratic-regression-linear ran for 0. secs (0.u,0.s) (success)
Tactic call pose-build-and-refine-regression-cubic ran for 0.004 secs (0.004u,0.s) (success)
Tactic call fast_rewrite-regression-cubic ran for 0.004 secs (0.004u,0.s) (success)
Params: n= 31
Tactic call refine-regression-quadratic-regression-linear ran for 0. secs (0.u,0.s) (success)
Tactic call pose-build-and-refine-regression-cubic ran for 0.004 secs (0.004u,0.s) (success)
Tactic call fast_rewrite-regression-cubic ran for 0.004 secs (0.004u,0.s) (success)
Params: n= 32
Tactic call refine-regression-quadratic-regression-linear ran for 0. secs (0.u,0.s) (success)
Tactic call pose-build-and-refine-regression-cubic ran for 0.004 secs (0.004u,0.s) (success)
Tactic call fast_rewrite-regression-cubic ran for 0.004 secs (0.004u,0.s) (success)
Params: n= 33
Tactic call refine-regression-quadratic-regression-linear ran for 0. secs (0.u,0.s) (success)
Tactic call pose-build-and-refine-regression-cubic ran for 0.005 secs (0.005u,0.s) (success)
Tactic call fast_rewrite-regression-cubic ran for 0.005 secs (0.005u,0.s) (success)
Params: n= 34
Tactic call refine-regression-quadratic-regression-linear ran for 0. secs (0.u,0.s) (success)
Tactic call pose-build-and-refine-regression-cubic ran for 0.005 secs (0.005u,0.s) (success)
Tactic call fast_rewrite-regression-cubic ran for 0.005 secs (0.005u,0.s) (success)
Params: n= 35
Tactic call refine-regression-quadratic-regression-linear ran for 0. secs (0.u,0.s) (success)
Tactic call pose-build-and-refine-regression-cubic ran for 0.005 secs (0.005u,0.s) (success)
Tactic call fast_rewrite-regression-cubic ran for 0.005 secs (0.005u,0.s) (success)
Params: n= 36
Tactic call refine-regression-quadratic-regression-linear ran for 0.006 secs (0.006u,0.s) (success)
Tactic call pose-build-and-refine-regression-cubic ran for 0.012 secs (0.012u,0.s) (success)
Tactic call fast_rewrite-regression-cubic ran for 0.012 secs (0.012u,0.s) (success)
Params: n= 37
Tactic call refine-regression-quadratic-regression-linear ran for 0. secs (0.u,0.s) (success)
Tactic call pose-build-and-refine-regression-cubic ran for 0.006 secs (0.006u,0.s) (success)
Tactic call fast_rewrite-regression-cubic ran for 0.006 secs (0.006u,0.s) (success)
Params: n= 38
Tactic call refine-regression-quadratic-regression-linear ran for 0. secs (0.u,0.s) (success)
Tactic call pose-build-and-refine-regression-cubic ran for 0.006 secs (0.006u,0.s) (success)
Tactic call fast_rewrite-regression-cubic ran for 0.006 secs (0.006u,0.s) (success)
Params: n= 39
Tactic call refine-regression-quadratic-regression-linear ran for 0. secs (0.u,0.s) (success)
Tactic call pose-build-and-refine-regression-cubic ran for 0.006 secs (0.006u,0.s) (success)
Tactic call fast_rewrite-regression-cubic ran for 0.006 secs (0.006u,0.s) (success)
Params: n= 40
Tactic call refine-regression-quadratic-regression-linear ran for 0. secs (0.u,0.s) (success)
Tactic call pose-build-and-refine-regression-cubic ran for 0.006 secs (0.006u,0.s) (success)
Tactic call fast_rewrite-regression-cubic ran for 0.006 secs (0.006u,0.s) (success)
Params: n= 41
Tactic call refine-regression-quadratic-regression-linear ran for 0. secs (0.u,0.s) (success)
Tactic call pose-build-and-refine-regression-cubic ran for 0.006 secs (0.006u,0.s) (success)
Tactic call fast_rewrite-regression-cubic ran for 0.006 secs (0.006u,0.s) (success)
Params: n= 42
Tactic call refine-regression-quadratic-regression-linear ran for 0. secs (0.u,0.s) (success)
Tactic call pose-build-and-refine-regression-cubic ran for 0.007 secs (0.007u,0.s) (success)
Tactic call fast_rewrite-regression-cubic ran for 0.007 secs (0.007u,0.s) (success)
Params: n= 43
Tactic call refine-regression-quadratic-regression-linear ran for 0. secs (0.u,0.s) (success)
Tactic call pose-build-and-refine-regression-cubic ran for 0.007 secs (0.007u,0.s) (success)
Tactic call fast_rewrite-regression-cubic ran for 0.007 secs (0.007u,0.s) (success)
Params: n= 44
Tactic call refine-regression-quadratic-regression-linear ran for 0. secs (0.u,0.s) (success)
Tactic call pose-build-and-refine-regression-cubic ran for 0.009 secs (0.009u,0.s) (success)
Tactic call fast_rewrite-regression-cubic ran for 0.009 secs (0.009u,0.s) (success)
Params: n= 45
Tactic call refine-regression-quadratic-regression-linear ran for 0. secs (0.u,0.s) (success)
Tactic call pose-build-and-refine-regression-cubic ran for 0.007 secs (0.007u,0.s) (success)
Tactic call fast_rewrite-regression-cubic ran for 0.007 secs (0.007u,0.s) (success)
Params: n= 46
Tactic call refine-regression-quadratic-regression-linear ran for 0. secs (0.u,0.s) (success)
Tactic call pose-build-and-refine-regression-cubic ran for 0.007 secs (0.007u,0.s) (success)
Tactic call fast_rewrite-regression-cubic ran for 0.007 secs (0.007u,0.s) (success)
Params: n= 47
Tactic call refine-regression-quadratic-regression-linear ran for 0. secs (0.u,0.s) (success)
Tactic call pose-build-and-refine-regression-cubic ran for 0.008 secs (0.008u,0.s) (success)
Tactic call fast_rewrite-regression-cubic ran for 0.008 secs (0.008u,0.s) (success)
Params: n= 48
Tactic call refine-regression-quadratic-regression-linear ran for 0. secs (0.u,0.s) (success)
Tactic call pose-build-and-refine-regression-cubic ran for 0.008 secs (0.008u,0.s) (success)
Tactic call fast_rewrite-regression-cubic ran for 0.008 secs (0.008u,0.s) (success)
Params: n= 49
Tactic call refine-regression-quadratic-regression-linear ran for 0. secs (0.u,0.s) (success)
Tactic call pose-build-and-refine-regression-cubic ran for 0.008 secs (0.008u,0.s) (success)
Tactic call fast_rewrite-regression-cubic ran for 0.008 secs (0.008u,0.s) (success)
Params: n= 51
Tactic call refine-regression-quadratic-regression-linear ran for 0. secs (0.u,0.s) (success)
Tactic call pose-build-and-refine-regression-cubic ran for 0.009 secs (0.009u,0.s) (success)
Tactic call fast_rewrite-regression-cubic ran for 0.009 secs (0.009u,0.s) (success)
Params: n= 52
Tactic call refine-regression-quadratic-regression-linear ran for 0. secs (0.u,0.s) (success)
Tactic call pose-build-and-refine-regression-cubic ran for 0.015 secs (0.015u,0.s) (success)
Tactic call fast_rewrite-regression-cubic ran for 0.015 secs (0.015u,0.s) (success)
Params: n= 53
Tactic call refine-regression-quadratic-regression-linear ran for 0. secs (0.u,0.s) (success)
Tactic call pose-build-and-refine-regression-cubic ran for 0.009 secs (0.009u,0.s) (success)
Tactic call fast_rewrite-regression-cubic ran for 0.009 secs (0.009u,0.s) (success)
Params: n= 54
Tactic call refine-regression-quadratic-regression-linear ran for 0. secs (0.u,0.s) (success)
Tactic call pose-build-and-refine-regression-cubic ran for 0.009 secs (0.009u,0.s) (success)
Tactic call fast_rewrite-regression-cubic ran for 0.009 secs (0.009u,0.s) (success)
Params: n= 55
Tactic call refine-regression-quadratic-regression-linear ran for 0. secs (0.u,0.s) (success)
Tactic call pose-build-and-refine-regression-cubic ran for 0.01 secs (0.01u,0.s) (success)
Tactic call fast_rewrite-regression-cubic ran for 0.01 secs (0.01u,0.s) (success)
Params: n= 56
Tactic call refine-regression-quadratic-regression-linear ran for 0. secs (0.u,0.s) (success)
Tactic call pose-build-and-refine-regression-cubic ran for 0.01 secs (0.01u,0.s) (success)
Tactic call fast_rewrite-regression-cubic ran for 0.01 secs (0.01u,0.s) (success)
Params: n= 57
Tactic call refine-regression-quadratic-regression-linear ran for 0. secs (0.u,0.s) (success)
Tactic call pose-build-and-refine-regression-cubic ran for 0.012 secs (0.012u,0.s) (success)
Tactic call fast_rewrite-regression-cubic ran for 0.012 secs (0.012u,0.s) (success)
Params: n= 58
Tactic call refine-regression-quadratic-regression-linear ran for 0. secs (0.u,0.s) (success)
Tactic call pose-build-and-refine-regression-cubic ran for 0.011 secs (0.011u,0.s) (success)
Tactic call fast_rewrite-regression-cubic ran for 0.011 secs (0.011u,0.s) (success)
Params: n= 59
Tactic call refine-regression-quadratic-regression-linear ran for 0. secs (0.u,0.s) (success)
Tactic call pose-build-and-refine-regression-cubic ran for 0.011 secs (0.011u,0.s) (success)
Tactic call fast_rewrite-regression-cubic ran for 0.011 secs (0.011u,0.s) (success)
Params: n= 60
Tactic call refine-regression-quadratic-regression-linear ran for 0. secs (0.u,0.s) (success)
Tactic call pose-build-and-refine-regression-cubic ran for 0.011 secs (0.011u,0.s) (success)
Tactic call fast_rewrite-regression-cubic ran for 0.011 secs (0.011u,0.s) (success)
Params: n= 61
Tactic call refine-regression-quadratic-regression-linear ran for 0. secs (0.u,0.s) (success)
Tactic call pose-build-and-refine-regression-cubic ran for 0.011 secs (0.011u,0.s) (success)
Tactic call fast_rewrite-regression-cubic ran for 0.011 secs (0.011u,0.s) (success)
Params: n= 62
Tactic call refine-regression-quadratic-regression-linear ran for 0. secs (0.u,0.s) (success)
Tactic call pose-build-and-refine-regression-cubic ran for 0.016 secs (0.016u,0.s) (success)
Tactic call fast_rewrite-regression-cubic ran for 0.016 secs (0.016u,0.s) (success)
Params: n= 63
Tactic call refine-regression-quadratic-regression-linear ran for 0. secs (0.u,0.s) (success)
Tactic call pose-build-and-refine-regression-cubic ran for 0.012 secs (0.012u,0.s) (success)
Tactic call fast_rewrite-regression-cubic ran for 0.012 secs (0.012u,0.s) (success)
Params: n= 64
Tactic call refine-regression-quadratic-regression-linear ran for 0. secs (0.u,0.s) (success)
Tactic call pose-build-and-refine-regression-cubic ran for 0.012 secs (0.012u,0.s) (success)
Tactic call fast_rewrite-regression-cubic ran for 0.012 secs (0.012u,0.s) (success)
Params: n= 65
Tactic call refine-regression-quadratic-regression-linear ran for 0. secs (0.u,0.s) (success)
Tactic call pose-build-and-refine-regression-cubic ran for 0.012 secs (0.012u,0.s) (success)
Tactic call fast_rewrite-regression-cubic ran for 0.012 secs (0.012u,0.s) (success)
Params: n= 66
Tactic call refine-regression-quadratic-regression-linear ran for 0. secs (0.u,0.s) (success)
Tactic call pose-build-and-refine-regression-cubic ran for 0.015 secs (0.015u,0.s) (success)
Tactic call fast_rewrite-regression-cubic ran for 0.015 secs (0.015u,0.s) (success)
Params: n= 67
Tactic call refine-regression-quadratic-regression-linear ran for 0. secs (0.u,0.s) (success)
Tactic call pose-build-and-refine-regression-cubic ran for 0.013 secs (0.013u,0.s) (success)
Tactic call fast_rewrite-regression-cubic ran for 0.013 secs (0.013u,0.s) (success)
Params: n= 68
Tactic call refine-regression-quadratic-regression-linear ran for 0. secs (0.u,0.s) (success)
Tactic call pose-build-and-refine-regression-cubic ran for 0.013 secs (0.013u,0.s) (success)
Tactic call fast_rewrite-regression-cubic ran for 0.013 secs (0.013u,0.s) (success)
Params: n= 69
Tactic call refine-regression-quadratic-regression-linear ran for 0. secs (0.u,0.s) (success)
Tactic call pose-build-and-refine-regression-cubic ran for 0.014 secs (0.014u,0.s) (success)
Tactic call fast_rewrite-regression-cubic ran for 0.014 secs (0.014u,0.s) (success)
Params: n= 70
Tactic call refine-regression-quadratic-regression-linear ran for 0. secs (0.u,0.s) (success)
Tactic call pose-build-and-refine-regression-cubic ran for 0.019 secs (0.019u,0.s) (success)
Tactic call fast_rewrite-regression-cubic ran for 0.019 secs (0.019u,0.s) (success)
Params: n= 71
Tactic call refine-regression-quadratic-regression-linear ran for 0. secs (0.u,0.s) (success)
Tactic call pose-build-and-refine-regression-cubic ran for 0.014 secs (0.014u,0.s) (success)
Tactic call fast_rewrite-regression-cubic ran for 0.014 secs (0.014u,0.s) (success)
Params: n= 72
Tactic call refine-regression-quadratic-regression-linear ran for 0. secs (0.u,0.s) (success)
Tactic call pose-build-and-refine-regression-cubic ran for 0.014 secs (0.014u,0.s) (success)
Tactic call fast_rewrite-regression-cubic ran for 0.014 secs (0.014u,0.s) (success)
Params: n= 73
Tactic call refine-regression-quadratic-regression-linear ran for 0. secs (0.u,0.s) (success)
Tactic call pose-build-and-refine-regression-cubic ran for 0.015 secs (0.015u,0.s) (success)
Tactic call fast_rewrite-regression-cubic ran for 0.015 secs (0.015u,0.s) (success)
Params: n= 74
Tactic call refine-regression-quadratic-regression-linear ran for 0. secs (0.u,0.s) (success)
Tactic call pose-build-and-refine-regression-cubic ran for 0.016 secs (0.012u,0.003s) (success)
Tactic call fast_rewrite-regression-cubic ran for 0.016 secs (0.012u,0.003s) (success)
Params: n= 75
Tactic call refine-regression-quadratic-regression-linear ran for 0. secs (0.u,0.s) (success)
Tactic call pose-build-and-refine-regression-cubic ran for 0.015 secs (0.015u,0.s) (success)
Tactic call fast_rewrite-regression-cubic ran for 0.015 secs (0.015u,0.s) (success)
Params: n= 76
Tactic call refine-regression-quadratic-regression-linear ran for 0. secs (0.u,0.s) (success)
Tactic call pose-build-and-refine-regression-cubic ran for 0.016 secs (0.016u,0.s) (success)
Tactic call fast_rewrite-regression-cubic ran for 0.016 secs (0.016u,0.s) (success)
Params: n= 77
Tactic call refine-regression-quadratic-regression-linear ran for 0. secs (0.u,0.s) (success)
Tactic call pose-build-and-refine-regression-cubic ran for 0.021 secs (0.021u,0.s) (success)
Tactic call fast_rewrite-regression-cubic ran for 0.021 secs (0.021u,0.s) (success)
Params: n= 78
Tactic call refine-regression-quadratic-regression-linear ran for 0. secs (0.u,0.s) (success)
Tactic call pose-build-and-refine-regression-cubic ran for 0.016 secs (0.016u,0.s) (success)
Tactic call fast_rewrite-regression-cubic ran for 0.016 secs (0.016u,0.s) (success)
Params: n= 79
Tactic call refine-regression-quadratic-regression-linear ran for 0. secs (0.u,0.s) (success)
Tactic call pose-build-and-refine-regression-cubic ran for 0.017 secs (0.017u,0.s) (success)
Tactic call fast_rewrite-regression-cubic ran for 0.017 secs (0.017u,0.s) (success)
Params: n= 80
Tactic call refine-regression-quadratic-regression-linear ran for 0. secs (0.u,0.s) (success)
Tactic call pose-build-and-refine-regression-cubic ran for 0.02 secs (0.02u,0.s) (success)
Tactic call fast_rewrite-regression-cubic ran for 0.021 secs (0.021u,0.s) (success)
Params: n= 81
Tactic call refine-regression-quadratic-regression-linear ran for 0. secs (0.u,0.s) (success)
Tactic call pose-build-and-refine-regression-cubic ran for 0.017 secs (0.017u,0.s) (success)
Tactic call fast_rewrite-regression-cubic ran for 0.017 secs (0.017u,0.s) (success)
Params: n= 82
Tactic call refine-regression-quadratic-regression-linear ran for 0. secs (0.u,0.s) (success)
Tactic call pose-build-and-refine-regression-cubic ran for 0.018 secs (0.018u,0.s) (success)
Tactic call fast_rewrite-regression-cubic ran for 0.018 secs (0.018u,0.s) (success)
Params: n= 83
Tactic call refine-regression-quadratic-regression-linear ran for 0.007 secs (0.007u,0.s) (success)
Tactic call pose-build-and-refine-regression-cubic ran for 0.025 secs (0.025u,0.s) (success)
Tactic call fast_rewrite-regression-cubic ran for 0.025 secs (0.025u,0.s) (success)
Params: n= 84
Tactic call refine-regression-quadratic-regression-linear ran for 0. secs (0.u,0.s) (success)
Tactic call pose-build-and-refine-regression-cubic ran for 0.018 secs (0.018u,0.s) (success)
Tactic call fast_rewrite-regression-cubic ran for 0.018 secs (0.018u,0.s) (success)
Params: n= 85
Tactic call refine-regression-quadratic-regression-linear ran for 0. secs (0.u,0.s) (success)
Tactic call pose-build-and-refine-regression-cubic ran for 0.019 secs (0.019u,0.s) (success)
Tactic call fast_rewrite-regression-cubic ran for 0.019 secs (0.019u,0.s) (success)
Params: n= 86
Tactic call refine-regression-quadratic-regression-linear ran for 0. secs (0.u,0.s) (success)
Tactic call pose-build-and-refine-regression-cubic ran for 0.022 secs (0.022u,0.s) (success)
Tactic call fast_rewrite-regression-cubic ran for 0.022 secs (0.022u,0.s) (success)
Params: n= 87
Tactic call refine-regression-quadratic-regression-linear ran for 0. secs (0.u,0.s) (success)
Tactic call pose-build-and-refine-regression-cubic ran for 0.019 secs (0.019u,0.s) (success)
Tactic call fast_rewrite-regression-cubic ran for 0.019 secs (0.019u,0.s) (success)
Params: n= 88
Tactic call refine-regression-quadratic-regression-linear ran for 0. secs (0.u,0.s) (success)
Tactic call pose-build-and-refine-regression-cubic ran for 0.02 secs (0.02u,0.s) (success)
Tactic call fast_rewrite-regression-cubic ran for 0.02 secs (0.02u,0.s) (success)
Params: n= 89
Tactic call refine-regression-quadratic-regression-linear ran for 0. secs (0.u,0.s) (success)
Tactic call pose-build-and-refine-regression-cubic ran for 0.03 secs (0.03u,0.s) (success)
Tactic call fast_rewrite-regression-cubic ran for 0.03 secs (0.03u,0.s) (success)
Params: n= 90
Tactic call refine-regression-quadratic-regression-linear ran for 0. secs (0.u,0.s) (success)
Tactic call pose-build-and-refine-regression-cubic ran for 0.021 secs (0.017u,0.003s) (success)
Tactic call fast_rewrite-regression-cubic ran for 0.021 secs (0.017u,0.003s) (success)
Params: n= 91
Tactic call refine-regression-quadratic-regression-linear ran for 0. secs (0.u,0.s) (success)
Tactic call pose-build-and-refine-regression-cubic ran for 0.021 secs (0.021u,0.s) (success)
Tactic call fast_rewrite-regression-cubic ran for 0.021 secs (0.021u,0.s) (success)
Params: n= 92
Tactic call refine-regression-quadratic-regression-linear ran for 0. secs (0.u,0.s) (success)
Tactic call pose-build-and-refine-regression-cubic ran for 0.023 secs (0.023u,0.s) (success)
Tactic call fast_rewrite-regression-cubic ran for 0.023 secs (0.023u,0.s) (success)
Params: n= 93
Tactic call refine-regression-quadratic-regression-linear ran for 0. secs (0.u,0.s) (success)
Tactic call pose-build-and-refine-regression-cubic ran for 0.022 secs (0.022u,0.s) (success)
Tactic call fast_rewrite-regression-cubic ran for 0.022 secs (0.022u,0.s) (success)
Params: n= 94
Tactic call refine-regression-quadratic-regression-linear ran for 0. secs (0.u,0.s) (success)
Tactic call pose-build-and-refine-regression-cubic ran for 0.027 secs (0.027u,0.s) (success)
Tactic call fast_rewrite-regression-cubic ran for 0.027 secs (0.027u,0.s) (success)
Params: n= 95
Tactic call refine-regression-quadratic-regression-linear ran for 0.001 secs (0.001u,0.s) (success)
Tactic call pose-build-and-refine-regression-cubic ran for 0.023 secs (0.023u,0.s) (success)
Tactic call fast_rewrite-regression-cubic ran for 0.023 secs (0.023u,0.s) (success)
Params: n= 96
Tactic call refine-regression-quadratic-regression-linear ran for 0. secs (0.u,0.s) (success)
Tactic call pose-build-and-refine-regression-cubic ran for 0.023 secs (0.023u,0.s) (success)
Tactic call fast_rewrite-regression-cubic ran for 0.023 secs (0.023u,0.s) (success)
Params: n= 97
Tactic call refine-regression-quadratic-regression-linear ran for 0. secs (0.u,0.s) (success)
Tactic call pose-build-and-refine-regression-cubic ran for 0.025 secs (0.025u,0.s) (success)
Tactic call fast_rewrite-regression-cubic ran for 0.025 secs (0.025u,0.s) (success)
Params: n= 98
Tactic call refine-regression-quadratic-regression-linear ran for 0.001 secs (0.001u,0.s) (success)
Tactic call pose-build-and-refine-regression-cubic ran for 0.025 secs (0.025u,0.s) (success)
Tactic call fast_rewrite-regression-cubic ran for 0.025 secs (0.025u,0.s) (success)
Params: n= 99
Tactic call refine-regression-quadratic-regression-linear ran for 0.001 secs (0.001u,0.s) (success)
Tactic call pose-build-and-refine-regression-cubic ran for 0.028 secs (0.028u,0.s) (success)
Tactic call fast_rewrite-regression-cubic ran for 0.028 secs (0.028u,0.s) (success)
Params: n= 110
Tactic call refine-regression-quadratic-regression-linear ran for 0.001 secs (0.001u,0.s) (success)
Tactic call pose-build-and-refine-regression-cubic ran for 0.029 secs (0.029u,0.s) (success)
Tactic call fast_rewrite-regression-cubic ran for 0.029 secs (0.029u,0.s) (success)
Params: n= 120
Tactic call refine-regression-quadratic-regression-linear ran for 0.001 secs (0.001u,0.s) (success)
Tactic call pose-build-and-refine-regression-cubic ran for 0.036 secs (0.036u,0.s) (success)
Tactic call fast_rewrite-regression-cubic ran for 0.036 secs (0.036u,0.s) (success)
Params: n= 130
Tactic call refine-regression-quadratic-regression-linear ran for 0.001 secs (0.001u,0.s) (success)
Tactic call pose-build-and-refine-regression-cubic ran for 0.064 secs (0.064u,0.s) (success)
Tactic call fast_rewrite-regression-cubic ran for 0.064 secs (0.064u,0.s) (success)
Params: n= 140
Tactic call refine-regression-quadratic-regression-linear ran for 0.001 secs (0.001u,0.s) (success)
Tactic call pose-build-and-refine-regression-cubic ran for 0.067 secs (0.063u,0.003s) (success)
Tactic call fast_rewrite-regression-cubic ran for 0.067 secs (0.063u,0.003s) (success)
Params: n= 160
Tactic call refine-regression-quadratic-regression-linear ran for 0.001 secs (0.001u,0.s) (success)
Tactic call pose-build-and-refine-regression-cubic ran for 0.091 secs (0.091u,0.s) (success)
Tactic call fast_rewrite-regression-cubic ran for 0.091 secs (0.091u,0.s) (success)
Params: n= 170
Tactic call refine-regression-quadratic-regression-linear ran for 0.001 secs (0.001u,0.s) (success)
Tactic call pose-build-and-refine-regression-cubic ran for 0.101 secs (0.101u,0.s) (success)
Tactic call fast_rewrite-regression-cubic ran for 0.101 secs (0.101u,0.s) (success)
Params: n= 180
Tactic call refine-regression-quadratic-regression-linear ran for 0.001 secs (0.001u,0.s) (success)
Tactic call pose-build-and-refine-regression-cubic ran for 0.097 secs (0.093u,0.003s) (success)
Tactic call fast_rewrite-regression-cubic ran for 0.097 secs (0.093u,0.003s) (success)
Params: n= 190
Tactic call refine-regression-quadratic-regression-linear ran for 0.001 secs (0.001u,0.s) (success)
Tactic call pose-build-and-refine-regression-cubic ran for 0.113 secs (0.109u,0.004s) (success)
Tactic call fast_rewrite-regression-cubic ran for 0.113 secs (0.109u,0.004s) (success)
Params: n= 210
Tactic call refine-regression-quadratic-regression-linear ran for 0.001 secs (0.001u,0.s) (success)
Tactic call pose-build-and-refine-regression-cubic ran for 0.135 secs (0.135u,0.s) (success)
Tactic call fast_rewrite-regression-cubic ran for 0.135 secs (0.135u,0.s) (success)
Params: n= 220
Tactic call refine-regression-quadratic-regression-linear ran for 0.002 secs (0.001u,0.s) (success)
Tactic call pose-build-and-refine-regression-cubic ran for 0.158 secs (0.154u,0.003s) (success)
Tactic call fast_rewrite-regression-cubic ran for 0.158 secs (0.154u,0.003s) (success)
Params: n= 230
Tactic call refine-regression-quadratic-regression-linear ran for 0.002 secs (0.002u,0.s) (success)
Tactic call pose-build-and-refine-regression-cubic ran for 0.199 secs (0.199u,0.s) (success)
Tactic call fast_rewrite-regression-cubic ran for 0.199 secs (0.199u,0.s) (success)
Params: n= 240
Tactic call refine-regression-quadratic-regression-linear ran for 0.002 secs (0.002u,0.s) (success)
Tactic call pose-build-and-refine-regression-cubic ran for 0.208 secs (0.208u,0.s) (success)
Tactic call fast_rewrite-regression-cubic ran for 0.208 secs (0.208u,0.s) (success)
Params: n= 260
Tactic call refine-regression-quadratic-regression-linear ran for 0.002 secs (0.002u,0.s) (success)
Tactic call pose-build-and-refine-regression-cubic ran for 0.233 secs (0.233u,0.s) (success)
Tactic call fast_rewrite-regression-cubic ran for 0.233 secs (0.233u,0.s) (success)
Params: n= 270
Tactic call refine-regression-quadratic-regression-linear ran for 0.002 secs (0.002u,0.s) (success)
Tactic call pose-build-and-refine-regression-cubic ran for 0.219 secs (0.214u,0.003s) (success)
Tactic call fast_rewrite-regression-cubic ran for 0.219 secs (0.214u,0.003s) (success)
Params: n= 280
Tactic call refine-regression-quadratic-regression-linear ran for 0.002 secs (0.002u,0.s) (success)
Tactic call pose-build-and-refine-regression-cubic ran for 0.241 secs (0.241u,0.s) (success)
Tactic call fast_rewrite-regression-cubic ran for 0.241 secs (0.241u,0.s) (success)
Params: n= 290
Tactic call refine-regression-quadratic-regression-linear ran for 0.002 secs (0.002u,0.s) (success)
Tactic call pose-build-and-refine-regression-cubic ran for 0.253 secs (0.253u,0.s) (success)
Tactic call fast_rewrite-regression-cubic ran for 0.253 secs (0.253u,0.s) (success)
Params: n= 310
Tactic call refine-regression-quadratic-regression-linear ran for 0.002 secs (0.002u,0.s) (success)
Tactic call pose-build-and-refine-regression-cubic ran for 0.328 secs (0.328u,0.s) (success)
Tactic call fast_rewrite-regression-cubic ran for 0.328 secs (0.328u,0.s) (success)
Params: n= 320
Tactic call refine-regression-quadratic-regression-linear ran for 0.003 secs (0.003u,0.s) (success)
Tactic call pose-build-and-refine-regression-cubic ran for 0.351 secs (0.351u,0.s) (success)
Tactic call fast_rewrite-regression-cubic ran for 0.351 secs (0.351u,0.s) (success)
Params: n= 330
Tactic call refine-regression-quadratic-regression-linear ran for 0.003 secs (0.003u,0.s) (success)
Tactic call pose-build-and-refine-regression-cubic ran for 0.327 secs (0.327u,0.s) (success)
Tactic call fast_rewrite-regression-cubic ran for 0.327 secs (0.327u,0.s) (success)
Params: n= 340
Tactic call refine-regression-quadratic-regression-linear ran for 0.003 secs (0.003u,0.s) (success)
Tactic call pose-build-and-refine-regression-cubic ran for 0.345 secs (0.345u,0.s) (success)
Tactic call fast_rewrite-regression-cubic ran for 0.345 secs (0.345u,0.s) (success)
Params: n= 360
Tactic call refine-regression-quadratic-regression-linear ran for 0.003 secs (0.003u,0.s) (success)
Tactic call pose-build-and-refine-regression-cubic ran for 0.411 secs (0.411u,0.s) (success)
Tactic call fast_rewrite-regression-cubic ran for 0.411 secs (0.411u,0.s) (success)
Params: n= 370
Tactic call refine-regression-quadratic-regression-linear ran for 0.003 secs (0.003u,0.s) (success)
Tactic call pose-build-and-refine-regression-cubic ran for 0.46 secs (0.46u,0.s) (success)
Tactic call fast_rewrite-regression-cubic ran for 0.46 secs (0.46u,0.s) (success)
Params: n= 380
Tactic call refine-regression-quadratic-regression-linear ran for 0.003 secs (0.003u,0.s) (success)
Tactic call pose-build-and-refine-regression-cubic ran for 0.433 secs (0.433u,0.s) (success)
Tactic call fast_rewrite-regression-cubic ran for 0.433 secs (0.433u,0.s) (success)
Params: n= 390
Tactic call refine-regression-quadratic-regression-linear ran for 0.004 secs (0.004u,0.s) (success)
Tactic call pose-build-and-refine-regression-cubic ran for 0.456 secs (0.455u,0.s) (success)
Tactic call fast_rewrite-regression-cubic ran for 0.456 secs (0.456u,0.s) (success)
Params: n= 410
Tactic call refine-regression-quadratic-regression-linear ran for 0.003 secs (0.003u,0.s) (success)
Tactic call pose-build-and-refine-regression-cubic ran for 0.552 secs (0.552u,0.s) (success)
Tactic call fast_rewrite-regression-cubic ran for 0.553 secs (0.552u,0.s) (success)
Params: n= 420
Tactic call refine-regression-quadratic-regression-linear ran for 0.004 secs (0.004u,0.s) (success)
Tactic call pose-build-and-refine-regression-cubic ran for 0.546 secs (0.546u,0.s) (success)
Tactic call fast_rewrite-regression-cubic ran for 0.546 secs (0.546u,0.s) (success)
Params: n= 430
Tactic call refine-regression-quadratic-regression-linear ran for 0.004 secs (0.004u,0.s) (success)
Tactic call pose-build-and-refine-regression-cubic ran for 0.539 secs (0.539u,0.s) (success)
Tactic call fast_rewrite-regression-cubic ran for 0.539 secs (0.539u,0.s) (success)
Params: n= 440
Tactic call refine-regression-quadratic-regression-linear ran for 0.004 secs (0.004u,0.s) (success)
Tactic call pose-build-and-refine-regression-cubic ran for 0.635 secs (0.635u,0.s) (success)
Tactic call fast_rewrite-regression-cubic ran for 0.635 secs (0.635u,0.s) (success)
Params: n= 450
Tactic call refine-regression-quadratic-regression-linear ran for 0.004 secs (0.004u,0.s) (success)
Tactic call pose-build-and-refine-regression-cubic ran for 0.607 secs (0.607u,0.s) (success)
Tactic call fast_rewrite-regression-cubic ran for 0.607 secs (0.607u,0.s) (success)
Params: n= 460
Tactic call refine-regression-quadratic-regression-linear ran for 0.004 secs (0.004u,0.s) (success)
Tactic call pose-build-and-refine-regression-cubic ran for 0.629 secs (0.629u,0.s) (success)
Tactic call fast_rewrite-regression-cubic ran for 0.629 secs (0.629u,0.s) (success)
Params: n= 470
Tactic call refine-regression-quadratic-regression-linear ran for 0.004 secs (0.004u,0.s) (success)
Tactic call pose-build-and-refine-regression-cubic ran for 0.716 secs (0.716u,0.s) (success)
Tactic call fast_rewrite-regression-cubic ran for 0.716 secs (0.716u,0.s) (success)
Params: n= 480
Tactic call refine-regression-quadratic-regression-linear ran for 0.004 secs (0.004u,0.s) (success)
Tactic call pose-build-and-refine-regression-cubic ran for 0.666 secs (0.665u,0.s) (success)
Tactic call fast_rewrite-regression-cubic ran for 0.666 secs (0.666u,0.s) (success)
Params: n= 490
Tactic call refine-regression-quadratic-regression-linear ran for 0.004 secs (0.004u,0.s) (success)
Tactic call pose-build-and-refine-regression-cubic ran for 0.759 secs (0.759u,0.s) (success)
Tactic call fast_rewrite-regression-cubic ran for 0.759 secs (0.759u,0.s) (success)
Params: n= 500
Tactic call refine-regression-quadratic-regression-linear ran for 0.004 secs (0.004u,0.s) (success)
Tactic call pose-build-and-refine-regression-cubic ran for 0.748 secs (0.747u,0.s) (success)
Tactic call fast_rewrite-regression-cubic ran for 0.748 secs (0.747u,0.s) (success)
Params: n= 510
Tactic call refine-regression-quadratic-regression-linear ran for 0.004 secs (0.004u,0.s) (success)
Tactic call pose-build-and-refine-regression-cubic ran for 0.792 secs (0.792u,0.s) (success)
Tactic call fast_rewrite-regression-cubic ran for 0.792 secs (0.792u,0.s) (success)
Params: n= 520
Tactic call refine-regression-quadratic-regression-linear ran for 0.004 secs (0.004u,0.s) (success)
Tactic call pose-build-and-refine-regression-cubic ran for 0.813 secs (0.813u,0.s) (success)
Tactic call fast_rewrite-regression-cubic ran for 0.813 secs (0.813u,0.s) (success)
Params: n= 530
Tactic call refine-regression-quadratic-regression-linear ran for 0.005 secs (0.005u,0.s) (success)
Tactic call pose-build-and-refine-regression-cubic ran for 0.817 secs (0.817u,0.s) (success)
Tactic call fast_rewrite-regression-cubic ran for 0.817 secs (0.817u,0.s) (success)
Params: n= 540
Tactic call refine-regression-quadratic-regression-linear ran for 0.005 secs (0.005u,0.s) (success)
Tactic call pose-build-and-refine-regression-cubic ran for 0.911 secs (0.911u,0.s) (success)
Tactic call fast_rewrite-regression-cubic ran for 0.912 secs (0.911u,0.s) (success)
Params: n= 550
Tactic call refine-regression-quadratic-regression-linear ran for 0.005 secs (0.005u,0.s) (success)
Tactic call pose-build-and-refine-regression-cubic ran for 0.864 secs (0.864u,0.s) (success)
Tactic call fast_rewrite-regression-cubic ran for 0.864 secs (0.864u,0.s) (success)
Params: n= 560
Tactic call refine-regression-quadratic-regression-linear ran for 0.005 secs (0.005u,0.s) (success)
Tactic call pose-build-and-refine-regression-cubic ran for 0.972 secs (0.972u,0.s) (success)
Tactic call fast_rewrite-regression-cubic ran for 0.972 secs (0.972u,0.s) (success)
Params: n= 570
Tactic call refine-regression-quadratic-regression-linear ran for 0.005 secs (0.005u,0.s) (success)
Tactic call pose-build-and-refine-regression-cubic ran for 0.924 secs (0.924u,0.s) (success)
Tactic call fast_rewrite-regression-cubic ran for 0.925 secs (0.924u,0.s) (success)
Params: n= 580
Tactic call refine-regression-quadratic-regression-linear ran for 0.005 secs (0.005u,0.s) (success)
Tactic call pose-build-and-refine-regression-cubic ran for 1.046 secs (1.046u,0.s) (success)
Tactic call fast_rewrite-regression-cubic ran for 1.046 secs (1.046u,0.s) (success)
Params: n= 590
Tactic call refine-regression-quadratic-regression-linear ran for 0.005 secs (0.005u,0.s) (success)
Tactic call pose-build-and-refine-regression-cubic ran for 0.991 secs (0.99u,0.s) (success)
Tactic call fast_rewrite-regression-cubic ran for 0.991 secs (0.99u,0.s) (success)
Params: n= 600
Tactic call refine-regression-quadratic-regression-linear ran for 0.005 secs (0.005u,0.s) (success)
Tactic call pose-build-and-refine-regression-cubic ran for 1.121 secs (1.113u,0.007s) (success)
Tactic call fast_rewrite-regression-cubic ran for 1.121 secs (1.113u,0.007s) (success)
Params: n= 610
Tactic call refine-regression-quadratic-regression-linear ran for 0.006 secs (0.006u,0.s) (success)
Tactic call pose-build-and-refine-regression-cubic ran for 1.08 secs (1.072u,0.007s) (success)
Tactic call fast_rewrite-regression-cubic ran for 1.08 secs (1.072u,0.007s) (success)
Params: n= 620
Tactic call refine-regression-quadratic-regression-linear ran for 0.005 secs (0.005u,0.s) (success)
Tactic call pose-build-and-refine-regression-cubic ran for 1.149 secs (1.149u,0.s) (success)
Tactic call fast_rewrite-regression-cubic ran for 1.149 secs (1.149u,0.s) (success)
Params: n= 630
Tactic call refine-regression-quadratic-regression-linear ran for 0.006 secs (0.006u,0.s) (success)
Tactic call pose-build-and-refine-regression-cubic ran for 1.185 secs (1.185u,0.s) (success)
Tactic call fast_rewrite-regression-cubic ran for 1.185 secs (1.185u,0.s) (success)
Params: n= 640
Tactic call refine-regression-quadratic-regression-linear ran for 0.006 secs (0.006u,0.s) (success)
Tactic call pose-build-and-refine-regression-cubic ran for 1.202 secs (1.202u,0.s) (success)
Tactic call fast_rewrite-regression-cubic ran for 1.202 secs (1.202u,0.s) (success)
Params: n= 650
Tactic call refine-regression-quadratic-regression-linear ran for 0.006 secs (0.006u,0.s) (success)
Tactic call pose-build-and-refine-regression-cubic ran for 1.273 secs (1.272u,0.s) (success)
Tactic call fast_rewrite-regression-cubic ran for 1.273 secs (1.273u,0.s) (success)
Params: n= 660
Tactic call refine-regression-quadratic-regression-linear ran for 0.006 secs (0.006u,0.s) (success)
Tactic call pose-build-and-refine-regression-cubic ran for 1.229 secs (1.229u,0.s) (success)
Tactic call fast_rewrite-regression-cubic ran for 1.229 secs (1.229u,0.s) (success)
Params: n= 670
Tactic call refine-regression-quadratic-regression-linear ran for 0.006 secs (0.006u,0.s) (success)
Tactic call pose-build-and-refine-regression-cubic ran for 1.353 secs (1.353u,0.s) (success)
Tactic call fast_rewrite-regression-cubic ran for 1.353 secs (1.353u,0.s) (success)
Params: n= 680
Tactic call refine-regression-quadratic-regression-linear ran for 0.006 secs (0.006u,0.s) (success)
Tactic call pose-build-and-refine-regression-cubic ran for 1.362 secs (1.358u,0.003s) (success)
Tactic call fast_rewrite-regression-cubic ran for 1.362 secs (1.358u,0.003s) (success)
Params: n= 690
Tactic call refine-regression-quadratic-regression-linear ran for 0.006 secs (0.006u,0.s) (success)
Tactic call pose-build-and-refine-regression-cubic ran for 1.362 secs (1.358u,0.004s) (success)
Tactic call fast_rewrite-regression-cubic ran for 1.362 secs (1.358u,0.004s) (success)
Params: n= 700
Tactic call refine-regression-quadratic-regression-linear ran for 0.006 secs (0.006u,0.s) (success)
Tactic call pose-build-and-refine-regression-cubic ran for 1.464 secs (1.464u,0.s) (success)
Tactic call fast_rewrite-regression-cubic ran for 1.464 secs (1.464u,0.s) (success)
Params: n= 710
Tactic call refine-regression-quadratic-regression-linear ran for 0.006 secs (0.006u,0.s) (success)
Tactic call pose-build-and-refine-regression-cubic ran for 1.501 secs (1.501u,0.s) (success)
Tactic call fast_rewrite-regression-cubic ran for 1.501 secs (1.501u,0.s) (success)
Params: n= 720
Tactic call refine-regression-quadratic-regression-linear ran for 0.006 secs (0.006u,0.s) (success)
Tactic call pose-build-and-refine-regression-cubic ran for 1.439 secs (1.439u,0.s) (success)
Tactic call fast_rewrite-regression-cubic ran for 1.439 secs (1.439u,0.s) (success)
Params: n= 730
Tactic call refine-regression-quadratic-regression-linear ran for 0.007 secs (0.007u,0.s) (success)
Tactic call pose-build-and-refine-regression-cubic ran for 1.586 secs (1.586u,0.s) (success)
Tactic call fast_rewrite-regression-cubic ran for 1.586 secs (1.586u,0.s) (success)
Params: n= 740
Tactic call refine-regression-quadratic-regression-linear ran for 0.007 secs (0.007u,0.s) (success)
Tactic call pose-build-and-refine-regression-cubic ran for 1.63 secs (1.626u,0.003s) (success)
Tactic call fast_rewrite-regression-cubic ran for 1.63 secs (1.626u,0.003s) (success)
Params: n= 750
Tactic call refine-regression-quadratic-regression-linear ran for 0.007 secs (0.007u,0.s) (success)
Tactic call pose-build-and-refine-regression-cubic ran for 1.636 secs (1.632u,0.004s) (success)
Tactic call fast_rewrite-regression-cubic ran for 1.636 secs (1.632u,0.004s) (success)
Params: n= 760
Tactic call refine-regression-quadratic-regression-linear ran for 0.007 secs (0.007u,0.s) (success)
Tactic call pose-build-and-refine-regression-cubic ran for 1.64 secs (1.64u,0.s) (success)
Tactic call fast_rewrite-regression-cubic ran for 1.64 secs (1.64u,0.s) (success)
Params: n= 770
Tactic call refine-regression-quadratic-regression-linear ran for 0.007 secs (0.007u,0.s) (success)
Tactic call pose-build-and-refine-regression-cubic ran for 1.741 secs (1.741u,0.s) (success)
Tactic call fast_rewrite-regression-cubic ran for 1.741 secs (1.741u,0.s) (success)
Params: n= 780
Tactic call refine-regression-quadratic-regression-linear ran for 0.007 secs (0.007u,0.s) (success)
Tactic call pose-build-and-refine-regression-cubic ran for 1.963 secs (1.963u,0.s) (success)
Tactic call fast_rewrite-regression-cubic ran for 1.963 secs (1.963u,0.s) (success)
Params: n= 790
Tactic call refine-regression-quadratic-regression-linear ran for 0.007 secs (0.007u,0.s) (success)
Tactic call pose-build-and-refine-regression-cubic ran for 1.812 secs (1.812u,0.s) (success)
Tactic call fast_rewrite-regression-cubic ran for 1.812 secs (1.812u,0.s) (success)
Params: n= 800
Tactic call refine-regression-quadratic-regression-linear ran for 0.007 secs (0.007u,0.s) (success)
Tactic call pose-build-and-refine-regression-cubic ran for 1.862 secs (1.862u,0.s) (success)
Tactic call fast_rewrite-regression-cubic ran for 1.862 secs (1.862u,0.s) (success)
Params: n= 810
Tactic call refine-regression-quadratic-regression-linear ran for 0.007 secs (0.007u,0.s) (success)
Tactic call pose-build-and-refine-regression-cubic ran for 1.884 secs (1.884u,0.s) (success)
Tactic call fast_rewrite-regression-cubic ran for 1.884 secs (1.884u,0.s) (success)
Params: n= 820
Tactic call refine-regression-quadratic-regression-linear ran for 0.007 secs (0.007u,0.s) (success)
Tactic call pose-build-and-refine-regression-cubic ran for 1.892 secs (1.892u,0.s) (success)
Tactic call fast_rewrite-regression-cubic ran for 1.892 secs (1.892u,0.s) (success)
Params: n= 830
Tactic call refine-regression-quadratic-regression-linear ran for 0.008 secs (0.008u,0.s) (success)
Tactic call pose-build-and-refine-regression-cubic ran for 1.996 secs (1.995u,0.s) (success)
Tactic call fast_rewrite-regression-cubic ran for 1.996 secs (1.996u,0.s) (success)
Params: n= 840
Tactic call refine-regression-quadratic-regression-linear ran for 0.008 secs (0.008u,0.s) (success)
Tactic call pose-build-and-refine-regression-cubic ran for 2.045 secs (2.044u,0.s) (success)
Tactic call fast_rewrite-regression-cubic ran for 2.045 secs (2.044u,0.s) (success)
Params: n= 850
Tactic call refine-regression-quadratic-regression-linear ran for 0.008 secs (0.008u,0.s) (success)
Tactic call pose-build-and-refine-regression-cubic ran for 2.278 secs (2.278u,0.s) (success)
Tactic call fast_rewrite-regression-cubic ran for 2.278 secs (2.278u,0.s) (success)
Params: n= 860
Tactic call refine-regression-quadratic-regression-linear ran for 0.008 secs (0.008u,0.s) (success)
Tactic call pose-build-and-refine-regression-cubic ran for 2.116 secs (2.115u,0.s) (success)
Tactic call fast_rewrite-regression-cubic ran for 2.116 secs (2.115u,0.s) (success)
Params: n= 870
Tactic call refine-regression-quadratic-regression-linear ran for 0.008 secs (0.008u,0.s) (success)
Tactic call pose-build-and-refine-regression-cubic ran for 2.165 secs (2.165u,0.s) (success)
Tactic call fast_rewrite-regression-cubic ran for 2.165 secs (2.165u,0.s) (success)
Params: n= 880
Tactic call refine-regression-quadratic-regression-linear ran for 0.008 secs (0.008u,0.s) (success)
Tactic call pose-build-and-refine-regression-cubic ran for 2.23 secs (2.229u,0.s) (success)
Tactic call fast_rewrite-regression-cubic ran for 2.23 secs (2.229u,0.s) (success)
Params: n= 890
Tactic call refine-regression-quadratic-regression-linear ran for 0.008 secs (0.008u,0.s) (success)
Tactic call pose-build-and-refine-regression-cubic ran for 2.265 secs (2.265u,0.s) (success)
Tactic call fast_rewrite-regression-cubic ran for 2.265 secs (2.265u,0.s) (success)
Params: n= 900
Tactic call refine-regression-quadratic-regression-linear ran for 0.008 secs (0.008u,0.s) (success)
Tactic call pose-build-and-refine-regression-cubic ran for 2.313 secs (2.313u,0.s) (success)
Tactic call fast_rewrite-regression-cubic ran for 2.313 secs (2.313u,0.s) (success)
Params: n= 910
Tactic call refine-regression-quadratic-regression-linear ran for 0.008 secs (0.008u,0.s) (success)
Tactic call pose-build-and-refine-regression-cubic ran for 2.369 secs (2.369u,0.s) (success)
Tactic call fast_rewrite-regression-cubic ran for 2.369 secs (2.369u,0.s) (success)
Params: n= 920
Tactic call refine-regression-quadratic-regression-linear ran for 0.009 secs (0.009u,0.s) (success)
Tactic call pose-build-and-refine-regression-cubic ran for 2.398 secs (2.398u,0.s) (success)
Tactic call fast_rewrite-regression-cubic ran for 2.398 secs (2.398u,0.s) (success)
Params: n= 930
Tactic call refine-regression-quadratic-regression-linear ran for 0.009 secs (0.009u,0.s) (success)
Tactic call pose-build-and-refine-regression-cubic ran for 2.457 secs (2.457u,0.s) (success)
Tactic call fast_rewrite-regression-cubic ran for 2.457 secs (2.457u,0.s) (success)
Params: n= 940
Tactic call refine-regression-quadratic-regression-linear ran for 0.009 secs (0.009u,0.s) (success)
Tactic call pose-build-and-refine-regression-cubic ran for 2.554 secs (2.554u,0.s) (success)
Tactic call fast_rewrite-regression-cubic ran for 2.554 secs (2.554u,0.s) (success)
Params: n= 950
Tactic call refine-regression-quadratic-regression-linear ran for 0.009 secs (0.009u,0.s) (success)
Tactic call pose-build-and-refine-regression-cubic ran for 2.583 secs (2.583u,0.s) (success)
Tactic call fast_rewrite-regression-cubic ran for 2.583 secs (2.583u,0.s) (success)
Params: n= 960
Tactic call refine-regression-quadratic-regression-linear ran for 0.009 secs (0.009u,0.s) (success)
Tactic call pose-build-and-refine-regression-cubic ran for 2.671 secs (2.651u,0.019s) (success)
Tactic call fast_rewrite-regression-cubic ran for 2.672 secs (2.651u,0.019s) (success)
Params: n= 970
Tactic call refine-regression-quadratic-regression-linear ran for 0.009 secs (0.009u,0.s) (success)
Tactic call pose-build-and-refine-regression-cubic ran for 2.686 secs (2.686u,0.s) (success)
Tactic call fast_rewrite-regression-cubic ran for 2.686 secs (2.686u,0.s) (success)
Params: n= 980
Tactic call refine-regression-quadratic-regression-linear ran for 0.009 secs (0.009u,0.s) (success)
Tactic call pose-build-and-refine-regression-cubic ran for 2.754 secs (2.754u,0.s) (success)
Tactic call fast_rewrite-regression-cubic ran for 2.754 secs (2.754u,0.s) (success)
Params: n= 990
Tactic call refine-regression-quadratic-regression-linear ran for 0.009 secs (0.009u,0.s) (success)
Tactic call pose-build-and-refine-regression-cubic ran for 3.071 secs (3.071u,0.s) (success)
Tactic call fast_rewrite-regression-cubic ran for 3.071 secs (3.071u,0.s) (success)
Params: n= 1000
Tactic call refine-regression-quadratic-regression-linear ran for 0.009 secs (0.009u,0.s) (success)
Tactic call pose-build-and-refine-regression-cubic ran for 2.832 secs (2.831u,0.s) (success)
Tactic call fast_rewrite-regression-cubic ran for 2.832 secs (2.832u,0.s) (success)
Params: n= 1100
Tactic call refine-regression-quadratic-regression-linear ran for 0.01 secs (0.01u,0.s) (success)
Tactic call pose-build-and-refine-regression-cubic ran for 3.519 secs (3.511u,0.007s) (success)
Tactic call fast_rewrite-regression-cubic ran for 3.519 secs (3.511u,0.007s) (success)
Params: n= 1200
Tactic call refine-regression-quadratic-regression-linear ran for 0.012 secs (0.012u,0.s) (success)
Tactic call pose-build-and-refine-regression-cubic ran for 4.128 secs (4.128u,0.s) (success)
Tactic call fast_rewrite-regression-cubic ran for 4.128 secs (4.128u,0.s) (success)
Params: n= 1300
Tactic call refine-regression-quadratic-regression-linear ran for 0.013 secs (0.013u,0.s) (success)
Tactic call pose-build-and-refine-regression-cubic ran for 4.734 secs (4.733u,0.s) (success)
Tactic call fast_rewrite-regression-cubic ran for 4.734 secs (4.733u,0.s) (success)
Params: n= 1400
Tactic call refine-regression-quadratic-regression-linear ran for 0.015 secs (0.015u,0.s) (success)
Tactic call pose-build-and-refine-regression-cubic ran for 5.801 secs (5.8u,0.s) (success)
Tactic call fast_rewrite-regression-cubic ran for 5.801 secs (5.8u,0.s) (success)
Params: n= 1500
Tactic call refine-regression-quadratic-regression-linear ran for 0.015 secs (0.015u,0.s) (success)
Tactic call pose-build-and-refine-regression-cubic ran for 6.618 secs (6.618u,0.s) (success)
Tactic call fast_rewrite-regression-cubic ran for 6.618 secs (6.618u,0.s) (success)
Params: n= 1600
Tactic call refine-regression-quadratic-regression-linear ran for 0.017 secs (0.017u,0.s) (success)
Tactic call pose-build-and-refine-regression-cubic ran for 7.453 secs (7.452u,0.s) (success)
Tactic call fast_rewrite-regression-cubic ran for 7.453 secs (7.452u,0.s) (success)
Params: n= 1700
Tactic call refine-regression-quadratic-regression-linear ran for 0.017 secs (0.017u,0.s) (success)
Tactic call pose-build-and-refine-regression-cubic ran for 8.455 secs (8.454u,0.s) (success)
Tactic call fast_rewrite-regression-cubic ran for 8.455 secs (8.454u,0.s) (success)
Params: n= 1800
Tactic call refine-regression-quadratic-regression-linear ran for 0.019 secs (0.019u,0.s) (success)
Tactic call pose-build-and-refine-regression-cubic ran for 9.791 secs (9.734u,0.055s) (success)
Tactic call fast_rewrite-regression-cubic ran for 9.791 secs (9.734u,0.055s) (success)
Params: n= 1900
Tactic call refine-regression-quadratic-regression-linear ran for 0.021 secs (0.021u,0.s) (success)
Tactic call pose-build-and-refine-regression-cubic ran for 10.564 secs (10.562u,0.s) (success)
Tactic call fast_rewrite-regression-cubic ran for 10.564 secs (10.562u,0.s) (success)
Params: n= 2000
Tactic call refine-regression-quadratic-regression-linear ran for 0.021 secs (0.021u,0.s) (success)
Tactic call pose-build-and-refine-regression-cubic ran for 11.74 secs (11.727u,0.011s) (success)
Tactic call fast_rewrite-regression-cubic ran for 11.74 secs (11.727u,0.011s) (success)
Params: n= 3000
Tactic call refine-regression-quadratic-regression-linear ran for 0.039 secs (0.039u,0.s) (success)
Tactic call pose-build-and-refine-regression-cubic ran for 26.215 secs (26.117u,0.095s) (success)
Tactic call fast_rewrite-regression-cubic ran for 26.215 secs (26.117u,0.095s) (success)
Params: n= 4000
Tactic call refine-regression-quadratic-regression-linear ran for 0.049 secs (0.049u,0.s) (success)
Tactic call pose-build-and-refine-regression-cubic ran for 47.953 secs (47.797u,0.147s) (success)
Tactic call fast_rewrite-regression-cubic ran for 47.953 secs (47.797u,0.147s) (success)
Params: n= 5000
Tactic call refine-regression-quadratic-regression-linear ran for 0.063 secs (0.063u,0.s) (success)
Tactic call pose-build-and-refine-regression-cubic ran for 76.206 secs (75.856u,0.339s) (success)
Tactic call fast_rewrite-regression-cubic ran for 76.206 secs (75.856u,0.339s) (success)
