Params: n= 50
Tactic call refine-regression-quadratic-regression-linear ran for 0. secs (0.u,0.s) (success)
Tactic call pose-build-and-refine-regression-cubic ran for 0.016 secs (0.011u,0.004s) (success)
Tactic call fast_rewrite-regression-cubic ran for 0.016 secs (0.011u,0.004s) (success)
Params: n= 100
Tactic call refine-regression-quadratic-regression-linear ran for 0.001 secs (0.001u,0.s) (success)
Tactic call pose-build-and-refine-regression-cubic ran for 0.098 secs (0.075u,0.023s) (success)
Tactic call fast_rewrite-regression-cubic ran for 0.098 secs (0.075u,0.023s) (success)
Params: n= 150
Tactic call refine-regression-quadratic-regression-linear ran for 0.001 secs (0.001u,0.s) (success)
Tactic call pose-build-and-refine-regression-cubic ran for 0.095 secs (0.095u,0.s) (success)
Tactic call fast_rewrite-regression-cubic ran for 0.095 secs (0.095u,0.s) (success)
Params: n= 200
Tactic call refine-regression-quadratic-regression-linear ran for 0.002 secs (0.002u,0.s) (success)
Tactic call pose-build-and-refine-regression-cubic ran for 0.182 secs (0.182u,0.s) (success)
Tactic call fast_rewrite-regression-cubic ran for 0.182 secs (0.182u,0.s) (success)
Params: n= 250
Tactic call refine-regression-quadratic-regression-linear ran for 0.003 secs (0.003u,0.s) (success)
Tactic call pose-build-and-refine-regression-cubic ran for 0.288 secs (0.28u,0.008s) (success)
Tactic call fast_rewrite-regression-cubic ran for 0.288 secs (0.28u,0.008s) (success)
Params: n= 300
Tactic call refine-regression-quadratic-regression-linear ran for 0.003 secs (0.003u,0.s) (success)
Tactic call pose-build-and-refine-regression-cubic ran for 0.351 secs (0.335u,0.016s) (success)
Tactic call fast_rewrite-regression-cubic ran for 0.351 secs (0.335u,0.016s) (success)
Params: n= 350
Tactic call refine-regression-quadratic-regression-linear ran for 0.004 secs (0.004u,0.s) (success)
Tactic call pose-build-and-refine-regression-cubic ran for 0.449 secs (0.437u,0.011s) (success)
Tactic call fast_rewrite-regression-cubic ran for 0.449 secs (0.437u,0.011s) (success)
Params: n= 400
Tactic call refine-regression-quadratic-regression-linear ran for 0.004 secs (0.004u,0.s) (success)
Tactic call pose-build-and-refine-regression-cubic ran for 0.636 secs (0.616u,0.02s) (success)
Tactic call fast_rewrite-regression-cubic ran for 0.636 secs (0.616u,0.02s) (success)
