Params: n= 10
Tactic call repeat-setoid_rewrite-regression-cubic ran for 0.021 secs (0.014u,0.007s) (success)
Tactic call noop-repeat-setoid_rewrite-regression-cubic ran for 0.007 secs (0.007u,0.s) (success)
Params: n= 20
Tactic call repeat-setoid_rewrite-regression-cubic ran for 0.098 secs (0.089u,0.008s) (success)
Tactic call noop-repeat-setoid_rewrite-regression-cubic ran for 0.014 secs (0.014u,0.s) (success)
Params: n= 30
Tactic call repeat-setoid_rewrite-regression-cubic ran for 0.096 secs (0.096u,0.s) (success)
Tactic call noop-repeat-setoid_rewrite-regression-cubic ran for 0.033 secs (0.033u,0.s) (success)
Params: n= 40
Tactic call repeat-setoid_rewrite-regression-cubic ran for 0.174 secs (0.174u,0.s) (success)
Tactic call noop-repeat-setoid_rewrite-regression-cubic ran for 0.068 secs (0.068u,0.s) (success)
Params: n= 60
Tactic call repeat-setoid_rewrite-regression-cubic ran for 0.482 secs (0.482u,0.s) (success)
Tactic call noop-repeat-setoid_rewrite-regression-cubic ran for 0.193 secs (0.193u,0.s) (success)
Params: n= 70
Tactic call repeat-setoid_rewrite-regression-cubic ran for 0.733 secs (0.729u,0.003s) (success)
Tactic call noop-repeat-setoid_rewrite-regression-cubic ran for 0.31 secs (0.31u,0.s) (success)
Params: n= 80
Tactic call repeat-setoid_rewrite-regression-cubic ran for 1.043 secs (1.043u,0.s) (success)
Tactic call noop-repeat-setoid_rewrite-regression-cubic ran for 0.43 secs (0.43u,0.s) (success)
Params: n= 90
Tactic call repeat-setoid_rewrite-regression-cubic ran for 1.444 secs (1.444u,0.s) (success)
Tactic call noop-repeat-setoid_rewrite-regression-cubic ran for 0.607 secs (0.607u,0.s) (success)
Params: n= 110
Tactic call repeat-setoid_rewrite-regression-cubic ran for 2.42 secs (2.416u,0.003s) (success)
Tactic call noop-repeat-setoid_rewrite-regression-cubic ran for 1.082 secs (1.082u,0.s) (success)
Params: n= 120
Tactic call repeat-setoid_rewrite-regression-cubic ran for 3.005 secs (3.001u,0.003s) (success)
Tactic call noop-repeat-setoid_rewrite-regression-cubic ran for 1.366 secs (1.366u,0.s) (success)
Params: n= 130
Tactic call repeat-setoid_rewrite-regression-cubic ran for 3.776 secs (3.768u,0.008s) (success)
Tactic call noop-repeat-setoid_rewrite-regression-cubic ran for 1.766 secs (1.766u,0.s) (success)
Params: n= 140
Tactic call repeat-setoid_rewrite-regression-cubic ran for 4.762 secs (4.757u,0.003s) (success)
Tactic call noop-repeat-setoid_rewrite-regression-cubic ran for 2.184 secs (2.184u,0.s) (success)
Params: n= 160
Tactic call repeat-setoid_rewrite-regression-cubic ran for 6.785 secs (6.781u,0.003s) (success)
Tactic call noop-repeat-setoid_rewrite-regression-cubic ran for 3.158 secs (3.158u,0.s) (success)
Params: n= 170
Tactic call repeat-setoid_rewrite-regression-cubic ran for 8.132 secs (8.124u,0.007s) (success)
Tactic call noop-repeat-setoid_rewrite-regression-cubic ran for 3.739 secs (3.739u,0.s) (success)
Params: n= 180
Tactic call repeat-setoid_rewrite-regression-cubic ran for 9.588 secs (9.584u,0.004s) (success)
Tactic call noop-repeat-setoid_rewrite-regression-cubic ran for 4.541 secs (4.541u,0.s) (success)
Params: n= 190
Tactic call repeat-setoid_rewrite-regression-cubic ran for 11.169 secs (11.169u,0.s) (success)
Tactic call noop-repeat-setoid_rewrite-regression-cubic ran for 5.262 secs (5.262u,0.s) (success)
Params: n= 210
Tactic call repeat-setoid_rewrite-regression-cubic ran for 14.816 secs (14.81u,0.s) (success)
Tactic call noop-repeat-setoid_rewrite-regression-cubic ran for 6.989 secs (6.989u,0.s) (success)
Params: n= 220
Tactic call repeat-setoid_rewrite-regression-cubic ran for 17.312 secs (17.311u,0.s) (success)
Tactic call noop-repeat-setoid_rewrite-regression-cubic ran for 8.047 secs (8.046u,0.s) (success)
Params: n= 230
Tactic call repeat-setoid_rewrite-regression-cubic ran for 19.394 secs (19.385u,0.007s) (success)
Tactic call noop-repeat-setoid_rewrite-regression-cubic ran for 9.518 secs (9.517u,0.s) (success)
Params: n= 240
Tactic call repeat-setoid_rewrite-regression-cubic ran for 22.27 secs (22.27u,0.s) (success)
Tactic call noop-repeat-setoid_rewrite-regression-cubic ran for 10.44 secs (10.436u,0.003s) (success)
Params: n= 250
Tactic call repeat-setoid_rewrite-regression-cubic ran for 25.037 secs (25.033u,0.003s) (success)
Tactic call noop-repeat-setoid_rewrite-regression-cubic ran for 12.263 secs (12.263u,0.s) (success)
Params: n= 300
Tactic call repeat-setoid_rewrite-regression-cubic ran for 43.115 secs (43.086u,0.028s) (success)
Tactic call noop-repeat-setoid_rewrite-regression-cubic ran for 21.23 secs (21.23u,0.s) (success)
Params: n= 400
Tactic call repeat-setoid_rewrite-regression-cubic ran for 102.429 secs (102.419u,0.008s) (success)
Tactic call noop-repeat-setoid_rewrite-regression-cubic ran for 49.355 secs (49.35u,0.004s) (success)
