Params: n= 50
Tactic call refine-regression-quadratic-regression-linear ran for 0. secs (0.u,0.s) (success)
Tactic call pose-build-and-refine-regression-cubic ran for 0.007 secs (0.006u,0.s) (success)
Tactic call fast_rewrite-regression-cubic ran for 0.007 secs (0.007u,0.s) (success)
Params: n= 100
Tactic call refine-regression-quadratic-regression-linear ran for 0.001 secs (0.001u,0.s) (success)
Tactic call pose-build-and-refine-regression-cubic ran for 0.03 secs (0.03u,0.s) (success)
Tactic call fast_rewrite-regression-cubic ran for 0.031 secs (0.03u,0.s) (success)
Params: n= 150
Tactic call refine-regression-quadratic-regression-linear ran for 0.002 secs (0.002u,0.s) (success)
Tactic call pose-build-and-refine-regression-cubic ran for 0.029 secs (0.029u,0.s) (success)
Tactic call fast_rewrite-regression-cubic ran for 0.029 secs (0.029u,0.s) (success)
Params: n= 200
Tactic call refine-regression-quadratic-regression-linear ran for 0.002 secs (0.002u,0.s) (success)
Tactic call pose-build-and-refine-regression-cubic ran for 0.128 secs (0.128u,0.s) (success)
Tactic call fast_rewrite-regression-cubic ran for 0.128 secs (0.128u,0.s) (success)
Params: n= 250
Tactic call refine-regression-quadratic-regression-linear ran for 0.003 secs (0.003u,0.s) (success)
Tactic call pose-build-and-refine-regression-cubic ran for 0.064 secs (0.064u,0.s) (success)
Tactic call fast_rewrite-regression-cubic ran for 0.064 secs (0.064u,0.s) (success)
Params: n= 300
Tactic call refine-regression-quadratic-regression-linear ran for 0.004 secs (0.004u,0.s) (success)
Tactic call pose-build-and-refine-regression-cubic ran for 0.085 secs (0.081u,0.003s) (success)
Tactic call fast_rewrite-regression-cubic ran for 0.085 secs (0.081u,0.003s) (success)
Params: n= 350
Tactic call refine-regression-quadratic-regression-linear ran for 0.003 secs (0.003u,0.s) (success)
Tactic call pose-build-and-refine-regression-cubic ran for 0.147 secs (0.143u,0.003s) (success)
Tactic call fast_rewrite-regression-cubic ran for 0.147 secs (0.143u,0.003s) (success)
Params: n= 400
Tactic call refine-regression-quadratic-regression-linear ran for 0.006 secs (0.006u,0.s) (success)
Tactic call pose-build-and-refine-regression-cubic ran for 0.133 secs (0.133u,0.s) (success)
Tactic call fast_rewrite-regression-cubic ran for 0.133 secs (0.133u,0.s) (success)
