Params: n= 10
Tactic call setoid_rewrite-regression-cubic ran for 0.012 secs (0.012u,0.s) (success)
Tactic call abstract+setoid_rewrite-regression-cubic ran for 0.015 secs (0.015u,0.s) (success)
Tactic call close-abstract+setoid_rewrite-regression-quadratic ran for 0.003 secs (0.003u,0.s)
Params: n= 20
Tactic call setoid_rewrite-regression-cubic ran for 0.026 secs (0.015u,0.011s) (success)
Tactic call abstract+setoid_rewrite-regression-cubic ran for 0.073 secs (0.057u,0.015s) (success)
Tactic call close-abstract+setoid_rewrite-regression-quadratic ran for 0.046 secs (0.042u,0.003s)
Params: n= 30
Tactic call setoid_rewrite-regression-cubic ran for 0.036 secs (0.036u,0.s) (success)
Tactic call abstract+setoid_rewrite-regression-cubic ran for 0.05 secs (0.049u,0.s) (success)
Tactic call close-abstract+setoid_rewrite-regression-quadratic ran for 0.013 secs (0.013u,0.s)
Params: n= 40
Tactic call setoid_rewrite-regression-cubic ran for 0.123 secs (0.123u,0.s) (success)
Tactic call abstract+setoid_rewrite-regression-cubic ran for 0.143 secs (0.143u,0.s) (success)
Tactic call close-abstract+setoid_rewrite-regression-quadratic ran for 0.019 secs (0.019u,0.s)
Params: n= 60
Tactic call setoid_rewrite-regression-cubic ran for 0.146 secs (0.146u,0.s) (success)
Tactic call abstract+setoid_rewrite-regression-cubic ran for 0.191 secs (0.191u,0.s) (success)
Tactic call close-abstract+setoid_rewrite-regression-quadratic ran for 0.043 secs (0.043u,0.s)
Params: n= 70
Tactic call setoid_rewrite-regression-cubic ran for 0.181 secs (0.181u,0.s) (success)
Tactic call abstract+setoid_rewrite-regression-cubic ran for 0.237 secs (0.237u,0.s) (success)
Tactic call close-abstract+setoid_rewrite-regression-quadratic ran for 0.055 secs (0.055u,0.s)
Params: n= 80
Tactic call setoid_rewrite-regression-cubic ran for 0.308 secs (0.304u,0.004s) (success)
Tactic call abstract+setoid_rewrite-regression-cubic ran for 0.395 secs (0.391u,0.004s) (success)
Tactic call close-abstract+setoid_rewrite-regression-quadratic ran for 0.086 secs (0.086u,0.s)
Params: n= 90
Tactic call setoid_rewrite-regression-cubic ran for 0.296 secs (0.295u,0.s) (success)
Tactic call abstract+setoid_rewrite-regression-cubic ran for 0.392 secs (0.392u,0.s) (success)
Tactic call close-abstract+setoid_rewrite-regression-quadratic ran for 0.095 secs (0.095u,0.s)
Params: n= 110
Tactic call setoid_rewrite-regression-cubic ran for 0.431 secs (0.431u,0.s) (success)
Tactic call abstract+setoid_rewrite-regression-cubic ran for 0.558 secs (0.558u,0.s) (success)
Tactic call close-abstract+setoid_rewrite-regression-quadratic ran for 0.126 secs (0.126u,0.s)
Params: n= 120
Tactic call setoid_rewrite-regression-cubic ran for 0.542 secs (0.538u,0.004s) (success)
Tactic call abstract+setoid_rewrite-regression-cubic ran for 0.697 secs (0.693u,0.004s) (success)
Tactic call close-abstract+setoid_rewrite-regression-quadratic ran for 0.153 secs (0.153u,0.s)
Params: n= 130
Tactic call setoid_rewrite-regression-cubic ran for 0.627 secs (0.623u,0.003s) (success)
Tactic call abstract+setoid_rewrite-regression-cubic ran for 0.805 secs (0.801u,0.003s) (success)
Tactic call close-abstract+setoid_rewrite-regression-quadratic ran for 0.177 secs (0.177u,0.s)
Params: n= 140
Tactic call setoid_rewrite-regression-cubic ran for 0.724 secs (0.716u,0.008s) (success)
Tactic call abstract+setoid_rewrite-regression-cubic ran for 0.923 secs (0.915u,0.008s) (success)
Tactic call close-abstract+setoid_rewrite-regression-quadratic ran for 0.198 secs (0.198u,0.s)
Params: n= 160
Tactic call setoid_rewrite-regression-cubic ran for 0.972 secs (0.96u,0.011s) (success)
Tactic call abstract+setoid_rewrite-regression-cubic ran for 1.234 secs (1.222u,0.011s) (success)
Tactic call close-abstract+setoid_rewrite-regression-quadratic ran for 0.261 secs (0.261u,0.s)
Params: n= 170
Tactic call setoid_rewrite-regression-cubic ran for 1.131 secs (1.111u,0.019s) (success)
Tactic call abstract+setoid_rewrite-regression-cubic ran for 1.426 secs (1.406u,0.02s) (success)
Tactic call close-abstract+setoid_rewrite-regression-quadratic ran for 0.294 secs (0.294u,0.s)
Params: n= 180
Tactic call setoid_rewrite-regression-cubic ran for 1.339 secs (1.339u,0.s) (success)
Tactic call abstract+setoid_rewrite-regression-cubic ran for 1.663 secs (1.663u,0.s) (success)
Tactic call close-abstract+setoid_rewrite-regression-quadratic ran for 0.322 secs (0.322u,0.s)
Params: n= 190
Tactic call setoid_rewrite-regression-cubic ran for 1.387 secs (1.379u,0.007s) (success)
Tactic call abstract+setoid_rewrite-regression-cubic ran for 1.748 secs (1.74u,0.008s) (success)
Tactic call close-abstract+setoid_rewrite-regression-quadratic ran for 0.36 secs (0.36u,0.s)
Params: n= 210
Tactic call setoid_rewrite-regression-cubic ran for 1.771 secs (1.767u,0.003s) (success)
Tactic call abstract+setoid_rewrite-regression-cubic ran for 2.212 secs (2.208u,0.003s) (success)
Tactic call close-abstract+setoid_rewrite-regression-quadratic ran for 0.44 secs (0.44u,0.s)
Params: n= 220
Tactic call setoid_rewrite-regression-cubic ran for 2.015 secs (2.015u,0.s) (success)
Tactic call abstract+setoid_rewrite-regression-cubic ran for 2.494 secs (2.494u,0.s) (success)
Tactic call close-abstract+setoid_rewrite-regression-quadratic ran for 0.478 secs (0.478u,0.s)
Params: n= 230
Tactic call setoid_rewrite-regression-cubic ran for 2.305 secs (2.305u,0.s) (success)
Tactic call abstract+setoid_rewrite-regression-cubic ran for 2.828 secs (2.828u,0.s) (success)
Tactic call close-abstract+setoid_rewrite-regression-quadratic ran for 0.522 secs (0.522u,0.s)
Params: n= 240
Tactic call setoid_rewrite-regression-cubic ran for 2.549 secs (2.545u,0.003s) (success)
Tactic call abstract+setoid_rewrite-regression-cubic ran for 3.12 secs (3.116u,0.003s) (success)
Tactic call close-abstract+setoid_rewrite-regression-quadratic ran for 0.57 secs (0.57u,0.s)
Params: n= 250
Tactic call setoid_rewrite-regression-cubic ran for 2.669 secs (2.669u,0.s) (success)
Tactic call abstract+setoid_rewrite-regression-cubic ran for 3.288 secs (3.288u,0.s) (success)
Tactic call close-abstract+setoid_rewrite-regression-quadratic ran for 0.618 secs (0.617u,0.s)
Params: n= 300
Tactic call setoid_rewrite-regression-cubic ran for 4.311 secs (4.311u,0.s) (success)
Tactic call abstract+setoid_rewrite-regression-cubic ran for 5.194 secs (5.193u,0.s) (success)
Tactic call close-abstract+setoid_rewrite-regression-quadratic ran for 0.881 secs (0.881u,0.s)
Params: n= 400
Tactic call setoid_rewrite-regression-cubic ran for 8.734 secs (8.726u,0.007s) (success)
Tactic call abstract+setoid_rewrite-regression-cubic ran for 10.294 secs (10.285u,0.007s) (success)
Tactic call close-abstract+setoid_rewrite-regression-quadratic ran for 1.558 secs (1.558u,0.s)
