Params: n= 50
Tactic call ssr-rewrite!-regression-quadratic ran for 0.015 secs (0.009u,0.006s) (success)
Tactic call ssr-rewrite?-noop-regression-linear ran for 0. secs (0.u,0.s) (success)
Tactic call abstract-regression-quadratic ran for 0.071 secs (0.058u,0.013s) (success)
Tactic call close-abstract-regression-quadratic ran for 0.056 secs (0.049u,0.007s)
Params: n= 100
Tactic call ssr-rewrite!-regression-quadratic ran for 0.056 secs (0.056u,0.s) (success)
Tactic call ssr-rewrite?-noop-regression-linear ran for 0. secs (0.u,0.s) (success)
Tactic call abstract-regression-quadratic ran for 0.103 secs (0.102u,0.s) (success)
Tactic call close-abstract-regression-quadratic ran for 0.046 secs (0.046u,0.s)
Params: n= 150
Tactic call ssr-rewrite!-regression-quadratic ran for 0.097 secs (0.097u,0.s) (success)
Tactic call ssr-rewrite?-noop-regression-linear ran for 0. secs (0.u,0.s) (success)
Tactic call abstract-regression-quadratic ran for 0.214 secs (0.213u,0.001s) (success)
Tactic call close-abstract-regression-quadratic ran for 0.115 secs (0.114u,0.s)
Params: n= 200
Tactic call ssr-rewrite!-regression-quadratic ran for 0.268 secs (0.268u,0.s) (success)
Tactic call ssr-rewrite?-noop-regression-linear ran for 0. secs (0.u,0.s) (success)
Tactic call abstract-regression-quadratic ran for 0.49 secs (0.488u,0.001s) (success)
Tactic call close-abstract-regression-quadratic ran for 0.221 secs (0.219u,0.001s)
Params: n= 250
Tactic call ssr-rewrite!-regression-quadratic ran for 0.363 secs (0.362u,0.s) (success)
Tactic call ssr-rewrite?-noop-regression-linear ran for 0. secs (0.u,0.s) (success)
Tactic call abstract-regression-quadratic ran for 0.741 secs (0.74u,0.s) (success)
Tactic call close-abstract-regression-quadratic ran for 0.377 secs (0.377u,0.s)
Params: n= 300
Tactic call ssr-rewrite!-regression-quadratic ran for 0.401 secs (0.4u,0.s) (success)
Tactic call ssr-rewrite?-noop-regression-linear ran for 0. secs (0.u,0.s) (success)
Tactic call abstract-regression-quadratic ran for 0.984 secs (0.982u,0.001s) (success)
Tactic call close-abstract-regression-quadratic ran for 0.579 secs (0.578u,0.s)
Params: n= 350
Tactic call ssr-rewrite!-regression-quadratic ran for 0.508 secs (0.503u,0.004s) (success)
Tactic call ssr-rewrite?-noop-regression-linear ran for 0. secs (0.u,0.s) (success)
Tactic call abstract-regression-quadratic ran for 1.295 secs (1.287u,0.008s) (success)
Tactic call close-abstract-regression-quadratic ran for 0.786 secs (0.783u,0.002s)
Params: n= 400
Tactic call ssr-rewrite!-regression-quadratic ran for 0.678 secs (0.676u,0.001s) (success)
Tactic call ssr-rewrite?-noop-regression-linear ran for 0. secs (0.u,0.s) (success)
Tactic call abstract-regression-quadratic ran for 1.818 secs (1.814u,0.003s) (success)
Tactic call close-abstract-regression-quadratic ran for 1.139 secs (1.137u,0.001s)
