Params: n= 50
Tactic call rewrite_strat-topdown ran for 0.035 secs (0.035u,0.s) (success)
Tactic call rewrite_strat-topdown-noop ran for 0. secs (0.u,0.s) (success)
Tactic call abstract+rewrite_strat-topdown ran for 0.055 secs (0.055u,0.s) (success)
Tactic call close-abstract+rewrite_strat-topdown ran for 0.019 secs (0.019u,0.s)
Params: n= 100
Tactic call rewrite_strat-topdown ran for 0.172 secs (0.172u,0.s) (success)
Tactic call rewrite_strat-topdown-noop ran for 0.001 secs (0.001u,0.s) (success)
Tactic call abstract+rewrite_strat-topdown ran for 0.271 secs (0.271u,0.s) (success)
Tactic call close-abstract+rewrite_strat-topdown ran for 0.096 secs (0.096u,0.s)
Params: n= 150
Tactic call rewrite_strat-topdown ran for 0.23 secs (0.222u,0.007s) (success)
Tactic call rewrite_strat-topdown-noop ran for 0.002 secs (0.001u,0.s) (success)
Tactic call abstract+rewrite_strat-topdown ran for 0.525 secs (0.517u,0.007s) (success)
Tactic call close-abstract+rewrite_strat-topdown ran for 0.292 secs (0.292u,0.s)
Params: n= 200
Tactic call rewrite_strat-topdown ran for 0.456 secs (0.449u,0.007s) (success)
Tactic call rewrite_strat-topdown-noop ran for 0.003 secs (0.003u,0.s) (success)
Tactic call abstract+rewrite_strat-topdown ran for 0.87 secs (0.862u,0.007s) (success)
Tactic call close-abstract+rewrite_strat-topdown ran for 0.409 secs (0.409u,0.s)
Params: n= 250
Tactic call rewrite_strat-topdown ran for 0.699 secs (0.686u,0.013s) (success)
Tactic call rewrite_strat-topdown-noop ran for 0.004 secs (0.004u,0.s) (success)
Tactic call abstract+rewrite_strat-topdown ran for 1.219 secs (1.205u,0.014s) (success)
Tactic call close-abstract+rewrite_strat-topdown ran for 0.514 secs (0.514u,0.s)
Params: n= 300
Tactic call rewrite_strat-topdown ran for 1.081 secs (1.065u,0.015s) (success)
Tactic call rewrite_strat-topdown-noop ran for 0.006 secs (0.006u,0.s) (success)
Tactic call abstract+rewrite_strat-topdown ran for 1.74 secs (1.724u,0.015s) (success)
Tactic call close-abstract+rewrite_strat-topdown ran for 0.651 secs (0.65u,0.s)
Params: n= 350
Tactic call rewrite_strat-topdown ran for 1.394 secs (1.386u,0.007s) (success)
Tactic call rewrite_strat-topdown-noop ran for 0.013 secs (0.013u,0.s) (success)
Tactic call abstract+rewrite_strat-topdown ran for 2.401 secs (2.385u,0.015s) (success)
Tactic call close-abstract+rewrite_strat-topdown ran for 0.992 secs (0.984u,0.007s)
Params: n= 400
Tactic call rewrite_strat-topdown ran for 1.954 secs (1.934u,0.019s) (success)
Tactic call rewrite_strat-topdown-noop ran for 0.013 secs (0.013u,0.s) (success)
Tactic call abstract+rewrite_strat-topdown ran for 3.126 secs (3.106u,0.02s) (success)
Tactic call close-abstract+rewrite_strat-topdown ran for 1.157 secs (1.157u,0.s)
