Params: n= 50
Tactic call rewrite_strat-bottomup ran for 0.127 secs (0.115u,0.011s) (success)
Tactic call rewrite_strat-bottomup-noop ran for 0. secs (0.u,0.s) (success)
Tactic call abstract+rewrite_strat-bottomup ran for 0.16 secs (0.148u,0.011s) (success)
Tactic call close-abstract+rewrite_strat-bottomup ran for 0.032 secs (0.032u,0.s)
Params: n= 100
Tactic call rewrite_strat-bottomup ran for 0.25 secs (0.25u,0.s) (success)
Tactic call rewrite_strat-bottomup-noop ran for 0.001 secs (0.001u,0.s) (success)
Tactic call abstract+rewrite_strat-bottomup ran for 0.398 secs (0.398u,0.s) (success)
Tactic call close-abstract+rewrite_strat-bottomup ran for 0.145 secs (0.145u,0.s)
Params: n= 150
Tactic call rewrite_strat-bottomup ran for 0.566 secs (0.556u,0.009s) (success)
Tactic call rewrite_strat-bottomup-noop ran for 0.002 secs (0.002u,0.s) (success)
Tactic call abstract+rewrite_strat-bottomup ran for 0.881 secs (0.871u,0.009s) (success)
Tactic call close-abstract+rewrite_strat-bottomup ran for 0.312 secs (0.312u,0.s)
Params: n= 200
Tactic call rewrite_strat-bottomup ran for 0.95 secs (0.942u,0.007s) (success)
Tactic call rewrite_strat-bottomup-noop ran for 0.003 secs (0.003u,0.s) (success)
Tactic call abstract+rewrite_strat-bottomup ran for 1.467 secs (1.459u,0.007s) (success)
Tactic call close-abstract+rewrite_strat-bottomup ran for 0.512 secs (0.512u,0.s)
Params: n= 250
Tactic call rewrite_strat-bottomup ran for 1.474 secs (1.466u,0.007s) (success)
Tactic call rewrite_strat-bottomup-noop ran for 0.004 secs (0.004u,0.s) (success)
Tactic call abstract+rewrite_strat-bottomup ran for 2.329 secs (2.317u,0.011s) (success)
Tactic call close-abstract+rewrite_strat-bottomup ran for 0.849 secs (0.845u,0.003s)
Params: n= 300
Tactic call rewrite_strat-bottomup ran for 2.311 secs (2.283u,0.027s) (success)
Tactic call rewrite_strat-bottomup-noop ran for 0.007 secs (0.007u,0.s) (success)
Tactic call abstract+rewrite_strat-bottomup ran for 3.476 secs (3.444u,0.031s) (success)
Tactic call close-abstract+rewrite_strat-bottomup ran for 1.156 secs (1.152u,0.004s)
Params: n= 350
Tactic call rewrite_strat-bottomup ran for 3.38 secs (3.368u,0.011s) (success)
Tactic call rewrite_strat-bottomup-noop ran for 0.01 secs (0.01u,0.s) (success)
Tactic call abstract+rewrite_strat-bottomup ran for 4.955 secs (4.923u,0.032s) (success)
Tactic call close-abstract+rewrite_strat-bottomup ran for 1.563 secs (1.543u,0.02s)
Params: n= 400
Tactic call rewrite_strat-bottomup ran for 4.227 secs (4.184u,0.039s) (success)
Tactic call rewrite_strat-bottomup-noop ran for 0.012 secs (0.012u,0.s) (success)
Tactic call abstract+rewrite_strat-bottomup ran for 6.384 secs (6.341u,0.04s) (success)
Tactic call close-abstract+rewrite_strat-bottomup ran for 2.144 secs (2.144u,0.s)
