Params: n= 110
Tactic call reify-regression-cubic ran for 1.855 secs (1.815u,0.039s)
Tactic call abstract-regression-linear ran for 0.006 secs (0.006u,0.s) (success)
Params: n= 120
Tactic call reify-regression-cubic ran for 1.958 secs (1.954u,0.004s)
Tactic call abstract-regression-linear ran for 0.007 secs (0.007u,0.s) (success)
Params: n= 130
Tactic call reify-regression-cubic ran for 2.38 secs (2.364u,0.015s)
Tactic call abstract-regression-linear ran for 0.007 secs (0.007u,0.s) (success)
Params: n= 140
Tactic call reify-regression-cubic ran for 2.897 secs (2.867u,0.028s)
Tactic call abstract-regression-linear ran for 0.008 secs (0.008u,0.s) (success)
Params: n= 150
Tactic call reify-regression-cubic ran for 3.378 secs (3.361u,0.015s)
Tactic call abstract-regression-linear ran for 0.008 secs (0.008u,0.s) (success)
Params: n= 160
Tactic call reify-regression-cubic ran for 3.988 secs (3.987u,0.s)
Tactic call abstract-regression-linear ran for 0.009 secs (0.009u,0.s) (success)
Params: n= 170
Tactic call reify-regression-cubic ran for 4.607 secs (4.606u,0.s)
Tactic call abstract-regression-linear ran for 0.009 secs (0.009u,0.s) (success)
Params: n= 180
Tactic call reify-regression-cubic ran for 5.394 secs (5.393u,0.s)
Tactic call abstract-regression-linear ran for 0.01 secs (0.01u,0.s) (success)
Params: n= 190
Tactic call reify-regression-cubic ran for 6.22 secs (6.214u,0.003s)
Tactic call abstract-regression-linear ran for 0.011 secs (0.011u,0.s) (success)
Params: n= 200
Tactic call reify-regression-cubic ran for 7.171 secs (7.17u,0.s)
Tactic call abstract-regression-linear ran for 0.012 secs (0.012u,0.s) (success)
Params: n= 210
Tactic call reify-regression-cubic ran for 8.09 secs (8.081u,0.007s)
Tactic call abstract-regression-linear ran for 0.012 secs (0.012u,0.s) (success)
Params: n= 220
Tactic call reify-regression-cubic ran for 9.135 secs (9.114u,0.019s)
Tactic call abstract-regression-linear ran for 0.012 secs (0.012u,0.s) (success)
Params: n= 230
Tactic call reify-regression-cubic ran for 10.287 secs (10.286u,0.s)
Tactic call abstract-regression-linear ran for 0.013 secs (0.013u,0.s) (success)
Params: n= 240
Tactic call reify-regression-cubic ran for 11.692 secs (11.687u,0.004s)
Tactic call abstract-regression-linear ran for 0.014 secs (0.014u,0.s) (success)
Params: n= 250
Tactic call reify-regression-cubic ran for 12.913 secs (12.905u,0.003s)
Tactic call abstract-regression-linear ran for 0.015 secs (0.015u,0.s) (success)
Params: n= 260
Tactic call reify-regression-cubic ran for 14.474 secs (14.448u,0.024s)
Tactic call abstract-regression-linear ran for 0.015 secs (0.015u,0.s) (success)
Params: n= 270
Tactic call reify-regression-cubic ran for 16.265 secs (16.264u,0.s)
Tactic call abstract-regression-linear ran for 0.019 secs (0.015u,0.003s) (success)
Params: n= 280
Tactic call reify-regression-cubic ran for 17.541 secs (17.539u,0.s)
Tactic call abstract-regression-linear ran for 0.02 secs (0.019u,0.s) (success)
Params: n= 290
Tactic call reify-regression-cubic ran for 19.37 secs (19.345u,0.019s)
Tactic call abstract-regression-linear ran for 0.02 secs (0.02u,0.s) (success)
Params: n= 300
Tactic call reify-regression-cubic ran for 20.979 secs (20.977u,0.s)
Tactic call abstract-regression-linear ran for 0.018 secs (0.018u,0.s) (success)
Params: n= 350
Tactic call reify-regression-cubic ran for 32.544 secs (32.53u,0.007s)
Tactic call abstract-regression-linear ran for 0.02 secs (0.02u,0.s) (success)
Params: n= 400
Tactic call reify-regression-cubic ran for 47.67 secs (47.665u,0.s)
Tactic call abstract-regression-linear ran for 0.024 secs (0.024u,0.s) (success)
Params: n= 450
Tactic call reify-regression-cubic ran for 67.116 secs (67.099u,0.007s)
Tactic call abstract-regression-linear ran for 0.027 secs (0.027u,0.s) (success)
Params: n= 500
Tactic call reify-regression-cubic ran for 96.466 secs (96.421u,0.027s)
Tactic call abstract-regression-linear ran for 0.028 secs (0.028u,0.s) (success)
