Params: n= 5
Tactic call cbv for CanonicalStructuresHOAS with big ran for 0. secs (0.u,0.s) (success)
Tactic call pre for CanonicalStructuresHOAS with big ran for 0. secs (0.u,0.s) (success)
Tactic call actual reif for CanonicalStructuresHOAS with big ran for 0.006 secs (0.006u,0.s)
Tactic call eval lazy for CanonicalStructuresHOAS with big ran for 0. secs (0.u,0.s)
Tactic call postprocess for CanonicalStructuresHOAS with big ran for 0. secs (0.u,0.s)
Tactic call norm reif for CanonicalStructuresHOAS with big ran for 0.006 secs (0.006u,0.s)
Tactic call intros _ for CanonicalStructuresHOAS with big ran for 0. secs (0.u,0.s) (success)
Tactic call lazy beta iota for CanonicalStructuresHOAS with big ran for 0. secs (0.u,0.s) (success)
Tactic call reif for CanonicalStructuresHOAS with big ran for 0.007 secs (0.007u,0.s) (success)
Tactic call post for CanonicalStructuresHOAS with big ran for 0. secs (0.u,0.s) (success)
Params: n= 6
Tactic call cbv for CanonicalStructuresHOAS with big ran for 0. secs (0.u,0.s) (success)
Tactic call pre for CanonicalStructuresHOAS with big ran for 0. secs (0.u,0.s) (success)
Tactic call actual reif for CanonicalStructuresHOAS with big ran for 0.008 secs (0.005u,0.002s)
Tactic call eval lazy for CanonicalStructuresHOAS with big ran for 0. secs (0.u,0.s)
Tactic call postprocess for CanonicalStructuresHOAS with big ran for 0. secs (0.u,0.s)
Tactic call norm reif for CanonicalStructuresHOAS with big ran for 0.008 secs (0.006u,0.002s)
Tactic call intros _ for CanonicalStructuresHOAS with big ran for 0. secs (0.u,0.s) (success)
Tactic call lazy beta iota for CanonicalStructuresHOAS with big ran for 0. secs (0.u,0.s) (success)
Tactic call reif for CanonicalStructuresHOAS with big ran for 0.009 secs (0.006u,0.003s) (success)
Tactic call post for CanonicalStructuresHOAS with big ran for 0. secs (0.u,0.s) (success)
Params: n= 7
Tactic call cbv for CanonicalStructuresHOAS with big ran for 0. secs (0.u,0.s) (success)
Tactic call pre for CanonicalStructuresHOAS with big ran for 0.001 secs (0.001u,0.s) (success)
Tactic call actual reif for CanonicalStructuresHOAS with big ran for 0.011 secs (0.003u,0.007s)
Tactic call eval lazy for CanonicalStructuresHOAS with big ran for 0. secs (0.u,0.s)
Tactic call postprocess for CanonicalStructuresHOAS with big ran for 0. secs (0.u,0.s)
Tactic call norm reif for CanonicalStructuresHOAS with big ran for 0.011 secs (0.003u,0.007s)
Tactic call intros _ for CanonicalStructuresHOAS with big ran for 0. secs (0.u,0.s) (success)
Tactic call lazy beta iota for CanonicalStructuresHOAS with big ran for 0. secs (0.u,0.s) (success)
Tactic call reif for CanonicalStructuresHOAS with big ran for 0.011 secs (0.003u,0.007s) (success)
Tactic call post for CanonicalStructuresHOAS with big ran for 0. secs (0.u,0.s) (success)
Params: n= 8
Tactic call cbv for CanonicalStructuresHOAS with big ran for 0. secs (0.u,0.s) (success)
Tactic call pre for CanonicalStructuresHOAS with big ran for 0.001 secs (0.u,0.001s) (success)
Tactic call actual reif for CanonicalStructuresHOAS with big ran for 0.013 secs (0.007u,0.006s)
Tactic call eval lazy for CanonicalStructuresHOAS with big ran for 0. secs (0.u,0.s)
Tactic call postprocess for CanonicalStructuresHOAS with big ran for 0. secs (0.u,0.s)
Tactic call norm reif for CanonicalStructuresHOAS with big ran for 0.014 secs (0.007u,0.006s)
Tactic call intros _ for CanonicalStructuresHOAS with big ran for 0. secs (0.u,0.s) (success)
Tactic call lazy beta iota for CanonicalStructuresHOAS with big ran for 0. secs (0.u,0.s) (success)
Tactic call reif for CanonicalStructuresHOAS with big ran for 0.014 secs (0.008u,0.006s) (success)
Tactic call post for CanonicalStructuresHOAS with big ran for 0. secs (0.u,0.s) (success)
Params: n= 9
Tactic call cbv for CanonicalStructuresHOAS with big ran for 0. secs (0.u,0.s) (success)
Tactic call pre for CanonicalStructuresHOAS with big ran for 0.001 secs (0.001u,0.s) (success)
Tactic call actual reif for CanonicalStructuresHOAS with big ran for 0.016 secs (0.008u,0.007s)
Tactic call eval lazy for CanonicalStructuresHOAS with big ran for 0. secs (0.u,0.s)
Tactic call postprocess for CanonicalStructuresHOAS with big ran for 0. secs (0.u,0.s)
Tactic call norm reif for CanonicalStructuresHOAS with big ran for 0.016 secs (0.009u,0.007s)
Tactic call intros _ for CanonicalStructuresHOAS with big ran for 0. secs (0.u,0.s) (success)
Tactic call lazy beta iota for CanonicalStructuresHOAS with big ran for 0. secs (0.u,0.s) (success)
Tactic call reif for CanonicalStructuresHOAS with big ran for 0.016 secs (0.009u,0.007s) (success)
Tactic call post for CanonicalStructuresHOAS with big ran for 0. secs (0.u,0.s) (success)
Params: n= 10
Tactic call cbv for CanonicalStructuresHOAS with big ran for 0. secs (0.u,0.s) (success)
Tactic call pre for CanonicalStructuresHOAS with big ran for 0.001 secs (0.001u,0.s) (success)
Tactic call actual reif for CanonicalStructuresHOAS with big ran for 0.019 secs (0.016u,0.003s)
Tactic call eval lazy for CanonicalStructuresHOAS with big ran for 0. secs (0.u,0.s)
Tactic call postprocess for CanonicalStructuresHOAS with big ran for 0. secs (0.u,0.s)
Tactic call norm reif for CanonicalStructuresHOAS with big ran for 0.02 secs (0.016u,0.003s)
Tactic call intros _ for CanonicalStructuresHOAS with big ran for 0. secs (0.u,0.s) (success)
Tactic call lazy beta iota for CanonicalStructuresHOAS with big ran for 0. secs (0.u,0.s) (success)
Tactic call reif for CanonicalStructuresHOAS with big ran for 0.02 secs (0.017u,0.003s) (success)
Tactic call post for CanonicalStructuresHOAS with big ran for 0. secs (0.u,0.s) (success)
Params: n= 11
Tactic call cbv for CanonicalStructuresHOAS with big ran for 0. secs (0.u,0.s) (success)
Tactic call pre for CanonicalStructuresHOAS with big ran for 0.001 secs (0.001u,0.s) (success)
Tactic call actual reif for CanonicalStructuresHOAS with big ran for 0.07 secs (0.063u,0.007s)
Tactic call eval lazy for CanonicalStructuresHOAS with big ran for 0. secs (0.u,0.s)
Tactic call postprocess for CanonicalStructuresHOAS with big ran for 0. secs (0.u,0.s)
Tactic call norm reif for CanonicalStructuresHOAS with big ran for 0.071 secs (0.063u,0.007s)
Tactic call intros _ for CanonicalStructuresHOAS with big ran for 0. secs (0.u,0.s) (success)
Tactic call lazy beta iota for CanonicalStructuresHOAS with big ran for 0. secs (0.u,0.s) (success)
Tactic call reif for CanonicalStructuresHOAS with big ran for 0.071 secs (0.063u,0.007s) (success)
Tactic call post for CanonicalStructuresHOAS with big ran for 0. secs (0.u,0.s) (success)
Params: n= 12
Tactic call cbv for CanonicalStructuresHOAS with big ran for 0. secs (0.u,0.s) (success)
Tactic call pre for CanonicalStructuresHOAS with big ran for 0.001 secs (0.u,0.001s) (success)
Tactic call actual reif for CanonicalStructuresHOAS with big ran for 0.023 secs (0.021u,0.001s)
Tactic call eval lazy for CanonicalStructuresHOAS with big ran for 0. secs (0.u,0.s)
Tactic call postprocess for CanonicalStructuresHOAS with big ran for 0. secs (0.u,0.s)
Tactic call norm reif for CanonicalStructuresHOAS with big ran for 0.023 secs (0.021u,0.001s)
Tactic call intros _ for CanonicalStructuresHOAS with big ran for 0. secs (0.u,0.s) (success)
Tactic call lazy beta iota for CanonicalStructuresHOAS with big ran for 0. secs (0.u,0.s) (success)
Tactic call reif for CanonicalStructuresHOAS with big ran for 0.023 secs (0.021u,0.002s) (success)
Tactic call post for CanonicalStructuresHOAS with big ran for 0. secs (0.u,0.s) (success)
Params: n= 13
Tactic call cbv for CanonicalStructuresHOAS with big ran for 0. secs (0.u,0.s) (success)
Tactic call pre for CanonicalStructuresHOAS with big ran for 0.001 secs (0.001u,0.s) (success)
Tactic call actual reif for CanonicalStructuresHOAS with big ran for 0.026 secs (0.026u,0.s)
Tactic call eval lazy for CanonicalStructuresHOAS with big ran for 0. secs (0.u,0.s)
Tactic call postprocess for CanonicalStructuresHOAS with big ran for 0. secs (0.u,0.s)
Tactic call norm reif for CanonicalStructuresHOAS with big ran for 0.026 secs (0.026u,0.s)
Tactic call intros _ for CanonicalStructuresHOAS with big ran for 0. secs (0.u,0.s) (success)
Tactic call lazy beta iota for CanonicalStructuresHOAS with big ran for 0. secs (0.u,0.s) (success)
Tactic call reif for CanonicalStructuresHOAS with big ran for 0.026 secs (0.026u,0.s) (success)
Tactic call post for CanonicalStructuresHOAS with big ran for 0. secs (0.u,0.s) (success)
Params: n= 14
Tactic call cbv for CanonicalStructuresHOAS with big ran for 0. secs (0.u,0.s) (success)
Tactic call pre for CanonicalStructuresHOAS with big ran for 0.001 secs (0.001u,0.s) (success)
Tactic call actual reif for CanonicalStructuresHOAS with big ran for 0.031 secs (0.031u,0.s)
Tactic call eval lazy for CanonicalStructuresHOAS with big ran for 0. secs (0.u,0.s)
Tactic call postprocess for CanonicalStructuresHOAS with big ran for 0. secs (0.u,0.s)
Tactic call norm reif for CanonicalStructuresHOAS with big ran for 0.031 secs (0.031u,0.s)
Tactic call intros _ for CanonicalStructuresHOAS with big ran for 0. secs (0.u,0.s) (success)
Tactic call lazy beta iota for CanonicalStructuresHOAS with big ran for 0. secs (0.u,0.s) (success)
Tactic call reif for CanonicalStructuresHOAS with big ran for 0.031 secs (0.031u,0.s) (success)
Tactic call post for CanonicalStructuresHOAS with big ran for 0. secs (0.u,0.s) (success)
Params: n= 15
Tactic call cbv for CanonicalStructuresHOAS with big ran for 0. secs (0.u,0.s) (success)
Tactic call pre for CanonicalStructuresHOAS with big ran for 0.001 secs (0.001u,0.s) (success)
Tactic call actual reif for CanonicalStructuresHOAS with big ran for 0.039 secs (0.039u,0.s)
Tactic call eval lazy for CanonicalStructuresHOAS with big ran for 0. secs (0.u,0.s)
Tactic call postprocess for CanonicalStructuresHOAS with big ran for 0. secs (0.u,0.s)
Tactic call norm reif for CanonicalStructuresHOAS with big ran for 0.04 secs (0.04u,0.s)
Tactic call intros _ for CanonicalStructuresHOAS with big ran for 0. secs (0.u,0.s) (success)
Tactic call lazy beta iota for CanonicalStructuresHOAS with big ran for 0. secs (0.u,0.s) (success)
Tactic call reif for CanonicalStructuresHOAS with big ran for 0.04 secs (0.04u,0.s) (success)
Tactic call post for CanonicalStructuresHOAS with big ran for 0. secs (0.u,0.s) (success)
Params: n= 16
Tactic call cbv for CanonicalStructuresHOAS with big ran for 0. secs (0.u,0.s) (success)
Tactic call pre for CanonicalStructuresHOAS with big ran for 0.001 secs (0.u,0.001s) (success)
Tactic call actual reif for CanonicalStructuresHOAS with big ran for 0.041 secs (0.039u,0.001s)
Tactic call eval lazy for CanonicalStructuresHOAS with big ran for 0. secs (0.u,0.s)
Tactic call postprocess for CanonicalStructuresHOAS with big ran for 0. secs (0.u,0.s)
Tactic call norm reif for CanonicalStructuresHOAS with big ran for 0.041 secs (0.04u,0.001s)
Tactic call intros _ for CanonicalStructuresHOAS with big ran for 0. secs (0.u,0.s) (success)
Tactic call lazy beta iota for CanonicalStructuresHOAS with big ran for 0. secs (0.u,0.s) (success)
Tactic call reif for CanonicalStructuresHOAS with big ran for 0.041 secs (0.04u,0.001s) (success)
Tactic call post for CanonicalStructuresHOAS with big ran for 0. secs (0.u,0.s) (success)
Params: n= 17
Tactic call cbv for CanonicalStructuresHOAS with big ran for 0. secs (0.u,0.s) (success)
Tactic call pre for CanonicalStructuresHOAS with big ran for 0.001 secs (0.001u,0.s) (success)
Tactic call actual reif for CanonicalStructuresHOAS with big ran for 0.055 secs (0.055u,0.s)
Tactic call eval lazy for CanonicalStructuresHOAS with big ran for 0. secs (0.u,0.s)
Tactic call postprocess for CanonicalStructuresHOAS with big ran for 0. secs (0.u,0.s)
Tactic call norm reif for CanonicalStructuresHOAS with big ran for 0.056 secs (0.056u,0.s)
Tactic call intros _ for CanonicalStructuresHOAS with big ran for 0. secs (0.u,0.s) (success)
Tactic call lazy beta iota for CanonicalStructuresHOAS with big ran for 0. secs (0.u,0.s) (success)
Tactic call reif for CanonicalStructuresHOAS with big ran for 0.056 secs (0.056u,0.s) (success)
Tactic call post for CanonicalStructuresHOAS with big ran for 0. secs (0.u,0.s) (success)
Params: n= 18
Tactic call cbv for CanonicalStructuresHOAS with big ran for 0. secs (0.u,0.s) (success)
Tactic call pre for CanonicalStructuresHOAS with big ran for 0.001 secs (0.001u,0.s) (success)
Tactic call actual reif for CanonicalStructuresHOAS with big ran for 0.05 secs (0.05u,0.s)
Tactic call eval lazy for CanonicalStructuresHOAS with big ran for 0. secs (0.u,0.s)
Tactic call postprocess for CanonicalStructuresHOAS with big ran for 0. secs (0.u,0.s)
Tactic call norm reif for CanonicalStructuresHOAS with big ran for 0.051 secs (0.051u,0.s)
Tactic call intros _ for CanonicalStructuresHOAS with big ran for 0. secs (0.u,0.s) (success)
Tactic call lazy beta iota for CanonicalStructuresHOAS with big ran for 0. secs (0.u,0.s) (success)
Tactic call reif for CanonicalStructuresHOAS with big ran for 0.051 secs (0.051u,0.s) (success)
Tactic call post for CanonicalStructuresHOAS with big ran for 0. secs (0.u,0.s) (success)
Params: n= 19
Tactic call cbv for CanonicalStructuresHOAS with big ran for 0. secs (0.u,0.s) (success)
Tactic call pre for CanonicalStructuresHOAS with big ran for 0.001 secs (0.001u,0.s) (success)
Tactic call actual reif for CanonicalStructuresHOAS with big ran for 0.064 secs (0.064u,0.s)
Tactic call eval lazy for CanonicalStructuresHOAS with big ran for 0. secs (0.u,0.s)
Tactic call postprocess for CanonicalStructuresHOAS with big ran for 0. secs (0.u,0.s)
Tactic call norm reif for CanonicalStructuresHOAS with big ran for 0.064 secs (0.064u,0.s)
Tactic call intros _ for CanonicalStructuresHOAS with big ran for 0. secs (0.u,0.s) (success)
Tactic call lazy beta iota for CanonicalStructuresHOAS with big ran for 0. secs (0.u,0.s) (success)
Tactic call reif for CanonicalStructuresHOAS with big ran for 0.064 secs (0.064u,0.s) (success)
Tactic call post for CanonicalStructuresHOAS with big ran for 0. secs (0.u,0.s) (success)
Params: n= 20
Tactic call cbv for CanonicalStructuresHOAS with big ran for 0. secs (0.u,0.s) (success)
Tactic call pre for CanonicalStructuresHOAS with big ran for 0.001 secs (0.001u,0.s) (success)
Tactic call actual reif for CanonicalStructuresHOAS with big ran for 0.067 secs (0.067u,0.s)
Tactic call eval lazy for CanonicalStructuresHOAS with big ran for 0. secs (0.u,0.s)
Tactic call postprocess for CanonicalStructuresHOAS with big ran for 0. secs (0.u,0.s)
Tactic call norm reif for CanonicalStructuresHOAS with big ran for 0.067 secs (0.067u,0.s)
Tactic call intros _ for CanonicalStructuresHOAS with big ran for 0. secs (0.u,0.s) (success)
Tactic call lazy beta iota for CanonicalStructuresHOAS with big ran for 0. secs (0.u,0.s) (success)
Tactic call reif for CanonicalStructuresHOAS with big ran for 0.068 secs (0.068u,0.s) (success)
Tactic call post for CanonicalStructuresHOAS with big ran for 0. secs (0.u,0.s) (success)
Params: n= 21
Tactic call cbv for CanonicalStructuresHOAS with big ran for 0. secs (0.u,0.s) (success)
Tactic call pre for CanonicalStructuresHOAS with big ran for 0.001 secs (0.001u,0.s) (success)
Tactic call actual reif for CanonicalStructuresHOAS with big ran for 0.075 secs (0.075u,0.s)
Tactic call eval lazy for CanonicalStructuresHOAS with big ran for 0. secs (0.u,0.s)
Tactic call postprocess for CanonicalStructuresHOAS with big ran for 0. secs (0.u,0.s)
Tactic call norm reif for CanonicalStructuresHOAS with big ran for 0.076 secs (0.076u,0.s)
Tactic call intros _ for CanonicalStructuresHOAS with big ran for 0. secs (0.u,0.s) (success)
Tactic call lazy beta iota for CanonicalStructuresHOAS with big ran for 0. secs (0.u,0.s) (success)
Tactic call reif for CanonicalStructuresHOAS with big ran for 0.076 secs (0.076u,0.s) (success)
Tactic call post for CanonicalStructuresHOAS with big ran for 0. secs (0.u,0.s) (success)
Params: n= 22
Tactic call cbv for CanonicalStructuresHOAS with big ran for 0. secs (0.u,0.s) (success)
Tactic call pre for CanonicalStructuresHOAS with big ran for 0.001 secs (0.001u,0.s) (success)
Tactic call actual reif for CanonicalStructuresHOAS with big ran for 0.086 secs (0.086u,0.s)
Tactic call eval lazy for CanonicalStructuresHOAS with big ran for 0. secs (0.u,0.s)
Tactic call postprocess for CanonicalStructuresHOAS with big ran for 0. secs (0.u,0.s)
Tactic call norm reif for CanonicalStructuresHOAS with big ran for 0.087 secs (0.087u,0.s)
Tactic call intros _ for CanonicalStructuresHOAS with big ran for 0. secs (0.u,0.s) (success)
Tactic call lazy beta iota for CanonicalStructuresHOAS with big ran for 0. secs (0.u,0.s) (success)
Tactic call reif for CanonicalStructuresHOAS with big ran for 0.087 secs (0.087u,0.s) (success)
Tactic call post for CanonicalStructuresHOAS with big ran for 0. secs (0.u,0.s) (success)
Params: n= 23
Tactic call cbv for CanonicalStructuresHOAS with big ran for 0. secs (0.u,0.s) (success)
Tactic call pre for CanonicalStructuresHOAS with big ran for 0.001 secs (0.001u,0.s) (success)
Tactic call actual reif for CanonicalStructuresHOAS with big ran for 0.093 secs (0.093u,0.s)
Tactic call eval lazy for CanonicalStructuresHOAS with big ran for 0. secs (0.u,0.s)
Tactic call postprocess for CanonicalStructuresHOAS with big ran for 0. secs (0.u,0.s)
Tactic call norm reif for CanonicalStructuresHOAS with big ran for 0.093 secs (0.093u,0.s)
Tactic call intros _ for CanonicalStructuresHOAS with big ran for 0. secs (0.u,0.s) (success)
Tactic call lazy beta iota for CanonicalStructuresHOAS with big ran for 0. secs (0.u,0.s) (success)
Tactic call reif for CanonicalStructuresHOAS with big ran for 0.094 secs (0.094u,0.s) (success)
Tactic call post for CanonicalStructuresHOAS with big ran for 0. secs (0.u,0.s) (success)
Params: n= 24
Tactic call cbv for CanonicalStructuresHOAS with big ran for 0. secs (0.u,0.s) (success)
Tactic call pre for CanonicalStructuresHOAS with big ran for 0.001 secs (0.001u,0.s) (success)
Tactic call actual reif for CanonicalStructuresHOAS with big ran for 0.112 secs (0.112u,0.s)
Tactic call eval lazy for CanonicalStructuresHOAS with big ran for 0. secs (0.u,0.s)
Tactic call postprocess for CanonicalStructuresHOAS with big ran for 0. secs (0.u,0.s)
Tactic call norm reif for CanonicalStructuresHOAS with big ran for 0.113 secs (0.113u,0.s)
Tactic call intros _ for CanonicalStructuresHOAS with big ran for 0. secs (0.u,0.s) (success)
Tactic call lazy beta iota for CanonicalStructuresHOAS with big ran for 0. secs (0.u,0.s) (success)
Tactic call reif for CanonicalStructuresHOAS with big ran for 0.113 secs (0.113u,0.s) (success)
Tactic call post for CanonicalStructuresHOAS with big ran for 0. secs (0.u,0.s) (success)
Params: n= 25
Tactic call cbv for CanonicalStructuresHOAS with big ran for 0. secs (0.u,0.s) (success)
Tactic call pre for CanonicalStructuresHOAS with big ran for 0.001 secs (0.001u,0.s) (success)
Tactic call actual reif for CanonicalStructuresHOAS with big ran for 0.12 secs (0.12u,0.s)
Tactic call eval lazy for CanonicalStructuresHOAS with big ran for 0. secs (0.u,0.s)
Tactic call postprocess for CanonicalStructuresHOAS with big ran for 0. secs (0.u,0.s)
Tactic call norm reif for CanonicalStructuresHOAS with big ran for 0.121 secs (0.121u,0.s)
Tactic call intros _ for CanonicalStructuresHOAS with big ran for 0. secs (0.u,0.s) (success)
Tactic call lazy beta iota for CanonicalStructuresHOAS with big ran for 0. secs (0.u,0.s) (success)
Tactic call reif for CanonicalStructuresHOAS with big ran for 0.121 secs (0.121u,0.s) (success)
Tactic call post for CanonicalStructuresHOAS with big ran for 0. secs (0.u,0.s) (success)
Params: n= 26
Tactic call cbv for CanonicalStructuresHOAS with big ran for 0. secs (0.u,0.s) (success)
Tactic call pre for CanonicalStructuresHOAS with big ran for 0.001 secs (0.001u,0.s) (success)
Tactic call actual reif for CanonicalStructuresHOAS with big ran for 0.126 secs (0.126u,0.s)
Tactic call eval lazy for CanonicalStructuresHOAS with big ran for 0. secs (0.u,0.s)
Tactic call postprocess for CanonicalStructuresHOAS with big ran for 0. secs (0.u,0.s)
Tactic call norm reif for CanonicalStructuresHOAS with big ran for 0.126 secs (0.126u,0.s)
Tactic call intros _ for CanonicalStructuresHOAS with big ran for 0. secs (0.u,0.s) (success)
Tactic call lazy beta iota for CanonicalStructuresHOAS with big ran for 0. secs (0.u,0.s) (success)
Tactic call reif for CanonicalStructuresHOAS with big ran for 0.126 secs (0.126u,0.s) (success)
Tactic call post for CanonicalStructuresHOAS with big ran for 0. secs (0.u,0.s) (success)
Params: n= 27
Tactic call cbv for CanonicalStructuresHOAS with big ran for 0. secs (0.u,0.s) (success)
Tactic call pre for CanonicalStructuresHOAS with big ran for 0.001 secs (0.001u,0.s) (success)
Tactic call actual reif for CanonicalStructuresHOAS with big ran for 0.131 secs (0.131u,0.s)
Tactic call eval lazy for CanonicalStructuresHOAS with big ran for 0. secs (0.u,0.s)
Tactic call postprocess for CanonicalStructuresHOAS with big ran for 0. secs (0.u,0.s)
Tactic call norm reif for CanonicalStructuresHOAS with big ran for 0.132 secs (0.132u,0.s)
Tactic call intros _ for CanonicalStructuresHOAS with big ran for 0. secs (0.u,0.s) (success)
Tactic call lazy beta iota for CanonicalStructuresHOAS with big ran for 0. secs (0.u,0.s) (success)
Tactic call reif for CanonicalStructuresHOAS with big ran for 0.132 secs (0.132u,0.s) (success)
Tactic call post for CanonicalStructuresHOAS with big ran for 0. secs (0.u,0.s) (success)
Params: n= 28
Tactic call cbv for CanonicalStructuresHOAS with big ran for 0. secs (0.u,0.s) (success)
Tactic call pre for CanonicalStructuresHOAS with big ran for 0.001 secs (0.001u,0.s) (success)
Tactic call actual reif for CanonicalStructuresHOAS with big ran for 0.15 secs (0.15u,0.s)
Tactic call eval lazy for CanonicalStructuresHOAS with big ran for 0. secs (0.u,0.s)
Tactic call postprocess for CanonicalStructuresHOAS with big ran for 0. secs (0.u,0.s)
Tactic call norm reif for CanonicalStructuresHOAS with big ran for 0.15 secs (0.15u,0.s)
Tactic call intros _ for CanonicalStructuresHOAS with big ran for 0. secs (0.u,0.s) (success)
Tactic call lazy beta iota for CanonicalStructuresHOAS with big ran for 0. secs (0.u,0.s) (success)
Tactic call reif for CanonicalStructuresHOAS with big ran for 0.15 secs (0.15u,0.s) (success)
Tactic call post for CanonicalStructuresHOAS with big ran for 0. secs (0.u,0.s) (success)
Params: n= 29
Tactic call cbv for CanonicalStructuresHOAS with big ran for 0. secs (0.u,0.s) (success)
Tactic call pre for CanonicalStructuresHOAS with big ran for 0.001 secs (0.001u,0.s) (success)
Tactic call actual reif for CanonicalStructuresHOAS with big ran for 0.166 secs (0.166u,0.s)
Tactic call eval lazy for CanonicalStructuresHOAS with big ran for 0. secs (0.u,0.s)
Tactic call postprocess for CanonicalStructuresHOAS with big ran for 0. secs (0.u,0.s)
Tactic call norm reif for CanonicalStructuresHOAS with big ran for 0.167 secs (0.167u,0.s)
Tactic call intros _ for CanonicalStructuresHOAS with big ran for 0. secs (0.u,0.s) (success)
Tactic call lazy beta iota for CanonicalStructuresHOAS with big ran for 0. secs (0.u,0.s) (success)
Tactic call reif for CanonicalStructuresHOAS with big ran for 0.167 secs (0.167u,0.s) (success)
Tactic call post for CanonicalStructuresHOAS with big ran for 0. secs (0.u,0.s) (success)
Params: n= 30
Tactic call cbv for CanonicalStructuresHOAS with big ran for 0. secs (0.u,0.s) (success)
Tactic call pre for CanonicalStructuresHOAS with big ran for 0.001 secs (0.001u,0.s) (success)
Tactic call actual reif for CanonicalStructuresHOAS with big ran for 0.172 secs (0.172u,0.s)
Tactic call eval lazy for CanonicalStructuresHOAS with big ran for 0. secs (0.u,0.s)
Tactic call postprocess for CanonicalStructuresHOAS with big ran for 0. secs (0.u,0.s)
Tactic call norm reif for CanonicalStructuresHOAS with big ran for 0.172 secs (0.172u,0.s)
Tactic call intros _ for CanonicalStructuresHOAS with big ran for 0. secs (0.u,0.s) (success)
Tactic call lazy beta iota for CanonicalStructuresHOAS with big ran for 0. secs (0.u,0.s) (success)
Tactic call reif for CanonicalStructuresHOAS with big ran for 0.173 secs (0.173u,0.s) (success)
Tactic call post for CanonicalStructuresHOAS with big ran for 0. secs (0.u,0.s) (success)
