Params: n= 50
Tactic call rewrite!-regression-quadratic ran for 0.057 secs (0.032u,0.024s) (success)
Tactic call rewrite?-noop-regression-linear ran for 0.001 secs (0.u,0.s) (success)
Tactic call abstract+rewrite!-regression-quadratic ran for 0.122 secs (0.081u,0.04s) (success)
Tactic call close-abstract+rewrite!-regression-quadratic ran for 0.063 secs (0.047u,0.015s)
Params: n= 100
Tactic call rewrite!-regression-quadratic ran for 0.23 secs (0.23u,0.s) (success)
Tactic call rewrite?-noop-regression-linear ran for 0.001 secs (0.u,0.001s) (success)
Tactic call abstract+rewrite!-regression-quadratic ran for 0.279 secs (0.276u,0.003s) (success)
Tactic call close-abstract+rewrite!-regression-quadratic ran for 0.047 secs (0.045u,0.001s)
Params: n= 150
Tactic call rewrite!-regression-quadratic ran for 0.339 secs (0.335u,0.004s) (success)
Tactic call rewrite?-noop-regression-linear ran for 0.002 secs (0.002u,0.s) (success)
Tactic call abstract+rewrite!-regression-quadratic ran for 0.461 secs (0.457u,0.004s) (success)
Tactic call close-abstract+rewrite!-regression-quadratic ran for 0.119 secs (0.119u,0.s)
Params: n= 200
Tactic call rewrite!-regression-quadratic ran for 0.674 secs (0.67u,0.003s) (success)
Tactic call rewrite?-noop-regression-linear ran for 0.003 secs (0.003u,0.s) (success)
Tactic call abstract+rewrite!-regression-quadratic ran for 0.867 secs (0.863u,0.004s) (success)
Tactic call close-abstract+rewrite!-regression-quadratic ran for 0.188 secs (0.188u,0.s)
Params: n= 250
Tactic call rewrite!-regression-quadratic ran for 0.939 secs (0.935u,0.003s) (success)
Tactic call rewrite?-noop-regression-linear ran for 0.004 secs (0.004u,0.s) (success)
Tactic call abstract+rewrite!-regression-quadratic ran for 1.222 secs (1.218u,0.004s) (success)
Tactic call close-abstract+rewrite!-regression-quadratic ran for 0.277 secs (0.277u,0.s)
Params: n= 300
Tactic call rewrite!-regression-quadratic ran for 1.479 secs (1.466u,0.011s) (success)
Tactic call rewrite?-noop-regression-linear ran for 0.009 secs (0.009u,0.s) (success)
Tactic call abstract+rewrite!-regression-quadratic ran for 1.941 secs (1.923u,0.015s) (success)
Tactic call close-abstract+rewrite!-regression-quadratic ran for 0.45 secs (0.446u,0.003s)
Params: n= 350
Tactic call rewrite!-regression-quadratic ran for 2.028 secs (2.015u,0.012s) (success)
Tactic call rewrite?-noop-regression-linear ran for 0.008 secs (0.008u,0.s) (success)
Tactic call abstract+rewrite!-regression-quadratic ran for 2.61 secs (2.594u,0.016s) (success)
Tactic call close-abstract+rewrite!-regression-quadratic ran for 0.572 secs (0.568u,0.004s)
Params: n= 400
Tactic call rewrite!-regression-quadratic ran for 2.905 secs (2.9u,0.003s) (success)
Tactic call rewrite?-noop-regression-linear ran for 0.01 secs (0.01u,0.s) (success)
Tactic call abstract+rewrite!-regression-quadratic ran for 3.676 secs (3.663u,0.011s) (success)
Tactic call close-abstract+rewrite!-regression-quadratic ran for 0.76 secs (0.751u,0.007s)
