Params: n= 50
Tactic call autorewrite-regression-quadratic ran for 0.022 secs (0.015u,0.007s) (success)
Tactic call autorewrite-noop-regression-linear ran for 0. secs (0.u,0.s) (success)
Tactic call abstract+autorewrite-regression-quadratic ran for 0.029 secs (0.019u,0.009s) (success)
Tactic call close-abstract+autorewrite-regression-quadratic ran for 0.006 secs (0.004u,0.002s)
Params: n= 100
Tactic call autorewrite-regression-quadratic ran for 0.097 secs (0.092u,0.004s) (success)
Tactic call autorewrite-noop-regression-linear ran for 0. secs (0.u,0.s) (success)
Tactic call abstract+autorewrite-regression-quadratic ran for 0.12 secs (0.115u,0.004s) (success)
Tactic call close-abstract+autorewrite-regression-quadratic ran for 0.022 secs (0.022u,0.s)
Params: n= 150
Tactic call autorewrite-regression-quadratic ran for 0.146 secs (0.146u,0.s) (success)
Tactic call autorewrite-noop-regression-linear ran for 0. secs (0.u,0.s) (success)
Tactic call abstract+autorewrite-regression-quadratic ran for 0.19 secs (0.189u,0.s) (success)
Tactic call close-abstract+autorewrite-regression-quadratic ran for 0.043 secs (0.042u,0.s)
Params: n= 200
Tactic call autorewrite-regression-quadratic ran for 0.259 secs (0.258u,0.001s) (success)
Tactic call autorewrite-noop-regression-linear ran for 0.001 secs (0.001u,0.s) (success)
Tactic call abstract+autorewrite-regression-quadratic ran for 0.346 secs (0.344u,0.002s) (success)
Tactic call close-abstract+autorewrite-regression-quadratic ran for 0.085 secs (0.084u,0.s)
Params: n= 250
Tactic call autorewrite-regression-quadratic ran for 0.382 secs (0.38u,0.001s) (success)
Tactic call autorewrite-noop-regression-linear ran for 0.001 secs (0.001u,0.s) (success)
Tactic call abstract+autorewrite-regression-quadratic ran for 0.502 secs (0.499u,0.002s) (success)
Tactic call close-abstract+autorewrite-regression-quadratic ran for 0.117 secs (0.116u,0.s)
Params: n= 300
Tactic call autorewrite-regression-quadratic ran for 0.523 secs (0.521u,0.001s) (success)
Tactic call autorewrite-noop-regression-linear ran for 0.001 secs (0.001u,0.s) (success)
Tactic call abstract+autorewrite-regression-quadratic ran for 0.695 secs (0.692u,0.002s) (success)
Tactic call close-abstract+autorewrite-regression-quadratic ran for 0.17 secs (0.169u,0.s)
Params: n= 350
Tactic call autorewrite-regression-quadratic ran for 0.764 secs (0.762u,0.001s) (success)
Tactic call autorewrite-noop-regression-linear ran for 0.002 secs (0.002u,0.s) (success)
Tactic call abstract+autorewrite-regression-quadratic ran for 1.005 secs (1.002u,0.002s) (success)
Tactic call close-abstract+autorewrite-regression-quadratic ran for 0.238 secs (0.237u,0.001s)
Params: n= 400
Tactic call autorewrite-regression-quadratic ran for 0.922 secs (0.92u,0.s) (success)
Tactic call autorewrite-noop-regression-linear ran for 0.002 secs (0.002u,0.s) (success)
Tactic call abstract+autorewrite-regression-quadratic ran for 1.225 secs (1.224u,0.s) (success)
Tactic call close-abstract+autorewrite-regression-quadratic ran for 0.3 secs (0.3u,0.s)
