Params: n= 50
Tactic call refine-regression-quadratic-regression-linear ran for 0.001 secs (0.u,0.s) (success)
Tactic call pose-build-and-refine-regression-cubic ran for 0.017 secs (0.008u,0.008s) (success)
Tactic call fast_rewrite-regression-cubic ran for 0.017 secs (0.008u,0.008s) (success)
Params: n= 100
Tactic call refine-regression-quadratic-regression-linear ran for 0.001 secs (0.001u,0.s) (success)
Tactic call pose-build-and-refine-regression-cubic ran for 0.102 secs (0.085u,0.016s) (success)
Tactic call fast_rewrite-regression-cubic ran for 0.102 secs (0.085u,0.016s) (success)
Params: n= 150
Tactic call refine-regression-quadratic-regression-linear ran for 0.001 secs (0.001u,0.s) (success)
Tactic call pose-build-and-refine-regression-cubic ran for 0.086 secs (0.085u,0.001s) (success)
Tactic call fast_rewrite-regression-cubic ran for 0.087 secs (0.085u,0.001s) (success)
Params: n= 200
Tactic call refine-regression-quadratic-regression-linear ran for 0.002 secs (0.002u,0.s) (success)
Tactic call pose-build-and-refine-regression-cubic ran for 0.18 secs (0.177u,0.003s) (success)
Tactic call fast_rewrite-regression-cubic ran for 0.18 secs (0.177u,0.003s) (success)
Params: n= 250
Tactic call refine-regression-quadratic-regression-linear ran for 0.003 secs (0.003u,0.s) (success)
Tactic call pose-build-and-refine-regression-cubic ran for 0.261 secs (0.261u,0.s) (success)
Tactic call fast_rewrite-regression-cubic ran for 0.261 secs (0.261u,0.s) (success)
Params: n= 300
Tactic call refine-regression-quadratic-regression-linear ran for 0.003 secs (0.003u,0.s) (success)
Tactic call pose-build-and-refine-regression-cubic ran for 0.347 secs (0.346u,0.s) (success)
Tactic call fast_rewrite-regression-cubic ran for 0.347 secs (0.346u,0.s) (success)
Params: n= 350
Tactic call refine-regression-quadratic-regression-linear ran for 0.004 secs (0.004u,0.s) (success)
Tactic call pose-build-and-refine-regression-cubic ran for 0.424 secs (0.412u,0.011s) (success)
Tactic call fast_rewrite-regression-cubic ran for 0.424 secs (0.412u,0.011s) (success)
Params: n= 400
Tactic call refine-regression-quadratic-regression-linear ran for 0.005 secs (0.005u,0.s) (success)
Tactic call pose-build-and-refine-regression-cubic ran for 0.653 secs (0.64u,0.012s) (success)
Tactic call fast_rewrite-regression-cubic ran for 0.653 secs (0.64u,0.012s) (success)
