Params: n= 5
native_compute: Conversion to native code done in 0.00012
native_compute: Compilation done in 0.04824
native_compute: Evaluation done in 0.00077
native_compute: Reification done in 0.00006
Tactic call identity native_compute on PHOAS with big ran for 0.049 secs (0.001u,0.s) (success)
Params: n= 6
native_compute: Conversion to native code done in 0.00013
native_compute: Compilation done in 0.04387
native_compute: Evaluation done in 0.00052
native_compute: Reification done in 0.00006
Tactic call identity native_compute on PHOAS with big ran for 0.044 secs (0.u,0.001s) (success)
Params: n= 7
native_compute: Conversion to native code done in 0.00013
native_compute: Compilation done in 0.04394
native_compute: Evaluation done in 0.00052
native_compute: Reification done in 0.00006
Tactic call identity native_compute on PHOAS with big ran for 0.044 secs (0.u,0.001s) (success)
Params: n= 8
native_compute: Conversion to native code done in 0.00013
native_compute: Compilation done in 0.04433
native_compute: Evaluation done in 0.00053
native_compute: Reification done in 0.00006
Tactic call identity native_compute on PHOAS with big ran for 0.045 secs (0.u,0.002s) (success)
Params: n= 9
native_compute: Conversion to native code done in 0.00013
native_compute: Compilation done in 0.04359
native_compute: Evaluation done in 0.00074
native_compute: Reification done in 0.00007
Tactic call identity native_compute on PHOAS with big ran for 0.044 secs (0.u,0.001s) (success)
Params: n= 10
native_compute: Conversion to native code done in 0.00013
native_compute: Compilation done in 0.04434
native_compute: Evaluation done in 0.00053
native_compute: Reification done in 0.00032
Tactic call identity native_compute on PHOAS with big ran for 0.045 secs (0.u,0.002s) (success)
Params: n= 11
native_compute: Conversion to native code done in 0.00013
native_compute: Compilation done in 0.04486
native_compute: Evaluation done in 0.00051
native_compute: Reification done in 0.00008
Tactic call identity native_compute on PHOAS with big ran for 0.045 secs (0.001u,0.s) (success)
Params: n= 12
native_compute: Conversion to native code done in 0.00013
native_compute: Compilation done in 0.04552
native_compute: Evaluation done in 0.00055
native_compute: Reification done in 0.00010
Tactic call identity native_compute on PHOAS with big ran for 0.046 secs (0.002u,0.s) (success)
Params: n= 13
native_compute: Conversion to native code done in 0.00014
native_compute: Compilation done in 0.04678
native_compute: Evaluation done in 0.00054
native_compute: Reification done in 0.00009
Tactic call identity native_compute on PHOAS with big ran for 0.047 secs (0.001u,0.s) (success)
Params: n= 14
native_compute: Conversion to native code done in 0.00014
native_compute: Compilation done in 0.04616
native_compute: Evaluation done in 0.00054
native_compute: Reification done in 0.00009
Tactic call identity native_compute on PHOAS with big ran for 0.047 secs (0.u,0.002s) (success)
Params: n= 15
native_compute: Conversion to native code done in 0.00014
native_compute: Compilation done in 0.04740
native_compute: Evaluation done in 0.00054
native_compute: Reification done in 0.00011
Tactic call identity native_compute on PHOAS with big ran for 0.048 secs (0.u,0.001s) (success)
Params: n= 16
native_compute: Conversion to native code done in 0.00015
native_compute: Compilation done in 0.04824
native_compute: Evaluation done in 0.00055
native_compute: Reification done in 0.00011
Tactic call identity native_compute on PHOAS with big ran for 0.049 secs (0.u,0.002s) (success)
Params: n= 17
native_compute: Conversion to native code done in 0.00014
native_compute: Compilation done in 0.04835
native_compute: Evaluation done in 0.00056
native_compute: Reification done in 0.00011
Tactic call identity native_compute on PHOAS with big ran for 0.049 secs (0.001u,0.s) (success)
Params: n= 18
native_compute: Conversion to native code done in 0.00014
native_compute: Compilation done in 0.05003
native_compute: Evaluation done in 0.00054
native_compute: Reification done in 0.00012
Tactic call identity native_compute on PHOAS with big ran for 0.05 secs (0.001u,0.s) (success)
Params: n= 19
native_compute: Conversion to native code done in 0.00015
native_compute: Compilation done in 0.04988
native_compute: Evaluation done in 0.00055
native_compute: Reification done in 0.00013
Tactic call identity native_compute on PHOAS with big ran for 0.05 secs (0.002u,0.s) (success)
Params: n= 20
native_compute: Conversion to native code done in 0.00015
native_compute: Compilation done in 0.05007
native_compute: Evaluation done in 0.00054
native_compute: Reification done in 0.00012
Tactic call identity native_compute on PHOAS with big ran for 0.051 secs (0.001u,0.s) (success)
Params: n= 21
native_compute: Conversion to native code done in 0.00015
native_compute: Compilation done in 0.04989
native_compute: Evaluation done in 0.00055
native_compute: Reification done in 0.00013
Tactic call identity native_compute on PHOAS with big ran for 0.05 secs (0.u,0.002s) (success)
Params: n= 22
native_compute: Conversion to native code done in 0.00015
native_compute: Compilation done in 0.05054
native_compute: Evaluation done in 0.00083
native_compute: Reification done in 0.00014
Tactic call identity native_compute on PHOAS with big ran for 0.051 secs (0.u,0.002s) (success)
Params: n= 23
native_compute: Conversion to native code done in 0.00017
native_compute: Compilation done in 0.05102
native_compute: Evaluation done in 0.00077
native_compute: Reification done in 0.00016
Tactic call identity native_compute on PHOAS with big ran for 0.052 secs (0.002u,0.s) (success)
Params: n= 24
native_compute: Conversion to native code done in 0.00016
native_compute: Compilation done in 0.05153
native_compute: Evaluation done in 0.00055
native_compute: Reification done in 0.00014
Tactic call identity native_compute on PHOAS with big ran for 0.052 secs (0.002u,0.s) (success)
Params: n= 25
native_compute: Conversion to native code done in 0.00016
native_compute: Compilation done in 0.05113
native_compute: Evaluation done in 0.00055
native_compute: Reification done in 0.00014
Tactic call identity native_compute on PHOAS with big ran for 0.052 secs (0.001u,0.s) (success)
Params: n= 26
native_compute: Conversion to native code done in 0.00016
native_compute: Compilation done in 0.05087
native_compute: Evaluation done in 0.00077
native_compute: Reification done in 0.00015
Tactic call identity native_compute on PHOAS with big ran for 0.052 secs (0.001u,0.s) (success)
Params: n= 27
native_compute: Conversion to native code done in 0.00016
native_compute: Compilation done in 0.05303
native_compute: Evaluation done in 0.00059
native_compute: Reification done in 0.00017
Tactic call identity native_compute on PHOAS with big ran for 0.054 secs (0.u,0.002s) (success)
Params: n= 28
native_compute: Conversion to native code done in 0.00017
native_compute: Compilation done in 0.05329
native_compute: Evaluation done in 0.00057
native_compute: Reification done in 0.00016
Tactic call identity native_compute on PHOAS with big ran for 0.054 secs (0.001u,0.s) (success)
Params: n= 29
native_compute: Conversion to native code done in 0.00017
native_compute: Compilation done in 0.05319
native_compute: Evaluation done in 0.00092
native_compute: Reification done in 0.00016
Tactic call identity native_compute on PHOAS with big ran for 0.054 secs (0.002u,0.s) (success)
Params: n= 30
native_compute: Conversion to native code done in 0.00017
native_compute: Compilation done in 0.05313
native_compute: Evaluation done in 0.00056
native_compute: Reification done in 0.00016
Tactic call identity native_compute on PHOAS with big ran for 0.054 secs (0.002u,0.s) (success)
Params: n= 31
native_compute: Conversion to native code done in 0.00037
native_compute: Compilation done in 0.05337
native_compute: Evaluation done in 0.00058
native_compute: Reification done in 0.00055
Tactic call identity native_compute on PHOAS with big ran for 0.055 secs (0.003u,0.s) (success)
Params: n= 32
native_compute: Conversion to native code done in 0.00018
native_compute: Compilation done in 0.05471
native_compute: Evaluation done in 0.00058
native_compute: Reification done in 0.00017
Tactic call identity native_compute on PHOAS with big ran for 0.055 secs (0.003u,0.s) (success)
Params: n= 33
native_compute: Conversion to native code done in 0.00017
native_compute: Compilation done in 0.05416
native_compute: Evaluation done in 0.00065
native_compute: Reification done in 0.00021
Tactic call identity native_compute on PHOAS with big ran for 0.055 secs (0.003u,0.s) (success)
Params: n= 34
native_compute: Conversion to native code done in 0.00018
native_compute: Compilation done in 0.05537
native_compute: Evaluation done in 0.00059
native_compute: Reification done in 0.00019
Tactic call identity native_compute on PHOAS with big ran for 0.056 secs (0.002u,0.s) (success)
Params: n= 35
native_compute: Conversion to native code done in 0.00018
native_compute: Compilation done in 0.05563
native_compute: Evaluation done in 0.00057
native_compute: Reification done in 0.00041
Tactic call identity native_compute on PHOAS with big ran for 0.056 secs (0.002u,0.s) (success)
Params: n= 36
native_compute: Conversion to native code done in 0.00018
native_compute: Compilation done in 0.05559
native_compute: Evaluation done in 0.00057
native_compute: Reification done in 0.00019
Tactic call identity native_compute on PHOAS with big ran for 0.056 secs (0.u,0.003s) (success)
Params: n= 37
native_compute: Conversion to native code done in 0.00018
native_compute: Compilation done in 0.05543
native_compute: Evaluation done in 0.00081
native_compute: Reification done in 0.00020
Tactic call identity native_compute on PHOAS with big ran for 0.056 secs (0.002u,0.s) (success)
Params: n= 38
native_compute: Conversion to native code done in 0.00019
native_compute: Compilation done in 0.05570
native_compute: Evaluation done in 0.00057
native_compute: Reification done in 0.00020
Tactic call identity native_compute on PHOAS with big ran for 0.056 secs (0.002u,0.s) (success)
Params: n= 39
native_compute: Conversion to native code done in 0.00023
native_compute: Compilation done in 0.09582
native_compute: Evaluation done in 0.00054
native_compute: Reification done in 0.00026
Tactic call identity native_compute on PHOAS with big ran for 0.097 secs (0.039u,0.001s) (success)
Params: n= 40
native_compute: Conversion to native code done in 0.00020
native_compute: Compilation done in 0.05696
native_compute: Evaluation done in 0.00055
native_compute: Reification done in 0.00022
Tactic call identity native_compute on PHOAS with big ran for 0.058 secs (0.002u,0.s) (success)
Params: n= 41
native_compute: Conversion to native code done in 0.00020
native_compute: Compilation done in 0.05602
native_compute: Evaluation done in 0.00055
native_compute: Reification done in 0.00026
Tactic call identity native_compute on PHOAS with big ran for 0.057 secs (0.002u,0.s) (success)
Params: n= 42
native_compute: Conversion to native code done in 0.00020
native_compute: Compilation done in 0.05623
native_compute: Evaluation done in 0.00055
native_compute: Reification done in 0.00023
Tactic call identity native_compute on PHOAS with big ran for 0.057 secs (0.002u,0.s) (success)
Params: n= 43
native_compute: Conversion to native code done in 0.00020
native_compute: Compilation done in 0.05712
native_compute: Evaluation done in 0.00061
native_compute: Reification done in 0.00023
Tactic call identity native_compute on PHOAS with big ran for 0.058 secs (0.u,0.002s) (success)
Params: n= 44
native_compute: Conversion to native code done in 0.00020
native_compute: Compilation done in 0.05703
native_compute: Evaluation done in 0.00053
native_compute: Reification done in 0.00023
Tactic call identity native_compute on PHOAS with big ran for 0.058 secs (0.002u,0.s) (success)
Params: n= 45
native_compute: Conversion to native code done in 0.00023
native_compute: Compilation done in 0.05666
native_compute: Evaluation done in 0.00055
native_compute: Reification done in 0.00025
Tactic call identity native_compute on PHOAS with big ran for 0.057 secs (0.003u,0.s) (success)
Params: n= 46
native_compute: Conversion to native code done in 0.00021
native_compute: Compilation done in 0.05821
native_compute: Evaluation done in 0.00055
native_compute: Reification done in 0.00024
Tactic call identity native_compute on PHOAS with big ran for 0.059 secs (0.u,0.003s) (success)
Params: n= 47
native_compute: Conversion to native code done in 0.00021
native_compute: Compilation done in 0.05867
native_compute: Evaluation done in 0.00054
native_compute: Reification done in 0.00025
Tactic call identity native_compute on PHOAS with big ran for 0.059 secs (0.u,0.003s) (success)
Params: n= 48
native_compute: Conversion to native code done in 0.00020
native_compute: Compilation done in 0.05840
native_compute: Evaluation done in 0.00054
native_compute: Reification done in 0.00026
Tactic call identity native_compute on PHOAS with big ran for 0.059 secs (0.u,0.003s) (success)
Params: n= 49
native_compute: Conversion to native code done in 0.00021
native_compute: Compilation done in 0.05886
native_compute: Evaluation done in 0.00055
native_compute: Reification done in 0.00026
Tactic call identity native_compute on PHOAS with big ran for 0.06 secs (0.u,0.003s) (success)
Params: n= 50
native_compute: Conversion to native code done in 0.00021
native_compute: Compilation done in 0.05965
native_compute: Evaluation done in 0.00055
native_compute: Reification done in 0.00026
Tactic call identity native_compute on PHOAS with big ran for 0.06 secs (0.u,0.003s) (success)
Params: n= 51
native_compute: Conversion to native code done in 0.00024
native_compute: Compilation done in 0.05961
native_compute: Evaluation done in 0.00057
native_compute: Reification done in 0.00028
Tactic call identity native_compute on PHOAS with big ran for 0.06 secs (0.003u,0.s) (success)
Params: n= 52
native_compute: Conversion to native code done in 0.00022
native_compute: Compilation done in 0.06198
native_compute: Evaluation done in 0.00060
native_compute: Reification done in 0.00028
Tactic call identity native_compute on PHOAS with big ran for 0.063 secs (0.003u,0.s) (success)
Params: n= 53
native_compute: Conversion to native code done in 0.00021
native_compute: Compilation done in 0.06186
native_compute: Evaluation done in 0.00056
native_compute: Reification done in 0.00027
Tactic call identity native_compute on PHOAS with big ran for 0.063 secs (0.002u,0.s) (success)
Params: n= 54
native_compute: Conversion to native code done in 0.00021
native_compute: Compilation done in 0.06160
native_compute: Evaluation done in 0.00058
native_compute: Reification done in 0.00028
Tactic call identity native_compute on PHOAS with big ran for 0.062 secs (0.003u,0.s) (success)
Params: n= 55
native_compute: Conversion to native code done in 0.00028
native_compute: Compilation done in 0.06251
native_compute: Evaluation done in 0.00056
native_compute: Reification done in 0.00028
Tactic call identity native_compute on PHOAS with big ran for 0.063 secs (0.003u,0.s) (success)
Params: n= 56
native_compute: Conversion to native code done in 0.00022
native_compute: Compilation done in 0.06247
native_compute: Evaluation done in 0.00057
native_compute: Reification done in 0.00029
Tactic call identity native_compute on PHOAS with big ran for 0.063 secs (0.003u,0.s) (success)
Params: n= 57
native_compute: Conversion to native code done in 0.00022
native_compute: Compilation done in 0.06265
native_compute: Evaluation done in 0.00057
native_compute: Reification done in 0.00033
Tactic call identity native_compute on PHOAS with big ran for 0.063 secs (0.003u,0.s) (success)
Params: n= 58
native_compute: Conversion to native code done in 0.00023
native_compute: Compilation done in 0.06278
native_compute: Evaluation done in 0.00059
native_compute: Reification done in 0.00029
Tactic call identity native_compute on PHOAS with big ran for 0.064 secs (0.003u,0.s) (success)
Params: n= 59
native_compute: Conversion to native code done in 0.00023
native_compute: Compilation done in 0.06284
native_compute: Evaluation done in 0.00056
native_compute: Reification done in 0.00029
Tactic call identity native_compute on PHOAS with big ran for 0.064 secs (0.003u,0.s) (success)
Params: n= 60
native_compute: Conversion to native code done in 0.00023
native_compute: Compilation done in 0.06438
native_compute: Evaluation done in 0.00056
native_compute: Reification done in 0.00030
Tactic call identity native_compute on PHOAS with big ran for 0.065 secs (0.u,0.003s) (success)
Params: n= 61
native_compute: Conversion to native code done in 0.00026
native_compute: Compilation done in 0.06488
native_compute: Evaluation done in 0.00056
native_compute: Reification done in 0.00031
Tactic call identity native_compute on PHOAS with big ran for 0.066 secs (0.003u,0.s) (success)
Params: n= 62
native_compute: Conversion to native code done in 0.00023
native_compute: Compilation done in 0.06490
native_compute: Evaluation done in 0.00062
native_compute: Reification done in 0.00033
Tactic call identity native_compute on PHOAS with big ran for 0.066 secs (0.u,0.002s) (success)
Params: n= 63
native_compute: Conversion to native code done in 0.00023
native_compute: Compilation done in 0.06554
native_compute: Evaluation done in 0.00058
native_compute: Reification done in 0.00032
Tactic call identity native_compute on PHOAS with big ran for 0.066 secs (0.002u,0.001s) (success)
Params: n= 64
native_compute: Conversion to native code done in 0.00024
native_compute: Compilation done in 0.06610
native_compute: Evaluation done in 0.00058
native_compute: Reification done in 0.00032
Tactic call identity native_compute on PHOAS with big ran for 0.067 secs (0.003u,0.s) (success)
Params: n= 65
native_compute: Conversion to native code done in 0.00024
native_compute: Compilation done in 0.06583
native_compute: Evaluation done in 0.00057
native_compute: Reification done in 0.00033
Tactic call identity native_compute on PHOAS with big ran for 0.067 secs (0.003u,0.s) (success)
Params: n= 66
native_compute: Conversion to native code done in 0.00024
native_compute: Compilation done in 0.06725
native_compute: Evaluation done in 0.00064
native_compute: Reification done in 0.00033
Tactic call identity native_compute on PHOAS with big ran for 0.068 secs (0.003u,0.s) (success)
Params: n= 67
native_compute: Conversion to native code done in 0.00026
native_compute: Compilation done in 0.06736
native_compute: Evaluation done in 0.00059
native_compute: Reification done in 0.00034
Tactic call identity native_compute on PHOAS with big ran for 0.068 secs (0.003u,0.s) (success)
Params: n= 68
native_compute: Conversion to native code done in 0.00024
native_compute: Compilation done in 0.06774
native_compute: Evaluation done in 0.00059
native_compute: Reification done in 0.00035
Tactic call identity native_compute on PHOAS with big ran for 0.069 secs (0.003u,0.s) (success)
Params: n= 69
native_compute: Conversion to native code done in 0.00026
native_compute: Compilation done in 0.06908
native_compute: Evaluation done in 0.00058
native_compute: Reification done in 0.00035
Tactic call identity native_compute on PHOAS with big ran for 0.07 secs (0.002u,0.003s) (success)
Params: n= 70
native_compute: Conversion to native code done in 0.00025
native_compute: Compilation done in 0.06774
native_compute: Evaluation done in 0.00060
native_compute: Reification done in 0.00037
Tactic call identity native_compute on PHOAS with big ran for 0.069 secs (0.003u,0.s) (success)
Params: n= 71
native_compute: Conversion to native code done in 0.00026
native_compute: Compilation done in 0.06884
native_compute: Evaluation done in 0.00059
native_compute: Reification done in 0.00036
Tactic call identity native_compute on PHOAS with big ran for 0.07 secs (0.003u,0.s) (success)
Params: n= 72
native_compute: Conversion to native code done in 0.00026
native_compute: Compilation done in 0.06916
native_compute: Evaluation done in 0.00061
native_compute: Reification done in 0.00036
Tactic call identity native_compute on PHOAS with big ran for 0.07 secs (0.003u,0.s) (success)
Params: n= 73
native_compute: Conversion to native code done in 0.00028
native_compute: Compilation done in 0.06896
native_compute: Evaluation done in 0.00065
native_compute: Reification done in 0.00036
Tactic call identity native_compute on PHOAS with big ran for 0.07 secs (0.004u,0.s) (success)
Params: n= 74
native_compute: Conversion to native code done in 0.00026
native_compute: Compilation done in 0.06947
native_compute: Evaluation done in 0.00060
native_compute: Reification done in 0.00041
Tactic call identity native_compute on PHOAS with big ran for 0.07 secs (0.002u,0.001s) (success)
Params: n= 75
native_compute: Conversion to native code done in 0.00026
native_compute: Compilation done in 0.07047
native_compute: Evaluation done in 0.00067
native_compute: Reification done in 0.00039
Tactic call identity native_compute on PHOAS with big ran for 0.071 secs (0.003u,0.s) (success)
Params: n= 76
native_compute: Conversion to native code done in 0.00027
native_compute: Compilation done in 0.07177
native_compute: Evaluation done in 0.00060
native_compute: Reification done in 0.00039
Tactic call identity native_compute on PHOAS with big ran for 0.073 secs (0.u,0.004s) (success)
Params: n= 77
native_compute: Conversion to native code done in 0.00026
native_compute: Compilation done in 0.07104
native_compute: Evaluation done in 0.00060
native_compute: Reification done in 0.00038
Tactic call identity native_compute on PHOAS with big ran for 0.072 secs (0.004u,0.s) (success)
Params: n= 78
native_compute: Conversion to native code done in 0.00027
native_compute: Compilation done in 0.07090
native_compute: Evaluation done in 0.00062
native_compute: Reification done in 0.00040
Tactic call identity native_compute on PHOAS with big ran for 0.072 secs (0.004u,0.s) (success)
Params: n= 79
native_compute: Conversion to native code done in 0.00027
native_compute: Compilation done in 0.07318
native_compute: Evaluation done in 0.00059
native_compute: Reification done in 0.00039
Tactic call identity native_compute on PHOAS with big ran for 0.074 secs (0.003u,0.s) (success)
Params: n= 80
native_compute: Conversion to native code done in 0.00028
native_compute: Compilation done in 0.07309
native_compute: Evaluation done in 0.00061
native_compute: Reification done in 0.00042
Tactic call identity native_compute on PHOAS with big ran for 0.074 secs (0.003u,0.s) (success)
Params: n= 81
native_compute: Conversion to native code done in 0.00028
native_compute: Compilation done in 0.07351
native_compute: Evaluation done in 0.00061
native_compute: Reification done in 0.00040
Tactic call identity native_compute on PHOAS with big ran for 0.074 secs (0.004u,0.s) (success)
Params: n= 82
native_compute: Conversion to native code done in 0.00029
native_compute: Compilation done in 0.07321
native_compute: Evaluation done in 0.00061
native_compute: Reification done in 0.00040
Tactic call identity native_compute on PHOAS with big ran for 0.074 secs (0.004u,0.s) (success)
Params: n= 83
native_compute: Conversion to native code done in 0.00028
native_compute: Compilation done in 0.07279
native_compute: Evaluation done in 0.00060
native_compute: Reification done in 0.00046
Tactic call identity native_compute on PHOAS with big ran for 0.074 secs (0.004u,0.s) (success)
Params: n= 84
native_compute: Conversion to native code done in 0.00029
native_compute: Compilation done in 0.07412
native_compute: Evaluation done in 0.00065
native_compute: Reification done in 0.00042
Tactic call identity native_compute on PHOAS with big ran for 0.075 secs (0.004u,0.s) (success)
Params: n= 85
native_compute: Conversion to native code done in 0.00029
native_compute: Compilation done in 0.07511
native_compute: Evaluation done in 0.00062
native_compute: Reification done in 0.00043
Tactic call identity native_compute on PHOAS with big ran for 0.076 secs (0.u,0.003s) (success)
Params: n= 86
native_compute: Conversion to native code done in 0.00029
native_compute: Compilation done in 0.07618
native_compute: Evaluation done in 0.00061
native_compute: Reification done in 0.00045
Tactic call identity native_compute on PHOAS with big ran for 0.077 secs (0.004u,0.s) (success)
Params: n= 87
native_compute: Conversion to native code done in 0.00029
native_compute: Compilation done in 0.07510
native_compute: Evaluation done in 0.00061
native_compute: Reification done in 0.00043
Tactic call identity native_compute on PHOAS with big ran for 0.076 secs (0.003u,0.s) (success)
Params: n= 88
native_compute: Conversion to native code done in 0.00030
native_compute: Compilation done in 0.07581
native_compute: Evaluation done in 0.00061
native_compute: Reification done in 0.00044
Tactic call identity native_compute on PHOAS with big ran for 0.077 secs (0.u,0.004s) (success)
Params: n= 89
native_compute: Conversion to native code done in 0.00032
native_compute: Compilation done in 0.07623
native_compute: Evaluation done in 0.00062
native_compute: Reification done in 0.00043
Tactic call identity native_compute on PHOAS with big ran for 0.077 secs (0.004u,0.s) (success)
Params: n= 90
native_compute: Conversion to native code done in 0.00029
native_compute: Compilation done in 0.07602
native_compute: Evaluation done in 0.00062
native_compute: Reification done in 0.00044
Tactic call identity native_compute on PHOAS with big ran for 0.077 secs (0.u,0.004s) (success)
Params: n= 91
native_compute: Conversion to native code done in 0.00030
native_compute: Compilation done in 0.15317
native_compute: Evaluation done in 0.00062
native_compute: Reification done in 0.00045
Tactic call identity native_compute on PHOAS with big ran for 0.154 secs (0.067u,0.011s) (success)
Params: n= 92
native_compute: Conversion to native code done in 0.00030
native_compute: Compilation done in 0.07791
native_compute: Evaluation done in 0.00063
native_compute: Reification done in 0.00045
Tactic call identity native_compute on PHOAS with big ran for 0.079 secs (0.u,0.004s) (success)
Params: n= 93
native_compute: Conversion to native code done in 0.00036
native_compute: Compilation done in 0.07906
native_compute: Evaluation done in 0.00064
native_compute: Reification done in 0.00052
Tactic call identity native_compute on PHOAS with big ran for 0.08 secs (0.004u,0.s) (success)
Params: n= 94
native_compute: Conversion to native code done in 0.00030
native_compute: Compilation done in 0.07814
native_compute: Evaluation done in 0.00068
native_compute: Reification done in 0.00047
Tactic call identity native_compute on PHOAS with big ran for 0.079 secs (0.002u,0.002s) (success)
Params: n= 95
native_compute: Conversion to native code done in 0.00031
native_compute: Compilation done in 0.07882
native_compute: Evaluation done in 0.00063
native_compute: Reification done in 0.00048
Tactic call identity native_compute on PHOAS with big ran for 0.08 secs (0.u,0.004s) (success)
Params: n= 96
native_compute: Conversion to native code done in 0.00031
native_compute: Compilation done in 0.07779
native_compute: Evaluation done in 0.00066
native_compute: Reification done in 0.00046
Tactic call identity native_compute on PHOAS with big ran for 0.079 secs (0.004u,0.s) (success)
Params: n= 97
native_compute: Conversion to native code done in 0.00035
native_compute: Compilation done in 0.07897
native_compute: Evaluation done in 0.00062
native_compute: Reification done in 0.00048
Tactic call identity native_compute on PHOAS with big ran for 0.08 secs (0.004u,0.s) (success)
Params: n= 98
native_compute: Conversion to native code done in 0.00034
native_compute: Compilation done in 0.07873
native_compute: Evaluation done in 0.00063
native_compute: Reification done in 0.00047
Tactic call identity native_compute on PHOAS with big ran for 0.08 secs (0.004u,0.s) (success)
Params: n= 99
native_compute: Conversion to native code done in 0.00031
native_compute: Compilation done in 0.07910
native_compute: Evaluation done in 0.00062
native_compute: Reification done in 0.00049
Tactic call identity native_compute on PHOAS with big ran for 0.08 secs (0.004u,0.s) (success)
Params: n= 100
native_compute: Conversion to native code done in 0.00031
native_compute: Compilation done in 0.08135
native_compute: Evaluation done in 0.00066
native_compute: Reification done in 0.00048
Tactic call identity native_compute on PHOAS with big ran for 0.082 secs (0.004u,0.s) (success)
Params: n= 101
native_compute: Conversion to native code done in 0.00031
native_compute: Compilation done in 0.08103
native_compute: Evaluation done in 0.00062
native_compute: Reification done in 0.00053
Tactic call identity native_compute on PHOAS with big ran for 0.082 secs (0.002u,0.002s) (success)
Params: n= 102
native_compute: Conversion to native code done in 0.00032
native_compute: Compilation done in 0.08260
native_compute: Evaluation done in 0.00065
native_compute: Reification done in 0.00049
Tactic call identity native_compute on PHOAS with big ran for 0.084 secs (0.001u,0.003s) (success)
Params: n= 103
native_compute: Conversion to native code done in 0.00031
native_compute: Compilation done in 0.08207
native_compute: Evaluation done in 0.00063
native_compute: Reification done in 0.00053
Tactic call identity native_compute on PHOAS with big ran for 0.083 secs (0.u,0.004s) (success)
Params: n= 104
native_compute: Conversion to native code done in 0.00033
native_compute: Compilation done in 0.08123
native_compute: Evaluation done in 0.00065
native_compute: Reification done in 0.00051
Tactic call identity native_compute on PHOAS with big ran for 0.082 secs (0.004u,0.s) (success)
Params: n= 105
native_compute: Conversion to native code done in 0.00032
native_compute: Compilation done in 0.08404
native_compute: Evaluation done in 0.00064
native_compute: Reification done in 0.00052
Tactic call identity native_compute on PHOAS with big ran for 0.085 secs (0.001u,0.003s) (success)
Params: n= 106
native_compute: Conversion to native code done in 0.00035
native_compute: Compilation done in 0.08322
native_compute: Evaluation done in 0.00068
native_compute: Reification done in 0.00052
Tactic call identity native_compute on PHOAS with big ran for 0.084 secs (0.004u,0.s) (success)
Params: n= 107
native_compute: Conversion to native code done in 0.00032
native_compute: Compilation done in 0.08398
native_compute: Evaluation done in 0.00064
native_compute: Reification done in 0.00052
Tactic call identity native_compute on PHOAS with big ran for 0.085 secs (0.001u,0.003s) (success)
Params: n= 108
native_compute: Conversion to native code done in 0.00038
native_compute: Compilation done in 0.08437
native_compute: Evaluation done in 0.00063
native_compute: Reification done in 0.00052
Tactic call identity native_compute on PHOAS with big ran for 0.086 secs (0.004u,0.s) (success)
Params: n= 109
native_compute: Conversion to native code done in 0.00033
native_compute: Compilation done in 0.08434
native_compute: Evaluation done in 0.00086
native_compute: Reification done in 0.00187
Tactic call identity native_compute on PHOAS with big ran for 0.087 secs (0.003u,0.003s) (success)
Params: n= 110
native_compute: Conversion to native code done in 0.00034
native_compute: Compilation done in 0.08550
native_compute: Evaluation done in 0.00065
native_compute: Reification done in 0.00053
Tactic call identity native_compute on PHOAS with big ran for 0.087 secs (0.004u,0.s) (success)
Params: n= 111
native_compute: Conversion to native code done in 0.00035
native_compute: Compilation done in 0.08440
native_compute: Evaluation done in 0.00064
native_compute: Reification done in 0.00055
Tactic call identity native_compute on PHOAS with big ran for 0.086 secs (0.004u,0.s) (success)
Params: n= 112
native_compute: Conversion to native code done in 0.00033
native_compute: Compilation done in 0.08535
native_compute: Evaluation done in 0.00065
native_compute: Reification done in 0.00058
Tactic call identity native_compute on PHOAS with big ran for 0.087 secs (0.002u,0.002s) (success)
Params: n= 113
native_compute: Conversion to native code done in 0.00033
native_compute: Compilation done in 0.08604
native_compute: Evaluation done in 0.00068
native_compute: Reification done in 0.00053
Tactic call identity native_compute on PHOAS with big ran for 0.087 secs (0.001u,0.003s) (success)
Params: n= 114
native_compute: Conversion to native code done in 0.00034
native_compute: Compilation done in 0.08606
native_compute: Evaluation done in 0.00066
native_compute: Reification done in 0.00056
Tactic call identity native_compute on PHOAS with big ran for 0.087 secs (0.001u,0.003s) (success)
Params: n= 115
native_compute: Conversion to native code done in 0.00034
native_compute: Compilation done in 0.08655
native_compute: Evaluation done in 0.00063
native_compute: Reification done in 0.00055
Tactic call identity native_compute on PHOAS with big ran for 0.088 secs (0.u,0.004s) (success)
Params: n= 116
native_compute: Conversion to native code done in 0.00034
native_compute: Compilation done in 0.08609
native_compute: Evaluation done in 0.00065
native_compute: Reification done in 0.00057
Tactic call identity native_compute on PHOAS with big ran for 0.087 secs (0.004u,0.s) (success)
Params: n= 117
native_compute: Conversion to native code done in 0.00035
native_compute: Compilation done in 0.08940
native_compute: Evaluation done in 0.00065
native_compute: Reification done in 0.00057
Tactic call identity native_compute on PHOAS with big ran for 0.091 secs (0.004u,0.s) (success)
Params: n= 118
native_compute: Conversion to native code done in 0.00035
native_compute: Compilation done in 0.08773
native_compute: Evaluation done in 0.00065
native_compute: Reification done in 0.00061
Tactic call identity native_compute on PHOAS with big ran for 0.089 secs (0.005u,0.s) (success)
Params: n= 119
native_compute: Conversion to native code done in 0.00043
native_compute: Compilation done in 0.08870
native_compute: Evaluation done in 0.00066
native_compute: Reification done in 0.00059
Tactic call identity native_compute on PHOAS with big ran for 0.09 secs (0.001u,0.003s) (success)
Params: n= 120
native_compute: Conversion to native code done in 0.00035
native_compute: Compilation done in 0.08972
native_compute: Evaluation done in 0.00067
native_compute: Reification done in 0.00057
Tactic call identity native_compute on PHOAS with big ran for 0.091 secs (0.001u,0.003s) (success)
Params: n= 121
native_compute: Conversion to native code done in 0.00036
native_compute: Compilation done in 0.09105
native_compute: Evaluation done in 0.00066
native_compute: Reification done in 0.00058
Tactic call identity native_compute on PHOAS with big ran for 0.092 secs (0.001u,0.003s) (success)
Params: n= 122
native_compute: Conversion to native code done in 0.00036
native_compute: Compilation done in 0.09116
native_compute: Evaluation done in 0.00068
native_compute: Reification done in 0.00058
Tactic call identity native_compute on PHOAS with big ran for 0.092 secs (0.005u,0.s) (success)
Params: n= 123
native_compute: Conversion to native code done in 0.00041
native_compute: Compilation done in 0.09080
native_compute: Evaluation done in 0.00065
native_compute: Reification done in 0.00062
Tactic call identity native_compute on PHOAS with big ran for 0.092 secs (0.005u,0.s) (success)
Params: n= 124
native_compute: Conversion to native code done in 0.00036
native_compute: Compilation done in 0.09080
native_compute: Evaluation done in 0.00064
native_compute: Reification done in 0.00059
Tactic call identity native_compute on PHOAS with big ran for 0.092 secs (0.001u,0.003s) (success)
Params: n= 125
native_compute: Conversion to native code done in 0.00036
native_compute: Compilation done in 0.09116
native_compute: Evaluation done in 0.02613
native_compute: Reification done in 0.00060
Tactic call identity native_compute on PHOAS with big ran for 0.118 secs (0.027u,0.003s) (success)
Params: n= 126
native_compute: Conversion to native code done in 0.00037
native_compute: Compilation done in 0.09036
native_compute: Evaluation done in 0.00068
native_compute: Reification done in 0.00060
Tactic call identity native_compute on PHOAS with big ran for 0.092 secs (0.001u,0.004s) (success)
Params: n= 127
native_compute: Conversion to native code done in 0.00037
native_compute: Compilation done in 0.09319
native_compute: Evaluation done in 0.00067
native_compute: Reification done in 0.00065
Tactic call identity native_compute on PHOAS with big ran for 0.095 secs (0.002u,0.003s) (success)
Params: n= 128
native_compute: Conversion to native code done in 0.00037
native_compute: Compilation done in 0.09222
native_compute: Evaluation done in 0.00066
native_compute: Reification done in 0.00069
Tactic call identity native_compute on PHOAS with big ran for 0.094 secs (0.005u,0.s) (success)
Params: n= 129
native_compute: Conversion to native code done in 0.00037
native_compute: Compilation done in 0.09336
native_compute: Evaluation done in 0.00068
native_compute: Reification done in 0.00065
Tactic call identity native_compute on PHOAS with big ran for 0.095 secs (0.002u,0.002s) (success)
Params: n= 130
native_compute: Conversion to native code done in 0.00041
native_compute: Compilation done in 0.09260
native_compute: Evaluation done in 0.00067
native_compute: Reification done in 0.00063
Tactic call identity native_compute on PHOAS with big ran for 0.094 secs (0.001u,0.004s) (success)
Params: n= 131
native_compute: Conversion to native code done in 0.00040
native_compute: Compilation done in 0.09402
native_compute: Evaluation done in 0.00067
native_compute: Reification done in 0.00069
Tactic call identity native_compute on PHOAS with big ran for 0.095 secs (0.003u,0.002s) (success)
Params: n= 132
native_compute: Conversion to native code done in 0.00038
native_compute: Compilation done in 0.09402
native_compute: Evaluation done in 0.00070
native_compute: Reification done in 0.00066
Tactic call identity native_compute on PHOAS with big ran for 0.095 secs (0.002u,0.003s) (success)
Params: n= 133
native_compute: Conversion to native code done in 0.00041
native_compute: Compilation done in 0.09343
native_compute: Evaluation done in 0.00070
native_compute: Reification done in 0.00064
Tactic call identity native_compute on PHOAS with big ran for 0.095 secs (0.005u,0.s) (success)
Params: n= 134
native_compute: Conversion to native code done in 0.00039
native_compute: Compilation done in 0.09555
native_compute: Evaluation done in 0.00068
native_compute: Reification done in 0.00063
Tactic call identity native_compute on PHOAS with big ran for 0.097 secs (0.005u,0.s) (success)
Params: n= 135
native_compute: Conversion to native code done in 0.00043
native_compute: Compilation done in 0.09508
native_compute: Evaluation done in 0.00072
native_compute: Reification done in 0.00066
Tactic call identity native_compute on PHOAS with big ran for 0.097 secs (0.005u,0.s) (success)
Params: n= 136
native_compute: Conversion to native code done in 0.00038
native_compute: Compilation done in 0.09608
native_compute: Evaluation done in 0.00068
native_compute: Reification done in 0.00066
Tactic call identity native_compute on PHOAS with big ran for 0.097 secs (0.005u,0.s) (success)
Params: n= 137
native_compute: Conversion to native code done in 0.00039
native_compute: Compilation done in 0.09674
native_compute: Evaluation done in 0.00069
native_compute: Reification done in 0.00064
Tactic call identity native_compute on PHOAS with big ran for 0.098 secs (0.002u,0.003s) (success)
Params: n= 138
native_compute: Conversion to native code done in 0.00046
native_compute: Compilation done in 0.09669
native_compute: Evaluation done in 0.00069
native_compute: Reification done in 0.00072
Tactic call identity native_compute on PHOAS with big ran for 0.098 secs (0.005u,0.s) (success)
Params: n= 139
native_compute: Conversion to native code done in 0.00039
native_compute: Compilation done in 0.09655
native_compute: Evaluation done in 0.00066
native_compute: Reification done in 0.00065
Tactic call identity native_compute on PHOAS with big ran for 0.098 secs (0.005u,0.s) (success)
Params: n= 140
native_compute: Conversion to native code done in 0.00187
native_compute: Compilation done in 0.09752
native_compute: Evaluation done in 0.00070
native_compute: Reification done in 0.00067
Tactic call identity native_compute on PHOAS with big ran for 0.1 secs (0.003u,0.003s) (success)
Params: n= 141
native_compute: Conversion to native code done in 0.00040
native_compute: Compilation done in 0.09920
native_compute: Evaluation done in 0.00069
native_compute: Reification done in 0.00067
Tactic call identity native_compute on PHOAS with big ran for 0.101 secs (0.002u,0.003s) (success)
Params: n= 142
native_compute: Conversion to native code done in 0.00040
native_compute: Compilation done in 0.09903
native_compute: Evaluation done in 0.00071
native_compute: Reification done in 0.00074
Tactic call identity native_compute on PHOAS with big ran for 0.101 secs (0.005u,0.s) (success)
Params: n= 143
native_compute: Conversion to native code done in 0.00041
native_compute: Compilation done in 0.10142
native_compute: Evaluation done in 0.00071
native_compute: Reification done in 0.00071
Tactic call identity native_compute on PHOAS with big ran for 0.103 secs (0.002u,0.003s) (success)
Params: n= 144
native_compute: Conversion to native code done in 0.00041
native_compute: Compilation done in 0.10087
native_compute: Evaluation done in 0.00070
native_compute: Reification done in 0.00067
Tactic call identity native_compute on PHOAS with big ran for 0.102 secs (0.002u,0.003s) (success)
Params: n= 145
native_compute: Conversion to native code done in 0.00040
native_compute: Compilation done in 0.09964
native_compute: Evaluation done in 0.00070
native_compute: Reification done in 0.00069
Tactic call identity native_compute on PHOAS with big ran for 0.101 secs (0.002u,0.003s) (success)
Params: n= 146
native_compute: Conversion to native code done in 0.00040
native_compute: Compilation done in 0.10055
native_compute: Evaluation done in 0.00071
native_compute: Reification done in 0.00071
Tactic call identity native_compute on PHOAS with big ran for 0.102 secs (0.006u,0.s) (success)
Params: n= 147
native_compute: Conversion to native code done in 0.00041
native_compute: Compilation done in 0.10106
native_compute: Evaluation done in 0.00071
native_compute: Reification done in 0.00071
Tactic call identity native_compute on PHOAS with big ran for 0.103 secs (0.006u,0.s) (success)
Params: n= 148
native_compute: Conversion to native code done in 0.00041
native_compute: Compilation done in 0.10181
native_compute: Evaluation done in 0.00070
native_compute: Reification done in 0.00071
Tactic call identity native_compute on PHOAS with big ran for 0.103 secs (0.006u,0.s) (success)
Params: n= 149
native_compute: Conversion to native code done in 0.00041
native_compute: Compilation done in 0.10298
native_compute: Evaluation done in 0.00069
native_compute: Reification done in 0.00072
Tactic call identity native_compute on PHOAS with big ran for 0.104 secs (0.005u,0.s) (success)
Params: n= 150
native_compute: Conversion to native code done in 0.00042
native_compute: Compilation done in 0.10277
native_compute: Evaluation done in 0.00074
native_compute: Reification done in 0.00079
Tactic call identity native_compute on PHOAS with big ran for 0.104 secs (0.003u,0.002s) (success)
Params: n= 151
native_compute: Conversion to native code done in 0.00042
native_compute: Compilation done in 0.10265
native_compute: Evaluation done in 0.00070
native_compute: Reification done in 0.00072
Tactic call identity native_compute on PHOAS with big ran for 0.104 secs (0.005u,0.s) (success)
Params: n= 152
native_compute: Conversion to native code done in 0.00050
native_compute: Compilation done in 0.10373
native_compute: Evaluation done in 0.00071
native_compute: Reification done in 0.00074
Tactic call identity native_compute on PHOAS with big ran for 0.105 secs (0.u,0.006s) (success)
Params: n= 153
native_compute: Conversion to native code done in 0.00045
native_compute: Compilation done in 0.10503
native_compute: Evaluation done in 0.00073
native_compute: Reification done in 0.00076
Tactic call identity native_compute on PHOAS with big ran for 0.107 secs (0.002u,0.003s) (success)
Params: n= 154
native_compute: Conversion to native code done in 0.00043
native_compute: Compilation done in 0.10226
native_compute: Evaluation done in 0.00071
native_compute: Reification done in 0.00072
Tactic call identity native_compute on PHOAS with big ran for 0.104 secs (0.005u,0.s) (success)
Params: n= 155
native_compute: Conversion to native code done in 0.00042
native_compute: Compilation done in 0.10260
native_compute: Evaluation done in 0.00070
native_compute: Reification done in 0.00073
Tactic call identity native_compute on PHOAS with big ran for 0.104 secs (0.002u,0.003s) (success)
Params: n= 156
native_compute: Conversion to native code done in 0.00043
native_compute: Compilation done in 0.10449
native_compute: Evaluation done in 0.00071
native_compute: Reification done in 0.00074
Tactic call identity native_compute on PHOAS with big ran for 0.106 secs (0.006u,0.s) (success)
Params: n= 157
native_compute: Conversion to native code done in 0.00043
native_compute: Compilation done in 0.10797
native_compute: Evaluation done in 0.00072
native_compute: Reification done in 0.00073
Tactic call identity native_compute on PHOAS with big ran for 0.11 secs (0.002u,0.003s) (success)
Params: n= 158
native_compute: Conversion to native code done in 0.00043
native_compute: Compilation done in 0.10479
native_compute: Evaluation done in 0.00071
native_compute: Reification done in 0.00075
Tactic call identity native_compute on PHOAS with big ran for 0.106 secs (0.005u,0.s) (success)
Params: n= 159
native_compute: Conversion to native code done in 0.00044
native_compute: Compilation done in 0.10957
native_compute: Evaluation done in 0.00072
native_compute: Reification done in 0.00078
Tactic call identity native_compute on PHOAS with big ran for 0.111 secs (0.005u,0.s) (success)
Params: n= 160
native_compute: Conversion to native code done in 0.00045
native_compute: Compilation done in 0.10936
native_compute: Evaluation done in 0.00072
native_compute: Reification done in 0.00078
Tactic call identity native_compute on PHOAS with big ran for 0.111 secs (0.002u,0.003s) (success)
Params: n= 161
native_compute: Conversion to native code done in 0.00047
native_compute: Compilation done in 0.10682
native_compute: Evaluation done in 0.00071
native_compute: Reification done in 0.00079
Tactic call identity native_compute on PHOAS with big ran for 0.108 secs (0.003u,0.002s) (success)
Params: n= 162
native_compute: Conversion to native code done in 0.00044
native_compute: Compilation done in 0.10873
native_compute: Evaluation done in 0.00071
native_compute: Reification done in 0.00081
Tactic call identity native_compute on PHOAS with big ran for 0.11 secs (0.006u,0.s) (success)
Params: n= 163
native_compute: Conversion to native code done in 0.00044
native_compute: Compilation done in 0.10693
native_compute: Evaluation done in 0.00071
native_compute: Reification done in 0.00075
Tactic call identity native_compute on PHOAS with big ran for 0.108 secs (0.005u,0.s) (success)
Params: n= 164
native_compute: Conversion to native code done in 0.00044
native_compute: Compilation done in 0.10911
native_compute: Evaluation done in 0.00072
native_compute: Reification done in 0.00079
Tactic call identity native_compute on PHOAS with big ran for 0.111 secs (0.005u,0.s) (success)
Params: n= 165
native_compute: Conversion to native code done in 0.00046
native_compute: Compilation done in 0.11364
native_compute: Evaluation done in 0.00073
native_compute: Reification done in 0.00081
Tactic call identity native_compute on PHOAS with big ran for 0.115 secs (0.004u,0.004s) (success)
Params: n= 166
native_compute: Conversion to native code done in 0.00053
native_compute: Compilation done in 0.11102
native_compute: Evaluation done in 0.00072
native_compute: Reification done in 0.00083
Tactic call identity native_compute on PHOAS with big ran for 0.113 secs (0.004u,0.002s) (success)
Params: n= 167
native_compute: Conversion to native code done in 0.00045
native_compute: Compilation done in 0.11218
native_compute: Evaluation done in 0.00073
native_compute: Reification done in 0.00079
Tactic call identity native_compute on PHOAS with big ran for 0.114 secs (0.005u,0.s) (success)
Params: n= 168
native_compute: Conversion to native code done in 0.00045
native_compute: Compilation done in 0.10831
native_compute: Evaluation done in 0.00074
native_compute: Reification done in 0.00078
Tactic call identity native_compute on PHOAS with big ran for 0.11 secs (0.006u,0.s) (success)
Params: n= 169
native_compute: Conversion to native code done in 0.00048
native_compute: Compilation done in 0.11257
native_compute: Evaluation done in 0.00073
native_compute: Reification done in 0.00082
Tactic call identity native_compute on PHOAS with big ran for 0.114 secs (0.002u,0.003s) (success)
Params: n= 170
native_compute: Conversion to native code done in 0.00050
native_compute: Compilation done in 0.11324
native_compute: Evaluation done in 0.00073
native_compute: Reification done in 0.00078
Tactic call identity native_compute on PHOAS with big ran for 0.115 secs (0.003u,0.003s) (success)
Params: n= 171
native_compute: Conversion to native code done in 0.00046
native_compute: Compilation done in 0.11281
native_compute: Evaluation done in 0.00074
native_compute: Reification done in 0.00080
Tactic call identity native_compute on PHOAS with big ran for 0.114 secs (0.002u,0.003s) (success)
Params: n= 172
native_compute: Conversion to native code done in 0.00046
native_compute: Compilation done in 0.11015
native_compute: Evaluation done in 0.00071
native_compute: Reification done in 0.00085
Tactic call identity native_compute on PHOAS with big ran for 0.112 secs (0.003u,0.002s) (success)
Params: n= 173
native_compute: Conversion to native code done in 0.00047
native_compute: Compilation done in 0.11401
native_compute: Evaluation done in 0.00073
native_compute: Reification done in 0.00083
Tactic call identity native_compute on PHOAS with big ran for 0.116 secs (0.003u,0.003s) (success)
Params: n= 174
native_compute: Conversion to native code done in 0.00046
native_compute: Compilation done in 0.11567
native_compute: Evaluation done in 0.00074
native_compute: Reification done in 0.00095
Tactic call identity native_compute on PHOAS with big ran for 0.118 secs (0.006u,0.s) (success)
Params: n= 175
native_compute: Conversion to native code done in 0.00046
native_compute: Compilation done in 0.11084
native_compute: Evaluation done in 0.00073
native_compute: Reification done in 0.00084
Tactic call identity native_compute on PHOAS with big ran for 0.113 secs (0.006u,0.s) (success)
Params: n= 176
native_compute: Conversion to native code done in 0.00047
native_compute: Compilation done in 0.11234
native_compute: Evaluation done in 0.00075
native_compute: Reification done in 0.01920
Tactic call identity native_compute on PHOAS with big ran for 0.132 secs (0.017u,0.007s) (success)
Params: n= 177
native_compute: Conversion to native code done in 0.00047
native_compute: Compilation done in 0.11634
native_compute: Evaluation done in 0.00076
native_compute: Reification done in 0.00083
Tactic call identity native_compute on PHOAS with big ran for 0.118 secs (0.006u,0.s) (success)
Params: n= 178
native_compute: Conversion to native code done in 0.00047
native_compute: Compilation done in 0.11666
native_compute: Evaluation done in 0.00077
native_compute: Reification done in 0.00084
Tactic call identity native_compute on PHOAS with big ran for 0.118 secs (0.006u,0.s) (success)
Params: n= 179
native_compute: Conversion to native code done in 0.00048
native_compute: Compilation done in 0.11454
native_compute: Evaluation done in 0.00076
native_compute: Reification done in 0.00082
Tactic call identity native_compute on PHOAS with big ran for 0.116 secs (0.006u,0.s) (success)
Params: n= 180
native_compute: Conversion to native code done in 0.00047
native_compute: Compilation done in 0.11518
native_compute: Evaluation done in 0.00073
native_compute: Reification done in 0.00092
Tactic call identity native_compute on PHOAS with big ran for 0.117 secs (0.006u,0.s) (success)
Params: n= 181
native_compute: Conversion to native code done in 0.00048
native_compute: Compilation done in 0.11517
native_compute: Evaluation done in 0.00073
native_compute: Reification done in 0.00086
Tactic call identity native_compute on PHOAS with big ran for 0.117 secs (0.003u,0.003s) (success)
Params: n= 182
native_compute: Conversion to native code done in 0.00049
native_compute: Compilation done in 0.11564
native_compute: Evaluation done in 0.00075
native_compute: Reification done in 0.00091
Tactic call identity native_compute on PHOAS with big ran for 0.117 secs (0.006u,0.s) (success)
Params: n= 183
native_compute: Conversion to native code done in 0.00048
native_compute: Compilation done in 0.11582
native_compute: Evaluation done in 0.00075
native_compute: Reification done in 0.00085
Tactic call identity native_compute on PHOAS with big ran for 0.118 secs (0.006u,0.s) (success)
Params: n= 184
native_compute: Conversion to native code done in 0.00048
native_compute: Compilation done in 0.11690
native_compute: Evaluation done in 0.00075
native_compute: Reification done in 0.00086
Tactic call identity native_compute on PHOAS with big ran for 0.119 secs (0.006u,0.s) (success)
Params: n= 185
native_compute: Conversion to native code done in 0.00049
native_compute: Compilation done in 0.11968
native_compute: Evaluation done in 0.00076
native_compute: Reification done in 0.00088
Tactic call identity native_compute on PHOAS with big ran for 0.121 secs (0.006u,0.s) (success)
Params: n= 186
native_compute: Conversion to native code done in 0.00053
native_compute: Compilation done in 0.11777
native_compute: Evaluation done in 0.00076
native_compute: Reification done in 0.00086
Tactic call identity native_compute on PHOAS with big ran for 0.12 secs (0.003u,0.003s) (success)
Params: n= 187
native_compute: Conversion to native code done in 0.00049
native_compute: Compilation done in 0.12023
native_compute: Evaluation done in 0.00075
native_compute: Reification done in 0.00087
Tactic call identity native_compute on PHOAS with big ran for 0.122 secs (0.001u,0.007s) (success)
Params: n= 188
native_compute: Conversion to native code done in 0.00049
native_compute: Compilation done in 0.11772
native_compute: Evaluation done in 0.00074
native_compute: Reification done in 0.00094
Tactic call identity native_compute on PHOAS with big ran for 0.12 secs (0.007u,0.s) (success)
Params: n= 189
native_compute: Conversion to native code done in 0.00049
native_compute: Compilation done in 0.11747
native_compute: Evaluation done in 0.00080
native_compute: Reification done in 0.00090
Tactic call identity native_compute on PHOAS with big ran for 0.119 secs (0.007u,0.s) (success)
Params: n= 190
native_compute: Conversion to native code done in 0.00052
native_compute: Compilation done in 0.12070
native_compute: Evaluation done in 0.00079
native_compute: Reification done in 0.00090
Tactic call identity native_compute on PHOAS with big ran for 0.123 secs (0.007u,0.s) (success)
Params: n= 191
native_compute: Conversion to native code done in 0.00052
native_compute: Compilation done in 0.12054
native_compute: Evaluation done in 0.00075
native_compute: Reification done in 0.00090
Tactic call identity native_compute on PHOAS with big ran for 0.122 secs (0.007u,0.s) (success)
Params: n= 192
native_compute: Conversion to native code done in 0.00050
native_compute: Compilation done in 0.12097
native_compute: Evaluation done in 0.00080
native_compute: Reification done in 0.00090
Tactic call identity native_compute on PHOAS with big ran for 0.123 secs (0.007u,0.s) (success)
Params: n= 193
native_compute: Conversion to native code done in 0.00050
native_compute: Compilation done in 0.12335
native_compute: Evaluation done in 0.00076
native_compute: Reification done in 0.00091
Tactic call identity native_compute on PHOAS with big ran for 0.125 secs (0.007u,0.s) (success)
Params: n= 194
native_compute: Conversion to native code done in 0.00049
native_compute: Compilation done in 0.12137
native_compute: Evaluation done in 0.00077
native_compute: Reification done in 0.00099
Tactic call identity native_compute on PHOAS with big ran for 0.123 secs (0.007u,0.s) (success)
Params: n= 195
native_compute: Conversion to native code done in 0.00051
native_compute: Compilation done in 0.12121
native_compute: Evaluation done in 0.00080
native_compute: Reification done in 0.00095
Tactic call identity native_compute on PHOAS with big ran for 0.123 secs (0.007u,0.s) (success)
Params: n= 196
native_compute: Conversion to native code done in 0.00051
native_compute: Compilation done in 0.12308
native_compute: Evaluation done in 0.00078
native_compute: Reification done in 0.00102
Tactic call identity native_compute on PHOAS with big ran for 0.125 secs (0.007u,0.s) (success)
Params: n= 197
native_compute: Conversion to native code done in 0.00051
native_compute: Compilation done in 0.12442
native_compute: Evaluation done in 0.00077
native_compute: Reification done in 0.00092
Tactic call identity native_compute on PHOAS with big ran for 0.126 secs (0.007u,0.s) (success)
Params: n= 198
native_compute: Conversion to native code done in 0.00051
native_compute: Compilation done in 0.12476
native_compute: Evaluation done in 0.00084
native_compute: Reification done in 0.00099
Tactic call identity native_compute on PHOAS with big ran for 0.127 secs (0.007u,0.s) (success)
Params: n= 199
native_compute: Conversion to native code done in 0.00051
native_compute: Compilation done in 0.12396
native_compute: Evaluation done in 0.00077
native_compute: Reification done in 0.00093
Tactic call identity native_compute on PHOAS with big ran for 0.126 secs (0.006u,0.s) (success)
Params: n= 200
native_compute: Conversion to native code done in 0.00052
native_compute: Compilation done in 0.12409
native_compute: Evaluation done in 0.00078
native_compute: Reification done in 0.00097
Tactic call identity native_compute on PHOAS with big ran for 0.126 secs (0.003u,0.004s) (success)
