Params: n= 1
native_compute: Conversion to native code done in 0.00002
native_compute: Compilation done in 0.04990
native_compute: Evaluation done in 0.00017
native_compute: Reification done in 0.00004
Tactic call identity native_compute on PHOAS with big ran for 0.118 secs (0.048u,0.02s) (success)
Params: n= 2
native_compute: Conversion to native code done in 0.00001
native_compute: Compilation done in 0.04915
native_compute: Evaluation done in 0.00020
native_compute: Reification done in 0.00003
Tactic call identity native_compute on PHOAS with big ran for 0.049 secs (0.u,0.s) (success)
Params: n= 3
native_compute: Conversion to native code done in 0.00002
native_compute: Compilation done in 0.05059
native_compute: Evaluation done in 0.00021
native_compute: Reification done in 0.00004
Tactic call identity native_compute on PHOAS with big ran for 0.05 secs (0.u,0.s) (success)
Params: n= 4
native_compute: Conversion to native code done in 0.00002
native_compute: Compilation done in 0.05035
native_compute: Evaluation done in 0.00021
native_compute: Reification done in 0.00004
Tactic call identity native_compute on PHOAS with big ran for 0.05 secs (0.u,0.s) (success)
