Params: n= 110
Tactic call reify-regression-cubic ran for 0.64 secs (0.632u,0.008s)
Tactic call abstract-regression-linear ran for 0.003 secs (0.003u,0.s) (success)
Params: n= 120
Tactic call reify-regression-cubic ran for 0.405 secs (0.401u,0.004s)
Tactic call abstract-regression-linear ran for 0.004 secs (0.u,0.003s) (success)
Params: n= 130
Tactic call reify-regression-cubic ran for 0.502 secs (0.501u,0.s)
Tactic call abstract-regression-linear ran for 0.004 secs (0.004u,0.s) (success)
Params: n= 140
Tactic call reify-regression-cubic ran for 0.596 secs (0.592u,0.003s)
Tactic call abstract-regression-linear ran for 0.004 secs (0.004u,0.s) (success)
Params: n= 150
Tactic call reify-regression-cubic ran for 0.652 secs (0.652u,0.s)
Tactic call abstract-regression-linear ran for 0.005 secs (0.005u,0.s) (success)
Params: n= 160
Tactic call reify-regression-cubic ran for 0.728 secs (0.728u,0.s)
Tactic call abstract-regression-linear ran for 0.005 secs (0.005u,0.s) (success)
Params: n= 170
Tactic call reify-regression-cubic ran for 0.885 secs (0.881u,0.003s)
Tactic call abstract-regression-linear ran for 0.005 secs (0.005u,0.s) (success)
Params: n= 180
Tactic call reify-regression-cubic ran for 0.938 secs (0.938u,0.s)
Tactic call abstract-regression-linear ran for 0.006 secs (0.005u,0.s) (success)
Params: n= 190
Tactic call reify-regression-cubic ran for 1.076 secs (1.076u,0.s)
Tactic call abstract-regression-linear ran for 0.006 secs (0.006u,0.s) (success)
Params: n= 200
Tactic call reify-regression-cubic ran for 1.164 secs (1.164u,0.s)
Tactic call abstract-regression-linear ran for 0.006 secs (0.006u,0.s) (success)
Params: n= 210
Tactic call reify-regression-cubic ran for 1.319 secs (1.319u,0.s)
Tactic call abstract-regression-linear ran for 0.007 secs (0.007u,0.s) (success)
Params: n= 220
Tactic call reify-regression-cubic ran for 1.403 secs (1.403u,0.s)
Tactic call abstract-regression-linear ran for 0.007 secs (0.007u,0.s) (success)
Params: n= 230
Tactic call reify-regression-cubic ran for 1.584 secs (1.584u,0.s)
Tactic call abstract-regression-linear ran for 0.007 secs (0.007u,0.s) (success)
Params: n= 240
Tactic call reify-regression-cubic ran for 1.719 secs (1.719u,0.s)
Tactic call abstract-regression-linear ran for 0.008 secs (0.008u,0.s) (success)
Params: n= 250
Tactic call reify-regression-cubic ran for 1.838 secs (1.834u,0.003s)
Tactic call abstract-regression-linear ran for 0.008 secs (0.008u,0.s) (success)
Params: n= 260
Tactic call reify-regression-cubic ran for 2.017 secs (2.012u,0.004s)
Tactic call abstract-regression-linear ran for 0.008 secs (0.008u,0.s) (success)
Params: n= 270
Tactic call reify-regression-cubic ran for 2.236 secs (2.236u,0.s)
Tactic call abstract-regression-linear ran for 0.009 secs (0.009u,0.s) (success)
Params: n= 280
Tactic call reify-regression-cubic ran for 2.428 secs (2.428u,0.s)
Tactic call abstract-regression-linear ran for 0.009 secs (0.009u,0.s) (success)
Params: n= 290
Tactic call reify-regression-cubic ran for 2.577 secs (2.573u,0.003s)
Tactic call abstract-regression-linear ran for 0.009 secs (0.009u,0.s) (success)
Params: n= 300
Tactic call reify-regression-cubic ran for 2.739 secs (2.739u,0.s)
Tactic call abstract-regression-linear ran for 0.01 secs (0.01u,0.s) (success)
Params: n= 350
Tactic call reify-regression-cubic ran for 3.758 secs (3.758u,0.s)
Tactic call abstract-regression-linear ran for 0.011 secs (0.011u,0.s) (success)
Params: n= 400
Tactic call reify-regression-cubic ran for 5.058 secs (5.044u,0.011s)
Tactic call abstract-regression-linear ran for 0.013 secs (0.013u,0.s) (success)
Params: n= 450
Tactic call reify-regression-cubic ran for 6.465 secs (6.456u,0.007s)
Tactic call abstract-regression-linear ran for 0.015 secs (0.015u,0.s) (success)
Params: n= 500
Tactic call reify-regression-cubic ran for 8.166 secs (8.162u,0.003s)
Tactic call abstract-regression-linear ran for 0.017 secs (0.017u,0.s) (success)
