Params: n= 110
Tactic call reify-regression-cubic ran for 3.133 secs (3.108u,0.024s)
Tactic call abstract-regression-linear ran for 0.002 secs (0.u,0.002s) (success)
Params: n= 120
Tactic call reify-regression-cubic ran for 3.819 secs (3.809u,0.008s)
Tactic call abstract-regression-linear ran for 0.002 secs (0.002u,0.s) (success)
Params: n= 130
Tactic call reify-regression-cubic ran for 4.991 secs (4.986u,0.003s)
Tactic call abstract-regression-linear ran for 0.002 secs (0.002u,0.s) (success)
Params: n= 140
Tactic call reify-regression-cubic ran for 6.31 secs (6.306u,0.003s)
Tactic call abstract-regression-linear ran for 0.002 secs (0.002u,0.s) (success)
Params: n= 150
Tactic call reify-regression-cubic ran for 7.947 secs (7.942u,0.003s)
Tactic call abstract-regression-linear ran for 0.003 secs (0.003u,0.s) (success)
Params: n= 160
Tactic call reify-regression-cubic ran for 9.829 secs (9.816u,0.011s)
Tactic call abstract-regression-linear ran for 0.004 secs (0.004u,0.s) (success)
Params: n= 170
Tactic call reify-regression-cubic ran for 12.021 secs (12.013u,0.003s)
Tactic call abstract-regression-linear ran for 0.003 secs (0.003u,0.s) (success)
Params: n= 180
Tactic call reify-regression-cubic ran for 14.578 secs (14.571u,0.003s)
Tactic call abstract-regression-linear ran for 0.003 secs (0.003u,0.s) (success)
Params: n= 190
Tactic call reify-regression-cubic ran for 17.572 secs (17.569u,0.s)
Tactic call abstract-regression-linear ran for 0.004 secs (0.004u,0.s) (success)
Params: n= 200
Tactic call reify-regression-cubic ran for 20.85 secs (20.841u,0.004s)
Tactic call abstract-regression-linear ran for 0.004 secs (0.004u,0.s) (success)
