Params: n= 50
Tactic call autorewrite-regression-quadratic ran for 0.09 secs (0.066u,0.024s) (success)
Tactic call autorewrite-noop-regression-linear ran for 0. secs (0.u,0.s) (success)
Tactic call abstract+autorewrite-regression-quadratic ran for 0.109 secs (0.084u,0.024s) (success)
Tactic call close-abstract+autorewrite-regression-quadratic ran for 0.017 secs (0.017u,0.s)
Params: n= 100
Tactic call autorewrite-regression-quadratic ran for 0.114 secs (0.114u,0.s) (success)
Tactic call autorewrite-noop-regression-linear ran for 0.001 secs (0.001u,0.s) (success)
Tactic call abstract+autorewrite-regression-quadratic ran for 0.192 secs (0.192u,0.s) (success)
Tactic call close-abstract+autorewrite-regression-quadratic ran for 0.075 secs (0.075u,0.s)
Params: n= 150
Tactic call autorewrite-regression-quadratic ran for 0.265 secs (0.265u,0.s) (success)
Tactic call autorewrite-noop-regression-linear ran for 0.001 secs (0.001u,0.s) (success)
Tactic call abstract+autorewrite-regression-quadratic ran for 0.443 secs (0.442u,0.s) (success)
Tactic call close-abstract+autorewrite-regression-quadratic ran for 0.175 secs (0.175u,0.s)
Params: n= 200
Tactic call autorewrite-regression-quadratic ran for 0.486 secs (0.485u,0.s) (success)
Tactic call autorewrite-noop-regression-linear ran for 0.002 secs (0.002u,0.s) (success)
Tactic call abstract+autorewrite-regression-quadratic ran for 0.788 secs (0.788u,0.s) (success)
Tactic call close-abstract+autorewrite-regression-quadratic ran for 0.298 secs (0.298u,0.s)
Params: n= 250
Tactic call autorewrite-regression-quadratic ran for 0.781 secs (0.781u,0.s) (success)
Tactic call autorewrite-noop-regression-linear ran for 0.003 secs (0.003u,0.s) (success)
Tactic call abstract+autorewrite-regression-quadratic ran for 1.215 secs (1.215u,0.s) (success)
Tactic call close-abstract+autorewrite-regression-quadratic ran for 0.429 secs (0.429u,0.s)
Params: n= 300
Tactic call autorewrite-regression-quadratic ran for 1.117 secs (1.109u,0.007s) (success)
Tactic call autorewrite-noop-regression-linear ran for 0.005 secs (0.005u,0.s) (success)
Tactic call abstract+autorewrite-regression-quadratic ran for 1.767 secs (1.759u,0.007s) (success)
Tactic call close-abstract+autorewrite-regression-quadratic ran for 0.644 secs (0.644u,0.s)
Params: n= 350
Tactic call autorewrite-regression-quadratic ran for 1.65 secs (1.65u,0.s) (success)
Tactic call autorewrite-noop-regression-linear ran for 0.006 secs (0.006u,0.s) (success)
Tactic call abstract+autorewrite-regression-quadratic ran for 2.524 secs (2.524u,0.s) (success)
Tactic call close-abstract+autorewrite-regression-quadratic ran for 0.865 secs (0.865u,0.s)
Params: n= 400
Tactic call autorewrite-regression-quadratic ran for 2.143 secs (2.135u,0.008s) (success)
Tactic call autorewrite-noop-regression-linear ran for 0.008 secs (0.008u,0.s) (success)
Tactic call abstract+autorewrite-regression-quadratic ran for 3.318 secs (3.301u,0.015s) (success)
Tactic call close-abstract+autorewrite-regression-quadratic ran for 1.165 secs (1.156u,0.007s)
