Params: n= 12
Tactic call lazy-regression-quadratic ran for 0. secs (0.u,0.s) (success)
Params: n= 18
Tactic call lazy-regression-quadratic ran for 0. secs (0.u,0.s) (success)
Params: n= 23
Tactic call lazy-regression-quadratic ran for 0. secs (0.u,0.s) (success)
Params: n= 28
Tactic call lazy-regression-quadratic ran for 0.001 secs (0.001u,0.s) (success)
Params: n= 33
Tactic call lazy-regression-quadratic ran for 0.001 secs (0.001u,0.s) (success)
Params: n= 39
Tactic call lazy-regression-quadratic ran for 0.002 secs (0.002u,0.s) (success)
Params: n= 44
Tactic call lazy-regression-quadratic ran for 0.002 secs (0.u,0.002s) (success)
Params: n= 49
Tactic call lazy-regression-quadratic ran for 0.002 secs (0.002u,0.s) (success)
Params: n= 54
Tactic call lazy-regression-quadratic ran for 0.003 secs (0.003u,0.s) (success)
Params: n= 59
Tactic call lazy-regression-quadratic ran for 0.003 secs (0.003u,0.s) (success)
Params: n= 65
Tactic call lazy-regression-quadratic ran for 0.004 secs (0.004u,0.s) (success)
Params: n= 70
Tactic call lazy-regression-quadratic ran for 0.005 secs (0.004u,0.s) (success)
Params: n= 75
Tactic call lazy-regression-quadratic ran for 0.005 secs (0.005u,0.s) (success)
Params: n= 80
Tactic call lazy-regression-quadratic ran for 0.027 secs (0.026u,0.s) (success)
Params: n= 86
Tactic call lazy-regression-quadratic ran for 0.006 secs (0.006u,0.s) (success)
Params: n= 91
Tactic call lazy-regression-quadratic ran for 0.006 secs (0.006u,0.s) (success)
Params: n= 96
Tactic call lazy-regression-quadratic ran for 0.007 secs (0.007u,0.s) (success)
Params: n= 101
Tactic call lazy-regression-quadratic ran for 0.007 secs (0.007u,0.s) (success)
Params: n= 106
Tactic call lazy-regression-quadratic ran for 0.009 secs (0.009u,0.s) (success)
Params: n= 112
Tactic call lazy-regression-quadratic ran for 0.009 secs (0.009u,0.s) (success)
Params: n= 117
Tactic call lazy-regression-quadratic ran for 0.009 secs (0.009u,0.s) (success)
Params: n= 122
Tactic call lazy-regression-quadratic ran for 0.01 secs (0.01u,0.s) (success)
Params: n= 127
Tactic call lazy-regression-quadratic ran for 0.011 secs (0.011u,0.s) (success)
Params: n= 133
Tactic call lazy-regression-quadratic ran for 0.012 secs (0.012u,0.s) (success)
Params: n= 138
Tactic call lazy-regression-quadratic ran for 0.015 secs (0.015u,0.s) (success)
Params: n= 143
Tactic call lazy-regression-quadratic ran for 0.013 secs (0.013u,0.s) (success)
Params: n= 148
Tactic call lazy-regression-quadratic ran for 0.014 secs (0.014u,0.s) (success)
Params: n= 153
Tactic call lazy-regression-quadratic ran for 0.025 secs (0.025u,0.s) (success)
Params: n= 159
Tactic call lazy-regression-quadratic ran for 0.016 secs (0.016u,0.s) (success)
Params: n= 164
Tactic call lazy-regression-quadratic ran for 0.019 secs (0.019u,0.s) (success)
Params: n= 169
Tactic call lazy-regression-quadratic ran for 0.017 secs (0.017u,0.s) (success)
Params: n= 174
Tactic call lazy-regression-quadratic ran for 0.034 secs (0.034u,0.s) (success)
Params: n= 180
Tactic call lazy-regression-quadratic ran for 0.02 secs (0.02u,0.s) (success)
Params: n= 185
Tactic call lazy-regression-quadratic ran for 0.021 secs (0.021u,0.s) (success)
Params: n= 190
Tactic call lazy-regression-quadratic ran for 0.025 secs (0.025u,0.s) (success)
Params: n= 195
Tactic call lazy-regression-quadratic ran for 0.022 secs (0.022u,0.s) (success)
Params: n= 200
Tactic call lazy-regression-quadratic ran for 0.127 secs (0.127u,0.s) (success)
Params: n= 206
Tactic call lazy-regression-quadratic ran for 0.029 secs (0.026u,0.002s) (success)
Params: n= 211
Tactic call lazy-regression-quadratic ran for 0.082 secs (0.082u,0.s) (success)
Params: n= 216
Tactic call lazy-regression-quadratic ran for 0.027 secs (0.027u,0.s) (success)
Params: n= 221
Tactic call lazy-regression-quadratic ran for 0.031 secs (0.031u,0.s) (success)
Params: n= 227
Tactic call lazy-regression-quadratic ran for 0.062 secs (0.062u,0.s) (success)
Params: n= 232
Tactic call lazy-regression-quadratic ran for 0.035 secs (0.035u,0.s) (success)
Params: n= 237
Tactic call lazy-regression-quadratic ran for 0.032 secs (0.032u,0.s) (success)
Params: n= 242
Tactic call lazy-regression-quadratic ran for 0.04 secs (0.04u,0.s) (success)
Params: n= 247
Tactic call lazy-regression-quadratic ran for 0.045 secs (0.045u,0.s) (success)
Params: n= 253
Tactic call lazy-regression-quadratic ran for 0.041 secs (0.041u,0.s) (success)
Params: n= 258
Tactic call lazy-regression-quadratic ran for 0.056 secs (0.056u,0.s) (success)
Params: n= 263
Tactic call lazy-regression-quadratic ran for 0.039 secs (0.039u,0.s) (success)
Params: n= 268
Tactic call lazy-regression-quadratic ran for 0.046 secs (0.046u,0.s) (success)
Params: n= 273
Tactic call lazy-regression-quadratic ran for 0.163 secs (0.163u,0.s) (success)
Params: n= 279
Tactic call lazy-regression-quadratic ran for 0.109 secs (0.105u,0.003s) (success)
Params: n= 284
Tactic call lazy-regression-quadratic ran for 0.049 secs (0.049u,0.s) (success)
Params: n= 289
Tactic call lazy-regression-quadratic ran for 0.057 secs (0.057u,0.s) (success)
Params: n= 294
Tactic call lazy-regression-quadratic ran for 0.054 secs (0.054u,0.s) (success)
Params: n= 300
Tactic call lazy-regression-quadratic ran for 0.054 secs (0.054u,0.s) (success)
Params: n= 305
Tactic call lazy-regression-quadratic ran for 0.057 secs (0.057u,0.s) (success)
Params: n= 310
Tactic call lazy-regression-quadratic ran for 0.056 secs (0.056u,0.s) (success)
Params: n= 315
Tactic call lazy-regression-quadratic ran for 0.061 secs (0.061u,0.s) (success)
Params: n= 320
Tactic call lazy-regression-quadratic ran for 0.064 secs (0.064u,0.s) (success)
Params: n= 326
Tactic call lazy-regression-quadratic ran for 0.064 secs (0.064u,0.s) (success)
Params: n= 331
Tactic call lazy-regression-quadratic ran for 0.059 secs (0.059u,0.s) (success)
Params: n= 336
Tactic call lazy-regression-quadratic ran for 0.063 secs (0.063u,0.s) (success)
Params: n= 341
Tactic call lazy-regression-quadratic ran for 0.071 secs (0.071u,0.s) (success)
Params: n= 347
Tactic call lazy-regression-quadratic ran for 0.081 secs (0.073u,0.007s) (success)
Params: n= 352
Tactic call lazy-regression-quadratic ran for 0.078 secs (0.078u,0.s) (success)
Params: n= 357
Tactic call lazy-regression-quadratic ran for 0.08 secs (0.08u,0.s) (success)
Params: n= 362
Tactic call lazy-regression-quadratic ran for 0.077 secs (0.077u,0.s) (success)
Params: n= 367
Tactic call lazy-regression-quadratic ran for 0.089 secs (0.089u,0.s) (success)
Params: n= 373
Tactic call lazy-regression-quadratic ran for 0.086 secs (0.086u,0.s) (success)
Params: n= 378
Tactic call lazy-regression-quadratic ran for 0.088 secs (0.088u,0.s) (success)
Params: n= 383
Tactic call lazy-regression-quadratic ran for 0.09 secs (0.09u,0.s) (success)
Params: n= 388
Tactic call lazy-regression-quadratic ran for 0.082 secs (0.082u,0.s) (success)
Params: n= 394
Tactic call lazy-regression-quadratic ran for 0.086 secs (0.086u,0.s) (success)
Params: n= 399
Tactic call lazy-regression-quadratic ran for 0.093 secs (0.093u,0.s) (success)
Params: n= 404
Tactic call lazy-regression-quadratic ran for 0.119 secs (0.119u,0.s) (success)
Params: n= 409
Tactic call lazy-regression-quadratic ran for 0.121 secs (0.121u,0.s) (success)
Params: n= 414
Tactic call lazy-regression-quadratic ran for 0.126 secs (0.126u,0.s) (success)
Params: n= 420
Tactic call lazy-regression-quadratic ran for 0.097 secs (0.097u,0.s) (success)
Params: n= 425
Tactic call lazy-regression-quadratic ran for 0.116 secs (0.116u,0.s) (success)
Params: n= 430
Tactic call lazy-regression-quadratic ran for 0.127 secs (0.123u,0.003s) (success)
Params: n= 435
Tactic call lazy-regression-quadratic ran for 0.123 secs (0.123u,0.s) (success)
Params: n= 441
Tactic call lazy-regression-quadratic ran for 0.123 secs (0.119u,0.003s) (success)
Params: n= 446
Tactic call lazy-regression-quadratic ran for 0.14 secs (0.14u,0.s) (success)
Params: n= 451
Tactic call lazy-regression-quadratic ran for 0.107 secs (0.107u,0.s) (success)
Params: n= 469
Tactic call lazy-regression-quadratic ran for 0.139 secs (0.139u,0.s) (success)
Params: n= 487
Tactic call lazy-regression-quadratic ran for 0.129 secs (0.129u,0.s) (success)
Params: n= 505
Tactic call lazy-regression-quadratic ran for 0.153 secs (0.149u,0.004s) (success)
Params: n= 523
Tactic call lazy-regression-quadratic ran for 0.181 secs (0.181u,0.s) (success)
Params: n= 541
Tactic call lazy-regression-quadratic ran for 0.178 secs (0.178u,0.s) (success)
Params: n= 559
Tactic call lazy-regression-quadratic ran for 0.188 secs (0.188u,0.s) (success)
Params: n= 577
Tactic call lazy-regression-quadratic ran for 0.237 secs (0.233u,0.003s) (success)
Params: n= 595
Tactic call lazy-regression-quadratic ran for 0.263 secs (0.262u,0.s) (success)
Params: n= 613
Tactic call lazy-regression-quadratic ran for 0.268 secs (0.264u,0.003s) (success)
Params: n= 631
Tactic call lazy-regression-quadratic ran for 0.271 secs (0.259u,0.011s) (success)
Params: n= 649
Tactic call lazy-regression-quadratic ran for 0.27 secs (0.265u,0.004s) (success)
Params: n= 667
Tactic call lazy-regression-quadratic ran for 0.311 secs (0.304u,0.007s) (success)
Params: n= 685
Tactic call lazy-regression-quadratic ran for 0.296 secs (0.296u,0.s) (success)
Params: n= 703
Tactic call lazy-regression-quadratic ran for 0.375 secs (0.375u,0.s) (success)
Params: n= 721
Tactic call lazy-regression-quadratic ran for 0.391 secs (0.391u,0.s) (success)
Params: n= 739
Tactic call lazy-regression-quadratic ran for 0.329 secs (0.329u,0.s) (success)
Params: n= 757
Tactic call lazy-regression-quadratic ran for 0.399 secs (0.399u,0.s) (success)
Params: n= 775
Tactic call lazy-regression-quadratic ran for 0.361 secs (0.361u,0.s) (success)
Params: n= 793
Tactic call lazy-regression-quadratic ran for 0.514 secs (0.514u,0.s) (success)
Params: n= 811
Tactic call lazy-regression-quadratic ran for 0.424 secs (0.423u,0.s) (success)
Params: n= 829
Tactic call lazy-regression-quadratic ran for 0.476 secs (0.476u,0.s) (success)
Params: n= 847
Tactic call lazy-regression-quadratic ran for 0.483 secs (0.483u,0.s) (success)
Params: n= 865
Tactic call lazy-regression-quadratic ran for 0.584 secs (0.582u,0.s) (success)
Params: n= 883
Tactic call lazy-regression-quadratic ran for 0.494 secs (0.486u,0.007s) (success)
Params: n= 901
Tactic call lazy-regression-quadratic ran for 0.52 secs (0.52u,0.s) (success)
Params: n= 991
Tactic call lazy-regression-quadratic ran for 0.764 secs (0.756u,0.007s) (success)
Params: n= 1081
Tactic call lazy-regression-quadratic ran for 0.81 secs (0.806u,0.004s) (success)
Params: n= 1171
Tactic call lazy-regression-quadratic ran for 1.009 secs (1.006u,0.s) (success)
Params: n= 1261
Tactic call lazy-regression-quadratic ran for 1.128 secs (1.128u,0.s) (success)
Params: n= 1351
Tactic call lazy-regression-quadratic ran for 1.24 secs (1.232u,0.008s) (success)
Params: n= 1441
Tactic call lazy-regression-quadratic ran for 1.504 secs (1.5u,0.003s) (success)
Params: n= 1531
Tactic call lazy-regression-quadratic ran for 1.726 secs (1.717u,0.008s) (success)
Params: n= 1621
Tactic call lazy-regression-quadratic ran for 1.935 secs (1.935u,0.s) (success)
Params: n= 1711
Tactic call lazy-regression-quadratic ran for 2.054 secs (2.054u,0.s) (success)
Params: n= 1801
Tactic call lazy-regression-quadratic ran for 2.301 secs (2.285u,0.015s) (success)
Params: n= 2161
Tactic call lazy-regression-quadratic ran for 3.389 secs (3.351u,0.035s) (success)
Params: n= 2521
Tactic call lazy-regression-quadratic ran for 4.519 secs (4.498u,0.019s) (success)
Params: n= 2881
Tactic call lazy-regression-quadratic ran for 5.889 secs (5.876u,0.011s) (success)
Params: n= 3241
Tactic call lazy-regression-quadratic ran for 7.955 secs (7.888u,0.063s) (success)
Params: n= 3601
Tactic call lazy-regression-quadratic ran for 9.64 secs (9.583u,0.055s) (success)
