Params: n= 10
Tactic call setoid_rewrite-regression-cubic ran for 0.01 secs (0.009u,0.s) (success)
Tactic call abstract+setoid_rewrite-regression-cubic ran for 0.014 secs (0.013u,0.s) (success)
Tactic call close-abstract+setoid_rewrite-regression-quadratic ran for 0.003 secs (0.003u,0.s)
Params: n= 20
Tactic call setoid_rewrite-regression-cubic ran for 0.028 secs (0.028u,0.s) (success)
Tactic call abstract+setoid_rewrite-regression-cubic ran for 0.039 secs (0.039u,0.s) (success)
Tactic call close-abstract+setoid_rewrite-regression-quadratic ran for 0.01 secs (0.01u,0.s)
Params: n= 30
Tactic call setoid_rewrite-regression-cubic ran for 0.06 secs (0.06u,0.s) (success)
Tactic call abstract+setoid_rewrite-regression-cubic ran for 0.091 secs (0.087u,0.003s) (success)
Tactic call close-abstract+setoid_rewrite-regression-quadratic ran for 0.03 secs (0.026u,0.003s)
Params: n= 40
Tactic call setoid_rewrite-regression-cubic ran for 0.122 secs (0.122u,0.s) (success)
Tactic call abstract+setoid_rewrite-regression-cubic ran for 0.158 secs (0.158u,0.s) (success)
Tactic call close-abstract+setoid_rewrite-regression-quadratic ran for 0.035 secs (0.035u,0.s)
Params: n= 60
Tactic call setoid_rewrite-regression-cubic ran for 0.413 secs (0.41u,0.003s) (success)
Tactic call abstract+setoid_rewrite-regression-cubic ran for 0.492 secs (0.489u,0.003s) (success)
Tactic call close-abstract+setoid_rewrite-regression-quadratic ran for 0.078 secs (0.078u,0.s)
Params: n= 70
Tactic call setoid_rewrite-regression-cubic ran for 0.545 secs (0.544u,0.s) (success)
Tactic call abstract+setoid_rewrite-regression-cubic ran for 0.668 secs (0.668u,0.s) (success)
Tactic call close-abstract+setoid_rewrite-regression-quadratic ran for 0.123 secs (0.123u,0.s)
Params: n= 80
Tactic call setoid_rewrite-regression-cubic ran for 0.719 secs (0.719u,0.s) (success)
Tactic call abstract+setoid_rewrite-regression-cubic ran for 0.868 secs (0.867u,0.s) (success)
Tactic call close-abstract+setoid_rewrite-regression-quadratic ran for 0.148 secs (0.148u,0.s)
Params: n= 90
Tactic call setoid_rewrite-regression-cubic ran for 0.812 secs (0.812u,0.s) (success)
Tactic call abstract+setoid_rewrite-regression-cubic ran for 0.964 secs (0.964u,0.s) (success)
Tactic call close-abstract+setoid_rewrite-regression-quadratic ran for 0.152 secs (0.152u,0.s)
Params: n= 110
Tactic call setoid_rewrite-regression-cubic ran for 1.39 secs (1.39u,0.s) (success)
Tactic call abstract+setoid_rewrite-regression-cubic ran for 1.608 secs (1.607u,0.s) (success)
Tactic call close-abstract+setoid_rewrite-regression-quadratic ran for 0.217 secs (0.217u,0.s)
Params: n= 120
Tactic call setoid_rewrite-regression-cubic ran for 1.755 secs (1.751u,0.003s) (success)
Tactic call abstract+setoid_rewrite-regression-cubic ran for 2.038 secs (2.029u,0.007s) (success)
Tactic call close-abstract+setoid_rewrite-regression-quadratic ran for 0.282 secs (0.277u,0.004s)
Params: n= 130
Tactic call setoid_rewrite-regression-cubic ran for 2.277 secs (2.277u,0.s) (success)
Tactic call abstract+setoid_rewrite-regression-cubic ran for 2.618 secs (2.617u,0.s) (success)
Tactic call close-abstract+setoid_rewrite-regression-quadratic ran for 0.339 secs (0.339u,0.s)
Params: n= 140
Tactic call setoid_rewrite-regression-cubic ran for 2.779 secs (2.777u,0.s) (success)
Tactic call abstract+setoid_rewrite-regression-cubic ran for 3.159 secs (3.152u,0.004s) (success)
Tactic call close-abstract+setoid_rewrite-regression-quadratic ran for 0.379 secs (0.375u,0.003s)
Params: n= 160
Tactic call setoid_rewrite-regression-cubic ran for 3.994 secs (3.984u,0.007s) (success)
Tactic call abstract+setoid_rewrite-regression-cubic ran for 4.442 secs (4.433u,0.007s) (success)
Tactic call close-abstract+setoid_rewrite-regression-quadratic ran for 0.447 secs (0.447u,0.s)
Params: n= 170
Tactic call setoid_rewrite-regression-cubic ran for 4.649 secs (4.638u,0.009s) (success)
Tactic call abstract+setoid_rewrite-regression-cubic ran for 5.16 secs (5.149u,0.01s) (success)
Tactic call close-abstract+setoid_rewrite-regression-quadratic ran for 0.511 secs (0.511u,0.s)
Params: n= 180
Tactic call setoid_rewrite-regression-cubic ran for 5.492 secs (5.487u,0.003s) (success)
Tactic call abstract+setoid_rewrite-regression-cubic ran for 6.125 secs (6.119u,0.003s) (success)
Tactic call close-abstract+setoid_rewrite-regression-quadratic ran for 0.631 secs (0.631u,0.s)
Params: n= 190
Tactic call setoid_rewrite-regression-cubic ran for 6.599 secs (6.582u,0.015s) (success)
Tactic call abstract+setoid_rewrite-regression-cubic ran for 7.232 secs (7.215u,0.015s) (success)
Tactic call close-abstract+setoid_rewrite-regression-quadratic ran for 0.632 secs (0.632u,0.s)
Params: n= 210
Tactic call setoid_rewrite-regression-cubic ran for 8.523 secs (8.514u,0.007s) (success)
Tactic call abstract+setoid_rewrite-regression-cubic ran for 9.292 secs (9.282u,0.007s) (success)
Tactic call close-abstract+setoid_rewrite-regression-quadratic ran for 0.767 secs (0.767u,0.s)
Params: n= 220
Tactic call setoid_rewrite-regression-cubic ran for 9.712 secs (9.71u,0.s) (success)
Tactic call abstract+setoid_rewrite-regression-cubic ran for 10.643 secs (10.641u,0.s) (success)
Tactic call close-abstract+setoid_rewrite-regression-quadratic ran for 0.93 secs (0.93u,0.s)
Params: n= 230
Tactic call setoid_rewrite-regression-cubic ran for 11.343 secs (11.336u,0.003s) (success)
Tactic call abstract+setoid_rewrite-regression-cubic ran for 12.267 secs (12.261u,0.003s) (success)
Tactic call close-abstract+setoid_rewrite-regression-quadratic ran for 0.923 secs (0.923u,0.s)
Params: n= 240
Tactic call setoid_rewrite-regression-cubic ran for 12.542 secs (12.539u,0.s) (success)
Tactic call abstract+setoid_rewrite-regression-cubic ran for 13.544 secs (13.542u,0.s) (success)
Tactic call close-abstract+setoid_rewrite-regression-quadratic ran for 1.001 secs (1.001u,0.s)
Params: n= 250
Tactic call setoid_rewrite-regression-cubic ran for 14.488 secs (14.482u,0.003s) (success)
Tactic call abstract+setoid_rewrite-regression-cubic ran for 15.574 secs (15.568u,0.003s) (success)
Tactic call close-abstract+setoid_rewrite-regression-quadratic ran for 1.085 secs (1.084u,0.s)
Params: n= 300
Tactic call setoid_rewrite-regression-cubic ran for 24.431 secs (24.422u,0.003s) (success)
Tactic call abstract+setoid_rewrite-regression-cubic ran for 26.146 secs (26.136u,0.003s) (success)
Tactic call close-abstract+setoid_rewrite-regression-quadratic ran for 1.713 secs (1.713u,0.s)
Params: n= 400
Tactic call setoid_rewrite-regression-cubic ran for 58.704 secs (58.671u,0.019s) (success)
Tactic call abstract+setoid_rewrite-regression-cubic ran for 61.765 secs (61.731u,0.019s) (success)
Tactic call close-abstract+setoid_rewrite-regression-quadratic ran for 3.058 secs (3.058u,0.s)
