Params: n= 110
Tactic call reify-regression-cubic ran for 1.509 secs (1.501u,0.008s)
Tactic call abstract-regression-linear ran for 0.005 secs (0.005u,0.s) (success)
Params: n= 120
Tactic call reify-regression-cubic ran for 1.798 secs (1.79u,0.007s)
Tactic call abstract-regression-linear ran for 0.006 secs (0.006u,0.s) (success)
Params: n= 130
Tactic call reify-regression-cubic ran for 2.176 secs (2.168u,0.007s)
Tactic call abstract-regression-linear ran for 0.006 secs (0.006u,0.s) (success)
Params: n= 140
Tactic call reify-regression-cubic ran for 2.637 secs (2.629u,0.007s)
Tactic call abstract-regression-linear ran for 0.007 secs (0.007u,0.s) (success)
Params: n= 150
Tactic call reify-regression-cubic ran for 3.223 secs (3.223u,0.s)
Tactic call abstract-regression-linear ran for 0.008 secs (0.008u,0.s) (success)
Params: n= 160
Tactic call reify-regression-cubic ran for 3.793 secs (3.793u,0.s)
Tactic call abstract-regression-linear ran for 0.008 secs (0.008u,0.s) (success)
Params: n= 170
Tactic call reify-regression-cubic ran for 4.41 secs (4.406u,0.003s)
Tactic call abstract-regression-linear ran for 0.008 secs (0.008u,0.s) (success)
Params: n= 180
Tactic call reify-regression-cubic ran for 5.147 secs (5.146u,0.s)
Tactic call abstract-regression-linear ran for 0.009 secs (0.009u,0.s) (success)
Params: n= 190
Tactic call reify-regression-cubic ran for 5.86 secs (5.86u,0.s)
Tactic call abstract-regression-linear ran for 0.009 secs (0.009u,0.s) (success)
Params: n= 200
Tactic call reify-regression-cubic ran for 6.735 secs (6.718u,0.015s)
Tactic call abstract-regression-linear ran for 0.01 secs (0.01u,0.s) (success)
Params: n= 210
Tactic call reify-regression-cubic ran for 7.713 secs (7.712u,0.s)
Tactic call abstract-regression-linear ran for 0.01 secs (0.01u,0.s) (success)
Params: n= 220
Tactic call reify-regression-cubic ran for 8.704 secs (8.704u,0.s)
Tactic call abstract-regression-linear ran for 0.011 secs (0.011u,0.s) (success)
Params: n= 230
Tactic call reify-regression-cubic ran for 9.716 secs (9.708u,0.008s)
Tactic call abstract-regression-linear ran for 0.012 secs (0.011u,0.s) (success)
Params: n= 240
Tactic call reify-regression-cubic ran for 11.037 secs (11.037u,0.s)
Tactic call abstract-regression-linear ran for 0.012 secs (0.012u,0.s) (success)
Params: n= 250
Tactic call reify-regression-cubic ran for 11.932 secs (11.931u,0.s)
Tactic call abstract-regression-linear ran for 0.013 secs (0.013u,0.s) (success)
Params: n= 260
Tactic call reify-regression-cubic ran for 13.25 secs (13.249u,0.s)
Tactic call abstract-regression-linear ran for 0.013 secs (0.013u,0.s) (success)
Params: n= 270
Tactic call reify-regression-cubic ran for 14.9 secs (14.887u,0.011s)
Tactic call abstract-regression-linear ran for 0.014 secs (0.014u,0.s) (success)
Params: n= 280
Tactic call reify-regression-cubic ran for 16.213 secs (16.204u,0.007s)
Tactic call abstract-regression-linear ran for 0.014 secs (0.014u,0.s) (success)
Params: n= 290
Tactic call reify-regression-cubic ran for 18.08 secs (18.079u,0.s)
Tactic call abstract-regression-linear ran for 0.024 secs (0.024u,0.s) (success)
Params: n= 300
Tactic call reify-regression-cubic ran for 19.944 secs (19.942u,0.s)
Tactic call abstract-regression-linear ran for 0.015 secs (0.015u,0.s) (success)
Params: n= 350
Tactic call reify-regression-cubic ran for 31.589 secs (31.583u,0.003s)
Tactic call abstract-regression-linear ran for 0.018 secs (0.018u,0.s) (success)
Params: n= 400
Tactic call reify-regression-cubic ran for 45.825 secs (45.805u,0.016s)
Tactic call abstract-regression-linear ran for 0.019 secs (0.019u,0.s) (success)
Params: n= 450
Tactic call reify-regression-cubic ran for 64.364 secs (64.34u,0.019s)
Tactic call abstract-regression-linear ran for 0.023 secs (0.023u,0.s) (success)
Params: n= 500
Tactic call reify-regression-cubic ran for 87.572 secs (87.541u,0.023s)
Tactic call abstract-regression-linear ran for 0.036 secs (0.032u,0.004s) (success)
