Params: n= 4
Tactic call reify-regression-cubic ran for 0.008 secs (0.008u,0.s)
Tactic call abstract-regression-linear ran for 0.001 secs (0.001u,0.s) (success)
Params: n= 5
Tactic call reify-regression-cubic ran for 0.064 secs (0.052u,0.011s)
Tactic call abstract-regression-linear ran for 0.001 secs (0.u,0.s) (success)
Params: n= 6
Tactic call reify-regression-cubic ran for 0.009 secs (0.008u,0.s)
Tactic call abstract-regression-linear ran for 0.001 secs (0.001u,0.s) (success)
Params: n= 7
Tactic call reify-regression-cubic ran for 0.011 secs (0.011u,0.s)
Tactic call abstract-regression-linear ran for 0.001 secs (0.001u,0.s) (success)
Params: n= 8
Tactic call reify-regression-cubic ran for 0.012 secs (0.012u,0.s)
Tactic call abstract-regression-linear ran for 0.001 secs (0.001u,0.s) (success)
Params: n= 9
Tactic call reify-regression-cubic ran for 0.014 secs (0.014u,0.s)
Tactic call abstract-regression-linear ran for 0.001 secs (0.001u,0.s) (success)
Params: n= 10
Tactic call reify-regression-cubic ran for 0.016 secs (0.016u,0.s)
Tactic call abstract-regression-linear ran for 0.001 secs (0.001u,0.s) (success)
Params: n= 11
Tactic call reify-regression-cubic ran for 0.021 secs (0.021u,0.s)
Tactic call abstract-regression-linear ran for 0.001 secs (0.001u,0.s) (success)
Params: n= 12
Tactic call reify-regression-cubic ran for 0.02 secs (0.02u,0.s)
Tactic call abstract-regression-linear ran for 0.001 secs (0.001u,0.s) (success)
Params: n= 13
Tactic call reify-regression-cubic ran for 0.022 secs (0.022u,0.s)
Tactic call abstract-regression-linear ran for 0.001 secs (0.001u,0.s) (success)
Params: n= 14
Tactic call reify-regression-cubic ran for 0.029 secs (0.029u,0.s)
Tactic call abstract-regression-linear ran for 0.001 secs (0.001u,0.s) (success)
Params: n= 15
Tactic call reify-regression-cubic ran for 0.028 secs (0.028u,0.s)
Tactic call abstract-regression-linear ran for 0.001 secs (0.001u,0.s) (success)
Params: n= 16
Tactic call reify-regression-cubic ran for 0.032 secs (0.032u,0.s)
Tactic call abstract-regression-linear ran for 0.001 secs (0.001u,0.s) (success)
Params: n= 17
Tactic call reify-regression-cubic ran for 0.034 secs (0.034u,0.s)
Tactic call abstract-regression-linear ran for 0.001 secs (0.001u,0.s) (success)
Params: n= 18
Tactic call reify-regression-cubic ran for 0.041 secs (0.041u,0.s)
Tactic call abstract-regression-linear ran for 0.001 secs (0.001u,0.s) (success)
Params: n= 19
Tactic call reify-regression-cubic ran for 0.046 secs (0.046u,0.s)
Tactic call abstract-regression-linear ran for 0.001 secs (0.001u,0.s) (success)
Params: n= 20
Tactic call reify-regression-cubic ran for 0.045 secs (0.045u,0.s)
Tactic call abstract-regression-linear ran for 0.002 secs (0.002u,0.s) (success)
Params: n= 21
Tactic call reify-regression-cubic ran for 0.06 secs (0.06u,0.s)
Tactic call abstract-regression-linear ran for 0.002 secs (0.002u,0.s) (success)
Params: n= 22
Tactic call reify-regression-cubic ran for 0.055 secs (0.055u,0.s)
Tactic call abstract-regression-linear ran for 0.002 secs (0.002u,0.s) (success)
Params: n= 23
Tactic call reify-regression-cubic ran for 0.061 secs (0.061u,0.s)
Tactic call abstract-regression-linear ran for 0.002 secs (0.002u,0.s) (success)
Params: n= 24
Tactic call reify-regression-cubic ran for 0.064 secs (0.064u,0.s)
Tactic call abstract-regression-linear ran for 0.002 secs (0.002u,0.s) (success)
Params: n= 25
Tactic call reify-regression-cubic ran for 0.072 secs (0.072u,0.s)
Tactic call abstract-regression-linear ran for 0.002 secs (0.002u,0.s) (success)
Params: n= 26
Tactic call reify-regression-cubic ran for 0.074 secs (0.074u,0.s)
Tactic call abstract-regression-linear ran for 0.002 secs (0.002u,0.s) (success)
Params: n= 27
Tactic call reify-regression-cubic ran for 0.082 secs (0.082u,0.s)
Tactic call abstract-regression-linear ran for 0.002 secs (0.002u,0.s) (success)
Params: n= 28
Tactic call reify-regression-cubic ran for 0.084 secs (0.084u,0.s)
Tactic call abstract-regression-linear ran for 0.002 secs (0.002u,0.s) (success)
Params: n= 29
Tactic call reify-regression-cubic ran for 0.095 secs (0.095u,0.s)
Tactic call abstract-regression-linear ran for 0.002 secs (0.002u,0.s) (success)
Params: n= 30
Tactic call reify-regression-cubic ran for 0.102 secs (0.098u,0.003s)
Tactic call abstract-regression-linear ran for 0.002 secs (0.002u,0.s) (success)
Params: n= 31
Tactic call reify-regression-cubic ran for 0.101 secs (0.097u,0.004s)
Tactic call abstract-regression-linear ran for 0.002 secs (0.002u,0.s) (success)
Params: n= 32
Tactic call reify-regression-cubic ran for 0.113 secs (0.108u,0.004s)
Tactic call abstract-regression-linear ran for 0.002 secs (0.002u,0.s) (success)
Params: n= 33
Tactic call reify-regression-cubic ran for 0.123 secs (0.119u,0.003s)
Tactic call abstract-regression-linear ran for 0.002 secs (0.002u,0.s) (success)
Params: n= 34
Tactic call reify-regression-cubic ran for 0.128 secs (0.128u,0.s)
Tactic call abstract-regression-linear ran for 0.003 secs (0.003u,0.s) (success)
Params: n= 35
Tactic call reify-regression-cubic ran for 0.125 secs (0.125u,0.s)
Tactic call abstract-regression-linear ran for 0.003 secs (0.003u,0.s) (success)
Params: n= 36
Tactic call reify-regression-cubic ran for 0.134 secs (0.133u,0.s)
Tactic call abstract-regression-linear ran for 0.003 secs (0.003u,0.s) (success)
Params: n= 37
Tactic call reify-regression-cubic ran for 0.141 secs (0.141u,0.s)
Tactic call abstract-regression-linear ran for 0.003 secs (0.003u,0.s) (success)
Params: n= 38
Tactic call reify-regression-cubic ran for 0.147 secs (0.147u,0.s)
Tactic call abstract-regression-linear ran for 0.003 secs (0.003u,0.s) (success)
Params: n= 39
Tactic call reify-regression-cubic ran for 0.16 secs (0.16u,0.s)
Tactic call abstract-regression-linear ran for 0.003 secs (0.003u,0.s) (success)
Params: n= 40
Tactic call reify-regression-cubic ran for 0.181 secs (0.177u,0.003s)
Tactic call abstract-regression-linear ran for 0.003 secs (0.003u,0.s) (success)
Params: n= 41
Tactic call reify-regression-cubic ran for 0.202 secs (0.202u,0.s)
Tactic call abstract-regression-linear ran for 0.003 secs (0.003u,0.s) (success)
Params: n= 42
Tactic call reify-regression-cubic ran for 0.184 secs (0.184u,0.s)
Tactic call abstract-regression-linear ran for 0.003 secs (0.003u,0.s) (success)
Params: n= 43
Tactic call reify-regression-cubic ran for 0.193 secs (0.193u,0.s)
Tactic call abstract-regression-linear ran for 0.003 secs (0.003u,0.s) (success)
Params: n= 44
Tactic call reify-regression-cubic ran for 0.203 secs (0.203u,0.s)
Tactic call abstract-regression-linear ran for 0.004 secs (0.004u,0.s) (success)
Params: n= 45
Tactic call reify-regression-cubic ran for 0.214 secs (0.214u,0.s)
Tactic call abstract-regression-linear ran for 0.003 secs (0.003u,0.s) (success)
Params: n= 46
Tactic call reify-regression-cubic ran for 0.223 secs (0.223u,0.s)
Tactic call abstract-regression-linear ran for 0.003 secs (0.003u,0.s) (success)
Params: n= 47
Tactic call reify-regression-cubic ran for 0.231 secs (0.231u,0.s)
Tactic call abstract-regression-linear ran for 0.003 secs (0.003u,0.s) (success)
Params: n= 48
Tactic call reify-regression-cubic ran for 0.242 secs (0.241u,0.s)
Tactic call abstract-regression-linear ran for 0.007 secs (0.003u,0.003s) (success)
Params: n= 49
Tactic call reify-regression-cubic ran for 0.253 secs (0.253u,0.s)
Tactic call abstract-regression-linear ran for 0.003 secs (0.003u,0.s) (success)
Params: n= 50
Tactic call reify-regression-cubic ran for 0.267 secs (0.263u,0.003s)
Tactic call abstract-regression-linear ran for 0.004 secs (0.004u,0.s) (success)
Params: n= 51
Tactic call reify-regression-cubic ran for 0.299 secs (0.299u,0.s)
Tactic call abstract-regression-linear ran for 0.007 secs (0.007u,0.s) (success)
Params: n= 52
Tactic call reify-regression-cubic ran for 0.3 secs (0.296u,0.003s)
Tactic call abstract-regression-linear ran for 0.004 secs (0.004u,0.s) (success)
Params: n= 53
Tactic call reify-regression-cubic ran for 0.319 secs (0.318u,0.s)
Tactic call abstract-regression-linear ran for 0.004 secs (0.004u,0.s) (success)
Params: n= 54
Tactic call reify-regression-cubic ran for 0.332 secs (0.328u,0.003s)
Tactic call abstract-regression-linear ran for 0.004 secs (0.004u,0.s) (success)
Params: n= 55
Tactic call reify-regression-cubic ran for 0.342 secs (0.337u,0.004s)
Tactic call abstract-regression-linear ran for 0.004 secs (0.004u,0.s) (success)
Params: n= 56
Tactic call reify-regression-cubic ran for 0.344 secs (0.344u,0.s)
Tactic call abstract-regression-linear ran for 0.004 secs (0.004u,0.s) (success)
Params: n= 57
Tactic call reify-regression-cubic ran for 0.351 secs (0.347u,0.003s)
Tactic call abstract-regression-linear ran for 0.004 secs (0.004u,0.s) (success)
Params: n= 58
Tactic call reify-regression-cubic ran for 0.365 secs (0.365u,0.s)
Tactic call abstract-regression-linear ran for 0.004 secs (0.004u,0.s) (success)
Params: n= 59
Tactic call reify-regression-cubic ran for 0.38 secs (0.38u,0.s)
Tactic call abstract-regression-linear ran for 0.004 secs (0.004u,0.s) (success)
Params: n= 60
Tactic call reify-regression-cubic ran for 0.392 secs (0.388u,0.003s)
Tactic call abstract-regression-linear ran for 0.004 secs (0.004u,0.s) (success)
Params: n= 61
Tactic call reify-regression-cubic ran for 0.405 secs (0.405u,0.s)
Tactic call abstract-regression-linear ran for 0.004 secs (0.004u,0.s) (success)
Params: n= 62
Tactic call reify-regression-cubic ran for 0.419 secs (0.419u,0.s)
Tactic call abstract-regression-linear ran for 0.004 secs (0.004u,0.s) (success)
Params: n= 63
Tactic call reify-regression-cubic ran for 0.438 secs (0.438u,0.s)
Tactic call abstract-regression-linear ran for 0.004 secs (0.004u,0.s) (success)
Params: n= 64
Tactic call reify-regression-cubic ran for 0.468 secs (0.468u,0.s)
Tactic call abstract-regression-linear ran for 0.005 secs (0.005u,0.s) (success)
Params: n= 65
Tactic call reify-regression-cubic ran for 0.479 secs (0.479u,0.s)
Tactic call abstract-regression-linear ran for 0.007 secs (0.007u,0.s) (success)
Params: n= 66
Tactic call reify-regression-cubic ran for 0.499 secs (0.499u,0.s)
Tactic call abstract-regression-linear ran for 0.005 secs (0.005u,0.s) (success)
Params: n= 67
Tactic call reify-regression-cubic ran for 0.519 secs (0.519u,0.s)
Tactic call abstract-regression-linear ran for 0.005 secs (0.005u,0.s) (success)
Params: n= 68
Tactic call reify-regression-cubic ran for 0.506 secs (0.506u,0.s)
Tactic call abstract-regression-linear ran for 0.008 secs (0.004u,0.003s) (success)
Params: n= 69
Tactic call reify-regression-cubic ran for 0.535 secs (0.531u,0.004s)
Tactic call abstract-regression-linear ran for 0.005 secs (0.005u,0.s) (success)
Params: n= 70
Tactic call reify-regression-cubic ran for 0.554 secs (0.55u,0.003s)
Tactic call abstract-regression-linear ran for 0.005 secs (0.005u,0.s) (success)
Params: n= 71
Tactic call reify-regression-cubic ran for 0.562 secs (0.562u,0.s)
Tactic call abstract-regression-linear ran for 0.007 secs (0.007u,0.s) (success)
Params: n= 72
Tactic call reify-regression-cubic ran for 0.581 secs (0.581u,0.s)
Tactic call abstract-regression-linear ran for 0.005 secs (0.005u,0.s) (success)
Params: n= 73
Tactic call reify-regression-cubic ran for 0.607 secs (0.607u,0.s)
Tactic call abstract-regression-linear ran for 0.005 secs (0.005u,0.s) (success)
Params: n= 74
Tactic call reify-regression-cubic ran for 0.662 secs (0.662u,0.s)
Tactic call abstract-regression-linear ran for 0.005 secs (0.005u,0.s) (success)
Params: n= 75
Tactic call reify-regression-cubic ran for 0.666 secs (0.666u,0.s)
Tactic call abstract-regression-linear ran for 0.005 secs (0.005u,0.s) (success)
Params: n= 76
Tactic call reify-regression-cubic ran for 0.663 secs (0.663u,0.s)
Tactic call abstract-regression-linear ran for 0.005 secs (0.005u,0.s) (success)
Params: n= 77
Tactic call reify-regression-cubic ran for 0.677 secs (0.677u,0.s)
Tactic call abstract-regression-linear ran for 0.005 secs (0.005u,0.s) (success)
Params: n= 78
Tactic call reify-regression-cubic ran for 0.692 secs (0.692u,0.s)
Tactic call abstract-regression-linear ran for 0.005 secs (0.005u,0.s) (success)
Params: n= 79
Tactic call reify-regression-cubic ran for 0.714 secs (0.714u,0.s)
Tactic call abstract-regression-linear ran for 0.008 secs (0.008u,0.s) (success)
Params: n= 80
Tactic call reify-regression-cubic ran for 0.733 secs (0.733u,0.s)
Tactic call abstract-regression-linear ran for 0.006 secs (0.006u,0.s) (success)
Params: n= 81
Tactic call reify-regression-cubic ran for 0.79 secs (0.79u,0.s)
Tactic call abstract-regression-linear ran for 0.006 secs (0.006u,0.s) (success)
Params: n= 82
Tactic call reify-regression-cubic ran for 0.829 secs (0.829u,0.s)
Tactic call abstract-regression-linear ran for 0.006 secs (0.006u,0.s) (success)
Params: n= 83
Tactic call reify-regression-cubic ran for 0.82 secs (0.82u,0.s)
Tactic call abstract-regression-linear ran for 0.006 secs (0.006u,0.s) (success)
Params: n= 84
Tactic call reify-regression-cubic ran for 0.815 secs (0.815u,0.s)
Tactic call abstract-regression-linear ran for 0.006 secs (0.006u,0.s) (success)
Params: n= 85
Tactic call reify-regression-cubic ran for 0.846 secs (0.846u,0.s)
Tactic call abstract-regression-linear ran for 0.006 secs (0.006u,0.s) (success)
Params: n= 86
Tactic call reify-regression-cubic ran for 0.882 secs (0.882u,0.s)
Tactic call abstract-regression-linear ran for 0.006 secs (0.006u,0.s) (success)
Params: n= 87
Tactic call reify-regression-cubic ran for 0.921 secs (0.921u,0.s)
Tactic call abstract-regression-linear ran for 0.006 secs (0.006u,0.s) (success)
Params: n= 88
Tactic call reify-regression-cubic ran for 0.983 secs (0.983u,0.s)
Tactic call abstract-regression-linear ran for 0.006 secs (0.006u,0.s) (success)
Params: n= 89
Tactic call reify-regression-cubic ran for 1.001 secs (1.001u,0.s)
Tactic call abstract-regression-linear ran for 0.006 secs (0.006u,0.s) (success)
Params: n= 90
Tactic call reify-regression-cubic ran for 0.985 secs (0.985u,0.s)
Tactic call abstract-regression-linear ran for 0.006 secs (0.006u,0.s) (success)
Params: n= 91
Tactic call reify-regression-cubic ran for 1.03 secs (1.03u,0.s)
Tactic call abstract-regression-linear ran for 0.006 secs (0.006u,0.s) (success)
Params: n= 92
Tactic call reify-regression-cubic ran for 1.072 secs (1.072u,0.s)
Tactic call abstract-regression-linear ran for 0.007 secs (0.007u,0.s) (success)
Params: n= 93
Tactic call reify-regression-cubic ran for 1.133 secs (1.133u,0.s)
Tactic call abstract-regression-linear ran for 0.007 secs (0.007u,0.s) (success)
Params: n= 94
Tactic call reify-regression-cubic ran for 1.135 secs (1.135u,0.s)
Tactic call abstract-regression-linear ran for 0.006 secs (0.006u,0.s) (success)
Params: n= 95
Tactic call reify-regression-cubic ran for 1.144 secs (1.144u,0.s)
Tactic call abstract-regression-linear ran for 0.007 secs (0.007u,0.s) (success)
Params: n= 96
Tactic call reify-regression-cubic ran for 1.164 secs (1.164u,0.s)
Tactic call abstract-regression-linear ran for 0.007 secs (0.007u,0.s) (success)
Params: n= 97
Tactic call reify-regression-cubic ran for 1.27 secs (1.27u,0.s)
Tactic call abstract-regression-linear ran for 0.007 secs (0.007u,0.s) (success)
Params: n= 98
Tactic call reify-regression-cubic ran for 1.261 secs (1.26u,0.s)
Tactic call abstract-regression-linear ran for 0.007 secs (0.007u,0.s) (success)
Params: n= 99
Tactic call reify-regression-cubic ran for 1.265 secs (1.265u,0.s)
Tactic call abstract-regression-linear ran for 0.007 secs (0.007u,0.s) (success)
Params: n= 100
Tactic call reify-regression-cubic ran for 1.33 secs (1.33u,0.s)
Tactic call abstract-regression-linear ran for 0.007 secs (0.007u,0.s) (success)
