Params: n= 10
Tactic call repeat-rewrite_strat-topdown-regression-cubic ran for 0.146 secs (0.109u,0.036s) (success)
Tactic call noop-repeat-rewrite_strat-topdown-regression-cubic ran for 0.004 secs (0.004u,0.s) (success)
Tactic call abstract+repeat-rewrite_strat-topdown-regression-cubic ran for 0.154 secs (0.117u,0.036s) (success)
Tactic call close-abstract+repeat-rewrite_strat-topdown-regression-quadratic ran for 0.003 secs (0.003u,0.s)
Params: n= 20
Tactic call repeat-rewrite_strat-topdown-regression-cubic ran for 0.48 secs (0.48u,0.s) (success)
Tactic call noop-repeat-rewrite_strat-topdown-regression-cubic ran for 0.014 secs (0.014u,0.s) (success)
Tactic call abstract+repeat-rewrite_strat-topdown-regression-cubic ran for 0.506 secs (0.506u,0.s) (success)
Tactic call close-abstract+repeat-rewrite_strat-topdown-regression-quadratic ran for 0.01 secs (0.01u,0.s)
Params: n= 30
Tactic call repeat-rewrite_strat-topdown-regression-cubic ran for 1.777 secs (1.777u,0.s) (success)
Tactic call noop-repeat-rewrite_strat-topdown-regression-cubic ran for 0.036 secs (0.036u,0.s) (success)
Tactic call abstract+repeat-rewrite_strat-topdown-regression-cubic ran for 1.835 secs (1.835u,0.s) (success)
Tactic call close-abstract+repeat-rewrite_strat-topdown-regression-quadratic ran for 0.021 secs (0.021u,0.s)
Params: n= 40
Tactic call repeat-rewrite_strat-topdown-regression-cubic ran for 4.903 secs (4.896u,0.007s) (success)
Tactic call noop-repeat-rewrite_strat-topdown-regression-cubic ran for 0.078 secs (0.077u,0.s) (success)
Tactic call abstract+repeat-rewrite_strat-topdown-regression-cubic ran for 5.018 secs (5.01u,0.007s) (success)
Tactic call close-abstract+repeat-rewrite_strat-topdown-regression-quadratic ran for 0.035 secs (0.035u,0.s)
