Params: n= 3
Tactic call repeat-rewrite_strat-bottomup-regression-cubic ran for 0.016 secs (0.012u,0.004s) (success)
Tactic call noop-repeat-rewrite_strat-bottomup-regression-cubic ran for 0.001 secs (0.001u,0.s) (success)
Tactic call abstract+repeat-rewrite_strat-bottomup-regression-cubic ran for 0.019 secs (0.015u,0.004s) (success)
Tactic call close-abstract+repeat-rewrite_strat-bottomup-regression-quadratic ran for 0.001 secs (0.001u,0.s)
Params: n= 4
Tactic call repeat-rewrite_strat-bottomup-regression-cubic ran for 0.022 secs (0.015u,0.007s) (success)
Tactic call noop-repeat-rewrite_strat-bottomup-regression-cubic ran for 0.002 secs (0.002u,0.s) (success)
Tactic call abstract+repeat-rewrite_strat-bottomup-regression-cubic ran for 0.026 secs (0.019u,0.007s) (success)
Tactic call close-abstract+repeat-rewrite_strat-bottomup-regression-quadratic ran for 0.001 secs (0.001u,0.s)
Params: n= 5
Tactic call repeat-rewrite_strat-bottomup-regression-cubic ran for 0.064 secs (0.06u,0.004s) (success)
Tactic call noop-repeat-rewrite_strat-bottomup-regression-cubic ran for 0.001 secs (0.001u,0.s) (success)
Tactic call abstract+repeat-rewrite_strat-bottomup-regression-cubic ran for 0.067 secs (0.062u,0.004s) (success)
Tactic call close-abstract+repeat-rewrite_strat-bottomup-regression-quadratic ran for 0.001 secs (0.001u,0.s)
Params: n= 6
Tactic call repeat-rewrite_strat-bottomup-regression-cubic ran for 0.025 secs (0.025u,0.s) (success)
Tactic call noop-repeat-rewrite_strat-bottomup-regression-cubic ran for 0.001 secs (0.001u,0.s) (success)
Tactic call abstract+repeat-rewrite_strat-bottomup-regression-cubic ran for 0.029 secs (0.029u,0.s) (success)
Tactic call close-abstract+repeat-rewrite_strat-bottomup-regression-quadratic ran for 0.001 secs (0.001u,0.s)
Params: n= 7
Tactic call repeat-rewrite_strat-bottomup-regression-cubic ran for 0.032 secs (0.032u,0.s) (success)
Tactic call noop-repeat-rewrite_strat-bottomup-regression-cubic ran for 0.002 secs (0.002u,0.s) (success)
Tactic call abstract+repeat-rewrite_strat-bottomup-regression-cubic ran for 0.036 secs (0.036u,0.s) (success)
Tactic call close-abstract+repeat-rewrite_strat-bottomup-regression-quadratic ran for 0.001 secs (0.001u,0.s)
Params: n= 8
Tactic call repeat-rewrite_strat-bottomup-regression-cubic ran for 0.043 secs (0.043u,0.s) (success)
Tactic call noop-repeat-rewrite_strat-bottomup-regression-cubic ran for 0.002 secs (0.002u,0.s) (success)
Tactic call abstract+repeat-rewrite_strat-bottomup-regression-cubic ran for 0.048 secs (0.048u,0.s) (success)
Tactic call close-abstract+repeat-rewrite_strat-bottomup-regression-quadratic ran for 0.002 secs (0.002u,0.s)
Params: n= 9
Tactic call repeat-rewrite_strat-bottomup-regression-cubic ran for 0.051 secs (0.051u,0.s) (success)
Tactic call noop-repeat-rewrite_strat-bottomup-regression-cubic ran for 0.002 secs (0.002u,0.s) (success)
Tactic call abstract+repeat-rewrite_strat-bottomup-regression-cubic ran for 0.057 secs (0.057u,0.s) (success)
Tactic call close-abstract+repeat-rewrite_strat-bottomup-regression-quadratic ran for 0.002 secs (0.002u,0.s)
Params: n= 11
Tactic call repeat-rewrite_strat-bottomup-regression-cubic ran for 0.08 secs (0.08u,0.s) (success)
Tactic call noop-repeat-rewrite_strat-bottomup-regression-cubic ran for 0.004 secs (0.004u,0.s) (success)
Tactic call abstract+repeat-rewrite_strat-bottomup-regression-cubic ran for 0.088 secs (0.088u,0.s) (success)
Tactic call close-abstract+repeat-rewrite_strat-bottomup-regression-quadratic ran for 0.003 secs (0.003u,0.s)
Params: n= 12
Tactic call repeat-rewrite_strat-bottomup-regression-cubic ran for 0.106 secs (0.105u,0.s) (success)
Tactic call noop-repeat-rewrite_strat-bottomup-regression-cubic ran for 0.004 secs (0.004u,0.s) (success)
Tactic call abstract+repeat-rewrite_strat-bottomup-regression-cubic ran for 0.114 secs (0.114u,0.s) (success)
Tactic call close-abstract+repeat-rewrite_strat-bottomup-regression-quadratic ran for 0.003 secs (0.003u,0.s)
Params: n= 13
Tactic call repeat-rewrite_strat-bottomup-regression-cubic ran for 0.124 secs (0.124u,0.s) (success)
Tactic call noop-repeat-rewrite_strat-bottomup-regression-cubic ran for 0.005 secs (0.005u,0.s) (success)
Tactic call abstract+repeat-rewrite_strat-bottomup-regression-cubic ran for 0.135 secs (0.135u,0.s) (success)
Tactic call close-abstract+repeat-rewrite_strat-bottomup-regression-quadratic ran for 0.005 secs (0.005u,0.s)
Params: n= 14
Tactic call repeat-rewrite_strat-bottomup-regression-cubic ran for 0.152 secs (0.152u,0.s) (success)
Tactic call noop-repeat-rewrite_strat-bottomup-regression-cubic ran for 0.005 secs (0.005u,0.s) (success)
Tactic call abstract+repeat-rewrite_strat-bottomup-regression-cubic ran for 0.163 secs (0.163u,0.s) (success)
Tactic call close-abstract+repeat-rewrite_strat-bottomup-regression-quadratic ran for 0.004 secs (0.004u,0.s)
Params: n= 15
Tactic call repeat-rewrite_strat-bottomup-regression-cubic ran for 0.178 secs (0.178u,0.s) (success)
Tactic call noop-repeat-rewrite_strat-bottomup-regression-cubic ran for 0.006 secs (0.006u,0.s) (success)
Tactic call abstract+repeat-rewrite_strat-bottomup-regression-cubic ran for 0.19 secs (0.19u,0.s) (success)
Tactic call close-abstract+repeat-rewrite_strat-bottomup-regression-quadratic ran for 0.005 secs (0.005u,0.s)
Params: n= 16
Tactic call repeat-rewrite_strat-bottomup-regression-cubic ran for 0.215 secs (0.215u,0.s) (success)
Tactic call noop-repeat-rewrite_strat-bottomup-regression-cubic ran for 0.007 secs (0.007u,0.s) (success)
Tactic call abstract+repeat-rewrite_strat-bottomup-regression-cubic ran for 0.229 secs (0.229u,0.s) (success)
Tactic call close-abstract+repeat-rewrite_strat-bottomup-regression-quadratic ran for 0.006 secs (0.006u,0.s)
Params: n= 17
Tactic call repeat-rewrite_strat-bottomup-regression-cubic ran for 0.266 secs (0.266u,0.s) (success)
Tactic call noop-repeat-rewrite_strat-bottomup-regression-cubic ran for 0.008 secs (0.008u,0.s) (success)
Tactic call abstract+repeat-rewrite_strat-bottomup-regression-cubic ran for 0.281 secs (0.281u,0.s) (success)
Tactic call close-abstract+repeat-rewrite_strat-bottomup-regression-quadratic ran for 0.006 secs (0.006u,0.s)
Params: n= 18
Tactic call repeat-rewrite_strat-bottomup-regression-cubic ran for 0.305 secs (0.305u,0.s) (success)
Tactic call noop-repeat-rewrite_strat-bottomup-regression-cubic ran for 0.011 secs (0.011u,0.s) (success)
Tactic call abstract+repeat-rewrite_strat-bottomup-regression-cubic ran for 0.324 secs (0.324u,0.s) (success)
Tactic call close-abstract+repeat-rewrite_strat-bottomup-regression-quadratic ran for 0.007 secs (0.007u,0.s)
Params: n= 19
Tactic call repeat-rewrite_strat-bottomup-regression-cubic ran for 0.361 secs (0.361u,0.s) (success)
Tactic call noop-repeat-rewrite_strat-bottomup-regression-cubic ran for 0.01 secs (0.01u,0.s) (success)
Tactic call abstract+repeat-rewrite_strat-bottomup-regression-cubic ran for 0.382 secs (0.382u,0.s) (success)
Tactic call close-abstract+repeat-rewrite_strat-bottomup-regression-quadratic ran for 0.009 secs (0.009u,0.s)
Params: n= 21
Tactic call repeat-rewrite_strat-bottomup-regression-cubic ran for 0.488 secs (0.488u,0.s) (success)
Tactic call noop-repeat-rewrite_strat-bottomup-regression-cubic ran for 0.012 secs (0.012u,0.s) (success)
Tactic call abstract+repeat-rewrite_strat-bottomup-regression-cubic ran for 0.51 secs (0.51u,0.s) (success)
Tactic call close-abstract+repeat-rewrite_strat-bottomup-regression-quadratic ran for 0.008 secs (0.008u,0.s)
Params: n= 22
Tactic call repeat-rewrite_strat-bottomup-regression-cubic ran for 0.541 secs (0.541u,0.s) (success)
Tactic call noop-repeat-rewrite_strat-bottomup-regression-cubic ran for 0.014 secs (0.013u,0.s) (success)
Tactic call abstract+repeat-rewrite_strat-bottomup-regression-cubic ran for 0.565 secs (0.565u,0.s) (success)
Tactic call close-abstract+repeat-rewrite_strat-bottomup-regression-quadratic ran for 0.01 secs (0.01u,0.s)
Params: n= 23
Tactic call repeat-rewrite_strat-bottomup-regression-cubic ran for 0.612 secs (0.608u,0.003s) (success)
Tactic call noop-repeat-rewrite_strat-bottomup-regression-cubic ran for 0.017 secs (0.017u,0.s) (success)
Tactic call abstract+repeat-rewrite_strat-bottomup-regression-cubic ran for 0.642 secs (0.638u,0.003s) (success)
Tactic call close-abstract+repeat-rewrite_strat-bottomup-regression-quadratic ran for 0.011 secs (0.011u,0.s)
Params: n= 24
Tactic call repeat-rewrite_strat-bottomup-regression-cubic ran for 0.695 secs (0.695u,0.s) (success)
Tactic call noop-repeat-rewrite_strat-bottomup-regression-cubic ran for 0.016 secs (0.016u,0.s) (success)
Tactic call abstract+repeat-rewrite_strat-bottomup-regression-cubic ran for 0.726 secs (0.725u,0.s) (success)
Tactic call close-abstract+repeat-rewrite_strat-bottomup-regression-quadratic ran for 0.013 secs (0.013u,0.s)
Params: n= 25
Tactic call repeat-rewrite_strat-bottomup-regression-cubic ran for 0.778 secs (0.777u,0.s) (success)
Tactic call noop-repeat-rewrite_strat-bottomup-regression-cubic ran for 0.018 secs (0.018u,0.s) (success)
Tactic call abstract+repeat-rewrite_strat-bottomup-regression-cubic ran for 0.809 secs (0.809u,0.s) (success)
Tactic call close-abstract+repeat-rewrite_strat-bottomup-regression-quadratic ran for 0.012 secs (0.012u,0.s)
Params: n= 35
Tactic call repeat-rewrite_strat-bottomup-regression-cubic ran for 2.513 secs (2.513u,0.s) (success)
Tactic call noop-repeat-rewrite_strat-bottomup-regression-cubic ran for 0.043 secs (0.043u,0.s) (success)
Tactic call abstract+repeat-rewrite_strat-bottomup-regression-cubic ran for 2.587 secs (2.586u,0.s) (success)
Tactic call close-abstract+repeat-rewrite_strat-bottomup-regression-quadratic ran for 0.029 secs (0.029u,0.s)
Params: n= 45
Tactic call repeat-rewrite_strat-bottomup-regression-cubic ran for 6.209 secs (6.203u,0.003s) (success)
Tactic call noop-repeat-rewrite_strat-bottomup-regression-cubic ran for 0.085 secs (0.085u,0.s) (success)
Tactic call abstract+repeat-rewrite_strat-bottomup-regression-cubic ran for 6.329 secs (6.323u,0.003s) (success)
Tactic call close-abstract+repeat-rewrite_strat-bottomup-regression-quadratic ran for 0.033 secs (0.033u,0.s)
Params: n= 50
Tactic call repeat-rewrite_strat-bottomup-regression-cubic ran for 9.117 secs (9.116u,0.s) (success)
Tactic call noop-repeat-rewrite_strat-bottomup-regression-cubic ran for 0.111 secs (0.111u,0.s) (success)
Tactic call abstract+repeat-rewrite_strat-bottomup-regression-cubic ran for 9.273 secs (9.272u,0.s) (success)
Tactic call close-abstract+repeat-rewrite_strat-bottomup-regression-quadratic ran for 0.043 secs (0.043u,0.s)
