Params: n= 50
Tactic call refine-regression-quadratic-regression-linear ran for 0. secs (0.u,0.s) (success)
Tactic call pose-build-and-refine-regression-cubic ran for 0.007 secs (0.003u,0.003s) (success)
Tactic call fast_rewrite-regression-cubic ran for 0.007 secs (0.003u,0.003s) (success)
Params: n= 100
Tactic call refine-regression-quadratic-regression-linear ran for 0. secs (0.u,0.s) (success)
Tactic call pose-build-and-refine-regression-cubic ran for 0.062 secs (0.054u,0.007s) (success)
Tactic call fast_rewrite-regression-cubic ran for 0.062 secs (0.054u,0.007s) (success)
Params: n= 150
Tactic call refine-regression-quadratic-regression-linear ran for 0. secs (0.u,0.s) (success)
Tactic call pose-build-and-refine-regression-cubic ran for 0.048 secs (0.048u,0.s) (success)
Tactic call fast_rewrite-regression-cubic ran for 0.048 secs (0.048u,0.s) (success)
Params: n= 200
Tactic call refine-regression-quadratic-regression-linear ran for 0.001 secs (0.001u,0.s) (success)
Tactic call pose-build-and-refine-regression-cubic ran for 0.111 secs (0.111u,0.s) (success)
Tactic call fast_rewrite-regression-cubic ran for 0.111 secs (0.111u,0.s) (success)
Params: n= 250
Tactic call refine-regression-quadratic-regression-linear ran for 0.001 secs (0.001u,0.s) (success)
Tactic call pose-build-and-refine-regression-cubic ran for 0.165 secs (0.165u,0.s) (success)
Tactic call fast_rewrite-regression-cubic ran for 0.165 secs (0.165u,0.s) (success)
Params: n= 300
Tactic call refine-regression-quadratic-regression-linear ran for 0.002 secs (0.002u,0.s) (success)
Tactic call pose-build-and-refine-regression-cubic ran for 0.211 secs (0.207u,0.003s) (success)
Tactic call fast_rewrite-regression-cubic ran for 0.211 secs (0.207u,0.003s) (success)
Params: n= 350
Tactic call refine-regression-quadratic-regression-linear ran for 0.002 secs (0.002u,0.s) (success)
Tactic call pose-build-and-refine-regression-cubic ran for 0.252 secs (0.248u,0.004s) (success)
Tactic call fast_rewrite-regression-cubic ran for 0.252 secs (0.248u,0.004s) (success)
Params: n= 400
Tactic call refine-regression-quadratic-regression-linear ran for 0.002 secs (0.002u,0.s) (success)
Tactic call pose-build-and-refine-regression-cubic ran for 0.393 secs (0.389u,0.003s) (success)
Tactic call fast_rewrite-regression-cubic ran for 0.393 secs (0.389u,0.003s) (success)
