Params: 0-nm= 1 , 1-n= 1 , 2-m= 1
native_compute: Conversion to native code done in 0.00041
native_compute: Compilation done in 0.10931
native_compute: Evaluation done in 0.00082
native_compute: Reification done in 0.00006
Tactic call cps+native_compute-regression-quadratic ran for 0.11 secs (0.005u,0.s) (success)
Params: 0-nm= 2 , 1-n= 1 , 2-m= 2
native_compute: Conversion to native code done in 0.00046
native_compute: Compilation done in 0.08407
native_compute: Evaluation done in 0.00074
native_compute: Reification done in 0.00007
Tactic call cps+native_compute-regression-quadratic ran for 0.085 secs (0.001u,0.003s) (success)
Params: 0-nm= 2 , 1-n= 2 , 2-m= 1
native_compute: Conversion to native code done in 0.00050
native_compute: Compilation done in 0.08169
native_compute: Evaluation done in 0.00092
native_compute: Reification done in 0.00007
Tactic call cps+native_compute-regression-quadratic ran for 0.083 secs (0.003u,0.002s) (success)
Params: 0-nm= 3 , 1-n= 1 , 2-m= 3
native_compute: Conversion to native code done in 0.00035
native_compute: Compilation done in 0.08297
native_compute: Evaluation done in 0.00075
native_compute: Reification done in 0.00009
Tactic call cps+native_compute-regression-quadratic ran for 0.084 secs (0.u,0.004s) (success)
Params: 0-nm= 3 , 1-n= 3 , 2-m= 1
native_compute: Conversion to native code done in 0.00041
native_compute: Compilation done in 0.08130
native_compute: Evaluation done in 0.00085
native_compute: Reification done in 0.00008
Tactic call cps+native_compute-regression-quadratic ran for 0.082 secs (0.004u,0.s) (success)
Params: 0-nm= 4 , 1-n= 2 , 2-m= 2
native_compute: Conversion to native code done in 0.00090
native_compute: Compilation done in 0.08006
native_compute: Evaluation done in 0.00127
native_compute: Reification done in 0.00008
Tactic call cps+native_compute-regression-quadratic ran for 0.082 secs (0.003u,0.001s) (success)
Params: 0-nm= 4 , 1-n= 4 , 2-m= 1
native_compute: Conversion to native code done in 0.00079
native_compute: Compilation done in 0.07991
native_compute: Evaluation done in 0.00085
native_compute: Reification done in 0.00009
Tactic call cps+native_compute-regression-quadratic ran for 0.081 secs (0.004u,0.s) (success)
Params: 0-nm= 4 , 1-n= 1 , 2-m= 4
native_compute: Conversion to native code done in 0.00057
native_compute: Compilation done in 0.07981
native_compute: Evaluation done in 0.00120
native_compute: Reification done in 0.00007
Tactic call cps+native_compute-regression-quadratic ran for 0.081 secs (0.u,0.005s) (success)
