Params: n= 4
Tactic call rewrite_strat-topdown ran for 0.003 secs (0.003u,0.s) (success)
Tactic call rewrite_strat-topdown-noop ran for 0. secs (0.u,0.s) (success)
Tactic call abstract+rewrite_strat-topdown ran for 0.004 secs (0.004u,0.s) (success)
Tactic call close-abstract+rewrite_strat-topdown ran for 0.001 secs (0.u,0.s)
Params: n= 5
Tactic call rewrite_strat-topdown ran for 0.001 secs (0.001u,0.s) (success)
Tactic call rewrite_strat-topdown-noop ran for 0. secs (0.u,0.s) (success)
Tactic call abstract+rewrite_strat-topdown ran for 0.002 secs (0.002u,0.s) (success)
Tactic call close-abstract+rewrite_strat-topdown ran for 0. secs (0.u,0.s)
Params: n= 6
Tactic call rewrite_strat-topdown ran for 0.002 secs (0.002u,0.s) (success)
Tactic call rewrite_strat-topdown-noop ran for 0. secs (0.u,0.s) (success)
Tactic call abstract+rewrite_strat-topdown ran for 0.003 secs (0.003u,0.s) (success)
Tactic call close-abstract+rewrite_strat-topdown ran for 0. secs (0.u,0.s)
Params: n= 7
Tactic call rewrite_strat-topdown ran for 0.002 secs (0.002u,0.s) (success)
Tactic call rewrite_strat-topdown-noop ran for 0. secs (0.u,0.s) (success)
Tactic call abstract+rewrite_strat-topdown ran for 0.003 secs (0.003u,0.s) (success)
Tactic call close-abstract+rewrite_strat-topdown ran for 0. secs (0.u,0.s)
Params: n= 8
Tactic call rewrite_strat-topdown ran for 0.003 secs (0.003u,0.s) (success)
Tactic call rewrite_strat-topdown-noop ran for 0. secs (0.u,0.s) (success)
Tactic call abstract+rewrite_strat-topdown ran for 0.004 secs (0.004u,0.s) (success)
Tactic call close-abstract+rewrite_strat-topdown ran for 0.001 secs (0.001u,0.s)
Params: n= 9
Tactic call rewrite_strat-topdown ran for 0.003 secs (0.u,0.003s) (success)
Tactic call rewrite_strat-topdown-noop ran for 0. secs (0.u,0.s) (success)
Tactic call abstract+rewrite_strat-topdown ran for 0.005 secs (0.001u,0.003s) (success)
Tactic call close-abstract+rewrite_strat-topdown ran for 0.001 secs (0.001u,0.s)
Params: n= 10
Tactic call rewrite_strat-topdown ran for 0.003 secs (0.003u,0.s) (success)
Tactic call rewrite_strat-topdown-noop ran for 0. secs (0.u,0.s) (success)
Tactic call abstract+rewrite_strat-topdown ran for 0.005 secs (0.005u,0.s) (success)
Tactic call close-abstract+rewrite_strat-topdown ran for 0. secs (0.u,0.s)
Params: n= 11
Tactic call rewrite_strat-topdown ran for 0.003 secs (0.003u,0.s) (success)
Tactic call rewrite_strat-topdown-noop ran for 0. secs (0.u,0.s) (success)
Tactic call abstract+rewrite_strat-topdown ran for 0.005 secs (0.005u,0.s) (success)
Tactic call close-abstract+rewrite_strat-topdown ran for 0. secs (0.u,0.s)
Params: n= 12
Tactic call rewrite_strat-topdown ran for 0.004 secs (0.004u,0.s) (success)
Tactic call rewrite_strat-topdown-noop ran for 0. secs (0.u,0.s) (success)
Tactic call abstract+rewrite_strat-topdown ran for 0.006 secs (0.006u,0.s) (success)
Tactic call close-abstract+rewrite_strat-topdown ran for 0. secs (0.u,0.s)
Params: n= 13
Tactic call rewrite_strat-topdown ran for 0.005 secs (0.u,0.005s) (success)
Tactic call rewrite_strat-topdown-noop ran for 0. secs (0.u,0.s) (success)
Tactic call abstract+rewrite_strat-topdown ran for 0.007 secs (0.001u,0.005s) (success)
Tactic call close-abstract+rewrite_strat-topdown ran for 0.001 secs (0.001u,0.s)
Params: n= 14
Tactic call rewrite_strat-topdown ran for 0.005 secs (0.005u,0.s) (success)
Tactic call rewrite_strat-topdown-noop ran for 0.001 secs (0.u,0.001s) (success)
Tactic call abstract+rewrite_strat-topdown ran for 0.007 secs (0.005u,0.002s) (success)
Tactic call close-abstract+rewrite_strat-topdown ran for 0. secs (0.u,0.s)
Params: n= 15
Tactic call rewrite_strat-topdown ran for 0.006 secs (0.002u,0.004s) (success)
Tactic call rewrite_strat-topdown-noop ran for 0. secs (0.u,0.s) (success)
Tactic call abstract+rewrite_strat-topdown ran for 0.01 secs (0.005u,0.004s) (success)
Tactic call close-abstract+rewrite_strat-topdown ran for 0.003 secs (0.003u,0.s)
Params: n= 16
Tactic call rewrite_strat-topdown ran for 0.007 secs (0.007u,0.s) (success)
Tactic call rewrite_strat-topdown-noop ran for 0. secs (0.u,0.s) (success)
Tactic call abstract+rewrite_strat-topdown ran for 0.009 secs (0.009u,0.s) (success)
Tactic call close-abstract+rewrite_strat-topdown ran for 0.002 secs (0.001u,0.001s)
Params: n= 17
Tactic call rewrite_strat-topdown ran for 0.069 secs (0.047u,0.022s) (success)
Tactic call rewrite_strat-topdown-noop ran for 0. secs (0.u,0.s) (success)
Tactic call abstract+rewrite_strat-topdown ran for 0.071 secs (0.049u,0.022s) (success)
Tactic call close-abstract+rewrite_strat-topdown ran for 0.001 secs (0.001u,0.s)
Params: n= 18
Tactic call rewrite_strat-topdown ran for 0.006 secs (0.006u,0.s) (success)
Tactic call rewrite_strat-topdown-noop ran for 0. secs (0.u,0.s) (success)
Tactic call abstract+rewrite_strat-topdown ran for 0.009 secs (0.009u,0.s) (success)
Tactic call close-abstract+rewrite_strat-topdown ran for 0.001 secs (0.001u,0.s)
Params: n= 19
Tactic call rewrite_strat-topdown ran for 0.007 secs (0.007u,0.s) (success)
Tactic call rewrite_strat-topdown-noop ran for 0. secs (0.u,0.s) (success)
Tactic call abstract+rewrite_strat-topdown ran for 0.009 secs (0.009u,0.s) (success)
Tactic call close-abstract+rewrite_strat-topdown ran for 0.002 secs (0.002u,0.s)
Params: n= 20
Tactic call rewrite_strat-topdown ran for 0.007 secs (0.007u,0.s) (success)
Tactic call rewrite_strat-topdown-noop ran for 0. secs (0.u,0.s) (success)
Tactic call abstract+rewrite_strat-topdown ran for 0.01 secs (0.01u,0.s) (success)
Tactic call close-abstract+rewrite_strat-topdown ran for 0.002 secs (0.002u,0.s)
Params: n= 21
Tactic call rewrite_strat-topdown ran for 0.008 secs (0.008u,0.s) (success)
Tactic call rewrite_strat-topdown-noop ran for 0. secs (0.u,0.s) (success)
Tactic call abstract+rewrite_strat-topdown ran for 0.011 secs (0.011u,0.s) (success)
Tactic call close-abstract+rewrite_strat-topdown ran for 0.002 secs (0.002u,0.s)
Params: n= 22
Tactic call rewrite_strat-topdown ran for 0.008 secs (0.008u,0.s) (success)
Tactic call rewrite_strat-topdown-noop ran for 0. secs (0.u,0.s) (success)
Tactic call abstract+rewrite_strat-topdown ran for 0.011 secs (0.011u,0.s) (success)
Tactic call close-abstract+rewrite_strat-topdown ran for 0.002 secs (0.002u,0.s)
Params: n= 23
Tactic call rewrite_strat-topdown ran for 0.009 secs (0.009u,0.s) (success)
Tactic call rewrite_strat-topdown-noop ran for 0. secs (0.u,0.s) (success)
Tactic call abstract+rewrite_strat-topdown ran for 0.012 secs (0.012u,0.s) (success)
Tactic call close-abstract+rewrite_strat-topdown ran for 0.002 secs (0.002u,0.s)
Params: n= 24
Tactic call rewrite_strat-topdown ran for 0.011 secs (0.011u,0.s) (success)
Tactic call rewrite_strat-topdown-noop ran for 0. secs (0.u,0.s) (success)
Tactic call abstract+rewrite_strat-topdown ran for 0.014 secs (0.014u,0.s) (success)
Tactic call close-abstract+rewrite_strat-topdown ran for 0.002 secs (0.002u,0.s)
Params: n= 25
Tactic call rewrite_strat-topdown ran for 0.01 secs (0.01u,0.s) (success)
Tactic call rewrite_strat-topdown-noop ran for 0. secs (0.u,0.s) (success)
Tactic call abstract+rewrite_strat-topdown ran for 0.014 secs (0.014u,0.s) (success)
Tactic call close-abstract+rewrite_strat-topdown ran for 0.002 secs (0.002u,0.s)
Params: n= 26
Tactic call rewrite_strat-topdown ran for 0.011 secs (0.011u,0.s) (success)
Tactic call rewrite_strat-topdown-noop ran for 0. secs (0.u,0.s) (success)
Tactic call abstract+rewrite_strat-topdown ran for 0.015 secs (0.015u,0.s) (success)
Tactic call close-abstract+rewrite_strat-topdown ran for 0.003 secs (0.003u,0.s)
Params: n= 27
Tactic call rewrite_strat-topdown ran for 0.011 secs (0.011u,0.s) (success)
Tactic call rewrite_strat-topdown-noop ran for 0. secs (0.u,0.s) (success)
Tactic call abstract+rewrite_strat-topdown ran for 0.015 secs (0.015u,0.s) (success)
Tactic call close-abstract+rewrite_strat-topdown ran for 0.003 secs (0.003u,0.s)
Params: n= 28
Tactic call rewrite_strat-topdown ran for 0.012 secs (0.012u,0.s) (success)
Tactic call rewrite_strat-topdown-noop ran for 0. secs (0.u,0.s) (success)
Tactic call abstract+rewrite_strat-topdown ran for 0.016 secs (0.016u,0.s) (success)
Tactic call close-abstract+rewrite_strat-topdown ran for 0.003 secs (0.003u,0.s)
Params: n= 29
Tactic call rewrite_strat-topdown ran for 0.016 secs (0.016u,0.s) (success)
Tactic call rewrite_strat-topdown-noop ran for 0.001 secs (0.u,0.s) (success)
Tactic call abstract+rewrite_strat-topdown ran for 0.023 secs (0.021u,0.s) (success)
Tactic call close-abstract+rewrite_strat-topdown ran for 0.004 secs (0.004u,0.s)
Params: n= 30
Tactic call rewrite_strat-topdown ran for 0.013 secs (0.013u,0.s) (success)
Tactic call rewrite_strat-topdown-noop ran for 0. secs (0.u,0.s) (success)
Tactic call abstract+rewrite_strat-topdown ran for 0.018 secs (0.018u,0.s) (success)
Tactic call close-abstract+rewrite_strat-topdown ran for 0.004 secs (0.004u,0.s)
Params: n= 31
Tactic call rewrite_strat-topdown ran for 0.014 secs (0.014u,0.s) (success)
Tactic call rewrite_strat-topdown-noop ran for 0. secs (0.u,0.s) (success)
Tactic call abstract+rewrite_strat-topdown ran for 0.019 secs (0.019u,0.s) (success)
Tactic call close-abstract+rewrite_strat-topdown ran for 0.003 secs (0.003u,0.s)
Params: n= 32
Tactic call rewrite_strat-topdown ran for 0.015 secs (0.015u,0.s) (success)
Tactic call rewrite_strat-topdown-noop ran for 0. secs (0.u,0.s) (success)
Tactic call abstract+rewrite_strat-topdown ran for 0.021 secs (0.021u,0.s) (success)
Tactic call close-abstract+rewrite_strat-topdown ran for 0.004 secs (0.004u,0.s)
Params: n= 33
Tactic call rewrite_strat-topdown ran for 0.018 secs (0.018u,0.s) (success)
Tactic call rewrite_strat-topdown-noop ran for 0. secs (0.u,0.s) (success)
Tactic call abstract+rewrite_strat-topdown ran for 0.024 secs (0.024u,0.s) (success)
Tactic call close-abstract+rewrite_strat-topdown ran for 0.004 secs (0.004u,0.s)
Params: n= 34
Tactic call rewrite_strat-topdown ran for 0.017 secs (0.017u,0.s) (success)
Tactic call rewrite_strat-topdown-noop ran for 0. secs (0.u,0.s) (success)
Tactic call abstract+rewrite_strat-topdown ran for 0.023 secs (0.023u,0.s) (success)
Tactic call close-abstract+rewrite_strat-topdown ran for 0.004 secs (0.004u,0.s)
Params: n= 35
Tactic call rewrite_strat-topdown ran for 0.018 secs (0.018u,0.s) (success)
Tactic call rewrite_strat-topdown-noop ran for 0. secs (0.u,0.s) (success)
Tactic call abstract+rewrite_strat-topdown ran for 0.025 secs (0.025u,0.s) (success)
Tactic call close-abstract+rewrite_strat-topdown ran for 0.005 secs (0.005u,0.s)
Params: n= 36
Tactic call rewrite_strat-topdown ran for 0.026 secs (0.026u,0.s) (success)
Tactic call rewrite_strat-topdown-noop ran for 0. secs (0.u,0.s) (success)
Tactic call abstract+rewrite_strat-topdown ran for 0.032 secs (0.032u,0.s) (success)
Tactic call close-abstract+rewrite_strat-topdown ran for 0.005 secs (0.005u,0.s)
Params: n= 37
Tactic call rewrite_strat-topdown ran for 0.02 secs (0.018u,0.001s) (success)
Tactic call rewrite_strat-topdown-noop ran for 0. secs (0.u,0.s) (success)
Tactic call abstract+rewrite_strat-topdown ran for 0.027 secs (0.022u,0.004s) (success)
Tactic call close-abstract+rewrite_strat-topdown ran for 0.005 secs (0.002u,0.002s)
Params: n= 38
Tactic call rewrite_strat-topdown ran for 0.024 secs (0.024u,0.s) (success)
Tactic call rewrite_strat-topdown-noop ran for 0. secs (0.u,0.s) (success)
Tactic call abstract+rewrite_strat-topdown ran for 0.031 secs (0.027u,0.003s) (success)
Tactic call close-abstract+rewrite_strat-topdown ran for 0.005 secs (0.002u,0.002s)
Params: n= 39
Tactic call rewrite_strat-topdown ran for 0.023 secs (0.023u,0.s) (success)
Tactic call rewrite_strat-topdown-noop ran for 0. secs (0.u,0.s) (success)
Tactic call abstract+rewrite_strat-topdown ran for 0.03 secs (0.03u,0.s) (success)
Tactic call close-abstract+rewrite_strat-topdown ran for 0.006 secs (0.006u,0.s)
Params: n= 40
Tactic call rewrite_strat-topdown ran for 0.023 secs (0.023u,0.s) (success)
Tactic call rewrite_strat-topdown-noop ran for 0. secs (0.u,0.s) (success)
Tactic call abstract+rewrite_strat-topdown ran for 0.031 secs (0.031u,0.s) (success)
Tactic call close-abstract+rewrite_strat-topdown ran for 0.006 secs (0.006u,0.s)
Params: n= 41
Tactic call rewrite_strat-topdown ran for 0.024 secs (0.024u,0.s) (success)
Tactic call rewrite_strat-topdown-noop ran for 0. secs (0.u,0.s) (success)
Tactic call abstract+rewrite_strat-topdown ran for 0.04 secs (0.04u,0.s) (success)
Tactic call close-abstract+rewrite_strat-topdown ran for 0.014 secs (0.014u,0.s)
Params: n= 42
Tactic call rewrite_strat-topdown ran for 0.025 secs (0.025u,0.s) (success)
Tactic call rewrite_strat-topdown-noop ran for 0. secs (0.u,0.s) (success)
Tactic call abstract+rewrite_strat-topdown ran for 0.034 secs (0.034u,0.s) (success)
Tactic call close-abstract+rewrite_strat-topdown ran for 0.008 secs (0.008u,0.s)
Params: n= 43
Tactic call rewrite_strat-topdown ran for 0.026 secs (0.026u,0.s) (success)
Tactic call rewrite_strat-topdown-noop ran for 0. secs (0.u,0.s) (success)
Tactic call abstract+rewrite_strat-topdown ran for 0.035 secs (0.035u,0.s) (success)
Tactic call close-abstract+rewrite_strat-topdown ran for 0.007 secs (0.007u,0.s)
Params: n= 44
Tactic call rewrite_strat-topdown ran for 0.026 secs (0.026u,0.s) (success)
Tactic call rewrite_strat-topdown-noop ran for 0. secs (0.u,0.s) (success)
Tactic call abstract+rewrite_strat-topdown ran for 0.035 secs (0.035u,0.s) (success)
Tactic call close-abstract+rewrite_strat-topdown ran for 0.007 secs (0.007u,0.s)
Params: n= 45
Tactic call rewrite_strat-topdown ran for 0.027 secs (0.027u,0.s) (success)
Tactic call rewrite_strat-topdown-noop ran for 0. secs (0.u,0.s) (success)
Tactic call abstract+rewrite_strat-topdown ran for 0.036 secs (0.036u,0.s) (success)
Tactic call close-abstract+rewrite_strat-topdown ran for 0.008 secs (0.008u,0.s)
Params: n= 46
Tactic call rewrite_strat-topdown ran for 0.029 secs (0.029u,0.s) (success)
Tactic call rewrite_strat-topdown-noop ran for 0. secs (0.u,0.s) (success)
Tactic call abstract+rewrite_strat-topdown ran for 0.039 secs (0.039u,0.s) (success)
Tactic call close-abstract+rewrite_strat-topdown ran for 0.008 secs (0.008u,0.s)
Params: n= 47
Tactic call rewrite_strat-topdown ran for 0.029 secs (0.029u,0.s) (success)
Tactic call rewrite_strat-topdown-noop ran for 0. secs (0.u,0.s) (success)
Tactic call abstract+rewrite_strat-topdown ran for 0.038 secs (0.038u,0.s) (success)
Tactic call close-abstract+rewrite_strat-topdown ran for 0.008 secs (0.008u,0.s)
Params: n= 48
Tactic call rewrite_strat-topdown ran for 0.03 secs (0.03u,0.s) (success)
Tactic call rewrite_strat-topdown-noop ran for 0. secs (0.u,0.s) (success)
Tactic call abstract+rewrite_strat-topdown ran for 0.039 secs (0.039u,0.s) (success)
Tactic call close-abstract+rewrite_strat-topdown ran for 0.008 secs (0.008u,0.s)
Params: n= 49
Tactic call rewrite_strat-topdown ran for 0.031 secs (0.031u,0.s) (success)
Tactic call rewrite_strat-topdown-noop ran for 0. secs (0.u,0.s) (success)
Tactic call abstract+rewrite_strat-topdown ran for 0.042 secs (0.042u,0.s) (success)
Tactic call close-abstract+rewrite_strat-topdown ran for 0.009 secs (0.009u,0.s)
Params: n= 51
Tactic call rewrite_strat-topdown ran for 0.033 secs (0.033u,0.s) (success)
Tactic call rewrite_strat-topdown-noop ran for 0. secs (0.u,0.s) (success)
Tactic call abstract+rewrite_strat-topdown ran for 0.045 secs (0.045u,0.s) (success)
Tactic call close-abstract+rewrite_strat-topdown ran for 0.009 secs (0.009u,0.s)
Params: n= 52
Tactic call rewrite_strat-topdown ran for 0.038 secs (0.038u,0.s) (success)
Tactic call rewrite_strat-topdown-noop ran for 0. secs (0.u,0.s) (success)
Tactic call abstract+rewrite_strat-topdown ran for 0.052 secs (0.05u,0.002s) (success)
Tactic call close-abstract+rewrite_strat-topdown ran for 0.012 secs (0.01u,0.001s)
Params: n= 53
Tactic call rewrite_strat-topdown ran for 0.037 secs (0.037u,0.s) (success)
Tactic call rewrite_strat-topdown-noop ran for 0. secs (0.u,0.s) (success)
Tactic call abstract+rewrite_strat-topdown ran for 0.049 secs (0.049u,0.s) (success)
Tactic call close-abstract+rewrite_strat-topdown ran for 0.01 secs (0.01u,0.s)
Params: n= 54
Tactic call rewrite_strat-topdown ran for 0.041 secs (0.041u,0.s) (success)
Tactic call rewrite_strat-topdown-noop ran for 0. secs (0.u,0.s) (success)
Tactic call abstract+rewrite_strat-topdown ran for 0.054 secs (0.054u,0.s) (success)
Tactic call close-abstract+rewrite_strat-topdown ran for 0.011 secs (0.011u,0.s)
Params: n= 55
Tactic call rewrite_strat-topdown ran for 0.068 secs (0.059u,0.008s) (success)
Tactic call rewrite_strat-topdown-noop ran for 0. secs (0.u,0.s) (success)
Tactic call abstract+rewrite_strat-topdown ran for 0.08 secs (0.071u,0.008s) (success)
Tactic call close-abstract+rewrite_strat-topdown ran for 0.01 secs (0.01u,0.s)
Params: n= 56
Tactic call rewrite_strat-topdown ran for 0.04 secs (0.04u,0.s) (success)
Tactic call rewrite_strat-topdown-noop ran for 0. secs (0.u,0.s) (success)
Tactic call abstract+rewrite_strat-topdown ran for 0.054 secs (0.054u,0.s) (success)
Tactic call close-abstract+rewrite_strat-topdown ran for 0.011 secs (0.011u,0.s)
Params: n= 57
Tactic call rewrite_strat-topdown ran for 0.047 secs (0.047u,0.s) (success)
Tactic call rewrite_strat-topdown-noop ran for 0. secs (0.u,0.s) (success)
Tactic call abstract+rewrite_strat-topdown ran for 0.061 secs (0.061u,0.s) (success)
Tactic call close-abstract+rewrite_strat-topdown ran for 0.012 secs (0.012u,0.s)
Params: n= 58
Tactic call rewrite_strat-topdown ran for 0.047 secs (0.046u,0.s) (success)
Tactic call rewrite_strat-topdown-noop ran for 0. secs (0.u,0.s) (success)
Tactic call abstract+rewrite_strat-topdown ran for 0.061 secs (0.061u,0.s) (success)
Tactic call close-abstract+rewrite_strat-topdown ran for 0.012 secs (0.012u,0.s)
Params: n= 59
Tactic call rewrite_strat-topdown ran for 0.053 secs (0.053u,0.s) (success)
Tactic call rewrite_strat-topdown-noop ran for 0. secs (0.u,0.s) (success)
Tactic call abstract+rewrite_strat-topdown ran for 0.068 secs (0.068u,0.s) (success)
Tactic call close-abstract+rewrite_strat-topdown ran for 0.013 secs (0.013u,0.s)
Params: n= 60
Tactic call rewrite_strat-topdown ran for 0.045 secs (0.045u,0.s) (success)
Tactic call rewrite_strat-topdown-noop ran for 0. secs (0.u,0.s) (success)
Tactic call abstract+rewrite_strat-topdown ran for 0.063 secs (0.063u,0.s) (success)
Tactic call close-abstract+rewrite_strat-topdown ran for 0.015 secs (0.015u,0.s)
Params: n= 61
Tactic call rewrite_strat-topdown ran for 0.049 secs (0.049u,0.s) (success)
Tactic call rewrite_strat-topdown-noop ran for 0.001 secs (0.001u,0.s) (success)
Tactic call abstract+rewrite_strat-topdown ran for 0.066 secs (0.066u,0.s) (success)
Tactic call close-abstract+rewrite_strat-topdown ran for 0.014 secs (0.014u,0.s)
Params: n= 62
Tactic call rewrite_strat-topdown ran for 0.055 secs (0.055u,0.s) (success)
Tactic call rewrite_strat-topdown-noop ran for 0. secs (0.u,0.s) (success)
Tactic call abstract+rewrite_strat-topdown ran for 0.071 secs (0.071u,0.s) (success)
Tactic call close-abstract+rewrite_strat-topdown ran for 0.014 secs (0.014u,0.s)
Params: n= 63
Tactic call rewrite_strat-topdown ran for 0.051 secs (0.051u,0.s) (success)
Tactic call rewrite_strat-topdown-noop ran for 0. secs (0.u,0.s) (success)
Tactic call abstract+rewrite_strat-topdown ran for 0.069 secs (0.069u,0.s) (success)
Tactic call close-abstract+rewrite_strat-topdown ran for 0.015 secs (0.015u,0.s)
Params: n= 64
Tactic call rewrite_strat-topdown ran for 0.058 secs (0.058u,0.s) (success)
Tactic call rewrite_strat-topdown-noop ran for 0. secs (0.u,0.s) (success)
Tactic call abstract+rewrite_strat-topdown ran for 0.075 secs (0.075u,0.s) (success)
Tactic call close-abstract+rewrite_strat-topdown ran for 0.015 secs (0.015u,0.s)
Params: n= 65
Tactic call rewrite_strat-topdown ran for 0.055 secs (0.055u,0.s) (success)
Tactic call rewrite_strat-topdown-noop ran for 0.001 secs (0.001u,0.s) (success)
Tactic call abstract+rewrite_strat-topdown ran for 0.073 secs (0.072u,0.s) (success)
Tactic call close-abstract+rewrite_strat-topdown ran for 0.015 secs (0.015u,0.s)
Params: n= 66
Tactic call rewrite_strat-topdown ran for 0.061 secs (0.061u,0.s) (success)
Tactic call rewrite_strat-topdown-noop ran for 0. secs (0.u,0.s) (success)
Tactic call abstract+rewrite_strat-topdown ran for 0.08 secs (0.08u,0.s) (success)
Tactic call close-abstract+rewrite_strat-topdown ran for 0.016 secs (0.016u,0.s)
Params: n= 67
Tactic call rewrite_strat-topdown ran for 0.063 secs (0.063u,0.s) (success)
Tactic call rewrite_strat-topdown-noop ran for 0.001 secs (0.001u,0.s) (success)
Tactic call abstract+rewrite_strat-topdown ran for 0.081 secs (0.081u,0.s) (success)
Tactic call close-abstract+rewrite_strat-topdown ran for 0.015 secs (0.015u,0.s)
Params: n= 68
Tactic call rewrite_strat-topdown ran for 0.069 secs (0.069u,0.s) (success)
Tactic call rewrite_strat-topdown-noop ran for 0.001 secs (0.001u,0.s) (success)
Tactic call abstract+rewrite_strat-topdown ran for 0.089 secs (0.089u,0.s) (success)
Tactic call close-abstract+rewrite_strat-topdown ran for 0.017 secs (0.017u,0.s)
Params: n= 69
Tactic call rewrite_strat-topdown ran for 0.066 secs (0.065u,0.s) (success)
Tactic call rewrite_strat-topdown-noop ran for 0.001 secs (0.001u,0.s) (success)
Tactic call abstract+rewrite_strat-topdown ran for 0.084 secs (0.084u,0.s) (success)
Tactic call close-abstract+rewrite_strat-topdown ran for 0.016 secs (0.016u,0.s)
Params: n= 70
Tactic call rewrite_strat-topdown ran for 0.067 secs (0.067u,0.s) (success)
Tactic call rewrite_strat-topdown-noop ran for 0.001 secs (0.001u,0.s) (success)
Tactic call abstract+rewrite_strat-topdown ran for 0.087 secs (0.087u,0.s) (success)
Tactic call close-abstract+rewrite_strat-topdown ran for 0.018 secs (0.018u,0.s)
Params: n= 71
Tactic call rewrite_strat-topdown ran for 0.065 secs (0.065u,0.s) (success)
Tactic call rewrite_strat-topdown-noop ran for 0.001 secs (0.001u,0.s) (success)
Tactic call abstract+rewrite_strat-topdown ran for 0.085 secs (0.085u,0.s) (success)
Tactic call close-abstract+rewrite_strat-topdown ran for 0.017 secs (0.017u,0.s)
Params: n= 72
Tactic call rewrite_strat-topdown ran for 0.07 secs (0.07u,0.s) (success)
Tactic call rewrite_strat-topdown-noop ran for 0.001 secs (0.001u,0.s) (success)
Tactic call abstract+rewrite_strat-topdown ran for 0.091 secs (0.091u,0.s) (success)
Tactic call close-abstract+rewrite_strat-topdown ran for 0.019 secs (0.019u,0.s)
Params: n= 73
Tactic call rewrite_strat-topdown ran for 0.066 secs (0.066u,0.s) (success)
Tactic call rewrite_strat-topdown-noop ran for 0.001 secs (0.001u,0.s) (success)
Tactic call abstract+rewrite_strat-topdown ran for 0.088 secs (0.088u,0.s) (success)
Tactic call close-abstract+rewrite_strat-topdown ran for 0.02 secs (0.02u,0.s)
Params: n= 74
Tactic call rewrite_strat-topdown ran for 0.074 secs (0.074u,0.s) (success)
Tactic call rewrite_strat-topdown-noop ran for 0.001 secs (0.001u,0.s) (success)
Tactic call abstract+rewrite_strat-topdown ran for 0.099 secs (0.096u,0.002s) (success)
Tactic call close-abstract+rewrite_strat-topdown ran for 0.022 secs (0.02u,0.002s)
Params: n= 75
Tactic call rewrite_strat-topdown ran for 0.071 secs (0.071u,0.s) (success)
Tactic call rewrite_strat-topdown-noop ran for 0.001 secs (0.001u,0.s) (success)
Tactic call abstract+rewrite_strat-topdown ran for 0.099 secs (0.099u,0.s) (success)
Tactic call close-abstract+rewrite_strat-topdown ran for 0.025 secs (0.025u,0.s)
Params: n= 76
Tactic call rewrite_strat-topdown ran for 0.074 secs (0.074u,0.s) (success)
Tactic call rewrite_strat-topdown-noop ran for 0.001 secs (0.001u,0.s) (success)
Tactic call abstract+rewrite_strat-topdown ran for 0.097 secs (0.097u,0.s) (success)
Tactic call close-abstract+rewrite_strat-topdown ran for 0.02 secs (0.02u,0.s)
Params: n= 77
Tactic call rewrite_strat-topdown ran for 0.082 secs (0.082u,0.s) (success)
Tactic call rewrite_strat-topdown-noop ran for 0.001 secs (0.001u,0.s) (success)
Tactic call abstract+rewrite_strat-topdown ran for 0.107 secs (0.107u,0.s) (success)
Tactic call close-abstract+rewrite_strat-topdown ran for 0.022 secs (0.022u,0.s)
Params: n= 78
Tactic call rewrite_strat-topdown ran for 0.077 secs (0.077u,0.s) (success)
Tactic call rewrite_strat-topdown-noop ran for 0.001 secs (0.001u,0.s) (success)
Tactic call abstract+rewrite_strat-topdown ran for 0.106 secs (0.106u,0.s) (success)
Tactic call close-abstract+rewrite_strat-topdown ran for 0.025 secs (0.025u,0.s)
Params: n= 79
Tactic call rewrite_strat-topdown ran for 0.081 secs (0.081u,0.s) (success)
Tactic call rewrite_strat-topdown-noop ran for 0.001 secs (0.001u,0.s) (success)
Tactic call abstract+rewrite_strat-topdown ran for 0.105 secs (0.105u,0.s) (success)
Tactic call close-abstract+rewrite_strat-topdown ran for 0.021 secs (0.021u,0.s)
Params: n= 80
Tactic call rewrite_strat-topdown ran for 0.087 secs (0.087u,0.s) (success)
Tactic call rewrite_strat-topdown-noop ran for 0.001 secs (0.001u,0.s) (success)
Tactic call abstract+rewrite_strat-topdown ran for 0.113 secs (0.113u,0.s) (success)
Tactic call close-abstract+rewrite_strat-topdown ran for 0.023 secs (0.023u,0.s)
Params: n= 81
Tactic call rewrite_strat-topdown ran for 0.081 secs (0.081u,0.s) (success)
Tactic call rewrite_strat-topdown-noop ran for 0.001 secs (0.001u,0.s) (success)
Tactic call abstract+rewrite_strat-topdown ran for 0.112 secs (0.112u,0.s) (success)
Tactic call close-abstract+rewrite_strat-topdown ran for 0.028 secs (0.028u,0.s)
Params: n= 82
Tactic call rewrite_strat-topdown ran for 0.093 secs (0.093u,0.s) (success)
Tactic call rewrite_strat-topdown-noop ran for 0.001 secs (0.001u,0.s) (success)
Tactic call abstract+rewrite_strat-topdown ran for 0.122 secs (0.122u,0.s) (success)
Tactic call close-abstract+rewrite_strat-topdown ran for 0.026 secs (0.026u,0.s)
Params: n= 83
Tactic call rewrite_strat-topdown ran for 0.102 secs (0.102u,0.s) (success)
Tactic call rewrite_strat-topdown-noop ran for 0.001 secs (0.001u,0.s) (success)
Tactic call abstract+rewrite_strat-topdown ran for 0.139 secs (0.136u,0.003s) (success)
Tactic call close-abstract+rewrite_strat-topdown ran for 0.034 secs (0.031u,0.003s)
Params: n= 84
Tactic call rewrite_strat-topdown ran for 0.098 secs (0.098u,0.s) (success)
Tactic call rewrite_strat-topdown-noop ran for 0.001 secs (0.001u,0.s) (success)
Tactic call abstract+rewrite_strat-topdown ran for 0.126 secs (0.126u,0.s) (success)
Tactic call close-abstract+rewrite_strat-topdown ran for 0.025 secs (0.025u,0.s)
Params: n= 85
Tactic call rewrite_strat-topdown ran for 0.089 secs (0.089u,0.s) (success)
Tactic call rewrite_strat-topdown-noop ran for 0.001 secs (0.001u,0.s) (success)
Tactic call abstract+rewrite_strat-topdown ran for 0.125 secs (0.125u,0.s) (success)
Tactic call close-abstract+rewrite_strat-topdown ran for 0.033 secs (0.033u,0.s)
Params: n= 86
Tactic call rewrite_strat-topdown ran for 0.101 secs (0.101u,0.s) (success)
Tactic call rewrite_strat-topdown-noop ran for 0.001 secs (0.001u,0.s) (success)
Tactic call abstract+rewrite_strat-topdown ran for 0.129 secs (0.129u,0.s) (success)
Tactic call close-abstract+rewrite_strat-topdown ran for 0.025 secs (0.025u,0.s)
Params: n= 87
Tactic call rewrite_strat-topdown ran for 0.105 secs (0.105u,0.s) (success)
Tactic call rewrite_strat-topdown-noop ran for 0.001 secs (0.001u,0.s) (success)
Tactic call abstract+rewrite_strat-topdown ran for 0.141 secs (0.141u,0.s) (success)
Tactic call close-abstract+rewrite_strat-topdown ran for 0.032 secs (0.032u,0.s)
Params: n= 88
Tactic call rewrite_strat-topdown ran for 0.104 secs (0.104u,0.s) (success)
Tactic call rewrite_strat-topdown-noop ran for 0.001 secs (0.001u,0.s) (success)
Tactic call abstract+rewrite_strat-topdown ran for 0.136 secs (0.136u,0.s) (success)
Tactic call close-abstract+rewrite_strat-topdown ran for 0.029 secs (0.029u,0.s)
Params: n= 89
Tactic call rewrite_strat-topdown ran for 0.098 secs (0.098u,0.s) (success)
Tactic call rewrite_strat-topdown-noop ran for 0.001 secs (0.001u,0.s) (success)
Tactic call abstract+rewrite_strat-topdown ran for 0.131 secs (0.131u,0.s) (success)
Tactic call close-abstract+rewrite_strat-topdown ran for 0.03 secs (0.03u,0.s)
Params: n= 90
Tactic call rewrite_strat-topdown ran for 0.11 secs (0.11u,0.s) (success)
Tactic call rewrite_strat-topdown-noop ran for 0.001 secs (0.001u,0.s) (success)
Tactic call abstract+rewrite_strat-topdown ran for 0.145 secs (0.145u,0.s) (success)
Tactic call close-abstract+rewrite_strat-topdown ran for 0.032 secs (0.032u,0.s)
Params: n= 91
Tactic call rewrite_strat-topdown ran for 0.106 secs (0.106u,0.s) (success)
Tactic call rewrite_strat-topdown-noop ran for 0.001 secs (0.001u,0.s) (success)
Tactic call abstract+rewrite_strat-topdown ran for 0.137 secs (0.137u,0.s) (success)
Tactic call close-abstract+rewrite_strat-topdown ran for 0.028 secs (0.028u,0.s)
Params: n= 92
Tactic call rewrite_strat-topdown ran for 0.115 secs (0.111u,0.003s) (success)
Tactic call rewrite_strat-topdown-noop ran for 0.001 secs (0.001u,0.s) (success)
Tactic call abstract+rewrite_strat-topdown ran for 0.148 secs (0.144u,0.003s) (success)
Tactic call close-abstract+rewrite_strat-topdown ran for 0.029 secs (0.029u,0.s)
Params: n= 93
Tactic call rewrite_strat-topdown ran for 0.121 secs (0.117u,0.003s) (success)
Tactic call rewrite_strat-topdown-noop ran for 0.001 secs (0.001u,0.s) (success)
Tactic call abstract+rewrite_strat-topdown ran for 0.154 secs (0.15u,0.003s) (success)
Tactic call close-abstract+rewrite_strat-topdown ran for 0.03 secs (0.03u,0.s)
Params: n= 94
Tactic call rewrite_strat-topdown ran for 0.119 secs (0.119u,0.s) (success)
Tactic call rewrite_strat-topdown-noop ran for 0.006 secs (0.005u,0.s) (success)
Tactic call abstract+rewrite_strat-topdown ran for 0.158 secs (0.158u,0.s) (success)
Tactic call close-abstract+rewrite_strat-topdown ran for 0.031 secs (0.031u,0.s)
Params: n= 95
Tactic call rewrite_strat-topdown ran for 0.118 secs (0.118u,0.s) (success)
Tactic call rewrite_strat-topdown-noop ran for 0.001 secs (0.001u,0.s) (success)
Tactic call abstract+rewrite_strat-topdown ran for 0.156 secs (0.156u,0.s) (success)
Tactic call close-abstract+rewrite_strat-topdown ran for 0.034 secs (0.034u,0.s)
Params: n= 96
Tactic call rewrite_strat-topdown ran for 0.117 secs (0.117u,0.s) (success)
Tactic call rewrite_strat-topdown-noop ran for 0.001 secs (0.001u,0.s) (success)
Tactic call abstract+rewrite_strat-topdown ran for 0.155 secs (0.155u,0.s) (success)
Tactic call close-abstract+rewrite_strat-topdown ran for 0.035 secs (0.035u,0.s)
Params: n= 97
Tactic call rewrite_strat-topdown ran for 0.115 secs (0.115u,0.s) (success)
Tactic call rewrite_strat-topdown-noop ran for 0.001 secs (0.001u,0.s) (success)
Tactic call abstract+rewrite_strat-topdown ran for 0.157 secs (0.157u,0.s) (success)
Tactic call close-abstract+rewrite_strat-topdown ran for 0.039 secs (0.039u,0.s)
Params: n= 98
Tactic call rewrite_strat-topdown ran for 0.122 secs (0.122u,0.s) (success)
Tactic call rewrite_strat-topdown-noop ran for 0.001 secs (0.001u,0.s) (success)
Tactic call abstract+rewrite_strat-topdown ran for 0.163 secs (0.163u,0.s) (success)
Tactic call close-abstract+rewrite_strat-topdown ran for 0.038 secs (0.038u,0.s)
Params: n= 99
Tactic call rewrite_strat-topdown ran for 0.122 secs (0.122u,0.s) (success)
Tactic call rewrite_strat-topdown-noop ran for 0.001 secs (0.001u,0.s) (success)
Tactic call abstract+rewrite_strat-topdown ran for 0.168 secs (0.168u,0.s) (success)
Tactic call close-abstract+rewrite_strat-topdown ran for 0.042 secs (0.042u,0.s)
Params: n= 110
Tactic call rewrite_strat-topdown ran for 0.166 secs (0.166u,0.s) (success)
Tactic call rewrite_strat-topdown-noop ran for 0.001 secs (0.001u,0.s) (success)
Tactic call abstract+rewrite_strat-topdown ran for 0.211 secs (0.211u,0.s) (success)
Tactic call close-abstract+rewrite_strat-topdown ran for 0.042 secs (0.042u,0.s)
Params: n= 120
Tactic call rewrite_strat-topdown ran for 0.194 secs (0.194u,0.s) (success)
Tactic call rewrite_strat-topdown-noop ran for 0.002 secs (0.002u,0.s) (success)
Tactic call abstract+rewrite_strat-topdown ran for 0.247 secs (0.247u,0.s) (success)
Tactic call close-abstract+rewrite_strat-topdown ran for 0.05 secs (0.05u,0.s)
Params: n= 130
Tactic call rewrite_strat-topdown ran for 0.228 secs (0.224u,0.003s) (success)
Tactic call rewrite_strat-topdown-noop ran for 0.002 secs (0.002u,0.s) (success)
Tactic call abstract+rewrite_strat-topdown ran for 0.295 secs (0.291u,0.003s) (success)
Tactic call close-abstract+rewrite_strat-topdown ran for 0.063 secs (0.063u,0.s)
Params: n= 140
Tactic call rewrite_strat-topdown ran for 0.261 secs (0.261u,0.s) (success)
Tactic call rewrite_strat-topdown-noop ran for 0.002 secs (0.002u,0.s) (success)
Tactic call abstract+rewrite_strat-topdown ran for 0.344 secs (0.344u,0.s) (success)
Tactic call close-abstract+rewrite_strat-topdown ran for 0.079 secs (0.079u,0.s)
Params: n= 160
Tactic call rewrite_strat-topdown ran for 0.38 secs (0.372u,0.007s) (success)
Tactic call rewrite_strat-topdown-noop ran for 0.003 secs (0.003u,0.s) (success)
Tactic call abstract+rewrite_strat-topdown ran for 0.501 secs (0.493u,0.007s) (success)
Tactic call close-abstract+rewrite_strat-topdown ran for 0.116 secs (0.116u,0.s)
Params: n= 170
Tactic call rewrite_strat-topdown ran for 0.415 secs (0.415u,0.s) (success)
Tactic call rewrite_strat-topdown-noop ran for 0.003 secs (0.003u,0.s) (success)
Tactic call abstract+rewrite_strat-topdown ran for 0.532 secs (0.532u,0.s) (success)
Tactic call close-abstract+rewrite_strat-topdown ran for 0.112 secs (0.112u,0.s)
Params: n= 180
Tactic call rewrite_strat-topdown ran for 0.464 secs (0.451u,0.012s) (success)
Tactic call rewrite_strat-topdown-noop ran for 0.003 secs (0.003u,0.s) (success)
Tactic call abstract+rewrite_strat-topdown ran for 0.606 secs (0.594u,0.012s) (success)
Tactic call close-abstract+rewrite_strat-topdown ran for 0.137 secs (0.137u,0.s)
Params: n= 190
Tactic call rewrite_strat-topdown ran for 0.472 secs (0.468u,0.003s) (success)
Tactic call rewrite_strat-topdown-noop ran for 0.004 secs (0.004u,0.s) (success)
Tactic call abstract+rewrite_strat-topdown ran for 0.635 secs (0.631u,0.003s) (success)
Tactic call close-abstract+rewrite_strat-topdown ran for 0.157 secs (0.157u,0.s)
Params: n= 210
Tactic call rewrite_strat-topdown ran for 0.602 secs (0.586u,0.015s) (success)
Tactic call rewrite_strat-topdown-noop ran for 0.004 secs (0.004u,0.s) (success)
Tactic call abstract+rewrite_strat-topdown ran for 0.779 secs (0.763u,0.016s) (success)
Tactic call close-abstract+rewrite_strat-topdown ran for 0.169 secs (0.169u,0.s)
Params: n= 220
Tactic call rewrite_strat-topdown ran for 0.668 secs (0.655u,0.012s) (success)
Tactic call rewrite_strat-topdown-noop ran for 0.004 secs (0.004u,0.s) (success)
Tactic call abstract+rewrite_strat-topdown ran for 0.859 secs (0.845u,0.013s) (success)
Tactic call close-abstract+rewrite_strat-topdown ran for 0.184 secs (0.184u,0.s)
Params: n= 230
Tactic call rewrite_strat-topdown ran for 0.901 secs (0.901u,0.s) (success)
Tactic call rewrite_strat-topdown-noop ran for 0.005 secs (0.005u,0.s) (success)
Tactic call abstract+rewrite_strat-topdown ran for 1.104 secs (1.104u,0.s) (success)
Tactic call close-abstract+rewrite_strat-topdown ran for 0.195 secs (0.195u,0.s)
Params: n= 240
Tactic call rewrite_strat-topdown ran for 0.797 secs (0.797u,0.s) (success)
Tactic call rewrite_strat-topdown-noop ran for 0.006 secs (0.006u,0.s) (success)
Tactic call abstract+rewrite_strat-topdown ran for 1.02 secs (1.016u,0.003s) (success)
Tactic call close-abstract+rewrite_strat-topdown ran for 0.215 secs (0.211u,0.003s)
Params: n= 260
Tactic call rewrite_strat-topdown ran for 0.98 secs (0.98u,0.s) (success)
Tactic call rewrite_strat-topdown-noop ran for 0.006 secs (0.002u,0.003s) (success)
Tactic call abstract+rewrite_strat-topdown ran for 1.243 secs (1.239u,0.003s) (success)
Tactic call close-abstract+rewrite_strat-topdown ran for 0.255 secs (0.255u,0.s)
Params: n= 270
Tactic call rewrite_strat-topdown ran for 1.189 secs (1.188u,0.s) (success)
Tactic call rewrite_strat-topdown-noop ran for 0.007 secs (0.007u,0.s) (success)
Tactic call abstract+rewrite_strat-topdown ran for 1.465 secs (1.464u,0.s) (success)
Tactic call close-abstract+rewrite_strat-topdown ran for 0.267 secs (0.266u,0.s)
Params: n= 280
Tactic call rewrite_strat-topdown ran for 1.174 secs (1.174u,0.s) (success)
Tactic call rewrite_strat-topdown-noop ran for 0.008 secs (0.008u,0.s) (success)
Tactic call abstract+rewrite_strat-topdown ran for 1.481 secs (1.481u,0.s) (success)
Tactic call close-abstract+rewrite_strat-topdown ran for 0.296 secs (0.296u,0.s)
Params: n= 290
Tactic call rewrite_strat-topdown ran for 1.327 secs (1.327u,0.s) (success)
Tactic call rewrite_strat-topdown-noop ran for 0.008 secs (0.008u,0.s) (success)
Tactic call abstract+rewrite_strat-topdown ran for 1.684 secs (1.684u,0.s) (success)
Tactic call close-abstract+rewrite_strat-topdown ran for 0.347 secs (0.347u,0.s)
Params: n= 310
Tactic call rewrite_strat-topdown ran for 1.53 secs (1.509u,0.019s) (success)
Tactic call rewrite_strat-topdown-noop ran for 0.009 secs (0.009u,0.s) (success)
Tactic call abstract+rewrite_strat-topdown ran for 1.914 secs (1.888u,0.023s) (success)
Tactic call close-abstract+rewrite_strat-topdown ran for 0.371 secs (0.367u,0.003s)
Params: n= 320
Tactic call rewrite_strat-topdown ran for 1.593 secs (1.589u,0.003s) (success)
Tactic call rewrite_strat-topdown-noop ran for 0.009 secs (0.009u,0.s) (success)
Tactic call abstract+rewrite_strat-topdown ran for 1.978 secs (1.974u,0.003s) (success)
Tactic call close-abstract+rewrite_strat-topdown ran for 0.373 secs (0.373u,0.s)
Params: n= 330
Tactic call rewrite_strat-topdown ran for 1.893 secs (1.893u,0.s) (success)
Tactic call rewrite_strat-topdown-noop ran for 0.01 secs (0.01u,0.s) (success)
Tactic call abstract+rewrite_strat-topdown ran for 2.316 secs (2.315u,0.s) (success)
Tactic call close-abstract+rewrite_strat-topdown ran for 0.409 secs (0.409u,0.s)
Params: n= 340
Tactic call rewrite_strat-topdown ran for 2.149 secs (2.148u,0.s) (success)
Tactic call rewrite_strat-topdown-noop ran for 0.01 secs (0.01u,0.s) (success)
Tactic call abstract+rewrite_strat-topdown ran for 2.626 secs (2.625u,0.s) (success)
Tactic call close-abstract+rewrite_strat-topdown ran for 0.464 secs (0.464u,0.s)
Params: n= 360
Tactic call rewrite_strat-topdown ran for 2.172 secs (2.171u,0.s) (success)
Tactic call rewrite_strat-topdown-noop ran for 0.012 secs (0.012u,0.s) (success)
Tactic call abstract+rewrite_strat-topdown ran for 2.696 secs (2.695u,0.s) (success)
Tactic call close-abstract+rewrite_strat-topdown ran for 0.509 secs (0.509u,0.s)
Params: n= 370
Tactic call rewrite_strat-topdown ran for 2.23 secs (2.229u,0.s) (success)
Tactic call rewrite_strat-topdown-noop ran for 0.012 secs (0.009u,0.003s) (success)
Tactic call abstract+rewrite_strat-topdown ran for 2.807 secs (2.802u,0.003s) (success)
Tactic call close-abstract+rewrite_strat-topdown ran for 0.562 secs (0.562u,0.s)
Params: n= 380
Tactic call rewrite_strat-topdown ran for 2.523 secs (2.483u,0.04s) (success)
Tactic call rewrite_strat-topdown-noop ran for 0.013 secs (0.013u,0.s) (success)
Tactic call abstract+rewrite_strat-topdown ran for 3.091 secs (3.046u,0.044s) (success)
Tactic call close-abstract+rewrite_strat-topdown ran for 0.552 secs (0.548u,0.003s)
Params: n= 390
Tactic call rewrite_strat-topdown ran for 2.605 secs (2.597u,0.007s) (success)
Tactic call rewrite_strat-topdown-noop ran for 0.015 secs (0.015u,0.s) (success)
Tactic call abstract+rewrite_strat-topdown ran for 3.246 secs (3.237u,0.008s) (success)
Tactic call close-abstract+rewrite_strat-topdown ran for 0.622 secs (0.622u,0.s)
