Params: n= 50
Tactic call refine-regression-quadratic-regression-linear ran for 0. secs (0.u,0.s) (success)
Tactic call pose-build-and-refine-regression-cubic ran for 0.018 secs (0.017u,0.s) (success)
Tactic call fast_rewrite-regression-cubic ran for 0.018 secs (0.017u,0.s) (success)
Tactic call abstract-regression-cubic ran for 0.023 secs (0.019u,0.003s) (success)
Tactic call close-abstract-regression-cubic ran for 0.005 secs (0.001u,0.003s)
Params: n= 100
Tactic call refine-regression-quadratic-regression-linear ran for 0.001 secs (0.u,0.s) (success)
Tactic call pose-build-and-refine-regression-cubic ran for 0.1 secs (0.088u,0.012s) (success)
Tactic call fast_rewrite-regression-cubic ran for 0.1 secs (0.088u,0.012s) (success)
Tactic call abstract-regression-cubic ran for 0.119 secs (0.106u,0.012s) (success)
Tactic call close-abstract-regression-cubic ran for 0.018 secs (0.018u,0.s)
Params: n= 150
Tactic call refine-regression-quadratic-regression-linear ran for 0.001 secs (0.001u,0.s) (success)
Tactic call pose-build-and-refine-regression-cubic ran for 0.094 secs (0.094u,0.s) (success)
Tactic call fast_rewrite-regression-cubic ran for 0.094 secs (0.094u,0.s) (success)
Tactic call abstract-regression-cubic ran for 0.153 secs (0.152u,0.s) (success)
Tactic call close-abstract-regression-cubic ran for 0.058 secs (0.058u,0.s)
Params: n= 200
Tactic call refine-regression-quadratic-regression-linear ran for 0.002 secs (0.001u,0.s) (success)
Tactic call pose-build-and-refine-regression-cubic ran for 0.19 secs (0.186u,0.003s) (success)
Tactic call fast_rewrite-regression-cubic ran for 0.19 secs (0.186u,0.003s) (success)
Tactic call abstract-regression-cubic ran for 0.321 secs (0.317u,0.003s) (success)
Tactic call close-abstract-regression-cubic ran for 0.13 secs (0.13u,0.s)
Params: n= 250
Tactic call refine-regression-quadratic-regression-linear ran for 0.003 secs (0.003u,0.s) (success)
Tactic call pose-build-and-refine-regression-cubic ran for 0.288 secs (0.284u,0.003s) (success)
Tactic call fast_rewrite-regression-cubic ran for 0.288 secs (0.284u,0.003s) (success)
Tactic call abstract-regression-cubic ran for 0.526 secs (0.522u,0.003s) (success)
Tactic call close-abstract-regression-cubic ran for 0.238 secs (0.237u,0.s)
Params: n= 300
Tactic call refine-regression-quadratic-regression-linear ran for 0.003 secs (0.003u,0.s) (success)
Tactic call pose-build-and-refine-regression-cubic ran for 0.351 secs (0.335u,0.015s) (success)
Tactic call fast_rewrite-regression-cubic ran for 0.351 secs (0.335u,0.015s) (success)
Tactic call abstract-regression-cubic ran for 0.743 secs (0.727u,0.015s) (success)
Tactic call close-abstract-regression-cubic ran for 0.391 secs (0.391u,0.s)
Params: n= 350
Tactic call refine-regression-quadratic-regression-linear ran for 0.004 secs (0.004u,0.s) (success)
Tactic call pose-build-and-refine-regression-cubic ran for 0.521 secs (0.517u,0.004s) (success)
Tactic call fast_rewrite-regression-cubic ran for 0.521 secs (0.517u,0.004s) (success)
Tactic call abstract-regression-cubic ran for 1.183 secs (1.179u,0.004s) (success)
Tactic call close-abstract-regression-cubic ran for 0.661 secs (0.661u,0.s)
Params: n= 400
Tactic call refine-regression-quadratic-regression-linear ran for 0.004 secs (0.004u,0.s) (success)
Tactic call pose-build-and-refine-regression-cubic ran for 0.654 secs (0.642u,0.011s) (success)
Tactic call fast_rewrite-regression-cubic ran for 0.654 secs (0.642u,0.011s) (success)
Tactic call abstract-regression-cubic ran for 1.561 secs (1.545u,0.015s) (success)
Tactic call close-abstract-regression-cubic ran for 0.907 secs (0.903u,0.003s)
