Params: n= 50
Tactic call build-thunk-regression-linear ran for 0.008 secs (0.u,0.008s) (success)
Tactic call eval-thunk-regression-linear ran for 0. secs (0.u,0.s) (success)
Tactic call build-eval-thunk-regression-linear ran for 0.008 secs (0.u,0.008s) (success)
Tactic call build-I-regression-linear ran for 0. secs (0.u,0.s) (success)
Tactic call check-I-regression-linear ran for 0.001 secs (0.u,0.s) (success)
Tactic call type-I-regression-linear ran for 0.001 secs (0.u,0.001s) (success)
Tactic call build-admit-regression-linear ran for 0. secs (0.u,0.s) (success)
Tactic call check-admit-regression-quadratic ran for 0.001 secs (0.u,0.001s) (success)
Tactic call type-admit-regression-quadratic ran for 0.002 secs (0.u,0.002s) (success)
Tactic call build-admit-cast-regression-linear ran for 0. secs (0.u,0.s) (success)
Tactic call check-admit-cast-regression-quadratic ran for 0.001 secs (0.001u,0.s) (success)
Tactic call type-admit-cast-regression-quadratic ran for 0.002 secs (0.001u,0.s) (success)
Tactic call build-pf-cast-regression-linear ran for 0. secs (0.u,0.s) (success)
Tactic call check-pf-cast-regression-quadratic ran for 0.002 secs (0.u,0.002s) (success)
Tactic call type-pf-cast-regression-quadratic ran for 0.001 secs (0.u,0.001s) (success)
Tactic call refine-regression-quadratic-regression-linear ran for 0.001 secs (0.001u,0.s) (success)
Tactic call fast_rewrite-regression-quadratic ran for 0.028 secs (0.007u,0.02s) (success)
Tactic call abstract-regression-quadratic ran for 0.033 secs (0.012u,0.021s) (success)
Tactic call close-abstract-regression-quadratic ran for 0.004 secs (0.004u,0.s)
Params: n= 100
Tactic call build-thunk-regression-linear ran for 0.077 secs (0.07u,0.007s) (success)
Tactic call eval-thunk-regression-linear ran for 0. secs (0.u,0.s) (success)
Tactic call build-eval-thunk-regression-linear ran for 0.077 secs (0.07u,0.007s) (success)
Tactic call build-I-regression-linear ran for 0.001 secs (0.u,0.s) (success)
Tactic call check-I-regression-linear ran for 0.002 secs (0.002u,0.s) (success)
Tactic call type-I-regression-linear ran for 0.003 secs (0.003u,0.s) (success)
Tactic call build-admit-regression-linear ran for 0. secs (0.u,0.s) (success)
Tactic call check-admit-regression-quadratic ran for 0.003 secs (0.003u,0.s) (success)
Tactic call type-admit-regression-quadratic ran for 0.005 secs (0.005u,0.s) (success)
Tactic call build-admit-cast-regression-linear ran for 0.001 secs (0.001u,0.s) (success)
Tactic call check-admit-cast-regression-quadratic ran for 0.004 secs (0.004u,0.s) (success)
Tactic call type-admit-cast-regression-quadratic ran for 0.003 secs (0.003u,0.s) (success)
Tactic call build-pf-cast-regression-linear ran for 0. secs (0.u,0.s) (success)
Tactic call check-pf-cast-regression-quadratic ran for 0.003 secs (0.003u,0.s) (success)
Tactic call type-pf-cast-regression-quadratic ran for 0.003 secs (0.003u,0.s) (success)
Tactic call refine-regression-quadratic-regression-linear ran for 0.003 secs (0.003u,0.s) (success)
Tactic call fast_rewrite-regression-quadratic ran for 0.115 secs (0.107u,0.007s) (success)
Tactic call abstract-regression-quadratic ran for 0.123 secs (0.115u,0.007s) (success)
Tactic call close-abstract-regression-quadratic ran for 0.006 secs (0.006u,0.s)
Params: n= 150
Tactic call build-thunk-regression-linear ran for 0.017 secs (0.017u,0.s) (success)
Tactic call eval-thunk-regression-linear ran for 0. secs (0.u,0.s) (success)
Tactic call build-eval-thunk-regression-linear ran for 0.017 secs (0.017u,0.s) (success)
Tactic call build-I-regression-linear ran for 0. secs (0.u,0.s) (success)
Tactic call check-I-regression-linear ran for 0.002 secs (0.002u,0.s) (success)
Tactic call type-I-regression-linear ran for 0.002 secs (0.002u,0.s) (success)
Tactic call build-admit-regression-linear ran for 0.001 secs (0.001u,0.s) (success)
Tactic call check-admit-regression-quadratic ran for 0.005 secs (0.005u,0.s) (success)
Tactic call type-admit-regression-quadratic ran for 0.005 secs (0.005u,0.s) (success)
Tactic call build-admit-cast-regression-linear ran for 0. secs (0.u,0.s) (success)
Tactic call check-admit-cast-regression-quadratic ran for 0.005 secs (0.005u,0.s) (success)
Tactic call type-admit-cast-regression-quadratic ran for 0.006 secs (0.006u,0.s) (success)
Tactic call build-pf-cast-regression-linear ran for 0. secs (0.u,0.s) (success)
Tactic call check-pf-cast-regression-quadratic ran for 0.005 secs (0.005u,0.s) (success)
Tactic call type-pf-cast-regression-quadratic ran for 0.006 secs (0.006u,0.s) (success)
Tactic call refine-regression-quadratic-regression-linear ran for 0.006 secs (0.006u,0.s) (success)
Tactic call fast_rewrite-regression-quadratic ran for 0.068 secs (0.068u,0.s) (success)
Tactic call abstract-regression-quadratic ran for 0.081 secs (0.081u,0.s) (success)
Tactic call close-abstract-regression-quadratic ran for 0.012 secs (0.012u,0.s)
Params: n= 200
Tactic call build-thunk-regression-linear ran for 0.022 secs (0.022u,0.s) (success)
Tactic call eval-thunk-regression-linear ran for 0. secs (0.u,0.s) (success)
Tactic call build-eval-thunk-regression-linear ran for 0.023 secs (0.023u,0.s) (success)
Tactic call build-I-regression-linear ran for 0.001 secs (0.001u,0.s) (success)
Tactic call check-I-regression-linear ran for 0.003 secs (0.003u,0.s) (success)
Tactic call type-I-regression-linear ran for 0.003 secs (0.003u,0.s) (success)
Tactic call build-admit-regression-linear ran for 0.001 secs (0.001u,0.s) (success)
Tactic call check-admit-regression-quadratic ran for 0.008 secs (0.008u,0.s) (success)
Tactic call type-admit-regression-quadratic ran for 0.009 secs (0.009u,0.s) (success)
Tactic call build-admit-cast-regression-linear ran for 0.001 secs (0.001u,0.s) (success)
Tactic call check-admit-cast-regression-quadratic ran for 0.009 secs (0.009u,0.s) (success)
Tactic call type-admit-cast-regression-quadratic ran for 0.009 secs (0.009u,0.s) (success)
Tactic call build-pf-cast-regression-linear ran for 0.001 secs (0.001u,0.s) (success)
Tactic call check-pf-cast-regression-quadratic ran for 0.009 secs (0.009u,0.s) (success)
Tactic call type-pf-cast-regression-quadratic ran for 0.009 secs (0.009u,0.s) (success)
Tactic call refine-regression-quadratic-regression-linear ran for 0.012 secs (0.012u,0.s) (success)
Tactic call fast_rewrite-regression-quadratic ran for 0.104 secs (0.104u,0.s) (success)
Tactic call abstract-regression-quadratic ran for 0.125 secs (0.125u,0.s) (success)
Tactic call close-abstract-regression-quadratic ran for 0.02 secs (0.02u,0.s)
Params: n= 250
Tactic call build-thunk-regression-linear ran for 0.024 secs (0.024u,0.s) (success)
Tactic call eval-thunk-regression-linear ran for 0. secs (0.u,0.s) (success)
Tactic call build-eval-thunk-regression-linear ran for 0.024 secs (0.024u,0.s) (success)
Tactic call build-I-regression-linear ran for 0.001 secs (0.001u,0.s) (success)
Tactic call check-I-regression-linear ran for 0.004 secs (0.004u,0.s) (success)
Tactic call type-I-regression-linear ran for 0.01 secs (0.01u,0.s) (success)
Tactic call build-admit-regression-linear ran for 0.001 secs (0.001u,0.s) (success)
Tactic call check-admit-regression-quadratic ran for 0.012 secs (0.012u,0.s) (success)
Tactic call type-admit-regression-quadratic ran for 0.012 secs (0.012u,0.s) (success)
Tactic call build-admit-cast-regression-linear ran for 0.001 secs (0.001u,0.s) (success)
Tactic call check-admit-cast-regression-quadratic ran for 0.013 secs (0.013u,0.s) (success)
Tactic call type-admit-cast-regression-quadratic ran for 0.013 secs (0.013u,0.s) (success)
Tactic call build-pf-cast-regression-linear ran for 0.001 secs (0.001u,0.s) (success)
Tactic call check-pf-cast-regression-quadratic ran for 0.013 secs (0.013u,0.s) (success)
Tactic call type-pf-cast-regression-quadratic ran for 0.012 secs (0.012u,0.s) (success)
Tactic call refine-regression-quadratic-regression-linear ran for 0.014 secs (0.014u,0.s) (success)
Tactic call fast_rewrite-regression-quadratic ran for 0.14 secs (0.14u,0.s) (success)
Tactic call abstract-regression-quadratic ran for 0.171 secs (0.171u,0.s) (success)
Tactic call close-abstract-regression-quadratic ran for 0.031 secs (0.031u,0.s)
Params: n= 300
Tactic call build-thunk-regression-linear ran for 0.029 secs (0.029u,0.s) (success)
Tactic call eval-thunk-regression-linear ran for 0. secs (0.u,0.s) (success)
Tactic call build-eval-thunk-regression-linear ran for 0.029 secs (0.029u,0.s) (success)
Tactic call build-I-regression-linear ran for 0.002 secs (0.002u,0.s) (success)
Tactic call check-I-regression-linear ran for 0.005 secs (0.005u,0.s) (success)
Tactic call type-I-regression-linear ran for 0.007 secs (0.007u,0.s) (success)
Tactic call build-admit-regression-linear ran for 0.002 secs (0.002u,0.s) (success)
Tactic call check-admit-regression-quadratic ran for 0.02 secs (0.02u,0.s) (success)
Tactic call type-admit-regression-quadratic ran for 0.021 secs (0.021u,0.s) (success)
Tactic call build-admit-cast-regression-linear ran for 0.002 secs (0.002u,0.s) (success)
Tactic call check-admit-cast-regression-quadratic ran for 0.017 secs (0.017u,0.s) (success)
Tactic call type-admit-cast-regression-quadratic ran for 0.017 secs (0.017u,0.s) (success)
Tactic call build-pf-cast-regression-linear ran for 0.002 secs (0.002u,0.s) (success)
Tactic call check-pf-cast-regression-quadratic ran for 0.017 secs (0.017u,0.s) (success)
Tactic call type-pf-cast-regression-quadratic ran for 0.02 secs (0.02u,0.s) (success)
Tactic call refine-regression-quadratic-regression-linear ran for 0.024 secs (0.024u,0.s) (success)
Tactic call fast_rewrite-regression-quadratic ran for 0.191 secs (0.191u,0.s) (success)
Tactic call abstract-regression-quadratic ran for 0.23 secs (0.23u,0.s) (success)
Tactic call close-abstract-regression-quadratic ran for 0.037 secs (0.037u,0.s)
Params: n= 350
Tactic call build-thunk-regression-linear ran for 0.042 secs (0.042u,0.s) (success)
Tactic call eval-thunk-regression-linear ran for 0. secs (0.u,0.s) (success)
Tactic call build-eval-thunk-regression-linear ran for 0.043 secs (0.043u,0.s) (success)
Tactic call build-I-regression-linear ran for 0.002 secs (0.002u,0.s) (success)
Tactic call check-I-regression-linear ran for 0.006 secs (0.006u,0.s) (success)
Tactic call type-I-regression-linear ran for 0.006 secs (0.006u,0.s) (success)
Tactic call build-admit-regression-linear ran for 0.002 secs (0.002u,0.s) (success)
Tactic call check-admit-regression-quadratic ran for 0.021 secs (0.021u,0.s) (success)
Tactic call type-admit-regression-quadratic ran for 0.022 secs (0.022u,0.s) (success)
Tactic call build-admit-cast-regression-linear ran for 0.002 secs (0.002u,0.s) (success)
Tactic call check-admit-cast-regression-quadratic ran for 0.022 secs (0.022u,0.s) (success)
Tactic call type-admit-cast-regression-quadratic ran for 0.028 secs (0.028u,0.s) (success)
Tactic call build-pf-cast-regression-linear ran for 0.002 secs (0.002u,0.s) (success)
Tactic call check-pf-cast-regression-quadratic ran for 0.022 secs (0.022u,0.s) (success)
Tactic call type-pf-cast-regression-quadratic ran for 0.024 secs (0.024u,0.s) (success)
Tactic call refine-regression-quadratic-regression-linear ran for 0.022 secs (0.022u,0.s) (success)
Tactic call fast_rewrite-regression-quadratic ran for 0.231 secs (0.231u,0.s) (success)
Tactic call abstract-regression-quadratic ran for 0.286 secs (0.285u,0.s) (success)
Tactic call close-abstract-regression-quadratic ran for 0.054 secs (0.054u,0.s)
Params: n= 400
Tactic call build-thunk-regression-linear ran for 0.037 secs (0.037u,0.s) (success)
Tactic call eval-thunk-regression-linear ran for 0. secs (0.u,0.s) (success)
Tactic call build-eval-thunk-regression-linear ran for 0.037 secs (0.037u,0.s) (success)
Tactic call build-I-regression-linear ran for 0.009 secs (0.009u,0.s) (success)
Tactic call check-I-regression-linear ran for 0.006 secs (0.006u,0.s) (success)
Tactic call type-I-regression-linear ran for 0.006 secs (0.006u,0.s) (success)
Tactic call build-admit-regression-linear ran for 0.002 secs (0.002u,0.s) (success)
Tactic call check-admit-regression-quadratic ran for 0.026 secs (0.026u,0.s) (success)
Tactic call type-admit-regression-quadratic ran for 0.026 secs (0.026u,0.s) (success)
Tactic call build-admit-cast-regression-linear ran for 0.002 secs (0.002u,0.s) (success)
Tactic call check-admit-cast-regression-quadratic ran for 0.027 secs (0.027u,0.s) (success)
Tactic call type-admit-cast-regression-quadratic ran for 0.038 secs (0.038u,0.s) (success)
Tactic call build-pf-cast-regression-linear ran for 0.002 secs (0.002u,0.s) (success)
Tactic call check-pf-cast-regression-quadratic ran for 0.027 secs (0.027u,0.s) (success)
Tactic call type-pf-cast-regression-quadratic ran for 0.027 secs (0.027u,0.s) (success)
Tactic call refine-regression-quadratic-regression-linear ran for 0.028 secs (0.028u,0.s) (success)
Tactic call fast_rewrite-regression-quadratic ran for 0.271 secs (0.271u,0.s) (success)
Tactic call abstract-regression-quadratic ran for 0.335 secs (0.335u,0.s) (success)
Tactic call close-abstract-regression-quadratic ran for 0.063 secs (0.063u,0.s)
