Params: n= 116
native_compute: Conversion to native code done in 0.00025
native_compute: Compilation done in 0.08454
native_compute: Evaluation done in 0.00104
native_compute: Reification done in 0.00021
Tactic call native_compute(1)-regression-quadratic ran for 0.086 secs (0.u,0.004s) (success)
native_compute: Conversion to native code done in 0.00027
native_compute: Compilation done in 0.08354
native_compute: Evaluation done in 0.00106
native_compute: Reification done in 0.00021
Tactic call native_compute(2)-regression-quadratic ran for 0.085 secs (0.u,0.003s) (success)
Params: n= 229
native_compute: Conversion to native code done in 0.00024
native_compute: Compilation done in 0.08448
native_compute: Evaluation done in 0.00130
native_compute: Reification done in 0.00034
Tactic call native_compute(1)-regression-quadratic ran for 0.086 secs (0.001u,0.003s) (success)
native_compute: Conversion to native code done in 0.00026
native_compute: Compilation done in 0.08334
native_compute: Evaluation done in 0.00131
native_compute: Reification done in 0.00034
Tactic call native_compute(2)-regression-quadratic ran for 0.085 secs (0.004u,0.s) (success)
Params: n= 343
native_compute: Conversion to native code done in 0.00025
native_compute: Compilation done in 0.08501
native_compute: Evaluation done in 0.00167
native_compute: Reification done in 0.00046
Tactic call native_compute(1)-regression-quadratic ran for 0.087 secs (0.001u,0.004s) (success)
native_compute: Conversion to native code done in 0.00027
native_compute: Compilation done in 0.08463
native_compute: Evaluation done in 0.00177
native_compute: Reification done in 0.00046
Tactic call native_compute(2)-regression-quadratic ran for 0.087 secs (0.001u,0.003s) (success)
Params: n= 456
native_compute: Conversion to native code done in 0.00025
native_compute: Compilation done in 0.08348
native_compute: Evaluation done in 0.00216
native_compute: Reification done in 0.00059
Tactic call native_compute(1)-regression-quadratic ran for 0.086 secs (0.002u,0.003s) (success)
native_compute: Conversion to native code done in 0.00027
native_compute: Compilation done in 0.08806
native_compute: Evaluation done in 0.00226
native_compute: Reification done in 0.00060
Tactic call native_compute(2)-regression-quadratic ran for 0.091 secs (0.002u,0.003s) (success)
Params: n= 570
native_compute: Conversion to native code done in 0.00025
native_compute: Compilation done in 0.08607
native_compute: Evaluation done in 0.00279
native_compute: Reification done in 0.00071
Tactic call native_compute(1)-regression-quadratic ran for 0.089 secs (0.002u,0.004s) (success)
native_compute: Conversion to native code done in 0.00029
native_compute: Compilation done in 0.08580
native_compute: Evaluation done in 0.00289
native_compute: Reification done in 0.00072
Tactic call native_compute(2)-regression-quadratic ran for 0.089 secs (0.006u,0.s) (success)
Params: n= 684
native_compute: Conversion to native code done in 0.00025
native_compute: Compilation done in 0.08776
native_compute: Evaluation done in 0.00393
native_compute: Reification done in 0.00088
Tactic call native_compute(1)-regression-quadratic ran for 0.092 secs (0.004u,0.003s) (success)
native_compute: Conversion to native code done in 0.00027
native_compute: Compilation done in 0.08712
native_compute: Evaluation done in 0.00394
native_compute: Reification done in 0.00085
Tactic call native_compute(2)-regression-quadratic ran for 0.092 secs (0.007u,0.s) (success)
Params: n= 797
native_compute: Conversion to native code done in 0.00025
native_compute: Compilation done in 0.08683
native_compute: Evaluation done in 0.00472
native_compute: Reification done in 0.00097
Tactic call native_compute(1)-regression-quadratic ran for 0.092 secs (0.008u,0.s) (success)
native_compute: Conversion to native code done in 0.00026
native_compute: Compilation done in 0.08248
native_compute: Evaluation done in 0.00495
native_compute: Reification done in 0.00099
Tactic call native_compute(2)-regression-quadratic ran for 0.088 secs (0.004u,0.004s) (success)
Params: n= 911
native_compute: Conversion to native code done in 0.00026
native_compute: Compilation done in 0.08379
native_compute: Evaluation done in 0.00557
native_compute: Reification done in 0.02752
Tactic call native_compute(1)-regression-quadratic ran for 0.117 secs (0.028u,0.007s) (success)
native_compute: Conversion to native code done in 0.00027
native_compute: Compilation done in 0.08480
native_compute: Evaluation done in 0.00578
native_compute: Reification done in 0.00114
Tactic call native_compute(2)-regression-quadratic ran for 0.092 secs (0.006u,0.003s) (success)
Params: n= 1025
native_compute: Conversion to native code done in 0.00025
native_compute: Compilation done in 0.08906
native_compute: Evaluation done in 0.00604
native_compute: Reification done in 0.00127
Tactic call native_compute(1)-regression-quadratic ran for 0.096 secs (0.006u,0.003s) (success)
native_compute: Conversion to native code done in 0.00027
native_compute: Compilation done in 0.08474
native_compute: Evaluation done in 0.00715
native_compute: Reification done in 0.00126
Tactic call native_compute(2)-regression-quadratic ran for 0.093 secs (0.011u,0.s) (success)
Params: n= 1138
native_compute: Conversion to native code done in 0.00025
native_compute: Compilation done in 0.08453
native_compute: Evaluation done in 0.00854
native_compute: Reification done in 0.00162
Tactic call native_compute(1)-regression-quadratic ran for 0.095 secs (0.009u,0.003s) (success)
native_compute: Conversion to native code done in 0.00027
native_compute: Compilation done in 0.08472
native_compute: Evaluation done in 0.00818
native_compute: Reification done in 0.00138
Tactic call native_compute(2)-regression-quadratic ran for 0.094 secs (0.011u,0.s) (success)
Params: n= 1252
native_compute: Conversion to native code done in 0.00025
native_compute: Compilation done in 0.08397
native_compute: Evaluation done in 0.00853
native_compute: Reification done in 0.00150
Tactic call native_compute(1)-regression-quadratic ran for 0.094 secs (0.012u,0.s) (success)
native_compute: Conversion to native code done in 0.00027
native_compute: Compilation done in 0.08469
native_compute: Evaluation done in 0.00880
native_compute: Reification done in 0.00152
Tactic call native_compute(2)-regression-quadratic ran for 0.095 secs (0.009u,0.003s) (success)
Params: n= 1365
native_compute: Conversion to native code done in 0.00025
native_compute: Compilation done in 0.08833
native_compute: Evaluation done in 0.01118
native_compute: Reification done in 0.00178
Tactic call native_compute(1)-regression-quadratic ran for 0.101 secs (0.016u,0.s) (success)
native_compute: Conversion to native code done in 0.00026
native_compute: Compilation done in 0.11470
native_compute: Evaluation done in 0.00979
native_compute: Reification done in 0.00163
Tactic call native_compute(2)-regression-quadratic ran for 0.126 secs (0.04u,0.s) (success)
Params: n= 1479
native_compute: Conversion to native code done in 0.00025
native_compute: Compilation done in 0.08797
native_compute: Evaluation done in 0.01328
native_compute: Reification done in 0.00179
Tactic call native_compute(1)-regression-quadratic ran for 0.103 secs (0.018u,0.s) (success)
native_compute: Conversion to native code done in 0.00027
native_compute: Compilation done in 0.08725
native_compute: Evaluation done in 0.01412
native_compute: Reification done in 0.00176
Tactic call native_compute(2)-regression-quadratic ran for 0.103 secs (0.018u,0.s) (success)
Params: n= 1593
native_compute: Conversion to native code done in 0.00025
native_compute: Compilation done in 0.08679
native_compute: Evaluation done in 0.01396
native_compute: Reification done in 0.00192
Tactic call native_compute(1)-regression-quadratic ran for 0.103 secs (0.015u,0.004s) (success)
native_compute: Conversion to native code done in 0.00027
native_compute: Compilation done in 0.08684
native_compute: Evaluation done in 0.01313
native_compute: Reification done in 0.00189
Tactic call native_compute(2)-regression-quadratic ran for 0.102 secs (0.018u,0.s) (success)
Params: n= 1706
native_compute: Conversion to native code done in 0.00025
native_compute: Compilation done in 0.08831
native_compute: Evaluation done in 0.01857
native_compute: Reification done in 0.00209
Tactic call native_compute(1)-regression-quadratic ran for 0.109 secs (0.023u,0.s) (success)
native_compute: Conversion to native code done in 0.00026
native_compute: Compilation done in 0.08949
native_compute: Evaluation done in 0.01779
native_compute: Reification done in 0.00202
Tactic call native_compute(2)-regression-quadratic ran for 0.109 secs (0.023u,0.s) (success)
Params: n= 1820
native_compute: Conversion to native code done in 0.00025
native_compute: Compilation done in 0.08811
native_compute: Evaluation done in 0.01667
native_compute: Reification done in 0.00217
Tactic call native_compute(1)-regression-quadratic ran for 0.107 secs (0.022u,0.s) (success)
native_compute: Conversion to native code done in 0.00027
native_compute: Compilation done in 0.08913
native_compute: Evaluation done in 0.01930
native_compute: Reification done in 0.00214
Tactic call native_compute(2)-regression-quadratic ran for 0.111 secs (0.021u,0.003s) (success)
Params: n= 1933
native_compute: Conversion to native code done in 0.00025
native_compute: Compilation done in 0.08402
native_compute: Evaluation done in 0.01985
native_compute: Reification done in 0.00229
Tactic call native_compute(1)-regression-quadratic ran for 0.106 secs (0.021u,0.003s) (success)
native_compute: Conversion to native code done in 0.00027
native_compute: Compilation done in 0.08419
native_compute: Evaluation done in 0.01831
native_compute: Reification done in 0.00225
Tactic call native_compute(2)-regression-quadratic ran for 0.105 secs (0.019u,0.003s) (success)
Params: n= 2047
native_compute: Conversion to native code done in 0.00027
native_compute: Compilation done in 0.08346
native_compute: Evaluation done in 0.02074
native_compute: Reification done in 0.00234
Tactic call native_compute(1)-regression-quadratic ran for 0.106 secs (0.026u,0.s) (success)
native_compute: Conversion to native code done in 0.00026
native_compute: Compilation done in 0.08374
native_compute: Evaluation done in 0.02302
native_compute: Reification done in 0.00239
Tactic call native_compute(2)-regression-quadratic ran for 0.109 secs (0.025u,0.003s) (success)
Params: n= 2161
native_compute: Conversion to native code done in 0.00025
native_compute: Compilation done in 0.08402
native_compute: Evaluation done in 0.02268
native_compute: Reification done in 0.00249
Tactic call native_compute(1)-regression-quadratic ran for 0.109 secs (0.024u,0.004s) (success)
native_compute: Conversion to native code done in 0.00027
native_compute: Compilation done in 0.08466
native_compute: Evaluation done in 0.02259
native_compute: Reification done in 0.00250
Tactic call native_compute(2)-regression-quadratic ran for 0.11 secs (0.024u,0.003s) (success)
Params: n= 2274
native_compute: Conversion to native code done in 0.00025
native_compute: Compilation done in 0.08334
native_compute: Evaluation done in 0.04945
native_compute: Reification done in 0.00264
Tactic call native_compute(1)-regression-quadratic ran for 0.135 secs (0.047u,0.007s) (success)
native_compute: Conversion to native code done in 0.00027
native_compute: Compilation done in 0.08440
native_compute: Evaluation done in 0.02462
native_compute: Reification done in 0.00268
Tactic call native_compute(2)-regression-quadratic ran for 0.112 secs (0.026u,0.003s) (success)
Params: n= 2388
native_compute: Conversion to native code done in 0.00025
native_compute: Compilation done in 0.08575
native_compute: Evaluation done in 0.02699
native_compute: Reification done in 0.00279
Tactic call native_compute(1)-regression-quadratic ran for 0.115 secs (0.032u,0.s) (success)
native_compute: Conversion to native code done in 0.00027
native_compute: Compilation done in 0.08687
native_compute: Evaluation done in 0.03288
native_compute: Reification done in 0.00281
Tactic call native_compute(2)-regression-quadratic ran for 0.123 secs (0.039u,0.s) (success)
Params: n= 2502
native_compute: Conversion to native code done in 0.00025
native_compute: Compilation done in 0.08536
native_compute: Evaluation done in 0.03640
native_compute: Reification done in 0.00290
Tactic call native_compute(1)-regression-quadratic ran for 0.125 secs (0.042u,0.s) (success)
native_compute: Conversion to native code done in 0.00027
native_compute: Compilation done in 0.08562
native_compute: Evaluation done in 0.06086
native_compute: Reification done in 0.00289
Tactic call native_compute(2)-regression-quadratic ran for 0.149 secs (0.058u,0.008s) (success)
Params: n= 2615
native_compute: Conversion to native code done in 0.00025
native_compute: Compilation done in 0.08533
native_compute: Evaluation done in 0.03195
native_compute: Reification done in 0.00302
Tactic call native_compute(1)-regression-quadratic ran for 0.12 secs (0.038u,0.s) (success)
native_compute: Conversion to native code done in 0.00028
native_compute: Compilation done in 0.08586
native_compute: Evaluation done in 0.14300
native_compute: Reification done in 0.00301
Tactic call native_compute(2)-regression-quadratic ran for 0.232 secs (0.129u,0.019s) (success)
Params: n= 2729
native_compute: Conversion to native code done in 0.00025
native_compute: Compilation done in 0.08477
native_compute: Evaluation done in 0.03697
native_compute: Reification done in 0.00315
Tactic call native_compute(1)-regression-quadratic ran for 0.125 secs (0.039u,0.003s) (success)
native_compute: Conversion to native code done in 0.00027
native_compute: Compilation done in 0.08492
native_compute: Evaluation done in 0.04625
native_compute: Reification done in 0.00314
Tactic call native_compute(2)-regression-quadratic ran for 0.134 secs (0.044u,0.008s) (success)
Params: n= 2842
native_compute: Conversion to native code done in 0.00026
native_compute: Compilation done in 0.08465
native_compute: Evaluation done in 0.03742
native_compute: Reification done in 0.00325
Tactic call native_compute(1)-regression-quadratic ran for 0.125 secs (0.032u,0.011s) (success)
native_compute: Conversion to native code done in 0.00026
native_compute: Compilation done in 0.08396
native_compute: Evaluation done in 0.06853
native_compute: Reification done in 0.00324
Tactic call native_compute(2)-regression-quadratic ran for 0.156 secs (0.07u,0.004s) (success)
Params: n= 2956
native_compute: Conversion to native code done in 0.00025
native_compute: Compilation done in 0.08484
native_compute: Evaluation done in 0.05010
native_compute: Reification done in 0.00342
Tactic call native_compute(1)-regression-quadratic ran for 0.138 secs (0.053u,0.003s) (success)
native_compute: Conversion to native code done in 0.00027
native_compute: Compilation done in 0.08519
native_compute: Evaluation done in 0.05381
native_compute: Reification done in 0.00342
Tactic call native_compute(2)-regression-quadratic ran for 0.142 secs (0.056u,0.004s) (success)
Params: n= 3070
native_compute: Conversion to native code done in 0.00025
native_compute: Compilation done in 0.08549
native_compute: Evaluation done in 0.04326
native_compute: Reification done in 0.00350
Tactic call native_compute(1)-regression-quadratic ran for 0.132 secs (0.05u,0.s) (success)
native_compute: Conversion to native code done in 0.00027
native_compute: Compilation done in 0.08538
native_compute: Evaluation done in 0.05435
native_compute: Reification done in 0.00354
Tactic call native_compute(2)-regression-quadratic ran for 0.143 secs (0.057u,0.003s) (success)
Params: n= 3183
native_compute: Conversion to native code done in 0.00025
native_compute: Compilation done in 0.08565
native_compute: Evaluation done in 0.06032
native_compute: Reification done in 0.00359
Tactic call native_compute(1)-regression-quadratic ran for 0.15 secs (0.059u,0.007s) (success)
native_compute: Conversion to native code done in 0.00029
native_compute: Compilation done in 0.08651
native_compute: Evaluation done in 0.04819
native_compute: Reification done in 0.00361
Tactic call native_compute(2)-regression-quadratic ran for 0.138 secs (0.055u,0.s) (success)
Params: n= 3297
native_compute: Conversion to native code done in 0.00028
native_compute: Compilation done in 0.08669
native_compute: Evaluation done in 0.07587
native_compute: Reification done in 0.00370
Tactic call native_compute(1)-regression-quadratic ran for 0.166 secs (0.079u,0.003s) (success)
native_compute: Conversion to native code done in 0.00027
native_compute: Compilation done in 0.08836
native_compute: Evaluation done in 0.06055
native_compute: Reification done in 0.00374
Tactic call native_compute(2)-regression-quadratic ran for 0.153 secs (0.063u,0.003s) (success)
Params: n= 3410
native_compute: Conversion to native code done in 0.00025
native_compute: Compilation done in 0.08676
native_compute: Evaluation done in 0.08441
native_compute: Reification done in 0.00384
Tactic call native_compute(1)-regression-quadratic ran for 0.175 secs (0.088u,0.003s) (success)
native_compute: Conversion to native code done in 0.00027
native_compute: Compilation done in 0.08500
native_compute: Evaluation done in 0.05271
native_compute: Reification done in 0.00387
Tactic call native_compute(2)-regression-quadratic ran for 0.142 secs (0.059u,0.s) (success)
Params: n= 3524
native_compute: Conversion to native code done in 0.00025
native_compute: Compilation done in 0.08424
native_compute: Evaluation done in 0.11918
native_compute: Reification done in 0.00403
Tactic call native_compute(1)-regression-quadratic ran for 0.207 secs (0.122u,0.003s) (success)
native_compute: Conversion to native code done in 0.00027
native_compute: Compilation done in 0.08498
native_compute: Evaluation done in 0.06093
native_compute: Reification done in 0.00400
Tactic call native_compute(2)-regression-quadratic ran for 0.15 secs (0.068u,0.s) (success)
Params: n= 3638
native_compute: Conversion to native code done in 0.00025
native_compute: Compilation done in 0.08558
native_compute: Evaluation done in 0.06539
native_compute: Reification done in 0.00421
Tactic call native_compute(1)-regression-quadratic ran for 0.155 secs (0.068u,0.004s) (success)
native_compute: Conversion to native code done in 0.00027
native_compute: Compilation done in 0.08451
native_compute: Evaluation done in 0.07397
native_compute: Reification done in 0.00416
Tactic call native_compute(2)-regression-quadratic ran for 0.163 secs (0.073u,0.007s) (success)
Params: n= 3751
native_compute: Conversion to native code done in 0.00025
native_compute: Compilation done in 0.08531
native_compute: Evaluation done in 0.06564
native_compute: Reification done in 0.00870
Tactic call native_compute(1)-regression-quadratic ran for 0.16 secs (0.073u,0.003s) (success)
native_compute: Conversion to native code done in 0.00027
native_compute: Compilation done in 0.08552
native_compute: Evaluation done in 0.07042
native_compute: Reification done in 0.00426
Tactic call native_compute(2)-regression-quadratic ran for 0.16 secs (0.073u,0.004s) (success)
Params: n= 3865
native_compute: Conversion to native code done in 0.00025
native_compute: Compilation done in 0.08470
native_compute: Evaluation done in 0.06878
native_compute: Reification done in 0.00430
Tactic call native_compute(1)-regression-quadratic ran for 0.158 secs (0.076u,0.s) (success)
native_compute: Conversion to native code done in 0.00026
native_compute: Compilation done in 0.08524
native_compute: Evaluation done in 0.08685
native_compute: Reification done in 0.00428
Tactic call native_compute(2)-regression-quadratic ran for 0.176 secs (0.09u,0.003s) (success)
Params: n= 3979
native_compute: Conversion to native code done in 0.00025
native_compute: Compilation done in 0.08454
native_compute: Evaluation done in 0.07274
native_compute: Reification done in 0.00446
Tactic call native_compute(1)-regression-quadratic ran for 0.162 secs (0.08u,0.s) (success)
native_compute: Conversion to native code done in 0.00027
native_compute: Compilation done in 0.08463
native_compute: Evaluation done in 0.08809
native_compute: Reification done in 0.00449
Tactic call native_compute(2)-regression-quadratic ran for 0.177 secs (0.092u,0.003s) (success)
Params: n= 4092
native_compute: Conversion to native code done in 0.00025
native_compute: Compilation done in 0.08447
native_compute: Evaluation done in 0.07615
native_compute: Reification done in 0.00458
Tactic call native_compute(1)-regression-quadratic ran for 0.165 secs (0.08u,0.004s) (success)
native_compute: Conversion to native code done in 0.00026
native_compute: Compilation done in 0.08505
native_compute: Evaluation done in 0.09716
native_compute: Reification done in 0.00463
Tactic call native_compute(2)-regression-quadratic ran for 0.187 secs (0.101u,0.004s) (success)
Params: n= 4206
native_compute: Conversion to native code done in 0.00025
native_compute: Compilation done in 0.08556
native_compute: Evaluation done in 0.08300
native_compute: Reification done in 0.00474
Tactic call native_compute(1)-regression-quadratic ran for 0.173 secs (0.087u,0.003s) (success)
native_compute: Conversion to native code done in 0.00026
native_compute: Compilation done in 0.08642
native_compute: Evaluation done in 0.08296
native_compute: Reification done in 0.00468
Tactic call native_compute(2)-regression-quadratic ran for 0.174 secs (0.087u,0.003s) (success)
Params: n= 4319
native_compute: Conversion to native code done in 0.00025
native_compute: Compilation done in 0.08654
native_compute: Evaluation done in 0.08750
native_compute: Reification done in 0.00480
Tactic call native_compute(1)-regression-quadratic ran for 0.179 secs (0.091u,0.004s) (success)
native_compute: Conversion to native code done in 0.00029
native_compute: Compilation done in 0.08894
native_compute: Evaluation done in 0.08824
native_compute: Reification done in 0.00489
Tactic call native_compute(2)-regression-quadratic ran for 0.182 secs (0.096u,0.s) (success)
Params: n= 4433
native_compute: Conversion to native code done in 0.00025
native_compute: Compilation done in 0.08594
native_compute: Evaluation done in 0.09351
native_compute: Reification done in 0.00500
Tactic call native_compute(1)-regression-quadratic ran for 0.184 secs (0.102u,0.s) (success)
native_compute: Conversion to native code done in 0.00027
native_compute: Compilation done in 0.08617
native_compute: Evaluation done in 0.09616
native_compute: Reification done in 0.00501
Tactic call native_compute(2)-regression-quadratic ran for 0.187 secs (0.104u,0.s) (success)
Params: n= 4547
native_compute: Conversion to native code done in 0.00025
native_compute: Compilation done in 0.08530
native_compute: Evaluation done in 0.09882
native_compute: Reification done in 0.00518
Tactic call native_compute(1)-regression-quadratic ran for 0.189 secs (0.095u,0.011s) (success)
native_compute: Conversion to native code done in 0.00027
native_compute: Compilation done in 0.08641
native_compute: Evaluation done in 0.09528
native_compute: Reification done in 0.00509
Tactic call native_compute(2)-regression-quadratic ran for 0.187 secs (0.099u,0.003s) (success)
Params: n= 4660
native_compute: Conversion to native code done in 0.00025
native_compute: Compilation done in 0.08476
native_compute: Evaluation done in 0.11109
native_compute: Reification done in 0.00515
Tactic call native_compute(1)-regression-quadratic ran for 0.201 secs (0.119u,0.s) (success)
native_compute: Conversion to native code done in 0.00026
native_compute: Compilation done in 0.08645
native_compute: Evaluation done in 0.12689
native_compute: Reification done in 0.00517
Tactic call native_compute(2)-regression-quadratic ran for 0.218 secs (0.131u,0.003s) (success)
Params: n= 4774
native_compute: Conversion to native code done in 0.00025
native_compute: Compilation done in 0.08578
native_compute: Evaluation done in 0.10953
native_compute: Reification done in 0.00529
Tactic call native_compute(1)-regression-quadratic ran for 0.201 secs (0.114u,0.003s) (success)
native_compute: Conversion to native code done in 0.00027
native_compute: Compilation done in 0.08654
native_compute: Evaluation done in 0.10619
native_compute: Reification done in 0.01061
Tactic call native_compute(2)-regression-quadratic ran for 0.203 secs (0.116u,0.004s) (success)
Params: n= 4887
native_compute: Conversion to native code done in 0.00025
native_compute: Compilation done in 0.08578
native_compute: Evaluation done in 0.10973
native_compute: Reification done in 0.00540
Tactic call native_compute(1)-regression-quadratic ran for 0.201 secs (0.106u,0.012s) (success)
native_compute: Conversion to native code done in 0.00026
native_compute: Compilation done in 0.08592
native_compute: Evaluation done in 0.11279
native_compute: Reification done in 0.01052
Tactic call native_compute(2)-regression-quadratic ran for 0.209 secs (0.122u,0.003s) (success)
Params: n= 5001
native_compute: Conversion to native code done in 0.00024
native_compute: Compilation done in 0.08612
native_compute: Evaluation done in 0.14673
native_compute: Reification done in 0.00557
Tactic call native_compute(1)-regression-quadratic ran for 0.238 secs (0.151u,0.003s) (success)
native_compute: Conversion to native code done in 0.00027
native_compute: Compilation done in 0.08541
native_compute: Evaluation done in 0.13346
native_compute: Reification done in 0.00555
Tactic call native_compute(2)-regression-quadratic ran for 0.224 secs (0.134u,0.007s) (success)
Params: n= 5115
native_compute: Conversion to native code done in 0.00027
native_compute: Compilation done in 0.08519
native_compute: Evaluation done in 0.13548
native_compute: Reification done in 0.00580
Tactic call native_compute(1)-regression-quadratic ran for 0.226 secs (0.144u,0.s) (success)
native_compute: Conversion to native code done in 0.00027
native_compute: Compilation done in 0.08738
native_compute: Evaluation done in 0.12199
native_compute: Reification done in 0.00582
Tactic call native_compute(2)-regression-quadratic ran for 0.215 secs (0.123u,0.007s) (success)
Params: n= 5228
native_compute: Conversion to native code done in 0.00025
native_compute: Compilation done in 0.08557
native_compute: Evaluation done in 0.14548
native_compute: Reification done in 0.00577
Tactic call native_compute(1)-regression-quadratic ran for 0.237 secs (0.154u,0.s) (success)
native_compute: Conversion to native code done in 0.00026
native_compute: Compilation done in 0.08582
native_compute: Evaluation done in 0.16237
native_compute: Reification done in 0.00589
Tactic call native_compute(2)-regression-quadratic ran for 0.254 secs (0.167u,0.003s) (success)
Params: n= 5342
native_compute: Conversion to native code done in 0.00025
native_compute: Compilation done in 0.08653
native_compute: Evaluation done in 0.12876
native_compute: Reification done in 0.00587
Tactic call native_compute(1)-regression-quadratic ran for 0.221 secs (0.138u,0.s) (success)
native_compute: Conversion to native code done in 0.00027
native_compute: Compilation done in 0.08716
native_compute: Evaluation done in 0.13073
native_compute: Reification done in 0.00586
Tactic call native_compute(2)-regression-quadratic ran for 0.224 secs (0.128u,0.011s) (success)
Params: n= 5456
native_compute: Conversion to native code done in 0.00026
native_compute: Compilation done in 0.08675
native_compute: Evaluation done in 0.13346
native_compute: Reification done in 0.00603
Tactic call native_compute(1)-regression-quadratic ran for 0.226 secs (0.143u,0.s) (success)
native_compute: Conversion to native code done in 0.00027
native_compute: Compilation done in 0.09134
native_compute: Evaluation done in 0.15010
native_compute: Reification done in 0.00609
Tactic call native_compute(2)-regression-quadratic ran for 0.247 secs (0.151u,0.007s) (success)
Params: n= 5569
native_compute: Conversion to native code done in 0.00025
native_compute: Compilation done in 0.09197
native_compute: Evaluation done in 0.14637
native_compute: Reification done in 0.00624
Tactic call native_compute(1)-regression-quadratic ran for 0.245 secs (0.156u,0.s) (success)
native_compute: Conversion to native code done in 0.00027
native_compute: Compilation done in 0.08960
native_compute: Evaluation done in 0.14337
native_compute: Reification done in 0.00614
Tactic call native_compute(2)-regression-quadratic ran for 0.239 secs (0.152u,0.s) (success)
Params: n= 5683
native_compute: Conversion to native code done in 0.00025
native_compute: Compilation done in 0.09070
native_compute: Evaluation done in 0.18289
native_compute: Reification done in 0.00638
Tactic call native_compute(1)-regression-quadratic ran for 0.28 secs (0.189u,0.003s) (success)
native_compute: Conversion to native code done in 0.00026
native_compute: Compilation done in 0.08987
native_compute: Evaluation done in 0.14856
native_compute: Reification done in 0.00623
Tactic call native_compute(2)-regression-quadratic ran for 0.245 secs (0.15u,0.007s) (success)
Params: n= 5796
native_compute: Conversion to native code done in 0.00025
native_compute: Compilation done in 0.08871
native_compute: Evaluation done in 0.16277
native_compute: Reification done in 0.00640
Tactic call native_compute(1)-regression-quadratic ran for 0.258 secs (0.172u,0.s) (success)
native_compute: Conversion to native code done in 0.00027
native_compute: Compilation done in 0.08902
native_compute: Evaluation done in 0.17918
native_compute: Reification done in 0.00630
Tactic call native_compute(2)-regression-quadratic ran for 0.274 secs (0.177u,0.011s) (success)
Params: n= 5910
native_compute: Conversion to native code done in 0.00025
native_compute: Compilation done in 0.08960
native_compute: Evaluation done in 0.15724
native_compute: Reification done in 0.00649
Tactic call native_compute(1)-regression-quadratic ran for 0.253 secs (0.163u,0.003s) (success)
native_compute: Conversion to native code done in 0.00027
native_compute: Compilation done in 0.09153
native_compute: Evaluation done in 0.16922
native_compute: Reification done in 0.00658
Tactic call native_compute(2)-regression-quadratic ran for 0.267 secs (0.175u,0.003s) (success)
Params: n= 6221
native_compute: Conversion to native code done in 0.00025
native_compute: Compilation done in 0.08947
native_compute: Evaluation done in 0.17531
native_compute: Reification done in 0.00823
Tactic call native_compute(1)-regression-quadratic ran for 0.273 secs (0.183u,0.003s) (success)
native_compute: Conversion to native code done in 0.00026
native_compute: Compilation done in 0.09004
native_compute: Evaluation done in 0.17823
native_compute: Reification done in 0.00686
Tactic call native_compute(2)-regression-quadratic ran for 0.275 secs (0.184u,0.004s) (success)
Params: n= 6532
native_compute: Conversion to native code done in 0.00024
native_compute: Compilation done in 0.08928
native_compute: Evaluation done in 0.19267
native_compute: Reification done in 0.00706
Tactic call native_compute(1)-regression-quadratic ran for 0.289 secs (0.199u,0.003s) (success)
native_compute: Conversion to native code done in 0.00026
native_compute: Compilation done in 0.08980
native_compute: Evaluation done in 0.19611
native_compute: Reification done in 0.00718
Tactic call native_compute(2)-regression-quadratic ran for 0.293 secs (0.198u,0.007s) (success)
Params: n= 6843
native_compute: Conversion to native code done in 0.00024
native_compute: Compilation done in 0.08885
native_compute: Evaluation done in 0.21137
native_compute: Reification done in 0.00764
Tactic call native_compute(1)-regression-quadratic ran for 0.308 secs (0.222u,0.s) (success)
native_compute: Conversion to native code done in 0.00027
native_compute: Compilation done in 0.08970
native_compute: Evaluation done in 0.22108
native_compute: Reification done in 0.00808
Tactic call native_compute(2)-regression-quadratic ran for 0.319 secs (0.228u,0.004s) (success)
Params: n= 7154
native_compute: Conversion to native code done in 0.00028
native_compute: Compilation done in 0.09036
native_compute: Evaluation done in 0.23135
native_compute: Reification done in 0.00778
Tactic call native_compute(1)-regression-quadratic ran for 0.329 secs (0.234u,0.007s) (success)
native_compute: Conversion to native code done in 0.00026
native_compute: Compilation done in 0.09122
native_compute: Evaluation done in 0.23693
native_compute: Reification done in 0.00779
Tactic call native_compute(2)-regression-quadratic ran for 0.336 secs (0.236u,0.012s) (success)
Params: n= 7465
native_compute: Conversion to native code done in 0.00025
native_compute: Compilation done in 0.09043
native_compute: Evaluation done in 0.24685
native_compute: Reification done in 0.00812
Tactic call native_compute(1)-regression-quadratic ran for 0.345 secs (0.258u,0.s) (success)
native_compute: Conversion to native code done in 0.00026
native_compute: Compilation done in 0.08889
native_compute: Evaluation done in 0.25416
native_compute: Reification done in 0.00817
Tactic call native_compute(2)-regression-quadratic ran for 0.351 secs (0.25u,0.015s) (success)
Params: n= 7776
native_compute: Conversion to native code done in 0.00025
native_compute: Compilation done in 0.08838
native_compute: Evaluation done in 0.26878
native_compute: Reification done in 0.00848
Tactic call native_compute(1)-regression-quadratic ran for 0.366 secs (0.276u,0.004s) (success)
native_compute: Conversion to native code done in 0.00027
native_compute: Compilation done in 0.09067
native_compute: Evaluation done in 0.27739
native_compute: Reification done in 0.00854
Tactic call native_compute(2)-regression-quadratic ran for 0.377 secs (0.281u,0.007s) (success)
Params: n= 8087
native_compute: Conversion to native code done in 0.00025
native_compute: Compilation done in 0.08917
native_compute: Evaluation done in 0.29260
native_compute: Reification done in 0.00883
Tactic call native_compute(1)-regression-quadratic ran for 0.391 secs (0.297u,0.007s) (success)
native_compute: Conversion to native code done in 0.00027
native_compute: Compilation done in 0.08952
native_compute: Evaluation done in 0.30388
native_compute: Reification done in 0.00864
Tactic call native_compute(2)-regression-quadratic ran for 0.402 secs (0.308u,0.008s) (success)
Params: n= 8398
native_compute: Conversion to native code done in 0.00024
native_compute: Compilation done in 0.08832
native_compute: Evaluation done in 0.31098
native_compute: Reification done in 0.00910
Tactic call native_compute(1)-regression-quadratic ran for 0.408 secs (0.315u,0.007s) (success)
native_compute: Conversion to native code done in 0.00027
native_compute: Compilation done in 0.08916
native_compute: Evaluation done in 0.40892
native_compute: Reification done in 0.00921
Tactic call native_compute(2)-regression-quadratic ran for 0.507 secs (0.417u,0.003s) (success)
Params: n= 8709
native_compute: Conversion to native code done in 0.00024
native_compute: Compilation done in 0.08879
native_compute: Evaluation done in 0.34738
native_compute: Reification done in 0.00943
Tactic call native_compute(1)-regression-quadratic ran for 0.446 secs (0.356u,0.003s) (success)
native_compute: Conversion to native code done in 0.00027
native_compute: Compilation done in 0.08909
native_compute: Evaluation done in 0.34799
native_compute: Reification done in 0.00948
Tactic call native_compute(2)-regression-quadratic ran for 0.447 secs (0.356u,0.004s) (success)
Params: n= 9019
native_compute: Conversion to native code done in 0.00025
native_compute: Compilation done in 0.08946
native_compute: Evaluation done in 0.39027
native_compute: Reification done in 0.00988
Tactic call native_compute(1)-regression-quadratic ran for 0.49 secs (0.399u,0.003s) (success)
native_compute: Conversion to native code done in 0.00027
native_compute: Compilation done in 0.08906
native_compute: Evaluation done in 0.37432
native_compute: Reification done in 0.00982
Tactic call native_compute(2)-regression-quadratic ran for 0.473 secs (0.379u,0.007s) (success)
Params: n= 9330
native_compute: Conversion to native code done in 0.00027
native_compute: Compilation done in 0.08844
native_compute: Evaluation done in 0.38741
native_compute: Reification done in 0.01023
Tactic call native_compute(1)-regression-quadratic ran for 0.486 secs (0.397u,0.004s) (success)
native_compute: Conversion to native code done in 0.00030
native_compute: Compilation done in 0.08876
native_compute: Evaluation done in 0.42799
native_compute: Reification done in 0.01032
Tactic call native_compute(2)-regression-quadratic ran for 0.527 secs (0.441u,0.s) (success)
Params: n= 9641
native_compute: Conversion to native code done in 0.00025
native_compute: Compilation done in 0.08955
native_compute: Evaluation done in 0.40607
native_compute: Reification done in 0.01038
Tactic call native_compute(1)-regression-quadratic ran for 0.506 secs (0.416u,0.003s) (success)
native_compute: Conversion to native code done in 0.00027
native_compute: Compilation done in 0.08900
native_compute: Evaluation done in 0.42275
native_compute: Reification done in 0.01061
Tactic call native_compute(2)-regression-quadratic ran for 0.522 secs (0.432u,0.004s) (success)
Params: n= 9952
native_compute: Conversion to native code done in 0.00025
native_compute: Compilation done in 0.08901
native_compute: Evaluation done in 0.44586
native_compute: Reification done in 0.01347
Tactic call native_compute(1)-regression-quadratic ran for 0.548 secs (0.458u,0.004s) (success)
native_compute: Conversion to native code done in 0.00029
native_compute: Compilation done in 0.09007
native_compute: Evaluation done in 0.48692
native_compute: Reification done in 0.01097
Tactic call native_compute(2)-regression-quadratic ran for 0.588 secs (0.497u,0.003s) (success)
Params: n= 10263
native_compute: Conversion to native code done in 0.00025
native_compute: Compilation done in 0.08901
native_compute: Evaluation done in 0.45922
native_compute: Reification done in 0.01125
Tactic call native_compute(1)-regression-quadratic ran for 0.559 secs (0.466u,0.007s) (success)
native_compute: Conversion to native code done in 0.00026
native_compute: Compilation done in 0.08880
native_compute: Evaluation done in 0.48230
native_compute: Reification done in 0.01466
Tactic call native_compute(2)-regression-quadratic ran for 0.586 secs (0.484u,0.016s) (success)
Params: n= 10574
native_compute: Conversion to native code done in 0.00025
native_compute: Compilation done in 0.08942
native_compute: Evaluation done in 0.49416
native_compute: Reification done in 0.01155
Tactic call native_compute(1)-regression-quadratic ran for 0.595 secs (0.505u,0.003s) (success)
native_compute: Conversion to native code done in 0.00027
native_compute: Compilation done in 0.09001
native_compute: Evaluation done in 0.51332
native_compute: Reification done in 0.01148
Tactic call native_compute(2)-regression-quadratic ran for 0.615 secs (0.52u,0.008s) (success)
Params: n= 10885
native_compute: Conversion to native code done in 0.00025
native_compute: Compilation done in 0.08909
native_compute: Evaluation done in 0.53279
native_compute: Reification done in 0.01200
Tactic call native_compute(1)-regression-quadratic ran for 0.634 secs (0.544u,0.003s) (success)
native_compute: Conversion to native code done in 0.00027
native_compute: Compilation done in 0.08970
native_compute: Evaluation done in 0.52977
native_compute: Reification done in 0.01174
Tactic call native_compute(2)-regression-quadratic ran for 0.631 secs (0.533u,0.012s) (success)
Params: n= 11196
native_compute: Conversion to native code done in 0.00027
native_compute: Compilation done in 0.09000
native_compute: Evaluation done in 0.55532
native_compute: Reification done in 0.01210
Tactic call native_compute(1)-regression-quadratic ran for 0.657 secs (0.571u,0.s) (success)
native_compute: Conversion to native code done in 0.00026
native_compute: Compilation done in 0.08903
native_compute: Evaluation done in 0.56102
native_compute: Reification done in 0.01224
Tactic call native_compute(2)-regression-quadratic ran for 0.662 secs (0.573u,0.003s) (success)
Params: n= 11507
native_compute: Conversion to native code done in 0.00025
native_compute: Compilation done in 0.09054
native_compute: Evaluation done in 0.57053
native_compute: Reification done in 0.01228
Tactic call native_compute(1)-regression-quadratic ran for 0.673 secs (0.582u,0.004s) (success)
native_compute: Conversion to native code done in 0.00027
native_compute: Compilation done in 0.09021
native_compute: Evaluation done in 0.68236
native_compute: Reification done in 0.01242
Tactic call native_compute(2)-regression-quadratic ran for 0.785 secs (0.698u,0.s) (success)
Params: n= 11818
native_compute: Conversion to native code done in 0.00025
native_compute: Compilation done in 0.08904
native_compute: Evaluation done in 0.61480
native_compute: Reification done in 0.01285
Tactic call native_compute(1)-regression-quadratic ran for 0.717 secs (0.623u,0.007s) (success)
native_compute: Conversion to native code done in 0.00027
native_compute: Compilation done in 0.09094
native_compute: Evaluation done in 0.65442
native_compute: Reification done in 0.01253
Tactic call native_compute(2)-regression-quadratic ran for 0.758 secs (0.67u,0.s) (success)
Params: n= 13000
native_compute: Conversion to native code done in 0.00025
native_compute: Compilation done in 0.09061
native_compute: Evaluation done in 0.75021
native_compute: Reification done in 0.01412
Tactic call native_compute(1)-regression-quadratic ran for 0.855 secs (0.764u,0.004s) (success)
native_compute: Conversion to native code done in 0.00027
native_compute: Compilation done in 0.09194
native_compute: Evaluation done in 0.76712
native_compute: Reification done in 0.01385
Tactic call native_compute(2)-regression-quadratic ran for 0.873 secs (0.772u,0.012s) (success)
Params: n= 14181
native_compute: Conversion to native code done in 0.00025
native_compute: Compilation done in 0.09308
native_compute: Evaluation done in 0.88441
native_compute: Reification done in 0.01539
Tactic call native_compute(1)-regression-quadratic ran for 0.993 secs (0.895u,0.007s) (success)
native_compute: Conversion to native code done in 0.00026
native_compute: Compilation done in 0.09167
native_compute: Evaluation done in 0.89301
native_compute: Reification done in 0.01535
Tactic call native_compute(2)-regression-quadratic ran for 1. secs (0.904u,0.008s) (success)
Params: n= 15363
native_compute: Conversion to native code done in 0.00025
native_compute: Compilation done in 0.09177
native_compute: Evaluation done in 1.01735
native_compute: Reification done in 0.01645
Tactic call native_compute(1)-regression-quadratic ran for 1.126 secs (1.037u,0.s) (success)
native_compute: Conversion to native code done in 0.00027
native_compute: Compilation done in 0.09241
native_compute: Evaluation done in 1.06025
native_compute: Reification done in 0.01666
Tactic call native_compute(2)-regression-quadratic ran for 1.169 secs (1.068u,0.011s) (success)
Params: n= 16544
native_compute: Conversion to native code done in 0.00025
native_compute: Compilation done in 0.09187
native_compute: Evaluation done in 1.20709
native_compute: Reification done in 0.01726
Tactic call native_compute(1)-regression-quadratic ran for 1.316 secs (1.216u,0.011s) (success)
native_compute: Conversion to native code done in 0.00027
native_compute: Compilation done in 0.09064
native_compute: Evaluation done in 1.22108
native_compute: Reification done in 0.01767
Tactic call native_compute(2)-regression-quadratic ran for 1.329 secs (1.238u,0.003s) (success)
Params: n= 17726
native_compute: Conversion to native code done in 0.00028
native_compute: Compilation done in 0.09138
native_compute: Evaluation done in 1.36004
native_compute: Reification done in 0.01910
Tactic call native_compute(1)-regression-quadratic ran for 1.47 secs (1.382u,0.s) (success)
native_compute: Conversion to native code done in 0.00027
native_compute: Compilation done in 0.08998
native_compute: Evaluation done in 1.40469
native_compute: Reification done in 0.01896
Tactic call native_compute(2)-regression-quadratic ran for 1.514 secs (1.419u,0.008s) (success)
Params: n= 18908
native_compute: Conversion to native code done in 0.00025
native_compute: Compilation done in 0.09189
native_compute: Evaluation done in 1.56957
native_compute: Reification done in 0.02027
Tactic call native_compute(1)-regression-quadratic ran for 1.682 secs (1.589u,0.003s) (success)
native_compute: Conversion to native code done in 0.00027
native_compute: Compilation done in 0.09060
native_compute: Evaluation done in 1.57517
native_compute: Reification done in 0.02652
Tactic call native_compute(2)-regression-quadratic ran for 1.692 secs (1.592u,0.011s) (success)
Params: n= 20089
native_compute: Conversion to native code done in 0.00026
native_compute: Compilation done in 0.09039
native_compute: Evaluation done in 1.71999
native_compute: Reification done in 0.02274
Tactic call native_compute(1)-regression-quadratic ran for 1.833 secs (1.733u,0.012s) (success)
native_compute: Conversion to native code done in 0.00029
native_compute: Compilation done in 0.09166
native_compute: Evaluation done in 1.85142
native_compute: Reification done in 0.02133
Tactic call native_compute(2)-regression-quadratic ran for 1.964 secs (1.868u,0.007s) (success)
Params: n= 21271
native_compute: Conversion to native code done in 0.00025
native_compute: Compilation done in 0.08923
native_compute: Evaluation done in 1.97063
native_compute: Reification done in 0.02352
Tactic call native_compute(1)-regression-quadratic ran for 2.083 secs (1.993u,0.003s) (success)
native_compute: Conversion to native code done in 0.00027
native_compute: Compilation done in 0.09075
native_compute: Evaluation done in 1.98320
native_compute: Reification done in 0.02248
Tactic call native_compute(2)-regression-quadratic ran for 2.096 secs (2.001u,0.008s) (success)
Params: n= 22452
native_compute: Conversion to native code done in 0.00025
native_compute: Compilation done in 0.09125
native_compute: Evaluation done in 2.25076
native_compute: Reification done in 0.02517
Tactic call native_compute(1)-regression-quadratic ran for 2.367 secs (2.275u,0.004s) (success)
native_compute: Conversion to native code done in 0.00026
native_compute: Compilation done in 0.09043
native_compute: Evaluation done in 2.23685
native_compute: Reification done in 0.02389
Tactic call native_compute(2)-regression-quadratic ran for 2.351 secs (2.26u,0.004s) (success)
Params: n= 23634
native_compute: Conversion to native code done in 0.00028
native_compute: Compilation done in 0.09023
native_compute: Evaluation done in 2.44449
native_compute: Reification done in 0.02556
Tactic call native_compute(1)-regression-quadratic ran for 2.56 secs (2.473u,0.s) (success)
native_compute: Conversion to native code done in 0.00027
native_compute: Compilation done in 0.09038
native_compute: Evaluation done in 2.46917
native_compute: Reification done in 0.02717
Tactic call native_compute(2)-regression-quadratic ran for 2.587 secs (2.492u,0.008s) (success)
Params: n= 28361
native_compute: Conversion to native code done in 0.00025
native_compute: Compilation done in 0.09076
native_compute: Evaluation done in 3.41392
native_compute: Reification done in 0.03461
Tactic call native_compute(1)-regression-quadratic ran for 3.539 secs (3.444u,0.007s) (success)
native_compute: Conversion to native code done in 0.00027
native_compute: Compilation done in 0.09032
native_compute: Evaluation done in 3.55231
native_compute: Reification done in 0.03325
Tactic call native_compute(2)-regression-quadratic ran for 3.676 secs (3.581u,0.007s) (success)
Params: n= 33087
native_compute: Conversion to native code done in 0.00025
native_compute: Compilation done in 0.09088
native_compute: Evaluation done in 4.80381
native_compute: Reification done in 0.03976
Tactic call native_compute(1)-regression-quadratic ran for 4.934 secs (4.839u,0.008s) (success)
native_compute: Conversion to native code done in 0.00027
native_compute: Compilation done in 0.09077
native_compute: Evaluation done in 4.78371
native_compute: Reification done in 0.03526
Tactic call native_compute(2)-regression-quadratic ran for 4.91 secs (4.818u,0.004s) (success)
Params: n= 37814
native_compute: Conversion to native code done in 0.00025
native_compute: Compilation done in 0.09108
native_compute: Evaluation done in 6.10378
native_compute: Reification done in 0.03997
Tactic call native_compute(1)-regression-quadratic ran for 6.235 secs (6.135u,0.011s) (success)
native_compute: Conversion to native code done in 0.00027
native_compute: Compilation done in 0.09022
native_compute: Evaluation done in 6.24719
native_compute: Reification done in 0.03982
Tactic call native_compute(2)-regression-quadratic ran for 6.377 secs (6.286u,0.004s) (success)
Params: n= 42540
native_compute: Conversion to native code done in 0.00025
native_compute: Compilation done in 0.09035
native_compute: Evaluation done in 7.90181
native_compute: Reification done in 0.05368
Tactic call native_compute(1)-regression-quadratic ran for 8.046 secs (7.947u,0.012s) (success)
native_compute: Conversion to native code done in 0.00027
native_compute: Compilation done in 0.09031
native_compute: Evaluation done in 7.93914
native_compute: Reification done in 0.04395
Tactic call native_compute(2)-regression-quadratic ran for 8.073 secs (7.97u,0.016s) (success)
Params: n= 47267
native_compute: Conversion to native code done in 0.00030
native_compute: Compilation done in 0.09021
native_compute: Evaluation done in 10.07328
native_compute: Reification done in 0.04874
Tactic call native_compute(1)-regression-quadratic ran for 10.212 secs (10.101u,0.024s) (success)
native_compute: Conversion to native code done in 0.00028
native_compute: Compilation done in 0.09065
native_compute: Evaluation done in 9.87728
native_compute: Reification done in 0.04924
Tactic call native_compute(2)-regression-quadratic ran for 10.017 secs (9.916u,0.012s) (success)
