Params: n= 3674
native_compute: Conversion to native code done in 0.00039
native_compute: Compilation done in 0.09731
native_compute: Evaluation done in 0.06376
native_compute: Reification done in 0.00471
Tactic call native_compute(1)-regression-quadratic ran for 0.166 secs (0.07u,0.003s) (success)
native_compute: Conversion to native code done in 0.00045
native_compute: Compilation done in 0.09309
native_compute: Evaluation done in 0.11628
native_compute: Reification done in 0.00444
Tactic call native_compute(2)-regression-quadratic ran for 0.214 secs (0.121u,0.003s) (success)
Params: n= 7346
native_compute: Conversion to native code done in 0.00034
native_compute: Compilation done in 0.09382
native_compute: Evaluation done in 0.24460
native_compute: Reification done in 0.00988
Tactic call native_compute(1)-regression-quadratic ran for 0.348 secs (0.246u,0.011s) (success)
native_compute: Conversion to native code done in 0.00034
native_compute: Compilation done in 0.09591
native_compute: Evaluation done in 0.22970
native_compute: Reification done in 0.00919
Tactic call native_compute(2)-regression-quadratic ran for 0.335 secs (0.235u,0.007s) (success)
Params: n= 11017
native_compute: Conversion to native code done in 0.00039
native_compute: Compilation done in 0.09102
native_compute: Evaluation done in 0.55624
native_compute: Reification done in 0.01402
Tactic call native_compute(1)-regression-quadratic ran for 0.661 secs (0.566u,0.007s) (success)
native_compute: Conversion to native code done in 0.00042
native_compute: Compilation done in 0.09471
native_compute: Evaluation done in 0.57778
native_compute: Reification done in 0.01358
Tactic call native_compute(2)-regression-quadratic ran for 0.686 secs (0.59u,0.004s) (success)
Params: n= 14689
native_compute: Conversion to native code done in 0.00143
native_compute: Compilation done in 0.09542
native_compute: Evaluation done in 0.98803
native_compute: Reification done in 0.01796
Tactic call native_compute(1)-regression-quadratic ran for 1.103 secs (1.006u,0.004s) (success)
native_compute: Conversion to native code done in 0.00040
native_compute: Compilation done in 0.08972
native_compute: Evaluation done in 0.96488
native_compute: Reification done in 0.01774
Tactic call native_compute(2)-regression-quadratic ran for 1.072 secs (0.982u,0.003s) (success)
Params: n= 18361
native_compute: Conversion to native code done in 0.00042
native_compute: Compilation done in 0.08971
native_compute: Evaluation done in 1.48937
native_compute: Reification done in 0.02047
Tactic call native_compute(1)-regression-quadratic ran for 1.6 secs (1.506u,0.007s) (success)
native_compute: Conversion to native code done in 0.00032
native_compute: Compilation done in 0.09540
native_compute: Evaluation done in 1.53900
native_compute: Reification done in 0.02346
Tactic call native_compute(2)-regression-quadratic ran for 1.658 secs (1.546u,0.02s) (success)
