Params: n= 12
Tactic call lazy-regression-quadratic ran for 0. secs (0.u,0.s) (success)
Params: n= 18
Tactic call lazy-regression-quadratic ran for 0. secs (0.u,0.s) (success)
Params: n= 23
Tactic call lazy-regression-quadratic ran for 0.001 secs (0.u,0.s) (success)
Params: n= 28
Tactic call lazy-regression-quadratic ran for 0.001 secs (0.001u,0.s) (success)
Params: n= 33
Tactic call lazy-regression-quadratic ran for 0.001 secs (0.001u,0.s) (success)
Params: n= 39
Tactic call lazy-regression-quadratic ran for 0.002 secs (0.002u,0.s) (success)
Params: n= 44
Tactic call lazy-regression-quadratic ran for 0.002 secs (0.002u,0.s) (success)
Params: n= 49
Tactic call lazy-regression-quadratic ran for 0.003 secs (0.003u,0.s) (success)
Params: n= 54
Tactic call lazy-regression-quadratic ran for 0.003 secs (0.003u,0.s) (success)
Params: n= 59
Tactic call lazy-regression-quadratic ran for 0.004 secs (0.004u,0.s) (success)
Params: n= 65
Tactic call lazy-regression-quadratic ran for 0.004 secs (0.004u,0.s) (success)
Params: n= 70
Tactic call lazy-regression-quadratic ran for 0.005 secs (0.005u,0.s) (success)
Params: n= 75
Tactic call lazy-regression-quadratic ran for 0.006 secs (0.006u,0.s) (success)
Params: n= 80
Tactic call lazy-regression-quadratic ran for 0.059 secs (0.059u,0.s) (success)
Params: n= 86
Tactic call lazy-regression-quadratic ran for 0.007 secs (0.007u,0.s) (success)
Params: n= 91
Tactic call lazy-regression-quadratic ran for 0.008 secs (0.008u,0.s) (success)
Params: n= 96
Tactic call lazy-regression-quadratic ran for 0.008 secs (0.008u,0.s) (success)
Params: n= 101
Tactic call lazy-regression-quadratic ran for 0.009 secs (0.009u,0.s) (success)
Params: n= 106
Tactic call lazy-regression-quadratic ran for 0.014 secs (0.014u,0.s) (success)
Params: n= 112
Tactic call lazy-regression-quadratic ran for 0.011 secs (0.011u,0.s) (success)
Params: n= 117
Tactic call lazy-regression-quadratic ran for 0.012 secs (0.012u,0.s) (success)
Params: n= 122
Tactic call lazy-regression-quadratic ran for 0.019 secs (0.019u,0.s) (success)
Params: n= 127
Tactic call lazy-regression-quadratic ran for 0.014 secs (0.014u,0.s) (success)
Params: n= 133
Tactic call lazy-regression-quadratic ran for 0.015 secs (0.015u,0.s) (success)
Params: n= 138
Tactic call lazy-regression-quadratic ran for 0.018 secs (0.018u,0.s) (success)
Params: n= 143
Tactic call lazy-regression-quadratic ran for 0.017 secs (0.017u,0.s) (success)
Params: n= 148
Tactic call lazy-regression-quadratic ran for 0.018 secs (0.015u,0.003s) (success)
Params: n= 153
Tactic call lazy-regression-quadratic ran for 0.022 secs (0.022u,0.s) (success)
Params: n= 159
Tactic call lazy-regression-quadratic ran for 0.021 secs (0.021u,0.s) (success)
Params: n= 164
Tactic call lazy-regression-quadratic ran for 0.022 secs (0.022u,0.s) (success)
Params: n= 169
Tactic call lazy-regression-quadratic ran for 0.022 secs (0.022u,0.s) (success)
Params: n= 174
Tactic call lazy-regression-quadratic ran for 0.027 secs (0.027u,0.s) (success)
Params: n= 180
Tactic call lazy-regression-quadratic ran for 0.025 secs (0.025u,0.s) (success)
Params: n= 185
Tactic call lazy-regression-quadratic ran for 0.03 secs (0.03u,0.s) (success)
Params: n= 190
Tactic call lazy-regression-quadratic ran for 0.033 secs (0.033u,0.s) (success)
Params: n= 195
Tactic call lazy-regression-quadratic ran for 0.029 secs (0.029u,0.s) (success)
Params: n= 200
Tactic call lazy-regression-quadratic ran for 0.036 secs (0.036u,0.s) (success)
Params: n= 206
Tactic call lazy-regression-quadratic ran for 0.04 secs (0.04u,0.s) (success)
Params: n= 211
Tactic call lazy-regression-quadratic ran for 0.034 secs (0.034u,0.s) (success)
Params: n= 216
Tactic call lazy-regression-quadratic ran for 0.04 secs (0.04u,0.s) (success)
Params: n= 221
Tactic call lazy-regression-quadratic ran for 0.043 secs (0.043u,0.s) (success)
Params: n= 227
Tactic call lazy-regression-quadratic ran for 0.043 secs (0.043u,0.s) (success)
Params: n= 232
Tactic call lazy-regression-quadratic ran for 0.045 secs (0.045u,0.s) (success)
Params: n= 237
Tactic call lazy-regression-quadratic ran for 0.045 secs (0.045u,0.s) (success)
Params: n= 242
Tactic call lazy-regression-quadratic ran for 0.043 secs (0.043u,0.s) (success)
Params: n= 247
Tactic call lazy-regression-quadratic ran for 0.045 secs (0.045u,0.s) (success)
Params: n= 253
Tactic call lazy-regression-quadratic ran for 0.047 secs (0.047u,0.s) (success)
Params: n= 258
Tactic call lazy-regression-quadratic ran for 0.054 secs (0.054u,0.s) (success)
Params: n= 263
Tactic call lazy-regression-quadratic ran for 0.056 secs (0.056u,0.s) (success)
Params: n= 268
Tactic call lazy-regression-quadratic ran for 0.053 secs (0.053u,0.s) (success)
Params: n= 273
Tactic call lazy-regression-quadratic ran for 0.057 secs (0.057u,0.s) (success)
Params: n= 279
Tactic call lazy-regression-quadratic ran for 0.062 secs (0.062u,0.s) (success)
Params: n= 284
Tactic call lazy-regression-quadratic ran for 0.068 secs (0.068u,0.s) (success)
Params: n= 289
Tactic call lazy-regression-quadratic ran for 0.075 secs (0.075u,0.s) (success)
Params: n= 294
Tactic call lazy-regression-quadratic ran for 0.068 secs (0.068u,0.s) (success)
Params: n= 300
Tactic call lazy-regression-quadratic ran for 0.07 secs (0.07u,0.s) (success)
Params: n= 305
Tactic call lazy-regression-quadratic ran for 0.079 secs (0.075u,0.003s) (success)
Params: n= 310
Tactic call lazy-regression-quadratic ran for 0.075 secs (0.071u,0.003s) (success)
Params: n= 315
Tactic call lazy-regression-quadratic ran for 0.095 secs (0.095u,0.s) (success)
Params: n= 320
Tactic call lazy-regression-quadratic ran for 0.084 secs (0.084u,0.s) (success)
Params: n= 326
Tactic call lazy-regression-quadratic ran for 0.083 secs (0.083u,0.s) (success)
Params: n= 331
Tactic call lazy-regression-quadratic ran for 0.094 secs (0.094u,0.s) (success)
Params: n= 336
Tactic call lazy-regression-quadratic ran for 0.089 secs (0.089u,0.s) (success)
Params: n= 341
Tactic call lazy-regression-quadratic ran for 0.089 secs (0.089u,0.s) (success)
Params: n= 347
Tactic call lazy-regression-quadratic ran for 0.092 secs (0.092u,0.s) (success)
Params: n= 352
Tactic call lazy-regression-quadratic ran for 0.092 secs (0.092u,0.s) (success)
Params: n= 357
Tactic call lazy-regression-quadratic ran for 0.092 secs (0.092u,0.s) (success)
Params: n= 362
Tactic call lazy-regression-quadratic ran for 0.091 secs (0.091u,0.s) (success)
Params: n= 367
Tactic call lazy-regression-quadratic ran for 0.094 secs (0.094u,0.s) (success)
Params: n= 373
Tactic call lazy-regression-quadratic ran for 0.102 secs (0.102u,0.s) (success)
Params: n= 378
Tactic call lazy-regression-quadratic ran for 0.108 secs (0.104u,0.003s) (success)
Params: n= 383
Tactic call lazy-regression-quadratic ran for 0.102 secs (0.102u,0.s) (success)
Params: n= 388
Tactic call lazy-regression-quadratic ran for 0.104 secs (0.104u,0.s) (success)
Params: n= 394
Tactic call lazy-regression-quadratic ran for 0.109 secs (0.109u,0.s) (success)
Params: n= 399
Tactic call lazy-regression-quadratic ran for 0.117 secs (0.113u,0.003s) (success)
Params: n= 404
Tactic call lazy-regression-quadratic ran for 0.132 secs (0.128u,0.004s) (success)
Params: n= 409
Tactic call lazy-regression-quadratic ran for 0.139 secs (0.139u,0.s) (success)
Params: n= 414
Tactic call lazy-regression-quadratic ran for 0.146 secs (0.142u,0.003s) (success)
Params: n= 420
Tactic call lazy-regression-quadratic ran for 0.123 secs (0.123u,0.s) (success)
Params: n= 425
Tactic call lazy-regression-quadratic ran for 0.141 secs (0.141u,0.s) (success)
Params: n= 430
Tactic call lazy-regression-quadratic ran for 0.135 secs (0.135u,0.s) (success)
Params: n= 435
Tactic call lazy-regression-quadratic ran for 0.174 secs (0.174u,0.s) (success)
Params: n= 441
Tactic call lazy-regression-quadratic ran for 0.179 secs (0.171u,0.007s) (success)
Params: n= 446
Tactic call lazy-regression-quadratic ran for 0.147 secs (0.143u,0.003s) (success)
Params: n= 451
Tactic call lazy-regression-quadratic ran for 0.189 secs (0.181u,0.008s) (success)
Params: n= 469
Tactic call lazy-regression-quadratic ran for 0.188 secs (0.188u,0.s) (success)
Params: n= 487
Tactic call lazy-regression-quadratic ran for 0.22 secs (0.22u,0.s) (success)
Params: n= 505
Tactic call lazy-regression-quadratic ran for 0.179 secs (0.179u,0.s) (success)
Params: n= 523
Tactic call lazy-regression-quadratic ran for 0.217 secs (0.213u,0.003s) (success)
Params: n= 541
Tactic call lazy-regression-quadratic ran for 0.238 secs (0.238u,0.s) (success)
Params: n= 559
Tactic call lazy-regression-quadratic ran for 0.247 secs (0.24u,0.007s) (success)
Params: n= 577
Tactic call lazy-regression-quadratic ran for 0.277 secs (0.277u,0.s) (success)
Params: n= 595
Tactic call lazy-regression-quadratic ran for 0.299 secs (0.295u,0.003s) (success)
Params: n= 613
Tactic call lazy-regression-quadratic ran for 0.345 secs (0.345u,0.s) (success)
Params: n= 631
Tactic call lazy-regression-quadratic ran for 0.372 secs (0.372u,0.s) (success)
Params: n= 649
Tactic call lazy-regression-quadratic ran for 0.317 secs (0.317u,0.s) (success)
Params: n= 667
Tactic call lazy-regression-quadratic ran for 0.378 secs (0.378u,0.s) (success)
Params: n= 685
Tactic call lazy-regression-quadratic ran for 0.378 secs (0.374u,0.003s) (success)
Params: n= 703
Tactic call lazy-regression-quadratic ran for 0.409 secs (0.409u,0.s) (success)
Params: n= 721
Tactic call lazy-regression-quadratic ran for 0.497 secs (0.497u,0.s) (success)
Params: n= 739
Tactic call lazy-regression-quadratic ran for 0.445 secs (0.441u,0.003s) (success)
Params: n= 757
Tactic call lazy-regression-quadratic ran for 0.482 secs (0.474u,0.008s) (success)
Params: n= 775
Tactic call lazy-regression-quadratic ran for 0.5 secs (0.5u,0.s) (success)
Params: n= 793
Tactic call lazy-regression-quadratic ran for 0.563 secs (0.563u,0.s) (success)
Params: n= 811
Tactic call lazy-regression-quadratic ran for 0.568 secs (0.568u,0.s) (success)
Params: n= 829
Tactic call lazy-regression-quadratic ran for 0.58 secs (0.58u,0.s) (success)
Params: n= 847
Tactic call lazy-regression-quadratic ran for 0.597 secs (0.597u,0.s) (success)
Params: n= 865
Tactic call lazy-regression-quadratic ran for 0.701 secs (0.701u,0.s) (success)
Params: n= 883
Tactic call lazy-regression-quadratic ran for 0.631 secs (0.631u,0.s) (success)
Params: n= 901
Tactic call lazy-regression-quadratic ran for 0.672 secs (0.672u,0.s) (success)
Params: n= 991
Tactic call lazy-regression-quadratic ran for 0.884 secs (0.884u,0.s) (success)
Params: n= 1081
Tactic call lazy-regression-quadratic ran for 0.974 secs (0.974u,0.s) (success)
Params: n= 1171
Tactic call lazy-regression-quadratic ran for 1.182 secs (1.174u,0.007s) (success)
Params: n= 1261
Tactic call lazy-regression-quadratic ran for 1.409 secs (1.385u,0.023s) (success)
Params: n= 1351
Tactic call lazy-regression-quadratic ran for 1.565 secs (1.565u,0.s) (success)
Params: n= 1441
Tactic call lazy-regression-quadratic ran for 1.828 secs (1.828u,0.s) (success)
Params: n= 1531
Tactic call lazy-regression-quadratic ran for 2.112 secs (2.112u,0.s) (success)
Params: n= 1621
Tactic call lazy-regression-quadratic ran for 2.329 secs (2.329u,0.s) (success)
Params: n= 1711
Tactic call lazy-regression-quadratic ran for 2.512 secs (2.503u,0.007s) (success)
Params: n= 1801
Tactic call lazy-regression-quadratic ran for 2.853 secs (2.817u,0.035s) (success)
Params: n= 2161
Tactic call lazy-regression-quadratic ran for 4.125 secs (4.12u,0.004s) (success)
Params: n= 2521
Tactic call lazy-regression-quadratic ran for 5.604 secs (5.604u,0.s) (success)
Params: n= 2881
Tactic call lazy-regression-quadratic ran for 7.791 secs (7.699u,0.091s) (success)
Params: n= 3241
Tactic call lazy-regression-quadratic ran for 9.523 secs (9.519u,0.003s) (success)
Params: n= 3601
Tactic call lazy-regression-quadratic ran for 11.709 secs (11.641u,0.067s) (success)
