Params: n= 10
Tactic call setoid_rewrite-regression-cubic ran for 0.011 secs (0.007u,0.003s) (success)
Tactic call abstract+setoid_rewrite-regression-cubic ran for 0.017 secs (0.008u,0.009s) (success)
Tactic call close-abstract+setoid_rewrite-regression-quadratic ran for 0.005 secs (0.u,0.005s)
Params: n= 20
Tactic call setoid_rewrite-regression-cubic ran for 0.083 secs (0.058u,0.025s) (success)
Tactic call abstract+setoid_rewrite-regression-cubic ran for 0.093 secs (0.067u,0.025s) (success)
Tactic call close-abstract+setoid_rewrite-regression-quadratic ran for 0.009 secs (0.009u,0.s)
Params: n= 30
Tactic call setoid_rewrite-regression-cubic ran for 0.055 secs (0.055u,0.s) (success)
Tactic call abstract+setoid_rewrite-regression-cubic ran for 0.075 secs (0.075u,0.s) (success)
Tactic call close-abstract+setoid_rewrite-regression-quadratic ran for 0.019 secs (0.019u,0.s)
Params: n= 40
Tactic call setoid_rewrite-regression-cubic ran for 0.101 secs (0.101u,0.s) (success)
Tactic call abstract+setoid_rewrite-regression-cubic ran for 0.137 secs (0.137u,0.s) (success)
Tactic call close-abstract+setoid_rewrite-regression-quadratic ran for 0.035 secs (0.035u,0.s)
Params: n= 60
Tactic call setoid_rewrite-regression-cubic ran for 0.269 secs (0.269u,0.s) (success)
Tactic call abstract+setoid_rewrite-regression-cubic ran for 0.347 secs (0.346u,0.s) (success)
Tactic call close-abstract+setoid_rewrite-regression-quadratic ran for 0.077 secs (0.077u,0.s)
Params: n= 70
Tactic call setoid_rewrite-regression-cubic ran for 0.391 secs (0.391u,0.s) (success)
Tactic call abstract+setoid_rewrite-regression-cubic ran for 0.484 secs (0.484u,0.s) (success)
Tactic call close-abstract+setoid_rewrite-regression-quadratic ran for 0.093 secs (0.093u,0.s)
Params: n= 80
Tactic call setoid_rewrite-regression-cubic ran for 0.538 secs (0.538u,0.s) (success)
Tactic call abstract+setoid_rewrite-regression-cubic ran for 0.67 secs (0.67u,0.s) (success)
Tactic call close-abstract+setoid_rewrite-regression-quadratic ran for 0.131 secs (0.131u,0.s)
Params: n= 90
Tactic call setoid_rewrite-regression-cubic ran for 0.723 secs (0.719u,0.003s) (success)
Tactic call abstract+setoid_rewrite-regression-cubic ran for 0.891 secs (0.888u,0.003s) (success)
Tactic call close-abstract+setoid_rewrite-regression-quadratic ran for 0.168 secs (0.168u,0.s)
Params: n= 110
Tactic call setoid_rewrite-regression-cubic ran for 1.258 secs (1.245u,0.011s) (success)
Tactic call abstract+setoid_rewrite-regression-cubic ran for 1.484 secs (1.47u,0.012s) (success)
Tactic call close-abstract+setoid_rewrite-regression-quadratic ran for 0.224 secs (0.224u,0.s)
Params: n= 120
Tactic call setoid_rewrite-regression-cubic ran for 1.554 secs (1.554u,0.s) (success)
Tactic call abstract+setoid_rewrite-regression-cubic ran for 1.804 secs (1.804u,0.s) (success)
Tactic call close-abstract+setoid_rewrite-regression-quadratic ran for 0.249 secs (0.249u,0.s)
Params: n= 130
Tactic call setoid_rewrite-regression-cubic ran for 1.887 secs (1.887u,0.s) (success)
Tactic call abstract+setoid_rewrite-regression-cubic ran for 2.182 secs (2.181u,0.s) (success)
Tactic call close-abstract+setoid_rewrite-regression-quadratic ran for 0.294 secs (0.294u,0.s)
Params: n= 140
Tactic call setoid_rewrite-regression-cubic ran for 2.354 secs (2.35u,0.003s) (success)
Tactic call abstract+setoid_rewrite-regression-cubic ran for 2.705 secs (2.701u,0.003s) (success)
Tactic call close-abstract+setoid_rewrite-regression-quadratic ran for 0.35 secs (0.349u,0.s)
Params: n= 160
Tactic call setoid_rewrite-regression-cubic ran for 3.491 secs (3.482u,0.007s) (success)
Tactic call abstract+setoid_rewrite-regression-cubic ran for 3.952 secs (3.943u,0.007s) (success)
Tactic call close-abstract+setoid_rewrite-regression-quadratic ran for 0.46 secs (0.46u,0.s)
Params: n= 170
Tactic call setoid_rewrite-regression-cubic ran for 4.093 secs (4.093u,0.s) (success)
Tactic call abstract+setoid_rewrite-regression-cubic ran for 4.585 secs (4.585u,0.s) (success)
Tactic call close-abstract+setoid_rewrite-regression-quadratic ran for 0.491 secs (0.491u,0.s)
Params: n= 180
Tactic call setoid_rewrite-regression-cubic ran for 4.692 secs (4.684u,0.007s) (success)
Tactic call abstract+setoid_rewrite-regression-cubic ran for 5.244 secs (5.235u,0.007s) (success)
Tactic call close-abstract+setoid_rewrite-regression-quadratic ran for 0.55 secs (0.55u,0.s)
Params: n= 190
Tactic call setoid_rewrite-regression-cubic ran for 5.471 secs (5.47u,0.s) (success)
Tactic call abstract+setoid_rewrite-regression-cubic ran for 6.108 secs (6.107u,0.s) (success)
Tactic call close-abstract+setoid_rewrite-regression-quadratic ran for 0.636 secs (0.636u,0.s)
Params: n= 210
Tactic call setoid_rewrite-regression-cubic ran for 7.497 secs (7.492u,0.003s) (success)
Tactic call abstract+setoid_rewrite-regression-cubic ran for 8.256 secs (8.251u,0.003s) (success)
Tactic call close-abstract+setoid_rewrite-regression-quadratic ran for 0.758 secs (0.758u,0.s)
Params: n= 220
Tactic call setoid_rewrite-regression-cubic ran for 8.308 secs (8.291u,0.015s) (success)
Tactic call abstract+setoid_rewrite-regression-cubic ran for 9.133 secs (9.116u,0.015s) (success)
Tactic call close-abstract+setoid_rewrite-regression-quadratic ran for 0.824 secs (0.824u,0.s)
Params: n= 230
Tactic call setoid_rewrite-regression-cubic ran for 9.496 secs (9.495u,0.s) (success)
Tactic call abstract+setoid_rewrite-regression-cubic ran for 10.424 secs (10.423u,0.s) (success)
Tactic call close-abstract+setoid_rewrite-regression-quadratic ran for 0.927 secs (0.927u,0.s)
Params: n= 240
Tactic call setoid_rewrite-regression-cubic ran for 10.791 secs (10.785u,0.003s) (success)
Tactic call abstract+setoid_rewrite-regression-cubic ran for 11.784 secs (11.778u,0.003s) (success)
Tactic call close-abstract+setoid_rewrite-regression-quadratic ran for 0.991 secs (0.991u,0.s)
Params: n= 250
Tactic call setoid_rewrite-regression-cubic ran for 12.095 secs (12.093u,0.s) (success)
Tactic call abstract+setoid_rewrite-regression-cubic ran for 13.184 secs (13.182u,0.s) (success)
Tactic call close-abstract+setoid_rewrite-regression-quadratic ran for 1.088 secs (1.087u,0.s)
Params: n= 300
Tactic call setoid_rewrite-regression-cubic ran for 20.603 secs (20.597u,0.003s) (success)
Tactic call abstract+setoid_rewrite-regression-cubic ran for 22.173 secs (22.163u,0.007s) (success)
Tactic call close-abstract+setoid_rewrite-regression-quadratic ran for 1.568 secs (1.564u,0.003s)
Params: n= 400
Tactic call setoid_rewrite-regression-cubic ran for 48.52 secs (48.482u,0.031s) (success)
Tactic call abstract+setoid_rewrite-regression-cubic ran for 51.222 secs (51.18u,0.035s) (success)
Tactic call close-abstract+setoid_rewrite-regression-quadratic ran for 2.7 secs (2.696u,0.003s)
