Params: n= 50
Tactic call ssr-rewrite!-regression-quadratic ran for 0.043 secs (0.015u,0.027s) (success)
Tactic call ssr-rewrite?-noop-regression-linear ran for 0. secs (0.u,0.s) (success)
Tactic call abstract-regression-quadratic ran for 0.12 secs (0.084u,0.036s) (success)
Tactic call close-abstract-regression-quadratic ran for 0.076 secs (0.068u,0.008s)
Params: n= 100
Tactic call ssr-rewrite!-regression-quadratic ran for 0.193 secs (0.193u,0.s) (success)
Tactic call ssr-rewrite?-noop-regression-linear ran for 0. secs (0.u,0.s) (success)
Tactic call abstract-regression-quadratic ran for 0.298 secs (0.296u,0.001s) (success)
Tactic call close-abstract-regression-quadratic ran for 0.102 secs (0.101u,0.001s)
Params: n= 150
Tactic call ssr-rewrite!-regression-quadratic ran for 0.304 secs (0.301u,0.003s) (success)
Tactic call ssr-rewrite?-noop-regression-linear ran for 0. secs (0.u,0.s) (success)
Tactic call abstract-regression-quadratic ran for 0.523 secs (0.52u,0.003s) (success)
Tactic call close-abstract-regression-quadratic ran for 0.217 secs (0.217u,0.s)
Params: n= 200
Tactic call ssr-rewrite!-regression-quadratic ran for 0.568 secs (0.565u,0.003s) (success)
Tactic call ssr-rewrite?-noop-regression-linear ran for 0. secs (0.u,0.s) (success)
Tactic call abstract-regression-quadratic ran for 0.941 secs (0.933u,0.007s) (success)
Tactic call close-abstract-regression-quadratic ran for 0.371 secs (0.367u,0.003s)
Params: n= 250
Tactic call ssr-rewrite!-regression-quadratic ran for 0.809 secs (0.809u,0.s) (success)
Tactic call ssr-rewrite?-noop-regression-linear ran for 0. secs (0.u,0.s) (success)
Tactic call abstract-regression-quadratic ran for 1.33 secs (1.322u,0.007s) (success)
Tactic call close-abstract-regression-quadratic ran for 0.519 secs (0.511u,0.007s)
Params: n= 300
Tactic call ssr-rewrite!-regression-quadratic ran for 1.014 secs (1.006u,0.007s) (success)
Tactic call ssr-rewrite?-noop-regression-linear ran for 0. secs (0.u,0.s) (success)
Tactic call abstract-regression-quadratic ran for 1.768 secs (1.76u,0.007s) (success)
Tactic call close-abstract-regression-quadratic ran for 0.748 secs (0.748u,0.s)
Params: n= 350
Tactic call ssr-rewrite!-regression-quadratic ran for 1.485 secs (1.469u,0.015s) (success)
Tactic call ssr-rewrite?-noop-regression-linear ran for 0. secs (0.u,0.s) (success)
Tactic call abstract-regression-quadratic ran for 2.407 secs (2.383u,0.023s) (success)
Tactic call close-abstract-regression-quadratic ran for 0.92 secs (0.912u,0.007s)
Params: n= 400
Tactic call ssr-rewrite!-regression-quadratic ran for 1.824 secs (1.808u,0.015s) (success)
Tactic call ssr-rewrite?-noop-regression-linear ran for 0. secs (0.u,0.s) (success)
Tactic call abstract-regression-quadratic ran for 3.151 secs (3.131u,0.019s) (success)
Tactic call close-abstract-regression-quadratic ran for 1.325 secs (1.321u,0.003s)
