Params: n= 50
Tactic call rewrite_strat-topdown ran for 0.046 secs (0.017u,0.029s) (success)
Tactic call rewrite_strat-topdown-noop ran for 0. secs (0.u,0.s) (success)
Tactic call abstract+rewrite_strat-topdown ran for 0.114 secs (0.069u,0.044s) (success)
Tactic call close-abstract+rewrite_strat-topdown ran for 0.066 secs (0.05u,0.015s)
Params: n= 100
Tactic call rewrite_strat-topdown ran for 0.109 secs (0.109u,0.s) (success)
Tactic call rewrite_strat-topdown-noop ran for 0.001 secs (0.001u,0.s) (success)
Tactic call abstract+rewrite_strat-topdown ran for 0.149 secs (0.149u,0.s) (success)
Tactic call close-abstract+rewrite_strat-topdown ran for 0.038 secs (0.038u,0.s)
Params: n= 150
Tactic call rewrite_strat-topdown ran for 0.323 secs (0.323u,0.s) (success)
Tactic call rewrite_strat-topdown-noop ran for 0.002 secs (0.002u,0.s) (success)
Tactic call abstract+rewrite_strat-topdown ran for 0.407 secs (0.407u,0.s) (success)
Tactic call close-abstract+rewrite_strat-topdown ran for 0.08 secs (0.08u,0.s)
Params: n= 200
Tactic call rewrite_strat-topdown ran for 0.465 secs (0.462u,0.003s) (success)
Tactic call rewrite_strat-topdown-noop ran for 0.003 secs (0.003u,0.s) (success)
Tactic call abstract+rewrite_strat-topdown ran for 0.62 secs (0.612u,0.007s) (success)
Tactic call close-abstract+rewrite_strat-topdown ran for 0.15 secs (0.145u,0.004s)
Params: n= 250
Tactic call rewrite_strat-topdown ran for 0.765 secs (0.752u,0.013s) (success)
Tactic call rewrite_strat-topdown-noop ran for 0.005 secs (0.004u,0.s) (success)
Tactic call abstract+rewrite_strat-topdown ran for 0.982 secs (0.965u,0.017s) (success)
Tactic call close-abstract+rewrite_strat-topdown ran for 0.211 secs (0.207u,0.003s)
Params: n= 300
Tactic call rewrite_strat-topdown ran for 1.162 secs (1.158u,0.003s) (success)
Tactic call rewrite_strat-topdown-noop ran for 0.006 secs (0.006u,0.s) (success)
Tactic call abstract+rewrite_strat-topdown ran for 1.472 secs (1.468u,0.003s) (success)
Tactic call close-abstract+rewrite_strat-topdown ran for 0.302 secs (0.302u,0.s)
Params: n= 350
Tactic call rewrite_strat-topdown ran for 1.834 secs (1.814u,0.019s) (success)
Tactic call rewrite_strat-topdown-noop ran for 0.008 secs (0.008u,0.s) (success)
Tactic call abstract+rewrite_strat-topdown ran for 2.276 secs (2.252u,0.023s) (success)
Tactic call close-abstract+rewrite_strat-topdown ran for 0.432 secs (0.428u,0.004s)
Params: n= 400
Tactic call rewrite_strat-topdown ran for 2.003 secs (2.003u,0.s) (success)
Tactic call rewrite_strat-topdown-noop ran for 0.01 secs (0.01u,0.s) (success)
Tactic call abstract+rewrite_strat-topdown ran for 2.533 secs (2.533u,0.s) (success)
Tactic call close-abstract+rewrite_strat-topdown ran for 0.518 secs (0.518u,0.s)
