Params: n= 4
Tactic call reify-regression-cubic ran for 0.008 secs (0.008u,0.s)
Tactic call abstract-regression-linear ran for 0.001 secs (0.001u,0.s) (success)
Params: n= 5
Tactic call reify-regression-cubic ran for 0.012 secs (0.009u,0.003s)
Tactic call abstract-regression-linear ran for 0.001 secs (0.001u,0.s) (success)
Params: n= 6
Tactic call reify-regression-cubic ran for 0.012 secs (0.012u,0.s)
Tactic call abstract-regression-linear ran for 0.001 secs (0.u,0.001s) (success)
Params: n= 7
Tactic call reify-regression-cubic ran for 0.014 secs (0.008u,0.006s)
Tactic call abstract-regression-linear ran for 0.001 secs (0.u,0.001s) (success)
Params: n= 8
Tactic call reify-regression-cubic ran for 0.019 secs (0.006u,0.013s)
Tactic call abstract-regression-linear ran for 0.052 secs (0.052u,0.s) (success)
Params: n= 9
Tactic call reify-regression-cubic ran for 0.017 secs (0.017u,0.s)
Tactic call abstract-regression-linear ran for 0.001 secs (0.001u,0.s) (success)
Params: n= 10
Tactic call reify-regression-cubic ran for 0.02 secs (0.02u,0.s)
Tactic call abstract-regression-linear ran for 0.001 secs (0.001u,0.s) (success)
Params: n= 11
Tactic call reify-regression-cubic ran for 0.022 secs (0.022u,0.s)
Tactic call abstract-regression-linear ran for 0.001 secs (0.001u,0.s) (success)
Params: n= 12
Tactic call reify-regression-cubic ran for 0.028 secs (0.028u,0.s)
Tactic call abstract-regression-linear ran for 0.001 secs (0.001u,0.s) (success)
Params: n= 13
Tactic call reify-regression-cubic ran for 0.028 secs (0.028u,0.s)
Tactic call abstract-regression-linear ran for 0.001 secs (0.001u,0.s) (success)
Params: n= 14
Tactic call reify-regression-cubic ran for 0.033 secs (0.033u,0.s)
Tactic call abstract-regression-linear ran for 0.001 secs (0.001u,0.s) (success)
Params: n= 15
Tactic call reify-regression-cubic ran for 0.118 secs (0.118u,0.s)
Tactic call abstract-regression-linear ran for 0.001 secs (0.001u,0.s) (success)
Params: n= 16
Tactic call reify-regression-cubic ran for 0.039 secs (0.039u,0.s)
Tactic call abstract-regression-linear ran for 0.002 secs (0.002u,0.s) (success)
Params: n= 17
Tactic call reify-regression-cubic ran for 0.047 secs (0.047u,0.s)
Tactic call abstract-regression-linear ran for 0.002 secs (0.002u,0.s) (success)
Params: n= 18
Tactic call reify-regression-cubic ran for 0.048 secs (0.048u,0.s)
Tactic call abstract-regression-linear ran for 0.002 secs (0.002u,0.s) (success)
Params: n= 19
Tactic call reify-regression-cubic ran for 0.081 secs (0.081u,0.s)
Tactic call abstract-regression-linear ran for 0.002 secs (0.002u,0.s) (success)
Params: n= 20
Tactic call reify-regression-cubic ran for 0.057 secs (0.057u,0.s)
Tactic call abstract-regression-linear ran for 0.004 secs (0.004u,0.s) (success)
Params: n= 21
Tactic call reify-regression-cubic ran for 0.063 secs (0.063u,0.s)
Tactic call abstract-regression-linear ran for 0.002 secs (0.002u,0.s) (success)
Params: n= 22
Tactic call reify-regression-cubic ran for 0.066 secs (0.066u,0.s)
Tactic call abstract-regression-linear ran for 0.002 secs (0.002u,0.s) (success)
Params: n= 23
Tactic call reify-regression-cubic ran for 0.077 secs (0.077u,0.s)
Tactic call abstract-regression-linear ran for 0.002 secs (0.002u,0.s) (success)
Params: n= 24
Tactic call reify-regression-cubic ran for 0.101 secs (0.101u,0.s)
Tactic call abstract-regression-linear ran for 0.002 secs (0.002u,0.s) (success)
Params: n= 25
Tactic call reify-regression-cubic ran for 0.086 secs (0.083u,0.003s)
Tactic call abstract-regression-linear ran for 0.002 secs (0.002u,0.s) (success)
Params: n= 26
Tactic call reify-regression-cubic ran for 0.109 secs (0.109u,0.s)
Tactic call abstract-regression-linear ran for 0.003 secs (0.003u,0.s) (success)
Params: n= 27
Tactic call reify-regression-cubic ran for 0.189 secs (0.189u,0.s)
Tactic call abstract-regression-linear ran for 0.002 secs (0.002u,0.s) (success)
Params: n= 28
Tactic call reify-regression-cubic ran for 0.113 secs (0.109u,0.003s)
Tactic call abstract-regression-linear ran for 0.002 secs (0.002u,0.s) (success)
Params: n= 29
Tactic call reify-regression-cubic ran for 0.13 secs (0.129u,0.s)
Tactic call abstract-regression-linear ran for 0.003 secs (0.003u,0.s) (success)
Params: n= 30
Tactic call reify-regression-cubic ran for 0.12 secs (0.12u,0.s)
Tactic call abstract-regression-linear ran for 0.003 secs (0.003u,0.s) (success)
Params: n= 31
Tactic call reify-regression-cubic ran for 0.127 secs (0.127u,0.s)
Tactic call abstract-regression-linear ran for 0.003 secs (0.003u,0.s) (success)
Params: n= 32
Tactic call reify-regression-cubic ran for 0.149 secs (0.149u,0.s)
Tactic call abstract-regression-linear ran for 0.003 secs (0.003u,0.s) (success)
Params: n= 33
Tactic call reify-regression-cubic ran for 0.157 secs (0.157u,0.s)
Tactic call abstract-regression-linear ran for 0.003 secs (0.003u,0.s) (success)
Params: n= 34
Tactic call reify-regression-cubic ran for 0.157 secs (0.157u,0.s)
Tactic call abstract-regression-linear ran for 0.003 secs (0.003u,0.s) (success)
Params: n= 35
Tactic call reify-regression-cubic ran for 0.175 secs (0.171u,0.003s)
Tactic call abstract-regression-linear ran for 0.003 secs (0.003u,0.s) (success)
Params: n= 36
Tactic call reify-regression-cubic ran for 0.18 secs (0.18u,0.s)
Tactic call abstract-regression-linear ran for 0.003 secs (0.003u,0.s) (success)
Params: n= 37
Tactic call reify-regression-cubic ran for 0.194 secs (0.19u,0.003s)
Tactic call abstract-regression-linear ran for 0.004 secs (0.004u,0.s) (success)
Params: n= 38
Tactic call reify-regression-cubic ran for 0.201 secs (0.201u,0.s)
Tactic call abstract-regression-linear ran for 0.003 secs (0.003u,0.s) (success)
Params: n= 39
Tactic call reify-regression-cubic ran for 0.211 secs (0.211u,0.s)
Tactic call abstract-regression-linear ran for 0.004 secs (0.004u,0.s) (success)
Params: n= 40
Tactic call reify-regression-cubic ran for 0.231 secs (0.231u,0.s)
Tactic call abstract-regression-linear ran for 0.003 secs (0.003u,0.s) (success)
Params: n= 41
Tactic call reify-regression-cubic ran for 0.222 secs (0.222u,0.s)
Tactic call abstract-regression-linear ran for 0.003 secs (0.003u,0.s) (success)
Params: n= 42
Tactic call reify-regression-cubic ran for 0.248 secs (0.244u,0.004s)
Tactic call abstract-regression-linear ran for 0.004 secs (0.004u,0.s) (success)
Params: n= 43
Tactic call reify-regression-cubic ran for 0.262 secs (0.262u,0.s)
Tactic call abstract-regression-linear ran for 0.004 secs (0.004u,0.s) (success)
Params: n= 44
Tactic call reify-regression-cubic ran for 0.275 secs (0.275u,0.s)
Tactic call abstract-regression-linear ran for 0.004 secs (0.004u,0.s) (success)
Params: n= 45
Tactic call reify-regression-cubic ran for 0.271 secs (0.267u,0.003s)
Tactic call abstract-regression-linear ran for 0.004 secs (0.004u,0.s) (success)
Params: n= 46
Tactic call reify-regression-cubic ran for 0.274 secs (0.274u,0.s)
Tactic call abstract-regression-linear ran for 0.004 secs (0.004u,0.s) (success)
Params: n= 47
Tactic call reify-regression-cubic ran for 0.296 secs (0.296u,0.s)
Tactic call abstract-regression-linear ran for 0.005 secs (0.005u,0.s) (success)
Params: n= 48
Tactic call reify-regression-cubic ran for 0.299 secs (0.299u,0.s)
Tactic call abstract-regression-linear ran for 0.004 secs (0.004u,0.s) (success)
Params: n= 49
Tactic call reify-regression-cubic ran for 0.323 secs (0.323u,0.s)
Tactic call abstract-regression-linear ran for 0.004 secs (0.004u,0.s) (success)
Params: n= 50
Tactic call reify-regression-cubic ran for 0.342 secs (0.342u,0.s)
Tactic call abstract-regression-linear ran for 0.004 secs (0.004u,0.s) (success)
Params: n= 51
Tactic call reify-regression-cubic ran for 0.349 secs (0.349u,0.s)
Tactic call abstract-regression-linear ran for 0.004 secs (0.004u,0.s) (success)
Params: n= 52
Tactic call reify-regression-cubic ran for 0.36 secs (0.349u,0.011s)
Tactic call abstract-regression-linear ran for 0.004 secs (0.004u,0.s) (success)
Params: n= 53
Tactic call reify-regression-cubic ran for 0.373 secs (0.369u,0.004s)
Tactic call abstract-regression-linear ran for 0.004 secs (0.004u,0.s) (success)
Params: n= 54
Tactic call reify-regression-cubic ran for 0.402 secs (0.402u,0.s)
Tactic call abstract-regression-linear ran for 0.004 secs (0.004u,0.s) (success)
Params: n= 55
Tactic call reify-regression-cubic ran for 0.444 secs (0.444u,0.s)
Tactic call abstract-regression-linear ran for 0.005 secs (0.005u,0.s) (success)
Params: n= 56
Tactic call reify-regression-cubic ran for 0.434 secs (0.43u,0.003s)
Tactic call abstract-regression-linear ran for 0.005 secs (0.005u,0.s) (success)
Params: n= 57
Tactic call reify-regression-cubic ran for 0.458 secs (0.458u,0.s)
Tactic call abstract-regression-linear ran for 0.005 secs (0.005u,0.s) (success)
Params: n= 58
Tactic call reify-regression-cubic ran for 0.502 secs (0.5u,0.s)
Tactic call abstract-regression-linear ran for 0.004 secs (0.004u,0.s) (success)
Params: n= 59
Tactic call reify-regression-cubic ran for 0.469 secs (0.461u,0.007s)
Tactic call abstract-regression-linear ran for 0.005 secs (0.005u,0.s) (success)
Params: n= 60
Tactic call reify-regression-cubic ran for 0.492 secs (0.492u,0.s)
Tactic call abstract-regression-linear ran for 0.004 secs (0.004u,0.s) (success)
Params: n= 61
Tactic call reify-regression-cubic ran for 0.509 secs (0.505u,0.003s)
Tactic call abstract-regression-linear ran for 0.005 secs (0.005u,0.s) (success)
Params: n= 62
Tactic call reify-regression-cubic ran for 0.52 secs (0.52u,0.s)
Tactic call abstract-regression-linear ran for 0.009 secs (0.009u,0.s) (success)
Params: n= 63
Tactic call reify-regression-cubic ran for 0.541 secs (0.537u,0.003s)
Tactic call abstract-regression-linear ran for 0.005 secs (0.005u,0.s) (success)
Params: n= 64
Tactic call reify-regression-cubic ran for 0.581 secs (0.581u,0.s)
Tactic call abstract-regression-linear ran for 0.005 secs (0.005u,0.s) (success)
Params: n= 65
Tactic call reify-regression-cubic ran for 0.584 secs (0.584u,0.s)
Tactic call abstract-regression-linear ran for 0.005 secs (0.005u,0.s) (success)
Params: n= 66
Tactic call reify-regression-cubic ran for 0.636 secs (0.636u,0.s)
Tactic call abstract-regression-linear ran for 0.005 secs (0.005u,0.s) (success)
Params: n= 67
Tactic call reify-regression-cubic ran for 0.666 secs (0.666u,0.s)
Tactic call abstract-regression-linear ran for 0.005 secs (0.005u,0.s) (success)
Params: n= 68
Tactic call reify-regression-cubic ran for 0.673 secs (0.673u,0.s)
Tactic call abstract-regression-linear ran for 0.005 secs (0.005u,0.s) (success)
Params: n= 69
Tactic call reify-regression-cubic ran for 0.666 secs (0.666u,0.s)
Tactic call abstract-regression-linear ran for 0.005 secs (0.005u,0.s) (success)
Params: n= 70
Tactic call reify-regression-cubic ran for 0.694 secs (0.694u,0.s)
Tactic call abstract-regression-linear ran for 0.006 secs (0.006u,0.s) (success)
Params: n= 71
Tactic call reify-regression-cubic ran for 0.737 secs (0.737u,0.s)
Tactic call abstract-regression-linear ran for 0.006 secs (0.006u,0.s) (success)
Params: n= 72
Tactic call reify-regression-cubic ran for 0.745 secs (0.745u,0.s)
Tactic call abstract-regression-linear ran for 0.007 secs (0.007u,0.s) (success)
Params: n= 73
Tactic call reify-regression-cubic ran for 0.768 secs (0.768u,0.s)
Tactic call abstract-regression-linear ran for 0.005 secs (0.005u,0.s) (success)
Params: n= 74
Tactic call reify-regression-cubic ran for 0.79 secs (0.789u,0.s)
Tactic call abstract-regression-linear ran for 0.006 secs (0.006u,0.s) (success)
Params: n= 75
Tactic call reify-regression-cubic ran for 0.825 secs (0.825u,0.s)
Tactic call abstract-regression-linear ran for 0.01 secs (0.01u,0.s) (success)
Params: n= 76
Tactic call reify-regression-cubic ran for 0.854 secs (0.854u,0.s)
Tactic call abstract-regression-linear ran for 0.006 secs (0.006u,0.s) (success)
Params: n= 77
Tactic call reify-regression-cubic ran for 0.875 secs (0.871u,0.003s)
Tactic call abstract-regression-linear ran for 0.006 secs (0.006u,0.s) (success)
Params: n= 78
Tactic call reify-regression-cubic ran for 0.9 secs (0.892u,0.008s)
Tactic call abstract-regression-linear ran for 0.006 secs (0.006u,0.s) (success)
Params: n= 79
Tactic call reify-regression-cubic ran for 0.941 secs (0.937u,0.004s)
Tactic call abstract-regression-linear ran for 0.006 secs (0.006u,0.s) (success)
Params: n= 80
Tactic call reify-regression-cubic ran for 0.947 secs (0.947u,0.s)
Tactic call abstract-regression-linear ran for 0.006 secs (0.006u,0.s) (success)
Params: n= 81
Tactic call reify-regression-cubic ran for 1.139 secs (1.139u,0.s)
Tactic call abstract-regression-linear ran for 0.006 secs (0.006u,0.s) (success)
Params: n= 82
Tactic call reify-regression-cubic ran for 1.022 secs (1.022u,0.s)
Tactic call abstract-regression-linear ran for 0.007 secs (0.007u,0.s) (success)
Params: n= 83
Tactic call reify-regression-cubic ran for 1.088 secs (1.088u,0.s)
Tactic call abstract-regression-linear ran for 0.006 secs (0.006u,0.s) (success)
Params: n= 84
Tactic call reify-regression-cubic ran for 1.019 secs (1.019u,0.s)
Tactic call abstract-regression-linear ran for 0.006 secs (0.006u,0.s) (success)
Params: n= 85
Tactic call reify-regression-cubic ran for 1.094 secs (1.094u,0.s)
Tactic call abstract-regression-linear ran for 0.007 secs (0.007u,0.s) (success)
Params: n= 86
Tactic call reify-regression-cubic ran for 1.109 secs (1.109u,0.s)
Tactic call abstract-regression-linear ran for 0.007 secs (0.007u,0.s) (success)
Params: n= 87
Tactic call reify-regression-cubic ran for 1.16 secs (1.159u,0.s)
Tactic call abstract-regression-linear ran for 0.007 secs (0.007u,0.s) (success)
Params: n= 88
Tactic call reify-regression-cubic ran for 1.229 secs (1.229u,0.s)
Tactic call abstract-regression-linear ran for 0.007 secs (0.007u,0.s) (success)
Params: n= 89
Tactic call reify-regression-cubic ran for 1.219 secs (1.219u,0.s)
Tactic call abstract-regression-linear ran for 0.007 secs (0.007u,0.s) (success)
Params: n= 90
Tactic call reify-regression-cubic ran for 1.24 secs (1.239u,0.s)
Tactic call abstract-regression-linear ran for 0.007 secs (0.007u,0.s) (success)
Params: n= 91
Tactic call reify-regression-cubic ran for 1.271 secs (1.271u,0.s)
Tactic call abstract-regression-linear ran for 0.008 secs (0.008u,0.s) (success)
Params: n= 92
Tactic call reify-regression-cubic ran for 1.311 secs (1.311u,0.s)
Tactic call abstract-regression-linear ran for 0.007 secs (0.007u,0.s) (success)
Params: n= 93
Tactic call reify-regression-cubic ran for 1.344 secs (1.344u,0.s)
Tactic call abstract-regression-linear ran for 0.007 secs (0.007u,0.s) (success)
Params: n= 94
Tactic call reify-regression-cubic ran for 1.438 secs (1.434u,0.004s)
Tactic call abstract-regression-linear ran for 0.007 secs (0.007u,0.s) (success)
Params: n= 95
Tactic call reify-regression-cubic ran for 1.419 secs (1.419u,0.s)
Tactic call abstract-regression-linear ran for 0.008 secs (0.008u,0.s) (success)
Params: n= 96
Tactic call reify-regression-cubic ran for 1.429 secs (1.429u,0.s)
Tactic call abstract-regression-linear ran for 0.007 secs (0.007u,0.s) (success)
Params: n= 97
Tactic call reify-regression-cubic ran for 1.498 secs (1.498u,0.s)
Tactic call abstract-regression-linear ran for 0.007 secs (0.007u,0.s) (success)
Params: n= 98
Tactic call reify-regression-cubic ran for 1.572 secs (1.572u,0.s)
Tactic call abstract-regression-linear ran for 0.008 secs (0.008u,0.s) (success)
Params: n= 99
Tactic call reify-regression-cubic ran for 1.593 secs (1.593u,0.s)
Tactic call abstract-regression-linear ran for 0.007 secs (0.007u,0.s) (success)
Params: n= 100
Tactic call reify-regression-cubic ran for 1.58 secs (1.58u,0.s)
Tactic call abstract-regression-linear ran for 0.007 secs (0.007u,0.s) (success)
