Params: n= 4
Tactic call rewrite_strat-topdown ran for 0.001 secs (0.001u,0.s) (success)
Tactic call rewrite_strat-topdown-noop ran for 0. secs (0.u,0.s) (success)
Tactic call abstract+rewrite_strat-topdown ran for 0.002 secs (0.002u,0.s) (success)
Tactic call close-abstract+rewrite_strat-topdown ran for 0. secs (0.u,0.s)
Params: n= 5
Tactic call rewrite_strat-topdown ran for 0. secs (0.u,0.s) (success)
Tactic call rewrite_strat-topdown-noop ran for 0. secs (0.u,0.s) (success)
Tactic call abstract+rewrite_strat-topdown ran for 0.001 secs (0.001u,0.s) (success)
Tactic call close-abstract+rewrite_strat-topdown ran for 0. secs (0.u,0.s)
Params: n= 6
Tactic call rewrite_strat-topdown ran for 0.001 secs (0.001u,0.s) (success)
Tactic call rewrite_strat-topdown-noop ran for 0. secs (0.u,0.s) (success)
Tactic call abstract+rewrite_strat-topdown ran for 0.001 secs (0.001u,0.s) (success)
Tactic call close-abstract+rewrite_strat-topdown ran for 0. secs (0.u,0.s)
Params: n= 7
Tactic call rewrite_strat-topdown ran for 0.001 secs (0.u,0.001s) (success)
Tactic call rewrite_strat-topdown-noop ran for 0. secs (0.u,0.s) (success)
Tactic call abstract+rewrite_strat-topdown ran for 0.001 secs (0.u,0.001s) (success)
Tactic call close-abstract+rewrite_strat-topdown ran for 0. secs (0.u,0.s)
Params: n= 8
Tactic call rewrite_strat-topdown ran for 0.001 secs (0.u,0.001s) (success)
Tactic call rewrite_strat-topdown-noop ran for 0. secs (0.u,0.s) (success)
Tactic call abstract+rewrite_strat-topdown ran for 0.001 secs (0.u,0.001s) (success)
Tactic call close-abstract+rewrite_strat-topdown ran for 0. secs (0.u,0.s)
Params: n= 9
Tactic call rewrite_strat-topdown ran for 0.001 secs (0.001u,0.s) (success)
Tactic call rewrite_strat-topdown-noop ran for 0. secs (0.u,0.s) (success)
Tactic call abstract+rewrite_strat-topdown ran for 0.002 secs (0.002u,0.s) (success)
Tactic call close-abstract+rewrite_strat-topdown ran for 0. secs (0.u,0.s)
Params: n= 10
Tactic call rewrite_strat-topdown ran for 0.001 secs (0.001u,0.s) (success)
Tactic call rewrite_strat-topdown-noop ran for 0. secs (0.u,0.s) (success)
Tactic call abstract+rewrite_strat-topdown ran for 0.002 secs (0.002u,0.s) (success)
Tactic call close-abstract+rewrite_strat-topdown ran for 0. secs (0.u,0.s)
Params: n= 11
Tactic call rewrite_strat-topdown ran for 0.001 secs (0.001u,0.s) (success)
Tactic call rewrite_strat-topdown-noop ran for 0. secs (0.u,0.s) (success)
Tactic call abstract+rewrite_strat-topdown ran for 0.002 secs (0.002u,0.s) (success)
Tactic call close-abstract+rewrite_strat-topdown ran for 0. secs (0.u,0.s)
Params: n= 12
Tactic call rewrite_strat-topdown ran for 0.001 secs (0.001u,0.s) (success)
Tactic call rewrite_strat-topdown-noop ran for 0. secs (0.u,0.s) (success)
Tactic call abstract+rewrite_strat-topdown ran for 0.002 secs (0.002u,0.s) (success)
Tactic call close-abstract+rewrite_strat-topdown ran for 0. secs (0.u,0.s)
Params: n= 13
Tactic call rewrite_strat-topdown ran for 0.002 secs (0.u,0.002s) (success)
Tactic call rewrite_strat-topdown-noop ran for 0. secs (0.u,0.s) (success)
Tactic call abstract+rewrite_strat-topdown ran for 0.003 secs (0.u,0.003s) (success)
Tactic call close-abstract+rewrite_strat-topdown ran for 0. secs (0.u,0.s)
Params: n= 14
Tactic call rewrite_strat-topdown ran for 0.002 secs (0.002u,0.s) (success)
Tactic call rewrite_strat-topdown-noop ran for 0. secs (0.u,0.s) (success)
Tactic call abstract+rewrite_strat-topdown ran for 0.003 secs (0.003u,0.s) (success)
Tactic call close-abstract+rewrite_strat-topdown ran for 0. secs (0.u,0.s)
Params: n= 15
Tactic call rewrite_strat-topdown ran for 0.04 secs (0.032u,0.008s) (success)
Tactic call rewrite_strat-topdown-noop ran for 0. secs (0.u,0.s) (success)
Tactic call abstract+rewrite_strat-topdown ran for 0.041 secs (0.032u,0.008s) (success)
Tactic call close-abstract+rewrite_strat-topdown ran for 0. secs (0.u,0.s)
Params: n= 16
Tactic call rewrite_strat-topdown ran for 0.002 secs (0.002u,0.s) (success)
Tactic call rewrite_strat-topdown-noop ran for 0. secs (0.u,0.s) (success)
Tactic call abstract+rewrite_strat-topdown ran for 0.003 secs (0.003u,0.s) (success)
Tactic call close-abstract+rewrite_strat-topdown ran for 0. secs (0.u,0.s)
Params: n= 17
Tactic call rewrite_strat-topdown ran for 0.002 secs (0.002u,0.s) (success)
Tactic call rewrite_strat-topdown-noop ran for 0. secs (0.u,0.s) (success)
Tactic call abstract+rewrite_strat-topdown ran for 0.003 secs (0.003u,0.s) (success)
Tactic call close-abstract+rewrite_strat-topdown ran for 0. secs (0.u,0.s)
Params: n= 18
Tactic call rewrite_strat-topdown ran for 0.002 secs (0.002u,0.s) (success)
Tactic call rewrite_strat-topdown-noop ran for 0. secs (0.u,0.s) (success)
Tactic call abstract+rewrite_strat-topdown ran for 0.003 secs (0.003u,0.s) (success)
Tactic call close-abstract+rewrite_strat-topdown ran for 0. secs (0.u,0.s)
Params: n= 19
Tactic call rewrite_strat-topdown ran for 0.002 secs (0.002u,0.s) (success)
Tactic call rewrite_strat-topdown-noop ran for 0. secs (0.u,0.s) (success)
Tactic call abstract+rewrite_strat-topdown ran for 0.003 secs (0.003u,0.s) (success)
Tactic call close-abstract+rewrite_strat-topdown ran for 0. secs (0.u,0.s)
Params: n= 20
Tactic call rewrite_strat-topdown ran for 0.002 secs (0.002u,0.s) (success)
Tactic call rewrite_strat-topdown-noop ran for 0. secs (0.u,0.s) (success)
Tactic call abstract+rewrite_strat-topdown ran for 0.003 secs (0.003u,0.s) (success)
Tactic call close-abstract+rewrite_strat-topdown ran for 0. secs (0.u,0.s)
Params: n= 21
Tactic call rewrite_strat-topdown ran for 0.003 secs (0.003u,0.s) (success)
Tactic call rewrite_strat-topdown-noop ran for 0. secs (0.u,0.s) (success)
Tactic call abstract+rewrite_strat-topdown ran for 0.004 secs (0.004u,0.s) (success)
Tactic call close-abstract+rewrite_strat-topdown ran for 0.001 secs (0.001u,0.s)
Params: n= 22
Tactic call rewrite_strat-topdown ran for 0.003 secs (0.003u,0.s) (success)
Tactic call rewrite_strat-topdown-noop ran for 0. secs (0.u,0.s) (success)
Tactic call abstract+rewrite_strat-topdown ran for 0.018 secs (0.018u,0.s) (success)
Tactic call close-abstract+rewrite_strat-topdown ran for 0.014 secs (0.014u,0.s)
Params: n= 23
Tactic call rewrite_strat-topdown ran for 0.003 secs (0.003u,0.s) (success)
Tactic call rewrite_strat-topdown-noop ran for 0. secs (0.u,0.s) (success)
Tactic call abstract+rewrite_strat-topdown ran for 0.004 secs (0.004u,0.s) (success)
Tactic call close-abstract+rewrite_strat-topdown ran for 0.001 secs (0.001u,0.s)
Params: n= 24
Tactic call rewrite_strat-topdown ran for 0.003 secs (0.003u,0.s) (success)
Tactic call rewrite_strat-topdown-noop ran for 0. secs (0.u,0.s) (success)
Tactic call abstract+rewrite_strat-topdown ran for 0.005 secs (0.005u,0.s) (success)
Tactic call close-abstract+rewrite_strat-topdown ran for 0.001 secs (0.001u,0.s)
Params: n= 25
Tactic call rewrite_strat-topdown ran for 0.003 secs (0.003u,0.s) (success)
Tactic call rewrite_strat-topdown-noop ran for 0. secs (0.u,0.s) (success)
Tactic call abstract+rewrite_strat-topdown ran for 0.005 secs (0.005u,0.s) (success)
Tactic call close-abstract+rewrite_strat-topdown ran for 0.001 secs (0.001u,0.s)
Params: n= 26
Tactic call rewrite_strat-topdown ran for 0.004 secs (0.004u,0.s) (success)
Tactic call rewrite_strat-topdown-noop ran for 0. secs (0.u,0.s) (success)
Tactic call abstract+rewrite_strat-topdown ran for 0.005 secs (0.005u,0.s) (success)
Tactic call close-abstract+rewrite_strat-topdown ran for 0.001 secs (0.001u,0.s)
Params: n= 27
Tactic call rewrite_strat-topdown ran for 0.005 secs (0.005u,0.s) (success)
Tactic call rewrite_strat-topdown-noop ran for 0. secs (0.u,0.s) (success)
Tactic call abstract+rewrite_strat-topdown ran for 0.007 secs (0.007u,0.s) (success)
Tactic call close-abstract+rewrite_strat-topdown ran for 0.001 secs (0.001u,0.s)
Params: n= 28
Tactic call rewrite_strat-topdown ran for 0.004 secs (0.004u,0.s) (success)
Tactic call rewrite_strat-topdown-noop ran for 0. secs (0.u,0.s) (success)
Tactic call abstract+rewrite_strat-topdown ran for 0.006 secs (0.006u,0.s) (success)
Tactic call close-abstract+rewrite_strat-topdown ran for 0.001 secs (0.001u,0.s)
Params: n= 29
Tactic call rewrite_strat-topdown ran for 0.004 secs (0.004u,0.s) (success)
Tactic call rewrite_strat-topdown-noop ran for 0. secs (0.u,0.s) (success)
Tactic call abstract+rewrite_strat-topdown ran for 0.006 secs (0.004u,0.001s) (success)
Tactic call close-abstract+rewrite_strat-topdown ran for 0.001 secs (0.u,0.001s)
Params: n= 30
Tactic call rewrite_strat-topdown ran for 0.005 secs (0.003u,0.001s) (success)
Tactic call rewrite_strat-topdown-noop ran for 0. secs (0.u,0.s) (success)
Tactic call abstract+rewrite_strat-topdown ran for 0.007 secs (0.005u,0.001s) (success)
Tactic call close-abstract+rewrite_strat-topdown ran for 0.001 secs (0.001u,0.s)
Params: n= 31
Tactic call rewrite_strat-topdown ran for 0.005 secs (0.005u,0.s) (success)
Tactic call rewrite_strat-topdown-noop ran for 0. secs (0.u,0.s) (success)
Tactic call abstract+rewrite_strat-topdown ran for 0.007 secs (0.007u,0.s) (success)
Tactic call close-abstract+rewrite_strat-topdown ran for 0.001 secs (0.001u,0.s)
Params: n= 32
Tactic call rewrite_strat-topdown ran for 0.005 secs (0.005u,0.s) (success)
Tactic call rewrite_strat-topdown-noop ran for 0. secs (0.u,0.s) (success)
Tactic call abstract+rewrite_strat-topdown ran for 0.008 secs (0.005u,0.002s) (success)
Tactic call close-abstract+rewrite_strat-topdown ran for 0.001 secs (0.u,0.001s)
Params: n= 33
Tactic call rewrite_strat-topdown ran for 0.006 secs (0.005u,0.s) (success)
Tactic call rewrite_strat-topdown-noop ran for 0. secs (0.u,0.s) (success)
Tactic call abstract+rewrite_strat-topdown ran for 0.008 secs (0.007u,0.001s) (success)
Tactic call close-abstract+rewrite_strat-topdown ran for 0.002 secs (0.001u,0.s)
Params: n= 34
Tactic call rewrite_strat-topdown ran for 0.007 secs (0.003u,0.003s) (success)
Tactic call rewrite_strat-topdown-noop ran for 0. secs (0.u,0.s) (success)
Tactic call abstract+rewrite_strat-topdown ran for 0.01 secs (0.006u,0.003s) (success)
Tactic call close-abstract+rewrite_strat-topdown ran for 0.002 secs (0.002u,0.s)
Params: n= 35
Tactic call rewrite_strat-topdown ran for 0.006 secs (0.006u,0.s) (success)
Tactic call rewrite_strat-topdown-noop ran for 0. secs (0.u,0.s) (success)
Tactic call abstract+rewrite_strat-topdown ran for 0.009 secs (0.009u,0.s) (success)
Tactic call close-abstract+rewrite_strat-topdown ran for 0.002 secs (0.002u,0.s)
Params: n= 36
Tactic call rewrite_strat-topdown ran for 0.006 secs (0.006u,0.s) (success)
Tactic call rewrite_strat-topdown-noop ran for 0. secs (0.u,0.s) (success)
Tactic call abstract+rewrite_strat-topdown ran for 0.009 secs (0.009u,0.s) (success)
Tactic call close-abstract+rewrite_strat-topdown ran for 0.002 secs (0.002u,0.s)
Params: n= 37
Tactic call rewrite_strat-topdown ran for 0.011 secs (0.011u,0.s) (success)
Tactic call rewrite_strat-topdown-noop ran for 0. secs (0.u,0.s) (success)
Tactic call abstract+rewrite_strat-topdown ran for 0.014 secs (0.014u,0.s) (success)
Tactic call close-abstract+rewrite_strat-topdown ran for 0.002 secs (0.002u,0.s)
Params: n= 38
Tactic call rewrite_strat-topdown ran for 0.007 secs (0.007u,0.s) (success)
Tactic call rewrite_strat-topdown-noop ran for 0. secs (0.u,0.s) (success)
Tactic call abstract+rewrite_strat-topdown ran for 0.01 secs (0.01u,0.s) (success)
Tactic call close-abstract+rewrite_strat-topdown ran for 0.002 secs (0.002u,0.s)
Params: n= 39
Tactic call rewrite_strat-topdown ran for 0.009 secs (0.009u,0.s) (success)
Tactic call rewrite_strat-topdown-noop ran for 0. secs (0.u,0.s) (success)
Tactic call abstract+rewrite_strat-topdown ran for 0.012 secs (0.012u,0.s) (success)
Tactic call close-abstract+rewrite_strat-topdown ran for 0.002 secs (0.002u,0.s)
Params: n= 40
Tactic call rewrite_strat-topdown ran for 0.008 secs (0.008u,0.s) (success)
Tactic call rewrite_strat-topdown-noop ran for 0. secs (0.u,0.s) (success)
Tactic call abstract+rewrite_strat-topdown ran for 0.011 secs (0.011u,0.s) (success)
Tactic call close-abstract+rewrite_strat-topdown ran for 0.002 secs (0.002u,0.s)
Params: n= 41
Tactic call rewrite_strat-topdown ran for 0.008 secs (0.008u,0.s) (success)
Tactic call rewrite_strat-topdown-noop ran for 0.006 secs (0.006u,0.s) (success)
Tactic call abstract+rewrite_strat-topdown ran for 0.018 secs (0.018u,0.s) (success)
Tactic call close-abstract+rewrite_strat-topdown ran for 0.003 secs (0.003u,0.s)
Params: n= 42
Tactic call rewrite_strat-topdown ran for 0.008 secs (0.008u,0.s) (success)
Tactic call rewrite_strat-topdown-noop ran for 0. secs (0.u,0.s) (success)
Tactic call abstract+rewrite_strat-topdown ran for 0.012 secs (0.012u,0.s) (success)
Tactic call close-abstract+rewrite_strat-topdown ran for 0.003 secs (0.003u,0.s)
Params: n= 43
Tactic call rewrite_strat-topdown ran for 0.009 secs (0.009u,0.s) (success)
Tactic call rewrite_strat-topdown-noop ran for 0. secs (0.u,0.s) (success)
Tactic call abstract+rewrite_strat-topdown ran for 0.013 secs (0.013u,0.s) (success)
Tactic call close-abstract+rewrite_strat-topdown ran for 0.003 secs (0.003u,0.s)
Params: n= 44
Tactic call rewrite_strat-topdown ran for 0.009 secs (0.009u,0.s) (success)
Tactic call rewrite_strat-topdown-noop ran for 0. secs (0.u,0.s) (success)
Tactic call abstract+rewrite_strat-topdown ran for 0.013 secs (0.013u,0.s) (success)
Tactic call close-abstract+rewrite_strat-topdown ran for 0.003 secs (0.003u,0.s)
Params: n= 45
Tactic call rewrite_strat-topdown ran for 0.01 secs (0.01u,0.s) (success)
Tactic call rewrite_strat-topdown-noop ran for 0. secs (0.u,0.s) (success)
Tactic call abstract+rewrite_strat-topdown ran for 0.014 secs (0.014u,0.s) (success)
Tactic call close-abstract+rewrite_strat-topdown ran for 0.003 secs (0.003u,0.s)
Params: n= 46
Tactic call rewrite_strat-topdown ran for 0.01 secs (0.01u,0.s) (success)
Tactic call rewrite_strat-topdown-noop ran for 0. secs (0.u,0.s) (success)
Tactic call abstract+rewrite_strat-topdown ran for 0.014 secs (0.014u,0.s) (success)
Tactic call close-abstract+rewrite_strat-topdown ran for 0.003 secs (0.003u,0.s)
Params: n= 47
Tactic call rewrite_strat-topdown ran for 0.072 secs (0.072u,0.s) (success)
Tactic call rewrite_strat-topdown-noop ran for 0. secs (0.u,0.s) (success)
Tactic call abstract+rewrite_strat-topdown ran for 0.076 secs (0.076u,0.s) (success)
Tactic call close-abstract+rewrite_strat-topdown ran for 0.004 secs (0.004u,0.s)
Params: n= 48
Tactic call rewrite_strat-topdown ran for 0.011 secs (0.011u,0.s) (success)
Tactic call rewrite_strat-topdown-noop ran for 0. secs (0.u,0.s) (success)
Tactic call abstract+rewrite_strat-topdown ran for 0.015 secs (0.015u,0.s) (success)
Tactic call close-abstract+rewrite_strat-topdown ran for 0.004 secs (0.004u,0.s)
Params: n= 49
Tactic call rewrite_strat-topdown ran for 0.012 secs (0.012u,0.s) (success)
Tactic call rewrite_strat-topdown-noop ran for 0. secs (0.u,0.s) (success)
Tactic call abstract+rewrite_strat-topdown ran for 0.017 secs (0.017u,0.s) (success)
Tactic call close-abstract+rewrite_strat-topdown ran for 0.004 secs (0.004u,0.s)
Params: n= 51
Tactic call rewrite_strat-topdown ran for 0.044 secs (0.044u,0.s) (success)
Tactic call rewrite_strat-topdown-noop ran for 0. secs (0.u,0.s) (success)
Tactic call abstract+rewrite_strat-topdown ran for 0.049 secs (0.049u,0.s) (success)
Tactic call close-abstract+rewrite_strat-topdown ran for 0.004 secs (0.004u,0.s)
Params: n= 52
Tactic call rewrite_strat-topdown ran for 0.012 secs (0.012u,0.s) (success)
Tactic call rewrite_strat-topdown-noop ran for 0. secs (0.u,0.s) (success)
Tactic call abstract+rewrite_strat-topdown ran for 0.018 secs (0.018u,0.s) (success)
Tactic call close-abstract+rewrite_strat-topdown ran for 0.005 secs (0.005u,0.s)
Params: n= 53
Tactic call rewrite_strat-topdown ran for 0.013 secs (0.013u,0.s) (success)
Tactic call rewrite_strat-topdown-noop ran for 0. secs (0.u,0.s) (success)
Tactic call abstract+rewrite_strat-topdown ran for 0.019 secs (0.019u,0.s) (success)
Tactic call close-abstract+rewrite_strat-topdown ran for 0.005 secs (0.005u,0.s)
Params: n= 54
Tactic call rewrite_strat-topdown ran for 0.026 secs (0.026u,0.s) (success)
Tactic call rewrite_strat-topdown-noop ran for 0. secs (0.u,0.s) (success)
Tactic call abstract+rewrite_strat-topdown ran for 0.032 secs (0.032u,0.s) (success)
Tactic call close-abstract+rewrite_strat-topdown ran for 0.005 secs (0.005u,0.s)
Params: n= 55
Tactic call rewrite_strat-topdown ran for 0.015 secs (0.015u,0.s) (success)
Tactic call rewrite_strat-topdown-noop ran for 0. secs (0.u,0.s) (success)
Tactic call abstract+rewrite_strat-topdown ran for 0.021 secs (0.021u,0.s) (success)
Tactic call close-abstract+rewrite_strat-topdown ran for 0.005 secs (0.005u,0.s)
Params: n= 56
Tactic call rewrite_strat-topdown ran for 0.014 secs (0.014u,0.s) (success)
Tactic call rewrite_strat-topdown-noop ran for 0. secs (0.u,0.s) (success)
Tactic call abstract+rewrite_strat-topdown ran for 0.021 secs (0.021u,0.s) (success)
Tactic call close-abstract+rewrite_strat-topdown ran for 0.005 secs (0.005u,0.s)
Params: n= 57
Tactic call rewrite_strat-topdown ran for 0.015 secs (0.015u,0.s) (success)
Tactic call rewrite_strat-topdown-noop ran for 0. secs (0.u,0.s) (success)
Tactic call abstract+rewrite_strat-topdown ran for 0.021 secs (0.021u,0.s) (success)
Tactic call close-abstract+rewrite_strat-topdown ran for 0.005 secs (0.005u,0.s)
Params: n= 58
Tactic call rewrite_strat-topdown ran for 0.016 secs (0.016u,0.s) (success)
Tactic call rewrite_strat-topdown-noop ran for 0. secs (0.u,0.s) (success)
Tactic call abstract+rewrite_strat-topdown ran for 0.022 secs (0.022u,0.s) (success)
Tactic call close-abstract+rewrite_strat-topdown ran for 0.005 secs (0.005u,0.s)
Params: n= 59
Tactic call rewrite_strat-topdown ran for 0.02 secs (0.02u,0.s) (success)
Tactic call rewrite_strat-topdown-noop ran for 0. secs (0.u,0.s) (success)
Tactic call abstract+rewrite_strat-topdown ran for 0.027 secs (0.027u,0.s) (success)
Tactic call close-abstract+rewrite_strat-topdown ran for 0.006 secs (0.006u,0.s)
Params: n= 60
Tactic call rewrite_strat-topdown ran for 0.017 secs (0.017u,0.s) (success)
Tactic call rewrite_strat-topdown-noop ran for 0. secs (0.u,0.s) (success)
Tactic call abstract+rewrite_strat-topdown ran for 0.024 secs (0.024u,0.s) (success)
Tactic call close-abstract+rewrite_strat-topdown ran for 0.006 secs (0.006u,0.s)
Params: n= 61
Tactic call rewrite_strat-topdown ran for 0.025 secs (0.023u,0.002s) (success)
Tactic call rewrite_strat-topdown-noop ran for 0. secs (0.u,0.s) (success)
Tactic call abstract+rewrite_strat-topdown ran for 0.033 secs (0.03u,0.002s) (success)
Tactic call close-abstract+rewrite_strat-topdown ran for 0.006 secs (0.006u,0.s)
Params: n= 62
Tactic call rewrite_strat-topdown ran for 0.017 secs (0.017u,0.s) (success)
Tactic call rewrite_strat-topdown-noop ran for 0. secs (0.u,0.s) (success)
Tactic call abstract+rewrite_strat-topdown ran for 0.025 secs (0.025u,0.s) (success)
Tactic call close-abstract+rewrite_strat-topdown ran for 0.006 secs (0.006u,0.s)
Params: n= 63
Tactic call rewrite_strat-topdown ran for 0.02 secs (0.02u,0.s) (success)
Tactic call rewrite_strat-topdown-noop ran for 0. secs (0.u,0.s) (success)
Tactic call abstract+rewrite_strat-topdown ran for 0.027 secs (0.027u,0.s) (success)
Tactic call close-abstract+rewrite_strat-topdown ran for 0.006 secs (0.006u,0.s)
Params: n= 64
Tactic call rewrite_strat-topdown ran for 0.08 secs (0.08u,0.s) (success)
Tactic call rewrite_strat-topdown-noop ran for 0. secs (0.u,0.s) (success)
Tactic call abstract+rewrite_strat-topdown ran for 0.088 secs (0.088u,0.s) (success)
Tactic call close-abstract+rewrite_strat-topdown ran for 0.007 secs (0.007u,0.s)
Params: n= 65
Tactic call rewrite_strat-topdown ran for 0.02 secs (0.02u,0.s) (success)
Tactic call rewrite_strat-topdown-noop ran for 0. secs (0.u,0.s) (success)
Tactic call abstract+rewrite_strat-topdown ran for 0.028 secs (0.028u,0.s) (success)
Tactic call close-abstract+rewrite_strat-topdown ran for 0.007 secs (0.007u,0.s)
Params: n= 66
Tactic call rewrite_strat-topdown ran for 0.051 secs (0.051u,0.s) (success)
Tactic call rewrite_strat-topdown-noop ran for 0. secs (0.u,0.s) (success)
Tactic call abstract+rewrite_strat-topdown ran for 0.06 secs (0.06u,0.s) (success)
Tactic call close-abstract+rewrite_strat-topdown ran for 0.007 secs (0.007u,0.s)
Params: n= 67
Tactic call rewrite_strat-topdown ran for 0.021 secs (0.021u,0.s) (success)
Tactic call rewrite_strat-topdown-noop ran for 0. secs (0.u,0.s) (success)
Tactic call abstract+rewrite_strat-topdown ran for 0.03 secs (0.03u,0.s) (success)
Tactic call close-abstract+rewrite_strat-topdown ran for 0.007 secs (0.007u,0.s)
Params: n= 68
Tactic call rewrite_strat-topdown ran for 0.034 secs (0.034u,0.s) (success)
Tactic call rewrite_strat-topdown-noop ran for 0. secs (0.u,0.s) (success)
Tactic call abstract+rewrite_strat-topdown ran for 0.043 secs (0.043u,0.s) (success)
Tactic call close-abstract+rewrite_strat-topdown ran for 0.007 secs (0.007u,0.s)
Params: n= 69
Tactic call rewrite_strat-topdown ran for 0.022 secs (0.022u,0.s) (success)
Tactic call rewrite_strat-topdown-noop ran for 0. secs (0.u,0.s) (success)
Tactic call abstract+rewrite_strat-topdown ran for 0.031 secs (0.031u,0.s) (success)
Tactic call close-abstract+rewrite_strat-topdown ran for 0.008 secs (0.008u,0.s)
Params: n= 70
Tactic call rewrite_strat-topdown ran for 0.022 secs (0.022u,0.s) (success)
Tactic call rewrite_strat-topdown-noop ran for 0. secs (0.u,0.s) (success)
Tactic call abstract+rewrite_strat-topdown ran for 0.031 secs (0.031u,0.s) (success)
Tactic call close-abstract+rewrite_strat-topdown ran for 0.008 secs (0.008u,0.s)
Params: n= 71
Tactic call rewrite_strat-topdown ran for 0.023 secs (0.023u,0.s) (success)
Tactic call rewrite_strat-topdown-noop ran for 0. secs (0.u,0.s) (success)
Tactic call abstract+rewrite_strat-topdown ran for 0.032 secs (0.032u,0.s) (success)
Tactic call close-abstract+rewrite_strat-topdown ran for 0.008 secs (0.008u,0.s)
Params: n= 72
Tactic call rewrite_strat-topdown ran for 0.024 secs (0.024u,0.s) (success)
Tactic call rewrite_strat-topdown-noop ran for 0. secs (0.u,0.s) (success)
Tactic call abstract+rewrite_strat-topdown ran for 0.034 secs (0.034u,0.s) (success)
Tactic call close-abstract+rewrite_strat-topdown ran for 0.008 secs (0.008u,0.s)
Params: n= 73
Tactic call rewrite_strat-topdown ran for 0.024 secs (0.024u,0.s) (success)
Tactic call rewrite_strat-topdown-noop ran for 0. secs (0.u,0.s) (success)
Tactic call abstract+rewrite_strat-topdown ran for 0.034 secs (0.034u,0.s) (success)
Tactic call close-abstract+rewrite_strat-topdown ran for 0.009 secs (0.009u,0.s)
Params: n= 74
Tactic call rewrite_strat-topdown ran for 0.025 secs (0.025u,0.s) (success)
Tactic call rewrite_strat-topdown-noop ran for 0. secs (0.u,0.s) (success)
Tactic call abstract+rewrite_strat-topdown ran for 0.035 secs (0.035u,0.s) (success)
Tactic call close-abstract+rewrite_strat-topdown ran for 0.009 secs (0.009u,0.s)
Params: n= 75
Tactic call rewrite_strat-topdown ran for 0.026 secs (0.026u,0.s) (success)
Tactic call rewrite_strat-topdown-noop ran for 0. secs (0.u,0.s) (success)
Tactic call abstract+rewrite_strat-topdown ran for 0.037 secs (0.037u,0.s) (success)
Tactic call close-abstract+rewrite_strat-topdown ran for 0.009 secs (0.009u,0.s)
Params: n= 76
Tactic call rewrite_strat-topdown ran for 0.026 secs (0.026u,0.s) (success)
Tactic call rewrite_strat-topdown-noop ran for 0. secs (0.u,0.s) (success)
Tactic call abstract+rewrite_strat-topdown ran for 0.037 secs (0.037u,0.s) (success)
Tactic call close-abstract+rewrite_strat-topdown ran for 0.009 secs (0.009u,0.s)
Params: n= 77
Tactic call rewrite_strat-topdown ran for 0.027 secs (0.027u,0.s) (success)
Tactic call rewrite_strat-topdown-noop ran for 0. secs (0.u,0.s) (success)
Tactic call abstract+rewrite_strat-topdown ran for 0.038 secs (0.038u,0.s) (success)
Tactic call close-abstract+rewrite_strat-topdown ran for 0.01 secs (0.01u,0.s)
Params: n= 78
Tactic call rewrite_strat-topdown ran for 0.029 secs (0.029u,0.s) (success)
Tactic call rewrite_strat-topdown-noop ran for 0. secs (0.u,0.s) (success)
Tactic call abstract+rewrite_strat-topdown ran for 0.04 secs (0.04u,0.s) (success)
Tactic call close-abstract+rewrite_strat-topdown ran for 0.01 secs (0.01u,0.s)
Params: n= 79
Tactic call rewrite_strat-topdown ran for 0.028 secs (0.028u,0.s) (success)
Tactic call rewrite_strat-topdown-noop ran for 0. secs (0.u,0.s) (success)
Tactic call abstract+rewrite_strat-topdown ran for 0.041 secs (0.041u,0.s) (success)
Tactic call close-abstract+rewrite_strat-topdown ran for 0.012 secs (0.012u,0.s)
Params: n= 80
Tactic call rewrite_strat-topdown ran for 0.029 secs (0.029u,0.s) (success)
Tactic call rewrite_strat-topdown-noop ran for 0. secs (0.u,0.s) (success)
Tactic call abstract+rewrite_strat-topdown ran for 0.04 secs (0.04u,0.s) (success)
Tactic call close-abstract+rewrite_strat-topdown ran for 0.01 secs (0.01u,0.s)
Params: n= 81
Tactic call rewrite_strat-topdown ran for 0.029 secs (0.029u,0.s) (success)
Tactic call rewrite_strat-topdown-noop ran for 0. secs (0.u,0.s) (success)
Tactic call abstract+rewrite_strat-topdown ran for 0.041 secs (0.041u,0.s) (success)
Tactic call close-abstract+rewrite_strat-topdown ran for 0.01 secs (0.01u,0.s)
Params: n= 82
Tactic call rewrite_strat-topdown ran for 0.03 secs (0.026u,0.003s) (success)
Tactic call rewrite_strat-topdown-noop ran for 0. secs (0.u,0.s) (success)
Tactic call abstract+rewrite_strat-topdown ran for 0.042 secs (0.038u,0.003s) (success)
Tactic call close-abstract+rewrite_strat-topdown ran for 0.01 secs (0.01u,0.s)
Params: n= 83
Tactic call rewrite_strat-topdown ran for 0.035 secs (0.031u,0.004s) (success)
Tactic call rewrite_strat-topdown-noop ran for 0. secs (0.u,0.s) (success)
Tactic call abstract+rewrite_strat-topdown ran for 0.047 secs (0.039u,0.007s) (success)
Tactic call close-abstract+rewrite_strat-topdown ran for 0.011 secs (0.007u,0.003s)
Params: n= 84
Tactic call rewrite_strat-topdown ran for 0.031 secs (0.031u,0.s) (success)
Tactic call rewrite_strat-topdown-noop ran for 0. secs (0.u,0.s) (success)
Tactic call abstract+rewrite_strat-topdown ran for 0.045 secs (0.045u,0.s) (success)
Tactic call close-abstract+rewrite_strat-topdown ran for 0.012 secs (0.012u,0.s)
Params: n= 85
Tactic call rewrite_strat-topdown ran for 0.032 secs (0.032u,0.s) (success)
Tactic call rewrite_strat-topdown-noop ran for 0. secs (0.u,0.s) (success)
Tactic call abstract+rewrite_strat-topdown ran for 0.045 secs (0.045u,0.s) (success)
Tactic call close-abstract+rewrite_strat-topdown ran for 0.012 secs (0.012u,0.s)
Params: n= 86
Tactic call rewrite_strat-topdown ran for 0.032 secs (0.032u,0.s) (success)
Tactic call rewrite_strat-topdown-noop ran for 0. secs (0.u,0.s) (success)
Tactic call abstract+rewrite_strat-topdown ran for 0.045 secs (0.045u,0.s) (success)
Tactic call close-abstract+rewrite_strat-topdown ran for 0.011 secs (0.011u,0.s)
Params: n= 87
Tactic call rewrite_strat-topdown ran for 0.033 secs (0.033u,0.s) (success)
Tactic call rewrite_strat-topdown-noop ran for 0. secs (0.u,0.s) (success)
Tactic call abstract+rewrite_strat-topdown ran for 0.047 secs (0.047u,0.s) (success)
Tactic call close-abstract+rewrite_strat-topdown ran for 0.012 secs (0.012u,0.s)
Params: n= 88
Tactic call rewrite_strat-topdown ran for 0.035 secs (0.035u,0.s) (success)
Tactic call rewrite_strat-topdown-noop ran for 0. secs (0.u,0.s) (success)
Tactic call abstract+rewrite_strat-topdown ran for 0.049 secs (0.049u,0.s) (success)
Tactic call close-abstract+rewrite_strat-topdown ran for 0.013 secs (0.013u,0.s)
Params: n= 89
Tactic call rewrite_strat-topdown ran for 0.039 secs (0.039u,0.s) (success)
Tactic call rewrite_strat-topdown-noop ran for 0. secs (0.u,0.s) (success)
Tactic call abstract+rewrite_strat-topdown ran for 0.054 secs (0.054u,0.s) (success)
Tactic call close-abstract+rewrite_strat-topdown ran for 0.014 secs (0.014u,0.s)
Params: n= 90
Tactic call rewrite_strat-topdown ran for 0.039 secs (0.039u,0.s) (success)
Tactic call rewrite_strat-topdown-noop ran for 0. secs (0.u,0.s) (success)
Tactic call abstract+rewrite_strat-topdown ran for 0.053 secs (0.053u,0.s) (success)
Tactic call close-abstract+rewrite_strat-topdown ran for 0.013 secs (0.013u,0.s)
Params: n= 91
Tactic call rewrite_strat-topdown ran for 0.041 secs (0.041u,0.s) (success)
Tactic call rewrite_strat-topdown-noop ran for 0. secs (0.u,0.s) (success)
Tactic call abstract+rewrite_strat-topdown ran for 0.056 secs (0.056u,0.s) (success)
Tactic call close-abstract+rewrite_strat-topdown ran for 0.013 secs (0.013u,0.s)
Params: n= 92
Tactic call rewrite_strat-topdown ran for 0.042 secs (0.042u,0.s) (success)
Tactic call rewrite_strat-topdown-noop ran for 0. secs (0.u,0.s) (success)
Tactic call abstract+rewrite_strat-topdown ran for 0.056 secs (0.056u,0.s) (success)
Tactic call close-abstract+rewrite_strat-topdown ran for 0.013 secs (0.013u,0.s)
Params: n= 93
Tactic call rewrite_strat-topdown ran for 0.043 secs (0.043u,0.s) (success)
Tactic call rewrite_strat-topdown-noop ran for 0. secs (0.u,0.s) (success)
Tactic call abstract+rewrite_strat-topdown ran for 0.058 secs (0.058u,0.s) (success)
Tactic call close-abstract+rewrite_strat-topdown ran for 0.013 secs (0.013u,0.s)
Params: n= 94
Tactic call rewrite_strat-topdown ran for 0.043 secs (0.043u,0.s) (success)
Tactic call rewrite_strat-topdown-noop ran for 0. secs (0.u,0.s) (success)
Tactic call abstract+rewrite_strat-topdown ran for 0.058 secs (0.058u,0.s) (success)
Tactic call close-abstract+rewrite_strat-topdown ran for 0.014 secs (0.014u,0.s)
Params: n= 95
Tactic call rewrite_strat-topdown ran for 0.041 secs (0.041u,0.s) (success)
Tactic call rewrite_strat-topdown-noop ran for 0. secs (0.u,0.s) (success)
Tactic call abstract+rewrite_strat-topdown ran for 0.057 secs (0.057u,0.s) (success)
Tactic call close-abstract+rewrite_strat-topdown ran for 0.014 secs (0.014u,0.s)
Params: n= 96
Tactic call rewrite_strat-topdown ran for 0.042 secs (0.042u,0.s) (success)
Tactic call rewrite_strat-topdown-noop ran for 0. secs (0.u,0.s) (success)
Tactic call abstract+rewrite_strat-topdown ran for 0.059 secs (0.059u,0.s) (success)
Tactic call close-abstract+rewrite_strat-topdown ran for 0.015 secs (0.015u,0.s)
Params: n= 97
Tactic call rewrite_strat-topdown ran for 0.04 secs (0.04u,0.s) (success)
Tactic call rewrite_strat-topdown-noop ran for 0. secs (0.u,0.s) (success)
Tactic call abstract+rewrite_strat-topdown ran for 0.058 secs (0.058u,0.s) (success)
Tactic call close-abstract+rewrite_strat-topdown ran for 0.016 secs (0.016u,0.s)
Params: n= 98
Tactic call rewrite_strat-topdown ran for 0.045 secs (0.045u,0.s) (success)
Tactic call rewrite_strat-topdown-noop ran for 0. secs (0.u,0.s) (success)
Tactic call abstract+rewrite_strat-topdown ran for 0.063 secs (0.063u,0.s) (success)
Tactic call close-abstract+rewrite_strat-topdown ran for 0.017 secs (0.017u,0.s)
Params: n= 99
Tactic call rewrite_strat-topdown ran for 0.045 secs (0.045u,0.s) (success)
Tactic call rewrite_strat-topdown-noop ran for 0.002 secs (0.002u,0.s) (success)
Tactic call abstract+rewrite_strat-topdown ran for 0.064 secs (0.064u,0.s) (success)
Tactic call close-abstract+rewrite_strat-topdown ran for 0.015 secs (0.015u,0.s)
Params: n= 110
Tactic call rewrite_strat-topdown ran for 0.058 secs (0.058u,0.s) (success)
Tactic call rewrite_strat-topdown-noop ran for 0. secs (0.u,0.s) (success)
Tactic call abstract+rewrite_strat-topdown ran for 0.084 secs (0.084u,0.s) (success)
Tactic call close-abstract+rewrite_strat-topdown ran for 0.024 secs (0.024u,0.s)
Params: n= 120
Tactic call rewrite_strat-topdown ran for 0.064 secs (0.064u,0.s) (success)
Tactic call rewrite_strat-topdown-noop ran for 0. secs (0.u,0.s) (success)
Tactic call abstract+rewrite_strat-topdown ran for 0.091 secs (0.091u,0.s) (success)
Tactic call close-abstract+rewrite_strat-topdown ran for 0.024 secs (0.024u,0.s)
Params: n= 130
Tactic call rewrite_strat-topdown ran for 0.083 secs (0.083u,0.s) (success)
Tactic call rewrite_strat-topdown-noop ran for 0. secs (0.u,0.s) (success)
Tactic call abstract+rewrite_strat-topdown ran for 0.116 secs (0.112u,0.003s) (success)
Tactic call close-abstract+rewrite_strat-topdown ran for 0.031 secs (0.028u,0.003s)
Params: n= 140
Tactic call rewrite_strat-topdown ran for 0.099 secs (0.099u,0.s) (success)
Tactic call rewrite_strat-topdown-noop ran for 0. secs (0.u,0.s) (success)
Tactic call abstract+rewrite_strat-topdown ran for 0.136 secs (0.136u,0.s) (success)
Tactic call close-abstract+rewrite_strat-topdown ran for 0.036 secs (0.036u,0.s)
Params: n= 160
Tactic call rewrite_strat-topdown ran for 0.127 secs (0.124u,0.003s) (success)
Tactic call rewrite_strat-topdown-noop ran for 0. secs (0.u,0.s) (success)
Tactic call abstract+rewrite_strat-topdown ran for 0.18 secs (0.176u,0.003s) (success)
Tactic call close-abstract+rewrite_strat-topdown ran for 0.051 secs (0.051u,0.s)
Params: n= 170
Tactic call rewrite_strat-topdown ran for 0.15 secs (0.15u,0.s) (success)
Tactic call rewrite_strat-topdown-noop ran for 0. secs (0.u,0.s) (success)
Tactic call abstract+rewrite_strat-topdown ran for 0.217 secs (0.217u,0.s) (success)
Tactic call close-abstract+rewrite_strat-topdown ran for 0.065 secs (0.065u,0.s)
Params: n= 180
Tactic call rewrite_strat-topdown ran for 0.151 secs (0.151u,0.s) (success)
Tactic call rewrite_strat-topdown-noop ran for 0. secs (0.u,0.s) (success)
Tactic call abstract+rewrite_strat-topdown ran for 0.209 secs (0.209u,0.s) (success)
Tactic call close-abstract+rewrite_strat-topdown ran for 0.055 secs (0.055u,0.s)
Params: n= 190
Tactic call rewrite_strat-topdown ran for 0.157 secs (0.153u,0.003s) (success)
Tactic call rewrite_strat-topdown-noop ran for 0. secs (0.u,0.s) (success)
Tactic call abstract+rewrite_strat-topdown ran for 0.22 secs (0.216u,0.003s) (success)
Tactic call close-abstract+rewrite_strat-topdown ran for 0.061 secs (0.061u,0.s)
Params: n= 210
Tactic call rewrite_strat-topdown ran for 0.192 secs (0.192u,0.s) (success)
Tactic call rewrite_strat-topdown-noop ran for 0. secs (0.u,0.s) (success)
Tactic call abstract+rewrite_strat-topdown ran for 0.277 secs (0.273u,0.003s) (success)
Tactic call close-abstract+rewrite_strat-topdown ran for 0.083 secs (0.079u,0.003s)
Params: n= 220
Tactic call rewrite_strat-topdown ran for 0.206 secs (0.206u,0.s) (success)
Tactic call rewrite_strat-topdown-noop ran for 0. secs (0.u,0.s) (success)
Tactic call abstract+rewrite_strat-topdown ran for 0.291 secs (0.291u,0.s) (success)
Tactic call close-abstract+rewrite_strat-topdown ran for 0.083 secs (0.083u,0.s)
Params: n= 230
Tactic call rewrite_strat-topdown ran for 0.231 secs (0.231u,0.s) (success)
Tactic call rewrite_strat-topdown-noop ran for 0.001 secs (0.001u,0.s) (success)
Tactic call abstract+rewrite_strat-topdown ran for 0.332 secs (0.332u,0.s) (success)
Tactic call close-abstract+rewrite_strat-topdown ran for 0.099 secs (0.099u,0.s)
Params: n= 240
Tactic call rewrite_strat-topdown ran for 0.319 secs (0.311u,0.007s) (success)
Tactic call rewrite_strat-topdown-noop ran for 0.001 secs (0.001u,0.s) (success)
Tactic call abstract+rewrite_strat-topdown ran for 0.43 secs (0.418u,0.011s) (success)
Tactic call close-abstract+rewrite_strat-topdown ran for 0.109 secs (0.105u,0.004s)
Params: n= 260
Tactic call rewrite_strat-topdown ran for 0.309 secs (0.309u,0.s) (success)
Tactic call rewrite_strat-topdown-noop ran for 0.001 secs (0.001u,0.s) (success)
Tactic call abstract+rewrite_strat-topdown ran for 0.422 secs (0.418u,0.003s) (success)
Tactic call close-abstract+rewrite_strat-topdown ran for 0.11 secs (0.106u,0.003s)
Params: n= 270
Tactic call rewrite_strat-topdown ran for 0.335 secs (0.331u,0.003s) (success)
Tactic call rewrite_strat-topdown-noop ran for 0.001 secs (0.001u,0.s) (success)
Tactic call abstract+rewrite_strat-topdown ran for 0.459 secs (0.455u,0.004s) (success)
Tactic call close-abstract+rewrite_strat-topdown ran for 0.121 secs (0.121u,0.s)
Params: n= 280
Tactic call rewrite_strat-topdown ran for 0.35 secs (0.348u,0.001s) (success)
Tactic call rewrite_strat-topdown-noop ran for 0.001 secs (0.001u,0.s) (success)
Tactic call abstract+rewrite_strat-topdown ran for 0.494 secs (0.492u,0.002s) (success)
Tactic call close-abstract+rewrite_strat-topdown ran for 0.142 secs (0.142u,0.s)
Params: n= 290
Tactic call rewrite_strat-topdown ran for 0.45 secs (0.45u,0.s) (success)
Tactic call rewrite_strat-topdown-noop ran for 0.001 secs (0.001u,0.s) (success)
Tactic call abstract+rewrite_strat-topdown ran for 0.588 secs (0.588u,0.s) (success)
Tactic call close-abstract+rewrite_strat-topdown ran for 0.135 secs (0.135u,0.s)
Params: n= 310
Tactic call rewrite_strat-topdown ran for 0.461 secs (0.461u,0.s) (success)
Tactic call rewrite_strat-topdown-noop ran for 0.001 secs (0.001u,0.s) (success)
Tactic call abstract+rewrite_strat-topdown ran for 0.621 secs (0.621u,0.s) (success)
Tactic call close-abstract+rewrite_strat-topdown ran for 0.158 secs (0.158u,0.s)
Params: n= 320
Tactic call rewrite_strat-topdown ran for 0.484 secs (0.484u,0.s) (success)
Tactic call rewrite_strat-topdown-noop ran for 0.001 secs (0.001u,0.s) (success)
Tactic call abstract+rewrite_strat-topdown ran for 0.673 secs (0.673u,0.s) (success)
Tactic call close-abstract+rewrite_strat-topdown ran for 0.187 secs (0.187u,0.s)
Params: n= 330
Tactic call rewrite_strat-topdown ran for 0.504 secs (0.504u,0.s) (success)
Tactic call rewrite_strat-topdown-noop ran for 0.001 secs (0.001u,0.s) (success)
Tactic call abstract+rewrite_strat-topdown ran for 0.703 secs (0.703u,0.s) (success)
Tactic call close-abstract+rewrite_strat-topdown ran for 0.196 secs (0.196u,0.s)
Params: n= 340
Tactic call rewrite_strat-topdown ran for 0.549 secs (0.549u,0.s) (success)
Tactic call rewrite_strat-topdown-noop ran for 0.001 secs (0.001u,0.s) (success)
Tactic call abstract+rewrite_strat-topdown ran for 0.762 secs (0.762u,0.s) (success)
Tactic call close-abstract+rewrite_strat-topdown ran for 0.209 secs (0.209u,0.s)
Params: n= 360
Tactic call rewrite_strat-topdown ran for 0.617 secs (0.617u,0.s) (success)
Tactic call rewrite_strat-topdown-noop ran for 0.001 secs (0.001u,0.s) (success)
Tactic call abstract+rewrite_strat-topdown ran for 0.825 secs (0.825u,0.s) (success)
Tactic call close-abstract+rewrite_strat-topdown ran for 0.204 secs (0.204u,0.s)
Params: n= 370
Tactic call rewrite_strat-topdown ran for 0.659 secs (0.659u,0.s) (success)
Tactic call rewrite_strat-topdown-noop ran for 0.001 secs (0.001u,0.s) (success)
Tactic call abstract+rewrite_strat-topdown ran for 0.909 secs (0.909u,0.s) (success)
Tactic call close-abstract+rewrite_strat-topdown ran for 0.247 secs (0.247u,0.s)
Params: n= 380
Tactic call rewrite_strat-topdown ran for 0.718 secs (0.718u,0.s) (success)
Tactic call rewrite_strat-topdown-noop ran for 0.001 secs (0.001u,0.s) (success)
Tactic call abstract+rewrite_strat-topdown ran for 0.967 secs (0.967u,0.s) (success)
Tactic call close-abstract+rewrite_strat-topdown ran for 0.245 secs (0.245u,0.s)
Params: n= 390
Tactic call rewrite_strat-topdown ran for 0.754 secs (0.754u,0.s) (success)
Tactic call rewrite_strat-topdown-noop ran for 0.001 secs (0.001u,0.s) (success)
Tactic call abstract+rewrite_strat-topdown ran for 1.032 secs (1.032u,0.s) (success)
Tactic call close-abstract+rewrite_strat-topdown ran for 0.275 secs (0.275u,0.s)
