Params: n= 50
Tactic call rewrite_strat-bottomup ran for 0.035 secs (0.024u,0.011s) (success)
Tactic call rewrite_strat-bottomup-noop ran for 0. secs (0.u,0.s) (success)
Tactic call abstract+rewrite_strat-bottomup ran for 0.081 secs (0.061u,0.019s) (success)
Tactic call close-abstract+rewrite_strat-bottomup ran for 0.044 secs (0.036u,0.008s)
Params: n= 100
Tactic call rewrite_strat-bottomup ran for 0.108 secs (0.108u,0.s) (success)
Tactic call rewrite_strat-bottomup-noop ran for 0. secs (0.u,0.s) (success)
Tactic call abstract+rewrite_strat-bottomup ran for 0.131 secs (0.131u,0.s) (success)
Tactic call close-abstract+rewrite_strat-bottomup ran for 0.022 secs (0.022u,0.s)
Params: n= 150
Tactic call rewrite_strat-bottomup ran for 0.289 secs (0.289u,0.s) (success)
Tactic call rewrite_strat-bottomup-noop ran for 0. secs (0.u,0.s) (success)
Tactic call abstract+rewrite_strat-bottomup ran for 0.347 secs (0.347u,0.s) (success)
Tactic call close-abstract+rewrite_strat-bottomup ran for 0.057 secs (0.057u,0.s)
Params: n= 200
Tactic call rewrite_strat-bottomup ran for 0.422 secs (0.414u,0.007s) (success)
Tactic call rewrite_strat-bottomup-noop ran for 0. secs (0.u,0.s) (success)
Tactic call abstract+rewrite_strat-bottomup ran for 0.628 secs (0.62u,0.007s) (success)
Tactic call close-abstract+rewrite_strat-bottomup ran for 0.204 secs (0.204u,0.s)
Params: n= 250
Tactic call rewrite_strat-bottomup ran for 0.696 secs (0.688u,0.007s) (success)
Tactic call rewrite_strat-bottomup-noop ran for 0.001 secs (0.001u,0.s) (success)
Tactic call abstract+rewrite_strat-bottomup ran for 0.842 secs (0.834u,0.008s) (success)
Tactic call close-abstract+rewrite_strat-bottomup ran for 0.144 secs (0.144u,0.s)
Params: n= 300
Tactic call rewrite_strat-bottomup ran for 0.943 secs (0.939u,0.003s) (success)
Tactic call rewrite_strat-bottomup-noop ran for 0.001 secs (0.001u,0.s) (success)
Tactic call abstract+rewrite_strat-bottomup ran for 1.176 secs (1.172u,0.003s) (success)
Tactic call close-abstract+rewrite_strat-bottomup ran for 0.231 secs (0.231u,0.s)
Params: n= 350
Tactic call rewrite_strat-bottomup ran for 1.246 secs (1.242u,0.003s) (success)
Tactic call rewrite_strat-bottomup-noop ran for 0.001 secs (0.001u,0.s) (success)
Tactic call abstract+rewrite_strat-bottomup ran for 1.56 secs (1.556u,0.003s) (success)
Tactic call close-abstract+rewrite_strat-bottomup ran for 0.311 secs (0.311u,0.s)
Params: n= 400
Tactic call rewrite_strat-bottomup ran for 1.608 secs (1.592u,0.016s) (success)
Tactic call rewrite_strat-bottomup-noop ran for 0.001 secs (0.001u,0.s) (success)
Tactic call abstract+rewrite_strat-bottomup ran for 1.975 secs (1.959u,0.016s) (success)
Tactic call close-abstract+rewrite_strat-bottomup ran for 0.364 secs (0.364u,0.s)
