Params: n= 50
Tactic call rewrite_strat-bottomup ran for 0.074 secs (0.068u,0.006s) (success)
Tactic call rewrite_strat-bottomup-noop ran for 0. secs (0.u,0.s) (success)
Tactic call abstract+rewrite_strat-bottomup ran for 0.088 secs (0.082u,0.006s) (success)
Tactic call close-abstract+rewrite_strat-bottomup ran for 0.014 secs (0.014u,0.s)
Params: n= 100
Tactic call rewrite_strat-bottomup ran for 0.127 secs (0.127u,0.s) (success)
Tactic call rewrite_strat-bottomup-noop ran for 0. secs (0.u,0.s) (success)
Tactic call abstract+rewrite_strat-bottomup ran for 0.192 secs (0.191u,0.s) (success)
Tactic call close-abstract+rewrite_strat-bottomup ran for 0.063 secs (0.063u,0.s)
Params: n= 150
Tactic call rewrite_strat-bottomup ran for 0.298 secs (0.297u,0.s) (success)
Tactic call rewrite_strat-bottomup-noop ran for 0.001 secs (0.001u,0.s) (success)
Tactic call abstract+rewrite_strat-bottomup ran for 0.444 secs (0.444u,0.s) (success)
Tactic call close-abstract+rewrite_strat-bottomup ran for 0.144 secs (0.144u,0.s)
Params: n= 200
Tactic call rewrite_strat-bottomup ran for 0.576 secs (0.571u,0.004s) (success)
Tactic call rewrite_strat-bottomup-noop ran for 0.002 secs (0.002u,0.s) (success)
Tactic call abstract+rewrite_strat-bottomup ran for 0.802 secs (0.797u,0.004s) (success)
Tactic call close-abstract+rewrite_strat-bottomup ran for 0.222 secs (0.222u,0.s)
Params: n= 250
Tactic call rewrite_strat-bottomup ran for 0.847 secs (0.843u,0.003s) (success)
Tactic call rewrite_strat-bottomup-noop ran for 0.003 secs (0.003u,0.s) (success)
Tactic call abstract+rewrite_strat-bottomup ran for 1.225 secs (1.219u,0.005s) (success)
Tactic call close-abstract+rewrite_strat-bottomup ran for 0.373 secs (0.371u,0.001s)
Params: n= 300
Tactic call rewrite_strat-bottomup ran for 1.36 secs (1.352u,0.007s) (success)
Tactic call rewrite_strat-bottomup-noop ran for 0.004 secs (0.004u,0.s) (success)
Tactic call abstract+rewrite_strat-bottomup ran for 1.869 secs (1.859u,0.009s) (success)
Tactic call close-abstract+rewrite_strat-bottomup ran for 0.504 secs (0.502u,0.001s)
Params: n= 350
Tactic call rewrite_strat-bottomup ran for 1.901 secs (1.895u,0.005s) (success)
Tactic call rewrite_strat-bottomup-noop ran for 0.014 secs (0.014u,0.s) (success)
Tactic call abstract+rewrite_strat-bottomup ran for 2.6 secs (2.593u,0.006s) (success)
Tactic call close-abstract+rewrite_strat-bottomup ran for 0.683 secs (0.683u,0.s)
Params: n= 400
Tactic call rewrite_strat-bottomup ran for 2.677 secs (2.667u,0.009s) (success)
Tactic call rewrite_strat-bottomup-noop ran for 0.007 secs (0.007u,0.s) (success)
Tactic call abstract+rewrite_strat-bottomup ran for 3.653 secs (3.642u,0.011s) (success)
Tactic call close-abstract+rewrite_strat-bottomup ran for 0.968 secs (0.967u,0.001s)
