Params: n= 110
Tactic call reify-regression-cubic ran for 1.4 secs (1.375u,0.024s)
Tactic call abstract-regression-linear ran for 0.004 secs (0.004u,0.s) (success)
Params: n= 120
Tactic call reify-regression-cubic ran for 1.62 secs (1.615u,0.004s)
Tactic call abstract-regression-linear ran for 0.005 secs (0.005u,0.s) (success)
Params: n= 130
Tactic call reify-regression-cubic ran for 2.031 secs (2.023u,0.007s)
Tactic call abstract-regression-linear ran for 0.005 secs (0.005u,0.s) (success)
Params: n= 140
Tactic call reify-regression-cubic ran for 2.43 secs (2.428u,0.001s)
Tactic call abstract-regression-linear ran for 0.005 secs (0.005u,0.s) (success)
Params: n= 150
Tactic call reify-regression-cubic ran for 2.9 secs (2.897u,0.002s)
Tactic call abstract-regression-linear ran for 0.006 secs (0.006u,0.s) (success)
Params: n= 160
Tactic call reify-regression-cubic ran for 3.393 secs (3.393u,0.s)
Tactic call abstract-regression-linear ran for 0.007 secs (0.007u,0.s) (success)
Params: n= 170
Tactic call reify-regression-cubic ran for 4.075 secs (4.073u,0.s)
Tactic call abstract-regression-linear ran for 0.007 secs (0.007u,0.s) (success)
Params: n= 180
Tactic call reify-regression-cubic ran for 4.661 secs (4.658u,0.002s)
Tactic call abstract-regression-linear ran for 0.007 secs (0.007u,0.s) (success)
Params: n= 190
Tactic call reify-regression-cubic ran for 5.374 secs (5.368u,0.005s)
Tactic call abstract-regression-linear ran for 0.008 secs (0.008u,0.s) (success)
Params: n= 200
Tactic call reify-regression-cubic ran for 6.234 secs (6.234u,0.s)
Tactic call abstract-regression-linear ran for 0.008 secs (0.008u,0.s) (success)
Params: n= 210
Tactic call reify-regression-cubic ran for 7.049 secs (7.048u,0.s)
Tactic call abstract-regression-linear ran for 0.008 secs (0.008u,0.s) (success)
Params: n= 220
Tactic call reify-regression-cubic ran for 8.051 secs (8.051u,0.s)
Tactic call abstract-regression-linear ran for 0.009 secs (0.009u,0.s) (success)
Params: n= 230
Tactic call reify-regression-cubic ran for 9.098 secs (9.098u,0.s)
Tactic call abstract-regression-linear ran for 0.009 secs (0.008u,0.001s) (success)
Params: n= 240
Tactic call reify-regression-cubic ran for 10.184 secs (10.184u,0.s)
Tactic call abstract-regression-linear ran for 0.009 secs (0.009u,0.s) (success)
Params: n= 250
Tactic call reify-regression-cubic ran for 11.364 secs (11.359u,0.004s)
Tactic call abstract-regression-linear ran for 0.01 secs (0.01u,0.s) (success)
Params: n= 260
Tactic call reify-regression-cubic ran for 12.858 secs (12.857u,0.s)
Tactic call abstract-regression-linear ran for 0.01 secs (0.01u,0.s) (success)
Params: n= 270
Tactic call reify-regression-cubic ran for 14.175 secs (14.171u,0.001s)
Tactic call abstract-regression-linear ran for 0.011 secs (0.01u,0.s) (success)
Params: n= 280
Tactic call reify-regression-cubic ran for 15.607 secs (15.606u,0.s)
Tactic call abstract-regression-linear ran for 0.011 secs (0.011u,0.s) (success)
Params: n= 290
Tactic call reify-regression-cubic ran for 17.328 secs (17.326u,0.001s)
Tactic call abstract-regression-linear ran for 0.012 secs (0.012u,0.s) (success)
Params: n= 300
Tactic call reify-regression-cubic ran for 19.088 secs (19.072u,0.014s)
Tactic call abstract-regression-linear ran for 0.012 secs (0.012u,0.s) (success)
Params: n= 350
Tactic call reify-regression-cubic ran for 29.321 secs (29.316u,0.002s)
Tactic call abstract-regression-linear ran for 0.014 secs (0.014u,0.s) (success)
Params: n= 400
Tactic call reify-regression-cubic ran for 43.619 secs (43.616u,0.001s)
Tactic call abstract-regression-linear ran for 0.016 secs (0.016u,0.s) (success)
Params: n= 450
Tactic call reify-regression-cubic ran for 60.425 secs (60.407u,0.013s)
Tactic call abstract-regression-linear ran for 0.019 secs (0.018u,0.001s) (success)
Params: n= 500
Tactic call reify-regression-cubic ran for 82.038 secs (81.988u,0.043s)
Tactic call abstract-regression-linear ran for 0.02 secs (0.02u,0.s) (success)
