Params: n= 4
Tactic call rewrite_strat-topdown ran for 0.002 secs (0.002u,0.s) (success)
Tactic call rewrite_strat-topdown-noop ran for 0. secs (0.u,0.s) (success)
Tactic call abstract+rewrite_strat-topdown ran for 0.003 secs (0.003u,0.s) (success)
Tactic call close-abstract+rewrite_strat-topdown ran for 0. secs (0.u,0.s)
Params: n= 5
Tactic call rewrite_strat-topdown ran for 0.001 secs (0.001u,0.s) (success)
Tactic call rewrite_strat-topdown-noop ran for 0. secs (0.u,0.s) (success)
Tactic call abstract+rewrite_strat-topdown ran for 0.001 secs (0.001u,0.s) (success)
Tactic call close-abstract+rewrite_strat-topdown ran for 0. secs (0.u,0.s)
Params: n= 6
Tactic call rewrite_strat-topdown ran for 0.001 secs (0.001u,0.s) (success)
Tactic call rewrite_strat-topdown-noop ran for 0. secs (0.u,0.s) (success)
Tactic call abstract+rewrite_strat-topdown ran for 0.002 secs (0.001u,0.001s) (success)
Tactic call close-abstract+rewrite_strat-topdown ran for 0. secs (0.u,0.s)
Params: n= 7
Tactic call rewrite_strat-topdown ran for 0.002 secs (0.u,0.002s) (success)
Tactic call rewrite_strat-topdown-noop ran for 0. secs (0.u,0.s) (success)
Tactic call abstract+rewrite_strat-topdown ran for 0.002 secs (0.u,0.002s) (success)
Tactic call close-abstract+rewrite_strat-topdown ran for 0. secs (0.u,0.s)
Params: n= 8
Tactic call rewrite_strat-topdown ran for 0.002 secs (0.u,0.002s) (success)
Tactic call rewrite_strat-topdown-noop ran for 0. secs (0.u,0.s) (success)
Tactic call abstract+rewrite_strat-topdown ran for 0.003 secs (0.u,0.003s) (success)
Tactic call close-abstract+rewrite_strat-topdown ran for 0. secs (0.u,0.s)
Params: n= 9
Tactic call rewrite_strat-topdown ran for 0.002 secs (0.u,0.002s) (success)
Tactic call rewrite_strat-topdown-noop ran for 0. secs (0.u,0.s) (success)
Tactic call abstract+rewrite_strat-topdown ran for 0.004 secs (0.u,0.004s) (success)
Tactic call close-abstract+rewrite_strat-topdown ran for 0. secs (0.u,0.s)
Params: n= 10
Tactic call rewrite_strat-topdown ran for 0.002 secs (0.002u,0.s) (success)
Tactic call rewrite_strat-topdown-noop ran for 0. secs (0.u,0.s) (success)
Tactic call abstract+rewrite_strat-topdown ran for 0.004 secs (0.004u,0.s) (success)
Tactic call close-abstract+rewrite_strat-topdown ran for 0. secs (0.u,0.s)
Params: n= 11
Tactic call rewrite_strat-topdown ran for 0.003 secs (0.003u,0.s) (success)
Tactic call rewrite_strat-topdown-noop ran for 0. secs (0.u,0.s) (success)
Tactic call abstract+rewrite_strat-topdown ran for 0.005 secs (0.005u,0.s) (success)
Tactic call close-abstract+rewrite_strat-topdown ran for 0.001 secs (0.001u,0.s)
Params: n= 12
Tactic call rewrite_strat-topdown ran for 0.003 secs (0.003u,0.s) (success)
Tactic call rewrite_strat-topdown-noop ran for 0. secs (0.u,0.s) (success)
Tactic call abstract+rewrite_strat-topdown ran for 0.005 secs (0.005u,0.s) (success)
Tactic call close-abstract+rewrite_strat-topdown ran for 0.001 secs (0.001u,0.s)
Params: n= 13
Tactic call rewrite_strat-topdown ran for 0.003 secs (0.001u,0.002s) (success)
Tactic call rewrite_strat-topdown-noop ran for 0. secs (0.u,0.s) (success)
Tactic call abstract+rewrite_strat-topdown ran for 0.005 secs (0.002u,0.003s) (success)
Tactic call close-abstract+rewrite_strat-topdown ran for 0. secs (0.u,0.s)
Params: n= 14
Tactic call rewrite_strat-topdown ran for 0.004 secs (0.001u,0.002s) (success)
Tactic call rewrite_strat-topdown-noop ran for 0. secs (0.u,0.s) (success)
Tactic call abstract+rewrite_strat-topdown ran for 0.006 secs (0.002u,0.003s) (success)
Tactic call close-abstract+rewrite_strat-topdown ran for 0.001 secs (0.u,0.s)
Params: n= 15
Tactic call rewrite_strat-topdown ran for 0.053 secs (0.044u,0.008s) (success)
Tactic call rewrite_strat-topdown-noop ran for 0. secs (0.u,0.s) (success)
Tactic call abstract+rewrite_strat-topdown ran for 0.055 secs (0.046u,0.008s) (success)
Tactic call close-abstract+rewrite_strat-topdown ran for 0.001 secs (0.001u,0.s)
Params: n= 16
Tactic call rewrite_strat-topdown ran for 0.003 secs (0.003u,0.s) (success)
Tactic call rewrite_strat-topdown-noop ran for 0. secs (0.u,0.s) (success)
Tactic call abstract+rewrite_strat-topdown ran for 0.005 secs (0.005u,0.s) (success)
Tactic call close-abstract+rewrite_strat-topdown ran for 0.001 secs (0.001u,0.s)
Params: n= 17
Tactic call rewrite_strat-topdown ran for 0.004 secs (0.004u,0.s) (success)
Tactic call rewrite_strat-topdown-noop ran for 0. secs (0.u,0.s) (success)
Tactic call abstract+rewrite_strat-topdown ran for 0.005 secs (0.005u,0.s) (success)
Tactic call close-abstract+rewrite_strat-topdown ran for 0.001 secs (0.001u,0.s)
Params: n= 18
Tactic call rewrite_strat-topdown ran for 0.004 secs (0.004u,0.s) (success)
Tactic call rewrite_strat-topdown-noop ran for 0. secs (0.u,0.s) (success)
Tactic call abstract+rewrite_strat-topdown ran for 0.006 secs (0.006u,0.s) (success)
Tactic call close-abstract+rewrite_strat-topdown ran for 0.001 secs (0.001u,0.s)
Params: n= 19
Tactic call rewrite_strat-topdown ran for 0.005 secs (0.005u,0.s) (success)
Tactic call rewrite_strat-topdown-noop ran for 0. secs (0.u,0.s) (success)
Tactic call abstract+rewrite_strat-topdown ran for 0.007 secs (0.007u,0.s) (success)
Tactic call close-abstract+rewrite_strat-topdown ran for 0.001 secs (0.001u,0.s)
Params: n= 20
Tactic call rewrite_strat-topdown ran for 0.005 secs (0.005u,0.s) (success)
Tactic call rewrite_strat-topdown-noop ran for 0. secs (0.u,0.s) (success)
Tactic call abstract+rewrite_strat-topdown ran for 0.007 secs (0.007u,0.s) (success)
Tactic call close-abstract+rewrite_strat-topdown ran for 0.001 secs (0.001u,0.s)
Params: n= 21
Tactic call rewrite_strat-topdown ran for 0.005 secs (0.005u,0.s) (success)
Tactic call rewrite_strat-topdown-noop ran for 0. secs (0.u,0.s) (success)
Tactic call abstract+rewrite_strat-topdown ran for 0.007 secs (0.007u,0.s) (success)
Tactic call close-abstract+rewrite_strat-topdown ran for 0.001 secs (0.001u,0.s)
Params: n= 22
Tactic call rewrite_strat-topdown ran for 0.005 secs (0.005u,0.s) (success)
Tactic call rewrite_strat-topdown-noop ran for 0. secs (0.u,0.s) (success)
Tactic call abstract+rewrite_strat-topdown ran for 0.008 secs (0.008u,0.s) (success)
Tactic call close-abstract+rewrite_strat-topdown ran for 0.001 secs (0.001u,0.s)
Params: n= 23
Tactic call rewrite_strat-topdown ran for 0.008 secs (0.008u,0.s) (success)
Tactic call rewrite_strat-topdown-noop ran for 0. secs (0.u,0.s) (success)
Tactic call abstract+rewrite_strat-topdown ran for 0.01 secs (0.01u,0.s) (success)
Tactic call close-abstract+rewrite_strat-topdown ran for 0.001 secs (0.001u,0.s)
Params: n= 24
Tactic call rewrite_strat-topdown ran for 0.006 secs (0.006u,0.s) (success)
Tactic call rewrite_strat-topdown-noop ran for 0. secs (0.u,0.s) (success)
Tactic call abstract+rewrite_strat-topdown ran for 0.009 secs (0.009u,0.s) (success)
Tactic call close-abstract+rewrite_strat-topdown ran for 0.002 secs (0.002u,0.s)
Params: n= 25
Tactic call rewrite_strat-topdown ran for 0.007 secs (0.007u,0.s) (success)
Tactic call rewrite_strat-topdown-noop ran for 0. secs (0.u,0.s) (success)
Tactic call abstract+rewrite_strat-topdown ran for 0.009 secs (0.009u,0.s) (success)
Tactic call close-abstract+rewrite_strat-topdown ran for 0.002 secs (0.002u,0.s)
Params: n= 26
Tactic call rewrite_strat-topdown ran for 0.007 secs (0.007u,0.s) (success)
Tactic call rewrite_strat-topdown-noop ran for 0. secs (0.u,0.s) (success)
Tactic call abstract+rewrite_strat-topdown ran for 0.01 secs (0.01u,0.s) (success)
Tactic call close-abstract+rewrite_strat-topdown ran for 0.002 secs (0.002u,0.s)
Params: n= 27
Tactic call rewrite_strat-topdown ran for 0.008 secs (0.008u,0.s) (success)
Tactic call rewrite_strat-topdown-noop ran for 0. secs (0.u,0.s) (success)
Tactic call abstract+rewrite_strat-topdown ran for 0.012 secs (0.012u,0.s) (success)
Tactic call close-abstract+rewrite_strat-topdown ran for 0.003 secs (0.003u,0.s)
Params: n= 28
Tactic call rewrite_strat-topdown ran for 0.008 secs (0.008u,0.s) (success)
Tactic call rewrite_strat-topdown-noop ran for 0. secs (0.u,0.s) (success)
Tactic call abstract+rewrite_strat-topdown ran for 0.011 secs (0.011u,0.s) (success)
Tactic call close-abstract+rewrite_strat-topdown ran for 0.002 secs (0.002u,0.s)
Params: n= 29
Tactic call rewrite_strat-topdown ran for 0.009 secs (0.009u,0.s) (success)
Tactic call rewrite_strat-topdown-noop ran for 0. secs (0.u,0.s) (success)
Tactic call abstract+rewrite_strat-topdown ran for 0.012 secs (0.012u,0.s) (success)
Tactic call close-abstract+rewrite_strat-topdown ran for 0.002 secs (0.002u,0.s)
Params: n= 30
Tactic call rewrite_strat-topdown ran for 0.009 secs (0.009u,0.s) (success)
Tactic call rewrite_strat-topdown-noop ran for 0. secs (0.u,0.s) (success)
Tactic call abstract+rewrite_strat-topdown ran for 0.013 secs (0.013u,0.s) (success)
Tactic call close-abstract+rewrite_strat-topdown ran for 0.003 secs (0.003u,0.s)
Params: n= 31
Tactic call rewrite_strat-topdown ran for 0.011 secs (0.011u,0.s) (success)
Tactic call rewrite_strat-topdown-noop ran for 0. secs (0.u,0.s) (success)
Tactic call abstract+rewrite_strat-topdown ran for 0.014 secs (0.014u,0.s) (success)
Tactic call close-abstract+rewrite_strat-topdown ran for 0.003 secs (0.003u,0.s)
Params: n= 32
Tactic call rewrite_strat-topdown ran for 0.01 secs (0.01u,0.s) (success)
Tactic call rewrite_strat-topdown-noop ran for 0. secs (0.u,0.s) (success)
Tactic call abstract+rewrite_strat-topdown ran for 0.014 secs (0.014u,0.s) (success)
Tactic call close-abstract+rewrite_strat-topdown ran for 0.003 secs (0.003u,0.s)
Params: n= 33
Tactic call rewrite_strat-topdown ran for 0.011 secs (0.011u,0.s) (success)
Tactic call rewrite_strat-topdown-noop ran for 0. secs (0.u,0.s) (success)
Tactic call abstract+rewrite_strat-topdown ran for 0.015 secs (0.015u,0.s) (success)
Tactic call close-abstract+rewrite_strat-topdown ran for 0.003 secs (0.003u,0.s)
Params: n= 34
Tactic call rewrite_strat-topdown ran for 0.011 secs (0.011u,0.s) (success)
Tactic call rewrite_strat-topdown-noop ran for 0. secs (0.u,0.s) (success)
Tactic call abstract+rewrite_strat-topdown ran for 0.019 secs (0.019u,0.s) (success)
Tactic call close-abstract+rewrite_strat-topdown ran for 0.006 secs (0.006u,0.s)
Params: n= 35
Tactic call rewrite_strat-topdown ran for 0.012 secs (0.012u,0.s) (success)
Tactic call rewrite_strat-topdown-noop ran for 0. secs (0.u,0.s) (success)
Tactic call abstract+rewrite_strat-topdown ran for 0.017 secs (0.017u,0.s) (success)
Tactic call close-abstract+rewrite_strat-topdown ran for 0.003 secs (0.003u,0.s)
Params: n= 36
Tactic call rewrite_strat-topdown ran for 0.013 secs (0.013u,0.s) (success)
Tactic call rewrite_strat-topdown-noop ran for 0. secs (0.u,0.s) (success)
Tactic call abstract+rewrite_strat-topdown ran for 0.017 secs (0.017u,0.s) (success)
Tactic call close-abstract+rewrite_strat-topdown ran for 0.004 secs (0.004u,0.s)
Params: n= 37
Tactic call rewrite_strat-topdown ran for 0.014 secs (0.014u,0.s) (success)
Tactic call rewrite_strat-topdown-noop ran for 0. secs (0.u,0.s) (success)
Tactic call abstract+rewrite_strat-topdown ran for 0.019 secs (0.019u,0.s) (success)
Tactic call close-abstract+rewrite_strat-topdown ran for 0.004 secs (0.004u,0.s)
Params: n= 38
Tactic call rewrite_strat-topdown ran for 0.014 secs (0.014u,0.s) (success)
Tactic call rewrite_strat-topdown-noop ran for 0. secs (0.u,0.s) (success)
Tactic call abstract+rewrite_strat-topdown ran for 0.019 secs (0.019u,0.s) (success)
Tactic call close-abstract+rewrite_strat-topdown ran for 0.004 secs (0.004u,0.s)
Params: n= 39
Tactic call rewrite_strat-topdown ran for 0.015 secs (0.015u,0.s) (success)
Tactic call rewrite_strat-topdown-noop ran for 0. secs (0.u,0.s) (success)
Tactic call abstract+rewrite_strat-topdown ran for 0.02 secs (0.02u,0.s) (success)
Tactic call close-abstract+rewrite_strat-topdown ran for 0.004 secs (0.004u,0.s)
Params: n= 40
Tactic call rewrite_strat-topdown ran for 0.018 secs (0.018u,0.s) (success)
Tactic call rewrite_strat-topdown-noop ran for 0. secs (0.u,0.s) (success)
Tactic call abstract+rewrite_strat-topdown ran for 0.024 secs (0.024u,0.s) (success)
Tactic call close-abstract+rewrite_strat-topdown ran for 0.004 secs (0.004u,0.s)
Params: n= 41
Tactic call rewrite_strat-topdown ran for 0.016 secs (0.016u,0.s) (success)
Tactic call rewrite_strat-topdown-noop ran for 0. secs (0.u,0.s) (success)
Tactic call abstract+rewrite_strat-topdown ran for 0.022 secs (0.022u,0.s) (success)
Tactic call close-abstract+rewrite_strat-topdown ran for 0.005 secs (0.005u,0.s)
Params: n= 42
Tactic call rewrite_strat-topdown ran for 0.018 secs (0.018u,0.s) (success)
Tactic call rewrite_strat-topdown-noop ran for 0. secs (0.u,0.s) (success)
Tactic call abstract+rewrite_strat-topdown ran for 0.024 secs (0.024u,0.s) (success)
Tactic call close-abstract+rewrite_strat-topdown ran for 0.005 secs (0.005u,0.s)
Params: n= 43
Tactic call rewrite_strat-topdown ran for 0.019 secs (0.019u,0.s) (success)
Tactic call rewrite_strat-topdown-noop ran for 0. secs (0.u,0.s) (success)
Tactic call abstract+rewrite_strat-topdown ran for 0.025 secs (0.025u,0.s) (success)
Tactic call close-abstract+rewrite_strat-topdown ran for 0.005 secs (0.005u,0.s)
Params: n= 44
Tactic call rewrite_strat-topdown ran for 0.024 secs (0.024u,0.s) (success)
Tactic call rewrite_strat-topdown-noop ran for 0. secs (0.u,0.s) (success)
Tactic call abstract+rewrite_strat-topdown ran for 0.031 secs (0.031u,0.s) (success)
Tactic call close-abstract+rewrite_strat-topdown ran for 0.006 secs (0.006u,0.s)
Params: n= 45
Tactic call rewrite_strat-topdown ran for 0.019 secs (0.019u,0.s) (success)
Tactic call rewrite_strat-topdown-noop ran for 0. secs (0.u,0.s) (success)
Tactic call abstract+rewrite_strat-topdown ran for 0.026 secs (0.026u,0.s) (success)
Tactic call close-abstract+rewrite_strat-topdown ran for 0.006 secs (0.006u,0.s)
Params: n= 46
Tactic call rewrite_strat-topdown ran for 0.02 secs (0.02u,0.s) (success)
Tactic call rewrite_strat-topdown-noop ran for 0. secs (0.u,0.s) (success)
Tactic call abstract+rewrite_strat-topdown ran for 0.027 secs (0.027u,0.s) (success)
Tactic call close-abstract+rewrite_strat-topdown ran for 0.006 secs (0.006u,0.s)
Params: n= 47
Tactic call rewrite_strat-topdown ran for 0.02 secs (0.02u,0.s) (success)
Tactic call rewrite_strat-topdown-noop ran for 0. secs (0.u,0.s) (success)
Tactic call abstract+rewrite_strat-topdown ran for 0.028 secs (0.028u,0.s) (success)
Tactic call close-abstract+rewrite_strat-topdown ran for 0.006 secs (0.006u,0.s)
Params: n= 48
Tactic call rewrite_strat-topdown ran for 0.023 secs (0.023u,0.s) (success)
Tactic call rewrite_strat-topdown-noop ran for 0. secs (0.u,0.s) (success)
Tactic call abstract+rewrite_strat-topdown ran for 0.031 secs (0.031u,0.s) (success)
Tactic call close-abstract+rewrite_strat-topdown ran for 0.006 secs (0.006u,0.s)
Params: n= 49
Tactic call rewrite_strat-topdown ran for 0.023 secs (0.023u,0.s) (success)
Tactic call rewrite_strat-topdown-noop ran for 0. secs (0.u,0.s) (success)
Tactic call abstract+rewrite_strat-topdown ran for 0.031 secs (0.031u,0.s) (success)
Tactic call close-abstract+rewrite_strat-topdown ran for 0.006 secs (0.006u,0.s)
Params: n= 51
Tactic call rewrite_strat-topdown ran for 0.024 secs (0.024u,0.s) (success)
Tactic call rewrite_strat-topdown-noop ran for 0. secs (0.u,0.s) (success)
Tactic call abstract+rewrite_strat-topdown ran for 0.033 secs (0.033u,0.s) (success)
Tactic call close-abstract+rewrite_strat-topdown ran for 0.007 secs (0.007u,0.s)
Params: n= 52
Tactic call rewrite_strat-topdown ran for 0.027 secs (0.027u,0.s) (success)
Tactic call rewrite_strat-topdown-noop ran for 0. secs (0.u,0.s) (success)
Tactic call abstract+rewrite_strat-topdown ran for 0.036 secs (0.036u,0.s) (success)
Tactic call close-abstract+rewrite_strat-topdown ran for 0.007 secs (0.007u,0.s)
Params: n= 53
Tactic call rewrite_strat-topdown ran for 0.027 secs (0.027u,0.s) (success)
Tactic call rewrite_strat-topdown-noop ran for 0. secs (0.u,0.s) (success)
Tactic call abstract+rewrite_strat-topdown ran for 0.036 secs (0.036u,0.s) (success)
Tactic call close-abstract+rewrite_strat-topdown ran for 0.007 secs (0.007u,0.s)
Params: n= 54
Tactic call rewrite_strat-topdown ran for 0.026 secs (0.026u,0.s) (success)
Tactic call rewrite_strat-topdown-noop ran for 0. secs (0.u,0.s) (success)
Tactic call abstract+rewrite_strat-topdown ran for 0.039 secs (0.039u,0.s) (success)
Tactic call close-abstract+rewrite_strat-topdown ran for 0.011 secs (0.011u,0.s)
Params: n= 55
Tactic call rewrite_strat-topdown ran for 0.027 secs (0.027u,0.s) (success)
Tactic call rewrite_strat-topdown-noop ran for 0. secs (0.u,0.s) (success)
Tactic call abstract+rewrite_strat-topdown ran for 0.037 secs (0.037u,0.s) (success)
Tactic call close-abstract+rewrite_strat-topdown ran for 0.008 secs (0.008u,0.s)
Params: n= 56
Tactic call rewrite_strat-topdown ran for 0.03 secs (0.03u,0.s) (success)
Tactic call rewrite_strat-topdown-noop ran for 0. secs (0.u,0.s) (success)
Tactic call abstract+rewrite_strat-topdown ran for 0.04 secs (0.04u,0.s) (success)
Tactic call close-abstract+rewrite_strat-topdown ran for 0.008 secs (0.008u,0.s)
Params: n= 57
Tactic call rewrite_strat-topdown ran for 0.032 secs (0.032u,0.s) (success)
Tactic call rewrite_strat-topdown-noop ran for 0. secs (0.u,0.s) (success)
Tactic call abstract+rewrite_strat-topdown ran for 0.042 secs (0.042u,0.s) (success)
Tactic call close-abstract+rewrite_strat-topdown ran for 0.009 secs (0.009u,0.s)
Params: n= 58
Tactic call rewrite_strat-topdown ran for 0.032 secs (0.032u,0.s) (success)
Tactic call rewrite_strat-topdown-noop ran for 0. secs (0.u,0.s) (success)
Tactic call abstract+rewrite_strat-topdown ran for 0.043 secs (0.043u,0.s) (success)
Tactic call close-abstract+rewrite_strat-topdown ran for 0.009 secs (0.009u,0.s)
Params: n= 59
Tactic call rewrite_strat-topdown ran for 0.031 secs (0.031u,0.s) (success)
Tactic call rewrite_strat-topdown-noop ran for 0. secs (0.u,0.s) (success)
Tactic call abstract+rewrite_strat-topdown ran for 0.046 secs (0.046u,0.s) (success)
Tactic call close-abstract+rewrite_strat-topdown ran for 0.013 secs (0.013u,0.s)
Params: n= 60
Tactic call rewrite_strat-topdown ran for 0.032 secs (0.032u,0.s) (success)
Tactic call rewrite_strat-topdown-noop ran for 0. secs (0.u,0.s) (success)
Tactic call abstract+rewrite_strat-topdown ran for 0.043 secs (0.043u,0.s) (success)
Tactic call close-abstract+rewrite_strat-topdown ran for 0.01 secs (0.01u,0.s)
Params: n= 61
Tactic call rewrite_strat-topdown ran for 0.034 secs (0.034u,0.s) (success)
Tactic call rewrite_strat-topdown-noop ran for 0. secs (0.u,0.s) (success)
Tactic call abstract+rewrite_strat-topdown ran for 0.045 secs (0.045u,0.s) (success)
Tactic call close-abstract+rewrite_strat-topdown ran for 0.01 secs (0.01u,0.s)
Params: n= 62
Tactic call rewrite_strat-topdown ran for 0.035 secs (0.035u,0.s) (success)
Tactic call rewrite_strat-topdown-noop ran for 0. secs (0.u,0.s) (success)
Tactic call abstract+rewrite_strat-topdown ran for 0.047 secs (0.047u,0.s) (success)
Tactic call close-abstract+rewrite_strat-topdown ran for 0.01 secs (0.01u,0.s)
Params: n= 63
Tactic call rewrite_strat-topdown ran for 0.035 secs (0.035u,0.s) (success)
Tactic call rewrite_strat-topdown-noop ran for 0. secs (0.u,0.s) (success)
Tactic call abstract+rewrite_strat-topdown ran for 0.048 secs (0.048u,0.s) (success)
Tactic call close-abstract+rewrite_strat-topdown ran for 0.011 secs (0.011u,0.s)
Params: n= 64
Tactic call rewrite_strat-topdown ran for 0.037 secs (0.037u,0.s) (success)
Tactic call rewrite_strat-topdown-noop ran for 0. secs (0.u,0.s) (success)
Tactic call abstract+rewrite_strat-topdown ran for 0.05 secs (0.05u,0.s) (success)
Tactic call close-abstract+rewrite_strat-topdown ran for 0.011 secs (0.011u,0.s)
Params: n= 65
Tactic call rewrite_strat-topdown ran for 0.038 secs (0.038u,0.s) (success)
Tactic call rewrite_strat-topdown-noop ran for 0. secs (0.u,0.s) (success)
Tactic call abstract+rewrite_strat-topdown ran for 0.051 secs (0.051u,0.s) (success)
Tactic call close-abstract+rewrite_strat-topdown ran for 0.011 secs (0.011u,0.s)
Params: n= 66
Tactic call rewrite_strat-topdown ran for 0.04 secs (0.04u,0.s) (success)
Tactic call rewrite_strat-topdown-noop ran for 0. secs (0.u,0.s) (success)
Tactic call abstract+rewrite_strat-topdown ran for 0.053 secs (0.053u,0.s) (success)
Tactic call close-abstract+rewrite_strat-topdown ran for 0.012 secs (0.012u,0.s)
Params: n= 67
Tactic call rewrite_strat-topdown ran for 0.04 secs (0.04u,0.s) (success)
Tactic call rewrite_strat-topdown-noop ran for 0. secs (0.u,0.s) (success)
Tactic call abstract+rewrite_strat-topdown ran for 0.054 secs (0.054u,0.s) (success)
Tactic call close-abstract+rewrite_strat-topdown ran for 0.012 secs (0.012u,0.s)
Params: n= 68
Tactic call rewrite_strat-topdown ran for 0.042 secs (0.042u,0.s) (success)
Tactic call rewrite_strat-topdown-noop ran for 0. secs (0.u,0.s) (success)
Tactic call abstract+rewrite_strat-topdown ran for 0.058 secs (0.058u,0.s) (success)
Tactic call close-abstract+rewrite_strat-topdown ran for 0.014 secs (0.014u,0.s)
Params: n= 69
Tactic call rewrite_strat-topdown ran for 0.043 secs (0.043u,0.s) (success)
Tactic call rewrite_strat-topdown-noop ran for 0. secs (0.u,0.s) (success)
Tactic call abstract+rewrite_strat-topdown ran for 0.061 secs (0.061u,0.s) (success)
Tactic call close-abstract+rewrite_strat-topdown ran for 0.016 secs (0.016u,0.s)
Params: n= 70
Tactic call rewrite_strat-topdown ran for 0.046 secs (0.046u,0.s) (success)
Tactic call rewrite_strat-topdown-noop ran for 0. secs (0.u,0.s) (success)
Tactic call abstract+rewrite_strat-topdown ran for 0.061 secs (0.061u,0.s) (success)
Tactic call close-abstract+rewrite_strat-topdown ran for 0.013 secs (0.013u,0.s)
Params: n= 71
Tactic call rewrite_strat-topdown ran for 0.05 secs (0.05u,0.s) (success)
Tactic call rewrite_strat-topdown-noop ran for 0. secs (0.u,0.s) (success)
Tactic call abstract+rewrite_strat-topdown ran for 0.066 secs (0.066u,0.s) (success)
Tactic call close-abstract+rewrite_strat-topdown ran for 0.014 secs (0.014u,0.s)
Params: n= 72
Tactic call rewrite_strat-topdown ran for 0.048 secs (0.048u,0.s) (success)
Tactic call rewrite_strat-topdown-noop ran for 0. secs (0.u,0.s) (success)
Tactic call abstract+rewrite_strat-topdown ran for 0.064 secs (0.064u,0.s) (success)
Tactic call close-abstract+rewrite_strat-topdown ran for 0.014 secs (0.014u,0.s)
Params: n= 73
Tactic call rewrite_strat-topdown ran for 0.051 secs (0.051u,0.s) (success)
Tactic call rewrite_strat-topdown-noop ran for 0. secs (0.u,0.s) (success)
Tactic call abstract+rewrite_strat-topdown ran for 0.068 secs (0.068u,0.s) (success)
Tactic call close-abstract+rewrite_strat-topdown ran for 0.015 secs (0.015u,0.s)
Params: n= 74
Tactic call rewrite_strat-topdown ran for 0.052 secs (0.052u,0.s) (success)
Tactic call rewrite_strat-topdown-noop ran for 0. secs (0.u,0.s) (success)
Tactic call abstract+rewrite_strat-topdown ran for 0.068 secs (0.068u,0.s) (success)
Tactic call close-abstract+rewrite_strat-topdown ran for 0.015 secs (0.015u,0.s)
Params: n= 75
Tactic call rewrite_strat-topdown ran for 0.051 secs (0.051u,0.s) (success)
Tactic call rewrite_strat-topdown-noop ran for 0. secs (0.u,0.s) (success)
Tactic call abstract+rewrite_strat-topdown ran for 0.068 secs (0.068u,0.s) (success)
Tactic call close-abstract+rewrite_strat-topdown ran for 0.015 secs (0.015u,0.s)
Params: n= 76
Tactic call rewrite_strat-topdown ran for 0.055 secs (0.055u,0.s) (success)
Tactic call rewrite_strat-topdown-noop ran for 0. secs (0.u,0.s) (success)
Tactic call abstract+rewrite_strat-topdown ran for 0.077 secs (0.077u,0.s) (success)
Tactic call close-abstract+rewrite_strat-topdown ran for 0.02 secs (0.02u,0.s)
Params: n= 77
Tactic call rewrite_strat-topdown ran for 0.063 secs (0.063u,0.s) (success)
Tactic call rewrite_strat-topdown-noop ran for 0. secs (0.u,0.s) (success)
Tactic call abstract+rewrite_strat-topdown ran for 0.081 secs (0.081u,0.s) (success)
Tactic call close-abstract+rewrite_strat-topdown ran for 0.016 secs (0.016u,0.s)
Params: n= 78
Tactic call rewrite_strat-topdown ran for 0.055 secs (0.055u,0.s) (success)
Tactic call rewrite_strat-topdown-noop ran for 0. secs (0.u,0.s) (success)
Tactic call abstract+rewrite_strat-topdown ran for 0.073 secs (0.073u,0.s) (success)
Tactic call close-abstract+rewrite_strat-topdown ran for 0.016 secs (0.016u,0.s)
Params: n= 79
Tactic call rewrite_strat-topdown ran for 0.061 secs (0.061u,0.s) (success)
Tactic call rewrite_strat-topdown-noop ran for 0. secs (0.u,0.s) (success)
Tactic call abstract+rewrite_strat-topdown ran for 0.079 secs (0.079u,0.s) (success)
Tactic call close-abstract+rewrite_strat-topdown ran for 0.016 secs (0.016u,0.s)
Params: n= 80
Tactic call rewrite_strat-topdown ran for 0.063 secs (0.063u,0.s) (success)
Tactic call rewrite_strat-topdown-noop ran for 0. secs (0.u,0.s) (success)
Tactic call abstract+rewrite_strat-topdown ran for 0.082 secs (0.082u,0.s) (success)
Tactic call close-abstract+rewrite_strat-topdown ran for 0.017 secs (0.017u,0.s)
Params: n= 81
Tactic call rewrite_strat-topdown ran for 0.06 secs (0.06u,0.s) (success)
Tactic call rewrite_strat-topdown-noop ran for 0. secs (0.u,0.s) (success)
Tactic call abstract+rewrite_strat-topdown ran for 0.08 secs (0.08u,0.s) (success)
Tactic call close-abstract+rewrite_strat-topdown ran for 0.017 secs (0.017u,0.s)
Params: n= 82
Tactic call rewrite_strat-topdown ran for 0.06 secs (0.06u,0.s) (success)
Tactic call rewrite_strat-topdown-noop ran for 0. secs (0.u,0.s) (success)
Tactic call abstract+rewrite_strat-topdown ran for 0.084 secs (0.084u,0.s) (success)
Tactic call close-abstract+rewrite_strat-topdown ran for 0.022 secs (0.022u,0.s)
Params: n= 83
Tactic call rewrite_strat-topdown ran for 0.063 secs (0.063u,0.s) (success)
Tactic call rewrite_strat-topdown-noop ran for 0. secs (0.u,0.s) (success)
Tactic call abstract+rewrite_strat-topdown ran for 0.083 secs (0.083u,0.s) (success)
Tactic call close-abstract+rewrite_strat-topdown ran for 0.018 secs (0.018u,0.s)
Params: n= 84
Tactic call rewrite_strat-topdown ran for 0.068 secs (0.068u,0.s) (success)
Tactic call rewrite_strat-topdown-noop ran for 0.005 secs (0.001u,0.003s) (success)
Tactic call abstract+rewrite_strat-topdown ran for 0.093 secs (0.089u,0.003s) (success)
Tactic call close-abstract+rewrite_strat-topdown ran for 0.018 secs (0.018u,0.s)
Params: n= 85
Tactic call rewrite_strat-topdown ran for 0.07 secs (0.07u,0.s) (success)
Tactic call rewrite_strat-topdown-noop ran for 0.001 secs (0.001u,0.s) (success)
Tactic call abstract+rewrite_strat-topdown ran for 0.094 secs (0.093u,0.s) (success)
Tactic call close-abstract+rewrite_strat-topdown ran for 0.021 secs (0.021u,0.s)
Params: n= 86
Tactic call rewrite_strat-topdown ran for 0.07 secs (0.07u,0.s) (success)
Tactic call rewrite_strat-topdown-noop ran for 0.001 secs (0.001u,0.s) (success)
Tactic call abstract+rewrite_strat-topdown ran for 0.092 secs (0.092u,0.s) (success)
Tactic call close-abstract+rewrite_strat-topdown ran for 0.02 secs (0.02u,0.s)
Params: n= 87
Tactic call rewrite_strat-topdown ran for 0.068 secs (0.068u,0.s) (success)
Tactic call rewrite_strat-topdown-noop ran for 0.001 secs (0.001u,0.s) (success)
Tactic call abstract+rewrite_strat-topdown ran for 0.091 secs (0.091u,0.s) (success)
Tactic call close-abstract+rewrite_strat-topdown ran for 0.02 secs (0.02u,0.s)
Params: n= 88
Tactic call rewrite_strat-topdown ran for 0.069 secs (0.069u,0.s) (success)
Tactic call rewrite_strat-topdown-noop ran for 0.001 secs (0.001u,0.s) (success)
Tactic call abstract+rewrite_strat-topdown ran for 0.093 secs (0.093u,0.s) (success)
Tactic call close-abstract+rewrite_strat-topdown ran for 0.022 secs (0.022u,0.s)
Params: n= 89
Tactic call rewrite_strat-topdown ran for 0.071 secs (0.071u,0.s) (success)
Tactic call rewrite_strat-topdown-noop ran for 0.001 secs (0.001u,0.s) (success)
Tactic call abstract+rewrite_strat-topdown ran for 0.099 secs (0.099u,0.s) (success)
Tactic call close-abstract+rewrite_strat-topdown ran for 0.026 secs (0.026u,0.s)
Params: n= 90
Tactic call rewrite_strat-topdown ran for 0.073 secs (0.073u,0.s) (success)
Tactic call rewrite_strat-topdown-noop ran for 0.001 secs (0.001u,0.s) (success)
Tactic call abstract+rewrite_strat-topdown ran for 0.102 secs (0.102u,0.s) (success)
Tactic call close-abstract+rewrite_strat-topdown ran for 0.026 secs (0.026u,0.s)
Params: n= 91
Tactic call rewrite_strat-topdown ran for 0.079 secs (0.079u,0.s) (success)
Tactic call rewrite_strat-topdown-noop ran for 0.001 secs (0.001u,0.s) (success)
Tactic call abstract+rewrite_strat-topdown ran for 0.103 secs (0.103u,0.s) (success)
Tactic call close-abstract+rewrite_strat-topdown ran for 0.021 secs (0.021u,0.s)
Params: n= 92
Tactic call rewrite_strat-topdown ran for 0.08 secs (0.08u,0.s) (success)
Tactic call rewrite_strat-topdown-noop ran for 0.001 secs (0.001u,0.s) (success)
Tactic call abstract+rewrite_strat-topdown ran for 0.103 secs (0.103u,0.s) (success)
Tactic call close-abstract+rewrite_strat-topdown ran for 0.021 secs (0.021u,0.s)
Params: n= 93
Tactic call rewrite_strat-topdown ran for 0.081 secs (0.081u,0.s) (success)
Tactic call rewrite_strat-topdown-noop ran for 0.001 secs (0.001u,0.s) (success)
Tactic call abstract+rewrite_strat-topdown ran for 0.105 secs (0.105u,0.s) (success)
Tactic call close-abstract+rewrite_strat-topdown ran for 0.022 secs (0.022u,0.s)
Params: n= 94
Tactic call rewrite_strat-topdown ran for 0.085 secs (0.085u,0.s) (success)
Tactic call rewrite_strat-topdown-noop ran for 0.001 secs (0.001u,0.s) (success)
Tactic call abstract+rewrite_strat-topdown ran for 0.113 secs (0.113u,0.s) (success)
Tactic call close-abstract+rewrite_strat-topdown ran for 0.025 secs (0.025u,0.s)
Params: n= 95
Tactic call rewrite_strat-topdown ran for 0.085 secs (0.081u,0.003s) (success)
Tactic call rewrite_strat-topdown-noop ran for 0.001 secs (0.001u,0.s) (success)
Tactic call abstract+rewrite_strat-topdown ran for 0.112 secs (0.108u,0.003s) (success)
Tactic call close-abstract+rewrite_strat-topdown ran for 0.025 secs (0.025u,0.s)
Params: n= 96
Tactic call rewrite_strat-topdown ran for 0.086 secs (0.086u,0.s) (success)
Tactic call rewrite_strat-topdown-noop ran for 0.001 secs (0.001u,0.s) (success)
Tactic call abstract+rewrite_strat-topdown ran for 0.115 secs (0.115u,0.s) (success)
Tactic call close-abstract+rewrite_strat-topdown ran for 0.026 secs (0.026u,0.s)
Params: n= 97
Tactic call rewrite_strat-topdown ran for 0.092 secs (0.088u,0.003s) (success)
Tactic call rewrite_strat-topdown-noop ran for 0.001 secs (0.001u,0.s) (success)
Tactic call abstract+rewrite_strat-topdown ran for 0.125 secs (0.121u,0.003s) (success)
Tactic call close-abstract+rewrite_strat-topdown ran for 0.03 secs (0.03u,0.s)
Params: n= 98
Tactic call rewrite_strat-topdown ran for 0.086 secs (0.086u,0.s) (success)
Tactic call rewrite_strat-topdown-noop ran for 0.001 secs (0.001u,0.s) (success)
Tactic call abstract+rewrite_strat-topdown ran for 0.114 secs (0.114u,0.s) (success)
Tactic call close-abstract+rewrite_strat-topdown ran for 0.026 secs (0.026u,0.s)
Params: n= 99
Tactic call rewrite_strat-topdown ran for 0.086 secs (0.086u,0.s) (success)
Tactic call rewrite_strat-topdown-noop ran for 0.001 secs (0.001u,0.s) (success)
Tactic call abstract+rewrite_strat-topdown ran for 0.115 secs (0.115u,0.s) (success)
Tactic call close-abstract+rewrite_strat-topdown ran for 0.026 secs (0.026u,0.s)
Params: n= 110
Tactic call rewrite_strat-topdown ran for 0.115 secs (0.115u,0.s) (success)
Tactic call rewrite_strat-topdown-noop ran for 0.001 secs (0.001u,0.s) (success)
Tactic call abstract+rewrite_strat-topdown ran for 0.148 secs (0.148u,0.s) (success)
Tactic call close-abstract+rewrite_strat-topdown ran for 0.03 secs (0.03u,0.s)
Params: n= 120
Tactic call rewrite_strat-topdown ran for 0.137 secs (0.137u,0.s) (success)
Tactic call rewrite_strat-topdown-noop ran for 0.001 secs (0.001u,0.s) (success)
Tactic call abstract+rewrite_strat-topdown ran for 0.178 secs (0.178u,0.s) (success)
Tactic call close-abstract+rewrite_strat-topdown ran for 0.038 secs (0.038u,0.s)
Params: n= 130
Tactic call rewrite_strat-topdown ran for 0.155 secs (0.155u,0.s) (success)
Tactic call rewrite_strat-topdown-noop ran for 0.001 secs (0.001u,0.s) (success)
Tactic call abstract+rewrite_strat-topdown ran for 0.203 secs (0.203u,0.s) (success)
Tactic call close-abstract+rewrite_strat-topdown ran for 0.045 secs (0.045u,0.s)
Params: n= 140
Tactic call rewrite_strat-topdown ran for 0.193 secs (0.192u,0.s) (success)
Tactic call rewrite_strat-topdown-noop ran for 0.001 secs (0.001u,0.s) (success)
Tactic call abstract+rewrite_strat-topdown ran for 0.252 secs (0.25u,0.s) (success)
Tactic call close-abstract+rewrite_strat-topdown ran for 0.055 secs (0.055u,0.s)
Params: n= 160
Tactic call rewrite_strat-topdown ran for 0.255 secs (0.255u,0.s) (success)
Tactic call rewrite_strat-topdown-noop ran for 0.002 secs (0.002u,0.s) (success)
Tactic call abstract+rewrite_strat-topdown ran for 0.335 secs (0.33u,0.003s) (success)
Tactic call close-abstract+rewrite_strat-topdown ran for 0.075 secs (0.071u,0.003s)
Params: n= 170
Tactic call rewrite_strat-topdown ran for 0.344 secs (0.336u,0.007s) (success)
Tactic call rewrite_strat-topdown-noop ran for 0.002 secs (0.002u,0.s) (success)
Tactic call abstract+rewrite_strat-topdown ran for 0.443 secs (0.435u,0.007s) (success)
Tactic call close-abstract+rewrite_strat-topdown ran for 0.095 secs (0.095u,0.s)
Params: n= 180
Tactic call rewrite_strat-topdown ran for 0.32 secs (0.316u,0.004s) (success)
Tactic call rewrite_strat-topdown-noop ran for 0.002 secs (0.002u,0.s) (success)
Tactic call abstract+rewrite_strat-topdown ran for 0.416 secs (0.408u,0.008s) (success)
Tactic call close-abstract+rewrite_strat-topdown ran for 0.092 secs (0.088u,0.003s)
Params: n= 190
Tactic call rewrite_strat-topdown ran for 0.354 secs (0.354u,0.s) (success)
Tactic call rewrite_strat-topdown-noop ran for 0.003 secs (0.003u,0.s) (success)
Tactic call abstract+rewrite_strat-topdown ran for 0.466 secs (0.466u,0.s) (success)
Tactic call close-abstract+rewrite_strat-topdown ran for 0.107 secs (0.107u,0.s)
Params: n= 210
Tactic call rewrite_strat-topdown ran for 0.43 secs (0.43u,0.s) (success)
Tactic call rewrite_strat-topdown-noop ran for 0.008 secs (0.008u,0.s) (success)
Tactic call abstract+rewrite_strat-topdown ran for 0.563 secs (0.563u,0.s) (success)
Tactic call close-abstract+rewrite_strat-topdown ran for 0.123 secs (0.122u,0.s)
Params: n= 220
Tactic call rewrite_strat-topdown ran for 0.495 secs (0.495u,0.s) (success)
Tactic call rewrite_strat-topdown-noop ran for 0.003 secs (0.003u,0.s) (success)
Tactic call abstract+rewrite_strat-topdown ran for 0.66 secs (0.659u,0.s) (success)
Tactic call close-abstract+rewrite_strat-topdown ran for 0.158 secs (0.158u,0.s)
Params: n= 230
Tactic call rewrite_strat-topdown ran for 0.561 secs (0.549u,0.011s) (success)
Tactic call rewrite_strat-topdown-noop ran for 0.004 secs (0.004u,0.s) (success)
Tactic call abstract+rewrite_strat-topdown ran for 0.742 secs (0.73u,0.011s) (success)
Tactic call close-abstract+rewrite_strat-topdown ran for 0.175 secs (0.175u,0.s)
Params: n= 240
Tactic call rewrite_strat-topdown ran for 0.572 secs (0.568u,0.003s) (success)
Tactic call rewrite_strat-topdown-noop ran for 0.004 secs (0.004u,0.s) (success)
Tactic call abstract+rewrite_strat-topdown ran for 0.74 secs (0.736u,0.004s) (success)
Tactic call close-abstract+rewrite_strat-topdown ran for 0.161 secs (0.161u,0.s)
Params: n= 260
Tactic call rewrite_strat-topdown ran for 0.748 secs (0.734u,0.013s) (success)
Tactic call rewrite_strat-topdown-noop ran for 0.008 secs (0.008u,0.s) (success)
Tactic call abstract+rewrite_strat-topdown ran for 0.942 secs (0.928u,0.014s) (success)
Tactic call close-abstract+rewrite_strat-topdown ran for 0.184 secs (0.184u,0.s)
Params: n= 270
Tactic call rewrite_strat-topdown ran for 0.87 secs (0.868u,0.s) (success)
Tactic call rewrite_strat-topdown-noop ran for 0.005 secs (0.005u,0.s) (success)
Tactic call abstract+rewrite_strat-topdown ran for 1.077 secs (1.075u,0.s) (success)
Tactic call close-abstract+rewrite_strat-topdown ran for 0.2 secs (0.2u,0.s)
Params: n= 280
Tactic call rewrite_strat-topdown ran for 0.825 secs (0.821u,0.003s) (success)
Tactic call rewrite_strat-topdown-noop ran for 0.005 secs (0.005u,0.s) (success)
Tactic call abstract+rewrite_strat-topdown ran for 1.054 secs (1.05u,0.003s) (success)
Tactic call close-abstract+rewrite_strat-topdown ran for 0.221 secs (0.221u,0.s)
Params: n= 290
Tactic call rewrite_strat-topdown ran for 1.12 secs (1.119u,0.s) (success)
Tactic call rewrite_strat-topdown-noop ran for 0.005 secs (0.005u,0.s) (success)
Tactic call abstract+rewrite_strat-topdown ran for 1.384 secs (1.383u,0.s) (success)
Tactic call close-abstract+rewrite_strat-topdown ran for 0.256 secs (0.256u,0.s)
Params: n= 310
Tactic call rewrite_strat-topdown ran for 1.073 secs (1.073u,0.s) (success)
Tactic call rewrite_strat-topdown-noop ran for 0.006 secs (0.006u,0.s) (success)
Tactic call abstract+rewrite_strat-topdown ran for 1.342 secs (1.342u,0.s) (success)
Tactic call close-abstract+rewrite_strat-topdown ran for 0.259 secs (0.259u,0.s)
Params: n= 320
Tactic call rewrite_strat-topdown ran for 1.146 secs (1.146u,0.s) (success)
Tactic call rewrite_strat-topdown-noop ran for 0.006 secs (0.006u,0.s) (success)
Tactic call abstract+rewrite_strat-topdown ran for 1.469 secs (1.468u,0.s) (success)
Tactic call close-abstract+rewrite_strat-topdown ran for 0.313 secs (0.313u,0.s)
Params: n= 330
Tactic call rewrite_strat-topdown ran for 1.245 secs (1.221u,0.023s) (success)
Tactic call rewrite_strat-topdown-noop ran for 0.014 secs (0.014u,0.s) (success)
Tactic call abstract+rewrite_strat-topdown ran for 1.559 secs (1.535u,0.023s) (success)
Tactic call close-abstract+rewrite_strat-topdown ran for 0.297 secs (0.297u,0.s)
Params: n= 340
Tactic call rewrite_strat-topdown ran for 1.28 secs (1.268u,0.011s) (success)
Tactic call rewrite_strat-topdown-noop ran for 0.008 secs (0.008u,0.s) (success)
Tactic call abstract+rewrite_strat-topdown ran for 1.604 secs (1.592u,0.011s) (success)
Tactic call close-abstract+rewrite_strat-topdown ran for 0.314 secs (0.314u,0.s)
Params: n= 360
Tactic call rewrite_strat-topdown ran for 1.569 secs (1.568u,0.s) (success)
Tactic call rewrite_strat-topdown-noop ran for 0.014 secs (0.014u,0.s) (success)
Tactic call abstract+rewrite_strat-topdown ran for 1.943 secs (1.942u,0.s) (success)
Tactic call close-abstract+rewrite_strat-topdown ran for 0.358 secs (0.358u,0.s)
Params: n= 370
Tactic call rewrite_strat-topdown ran for 1.811 secs (1.811u,0.s) (success)
Tactic call rewrite_strat-topdown-noop ran for 0.009 secs (0.009u,0.s) (success)
Tactic call abstract+rewrite_strat-topdown ran for 2.239 secs (2.239u,0.s) (success)
Tactic call close-abstract+rewrite_strat-topdown ran for 0.417 secs (0.417u,0.s)
Params: n= 380
Tactic call rewrite_strat-topdown ran for 1.612 secs (1.611u,0.s) (success)
Tactic call rewrite_strat-topdown-noop ran for 0.009 secs (0.009u,0.s) (success)
Tactic call abstract+rewrite_strat-topdown ran for 2.014 secs (2.014u,0.s) (success)
Tactic call close-abstract+rewrite_strat-topdown ran for 0.391 secs (0.391u,0.s)
Params: n= 390
Tactic call rewrite_strat-topdown ran for 1.674 secs (1.674u,0.s) (success)
Tactic call rewrite_strat-topdown-noop ran for 0.009 secs (0.009u,0.s) (success)
Tactic call abstract+rewrite_strat-topdown ran for 2.081 secs (2.081u,0.s) (success)
Tactic call close-abstract+rewrite_strat-topdown ran for 0.395 secs (0.395u,0.s)
