Params: n= 50
Tactic call rewrite_strat-bottomup ran for 0.114 secs (0.074u,0.039s) (success)
Tactic call rewrite_strat-bottomup-noop ran for 0. secs (0.u,0.s) (success)
Tactic call abstract+rewrite_strat-bottomup ran for 0.125 secs (0.084u,0.04s) (success)
Tactic call close-abstract+rewrite_strat-bottomup ran for 0.009 secs (0.009u,0.s)
Params: n= 100
Tactic call rewrite_strat-bottomup ran for 0.177 secs (0.177u,0.s) (success)
Tactic call rewrite_strat-bottomup-noop ran for 0.001 secs (0.001u,0.s) (success)
Tactic call abstract+rewrite_strat-bottomup ran for 0.214 secs (0.214u,0.s) (success)
Tactic call close-abstract+rewrite_strat-bottomup ran for 0.035 secs (0.035u,0.s)
Params: n= 150
Tactic call rewrite_strat-bottomup ran for 0.431 secs (0.426u,0.004s) (success)
Tactic call rewrite_strat-bottomup-noop ran for 0.002 secs (0.002u,0.s) (success)
Tactic call abstract+rewrite_strat-bottomup ran for 0.523 secs (0.518u,0.004s) (success)
Tactic call close-abstract+rewrite_strat-bottomup ran for 0.089 secs (0.089u,0.s)
Params: n= 200
Tactic call rewrite_strat-bottomup ran for 0.783 secs (0.771u,0.011s) (success)
Tactic call rewrite_strat-bottomup-noop ran for 0.003 secs (0.003u,0.s) (success)
Tactic call abstract+rewrite_strat-bottomup ran for 0.943 secs (0.931u,0.012s) (success)
Tactic call close-abstract+rewrite_strat-bottomup ran for 0.156 secs (0.156u,0.s)
Params: n= 250
Tactic call rewrite_strat-bottomup ran for 1.167 secs (1.167u,0.s) (success)
Tactic call rewrite_strat-bottomup-noop ran for 0.004 secs (0.004u,0.s) (success)
Tactic call abstract+rewrite_strat-bottomup ran for 1.447 secs (1.447u,0.s) (success)
Tactic call close-abstract+rewrite_strat-bottomup ran for 0.274 secs (0.274u,0.s)
Params: n= 300
Tactic call rewrite_strat-bottomup ran for 1.801 secs (1.789u,0.012s) (success)
Tactic call rewrite_strat-bottomup-noop ran for 0.006 secs (0.006u,0.s) (success)
Tactic call abstract+rewrite_strat-bottomup ran for 2.162 secs (2.141u,0.02s) (success)
Tactic call close-abstract+rewrite_strat-bottomup ran for 0.353 secs (0.345u,0.008s)
Params: n= 350
Tactic call rewrite_strat-bottomup ran for 2.608 secs (2.595u,0.011s) (success)
Tactic call rewrite_strat-bottomup-noop ran for 0.008 secs (0.008u,0.s) (success)
Tactic call abstract+rewrite_strat-bottomup ran for 3.086 secs (3.065u,0.019s) (success)
Tactic call close-abstract+rewrite_strat-bottomup ran for 0.469 secs (0.461u,0.008s)
Params: n= 400
Tactic call rewrite_strat-bottomup ran for 3.5 secs (3.488u,0.011s) (success)
Tactic call rewrite_strat-bottomup-noop ran for 0.01 secs (0.01u,0.s) (success)
Tactic call abstract+rewrite_strat-bottomup ran for 4.097 secs (4.084u,0.011s) (success)
Tactic call close-abstract+rewrite_strat-bottomup ran for 0.585 secs (0.585u,0.s)
