Params: n= 41
Tactic call cbv for TypeClassesPHOAS with big ran for 0. secs (0.u,0.s) (success)
Tactic call pre for TypeClassesPHOAS with big ran for 0. secs (0.u,0.s) (success)
Tactic call actual reif for TypeClassesPHOAS with big ran for 0.205 secs (0.157u,0.046s)
Tactic call eval lazy for TypeClassesPHOAS with big ran for 0. secs (0.u,0.s)
Tactic call norm reif for TypeClassesPHOAS with big ran for 0.205 secs (0.157u,0.046s)
Tactic call lazy beta iota for TypeClassesPHOAS with big ran for 0. secs (0.u,0.s) (success)
Tactic call reif for TypeClassesPHOAS with big ran for 0.206 secs (0.158u,0.047s) (success)
Tactic call post for TypeClassesPHOAS with big ran for 0. secs (0.u,0.s) (success)
Params: n= 42
Tactic call cbv for TypeClassesPHOAS with big ran for 0. secs (0.u,0.s) (success)
Tactic call pre for TypeClassesPHOAS with big ran for 0. secs (0.u,0.s) (success)
Tactic call actual reif for TypeClassesPHOAS with big ran for 0.222 secs (0.222u,0.s)
Tactic call eval lazy for TypeClassesPHOAS with big ran for 0. secs (0.u,0.s)
Tactic call norm reif for TypeClassesPHOAS with big ran for 0.222 secs (0.222u,0.s)
Tactic call lazy beta iota for TypeClassesPHOAS with big ran for 0. secs (0.u,0.s) (success)
Tactic call reif for TypeClassesPHOAS with big ran for 0.222 secs (0.222u,0.s) (success)
Tactic call post for TypeClassesPHOAS with big ran for 0. secs (0.u,0.s) (success)
Params: n= 43
Tactic call cbv for TypeClassesPHOAS with big ran for 0. secs (0.u,0.s) (success)
Tactic call pre for TypeClassesPHOAS with big ran for 0. secs (0.u,0.s) (success)
Tactic call actual reif for TypeClassesPHOAS with big ran for 0.163 secs (0.163u,0.s)
Tactic call eval lazy for TypeClassesPHOAS with big ran for 0. secs (0.u,0.s)
Tactic call norm reif for TypeClassesPHOAS with big ran for 0.163 secs (0.163u,0.s)
Tactic call lazy beta iota for TypeClassesPHOAS with big ran for 0. secs (0.u,0.s) (success)
Tactic call reif for TypeClassesPHOAS with big ran for 0.164 secs (0.164u,0.s) (success)
Tactic call post for TypeClassesPHOAS with big ran for 0. secs (0.u,0.s) (success)
Params: n= 44
Tactic call cbv for TypeClassesPHOAS with big ran for 0. secs (0.u,0.s) (success)
Tactic call pre for TypeClassesPHOAS with big ran for 0. secs (0.u,0.s) (success)
Tactic call actual reif for TypeClassesPHOAS with big ran for 0.157 secs (0.157u,0.s)
Tactic call eval lazy for TypeClassesPHOAS with big ran for 0. secs (0.u,0.s)
Tactic call norm reif for TypeClassesPHOAS with big ran for 0.157 secs (0.157u,0.s)
Tactic call lazy beta iota for TypeClassesPHOAS with big ran for 0. secs (0.u,0.s) (success)
Tactic call reif for TypeClassesPHOAS with big ran for 0.157 secs (0.157u,0.s) (success)
Tactic call post for TypeClassesPHOAS with big ran for 0. secs (0.u,0.s) (success)
Params: n= 45
Tactic call cbv for TypeClassesPHOAS with big ran for 0. secs (0.u,0.s) (success)
Tactic call pre for TypeClassesPHOAS with big ran for 0. secs (0.u,0.s) (success)
Tactic call actual reif for TypeClassesPHOAS with big ran for 0.175 secs (0.175u,0.s)
Tactic call eval lazy for TypeClassesPHOAS with big ran for 0. secs (0.u,0.s)
Tactic call norm reif for TypeClassesPHOAS with big ran for 0.175 secs (0.175u,0.s)
Tactic call lazy beta iota for TypeClassesPHOAS with big ran for 0. secs (0.u,0.s) (success)
Tactic call reif for TypeClassesPHOAS with big ran for 0.175 secs (0.175u,0.s) (success)
Tactic call post for TypeClassesPHOAS with big ran for 0. secs (0.u,0.s) (success)
Params: n= 46
Tactic call cbv for TypeClassesPHOAS with big ran for 0. secs (0.u,0.s) (success)
Tactic call pre for TypeClassesPHOAS with big ran for 0. secs (0.u,0.s) (success)
Tactic call actual reif for TypeClassesPHOAS with big ran for 0.187 secs (0.187u,0.s)
Tactic call eval lazy for TypeClassesPHOAS with big ran for 0. secs (0.u,0.s)
Tactic call norm reif for TypeClassesPHOAS with big ran for 0.188 secs (0.188u,0.s)
Tactic call lazy beta iota for TypeClassesPHOAS with big ran for 0. secs (0.u,0.s) (success)
Tactic call reif for TypeClassesPHOAS with big ran for 0.188 secs (0.188u,0.s) (success)
Tactic call post for TypeClassesPHOAS with big ran for 0. secs (0.u,0.s) (success)
Params: n= 47
Tactic call cbv for TypeClassesPHOAS with big ran for 0. secs (0.u,0.s) (success)
Tactic call pre for TypeClassesPHOAS with big ran for 0. secs (0.u,0.s) (success)
Tactic call actual reif for TypeClassesPHOAS with big ran for 0.181 secs (0.181u,0.s)
Tactic call eval lazy for TypeClassesPHOAS with big ran for 0. secs (0.u,0.s)
Tactic call norm reif for TypeClassesPHOAS with big ran for 0.181 secs (0.181u,0.s)
Tactic call lazy beta iota for TypeClassesPHOAS with big ran for 0. secs (0.u,0.s) (success)
Tactic call reif for TypeClassesPHOAS with big ran for 0.182 secs (0.182u,0.s) (success)
Tactic call post for TypeClassesPHOAS with big ran for 0. secs (0.u,0.s) (success)
Params: n= 48
Tactic call cbv for TypeClassesPHOAS with big ran for 0. secs (0.u,0.s) (success)
Tactic call pre for TypeClassesPHOAS with big ran for 0. secs (0.u,0.s) (success)
Tactic call actual reif for TypeClassesPHOAS with big ran for 0.294 secs (0.294u,0.s)
Tactic call eval lazy for TypeClassesPHOAS with big ran for 0. secs (0.u,0.s)
Tactic call norm reif for TypeClassesPHOAS with big ran for 0.294 secs (0.294u,0.s)
Tactic call lazy beta iota for TypeClassesPHOAS with big ran for 0. secs (0.u,0.s) (success)
Tactic call reif for TypeClassesPHOAS with big ran for 0.295 secs (0.295u,0.s) (success)
Tactic call post for TypeClassesPHOAS with big ran for 0. secs (0.u,0.s) (success)
Params: n= 49
Tactic call cbv for TypeClassesPHOAS with big ran for 0. secs (0.u,0.s) (success)
Tactic call pre for TypeClassesPHOAS with big ran for 0. secs (0.u,0.s) (success)
Tactic call actual reif for TypeClassesPHOAS with big ran for 0.201 secs (0.201u,0.s)
Tactic call eval lazy for TypeClassesPHOAS with big ran for 0. secs (0.u,0.s)
Tactic call norm reif for TypeClassesPHOAS with big ran for 0.201 secs (0.201u,0.s)
Tactic call lazy beta iota for TypeClassesPHOAS with big ran for 0. secs (0.u,0.s) (success)
Tactic call reif for TypeClassesPHOAS with big ran for 0.202 secs (0.202u,0.s) (success)
Tactic call post for TypeClassesPHOAS with big ran for 0. secs (0.u,0.s) (success)
Params: n= 50
Tactic call cbv for TypeClassesPHOAS with big ran for 0. secs (0.u,0.s) (success)
Tactic call pre for TypeClassesPHOAS with big ran for 0. secs (0.u,0.s) (success)
Tactic call actual reif for TypeClassesPHOAS with big ran for 0.225 secs (0.225u,0.s)
Tactic call eval lazy for TypeClassesPHOAS with big ran for 0. secs (0.u,0.s)
Tactic call norm reif for TypeClassesPHOAS with big ran for 0.225 secs (0.225u,0.s)
Tactic call lazy beta iota for TypeClassesPHOAS with big ran for 0. secs (0.u,0.s) (success)
Tactic call reif for TypeClassesPHOAS with big ran for 0.225 secs (0.225u,0.s) (success)
Tactic call post for TypeClassesPHOAS with big ran for 0. secs (0.u,0.s) (success)
Params: n= 51
Tactic call cbv for TypeClassesPHOAS with big ran for 0. secs (0.u,0.s) (success)
Tactic call pre for TypeClassesPHOAS with big ran for 0. secs (0.u,0.s) (success)
Tactic call actual reif for TypeClassesPHOAS with big ran for 0.234 secs (0.234u,0.s)
Tactic call eval lazy for TypeClassesPHOAS with big ran for 0. secs (0.u,0.s)
Tactic call norm reif for TypeClassesPHOAS with big ran for 0.234 secs (0.234u,0.s)
Tactic call lazy beta iota for TypeClassesPHOAS with big ran for 0. secs (0.u,0.s) (success)
Tactic call reif for TypeClassesPHOAS with big ran for 0.235 secs (0.234u,0.s) (success)
Tactic call post for TypeClassesPHOAS with big ran for 0. secs (0.u,0.s) (success)
Params: n= 52
Tactic call cbv for TypeClassesPHOAS with big ran for 0. secs (0.u,0.s) (success)
Tactic call pre for TypeClassesPHOAS with big ran for 0. secs (0.u,0.s) (success)
Tactic call actual reif for TypeClassesPHOAS with big ran for 0.243 secs (0.237u,0.006s)
Tactic call eval lazy for TypeClassesPHOAS with big ran for 0. secs (0.u,0.s)
Tactic call norm reif for TypeClassesPHOAS with big ran for 0.243 secs (0.237u,0.006s)
Tactic call lazy beta iota for TypeClassesPHOAS with big ran for 0. secs (0.u,0.s) (success)
Tactic call reif for TypeClassesPHOAS with big ran for 0.244 secs (0.237u,0.006s) (success)
Tactic call post for TypeClassesPHOAS with big ran for 0. secs (0.u,0.s) (success)
Params: n= 53
Tactic call cbv for TypeClassesPHOAS with big ran for 0. secs (0.u,0.s) (success)
Tactic call pre for TypeClassesPHOAS with big ran for 0. secs (0.u,0.s) (success)
Tactic call actual reif for TypeClassesPHOAS with big ran for 0.257 secs (0.252u,0.004s)
Tactic call eval lazy for TypeClassesPHOAS with big ran for 0. secs (0.u,0.s)
Tactic call norm reif for TypeClassesPHOAS with big ran for 0.257 secs (0.253u,0.004s)
Tactic call lazy beta iota for TypeClassesPHOAS with big ran for 0. secs (0.u,0.s) (success)
Tactic call reif for TypeClassesPHOAS with big ran for 0.257 secs (0.253u,0.004s) (success)
Tactic call post for TypeClassesPHOAS with big ran for 0. secs (0.u,0.s) (success)
Params: n= 54
Tactic call cbv for TypeClassesPHOAS with big ran for 0. secs (0.u,0.s) (success)
Tactic call pre for TypeClassesPHOAS with big ran for 0. secs (0.u,0.s) (success)
Tactic call actual reif for TypeClassesPHOAS with big ran for 0.269 secs (0.269u,0.s)
Tactic call eval lazy for TypeClassesPHOAS with big ran for 0. secs (0.u,0.s)
Tactic call norm reif for TypeClassesPHOAS with big ran for 0.269 secs (0.269u,0.s)
Tactic call lazy beta iota for TypeClassesPHOAS with big ran for 0. secs (0.u,0.s) (success)
Tactic call reif for TypeClassesPHOAS with big ran for 0.269 secs (0.269u,0.s) (success)
Tactic call post for TypeClassesPHOAS with big ran for 0. secs (0.u,0.s) (success)
Params: n= 55
Tactic call cbv for TypeClassesPHOAS with big ran for 0. secs (0.u,0.s) (success)
Tactic call pre for TypeClassesPHOAS with big ran for 0. secs (0.u,0.s) (success)
Tactic call actual reif for TypeClassesPHOAS with big ran for 0.28 secs (0.28u,0.s)
Tactic call eval lazy for TypeClassesPHOAS with big ran for 0. secs (0.u,0.s)
Tactic call norm reif for TypeClassesPHOAS with big ran for 0.28 secs (0.28u,0.s)
Tactic call lazy beta iota for TypeClassesPHOAS with big ran for 0. secs (0.u,0.s) (success)
Tactic call reif for TypeClassesPHOAS with big ran for 0.28 secs (0.28u,0.s) (success)
Tactic call post for TypeClassesPHOAS with big ran for 0. secs (0.u,0.s) (success)
Params: n= 56
Tactic call cbv for TypeClassesPHOAS with big ran for 0. secs (0.u,0.s) (success)
Tactic call pre for TypeClassesPHOAS with big ran for 0. secs (0.u,0.s) (success)
Tactic call actual reif for TypeClassesPHOAS with big ran for 0.301 secs (0.297u,0.003s)
Tactic call eval lazy for TypeClassesPHOAS with big ran for 0. secs (0.u,0.s)
Tactic call norm reif for TypeClassesPHOAS with big ran for 0.301 secs (0.297u,0.003s)
Tactic call lazy beta iota for TypeClassesPHOAS with big ran for 0. secs (0.u,0.s) (success)
Tactic call reif for TypeClassesPHOAS with big ran for 0.302 secs (0.297u,0.003s) (success)
Tactic call post for TypeClassesPHOAS with big ran for 0. secs (0.u,0.s) (success)
Params: n= 57
Tactic call cbv for TypeClassesPHOAS with big ran for 0. secs (0.u,0.s) (success)
Tactic call pre for TypeClassesPHOAS with big ran for 0. secs (0.u,0.s) (success)
Tactic call actual reif for TypeClassesPHOAS with big ran for 0.314 secs (0.314u,0.s)
Tactic call eval lazy for TypeClassesPHOAS with big ran for 0. secs (0.u,0.s)
Tactic call norm reif for TypeClassesPHOAS with big ran for 0.314 secs (0.314u,0.s)
Tactic call lazy beta iota for TypeClassesPHOAS with big ran for 0. secs (0.u,0.s) (success)
Tactic call reif for TypeClassesPHOAS with big ran for 0.314 secs (0.314u,0.s) (success)
Tactic call post for TypeClassesPHOAS with big ran for 0. secs (0.u,0.s) (success)
Params: n= 58
Tactic call cbv for TypeClassesPHOAS with big ran for 0. secs (0.u,0.s) (success)
Tactic call pre for TypeClassesPHOAS with big ran for 0. secs (0.u,0.s) (success)
Tactic call actual reif for TypeClassesPHOAS with big ran for 0.325 secs (0.325u,0.s)
Tactic call eval lazy for TypeClassesPHOAS with big ran for 0. secs (0.u,0.s)
Tactic call norm reif for TypeClassesPHOAS with big ran for 0.325 secs (0.325u,0.s)
Tactic call lazy beta iota for TypeClassesPHOAS with big ran for 0. secs (0.u,0.s) (success)
Tactic call reif for TypeClassesPHOAS with big ran for 0.326 secs (0.326u,0.s) (success)
Tactic call post for TypeClassesPHOAS with big ran for 0. secs (0.u,0.s) (success)
Params: n= 59
Tactic call cbv for TypeClassesPHOAS with big ran for 0. secs (0.u,0.s) (success)
Tactic call pre for TypeClassesPHOAS with big ran for 0. secs (0.u,0.s) (success)
Tactic call actual reif for TypeClassesPHOAS with big ran for 0.339 secs (0.339u,0.s)
Tactic call eval lazy for TypeClassesPHOAS with big ran for 0. secs (0.u,0.s)
Tactic call norm reif for TypeClassesPHOAS with big ran for 0.34 secs (0.339u,0.s)
Tactic call lazy beta iota for TypeClassesPHOAS with big ran for 0. secs (0.u,0.s) (success)
Tactic call reif for TypeClassesPHOAS with big ran for 0.34 secs (0.34u,0.s) (success)
Tactic call post for TypeClassesPHOAS with big ran for 0. secs (0.u,0.s) (success)
Params: n= 60
Tactic call cbv for TypeClassesPHOAS with big ran for 0. secs (0.u,0.s) (success)
Tactic call pre for TypeClassesPHOAS with big ran for 0. secs (0.u,0.s) (success)
Tactic call actual reif for TypeClassesPHOAS with big ran for 0.358 secs (0.357u,0.s)
Tactic call eval lazy for TypeClassesPHOAS with big ran for 0. secs (0.u,0.s)
Tactic call norm reif for TypeClassesPHOAS with big ran for 0.358 secs (0.358u,0.s)
Tactic call lazy beta iota for TypeClassesPHOAS with big ran for 0. secs (0.u,0.s) (success)
Tactic call reif for TypeClassesPHOAS with big ran for 0.358 secs (0.358u,0.s) (success)
Tactic call post for TypeClassesPHOAS with big ran for 0. secs (0.u,0.s) (success)
Params: n= 61
Tactic call cbv for TypeClassesPHOAS with big ran for 0. secs (0.u,0.s) (success)
Tactic call pre for TypeClassesPHOAS with big ran for 0. secs (0.u,0.s) (success)
Tactic call actual reif for TypeClassesPHOAS with big ran for 0.369 secs (0.365u,0.003s)
Tactic call eval lazy for TypeClassesPHOAS with big ran for 0. secs (0.u,0.s)
Tactic call norm reif for TypeClassesPHOAS with big ran for 0.369 secs (0.365u,0.003s)
Tactic call lazy beta iota for TypeClassesPHOAS with big ran for 0. secs (0.u,0.s) (success)
Tactic call reif for TypeClassesPHOAS with big ran for 0.37 secs (0.366u,0.003s) (success)
Tactic call post for TypeClassesPHOAS with big ran for 0. secs (0.u,0.s) (success)
Params: n= 62
Tactic call cbv for TypeClassesPHOAS with big ran for 0. secs (0.u,0.s) (success)
Tactic call pre for TypeClassesPHOAS with big ran for 0. secs (0.u,0.s) (success)
Tactic call actual reif for TypeClassesPHOAS with big ran for 0.368 secs (0.368u,0.s)
Tactic call eval lazy for TypeClassesPHOAS with big ran for 0. secs (0.u,0.s)
Tactic call norm reif for TypeClassesPHOAS with big ran for 0.368 secs (0.368u,0.s)
Tactic call lazy beta iota for TypeClassesPHOAS with big ran for 0. secs (0.u,0.s) (success)
Tactic call reif for TypeClassesPHOAS with big ran for 0.369 secs (0.369u,0.s) (success)
Tactic call post for TypeClassesPHOAS with big ran for 0. secs (0.u,0.s) (success)
Params: n= 63
Tactic call cbv for TypeClassesPHOAS with big ran for 0. secs (0.u,0.s) (success)
Tactic call pre for TypeClassesPHOAS with big ran for 0. secs (0.u,0.s) (success)
Tactic call actual reif for TypeClassesPHOAS with big ran for 0.384 secs (0.384u,0.s)
Tactic call eval lazy for TypeClassesPHOAS with big ran for 0. secs (0.u,0.s)
Tactic call norm reif for TypeClassesPHOAS with big ran for 0.385 secs (0.384u,0.s)
Tactic call lazy beta iota for TypeClassesPHOAS with big ran for 0. secs (0.u,0.s) (success)
Tactic call reif for TypeClassesPHOAS with big ran for 0.385 secs (0.385u,0.s) (success)
Tactic call post for TypeClassesPHOAS with big ran for 0. secs (0.u,0.s) (success)
Params: n= 64
Tactic call cbv for TypeClassesPHOAS with big ran for 0. secs (0.u,0.s) (success)
Tactic call pre for TypeClassesPHOAS with big ran for 0. secs (0.u,0.s) (success)
Tactic call actual reif for TypeClassesPHOAS with big ran for 0.398 secs (0.39u,0.007s)
Tactic call eval lazy for TypeClassesPHOAS with big ran for 0. secs (0.u,0.s)
Tactic call norm reif for TypeClassesPHOAS with big ran for 0.399 secs (0.391u,0.007s)
Tactic call lazy beta iota for TypeClassesPHOAS with big ran for 0. secs (0.u,0.s) (success)
Tactic call reif for TypeClassesPHOAS with big ran for 0.399 secs (0.391u,0.007s) (success)
Tactic call post for TypeClassesPHOAS with big ran for 0. secs (0.u,0.s) (success)
Params: n= 65
Tactic call cbv for TypeClassesPHOAS with big ran for 0. secs (0.u,0.s) (success)
Tactic call pre for TypeClassesPHOAS with big ran for 0. secs (0.u,0.s) (success)
Tactic call actual reif for TypeClassesPHOAS with big ran for 0.416 secs (0.412u,0.003s)
Tactic call eval lazy for TypeClassesPHOAS with big ran for 0. secs (0.u,0.s)
Tactic call norm reif for TypeClassesPHOAS with big ran for 0.417 secs (0.413u,0.003s)
Tactic call lazy beta iota for TypeClassesPHOAS with big ran for 0. secs (0.u,0.s) (success)
Tactic call reif for TypeClassesPHOAS with big ran for 0.417 secs (0.413u,0.003s) (success)
Tactic call post for TypeClassesPHOAS with big ran for 0. secs (0.u,0.s) (success)
Params: n= 66
Tactic call cbv for TypeClassesPHOAS with big ran for 0. secs (0.u,0.s) (success)
Tactic call pre for TypeClassesPHOAS with big ran for 0. secs (0.u,0.s) (success)
Tactic call actual reif for TypeClassesPHOAS with big ran for 0.437 secs (0.437u,0.s)
Tactic call eval lazy for TypeClassesPHOAS with big ran for 0. secs (0.u,0.s)
Tactic call norm reif for TypeClassesPHOAS with big ran for 0.437 secs (0.437u,0.s)
Tactic call lazy beta iota for TypeClassesPHOAS with big ran for 0. secs (0.u,0.s) (success)
Tactic call reif for TypeClassesPHOAS with big ran for 0.437 secs (0.437u,0.s) (success)
Tactic call post for TypeClassesPHOAS with big ran for 0. secs (0.u,0.s) (success)
Params: n= 67
Tactic call cbv for TypeClassesPHOAS with big ran for 0. secs (0.u,0.s) (success)
Tactic call pre for TypeClassesPHOAS with big ran for 0. secs (0.u,0.s) (success)
Tactic call actual reif for TypeClassesPHOAS with big ran for 0.454 secs (0.45u,0.003s)
Tactic call eval lazy for TypeClassesPHOAS with big ran for 0. secs (0.u,0.s)
Tactic call norm reif for TypeClassesPHOAS with big ran for 0.455 secs (0.451u,0.003s)
Tactic call lazy beta iota for TypeClassesPHOAS with big ran for 0. secs (0.u,0.s) (success)
Tactic call reif for TypeClassesPHOAS with big ran for 0.455 secs (0.451u,0.003s) (success)
Tactic call post for TypeClassesPHOAS with big ran for 0. secs (0.u,0.s) (success)
Params: n= 68
Tactic call cbv for TypeClassesPHOAS with big ran for 0. secs (0.u,0.s) (success)
Tactic call pre for TypeClassesPHOAS with big ran for 0. secs (0.u,0.s) (success)
Tactic call actual reif for TypeClassesPHOAS with big ran for 0.465 secs (0.465u,0.s)
Tactic call eval lazy for TypeClassesPHOAS with big ran for 0. secs (0.u,0.s)
Tactic call norm reif for TypeClassesPHOAS with big ran for 0.465 secs (0.465u,0.s)
Tactic call lazy beta iota for TypeClassesPHOAS with big ran for 0. secs (0.u,0.s) (success)
Tactic call reif for TypeClassesPHOAS with big ran for 0.465 secs (0.465u,0.s) (success)
Tactic call post for TypeClassesPHOAS with big ran for 0. secs (0.u,0.s) (success)
Params: n= 69
Tactic call cbv for TypeClassesPHOAS with big ran for 0. secs (0.u,0.s) (success)
Tactic call pre for TypeClassesPHOAS with big ran for 0. secs (0.u,0.s) (success)
Tactic call actual reif for TypeClassesPHOAS with big ran for 0.486 secs (0.486u,0.s)
Tactic call eval lazy for TypeClassesPHOAS with big ran for 0. secs (0.u,0.s)
Tactic call norm reif for TypeClassesPHOAS with big ran for 0.487 secs (0.486u,0.s)
Tactic call lazy beta iota for TypeClassesPHOAS with big ran for 0. secs (0.u,0.s) (success)
Tactic call reif for TypeClassesPHOAS with big ran for 0.487 secs (0.487u,0.s) (success)
Tactic call post for TypeClassesPHOAS with big ran for 0. secs (0.u,0.s) (success)
Params: n= 70
Tactic call cbv for TypeClassesPHOAS with big ran for 0. secs (0.u,0.s) (success)
Tactic call pre for TypeClassesPHOAS with big ran for 0. secs (0.u,0.s) (success)
Tactic call actual reif for TypeClassesPHOAS with big ran for 0.524 secs (0.524u,0.s)
Tactic call eval lazy for TypeClassesPHOAS with big ran for 0. secs (0.u,0.s)
Tactic call norm reif for TypeClassesPHOAS with big ran for 0.524 secs (0.524u,0.s)
Tactic call lazy beta iota for TypeClassesPHOAS with big ran for 0. secs (0.u,0.s) (success)
Tactic call reif for TypeClassesPHOAS with big ran for 0.524 secs (0.524u,0.s) (success)
Tactic call post for TypeClassesPHOAS with big ran for 0. secs (0.u,0.s) (success)
Params: n= 71
Tactic call cbv for TypeClassesPHOAS with big ran for 0. secs (0.u,0.s) (success)
Tactic call pre for TypeClassesPHOAS with big ran for 0. secs (0.u,0.s) (success)
Tactic call actual reif for TypeClassesPHOAS with big ran for 0.523 secs (0.523u,0.s)
Tactic call eval lazy for TypeClassesPHOAS with big ran for 0. secs (0.u,0.s)
Tactic call norm reif for TypeClassesPHOAS with big ran for 0.523 secs (0.523u,0.s)
Tactic call lazy beta iota for TypeClassesPHOAS with big ran for 0. secs (0.u,0.s) (success)
Tactic call reif for TypeClassesPHOAS with big ran for 0.523 secs (0.523u,0.s) (success)
Tactic call post for TypeClassesPHOAS with big ran for 0. secs (0.u,0.s) (success)
Params: n= 72
Tactic call cbv for TypeClassesPHOAS with big ran for 0. secs (0.u,0.s) (success)
Tactic call pre for TypeClassesPHOAS with big ran for 0. secs (0.u,0.s) (success)
Tactic call actual reif for TypeClassesPHOAS with big ran for 0.569 secs (0.569u,0.s)
Tactic call eval lazy for TypeClassesPHOAS with big ran for 0. secs (0.u,0.s)
Tactic call norm reif for TypeClassesPHOAS with big ran for 0.57 secs (0.569u,0.s)
Tactic call lazy beta iota for TypeClassesPHOAS with big ran for 0. secs (0.u,0.s) (success)
Tactic call reif for TypeClassesPHOAS with big ran for 0.57 secs (0.57u,0.s) (success)
Tactic call post for TypeClassesPHOAS with big ran for 0. secs (0.u,0.s) (success)
Params: n= 73
Tactic call cbv for TypeClassesPHOAS with big ran for 0. secs (0.u,0.s) (success)
Tactic call pre for TypeClassesPHOAS with big ran for 0. secs (0.u,0.s) (success)
Tactic call actual reif for TypeClassesPHOAS with big ran for 0.573 secs (0.569u,0.003s)
Tactic call eval lazy for TypeClassesPHOAS with big ran for 0. secs (0.u,0.s)
Tactic call norm reif for TypeClassesPHOAS with big ran for 0.573 secs (0.569u,0.003s)
Tactic call lazy beta iota for TypeClassesPHOAS with big ran for 0. secs (0.u,0.s) (success)
Tactic call reif for TypeClassesPHOAS with big ran for 0.573 secs (0.569u,0.003s) (success)
Tactic call post for TypeClassesPHOAS with big ran for 0. secs (0.u,0.s) (success)
Params: n= 74
Tactic call cbv for TypeClassesPHOAS with big ran for 0. secs (0.u,0.s) (success)
Tactic call pre for TypeClassesPHOAS with big ran for 0. secs (0.u,0.s) (success)
Tactic call actual reif for TypeClassesPHOAS with big ran for 0.579 secs (0.579u,0.s)
Tactic call eval lazy for TypeClassesPHOAS with big ran for 0. secs (0.u,0.s)
Tactic call norm reif for TypeClassesPHOAS with big ran for 0.579 secs (0.579u,0.s)
Tactic call lazy beta iota for TypeClassesPHOAS with big ran for 0. secs (0.u,0.s) (success)
Tactic call reif for TypeClassesPHOAS with big ran for 0.58 secs (0.58u,0.s) (success)
Tactic call post for TypeClassesPHOAS with big ran for 0. secs (0.u,0.s) (success)
Params: n= 75
Tactic call cbv for TypeClassesPHOAS with big ran for 0. secs (0.u,0.s) (success)
Tactic call pre for TypeClassesPHOAS with big ran for 0. secs (0.u,0.s) (success)
Tactic call actual reif for TypeClassesPHOAS with big ran for 0.601 secs (0.589u,0.011s)
Tactic call eval lazy for TypeClassesPHOAS with big ran for 0. secs (0.u,0.s)
Tactic call norm reif for TypeClassesPHOAS with big ran for 0.601 secs (0.589u,0.011s)
Tactic call lazy beta iota for TypeClassesPHOAS with big ran for 0. secs (0.u,0.s) (success)
Tactic call reif for TypeClassesPHOAS with big ran for 0.602 secs (0.589u,0.011s) (success)
Tactic call post for TypeClassesPHOAS with big ran for 0. secs (0.u,0.s) (success)
Params: n= 76
Tactic call cbv for TypeClassesPHOAS with big ran for 0. secs (0.u,0.s) (success)
Tactic call pre for TypeClassesPHOAS with big ran for 0. secs (0.u,0.s) (success)
Tactic call actual reif for TypeClassesPHOAS with big ran for 0.632 secs (0.632u,0.s)
Tactic call eval lazy for TypeClassesPHOAS with big ran for 0. secs (0.u,0.s)
Tactic call norm reif for TypeClassesPHOAS with big ran for 0.632 secs (0.632u,0.s)
Tactic call lazy beta iota for TypeClassesPHOAS with big ran for 0. secs (0.u,0.s) (success)
Tactic call reif for TypeClassesPHOAS with big ran for 0.633 secs (0.632u,0.s) (success)
Tactic call post for TypeClassesPHOAS with big ran for 0. secs (0.u,0.s) (success)
Params: n= 77
Tactic call cbv for TypeClassesPHOAS with big ran for 0. secs (0.u,0.s) (success)
Tactic call pre for TypeClassesPHOAS with big ran for 0. secs (0.u,0.s) (success)
Tactic call actual reif for TypeClassesPHOAS with big ran for 0.643 secs (0.64u,0.002s)
Tactic call eval lazy for TypeClassesPHOAS with big ran for 0. secs (0.u,0.s)
Tactic call norm reif for TypeClassesPHOAS with big ran for 0.643 secs (0.64u,0.002s)
Tactic call lazy beta iota for TypeClassesPHOAS with big ran for 0. secs (0.u,0.s) (success)
Tactic call reif for TypeClassesPHOAS with big ran for 0.643 secs (0.641u,0.002s) (success)
Tactic call post for TypeClassesPHOAS with big ran for 0. secs (0.u,0.s) (success)
Params: n= 78
Tactic call cbv for TypeClassesPHOAS with big ran for 0. secs (0.u,0.s) (success)
Tactic call pre for TypeClassesPHOAS with big ran for 0. secs (0.u,0.s) (success)
Tactic call actual reif for TypeClassesPHOAS with big ran for 0.654 secs (0.654u,0.s)
Tactic call eval lazy for TypeClassesPHOAS with big ran for 0. secs (0.u,0.s)
Tactic call norm reif for TypeClassesPHOAS with big ran for 0.655 secs (0.655u,0.s)
Tactic call lazy beta iota for TypeClassesPHOAS with big ran for 0. secs (0.u,0.s) (success)
Tactic call reif for TypeClassesPHOAS with big ran for 0.655 secs (0.655u,0.s) (success)
Tactic call post for TypeClassesPHOAS with big ran for 0. secs (0.u,0.s) (success)
Params: n= 79
Tactic call cbv for TypeClassesPHOAS with big ran for 0. secs (0.u,0.s) (success)
Tactic call pre for TypeClassesPHOAS with big ran for 0. secs (0.u,0.s) (success)
Tactic call actual reif for TypeClassesPHOAS with big ran for 0.668 secs (0.668u,0.s)
Tactic call eval lazy for TypeClassesPHOAS with big ran for 0. secs (0.u,0.s)
Tactic call norm reif for TypeClassesPHOAS with big ran for 0.668 secs (0.668u,0.s)
Tactic call lazy beta iota for TypeClassesPHOAS with big ran for 0. secs (0.u,0.s) (success)
Tactic call reif for TypeClassesPHOAS with big ran for 0.668 secs (0.668u,0.s) (success)
Tactic call post for TypeClassesPHOAS with big ran for 0. secs (0.u,0.s) (success)
Params: n= 80
Tactic call cbv for TypeClassesPHOAS with big ran for 0. secs (0.u,0.s) (success)
Tactic call pre for TypeClassesPHOAS with big ran for 0. secs (0.u,0.s) (success)
Tactic call actual reif for TypeClassesPHOAS with big ran for 0.728 secs (0.728u,0.s)
Tactic call eval lazy for TypeClassesPHOAS with big ran for 0. secs (0.u,0.s)
Tactic call norm reif for TypeClassesPHOAS with big ran for 0.728 secs (0.728u,0.s)
Tactic call lazy beta iota for TypeClassesPHOAS with big ran for 0. secs (0.u,0.s) (success)
Tactic call reif for TypeClassesPHOAS with big ran for 0.728 secs (0.728u,0.s) (success)
Tactic call post for TypeClassesPHOAS with big ran for 0. secs (0.u,0.s) (success)
Params: n= 81
Tactic call cbv for TypeClassesPHOAS with big ran for 0. secs (0.u,0.s) (success)
Tactic call pre for TypeClassesPHOAS with big ran for 0. secs (0.u,0.s) (success)
Tactic call actual reif for TypeClassesPHOAS with big ran for 0.727 secs (0.727u,0.s)
Tactic call eval lazy for TypeClassesPHOAS with big ran for 0. secs (0.u,0.s)
Tactic call norm reif for TypeClassesPHOAS with big ran for 0.727 secs (0.727u,0.s)
Tactic call lazy beta iota for TypeClassesPHOAS with big ran for 0. secs (0.u,0.s) (success)
Tactic call reif for TypeClassesPHOAS with big ran for 0.727 secs (0.727u,0.s) (success)
Tactic call post for TypeClassesPHOAS with big ran for 0. secs (0.u,0.s) (success)
Params: n= 82
Tactic call cbv for TypeClassesPHOAS with big ran for 0. secs (0.u,0.s) (success)
Tactic call pre for TypeClassesPHOAS with big ran for 0. secs (0.u,0.s) (success)
Tactic call actual reif for TypeClassesPHOAS with big ran for 0.749 secs (0.741u,0.007s)
Tactic call eval lazy for TypeClassesPHOAS with big ran for 0. secs (0.u,0.s)
Tactic call norm reif for TypeClassesPHOAS with big ran for 0.75 secs (0.742u,0.007s)
Tactic call lazy beta iota for TypeClassesPHOAS with big ran for 0. secs (0.u,0.s) (success)
Tactic call reif for TypeClassesPHOAS with big ran for 0.75 secs (0.742u,0.007s) (success)
Tactic call post for TypeClassesPHOAS with big ran for 0. secs (0.u,0.s) (success)
Params: n= 83
Tactic call cbv for TypeClassesPHOAS with big ran for 0. secs (0.u,0.s) (success)
Tactic call pre for TypeClassesPHOAS with big ran for 0. secs (0.u,0.s) (success)
Tactic call actual reif for TypeClassesPHOAS with big ran for 0.76 secs (0.756u,0.004s)
Tactic call eval lazy for TypeClassesPHOAS with big ran for 0. secs (0.u,0.s)
Tactic call norm reif for TypeClassesPHOAS with big ran for 0.76 secs (0.756u,0.004s)
Tactic call lazy beta iota for TypeClassesPHOAS with big ran for 0. secs (0.u,0.s) (success)
Tactic call reif for TypeClassesPHOAS with big ran for 0.76 secs (0.756u,0.004s) (success)
Tactic call post for TypeClassesPHOAS with big ran for 0. secs (0.u,0.s) (success)
Params: n= 84
Tactic call cbv for TypeClassesPHOAS with big ran for 0. secs (0.u,0.s) (success)
Tactic call pre for TypeClassesPHOAS with big ran for 0. secs (0.u,0.s) (success)
Tactic call actual reif for TypeClassesPHOAS with big ran for 0.784 secs (0.783u,0.s)
Tactic call eval lazy for TypeClassesPHOAS with big ran for 0. secs (0.u,0.s)
Tactic call norm reif for TypeClassesPHOAS with big ran for 0.784 secs (0.784u,0.s)
Tactic call lazy beta iota for TypeClassesPHOAS with big ran for 0. secs (0.u,0.s) (success)
Tactic call reif for TypeClassesPHOAS with big ran for 0.784 secs (0.784u,0.s) (success)
Tactic call post for TypeClassesPHOAS with big ran for 0. secs (0.u,0.s) (success)
Params: n= 85
Tactic call cbv for TypeClassesPHOAS with big ran for 0. secs (0.u,0.s) (success)
Tactic call pre for TypeClassesPHOAS with big ran for 0. secs (0.u,0.s) (success)
Tactic call actual reif for TypeClassesPHOAS with big ran for 0.795 secs (0.787u,0.007s)
Tactic call eval lazy for TypeClassesPHOAS with big ran for 0. secs (0.u,0.s)
Tactic call norm reif for TypeClassesPHOAS with big ran for 0.795 secs (0.787u,0.007s)
Tactic call lazy beta iota for TypeClassesPHOAS with big ran for 0. secs (0.u,0.s) (success)
Tactic call reif for TypeClassesPHOAS with big ran for 0.795 secs (0.787u,0.007s) (success)
Tactic call post for TypeClassesPHOAS with big ran for 0. secs (0.u,0.s) (success)
