Params: 0-nm= 5 , 1-n= 1 , 2-m= 5
native_compute: Conversion to native code done in 0.00088
native_compute: Compilation done in 0.09238
native_compute: Evaluation done in 0.00028
native_compute: Reification done in 0.00007
Tactic call cps+native_compute-regression-quadratic ran for 0.093 secs (0.u,0.004s) (success)
Params: 0-nm= 5 , 1-n= 5 , 2-m= 1
native_compute: Conversion to native code done in 0.00043
native_compute: Compilation done in 0.08975
native_compute: Evaluation done in 0.00028
native_compute: Reification done in 0.00010
Tactic call cps+native_compute-regression-quadratic ran for 0.09 secs (0.u,0.003s) (success)
Params: 0-nm= 420 , 1-n= 20 , 2-m= 21
native_compute: Conversion to native code done in 0.00042
native_compute: Compilation done in 0.09006
native_compute: Evaluation done in 0.00028
native_compute: Reification done in 0.00243
Tactic call cps+native_compute-regression-quadratic ran for 0.093 secs (0.001u,0.004s) (success)
Params: 0-nm= 427 , 1-n= 1 , 2-m= 427
native_compute: Conversion to native code done in 0.00042
native_compute: Compilation done in 0.08846
native_compute: Evaluation done in 0.00030
native_compute: Reification done in 0.00279
Tactic call cps+native_compute-regression-quadratic ran for 0.092 secs (0.u,0.006s) (success)
Params: 0-nm= 427 , 1-n= 427 , 2-m= 1
native_compute: Conversion to native code done in 0.00042
native_compute: Compilation done in 0.08996
native_compute: Evaluation done in 0.00029
native_compute: Reification done in 0.00332
Tactic call cps+native_compute-regression-quadratic ran for 0.094 secs (0.002u,0.005s) (success)
Params: 0-nm= 849 , 1-n= 1 , 2-m= 849
native_compute: Conversion to native code done in 0.00042
native_compute: Compilation done in 0.09384
native_compute: Evaluation done in 0.00032
native_compute: Reification done in 0.00494
Tactic call cps+native_compute-regression-quadratic ran for 0.099 secs (0.003u,0.006s) (success)
Params: 0-nm= 849 , 1-n= 849 , 2-m= 1
native_compute: Conversion to native code done in 0.00043
native_compute: Compilation done in 0.09293
native_compute: Evaluation done in 0.00033
native_compute: Reification done in 0.00658
Tactic call cps+native_compute-regression-quadratic ran for 0.1 secs (0.007u,0.003s) (success)
Params: 0-nm= 870 , 1-n= 29 , 2-m= 30
native_compute: Conversion to native code done in 0.00042
native_compute: Compilation done in 0.10710
native_compute: Evaluation done in 0.00035
native_compute: Reification done in 0.00579
Tactic call cps+native_compute-regression-quadratic ran for 0.113 secs (0.006u,0.003s) (success)
Params: 0-nm= 1260 , 1-n= 35 , 2-m= 36
native_compute: Conversion to native code done in 0.00042
native_compute: Compilation done in 0.08967
native_compute: Evaluation done in 0.00030
native_compute: Reification done in 0.00697
Tactic call cps+native_compute-regression-quadratic ran for 0.097 secs (0.003u,0.007s) (success)
Params: 0-nm= 1270 , 1-n= 1 , 2-m= 1270
native_compute: Conversion to native code done in 0.00106
native_compute: Compilation done in 0.09038
native_compute: Evaluation done in 0.00033
native_compute: Reification done in 0.00704
Tactic call cps+native_compute-regression-quadratic ran for 0.098 secs (0.003u,0.007s) (success)
Params: 0-nm= 1270 , 1-n= 1270 , 2-m= 1
native_compute: Conversion to native code done in 0.00035
native_compute: Compilation done in 0.09278
native_compute: Evaluation done in 0.00035
native_compute: Reification done in 0.00906
Tactic call cps+native_compute-regression-quadratic ran for 0.102 secs (0.008u,0.004s) (success)
Params: 0-nm= 1692 , 1-n= 1 , 2-m= 1692
native_compute: Conversion to native code done in 0.00042
native_compute: Compilation done in 0.09194
native_compute: Evaluation done in 0.00047
native_compute: Reification done in 0.07774
Tactic call cps+native_compute-regression-quadratic ran for 0.17 secs (0.053u,0.028s) (success)
Params: 0-nm= 1692 , 1-n= 1692 , 2-m= 1
native_compute: Conversion to native code done in 0.00040
native_compute: Compilation done in 0.09283
native_compute: Evaluation done in 0.00047
native_compute: Reification done in 0.00948
Tactic call cps+native_compute-regression-quadratic ran for 0.103 secs (0.006u,0.007s) (success)
Params: 0-nm= 1722 , 1-n= 41 , 2-m= 42
native_compute: Conversion to native code done in 0.00043
native_compute: Compilation done in 0.08766
native_compute: Evaluation done in 0.00029
native_compute: Reification done in 0.00716
Tactic call cps+native_compute-regression-quadratic ran for 0.095 secs (0.011u,0.s) (success)
Params: 0-nm= 2070 , 1-n= 45 , 2-m= 46
native_compute: Conversion to native code done in 0.00044
native_compute: Compilation done in 0.09726
native_compute: Evaluation done in 0.00029
native_compute: Reification done in 0.00859
Tactic call cps+native_compute-regression-quadratic ran for 0.106 secs (0.012u,0.s) (success)
Params: 0-nm= 2113 , 1-n= 1 , 2-m= 2113
native_compute: Conversion to native code done in 0.00040
native_compute: Compilation done in 0.08869
native_compute: Evaluation done in 0.00038
native_compute: Reification done in 0.00870
Tactic call cps+native_compute-regression-quadratic ran for 0.098 secs (0.009u,0.002s) (success)
Params: 0-nm= 2113 , 1-n= 2113 , 2-m= 1
native_compute: Conversion to native code done in 0.00043
native_compute: Compilation done in 0.08967
native_compute: Evaluation done in 0.00046
native_compute: Reification done in 0.01173
Tactic call cps+native_compute-regression-quadratic ran for 0.102 secs (0.013u,0.002s) (success)
Params: 0-nm= 2817 , 1-n= 1 , 2-m= 2817
native_compute: Conversion to native code done in 0.00042
native_compute: Compilation done in 0.09124
native_compute: Evaluation done in 0.00039
native_compute: Reification done in 0.02211
Tactic call cps+native_compute-regression-quadratic ran for 0.114 secs (0.02u,0.005s) (success)
Params: 0-nm= 2817 , 1-n= 2817 , 2-m= 1
native_compute: Conversion to native code done in 0.00043
native_compute: Compilation done in 0.09204
native_compute: Evaluation done in 0.00043
native_compute: Reification done in 0.02540
Tactic call cps+native_compute-regression-quadratic ran for 0.118 secs (0.024u,0.004s) (success)
Params: 0-nm= 2862 , 1-n= 53 , 2-m= 54
native_compute: Conversion to native code done in 0.00040
native_compute: Compilation done in 0.09210
native_compute: Evaluation done in 0.00031
native_compute: Reification done in 0.01216
Tactic call cps+native_compute-regression-quadratic ran for 0.105 secs (0.016u,0.s) (success)
Params: 0-nm= 3521 , 1-n= 1 , 2-m= 3521
native_compute: Conversion to native code done in 0.00043
native_compute: Compilation done in 0.09153
native_compute: Evaluation done in 0.00042
native_compute: Reification done in 0.01478
Tactic call cps+native_compute-regression-quadratic ran for 0.107 secs (0.016u,0.002s) (success)
Params: 0-nm= 3521 , 1-n= 3521 , 2-m= 1
native_compute: Conversion to native code done in 0.00043
native_compute: Compilation done in 0.09407
native_compute: Evaluation done in 0.00059
native_compute: Reification done in 0.02027
Tactic call cps+native_compute-regression-quadratic ran for 0.115 secs (0.02u,0.004s) (success)
Params: 0-nm= 3540 , 1-n= 59 , 2-m= 60
native_compute: Conversion to native code done in 0.00043
native_compute: Compilation done in 0.09765
native_compute: Evaluation done in 0.00029
native_compute: Reification done in 0.01480
Tactic call cps+native_compute-regression-quadratic ran for 0.113 secs (0.011u,0.007s) (success)
Params: 0-nm= 4225 , 1-n= 1 , 2-m= 4225
native_compute: Conversion to native code done in 0.00044
native_compute: Compilation done in 0.09134
native_compute: Evaluation done in 0.00046
native_compute: Reification done in 0.03503
Tactic call cps+native_compute-regression-quadratic ran for 0.127 secs (0.035u,0.003s) (success)
Params: 0-nm= 4225 , 1-n= 65 , 2-m= 65
native_compute: Conversion to native code done in 0.00044
native_compute: Compilation done in 0.09435
native_compute: Evaluation done in 0.00029
native_compute: Reification done in 0.01781
Tactic call cps+native_compute-regression-quadratic ran for 0.113 secs (0.019u,0.002s) (success)
Params: 0-nm= 4225 , 1-n= 4225 , 2-m= 1
native_compute: Conversion to native code done in 0.00043
native_compute: Compilation done in 0.09258
native_compute: Evaluation done in 0.00049
native_compute: Reification done in 0.02371
Tactic call cps+native_compute-regression-quadratic ran for 0.117 secs (0.023u,0.003s) (success)
Params: 0-nm= 4929 , 1-n= 1 , 2-m= 4929
native_compute: Conversion to native code done in 0.00044
native_compute: Compilation done in 0.08656
native_compute: Evaluation done in 0.00050
native_compute: Reification done in 0.02043
Tactic call cps+native_compute-regression-quadratic ran for 0.108 secs (0.022u,0.002s) (success)
Params: 0-nm= 4929 , 1-n= 4929 , 2-m= 1
native_compute: Conversion to native code done in 0.00043
native_compute: Compilation done in 0.09234
native_compute: Evaluation done in 0.00053
native_compute: Reification done in 0.03536
Tactic call cps+native_compute-regression-quadratic ran for 0.128 secs (0.031u,0.007s) (success)
Params: 0-nm= 4970 , 1-n= 70 , 2-m= 71
native_compute: Conversion to native code done in 0.00039
native_compute: Compilation done in 0.09374
native_compute: Evaluation done in 0.00031
native_compute: Reification done in 0.02061
Tactic call cps+native_compute-regression-quadratic ran for 0.115 secs (0.024u,0.s) (success)
Params: 0-nm= 5633 , 1-n= 1 , 2-m= 5633
native_compute: Conversion to native code done in 0.00044
native_compute: Compilation done in 0.09748
native_compute: Evaluation done in 0.00050
native_compute: Reification done in 0.02333
Tactic call cps+native_compute-regression-quadratic ran for 0.121 secs (0.027u,0.s) (success)
Params: 0-nm= 5633 , 1-n= 5633 , 2-m= 1
native_compute: Conversion to native code done in 0.00042
native_compute: Compilation done in 0.09250
native_compute: Evaluation done in 0.00058
native_compute: Reification done in 0.06513
Tactic call cps+native_compute-regression-quadratic ran for 0.158 secs (0.066u,0.003s) (success)
Params: 0-nm= 5700 , 1-n= 75 , 2-m= 76
native_compute: Conversion to native code done in 0.00040
native_compute: Compilation done in 0.09048
native_compute: Evaluation done in 0.00029
native_compute: Reification done in 0.02589
Tactic call cps+native_compute-regression-quadratic ran for 0.117 secs (0.025u,0.004s) (success)
Params: 0-nm= 6320 , 1-n= 79 , 2-m= 80
native_compute: Conversion to native code done in 0.00045
native_compute: Compilation done in 0.09682
native_compute: Evaluation done in 0.00030
native_compute: Reification done in 0.03677
Tactic call cps+native_compute-regression-quadratic ran for 0.135 secs (0.033u,0.008s) (success)
Params: 0-nm= 6337 , 1-n= 1 , 2-m= 6337
native_compute: Conversion to native code done in 0.00043
native_compute: Compilation done in 0.09611
native_compute: Evaluation done in 0.00053
native_compute: Reification done in 0.03579
Tactic call cps+native_compute-regression-quadratic ran for 0.133 secs (0.035u,0.004s) (success)
Params: 0-nm= 6337 , 1-n= 6337 , 2-m= 1
native_compute: Conversion to native code done in 0.00040
native_compute: Compilation done in 0.09846
native_compute: Evaluation done in 0.00063
native_compute: Reification done in 0.03859
Tactic call cps+native_compute-regression-quadratic ran for 0.138 secs (0.039u,0.003s) (success)
Params: 0-nm= 7310 , 1-n= 85 , 2-m= 86
native_compute: Conversion to native code done in 0.00043
native_compute: Compilation done in 0.09626
native_compute: Evaluation done in 0.00037
native_compute: Reification done in 0.05332
Tactic call cps+native_compute-regression-quadratic ran for 0.15 secs (0.049u,0.008s) (success)
Params: 0-nm= 7394 , 1-n= 1 , 2-m= 7394
native_compute: Conversion to native code done in 0.00043
native_compute: Compilation done in 0.09023
native_compute: Evaluation done in 0.00057
native_compute: Reification done in 0.03110
Tactic call cps+native_compute-regression-quadratic ran for 0.122 secs (0.032u,0.003s) (success)
Params: 0-nm= 7394 , 1-n= 7394 , 2-m= 1
native_compute: Conversion to native code done in 0.00046
native_compute: Compilation done in 0.09705
native_compute: Evaluation done in 0.00066
native_compute: Reification done in 0.04639
Tactic call cps+native_compute-regression-quadratic ran for 0.144 secs (0.048u,0.s) (success)
Params: 0-nm= 8372 , 1-n= 91 , 2-m= 92
native_compute: Conversion to native code done in 0.00043
native_compute: Compilation done in 0.09343
native_compute: Evaluation done in 0.00030
native_compute: Reification done in 0.04242
Tactic call cps+native_compute-regression-quadratic ran for 0.136 secs (0.043u,0.003s) (success)
Params: 0-nm= 8450 , 1-n= 1 , 2-m= 8450
native_compute: Conversion to native code done in 0.00041
native_compute: Compilation done in 0.09200
native_compute: Evaluation done in 0.00066
native_compute: Reification done in 0.03940
Tactic call cps+native_compute-regression-quadratic ran for 0.132 secs (0.043u,0.s) (success)
Params: 0-nm= 8450 , 1-n= 8450 , 2-m= 1
native_compute: Conversion to native code done in 0.00044
native_compute: Compilation done in 0.09665
native_compute: Evaluation done in 0.00069
native_compute: Reification done in 0.07116
Tactic call cps+native_compute-regression-quadratic ran for 0.169 secs (0.069u,0.007s) (success)
Params: 0-nm= 9506 , 1-n= 1 , 2-m= 9506
native_compute: Conversion to native code done in 0.00073
native_compute: Compilation done in 0.09061
native_compute: Evaluation done in 0.00065
native_compute: Reification done in 0.03928
Tactic call cps+native_compute-regression-quadratic ran for 0.131 secs (0.044u,0.s) (success)
Params: 0-nm= 9506 , 1-n= 97 , 2-m= 98
native_compute: Conversion to native code done in 0.00041
native_compute: Compilation done in 0.08955
native_compute: Evaluation done in 0.00030
native_compute: Reification done in 0.04919
Tactic call cps+native_compute-regression-quadratic ran for 0.139 secs (0.053u,0.s) (success)
Params: 0-nm= 9506 , 1-n= 9506 , 2-m= 1
native_compute: Conversion to native code done in 0.00041
native_compute: Compilation done in 0.09352
native_compute: Evaluation done in 0.00078
native_compute: Reification done in 0.05432
Tactic call cps+native_compute-regression-quadratic ran for 0.149 secs (0.055u,0.003s) (success)
Params: 0-nm= 10506 , 1-n= 102 , 2-m= 103
native_compute: Conversion to native code done in 0.00043
native_compute: Compilation done in 0.11324
native_compute: Evaluation done in 0.00030
native_compute: Reification done in 0.04429
Tactic call cps+native_compute-regression-quadratic ran for 0.158 secs (0.069u,0.s) (success)
Params: 0-nm= 10563 , 1-n= 1 , 2-m= 10563
native_compute: Conversion to native code done in 0.00043
native_compute: Compilation done in 0.09455
native_compute: Evaluation done in 0.00091
native_compute: Reification done in 0.06959
Tactic call cps+native_compute-regression-quadratic ran for 0.165 secs (0.063u,0.011s) (success)
Params: 0-nm= 10563 , 1-n= 10563 , 2-m= 1
native_compute: Conversion to native code done in 0.00042
native_compute: Compilation done in 0.09044
native_compute: Evaluation done in 0.00083
native_compute: Reification done in 0.06125
Tactic call cps+native_compute-regression-quadratic ran for 0.153 secs (0.062u,0.003s) (success)
Params: 0-nm= 11556 , 1-n= 107 , 2-m= 108
native_compute: Conversion to native code done in 0.00043
native_compute: Compilation done in 0.10319
native_compute: Evaluation done in 0.00035
native_compute: Reification done in 0.09316
Tactic call cps+native_compute-regression-quadratic ran for 0.197 secs (0.09u,0.008s) (success)
Params: 0-nm= 11619 , 1-n= 1 , 2-m= 11619
native_compute: Conversion to native code done in 0.00043
native_compute: Compilation done in 0.09114
native_compute: Evaluation done in 0.00074
native_compute: Reification done in 0.04873
Tactic call cps+native_compute-regression-quadratic ran for 0.141 secs (0.045u,0.007s) (success)
Params: 0-nm= 11619 , 1-n= 11619 , 2-m= 1
native_compute: Conversion to native code done in 0.00042
native_compute: Compilation done in 0.09059
native_compute: Evaluation done in 0.00115
native_compute: Reification done in 0.06812
Tactic call cps+native_compute-regression-quadratic ran for 0.16 secs (0.069u,0.003s) (success)
Params: 0-nm= 12656 , 1-n= 112 , 2-m= 113
native_compute: Conversion to native code done in 0.00044
native_compute: Compilation done in 0.09413
native_compute: Evaluation done in 0.00030
native_compute: Reification done in 0.05668
Tactic call cps+native_compute-regression-quadratic ran for 0.151 secs (0.056u,0.004s) (success)
Params: 0-nm= 12675 , 1-n= 1 , 2-m= 12675
native_compute: Conversion to native code done in 0.00043
native_compute: Compilation done in 0.09196
native_compute: Evaluation done in 0.00079
native_compute: Reification done in 0.08145
Tactic call cps+native_compute-regression-quadratic ran for 0.174 secs (0.078u,0.007s) (success)
Params: 0-nm= 12675 , 1-n= 12675 , 2-m= 1
native_compute: Conversion to native code done in 0.00042
native_compute: Compilation done in 0.09059
native_compute: Evaluation done in 0.00094
native_compute: Reification done in 0.07182
Tactic call cps+native_compute-regression-quadratic ran for 0.163 secs (0.072u,0.004s) (success)
Params: 0-nm= 14042 , 1-n= 118 , 2-m= 119
native_compute: Conversion to native code done in 0.00044
native_compute: Compilation done in 0.09381
native_compute: Evaluation done in 0.00029
native_compute: Reification done in 0.05864
Tactic call cps+native_compute-regression-quadratic ran for 0.153 secs (0.063u,0.s) (success)
Params: 0-nm= 14083 , 1-n= 1 , 2-m= 14083
native_compute: Conversion to native code done in 0.00043
native_compute: Compilation done in 0.09563
native_compute: Evaluation done in 0.00082
native_compute: Reification done in 0.07678
Tactic call cps+native_compute-regression-quadratic ran for 0.173 secs (0.073u,0.008s) (success)
Params: 0-nm= 14083 , 1-n= 14083 , 2-m= 1
native_compute: Conversion to native code done in 0.00042
native_compute: Compilation done in 0.08920
native_compute: Evaluation done in 0.00100
native_compute: Reification done in 0.09175
Tactic call cps+native_compute-regression-quadratic ran for 0.182 secs (0.096u,0.s) (success)
Params: 0-nm= 15492 , 1-n= 1 , 2-m= 15492
native_compute: Conversion to native code done in 0.00043
native_compute: Compilation done in 0.09239
native_compute: Evaluation done in 0.00092
native_compute: Reification done in 0.10583
Tactic call cps+native_compute-regression-quadratic ran for 0.199 secs (0.106u,0.004s) (success)
Params: 0-nm= 15492 , 1-n= 15492 , 2-m= 1
native_compute: Conversion to native code done in 0.00045
native_compute: Compilation done in 0.09653
native_compute: Evaluation done in 0.00127
native_compute: Reification done in 0.11155
Tactic call cps+native_compute-regression-quadratic ran for 0.21 secs (0.109u,0.008s) (success)
Params: 0-nm= 15500 , 1-n= 124 , 2-m= 125
native_compute: Conversion to native code done in 0.00037
native_compute: Compilation done in 0.09676
native_compute: Evaluation done in 0.00041
native_compute: Reification done in 0.06670
Tactic call cps+native_compute-regression-quadratic ran for 0.164 secs (0.071u,0.s) (success)
Params: 0-nm= 16900 , 1-n= 1 , 2-m= 16900
native_compute: Conversion to native code done in 0.00048
native_compute: Compilation done in 0.09372
native_compute: Evaluation done in 0.00108
native_compute: Reification done in 0.07592
Tactic call cps+native_compute-regression-quadratic ran for 0.171 secs (0.076u,0.004s) (success)
Params: 0-nm= 16900 , 1-n= 130 , 2-m= 130
native_compute: Conversion to native code done in 0.00039
native_compute: Compilation done in 0.09214
native_compute: Evaluation done in 0.00032
native_compute: Reification done in 0.07925
Tactic call cps+native_compute-regression-quadratic ran for 0.172 secs (0.08u,0.003s) (success)
Params: 0-nm= 16900 , 1-n= 16900 , 2-m= 1
native_compute: Conversion to native code done in 0.00043
native_compute: Compilation done in 0.09036
native_compute: Evaluation done in 0.00115
native_compute: Reification done in 0.12101
Tactic call cps+native_compute-regression-quadratic ran for 0.213 secs (0.114u,0.012s) (success)
