Params: n= 41
Tactic call vm_compute-regression-quadratic ran for 0. secs (0.u,0.s) (success)
Params: n= 80
Tactic call vm_compute-regression-quadratic ran for 0. secs (0.u,0.s) (success)
Params: n= 120
Tactic call vm_compute-regression-quadratic ran for 0. secs (0.u,0.s) (success)
Params: n= 159
Tactic call vm_compute-regression-quadratic ran for 0.001 secs (0.001u,0.s) (success)
Params: n= 198
Tactic call vm_compute-regression-quadratic ran for 0.001 secs (0.001u,0.s) (success)
Params: n= 237
Tactic call vm_compute-regression-quadratic ran for 0.001 secs (0.001u,0.s) (success)
Params: n= 276
Tactic call vm_compute-regression-quadratic ran for 0.002 secs (0.002u,0.s) (success)
Params: n= 316
Tactic call vm_compute-regression-quadratic ran for 0.002 secs (0.002u,0.s) (success)
Params: n= 355
Tactic call vm_compute-regression-quadratic ran for 0.003 secs (0.003u,0.s) (success)
Params: n= 394
Tactic call vm_compute-regression-quadratic ran for 0.003 secs (0.003u,0.s) (success)
Params: n= 433
Tactic call vm_compute-regression-quadratic ran for 0.029 secs (0.021u,0.007s) (success)
Params: n= 472
Tactic call vm_compute-regression-quadratic ran for 0.009 secs (0.009u,0.s) (success)
Params: n= 511
Tactic call vm_compute-regression-quadratic ran for 0.01 secs (0.01u,0.s) (success)
Params: n= 551
Tactic call vm_compute-regression-quadratic ran for 0.008 secs (0.008u,0.s) (success)
Params: n= 590
Tactic call vm_compute-regression-quadratic ran for 0.007 secs (0.007u,0.s) (success)
Params: n= 629
Tactic call vm_compute-regression-quadratic ran for 0.088 secs (0.088u,0.s) (success)
Params: n= 668
Tactic call vm_compute-regression-quadratic ran for 0.009 secs (0.009u,0.s) (success)
Params: n= 707
Tactic call vm_compute-regression-quadratic ran for 0.01 secs (0.01u,0.s) (success)
Params: n= 747
Tactic call vm_compute-regression-quadratic ran for 0.011 secs (0.011u,0.s) (success)
Params: n= 786
Tactic call vm_compute-regression-quadratic ran for 0.012 secs (0.012u,0.s) (success)
Params: n= 825
Tactic call vm_compute-regression-quadratic ran for 0.013 secs (0.013u,0.s) (success)
Params: n= 864
Tactic call vm_compute-regression-quadratic ran for 0.014 secs (0.014u,0.s) (success)
Params: n= 903
Tactic call vm_compute-regression-quadratic ran for 0.015 secs (0.015u,0.s) (success)
Params: n= 943
Tactic call vm_compute-regression-quadratic ran for 0.044 secs (0.044u,0.s) (success)
Params: n= 982
Tactic call vm_compute-regression-quadratic ran for 0.017 secs (0.017u,0.s) (success)
Params: n= 1021
Tactic call vm_compute-regression-quadratic ran for 0.018 secs (0.018u,0.s) (success)
Params: n= 1060
Tactic call vm_compute-regression-quadratic ran for 0.02 secs (0.02u,0.s) (success)
Params: n= 1099
Tactic call vm_compute-regression-quadratic ran for 0.022 secs (0.022u,0.s) (success)
Params: n= 1138
Tactic call vm_compute-regression-quadratic ran for 0.023 secs (0.023u,0.s) (success)
Params: n= 1178
Tactic call vm_compute-regression-quadratic ran for 0.024 secs (0.024u,0.s) (success)
Params: n= 1217
Tactic call vm_compute-regression-quadratic ran for 0.026 secs (0.026u,0.s) (success)
Params: n= 1256
Tactic call vm_compute-regression-quadratic ran for 0.028 secs (0.028u,0.s) (success)
Params: n= 1295
Tactic call vm_compute-regression-quadratic ran for 0.042 secs (0.039u,0.003s) (success)
Params: n= 1334
Tactic call vm_compute-regression-quadratic ran for 0.03 secs (0.03u,0.s) (success)
Params: n= 1374
Tactic call vm_compute-regression-quadratic ran for 0.032 secs (0.032u,0.s) (success)
Params: n= 1413
Tactic call vm_compute-regression-quadratic ran for 0.053 secs (0.053u,0.s) (success)
Params: n= 1452
Tactic call vm_compute-regression-quadratic ran for 0.035 secs (0.035u,0.s) (success)
Params: n= 1491
Tactic call vm_compute-regression-quadratic ran for 0.037 secs (0.037u,0.s) (success)
Params: n= 1530
Tactic call vm_compute-regression-quadratic ran for 0.039 secs (0.039u,0.s) (success)
Params: n= 1570
Tactic call vm_compute-regression-quadratic ran for 0.134 secs (0.134u,0.s) (success)
Params: n= 1609
Tactic call vm_compute-regression-quadratic ran for 0.043 secs (0.043u,0.s) (success)
Params: n= 1648
Tactic call vm_compute-regression-quadratic ran for 0.06 secs (0.06u,0.s) (success)
Params: n= 1687
Tactic call vm_compute-regression-quadratic ran for 0.047 secs (0.047u,0.s) (success)
Params: n= 1726
Tactic call vm_compute-regression-quadratic ran for 0.049 secs (0.049u,0.s) (success)
Params: n= 1765
Tactic call vm_compute-regression-quadratic ran for 0.051 secs (0.051u,0.s) (success)
Params: n= 1805
Tactic call vm_compute-regression-quadratic ran for 0.056 secs (0.056u,0.s) (success)
Params: n= 1844
Tactic call vm_compute-regression-quadratic ran for 0.055 secs (0.055u,0.s) (success)
Params: n= 1883
Tactic call vm_compute-regression-quadratic ran for 0.058 secs (0.058u,0.s) (success)
Params: n= 1922
Tactic call vm_compute-regression-quadratic ran for 0.06 secs (0.06u,0.s) (success)
Params: n= 1961
Tactic call vm_compute-regression-quadratic ran for 0.062 secs (0.062u,0.s) (success)
Params: n= 2001
Tactic call vm_compute-regression-quadratic ran for 0.065 secs (0.065u,0.s) (success)
Params: n= 2040
Tactic call vm_compute-regression-quadratic ran for 0.067 secs (0.067u,0.s) (success)
Params: n= 2079
Tactic call vm_compute-regression-quadratic ran for 0.069 secs (0.069u,0.s) (success)
Params: n= 2118
Tactic call vm_compute-regression-quadratic ran for 0.072 secs (0.072u,0.s) (success)
Params: n= 2157
Tactic call vm_compute-regression-quadratic ran for 0.075 secs (0.075u,0.s) (success)
Params: n= 2197
Tactic call vm_compute-regression-quadratic ran for 0.076 secs (0.076u,0.s) (success)
Params: n= 2236
Tactic call vm_compute-regression-quadratic ran for 0.079 secs (0.079u,0.s) (success)
Params: n= 2275
Tactic call vm_compute-regression-quadratic ran for 0.082 secs (0.082u,0.s) (success)
Params: n= 2314
Tactic call vm_compute-regression-quadratic ran for 0.085 secs (0.085u,0.s) (success)
Params: n= 2353
Tactic call vm_compute-regression-quadratic ran for 0.088 secs (0.088u,0.s) (success)
Params: n= 2392
Tactic call vm_compute-regression-quadratic ran for 0.091 secs (0.091u,0.s) (success)
Params: n= 2432
Tactic call vm_compute-regression-quadratic ran for 0.094 secs (0.094u,0.s) (success)
Params: n= 2471
Tactic call vm_compute-regression-quadratic ran for 0.096 secs (0.096u,0.s) (success)
Params: n= 2510
Tactic call vm_compute-regression-quadratic ran for 0.099 secs (0.099u,0.s) (success)
Params: n= 2549
Tactic call vm_compute-regression-quadratic ran for 0.102 secs (0.102u,0.s) (success)
Params: n= 2588
Tactic call vm_compute-regression-quadratic ran for 0.105 secs (0.105u,0.s) (success)
Params: n= 2628
Tactic call vm_compute-regression-quadratic ran for 0.108 secs (0.108u,0.s) (success)
Params: n= 2667
Tactic call vm_compute-regression-quadratic ran for 0.112 secs (0.112u,0.s) (success)
Params: n= 2706
Tactic call vm_compute-regression-quadratic ran for 0.115 secs (0.115u,0.s) (success)
Params: n= 2745
Tactic call vm_compute-regression-quadratic ran for 0.117 secs (0.117u,0.s) (success)
Params: n= 2784
Tactic call vm_compute-regression-quadratic ran for 0.12 secs (0.12u,0.s) (success)
Params: n= 2824
Tactic call vm_compute-regression-quadratic ran for 0.123 secs (0.123u,0.s) (success)
Params: n= 2863
Tactic call vm_compute-regression-quadratic ran for 0.127 secs (0.127u,0.s) (success)
Params: n= 2902
Tactic call vm_compute-regression-quadratic ran for 0.13 secs (0.13u,0.s) (success)
Params: n= 2941
Tactic call vm_compute-regression-quadratic ran for 0.134 secs (0.134u,0.s) (success)
Params: n= 2980
Tactic call vm_compute-regression-quadratic ran for 0.137 secs (0.137u,0.s) (success)
Params: n= 3019
Tactic call vm_compute-regression-quadratic ran for 0.141 secs (0.141u,0.s) (success)
Params: n= 3059
Tactic call vm_compute-regression-quadratic ran for 0.143 secs (0.143u,0.s) (success)
Params: n= 3098
Tactic call vm_compute-regression-quadratic ran for 0.147 secs (0.147u,0.s) (success)
Params: n= 3137
Tactic call vm_compute-regression-quadratic ran for 0.151 secs (0.151u,0.s) (success)
Params: n= 3268
Tactic call vm_compute-regression-quadratic ran for 0.163 secs (0.163u,0.s) (success)
Params: n= 3398
Tactic call vm_compute-regression-quadratic ran for 0.175 secs (0.175u,0.s) (success)
Params: n= 3529
Tactic call vm_compute-regression-quadratic ran for 0.189 secs (0.189u,0.s) (success)
Params: n= 3660
Tactic call vm_compute-regression-quadratic ran for 0.202 secs (0.202u,0.s) (success)
Params: n= 3790
Tactic call vm_compute-regression-quadratic ran for 0.216 secs (0.216u,0.s) (success)
Params: n= 3921
Tactic call vm_compute-regression-quadratic ran for 0.231 secs (0.231u,0.s) (success)
Params: n= 4052
Tactic call vm_compute-regression-quadratic ran for 0.245 secs (0.245u,0.s) (success)
Params: n= 4182
Tactic call vm_compute-regression-quadratic ran for 0.262 secs (0.262u,0.s) (success)
Params: n= 4313
Tactic call vm_compute-regression-quadratic ran for 0.277 secs (0.277u,0.s) (success)
Params: n= 4444
Tactic call vm_compute-regression-quadratic ran for 0.293 secs (0.293u,0.s) (success)
Params: n= 4574
Tactic call vm_compute-regression-quadratic ran for 0.312 secs (0.312u,0.s) (success)
Params: n= 4705
Tactic call vm_compute-regression-quadratic ran for 0.327 secs (0.327u,0.s) (success)
Params: n= 4836
Tactic call vm_compute-regression-quadratic ran for 0.346 secs (0.346u,0.s) (success)
Params: n= 4966
Tactic call vm_compute-regression-quadratic ran for 0.365 secs (0.365u,0.s) (success)
Params: n= 5097
Tactic call vm_compute-regression-quadratic ran for 0.384 secs (0.384u,0.s) (success)
Params: n= 5228
Tactic call vm_compute-regression-quadratic ran for 0.403 secs (0.403u,0.s) (success)
Params: n= 5358
Tactic call vm_compute-regression-quadratic ran for 0.424 secs (0.424u,0.s) (success)
Params: n= 5489
Tactic call vm_compute-regression-quadratic ran for 0.445 secs (0.441u,0.003s) (success)
Params: n= 5620
Tactic call vm_compute-regression-quadratic ran for 0.465 secs (0.464u,0.s) (success)
Params: n= 5750
Tactic call vm_compute-regression-quadratic ran for 0.486 secs (0.485u,0.s) (success)
Params: n= 5881
Tactic call vm_compute-regression-quadratic ran for 0.508 secs (0.508u,0.s) (success)
Params: n= 6012
Tactic call vm_compute-regression-quadratic ran for 0.529 secs (0.529u,0.s) (success)
Params: n= 6142
Tactic call vm_compute-regression-quadratic ran for 0.552 secs (0.552u,0.s) (success)
Params: n= 6273
Tactic call vm_compute-regression-quadratic ran for 0.576 secs (0.576u,0.s) (success)
Params: n= 6900
Tactic call vm_compute-regression-quadratic ran for 0.69 secs (0.69u,0.s) (success)
Params: n= 7527
Tactic call vm_compute-regression-quadratic ran for 0.817 secs (0.809u,0.007s) (success)
Params: n= 8154
Tactic call vm_compute-regression-quadratic ran for 0.957 secs (0.953u,0.003s) (success)
Params: n= 8781
Tactic call vm_compute-regression-quadratic ran for 1.104 secs (1.104u,0.s) (success)
Params: n= 9409
Tactic call vm_compute-regression-quadratic ran for 1.266 secs (1.262u,0.003s) (success)
Params: n= 10036
Tactic call vm_compute-regression-quadratic ran for 1.437 secs (1.437u,0.s) (success)
Params: n= 10663
Tactic call vm_compute-regression-quadratic ran for 1.618 secs (1.614u,0.003s) (success)
Params: n= 11290
Tactic call vm_compute-regression-quadratic ran for 1.804 secs (1.804u,0.s) (success)
Params: n= 11917
Tactic call vm_compute-regression-quadratic ran for 2.001 secs (2.u,0.s) (success)
Params: n= 12544
Tactic call vm_compute-regression-quadratic ran for 2.212 secs (2.212u,0.s) (success)
Params: n= 15052
Tactic call vm_compute-regression-quadratic ran for 3.165 secs (3.164u,0.s) (success)
Params: n= 17561
Tactic call vm_compute-regression-quadratic ran for 4.288 secs (4.288u,0.s) (success)
Params: n= 20069
Tactic call vm_compute-regression-quadratic ran for 5.589 secs (5.588u,0.s) (success)
Params: n= 22578
Tactic call vm_compute-regression-quadratic ran for 7.068 secs (7.063u,0.003s) (success)
Params: n= 25086
Tactic call vm_compute-regression-quadratic ran for 8.719 secs (8.719u,0.s) (success)
