Params: n= 2
native_compute: Conversion to native code done in 0.00144
native_compute: Compilation done in 0.29584
native_compute: Evaluation done in 0.00084
native_compute: Reification done in 0.00007
Tactic call native_compute(1)-regression-quadratic ran for 0.299 secs (0.012u,0.004s) (success)
native_compute: Conversion to native code done in 0.00033
native_compute: Compilation done in 0.06962
native_compute: Evaluation done in 0.00132
native_compute: Reification done in 0.00007
Tactic call native_compute(2)-regression-quadratic ran for 0.071 secs (0.u,0.004s) (success)
Params: n= 3
native_compute: Conversion to native code done in 0.00029
native_compute: Compilation done in 0.06986
native_compute: Evaluation done in 0.00117
native_compute: Reification done in 0.00010
Tactic call native_compute(1)-regression-quadratic ran for 0.071 secs (0.003u,0.s) (success)
native_compute: Conversion to native code done in 0.00036
native_compute: Compilation done in 0.07407
native_compute: Evaluation done in 0.00080
native_compute: Reification done in 0.00008
Tactic call native_compute(2)-regression-quadratic ran for 0.075 secs (0.003u,0.s) (success)
Params: n= 4
native_compute: Conversion to native code done in 0.00034
native_compute: Compilation done in 0.07569
native_compute: Evaluation done in 0.00077
native_compute: Reification done in 0.00007
Tactic call native_compute(1)-regression-quadratic ran for 0.077 secs (0.003u,0.s) (success)
native_compute: Conversion to native code done in 0.00031
native_compute: Compilation done in 0.07299
native_compute: Evaluation done in 0.00124
native_compute: Reification done in 0.00008
Tactic call native_compute(2)-regression-quadratic ran for 0.074 secs (0.003u,0.s) (success)
Params: n= 5
native_compute: Conversion to native code done in 0.00028
native_compute: Compilation done in 0.07534
native_compute: Evaluation done in 0.00129
native_compute: Reification done in 0.00007
Tactic call native_compute(1)-regression-quadratic ran for 0.077 secs (0.004u,0.s) (success)
native_compute: Conversion to native code done in 0.00057
native_compute: Compilation done in 0.07356
native_compute: Evaluation done in 0.00074
native_compute: Reification done in 0.00007
Tactic call native_compute(2)-regression-quadratic ran for 0.075 secs (0.005u,0.s) (success)
Params: n= 6
native_compute: Conversion to native code done in 0.00033
native_compute: Compilation done in 0.06985
native_compute: Evaluation done in 0.00075
native_compute: Reification done in 0.00008
Tactic call native_compute(1)-regression-quadratic ran for 0.071 secs (0.003u,0.s) (success)
native_compute: Conversion to native code done in 0.00031
native_compute: Compilation done in 0.07060
native_compute: Evaluation done in 0.00077
native_compute: Reification done in 0.00008
Tactic call native_compute(2)-regression-quadratic ran for 0.071 secs (0.u,0.003s) (success)
Params: n= 7
native_compute: Conversion to native code done in 0.00028
native_compute: Compilation done in 0.07244
native_compute: Evaluation done in 0.00083
native_compute: Reification done in 0.00008
Tactic call native_compute(1)-regression-quadratic ran for 0.073 secs (0.003u,0.s) (success)
native_compute: Conversion to native code done in 0.00032
native_compute: Compilation done in 0.07013
native_compute: Evaluation done in 0.00082
native_compute: Reification done in 0.00008
Tactic call native_compute(2)-regression-quadratic ran for 0.071 secs (0.003u,0.s) (success)
Params: n= 8
native_compute: Conversion to native code done in 0.00031
native_compute: Compilation done in 0.07151
native_compute: Evaluation done in 0.00081
native_compute: Reification done in 0.00007
Tactic call native_compute(1)-regression-quadratic ran for 0.072 secs (0.u,0.003s) (success)
native_compute: Conversion to native code done in 0.00063
native_compute: Compilation done in 0.07068
native_compute: Evaluation done in 0.00078
native_compute: Reification done in 0.00008
Tactic call native_compute(2)-regression-quadratic ran for 0.072 secs (0.003u,0.s) (success)
Params: n= 9
native_compute: Conversion to native code done in 0.00028
native_compute: Compilation done in 0.07402
native_compute: Evaluation done in 0.00085
native_compute: Reification done in 0.00008
Tactic call native_compute(1)-regression-quadratic ran for 0.075 secs (0.003u,0.s) (success)
native_compute: Conversion to native code done in 0.00034
native_compute: Compilation done in 0.07561
native_compute: Evaluation done in 0.00079
native_compute: Reification done in 0.00007
Tactic call native_compute(2)-regression-quadratic ran for 0.076 secs (0.u,0.003s) (success)
Params: n= 10
native_compute: Conversion to native code done in 0.00028
native_compute: Compilation done in 0.07124
native_compute: Evaluation done in 0.00078
native_compute: Reification done in 0.00008
Tactic call native_compute(1)-regression-quadratic ran for 0.072 secs (0.003u,0.s) (success)
native_compute: Conversion to native code done in 0.00030
native_compute: Compilation done in 0.07081
native_compute: Evaluation done in 0.00081
native_compute: Reification done in 0.00008
Tactic call native_compute(2)-regression-quadratic ran for 0.072 secs (0.002u,0.s) (success)
