Params: n= 4
Tactic call refine-regression-quadratic-regression-linear ran for 0. secs (0.u,0.s) (success)
Tactic call pose-build-and-refine-regression-cubic ran for 0. secs (0.u,0.s) (success)
Tactic call fast_rewrite-regression-cubic ran for 0. secs (0.u,0.s) (success)
Params: n= 5
Tactic call refine-regression-quadratic-regression-linear ran for 0. secs (0.u,0.s) (success)
Tactic call pose-build-and-refine-regression-cubic ran for 0. secs (0.u,0.s) (success)
Tactic call fast_rewrite-regression-cubic ran for 0. secs (0.u,0.s) (success)
Params: n= 6
Tactic call refine-regression-quadratic-regression-linear ran for 0. secs (0.u,0.s) (success)
Tactic call pose-build-and-refine-regression-cubic ran for 0.001 secs (0.001u,0.s) (success)
Tactic call fast_rewrite-regression-cubic ran for 0.001 secs (0.001u,0.s) (success)
Params: n= 7
Tactic call refine-regression-quadratic-regression-linear ran for 0. secs (0.u,0.s) (success)
Tactic call pose-build-and-refine-regression-cubic ran for 0.001 secs (0.001u,0.s) (success)
Tactic call fast_rewrite-regression-cubic ran for 0.001 secs (0.001u,0.s) (success)
Params: n= 8
Tactic call refine-regression-quadratic-regression-linear ran for 0. secs (0.u,0.s) (success)
Tactic call pose-build-and-refine-regression-cubic ran for 0.001 secs (0.001u,0.s) (success)
Tactic call fast_rewrite-regression-cubic ran for 0.001 secs (0.001u,0.s) (success)
Params: n= 9
Tactic call refine-regression-quadratic-regression-linear ran for 0. secs (0.u,0.s) (success)
Tactic call pose-build-and-refine-regression-cubic ran for 0.001 secs (0.001u,0.s) (success)
Tactic call fast_rewrite-regression-cubic ran for 0.001 secs (0.001u,0.s) (success)
Params: n= 10
Tactic call refine-regression-quadratic-regression-linear ran for 0. secs (0.u,0.s) (success)
Tactic call pose-build-and-refine-regression-cubic ran for 0.001 secs (0.001u,0.s) (success)
Tactic call fast_rewrite-regression-cubic ran for 0.001 secs (0.001u,0.s) (success)
Params: n= 11
Tactic call refine-regression-quadratic-regression-linear ran for 0. secs (0.u,0.s) (success)
Tactic call pose-build-and-refine-regression-cubic ran for 0.001 secs (0.001u,0.s) (success)
Tactic call fast_rewrite-regression-cubic ran for 0.001 secs (0.001u,0.s) (success)
Params: n= 12
Tactic call refine-regression-quadratic-regression-linear ran for 0. secs (0.u,0.s) (success)
Tactic call pose-build-and-refine-regression-cubic ran for 0.001 secs (0.001u,0.s) (success)
Tactic call fast_rewrite-regression-cubic ran for 0.001 secs (0.001u,0.s) (success)
Params: n= 13
Tactic call refine-regression-quadratic-regression-linear ran for 0. secs (0.u,0.s) (success)
Tactic call pose-build-and-refine-regression-cubic ran for 0.002 secs (0.002u,0.s) (success)
Tactic call fast_rewrite-regression-cubic ran for 0.002 secs (0.002u,0.s) (success)
Params: n= 14
Tactic call refine-regression-quadratic-regression-linear ran for 0. secs (0.u,0.s) (success)
Tactic call pose-build-and-refine-regression-cubic ran for 0.002 secs (0.002u,0.s) (success)
Tactic call fast_rewrite-regression-cubic ran for 0.002 secs (0.002u,0.s) (success)
Params: n= 15
Tactic call refine-regression-quadratic-regression-linear ran for 0. secs (0.u,0.s) (success)
Tactic call pose-build-and-refine-regression-cubic ran for 0.002 secs (0.002u,0.s) (success)
Tactic call fast_rewrite-regression-cubic ran for 0.002 secs (0.002u,0.s) (success)
Params: n= 16
Tactic call refine-regression-quadratic-regression-linear ran for 0. secs (0.u,0.s) (success)
Tactic call pose-build-and-refine-regression-cubic ran for 0.002 secs (0.u,0.002s) (success)
Tactic call fast_rewrite-regression-cubic ran for 0.002 secs (0.u,0.002s) (success)
Params: n= 17
Tactic call refine-regression-quadratic-regression-linear ran for 0. secs (0.u,0.s) (success)
Tactic call pose-build-and-refine-regression-cubic ran for 0.003 secs (0.002u,0.s) (success)
Tactic call fast_rewrite-regression-cubic ran for 0.003 secs (0.002u,0.s) (success)
Params: n= 18
Tactic call refine-regression-quadratic-regression-linear ran for 0. secs (0.u,0.s) (success)
Tactic call pose-build-and-refine-regression-cubic ran for 0.002 secs (0.002u,0.s) (success)
Tactic call fast_rewrite-regression-cubic ran for 0.002 secs (0.002u,0.s) (success)
Params: n= 19
Tactic call refine-regression-quadratic-regression-linear ran for 0. secs (0.u,0.s) (success)
Tactic call pose-build-and-refine-regression-cubic ran for 0.002 secs (0.002u,0.s) (success)
Tactic call fast_rewrite-regression-cubic ran for 0.002 secs (0.002u,0.s) (success)
Params: n= 20
Tactic call refine-regression-quadratic-regression-linear ran for 0. secs (0.u,0.s) (success)
Tactic call pose-build-and-refine-regression-cubic ran for 0.003 secs (0.002u,0.s) (success)
Tactic call fast_rewrite-regression-cubic ran for 0.003 secs (0.002u,0.s) (success)
Params: n= 21
Tactic call refine-regression-quadratic-regression-linear ran for 0. secs (0.u,0.s) (success)
Tactic call pose-build-and-refine-regression-cubic ran for 0.002 secs (0.002u,0.s) (success)
Tactic call fast_rewrite-regression-cubic ran for 0.002 secs (0.002u,0.s) (success)
Params: n= 22
Tactic call refine-regression-quadratic-regression-linear ran for 0. secs (0.u,0.s) (success)
Tactic call pose-build-and-refine-regression-cubic ran for 0.003 secs (0.003u,0.s) (success)
Tactic call fast_rewrite-regression-cubic ran for 0.003 secs (0.003u,0.s) (success)
Params: n= 23
Tactic call refine-regression-quadratic-regression-linear ran for 0. secs (0.u,0.s) (success)
Tactic call pose-build-and-refine-regression-cubic ran for 0.003 secs (0.003u,0.s) (success)
Tactic call fast_rewrite-regression-cubic ran for 0.003 secs (0.003u,0.s) (success)
Params: n= 24
Tactic call refine-regression-quadratic-regression-linear ran for 0. secs (0.u,0.s) (success)
Tactic call pose-build-and-refine-regression-cubic ran for 0.003 secs (0.003u,0.s) (success)
Tactic call fast_rewrite-regression-cubic ran for 0.003 secs (0.003u,0.s) (success)
Params: n= 25
Tactic call refine-regression-quadratic-regression-linear ran for 0. secs (0.u,0.s) (success)
Tactic call pose-build-and-refine-regression-cubic ran for 0.01 secs (0.002u,0.007s) (success)
Tactic call fast_rewrite-regression-cubic ran for 0.01 secs (0.002u,0.007s) (success)
Params: n= 26
Tactic call refine-regression-quadratic-regression-linear ran for 0. secs (0.u,0.s) (success)
Tactic call pose-build-and-refine-regression-cubic ran for 0.004 secs (0.004u,0.s) (success)
Tactic call fast_rewrite-regression-cubic ran for 0.004 secs (0.004u,0.s) (success)
Params: n= 27
Tactic call refine-regression-quadratic-regression-linear ran for 0. secs (0.u,0.s) (success)
Tactic call pose-build-and-refine-regression-cubic ran for 0.003 secs (0.003u,0.s) (success)
Tactic call fast_rewrite-regression-cubic ran for 0.003 secs (0.003u,0.s) (success)
Params: n= 28
Tactic call refine-regression-quadratic-regression-linear ran for 0. secs (0.u,0.s) (success)
Tactic call pose-build-and-refine-regression-cubic ran for 0.005 secs (0.004u,0.s) (success)
Tactic call fast_rewrite-regression-cubic ran for 0.005 secs (0.004u,0.s) (success)
Params: n= 29
Tactic call refine-regression-quadratic-regression-linear ran for 0. secs (0.u,0.s) (success)
Tactic call pose-build-and-refine-regression-cubic ran for 0.004 secs (0.004u,0.s) (success)
Tactic call fast_rewrite-regression-cubic ran for 0.004 secs (0.004u,0.s) (success)
Params: n= 30
Tactic call refine-regression-quadratic-regression-linear ran for 0. secs (0.u,0.s) (success)
Tactic call pose-build-and-refine-regression-cubic ran for 0.004 secs (0.004u,0.s) (success)
Tactic call fast_rewrite-regression-cubic ran for 0.004 secs (0.004u,0.s) (success)
Params: n= 31
Tactic call refine-regression-quadratic-regression-linear ran for 0. secs (0.u,0.s) (success)
Tactic call pose-build-and-refine-regression-cubic ran for 0.004 secs (0.004u,0.s) (success)
Tactic call fast_rewrite-regression-cubic ran for 0.004 secs (0.004u,0.s) (success)
Params: n= 32
Tactic call refine-regression-quadratic-regression-linear ran for 0. secs (0.u,0.s) (success)
Tactic call pose-build-and-refine-regression-cubic ran for 0.004 secs (0.004u,0.s) (success)
Tactic call fast_rewrite-regression-cubic ran for 0.004 secs (0.004u,0.s) (success)
Params: n= 33
Tactic call refine-regression-quadratic-regression-linear ran for 0. secs (0.u,0.s) (success)
Tactic call pose-build-and-refine-regression-cubic ran for 0.004 secs (0.004u,0.s) (success)
Tactic call fast_rewrite-regression-cubic ran for 0.004 secs (0.004u,0.s) (success)
Params: n= 34
Tactic call refine-regression-quadratic-regression-linear ran for 0. secs (0.u,0.s) (success)
Tactic call pose-build-and-refine-regression-cubic ran for 0.005 secs (0.005u,0.s) (success)
Tactic call fast_rewrite-regression-cubic ran for 0.005 secs (0.005u,0.s) (success)
Params: n= 35
Tactic call refine-regression-quadratic-regression-linear ran for 0. secs (0.u,0.s) (success)
Tactic call pose-build-and-refine-regression-cubic ran for 0.005 secs (0.005u,0.s) (success)
Tactic call fast_rewrite-regression-cubic ran for 0.005 secs (0.005u,0.s) (success)
Params: n= 36
Tactic call refine-regression-quadratic-regression-linear ran for 0. secs (0.u,0.s) (success)
Tactic call pose-build-and-refine-regression-cubic ran for 0.005 secs (0.005u,0.s) (success)
Tactic call fast_rewrite-regression-cubic ran for 0.005 secs (0.005u,0.s) (success)
Params: n= 37
Tactic call refine-regression-quadratic-regression-linear ran for 0. secs (0.u,0.s) (success)
Tactic call pose-build-and-refine-regression-cubic ran for 0.006 secs (0.006u,0.s) (success)
Tactic call fast_rewrite-regression-cubic ran for 0.006 secs (0.006u,0.s) (success)
Params: n= 38
Tactic call refine-regression-quadratic-regression-linear ran for 0. secs (0.u,0.s) (success)
Tactic call pose-build-and-refine-regression-cubic ran for 0.093 secs (0.093u,0.s) (success)
Tactic call fast_rewrite-regression-cubic ran for 0.093 secs (0.093u,0.s) (success)
Params: n= 39
Tactic call refine-regression-quadratic-regression-linear ran for 0. secs (0.u,0.s) (success)
Tactic call pose-build-and-refine-regression-cubic ran for 0.006 secs (0.006u,0.s) (success)
Tactic call fast_rewrite-regression-cubic ran for 0.006 secs (0.006u,0.s) (success)
Params: n= 40
Tactic call refine-regression-quadratic-regression-linear ran for 0. secs (0.u,0.s) (success)
Tactic call pose-build-and-refine-regression-cubic ran for 0.008 secs (0.006u,0.s) (success)
Tactic call fast_rewrite-regression-cubic ran for 0.008 secs (0.006u,0.s) (success)
Params: n= 41
Tactic call refine-regression-quadratic-regression-linear ran for 0. secs (0.u,0.s) (success)
Tactic call pose-build-and-refine-regression-cubic ran for 0.006 secs (0.006u,0.s) (success)
Tactic call fast_rewrite-regression-cubic ran for 0.006 secs (0.006u,0.s) (success)
Params: n= 42
Tactic call refine-regression-quadratic-regression-linear ran for 0. secs (0.u,0.s) (success)
Tactic call pose-build-and-refine-regression-cubic ran for 0.006 secs (0.006u,0.s) (success)
Tactic call fast_rewrite-regression-cubic ran for 0.006 secs (0.006u,0.s) (success)
Params: n= 43
Tactic call refine-regression-quadratic-regression-linear ran for 0. secs (0.u,0.s) (success)
Tactic call pose-build-and-refine-regression-cubic ran for 0.006 secs (0.006u,0.s) (success)
Tactic call fast_rewrite-regression-cubic ran for 0.006 secs (0.006u,0.s) (success)
Params: n= 44
Tactic call refine-regression-quadratic-regression-linear ran for 0. secs (0.u,0.s) (success)
Tactic call pose-build-and-refine-regression-cubic ran for 0.006 secs (0.006u,0.s) (success)
Tactic call fast_rewrite-regression-cubic ran for 0.006 secs (0.006u,0.s) (success)
Params: n= 45
Tactic call refine-regression-quadratic-regression-linear ran for 0. secs (0.u,0.s) (success)
Tactic call pose-build-and-refine-regression-cubic ran for 0.006 secs (0.006u,0.s) (success)
Tactic call fast_rewrite-regression-cubic ran for 0.006 secs (0.006u,0.s) (success)
Params: n= 46
Tactic call refine-regression-quadratic-regression-linear ran for 0. secs (0.u,0.s) (success)
Tactic call pose-build-and-refine-regression-cubic ran for 0.007 secs (0.007u,0.s) (success)
Tactic call fast_rewrite-regression-cubic ran for 0.007 secs (0.007u,0.s) (success)
Params: n= 47
Tactic call refine-regression-quadratic-regression-linear ran for 0. secs (0.u,0.s) (success)
Tactic call pose-build-and-refine-regression-cubic ran for 0.008 secs (0.008u,0.s) (success)
Tactic call fast_rewrite-regression-cubic ran for 0.008 secs (0.008u,0.s) (success)
Params: n= 48
Tactic call refine-regression-quadratic-regression-linear ran for 0. secs (0.u,0.s) (success)
Tactic call pose-build-and-refine-regression-cubic ran for 0.008 secs (0.008u,0.s) (success)
Tactic call fast_rewrite-regression-cubic ran for 0.008 secs (0.008u,0.s) (success)
Params: n= 49
Tactic call refine-regression-quadratic-regression-linear ran for 0. secs (0.u,0.s) (success)
Tactic call pose-build-and-refine-regression-cubic ran for 0.007 secs (0.007u,0.s) (success)
Tactic call fast_rewrite-regression-cubic ran for 0.007 secs (0.007u,0.s) (success)
Params: n= 51
Tactic call refine-regression-quadratic-regression-linear ran for 0. secs (0.u,0.s) (success)
Tactic call pose-build-and-refine-regression-cubic ran for 0.008 secs (0.008u,0.s) (success)
Tactic call fast_rewrite-regression-cubic ran for 0.008 secs (0.008u,0.s) (success)
Params: n= 52
Tactic call refine-regression-quadratic-regression-linear ran for 0.001 secs (0.001u,0.s) (success)
Tactic call pose-build-and-refine-regression-cubic ran for 0.008 secs (0.008u,0.s) (success)
Tactic call fast_rewrite-regression-cubic ran for 0.008 secs (0.008u,0.s) (success)
Params: n= 53
Tactic call refine-regression-quadratic-regression-linear ran for 0. secs (0.u,0.s) (success)
Tactic call pose-build-and-refine-regression-cubic ran for 0.008 secs (0.008u,0.s) (success)
Tactic call fast_rewrite-regression-cubic ran for 0.008 secs (0.008u,0.s) (success)
Params: n= 54
Tactic call refine-regression-quadratic-regression-linear ran for 0. secs (0.u,0.s) (success)
Tactic call pose-build-and-refine-regression-cubic ran for 0.008 secs (0.008u,0.s) (success)
Tactic call fast_rewrite-regression-cubic ran for 0.008 secs (0.008u,0.s) (success)
Params: n= 55
Tactic call refine-regression-quadratic-regression-linear ran for 0. secs (0.u,0.s) (success)
Tactic call pose-build-and-refine-regression-cubic ran for 0.008 secs (0.008u,0.s) (success)
Tactic call fast_rewrite-regression-cubic ran for 0.008 secs (0.008u,0.s) (success)
Params: n= 56
Tactic call refine-regression-quadratic-regression-linear ran for 0. secs (0.u,0.s) (success)
Tactic call pose-build-and-refine-regression-cubic ran for 0.008 secs (0.008u,0.s) (success)
Tactic call fast_rewrite-regression-cubic ran for 0.008 secs (0.008u,0.s) (success)
Params: n= 57
Tactic call refine-regression-quadratic-regression-linear ran for 0. secs (0.u,0.s) (success)
Tactic call pose-build-and-refine-regression-cubic ran for 0.03 secs (0.03u,0.s) (success)
Tactic call fast_rewrite-regression-cubic ran for 0.03 secs (0.03u,0.s) (success)
Params: n= 58
Tactic call refine-regression-quadratic-regression-linear ran for 0. secs (0.u,0.s) (success)
Tactic call pose-build-and-refine-regression-cubic ran for 0.009 secs (0.009u,0.s) (success)
Tactic call fast_rewrite-regression-cubic ran for 0.009 secs (0.009u,0.s) (success)
Params: n= 59
Tactic call refine-regression-quadratic-regression-linear ran for 0. secs (0.u,0.s) (success)
Tactic call pose-build-and-refine-regression-cubic ran for 0.009 secs (0.009u,0.s) (success)
Tactic call fast_rewrite-regression-cubic ran for 0.009 secs (0.009u,0.s) (success)
Params: n= 60
Tactic call refine-regression-quadratic-regression-linear ran for 0. secs (0.u,0.s) (success)
Tactic call pose-build-and-refine-regression-cubic ran for 0.009 secs (0.009u,0.s) (success)
Tactic call fast_rewrite-regression-cubic ran for 0.009 secs (0.009u,0.s) (success)
Params: n= 61
Tactic call refine-regression-quadratic-regression-linear ran for 0. secs (0.u,0.s) (success)
Tactic call pose-build-and-refine-regression-cubic ran for 0.01 secs (0.01u,0.s) (success)
Tactic call fast_rewrite-regression-cubic ran for 0.01 secs (0.01u,0.s) (success)
Params: n= 62
Tactic call refine-regression-quadratic-regression-linear ran for 0. secs (0.u,0.s) (success)
Tactic call pose-build-and-refine-regression-cubic ran for 0.009 secs (0.009u,0.s) (success)
Tactic call fast_rewrite-regression-cubic ran for 0.009 secs (0.009u,0.s) (success)
Params: n= 63
Tactic call refine-regression-quadratic-regression-linear ran for 0. secs (0.u,0.s) (success)
Tactic call pose-build-and-refine-regression-cubic ran for 0.009 secs (0.009u,0.s) (success)
Tactic call fast_rewrite-regression-cubic ran for 0.009 secs (0.01u,0.s) (success)
Params: n= 64
Tactic call refine-regression-quadratic-regression-linear ran for 0. secs (0.u,0.s) (success)
Tactic call pose-build-and-refine-regression-cubic ran for 0.011 secs (0.011u,0.s) (success)
Tactic call fast_rewrite-regression-cubic ran for 0.011 secs (0.011u,0.s) (success)
Params: n= 65
Tactic call refine-regression-quadratic-regression-linear ran for 0. secs (0.u,0.s) (success)
Tactic call pose-build-and-refine-regression-cubic ran for 0.01 secs (0.01u,0.s) (success)
Tactic call fast_rewrite-regression-cubic ran for 0.01 secs (0.01u,0.s) (success)
Params: n= 66
Tactic call refine-regression-quadratic-regression-linear ran for 0. secs (0.u,0.s) (success)
Tactic call pose-build-and-refine-regression-cubic ran for 0.01 secs (0.01u,0.s) (success)
Tactic call fast_rewrite-regression-cubic ran for 0.01 secs (0.01u,0.s) (success)
Params: n= 67
Tactic call refine-regression-quadratic-regression-linear ran for 0. secs (0.u,0.s) (success)
Tactic call pose-build-and-refine-regression-cubic ran for 0.01 secs (0.01u,0.s) (success)
Tactic call fast_rewrite-regression-cubic ran for 0.01 secs (0.01u,0.s) (success)
Params: n= 68
Tactic call refine-regression-quadratic-regression-linear ran for 0. secs (0.u,0.s) (success)
Tactic call pose-build-and-refine-regression-cubic ran for 0.011 secs (0.011u,0.s) (success)
Tactic call fast_rewrite-regression-cubic ran for 0.011 secs (0.011u,0.s) (success)
Params: n= 69
Tactic call refine-regression-quadratic-regression-linear ran for 0. secs (0.u,0.s) (success)
Tactic call pose-build-and-refine-regression-cubic ran for 0.011 secs (0.011u,0.s) (success)
Tactic call fast_rewrite-regression-cubic ran for 0.011 secs (0.011u,0.s) (success)
Params: n= 70
Tactic call refine-regression-quadratic-regression-linear ran for 0. secs (0.u,0.s) (success)
Tactic call pose-build-and-refine-regression-cubic ran for 0.011 secs (0.011u,0.s) (success)
Tactic call fast_rewrite-regression-cubic ran for 0.011 secs (0.011u,0.s) (success)
Params: n= 71
Tactic call refine-regression-quadratic-regression-linear ran for 0.001 secs (0.001u,0.s) (success)
Tactic call pose-build-and-refine-regression-cubic ran for 0.012 secs (0.012u,0.s) (success)
Tactic call fast_rewrite-regression-cubic ran for 0.012 secs (0.012u,0.s) (success)
Params: n= 72
Tactic call refine-regression-quadratic-regression-linear ran for 0.001 secs (0.001u,0.s) (success)
Tactic call pose-build-and-refine-regression-cubic ran for 0.011 secs (0.011u,0.s) (success)
Tactic call fast_rewrite-regression-cubic ran for 0.011 secs (0.011u,0.s) (success)
Params: n= 73
Tactic call refine-regression-quadratic-regression-linear ran for 0. secs (0.u,0.s) (success)
Tactic call pose-build-and-refine-regression-cubic ran for 0.012 secs (0.012u,0.s) (success)
Tactic call fast_rewrite-regression-cubic ran for 0.012 secs (0.012u,0.s) (success)
Params: n= 74
Tactic call refine-regression-quadratic-regression-linear ran for 0.001 secs (0.001u,0.s) (success)
Tactic call pose-build-and-refine-regression-cubic ran for 0.011 secs (0.011u,0.s) (success)
Tactic call fast_rewrite-regression-cubic ran for 0.011 secs (0.011u,0.s) (success)
Params: n= 75
Tactic call refine-regression-quadratic-regression-linear ran for 0.001 secs (0.001u,0.s) (success)
Tactic call pose-build-and-refine-regression-cubic ran for 0.012 secs (0.012u,0.s) (success)
Tactic call fast_rewrite-regression-cubic ran for 0.012 secs (0.012u,0.s) (success)
Params: n= 76
Tactic call refine-regression-quadratic-regression-linear ran for 0. secs (0.u,0.s) (success)
Tactic call pose-build-and-refine-regression-cubic ran for 0.013 secs (0.013u,0.s) (success)
Tactic call fast_rewrite-regression-cubic ran for 0.013 secs (0.013u,0.s) (success)
Params: n= 77
Tactic call refine-regression-quadratic-regression-linear ran for 0.001 secs (0.u,0.s) (success)
Tactic call pose-build-and-refine-regression-cubic ran for 0.013 secs (0.011u,0.001s) (success)
Tactic call fast_rewrite-regression-cubic ran for 0.013 secs (0.011u,0.001s) (success)
Params: n= 78
Tactic call refine-regression-quadratic-regression-linear ran for 0.001 secs (0.u,0.s) (success)
Tactic call pose-build-and-refine-regression-cubic ran for 0.012 secs (0.012u,0.s) (success)
Tactic call fast_rewrite-regression-cubic ran for 0.012 secs (0.012u,0.s) (success)
Params: n= 79
Tactic call refine-regression-quadratic-regression-linear ran for 0.001 secs (0.001u,0.s) (success)
Tactic call pose-build-and-refine-regression-cubic ran for 0.012 secs (0.012u,0.s) (success)
Tactic call fast_rewrite-regression-cubic ran for 0.012 secs (0.012u,0.s) (success)
Params: n= 80
Tactic call refine-regression-quadratic-regression-linear ran for 0.001 secs (0.001u,0.s) (success)
Tactic call pose-build-and-refine-regression-cubic ran for 0.014 secs (0.014u,0.s) (success)
Tactic call fast_rewrite-regression-cubic ran for 0.014 secs (0.014u,0.s) (success)
Params: n= 81
Tactic call refine-regression-quadratic-regression-linear ran for 0.001 secs (0.001u,0.s) (success)
Tactic call pose-build-and-refine-regression-cubic ran for 0.028 secs (0.028u,0.s) (success)
Tactic call fast_rewrite-regression-cubic ran for 0.028 secs (0.028u,0.s) (success)
Params: n= 82
Tactic call refine-regression-quadratic-regression-linear ran for 0.001 secs (0.001u,0.s) (success)
Tactic call pose-build-and-refine-regression-cubic ran for 0.014 secs (0.014u,0.s) (success)
Tactic call fast_rewrite-regression-cubic ran for 0.014 secs (0.014u,0.s) (success)
Params: n= 83
Tactic call refine-regression-quadratic-regression-linear ran for 0.001 secs (0.001u,0.s) (success)
Tactic call pose-build-and-refine-regression-cubic ran for 0.014 secs (0.014u,0.s) (success)
Tactic call fast_rewrite-regression-cubic ran for 0.014 secs (0.014u,0.s) (success)
Params: n= 84
Tactic call refine-regression-quadratic-regression-linear ran for 0.001 secs (0.001u,0.s) (success)
Tactic call pose-build-and-refine-regression-cubic ran for 0.014 secs (0.014u,0.s) (success)
Tactic call fast_rewrite-regression-cubic ran for 0.014 secs (0.014u,0.s) (success)
Params: n= 85
Tactic call refine-regression-quadratic-regression-linear ran for 0.001 secs (0.001u,0.s) (success)
Tactic call pose-build-and-refine-regression-cubic ran for 0.013 secs (0.013u,0.s) (success)
Tactic call fast_rewrite-regression-cubic ran for 0.013 secs (0.013u,0.s) (success)
Params: n= 86
Tactic call refine-regression-quadratic-regression-linear ran for 0. secs (0.u,0.s) (success)
Tactic call pose-build-and-refine-regression-cubic ran for 0.016 secs (0.016u,0.s) (success)
Tactic call fast_rewrite-regression-cubic ran for 0.016 secs (0.016u,0.s) (success)
Params: n= 87
Tactic call refine-regression-quadratic-regression-linear ran for 0.001 secs (0.001u,0.s) (success)
Tactic call pose-build-and-refine-regression-cubic ran for 0.014 secs (0.014u,0.s) (success)
Tactic call fast_rewrite-regression-cubic ran for 0.014 secs (0.014u,0.s) (success)
Params: n= 88
Tactic call refine-regression-quadratic-regression-linear ran for 0.001 secs (0.001u,0.s) (success)
Tactic call pose-build-and-refine-regression-cubic ran for 0.015 secs (0.015u,0.s) (success)
Tactic call fast_rewrite-regression-cubic ran for 0.015 secs (0.015u,0.s) (success)
Params: n= 89
Tactic call refine-regression-quadratic-regression-linear ran for 0.001 secs (0.001u,0.s) (success)
Tactic call pose-build-and-refine-regression-cubic ran for 0.016 secs (0.016u,0.s) (success)
Tactic call fast_rewrite-regression-cubic ran for 0.016 secs (0.016u,0.s) (success)
Params: n= 90
Tactic call refine-regression-quadratic-regression-linear ran for 0.001 secs (0.001u,0.s) (success)
Tactic call pose-build-and-refine-regression-cubic ran for 0.015 secs (0.015u,0.s) (success)
Tactic call fast_rewrite-regression-cubic ran for 0.015 secs (0.015u,0.s) (success)
Params: n= 91
Tactic call refine-regression-quadratic-regression-linear ran for 0.001 secs (0.001u,0.s) (success)
Tactic call pose-build-and-refine-regression-cubic ran for 0.032 secs (0.032u,0.s) (success)
Tactic call fast_rewrite-regression-cubic ran for 0.032 secs (0.032u,0.s) (success)
Params: n= 92
Tactic call refine-regression-quadratic-regression-linear ran for 0.001 secs (0.001u,0.s) (success)
Tactic call pose-build-and-refine-regression-cubic ran for 0.016 secs (0.016u,0.s) (success)
Tactic call fast_rewrite-regression-cubic ran for 0.016 secs (0.016u,0.s) (success)
Params: n= 93
Tactic call refine-regression-quadratic-regression-linear ran for 0.001 secs (0.001u,0.s) (success)
Tactic call pose-build-and-refine-regression-cubic ran for 0.017 secs (0.017u,0.s) (success)
Tactic call fast_rewrite-regression-cubic ran for 0.017 secs (0.017u,0.s) (success)
Params: n= 94
Tactic call refine-regression-quadratic-regression-linear ran for 0.001 secs (0.001u,0.s) (success)
Tactic call pose-build-and-refine-regression-cubic ran for 0.017 secs (0.017u,0.s) (success)
Tactic call fast_rewrite-regression-cubic ran for 0.017 secs (0.017u,0.s) (success)
Params: n= 95
Tactic call refine-regression-quadratic-regression-linear ran for 0.001 secs (0.001u,0.s) (success)
Tactic call pose-build-and-refine-regression-cubic ran for 0.016 secs (0.016u,0.s) (success)
Tactic call fast_rewrite-regression-cubic ran for 0.016 secs (0.016u,0.s) (success)
Params: n= 96
Tactic call refine-regression-quadratic-regression-linear ran for 0.001 secs (0.001u,0.s) (success)
Tactic call pose-build-and-refine-regression-cubic ran for 0.02 secs (0.02u,0.s) (success)
Tactic call fast_rewrite-regression-cubic ran for 0.02 secs (0.02u,0.s) (success)
Params: n= 97
Tactic call refine-regression-quadratic-regression-linear ran for 0.001 secs (0.001u,0.s) (success)
Tactic call pose-build-and-refine-regression-cubic ran for 0.016 secs (0.016u,0.s) (success)
Tactic call fast_rewrite-regression-cubic ran for 0.016 secs (0.016u,0.s) (success)
Params: n= 98
Tactic call refine-regression-quadratic-regression-linear ran for 0.001 secs (0.001u,0.s) (success)
Tactic call pose-build-and-refine-regression-cubic ran for 0.017 secs (0.017u,0.s) (success)
Tactic call fast_rewrite-regression-cubic ran for 0.017 secs (0.017u,0.s) (success)
Params: n= 99
Tactic call refine-regression-quadratic-regression-linear ran for 0.001 secs (0.001u,0.s) (success)
Tactic call pose-build-and-refine-regression-cubic ran for 0.016 secs (0.016u,0.s) (success)
Tactic call fast_rewrite-regression-cubic ran for 0.016 secs (0.016u,0.s) (success)
Params: n= 110
Tactic call refine-regression-quadratic-regression-linear ran for 0.001 secs (0.001u,0.s) (success)
Tactic call pose-build-and-refine-regression-cubic ran for 0.02 secs (0.02u,0.s) (success)
Tactic call fast_rewrite-regression-cubic ran for 0.02 secs (0.02u,0.s) (success)
Params: n= 120
Tactic call refine-regression-quadratic-regression-linear ran for 0.001 secs (0.001u,0.s) (success)
Tactic call pose-build-and-refine-regression-cubic ran for 0.023 secs (0.023u,0.s) (success)
Tactic call fast_rewrite-regression-cubic ran for 0.023 secs (0.023u,0.s) (success)
Params: n= 130
Tactic call refine-regression-quadratic-regression-linear ran for 0.001 secs (0.001u,0.s) (success)
Tactic call pose-build-and-refine-regression-cubic ran for 0.025 secs (0.025u,0.s) (success)
Tactic call fast_rewrite-regression-cubic ran for 0.025 secs (0.025u,0.s) (success)
Params: n= 140
Tactic call refine-regression-quadratic-regression-linear ran for 0.001 secs (0.001u,0.s) (success)
Tactic call pose-build-and-refine-regression-cubic ran for 0.115 secs (0.115u,0.s) (success)
Tactic call fast_rewrite-regression-cubic ran for 0.115 secs (0.115u,0.s) (success)
Params: n= 160
Tactic call refine-regression-quadratic-regression-linear ran for 0.002 secs (0.002u,0.s) (success)
Tactic call pose-build-and-refine-regression-cubic ran for 0.036 secs (0.036u,0.s) (success)
Tactic call fast_rewrite-regression-cubic ran for 0.036 secs (0.036u,0.s) (success)
Params: n= 170
Tactic call refine-regression-quadratic-regression-linear ran for 0.006 secs (0.006u,0.s) (success)
Tactic call pose-build-and-refine-regression-cubic ran for 0.039 secs (0.039u,0.s) (success)
Tactic call fast_rewrite-regression-cubic ran for 0.039 secs (0.039u,0.s) (success)
Params: n= 180
Tactic call refine-regression-quadratic-regression-linear ran for 0.002 secs (0.002u,0.s) (success)
Tactic call pose-build-and-refine-regression-cubic ran for 0.04 secs (0.04u,0.s) (success)
Tactic call fast_rewrite-regression-cubic ran for 0.04 secs (0.04u,0.s) (success)
Params: n= 190
Tactic call refine-regression-quadratic-regression-linear ran for 0.002 secs (0.002u,0.s) (success)
Tactic call pose-build-and-refine-regression-cubic ran for 0.042 secs (0.042u,0.s) (success)
Tactic call fast_rewrite-regression-cubic ran for 0.042 secs (0.042u,0.s) (success)
Params: n= 210
Tactic call refine-regression-quadratic-regression-linear ran for 0.002 secs (0.002u,0.s) (success)
Tactic call pose-build-and-refine-regression-cubic ran for 0.052 secs (0.052u,0.s) (success)
Tactic call fast_rewrite-regression-cubic ran for 0.052 secs (0.052u,0.s) (success)
Params: n= 220
Tactic call refine-regression-quadratic-regression-linear ran for 0.002 secs (0.002u,0.s) (success)
Tactic call pose-build-and-refine-regression-cubic ran for 0.059 secs (0.059u,0.s) (success)
Tactic call fast_rewrite-regression-cubic ran for 0.059 secs (0.059u,0.s) (success)
Params: n= 230
Tactic call refine-regression-quadratic-regression-linear ran for 0.003 secs (0.003u,0.s) (success)
Tactic call pose-build-and-refine-regression-cubic ran for 0.055 secs (0.055u,0.s) (success)
Tactic call fast_rewrite-regression-cubic ran for 0.055 secs (0.055u,0.s) (success)
Params: n= 240
Tactic call refine-regression-quadratic-regression-linear ran for 0.003 secs (0.003u,0.s) (success)
Tactic call pose-build-and-refine-regression-cubic ran for 0.058 secs (0.058u,0.s) (success)
Tactic call fast_rewrite-regression-cubic ran for 0.058 secs (0.058u,0.s) (success)
Params: n= 260
Tactic call refine-regression-quadratic-regression-linear ran for 0.003 secs (0.003u,0.s) (success)
Tactic call pose-build-and-refine-regression-cubic ran for 0.076 secs (0.076u,0.s) (success)
Tactic call fast_rewrite-regression-cubic ran for 0.076 secs (0.076u,0.s) (success)
Params: n= 270
Tactic call refine-regression-quadratic-regression-linear ran for 0.003 secs (0.003u,0.s) (success)
Tactic call pose-build-and-refine-regression-cubic ran for 0.069 secs (0.069u,0.s) (success)
Tactic call fast_rewrite-regression-cubic ran for 0.069 secs (0.069u,0.s) (success)
Params: n= 280
Tactic call refine-regression-quadratic-regression-linear ran for 0.003 secs (0.004u,0.s) (success)
Tactic call pose-build-and-refine-regression-cubic ran for 0.078 secs (0.078u,0.s) (success)
Tactic call fast_rewrite-regression-cubic ran for 0.078 secs (0.078u,0.s) (success)
Params: n= 290
Tactic call refine-regression-quadratic-regression-linear ran for 0.003 secs (0.003u,0.s) (success)
Tactic call pose-build-and-refine-regression-cubic ran for 0.082 secs (0.082u,0.s) (success)
Tactic call fast_rewrite-regression-cubic ran for 0.082 secs (0.082u,0.s) (success)
Params: n= 310
Tactic call refine-regression-quadratic-regression-linear ran for 0.005 secs (0.005u,0.s) (success)
Tactic call pose-build-and-refine-regression-cubic ran for 0.098 secs (0.098u,0.s) (success)
Tactic call fast_rewrite-regression-cubic ran for 0.098 secs (0.098u,0.s) (success)
Params: n= 320
Tactic call refine-regression-quadratic-regression-linear ran for 0.004 secs (0.004u,0.s) (success)
Tactic call pose-build-and-refine-regression-cubic ran for 0.097 secs (0.097u,0.s) (success)
Tactic call fast_rewrite-regression-cubic ran for 0.097 secs (0.097u,0.s) (success)
Params: n= 330
Tactic call refine-regression-quadratic-regression-linear ran for 0.004 secs (0.004u,0.s) (success)
Tactic call pose-build-and-refine-regression-cubic ran for 0.101 secs (0.101u,0.s) (success)
Tactic call fast_rewrite-regression-cubic ran for 0.101 secs (0.101u,0.s) (success)
Params: n= 340
Tactic call refine-regression-quadratic-regression-linear ran for 0.004 secs (0.004u,0.s) (success)
Tactic call pose-build-and-refine-regression-cubic ran for 0.108 secs (0.108u,0.s) (success)
Tactic call fast_rewrite-regression-cubic ran for 0.109 secs (0.108u,0.s) (success)
Params: n= 360
Tactic call refine-regression-quadratic-regression-linear ran for 0.004 secs (0.004u,0.s) (success)
Tactic call pose-build-and-refine-regression-cubic ran for 0.126 secs (0.125u,0.s) (success)
Tactic call fast_rewrite-regression-cubic ran for 0.126 secs (0.125u,0.s) (success)
Params: n= 370
Tactic call refine-regression-quadratic-regression-linear ran for 0.005 secs (0.005u,0.s) (success)
Tactic call pose-build-and-refine-regression-cubic ran for 0.122 secs (0.118u,0.003s) (success)
Tactic call fast_rewrite-regression-cubic ran for 0.122 secs (0.118u,0.003s) (success)
Params: n= 380
Tactic call refine-regression-quadratic-regression-linear ran for 0.005 secs (0.005u,0.s) (success)
Tactic call pose-build-and-refine-regression-cubic ran for 0.124 secs (0.124u,0.s) (success)
Tactic call fast_rewrite-regression-cubic ran for 0.124 secs (0.124u,0.s) (success)
Params: n= 390
Tactic call refine-regression-quadratic-regression-linear ran for 0.005 secs (0.005u,0.s) (success)
Tactic call pose-build-and-refine-regression-cubic ran for 0.129 secs (0.129u,0.s) (success)
Tactic call fast_rewrite-regression-cubic ran for 0.129 secs (0.129u,0.s) (success)
Params: n= 410
Tactic call refine-regression-quadratic-regression-linear ran for 0.004 secs (0.004u,0.s) (success)
Tactic call pose-build-and-refine-regression-cubic ran for 0.15 secs (0.15u,0.s) (success)
Tactic call fast_rewrite-regression-cubic ran for 0.15 secs (0.15u,0.s) (success)
Params: n= 420
Tactic call refine-regression-quadratic-regression-linear ran for 0.005 secs (0.005u,0.s) (success)
Tactic call pose-build-and-refine-regression-cubic ran for 0.161 secs (0.161u,0.s) (success)
Tactic call fast_rewrite-regression-cubic ran for 0.161 secs (0.161u,0.s) (success)
Params: n= 430
Tactic call refine-regression-quadratic-regression-linear ran for 0.006 secs (0.006u,0.s) (success)
Tactic call pose-build-and-refine-regression-cubic ran for 0.172 secs (0.172u,0.s) (success)
Tactic call fast_rewrite-regression-cubic ran for 0.172 secs (0.172u,0.s) (success)
Params: n= 440
Tactic call refine-regression-quadratic-regression-linear ran for 0.006 secs (0.006u,0.s) (success)
Tactic call pose-build-and-refine-regression-cubic ran for 0.161 secs (0.161u,0.s) (success)
Tactic call fast_rewrite-regression-cubic ran for 0.161 secs (0.161u,0.s) (success)
Params: n= 450
Tactic call refine-regression-quadratic-regression-linear ran for 0.006 secs (0.006u,0.s) (success)
Tactic call pose-build-and-refine-regression-cubic ran for 0.167 secs (0.167u,0.s) (success)
Tactic call fast_rewrite-regression-cubic ran for 0.167 secs (0.167u,0.s) (success)
Params: n= 460
Tactic call refine-regression-quadratic-regression-linear ran for 0.005 secs (0.005u,0.s) (success)
Tactic call pose-build-and-refine-regression-cubic ran for 0.195 secs (0.195u,0.s) (success)
Tactic call fast_rewrite-regression-cubic ran for 0.195 secs (0.195u,0.s) (success)
Params: n= 470
Tactic call refine-regression-quadratic-regression-linear ran for 0.006 secs (0.006u,0.s) (success)
Tactic call pose-build-and-refine-regression-cubic ran for 0.196 secs (0.196u,0.s) (success)
Tactic call fast_rewrite-regression-cubic ran for 0.196 secs (0.196u,0.s) (success)
Params: n= 480
Tactic call refine-regression-quadratic-regression-linear ran for 0.013 secs (0.013u,0.s) (success)
Tactic call pose-build-and-refine-regression-cubic ran for 0.195 secs (0.195u,0.s) (success)
Tactic call fast_rewrite-regression-cubic ran for 0.195 secs (0.195u,0.s) (success)
Params: n= 490
Tactic call refine-regression-quadratic-regression-linear ran for 0.021 secs (0.021u,0.s) (success)
Tactic call pose-build-and-refine-regression-cubic ran for 0.205 secs (0.205u,0.s) (success)
Tactic call fast_rewrite-regression-cubic ran for 0.205 secs (0.205u,0.s) (success)
Params: n= 500
Tactic call refine-regression-quadratic-regression-linear ran for 0.006 secs (0.006u,0.s) (success)
Tactic call pose-build-and-refine-regression-cubic ran for 0.199 secs (0.199u,0.s) (success)
Tactic call fast_rewrite-regression-cubic ran for 0.199 secs (0.199u,0.s) (success)
Params: n= 510
Tactic call refine-regression-quadratic-regression-linear ran for 0.006 secs (0.006u,0.s) (success)
Tactic call pose-build-and-refine-regression-cubic ran for 0.23 secs (0.226u,0.003s) (success)
Tactic call fast_rewrite-regression-cubic ran for 0.23 secs (0.226u,0.003s) (success)
Params: n= 520
Tactic call refine-regression-quadratic-regression-linear ran for 0.006 secs (0.006u,0.s) (success)
Tactic call pose-build-and-refine-regression-cubic ran for 0.232 secs (0.228u,0.004s) (success)
Tactic call fast_rewrite-regression-cubic ran for 0.232 secs (0.228u,0.004s) (success)
Params: n= 530
Tactic call refine-regression-quadratic-regression-linear ran for 0.019 secs (0.019u,0.s) (success)
Tactic call pose-build-and-refine-regression-cubic ran for 0.218 secs (0.218u,0.s) (success)
Tactic call fast_rewrite-regression-cubic ran for 0.218 secs (0.218u,0.s) (success)
Params: n= 540
Tactic call refine-regression-quadratic-regression-linear ran for 0.008 secs (0.008u,0.s) (success)
Tactic call pose-build-and-refine-regression-cubic ran for 0.218 secs (0.218u,0.s) (success)
Tactic call fast_rewrite-regression-cubic ran for 0.218 secs (0.218u,0.s) (success)
Params: n= 550
Tactic call refine-regression-quadratic-regression-linear ran for 0.008 secs (0.008u,0.s) (success)
Tactic call pose-build-and-refine-regression-cubic ran for 0.222 secs (0.222u,0.s) (success)
Tactic call fast_rewrite-regression-cubic ran for 0.222 secs (0.222u,0.s) (success)
Params: n= 560
Tactic call refine-regression-quadratic-regression-linear ran for 0.008 secs (0.008u,0.s) (success)
Tactic call pose-build-and-refine-regression-cubic ran for 0.229 secs (0.229u,0.s) (success)
Tactic call fast_rewrite-regression-cubic ran for 0.229 secs (0.229u,0.s) (success)
Params: n= 570
Tactic call refine-regression-quadratic-regression-linear ran for 0.008 secs (0.008u,0.s) (success)
Tactic call pose-build-and-refine-regression-cubic ran for 0.236 secs (0.236u,0.s) (success)
Tactic call fast_rewrite-regression-cubic ran for 0.236 secs (0.236u,0.s) (success)
Params: n= 580
Tactic call refine-regression-quadratic-regression-linear ran for 0.008 secs (0.008u,0.s) (success)
Tactic call pose-build-and-refine-regression-cubic ran for 0.255 secs (0.255u,0.s) (success)
Tactic call fast_rewrite-regression-cubic ran for 0.256 secs (0.255u,0.s) (success)
Params: n= 590
Tactic call refine-regression-quadratic-regression-linear ran for 0.02 secs (0.016u,0.003s) (success)
Tactic call pose-build-and-refine-regression-cubic ran for 0.258 secs (0.254u,0.003s) (success)
Tactic call fast_rewrite-regression-cubic ran for 0.258 secs (0.254u,0.003s) (success)
Params: n= 600
Tactic call refine-regression-quadratic-regression-linear ran for 0.015 secs (0.015u,0.s) (success)
Tactic call pose-build-and-refine-regression-cubic ran for 0.292 secs (0.288u,0.004s) (success)
Tactic call fast_rewrite-regression-cubic ran for 0.292 secs (0.288u,0.004s) (success)
Params: n= 610
Tactic call refine-regression-quadratic-regression-linear ran for 0.008 secs (0.008u,0.s) (success)
Tactic call pose-build-and-refine-regression-cubic ran for 0.295 secs (0.295u,0.s) (success)
Tactic call fast_rewrite-regression-cubic ran for 0.295 secs (0.295u,0.s) (success)
Params: n= 620
Tactic call refine-regression-quadratic-regression-linear ran for 0.007 secs (0.007u,0.s) (success)
Tactic call pose-build-and-refine-regression-cubic ran for 0.304 secs (0.304u,0.s) (success)
Tactic call fast_rewrite-regression-cubic ran for 0.304 secs (0.304u,0.s) (success)
Params: n= 630
Tactic call refine-regression-quadratic-regression-linear ran for 0.014 secs (0.014u,0.s) (success)
Tactic call pose-build-and-refine-regression-cubic ran for 0.306 secs (0.302u,0.003s) (success)
Tactic call fast_rewrite-regression-cubic ran for 0.306 secs (0.302u,0.003s) (success)
Params: n= 640
Tactic call refine-regression-quadratic-regression-linear ran for 0.008 secs (0.008u,0.s) (success)
Tactic call pose-build-and-refine-regression-cubic ran for 0.312 secs (0.312u,0.s) (success)
Tactic call fast_rewrite-regression-cubic ran for 0.312 secs (0.312u,0.s) (success)
Params: n= 650
Tactic call refine-regression-quadratic-regression-linear ran for 0.008 secs (0.008u,0.s) (success)
Tactic call pose-build-and-refine-regression-cubic ran for 0.345 secs (0.345u,0.s) (success)
Tactic call fast_rewrite-regression-cubic ran for 0.345 secs (0.345u,0.s) (success)
Params: n= 660
Tactic call refine-regression-quadratic-regression-linear ran for 0.008 secs (0.008u,0.s) (success)
Tactic call pose-build-and-refine-regression-cubic ran for 0.375 secs (0.375u,0.s) (success)
Tactic call fast_rewrite-regression-cubic ran for 0.375 secs (0.375u,0.s) (success)
Params: n= 670
Tactic call refine-regression-quadratic-regression-linear ran for 0.01 secs (0.01u,0.s) (success)
Tactic call pose-build-and-refine-regression-cubic ran for 0.346 secs (0.346u,0.s) (success)
Tactic call fast_rewrite-regression-cubic ran for 0.346 secs (0.346u,0.s) (success)
Params: n= 680
Tactic call refine-regression-quadratic-regression-linear ran for 0.008 secs (0.008u,0.s) (success)
Tactic call pose-build-and-refine-regression-cubic ran for 0.362 secs (0.362u,0.s) (success)
Tactic call fast_rewrite-regression-cubic ran for 0.362 secs (0.362u,0.s) (success)
Params: n= 690
Tactic call refine-regression-quadratic-regression-linear ran for 0.008 secs (0.009u,0.s) (success)
Tactic call pose-build-and-refine-regression-cubic ran for 0.395 secs (0.395u,0.s) (success)
Tactic call fast_rewrite-regression-cubic ran for 0.396 secs (0.395u,0.s) (success)
Params: n= 700
Tactic call refine-regression-quadratic-regression-linear ran for 0.009 secs (0.009u,0.s) (success)
Tactic call pose-build-and-refine-regression-cubic ran for 0.352 secs (0.351u,0.s) (success)
Tactic call fast_rewrite-regression-cubic ran for 0.352 secs (0.352u,0.s) (success)
Params: n= 710
Tactic call refine-regression-quadratic-regression-linear ran for 0.008 secs (0.008u,0.s) (success)
Tactic call pose-build-and-refine-regression-cubic ran for 0.361 secs (0.361u,0.s) (success)
Tactic call fast_rewrite-regression-cubic ran for 0.361 secs (0.361u,0.s) (success)
Params: n= 720
Tactic call refine-regression-quadratic-regression-linear ran for 0.009 secs (0.009u,0.s) (success)
Tactic call pose-build-and-refine-regression-cubic ran for 0.38 secs (0.376u,0.003s) (success)
Tactic call fast_rewrite-regression-cubic ran for 0.38 secs (0.376u,0.003s) (success)
Params: n= 730
Tactic call refine-regression-quadratic-regression-linear ran for 0.008 secs (0.008u,0.s) (success)
Tactic call pose-build-and-refine-regression-cubic ran for 0.383 secs (0.383u,0.s) (success)
Tactic call fast_rewrite-regression-cubic ran for 0.383 secs (0.383u,0.s) (success)
Params: n= 740
Tactic call refine-regression-quadratic-regression-linear ran for 0.01 secs (0.01u,0.s) (success)
Tactic call pose-build-and-refine-regression-cubic ran for 0.402 secs (0.402u,0.s) (success)
Tactic call fast_rewrite-regression-cubic ran for 0.402 secs (0.402u,0.s) (success)
Params: n= 750
Tactic call refine-regression-quadratic-regression-linear ran for 0.008 secs (0.008u,0.s) (success)
Tactic call pose-build-and-refine-regression-cubic ran for 0.399 secs (0.399u,0.s) (success)
Tactic call fast_rewrite-regression-cubic ran for 0.399 secs (0.399u,0.s) (success)
Params: n= 760
Tactic call refine-regression-quadratic-regression-linear ran for 0.009 secs (0.009u,0.s) (success)
Tactic call pose-build-and-refine-regression-cubic ran for 0.413 secs (0.413u,0.s) (success)
Tactic call fast_rewrite-regression-cubic ran for 0.413 secs (0.413u,0.s) (success)
Params: n= 770
Tactic call refine-regression-quadratic-regression-linear ran for 0.01 secs (0.01u,0.s) (success)
Tactic call pose-build-and-refine-regression-cubic ran for 0.464 secs (0.463u,0.s) (success)
Tactic call fast_rewrite-regression-cubic ran for 0.464 secs (0.463u,0.s) (success)
Params: n= 780
Tactic call refine-regression-quadratic-regression-linear ran for 0.01 secs (0.01u,0.s) (success)
Tactic call pose-build-and-refine-regression-cubic ran for 0.447 secs (0.447u,0.s) (success)
Tactic call fast_rewrite-regression-cubic ran for 0.447 secs (0.447u,0.s) (success)
Params: n= 790
Tactic call refine-regression-quadratic-regression-linear ran for 0.01 secs (0.01u,0.s) (success)
Tactic call pose-build-and-refine-regression-cubic ran for 0.48 secs (0.48u,0.s) (success)
Tactic call fast_rewrite-regression-cubic ran for 0.48 secs (0.48u,0.s) (success)
Params: n= 800
Tactic call refine-regression-quadratic-regression-linear ran for 0.021 secs (0.021u,0.s) (success)
Tactic call pose-build-and-refine-regression-cubic ran for 0.458 secs (0.458u,0.s) (success)
Tactic call fast_rewrite-regression-cubic ran for 0.459 secs (0.458u,0.s) (success)
Params: n= 810
Tactic call refine-regression-quadratic-regression-linear ran for 0.01 secs (0.01u,0.s) (success)
Tactic call pose-build-and-refine-regression-cubic ran for 0.464 secs (0.463u,0.s) (success)
Tactic call fast_rewrite-regression-cubic ran for 0.464 secs (0.464u,0.s) (success)
Params: n= 820
Tactic call refine-regression-quadratic-regression-linear ran for 0.011 secs (0.011u,0.s) (success)
Tactic call pose-build-and-refine-regression-cubic ran for 0.47 secs (0.462u,0.007s) (success)
Tactic call fast_rewrite-regression-cubic ran for 0.47 secs (0.462u,0.007s) (success)
Params: n= 830
Tactic call refine-regression-quadratic-regression-linear ran for 0.01 secs (0.01u,0.s) (success)
Tactic call pose-build-and-refine-regression-cubic ran for 0.482 secs (0.478u,0.003s) (success)
Tactic call fast_rewrite-regression-cubic ran for 0.482 secs (0.478u,0.003s) (success)
Params: n= 840
Tactic call refine-regression-quadratic-regression-linear ran for 0.01 secs (0.01u,0.s) (success)
Tactic call pose-build-and-refine-regression-cubic ran for 0.487 secs (0.479u,0.008s) (success)
Tactic call fast_rewrite-regression-cubic ran for 0.487 secs (0.479u,0.008s) (success)
Params: n= 850
Tactic call refine-regression-quadratic-regression-linear ran for 0.01 secs (0.01u,0.s) (success)
Tactic call pose-build-and-refine-regression-cubic ran for 0.488 secs (0.488u,0.s) (success)
Tactic call fast_rewrite-regression-cubic ran for 0.488 secs (0.488u,0.s) (success)
Params: n= 860
Tactic call refine-regression-quadratic-regression-linear ran for 0.015 secs (0.015u,0.s) (success)
Tactic call pose-build-and-refine-regression-cubic ran for 0.536 secs (0.536u,0.s) (success)
Tactic call fast_rewrite-regression-cubic ran for 0.536 secs (0.536u,0.s) (success)
Params: n= 870
Tactic call refine-regression-quadratic-regression-linear ran for 0.011 secs (0.011u,0.s) (success)
Tactic call pose-build-and-refine-regression-cubic ran for 0.538 secs (0.538u,0.s) (success)
Tactic call fast_rewrite-regression-cubic ran for 0.538 secs (0.538u,0.s) (success)
Params: n= 880
Tactic call refine-regression-quadratic-regression-linear ran for 0.011 secs (0.011u,0.s) (success)
Tactic call pose-build-and-refine-regression-cubic ran for 0.555 secs (0.555u,0.s) (success)
Tactic call fast_rewrite-regression-cubic ran for 0.555 secs (0.555u,0.s) (success)
Params: n= 890
Tactic call refine-regression-quadratic-regression-linear ran for 0.011 secs (0.011u,0.s) (success)
Tactic call pose-build-and-refine-regression-cubic ran for 0.596 secs (0.596u,0.s) (success)
Tactic call fast_rewrite-regression-cubic ran for 0.596 secs (0.596u,0.s) (success)
Params: n= 900
Tactic call refine-regression-quadratic-regression-linear ran for 0.011 secs (0.011u,0.s) (success)
Tactic call pose-build-and-refine-regression-cubic ran for 0.588 secs (0.588u,0.s) (success)
Tactic call fast_rewrite-regression-cubic ran for 0.588 secs (0.588u,0.s) (success)
Params: n= 910
Tactic call refine-regression-quadratic-regression-linear ran for 0.012 secs (0.012u,0.s) (success)
Tactic call pose-build-and-refine-regression-cubic ran for 0.567 secs (0.567u,0.s) (success)
Tactic call fast_rewrite-regression-cubic ran for 0.567 secs (0.567u,0.s) (success)
Params: n= 920
Tactic call refine-regression-quadratic-regression-linear ran for 0.011 secs (0.011u,0.s) (success)
Tactic call pose-build-and-refine-regression-cubic ran for 0.563 secs (0.562u,0.s) (success)
Tactic call fast_rewrite-regression-cubic ran for 0.563 secs (0.562u,0.s) (success)
Params: n= 930
Tactic call refine-regression-quadratic-regression-linear ran for 0.011 secs (0.011u,0.s) (success)
Tactic call pose-build-and-refine-regression-cubic ran for 0.597 secs (0.597u,0.s) (success)
Tactic call fast_rewrite-regression-cubic ran for 0.597 secs (0.597u,0.s) (success)
Params: n= 940
Tactic call refine-regression-quadratic-regression-linear ran for 0.013 secs (0.013u,0.s) (success)
Tactic call pose-build-and-refine-regression-cubic ran for 0.598 secs (0.598u,0.s) (success)
Tactic call fast_rewrite-regression-cubic ran for 0.598 secs (0.598u,0.s) (success)
Params: n= 950
Tactic call refine-regression-quadratic-regression-linear ran for 0.019 secs (0.019u,0.s) (success)
Tactic call pose-build-and-refine-regression-cubic ran for 0.619 secs (0.619u,0.s) (success)
Tactic call fast_rewrite-regression-cubic ran for 0.619 secs (0.619u,0.s) (success)
Params: n= 960
Tactic call refine-regression-quadratic-regression-linear ran for 0.011 secs (0.011u,0.s) (success)
Tactic call pose-build-and-refine-regression-cubic ran for 0.609 secs (0.609u,0.s) (success)
Tactic call fast_rewrite-regression-cubic ran for 0.609 secs (0.609u,0.s) (success)
Params: n= 970
Tactic call refine-regression-quadratic-regression-linear ran for 0.012 secs (0.012u,0.s) (success)
Tactic call pose-build-and-refine-regression-cubic ran for 0.669 secs (0.669u,0.s) (success)
Tactic call fast_rewrite-regression-cubic ran for 0.669 secs (0.669u,0.s) (success)
Params: n= 980
Tactic call refine-regression-quadratic-regression-linear ran for 0.012 secs (0.012u,0.s) (success)
Tactic call pose-build-and-refine-regression-cubic ran for 0.678 secs (0.678u,0.s) (success)
Tactic call fast_rewrite-regression-cubic ran for 0.678 secs (0.678u,0.s) (success)
Params: n= 990
Tactic call refine-regression-quadratic-regression-linear ran for 0.013 secs (0.013u,0.s) (success)
Tactic call pose-build-and-refine-regression-cubic ran for 0.68 secs (0.68u,0.s) (success)
Tactic call fast_rewrite-regression-cubic ran for 0.68 secs (0.68u,0.s) (success)
Params: n= 1000
Tactic call refine-regression-quadratic-regression-linear ran for 0.012 secs (0.012u,0.s) (success)
Tactic call pose-build-and-refine-regression-cubic ran for 0.661 secs (0.66u,0.s) (success)
Tactic call fast_rewrite-regression-cubic ran for 0.661 secs (0.66u,0.s) (success)
Params: n= 1100
Tactic call refine-regression-quadratic-regression-linear ran for 0.014 secs (0.014u,0.s) (success)
Tactic call pose-build-and-refine-regression-cubic ran for 0.779 secs (0.778u,0.s) (success)
Tactic call fast_rewrite-regression-cubic ran for 0.779 secs (0.779u,0.s) (success)
Params: n= 1200
Tactic call refine-regression-quadratic-regression-linear ran for 0.016 secs (0.016u,0.s) (success)
Tactic call pose-build-and-refine-regression-cubic ran for 0.926 secs (0.926u,0.s) (success)
Tactic call fast_rewrite-regression-cubic ran for 0.926 secs (0.926u,0.s) (success)
Params: n= 1300
Tactic call refine-regression-quadratic-regression-linear ran for 0.017 secs (0.017u,0.s) (success)
Tactic call pose-build-and-refine-regression-cubic ran for 1.078 secs (1.078u,0.s) (success)
Tactic call fast_rewrite-regression-cubic ran for 1.078 secs (1.078u,0.s) (success)
Params: n= 1400
Tactic call refine-regression-quadratic-regression-linear ran for 0.019 secs (0.019u,0.s) (success)
Tactic call pose-build-and-refine-regression-cubic ran for 1.293 secs (1.293u,0.s) (success)
Tactic call fast_rewrite-regression-cubic ran for 1.293 secs (1.293u,0.s) (success)
Params: n= 1500
Tactic call refine-regression-quadratic-regression-linear ran for 0.019 secs (0.019u,0.s) (success)
Tactic call pose-build-and-refine-regression-cubic ran for 1.46 secs (1.459u,0.s) (success)
Tactic call fast_rewrite-regression-cubic ran for 1.46 secs (1.459u,0.s) (success)
Params: n= 1600
Tactic call refine-regression-quadratic-regression-linear ran for 0.022 secs (0.022u,0.s) (success)
Tactic call pose-build-and-refine-regression-cubic ran for 1.602 secs (1.602u,0.s) (success)
Tactic call fast_rewrite-regression-cubic ran for 1.602 secs (1.602u,0.s) (success)
Params: n= 1700
Tactic call refine-regression-quadratic-regression-linear ran for 0.023 secs (0.023u,0.s) (success)
Tactic call pose-build-and-refine-regression-cubic ran for 1.764 secs (1.764u,0.s) (success)
Tactic call fast_rewrite-regression-cubic ran for 1.764 secs (1.764u,0.s) (success)
Params: n= 1800
Tactic call refine-regression-quadratic-regression-linear ran for 0.023 secs (0.023u,0.s) (success)
Tactic call pose-build-and-refine-regression-cubic ran for 2.022 secs (2.021u,0.s) (success)
Tactic call fast_rewrite-regression-cubic ran for 2.022 secs (2.021u,0.s) (success)
Params: n= 1900
Tactic call refine-regression-quadratic-regression-linear ran for 0.026 secs (0.026u,0.s) (success)
Tactic call pose-build-and-refine-regression-cubic ran for 2.293 secs (2.293u,0.s) (success)
Tactic call fast_rewrite-regression-cubic ran for 2.293 secs (2.293u,0.s) (success)
Params: n= 2000
Tactic call refine-regression-quadratic-regression-linear ran for 0.033 secs (0.033u,0.s) (success)
Tactic call pose-build-and-refine-regression-cubic ran for 2.387 secs (2.387u,0.s) (success)
Tactic call fast_rewrite-regression-cubic ran for 2.387 secs (2.387u,0.s) (success)
Params: n= 3000
Tactic call refine-regression-quadratic-regression-linear ran for 0.044 secs (0.044u,0.s) (success)
Tactic call pose-build-and-refine-regression-cubic ran for 5.248 secs (5.243u,0.003s) (success)
Tactic call fast_rewrite-regression-cubic ran for 5.248 secs (5.244u,0.003s) (success)
Params: n= 4000
Tactic call refine-regression-quadratic-regression-linear ran for 0.06 secs (0.06u,0.s) (success)
Tactic call pose-build-and-refine-regression-cubic ran for 9.554 secs (9.545u,0.007s) (success)
Tactic call fast_rewrite-regression-cubic ran for 9.554 secs (9.545u,0.007s) (success)
Params: n= 5000
Tactic call refine-regression-quadratic-regression-linear ran for 0.074 secs (0.074u,0.s) (success)
Tactic call pose-build-and-refine-regression-cubic ran for 14.939 secs (14.929u,0.008s) (success)
Tactic call fast_rewrite-regression-cubic ran for 14.939 secs (14.929u,0.008s) (success)
