Params: n= 50
Tactic call refine-regression-quadratic-regression-linear ran for 0. secs (0.u,0.s) (success)
Tactic call pose-build-and-refine-regression-cubic ran for 0.008 secs (0.008u,0.s) (success)
Tactic call fast_rewrite-regression-cubic ran for 0.008 secs (0.008u,0.s) (success)
Tactic call abstract-regression-cubic ran for 0.011 secs (0.011u,0.s) (success)
Tactic call close-abstract-regression-cubic ran for 0.003 secs (0.003u,0.s)
Params: n= 100
Tactic call refine-regression-quadratic-regression-linear ran for 0. secs (0.u,0.s) (success)
Tactic call pose-build-and-refine-regression-cubic ran for 0.061 secs (0.053u,0.008s) (success)
Tactic call fast_rewrite-regression-cubic ran for 0.061 secs (0.053u,0.008s) (success)
Tactic call abstract-regression-cubic ran for 0.074 secs (0.066u,0.008s) (success)
Tactic call close-abstract-regression-cubic ran for 0.012 secs (0.012u,0.s)
Params: n= 150
Tactic call refine-regression-quadratic-regression-linear ran for 0.001 secs (0.001u,0.s) (success)
Tactic call pose-build-and-refine-regression-cubic ran for 0.05 secs (0.05u,0.s) (success)
Tactic call fast_rewrite-regression-cubic ran for 0.051 secs (0.05u,0.s) (success)
Tactic call abstract-regression-cubic ran for 0.086 secs (0.086u,0.s) (success)
Tactic call close-abstract-regression-cubic ran for 0.035 secs (0.035u,0.s)
Params: n= 200
Tactic call refine-regression-quadratic-regression-linear ran for 0.001 secs (0.001u,0.s) (success)
Tactic call pose-build-and-refine-regression-cubic ran for 0.116 secs (0.116u,0.s) (success)
Tactic call fast_rewrite-regression-cubic ran for 0.116 secs (0.116u,0.s) (success)
Tactic call abstract-regression-cubic ran for 0.193 secs (0.193u,0.s) (success)
Tactic call close-abstract-regression-cubic ran for 0.076 secs (0.076u,0.s)
Params: n= 250
Tactic call refine-regression-quadratic-regression-linear ran for 0.001 secs (0.001u,0.s) (success)
Tactic call pose-build-and-refine-regression-cubic ran for 0.178 secs (0.174u,0.003s) (success)
Tactic call fast_rewrite-regression-cubic ran for 0.178 secs (0.174u,0.003s) (success)
Tactic call abstract-regression-cubic ran for 0.318 secs (0.314u,0.003s) (success)
Tactic call close-abstract-regression-cubic ran for 0.139 secs (0.139u,0.s)
Params: n= 300
Tactic call refine-regression-quadratic-regression-linear ran for 0.002 secs (0.002u,0.s) (success)
Tactic call pose-build-and-refine-regression-cubic ran for 0.211 secs (0.211u,0.s) (success)
Tactic call fast_rewrite-regression-cubic ran for 0.211 secs (0.211u,0.s) (success)
Tactic call abstract-regression-cubic ran for 0.439 secs (0.439u,0.s) (success)
Tactic call close-abstract-regression-cubic ran for 0.228 secs (0.228u,0.s)
Params: n= 350
Tactic call refine-regression-quadratic-regression-linear ran for 0.002 secs (0.002u,0.s) (success)
Tactic call pose-build-and-refine-regression-cubic ran for 0.327 secs (0.323u,0.003s) (success)
Tactic call fast_rewrite-regression-cubic ran for 0.327 secs (0.323u,0.003s) (success)
Tactic call abstract-regression-cubic ran for 0.696 secs (0.692u,0.003s) (success)
Tactic call close-abstract-regression-cubic ran for 0.368 secs (0.368u,0.s)
Params: n= 400
Tactic call refine-regression-quadratic-regression-linear ran for 0.002 secs (0.002u,0.s) (success)
Tactic call pose-build-and-refine-regression-cubic ran for 0.384 secs (0.372u,0.011s) (success)
Tactic call fast_rewrite-regression-cubic ran for 0.384 secs (0.372u,0.011s) (success)
Tactic call abstract-regression-cubic ran for 0.892 secs (0.88u,0.011s) (success)
Tactic call close-abstract-regression-cubic ran for 0.507 secs (0.507u,0.s)
