Params: n= 10
Tactic call setoid_rewrite-regression-cubic ran for 0.007 secs (0.007u,0.s) (success)
Tactic call abstract+setoid_rewrite-regression-cubic ran for 0.008 secs (0.008u,0.s) (success)
Tactic call close-abstract+setoid_rewrite-regression-quadratic ran for 0.001 secs (0.001u,0.s)
Params: n= 20
Tactic call setoid_rewrite-regression-cubic ran for 0.013 secs (0.013u,0.s) (success)
Tactic call abstract+setoid_rewrite-regression-cubic ran for 0.018 secs (0.018u,0.s) (success)
Tactic call close-abstract+setoid_rewrite-regression-quadratic ran for 0.004 secs (0.004u,0.s)
Params: n= 30
Tactic call setoid_rewrite-regression-cubic ran for 0.057 secs (0.05u,0.006s) (success)
Tactic call abstract+setoid_rewrite-regression-cubic ran for 0.063 secs (0.056u,0.007s) (success)
Tactic call close-abstract+setoid_rewrite-regression-quadratic ran for 0.006 secs (0.005u,0.s)
Params: n= 40
Tactic call setoid_rewrite-regression-cubic ran for 0.045 secs (0.045u,0.s) (success)
Tactic call abstract+setoid_rewrite-regression-cubic ran for 0.055 secs (0.055u,0.s) (success)
Tactic call close-abstract+setoid_rewrite-regression-quadratic ran for 0.01 secs (0.01u,0.s)
Params: n= 60
Tactic call setoid_rewrite-regression-cubic ran for 0.066 secs (0.066u,0.s) (success)
Tactic call abstract+setoid_rewrite-regression-cubic ran for 0.091 secs (0.087u,0.003s) (success)
Tactic call close-abstract+setoid_rewrite-regression-quadratic ran for 0.024 secs (0.021u,0.003s)
Params: n= 70
Tactic call setoid_rewrite-regression-cubic ran for 0.101 secs (0.101u,0.s) (success)
Tactic call abstract+setoid_rewrite-regression-cubic ran for 0.128 secs (0.128u,0.s) (success)
Tactic call close-abstract+setoid_rewrite-regression-quadratic ran for 0.026 secs (0.026u,0.s)
Params: n= 80
Tactic call setoid_rewrite-regression-cubic ran for 0.185 secs (0.185u,0.s) (success)
Tactic call abstract+setoid_rewrite-regression-cubic ran for 0.247 secs (0.247u,0.s) (success)
Tactic call close-abstract+setoid_rewrite-regression-quadratic ran for 0.061 secs (0.061u,0.s)
Params: n= 90
Tactic call setoid_rewrite-regression-cubic ran for 0.167 secs (0.167u,0.s) (success)
Tactic call abstract+setoid_rewrite-regression-cubic ran for 0.212 secs (0.212u,0.s) (success)
Tactic call close-abstract+setoid_rewrite-regression-quadratic ran for 0.045 secs (0.045u,0.s)
Params: n= 110
Tactic call setoid_rewrite-regression-cubic ran for 0.316 secs (0.316u,0.s) (success)
Tactic call abstract+setoid_rewrite-regression-cubic ran for 0.414 secs (0.414u,0.s) (success)
Tactic call close-abstract+setoid_rewrite-regression-quadratic ran for 0.098 secs (0.098u,0.s)
Params: n= 120
Tactic call setoid_rewrite-regression-cubic ran for 0.291 secs (0.291u,0.s) (success)
Tactic call abstract+setoid_rewrite-regression-cubic ran for 0.366 secs (0.366u,0.s) (success)
Tactic call close-abstract+setoid_rewrite-regression-quadratic ran for 0.074 secs (0.074u,0.s)
Params: n= 130
Tactic call setoid_rewrite-regression-cubic ran for 0.343 secs (0.343u,0.s) (success)
Tactic call abstract+setoid_rewrite-regression-cubic ran for 0.43 secs (0.43u,0.s) (success)
Tactic call close-abstract+setoid_rewrite-regression-quadratic ran for 0.087 secs (0.087u,0.s)
Params: n= 140
Tactic call setoid_rewrite-regression-cubic ran for 0.408 secs (0.408u,0.s) (success)
Tactic call abstract+setoid_rewrite-regression-cubic ran for 0.512 secs (0.512u,0.s) (success)
Tactic call close-abstract+setoid_rewrite-regression-quadratic ran for 0.103 secs (0.103u,0.s)
Params: n= 160
Tactic call setoid_rewrite-regression-cubic ran for 0.573 secs (0.567u,0.005s) (success)
Tactic call abstract+setoid_rewrite-regression-cubic ran for 0.704 secs (0.698u,0.006s) (success)
Tactic call close-abstract+setoid_rewrite-regression-quadratic ran for 0.13 secs (0.13u,0.s)
Params: n= 170
Tactic call setoid_rewrite-regression-cubic ran for 0.666 secs (0.662u,0.003s) (success)
Tactic call abstract+setoid_rewrite-regression-cubic ran for 0.812 secs (0.808u,0.003s) (success)
Tactic call close-abstract+setoid_rewrite-regression-quadratic ran for 0.144 secs (0.144u,0.s)
Params: n= 180
Tactic call setoid_rewrite-regression-cubic ran for 0.754 secs (0.746u,0.007s) (success)
Tactic call abstract+setoid_rewrite-regression-cubic ran for 0.912 secs (0.904u,0.008s) (success)
Tactic call close-abstract+setoid_rewrite-regression-quadratic ran for 0.157 secs (0.157u,0.s)
Params: n= 190
Tactic call setoid_rewrite-regression-cubic ran for 0.771 secs (0.771u,0.s) (success)
Tactic call abstract+setoid_rewrite-regression-cubic ran for 0.95 secs (0.95u,0.s) (success)
Tactic call close-abstract+setoid_rewrite-regression-quadratic ran for 0.178 secs (0.178u,0.s)
Params: n= 210
Tactic call setoid_rewrite-regression-cubic ran for 1.112 secs (1.112u,0.s) (success)
Tactic call abstract+setoid_rewrite-regression-cubic ran for 1.326 secs (1.326u,0.s) (success)
Tactic call close-abstract+setoid_rewrite-regression-quadratic ran for 0.213 secs (0.213u,0.s)
Params: n= 220
Tactic call setoid_rewrite-regression-cubic ran for 1.167 secs (1.167u,0.s) (success)
Tactic call abstract+setoid_rewrite-regression-cubic ran for 1.404 secs (1.404u,0.s) (success)
Tactic call close-abstract+setoid_rewrite-regression-quadratic ran for 0.236 secs (0.236u,0.s)
Params: n= 230
Tactic call setoid_rewrite-regression-cubic ran for 1.253 secs (1.249u,0.003s) (success)
Tactic call abstract+setoid_rewrite-regression-cubic ran for 1.504 secs (1.5u,0.003s) (success)
Tactic call close-abstract+setoid_rewrite-regression-quadratic ran for 0.251 secs (0.251u,0.s)
Params: n= 240
Tactic call setoid_rewrite-regression-cubic ran for 1.466 secs (1.466u,0.s) (success)
Tactic call abstract+setoid_rewrite-regression-cubic ran for 1.745 secs (1.745u,0.s) (success)
Tactic call close-abstract+setoid_rewrite-regression-quadratic ran for 0.278 secs (0.278u,0.s)
Params: n= 250
Tactic call setoid_rewrite-regression-cubic ran for 1.661 secs (1.661u,0.s) (success)
Tactic call abstract+setoid_rewrite-regression-cubic ran for 1.967 secs (1.967u,0.s) (success)
Tactic call close-abstract+setoid_rewrite-regression-quadratic ran for 0.305 secs (0.305u,0.s)
Params: n= 300
Tactic call setoid_rewrite-regression-cubic ran for 2.41 secs (2.41u,0.s) (success)
Tactic call abstract+setoid_rewrite-regression-cubic ran for 2.839 secs (2.839u,0.s) (success)
Tactic call close-abstract+setoid_rewrite-regression-quadratic ran for 0.427 secs (0.427u,0.s)
Params: n= 400
Tactic call setoid_rewrite-regression-cubic ran for 5.219 secs (5.219u,0.s) (success)
Tactic call abstract+setoid_rewrite-regression-cubic ran for 5.986 secs (5.986u,0.s) (success)
Tactic call close-abstract+setoid_rewrite-regression-quadratic ran for 0.765 secs (0.765u,0.s)
