Params: n= 3674
native_compute: Conversion to native code done in 0.00135
native_compute: Compilation done in 0.28208
native_compute: Evaluation done in 0.07533
native_compute: Reification done in 0.00628
Tactic call native_compute(1)-regression-quadratic ran for 0.367 secs (0.085u,0.012s) (success)
native_compute: Conversion to native code done in 0.00030
native_compute: Compilation done in 0.07973
native_compute: Evaluation done in 0.19145
native_compute: Reification done in 0.00637
Tactic call native_compute(2)-regression-quadratic ran for 0.278 secs (0.193u,0.007s) (success)
Params: n= 7346
native_compute: Conversion to native code done in 0.00033
native_compute: Compilation done in 0.07379
native_compute: Evaluation done in 0.24392
native_compute: Reification done in 0.01015
Tactic call native_compute(1)-regression-quadratic ran for 0.328 secs (0.252u,0.004s) (success)
native_compute: Conversion to native code done in 0.00045
native_compute: Compilation done in 0.07290
native_compute: Evaluation done in 0.24505
native_compute: Reification done in 0.01126
Tactic call native_compute(2)-regression-quadratic ran for 0.329 secs (0.255u,0.003s) (success)
Params: n= 11017
native_compute: Conversion to native code done in 0.00033
native_compute: Compilation done in 0.07255
native_compute: Evaluation done in 0.65320
native_compute: Reification done in 0.01827
Tactic call native_compute(1)-regression-quadratic ran for 0.744 secs (0.662u,0.012s) (success)
native_compute: Conversion to native code done in 0.00043
native_compute: Compilation done in 0.07537
native_compute: Evaluation done in 0.52573
native_compute: Reification done in 0.01906
Tactic call native_compute(2)-regression-quadratic ran for 0.62 secs (0.528u,0.019s) (success)
Params: n= 14689
native_compute: Conversion to native code done in 0.00039
native_compute: Compilation done in 0.07006
native_compute: Evaluation done in 0.83982
native_compute: Reification done in 0.02636
Tactic call native_compute(1)-regression-quadratic ran for 0.936 secs (0.857u,0.012s) (success)
native_compute: Conversion to native code done in 0.00042
native_compute: Compilation done in 0.07559
native_compute: Evaluation done in 0.88496
native_compute: Reification done in 0.02287
Tactic call native_compute(2)-regression-quadratic ran for 0.984 secs (0.907u,0.003s) (success)
Params: n= 18361
native_compute: Conversion to native code done in 0.00030
native_compute: Compilation done in 0.06968
native_compute: Evaluation done in 1.43595
native_compute: Reification done in 0.03466
Tactic call native_compute(1)-regression-quadratic ran for 1.54 secs (1.469u,0.003s) (success)
native_compute: Conversion to native code done in 0.00033
native_compute: Compilation done in 0.07089
native_compute: Evaluation done in 1.36033
native_compute: Reification done in 0.03153
Tactic call native_compute(2)-regression-quadratic ran for 1.463 secs (1.391u,0.004s) (success)
