Params: n= 50
Tactic call refine-regression-quadratic-regression-linear ran for 0. secs (0.u,0.s) (success)
Tactic call pose-build-and-refine-regression-cubic ran for 0.004 secs (0.004u,0.s) (success)
Tactic call fast_rewrite-regression-cubic ran for 0.004 secs (0.004u,0.s) (success)
Tactic call abstract-regression-cubic ran for 0.007 secs (0.006u,0.s) (success)
Tactic call close-abstract-regression-cubic ran for 0.002 secs (0.002u,0.s)
Params: n= 100
Tactic call refine-regression-quadratic-regression-linear ran for 0. secs (0.u,0.s) (success)
Tactic call pose-build-and-refine-regression-cubic ran for 0.011 secs (0.01u,0.s) (success)
Tactic call fast_rewrite-regression-cubic ran for 0.011 secs (0.01u,0.s) (success)
Tactic call abstract-regression-cubic ran for 0.019 secs (0.019u,0.s) (success)
Tactic call close-abstract-regression-cubic ran for 0.008 secs (0.008u,0.s)
Params: n= 150
Tactic call refine-regression-quadratic-regression-linear ran for 0.001 secs (0.u,0.s) (success)
Tactic call pose-build-and-refine-regression-cubic ran for 0.019 secs (0.011u,0.007s) (success)
Tactic call fast_rewrite-regression-cubic ran for 0.019 secs (0.011u,0.007s) (success)
Tactic call abstract-regression-cubic ran for 0.071 secs (0.063u,0.007s) (success)
Tactic call close-abstract-regression-cubic ran for 0.051 secs (0.051u,0.s)
Params: n= 200
Tactic call refine-regression-quadratic-regression-linear ran for 0.001 secs (0.001u,0.s) (success)
Tactic call pose-build-and-refine-regression-cubic ran for 0.023 secs (0.023u,0.s) (success)
Tactic call fast_rewrite-regression-cubic ran for 0.024 secs (0.024u,0.s) (success)
Tactic call abstract-regression-cubic ran for 0.07 secs (0.07u,0.s) (success)
Tactic call close-abstract-regression-cubic ran for 0.046 secs (0.046u,0.s)
Params: n= 250
Tactic call refine-regression-quadratic-regression-linear ran for 0.001 secs (0.001u,0.s) (success)
Tactic call pose-build-and-refine-regression-cubic ran for 0.034 secs (0.033u,0.s) (success)
Tactic call fast_rewrite-regression-cubic ran for 0.034 secs (0.034u,0.s) (success)
Tactic call abstract-regression-cubic ran for 0.119 secs (0.119u,0.s) (success)
Tactic call close-abstract-regression-cubic ran for 0.085 secs (0.085u,0.s)
Params: n= 300
Tactic call refine-regression-quadratic-regression-linear ran for 0.002 secs (0.002u,0.s) (success)
Tactic call pose-build-and-refine-regression-cubic ran for 0.046 secs (0.046u,0.s) (success)
Tactic call fast_rewrite-regression-cubic ran for 0.046 secs (0.046u,0.s) (success)
Tactic call abstract-regression-cubic ran for 0.188 secs (0.188u,0.s) (success)
Tactic call close-abstract-regression-cubic ran for 0.141 secs (0.141u,0.s)
Params: n= 350
Tactic call refine-regression-quadratic-regression-linear ran for 0.002 secs (0.002u,0.s) (success)
Tactic call pose-build-and-refine-regression-cubic ran for 0.062 secs (0.062u,0.s) (success)
Tactic call fast_rewrite-regression-cubic ran for 0.062 secs (0.062u,0.s) (success)
Tactic call abstract-regression-cubic ran for 0.285 secs (0.285u,0.s) (success)
Tactic call close-abstract-regression-cubic ran for 0.222 secs (0.222u,0.s)
Params: n= 400
Tactic call refine-regression-quadratic-regression-linear ran for 0.003 secs (0.003u,0.s) (success)
Tactic call pose-build-and-refine-regression-cubic ran for 0.078 secs (0.078u,0.s) (success)
Tactic call fast_rewrite-regression-cubic ran for 0.078 secs (0.078u,0.s) (success)
Tactic call abstract-regression-cubic ran for 0.379 secs (0.379u,0.s) (success)
Tactic call close-abstract-regression-cubic ran for 0.3 secs (0.3u,0.s)
